
drift-diffusion model for sz
AK = 
 [[ 2.18481e-08-7.90991e-23j -3.70028e-14-5.33978e-17j]
 [-3.70028e-14-5.37692e-17j  2.10699e-06+1.94989e-09j]]
BK = 
 [[-1.69364e-06-2.46174e-09j  6.96637e-02+5.44735e-05j]
 [ 6.96637e-02+5.44735e-05j -2.51931e-07-3.31881e-10j]]
ldiff_RR_z (from CK) in micro-meter =  [-17.18388  17.17978]
vx2_sz =  (0.0696637061469889+5.447353380088938e-05j)
taupvsz_inv =  (3.0245194604769978e-05+4.339836076944597e-09j)
vx2_sz * taupvsz_inv =  (2.1069921128989824e-06+1.949891695807784e-09j)
ldiff_DD_z in micro-meter =  17.18182647924922

drift-diffusion model for sx
AK = 
 [[ 1.51594e-08-2.13061e-08j -9.17174e-15-3.39837e-14j]
 [-9.17153e-15-3.39839e-14j  2.11014e-06+6.87121e-10j]]
BK = 
 [[8.55609e-07-1.03924e-06j 6.97264e-02+6.13640e-05j]
 [6.97264e-02+6.13640e-05j 6.68802e-08+1.09691e-04j]]
ldiff_RR_x (from CK) in micro-meter =  [ 17.68327 -17.67823]
vx2_sx =  (0.06972636951471008+6.136402611970105e-05j)
taupvsx_inv =  (3.0263086555873046e-05-1.677907553181956e-08j)
vx2_sx * taupvsx_inv =  (2.110136185482088e-06+6.871208132304861e-10j)
ldiff_DD_x in micro-meter =  17.68075073938436

drift-diffusion model for sy
AK = 
 [[ 1.51594e-08+2.13061e-08j -9.49600e-15+3.36382e-14j]
 [-9.49597e-15+3.36381e-14j  2.10026e-06+3.32430e-09j]]
BK = 
 [[8.37642e-07+1.04168e-06j 6.95624e-02+4.89501e-05j]
 [6.95624e-02+4.89501e-05j 1.11898e-07-1.09696e-04j]]
ldiff_RR_y (from CK) in micro-meter =  [ 17.67735 -17.67235]
vx2_sy =  (0.06956243263025617+4.895007556955151e-05j)
taupvsy_inv =  (3.0192459545994064e-05+2.6542725540247196e-08j)
vx2_sy * taupvsy_inv =  (2.100259633841526e-06+3.3242997336238617e-09j)
ldiff_DD_y in micro-meter =  17.67484770990219

sx-sz coupling
AK = 
 [[ 1.51594e-08-2.13061e-08j  3.40873e-19+1.94525e-19j
  -9.17174e-15-3.39837e-14j  1.81451e-10-6.24134e-11j]
 [ 4.37909e-19+7.72119e-19j  2.18481e-08-7.81389e-23j
  -1.30490e-10+9.28741e-11j -3.70028e-14-5.33978e-17j]
 [-9.17153e-15-3.39839e-14j  1.30383e-10+9.32984e-11j
   2.11014e-06+6.87121e-10j -6.28957e-10-1.27439e-10j]
 [ 2.91404e-14+1.91694e-10j -3.70028e-14-5.37692e-17j
  -9.52823e-10+8.48261e-10j  2.10699e-06+1.94989e-09j]]
BK = 
 [[ 8.55609e-07-1.03924e-06j  5.96771e-03+4.27032e-03j
   6.97264e-02+6.13640e-05j -1.47601e-05+6.94422e-06j]
 [-5.97261e-03+4.25090e-03j -1.69364e-06-2.46174e-09j
  -1.81293e-05+2.68087e-06j  6.96637e-02+5.44735e-05j]
 [ 6.97264e-02+6.13640e-05j -1.47601e-05+6.94422e-06j
   6.68802e-08+1.09691e-04j  8.01449e-04+5.73560e-04j]
 [-1.81293e-05+2.68087e-06j  6.96637e-02+5.44735e-05j
  -8.02116e-04+5.70895e-04j -2.51931e-07-3.31881e-10j]]
CK = 
 [[-4.82082e-10-3.40516e-10j -1.73549e-09-1.23567e-09j
   3.02182e-05-1.67951e-08j -5.52805e-09-7.57947e-10j]
 [-7.18762e-12-2.54461e-09j  6.08153e-13-1.15805e-12j
  -5.78924e-09+1.09886e-08j  3.02003e-05+4.26235e-09j]
 [ 2.16989e-07-3.05541e-07j  6.62069e-11-3.12711e-11j
   1.16075e-09-7.85214e-10j -2.58353e-06-1.84857e-06j]
 [-1.74673e-11-8.76899e-11j  3.13398e-07-2.45112e-10j
   2.58641e-06-1.84605e-06j -5.30071e-10-1.07726e-10j]]
ldiff_xz (from CK) in micro-meter =  [-20.31618 -20.03024  20.31585  20.02942]
T1xinv =  (1.5159395546883567e-08-2.1306141574172e-08j)
T1zinv =  (2.1848097591502995e-08-1.9312134893319003e-19j)
vx2_sx * taupvsx_inv =  (2.110136185482088e-06+6.871208132304861e-10j)
vx2_sz * taupvsz_inv =  (2.1069921128989824e-06+1.949891695807784e-09j)
vxz =  (0.005967709272196589+0.004270321699437363j)
vzx =  (-0.0059726117672765505+0.004250902226685578j)
vxz0 =  (-1.0203265440029615e-05+2.3952441253165507e-05j)
vzx0 =  (-7.1802548400644475e-06-1.673754316830871e-05j)
T1xinv vxz =  (1.8145094406150396e-10-6.241336287270846e-11j)
T1zinv vzx =  (-1.304902047667963e-10+9.287412670171734e-11j)
T1zinv vxz =  (1.3038309457749308e-10+9.329840523526793e-11j)
T1xinv vzx =  (2.91404316093955e-14+1.9169442016661463e-10j)
AK_appr = 
 [[1.51594e-08-2.13061e-08j 0.00000e+00+0.00000e+00j
  0.00000e+00+0.00000e+00j 0.00000e+00+0.00000e+00j]
 [0.00000e+00+0.00000e+00j 2.18481e-08-1.93121e-19j
  0.00000e+00+0.00000e+00j 0.00000e+00+0.00000e+00j]
 [0.00000e+00+0.00000e+00j 0.00000e+00+0.00000e+00j
  2.11014e-06+6.87121e-10j 0.00000e+00+0.00000e+00j]
 [0.00000e+00+0.00000e+00j 0.00000e+00+0.00000e+00j
  0.00000e+00+0.00000e+00j 2.10699e-06+1.94989e-09j]]
BK_appr = 
 [[ 0.     +0.00000e+00j  0.00597+4.27032e-03j  0.06973+6.13640e-05j
   0.     +0.00000e+00j]
 [-0.00597+4.25090e-03j  0.     +0.00000e+00j  0.     +0.00000e+00j
   0.06966+5.44735e-05j]
 [ 0.06973+6.13640e-05j  0.     +0.00000e+00j  0.     +0.00000e+00j
   0.     +0.00000e+00j]
 [ 0.     +0.00000e+00j  0.06966+5.44735e-05j  0.     +0.00000e+00j
   0.     +0.00000e+00j]]
1 / vx2_sx =  (14.341765281038168-0.01262174505045155j)
1 / vx2_sz =  (14.354668217688877-0.011224632561278482j)
vxz / vx2_sx / vx2_sz =  (1.2300402564293933+0.8770940755646511j)
vzx / vx2_sx / vx2_sz =  (-1.2281338995933229+0.8771816907836414j)
BK_appr_inv = 
 [[ 0.     +0.j      -0.     +0.j      14.34177-0.01262j  0.     +0.j     ]
 [ 0.     +0.j      -0.     +0.j       0.     +0.j      14.35467-0.01122j]
 [14.34177-0.01262j -0.     +0.j       0.     +0.j      -1.23004-0.87709j]
 [ 0.     +0.j      14.35467-0.01122j  1.22813-0.87718j  0.     +0.j     ]]
CK_appr = 
 [[ 0.00000e+00+0.00000e+00j  0.00000e+00+0.00000e+00j
   3.02631e-05-1.67791e-08j  0.00000e+00+0.00000e+00j]
 [ 0.00000e+00+0.00000e+00j  0.00000e+00+0.00000e+00j
   0.00000e+00+0.00000e+00j  3.02452e-05+4.33984e-09j]
 [ 2.17144e-07-3.05759e-07j  0.00000e+00+0.00000e+00j
   0.00000e+00+0.00000e+00j -2.58997e-06-1.85043e-06j]
 [ 0.00000e+00+0.00000e+00j  3.13622e-07-2.45237e-10j
   2.59213e-06-1.85013e-06j  0.00000e+00+0.00000e+00j]]
lambda_appr_xz =  [ 2.60595e-06-2.66447e-06j  2.64324e-06+8.73798e-07j
 -2.60595e-06+2.66447e-06j -2.64324e-06-8.73798e-07j]
ldiff_xz (from CK_appr) in micro-meter =  [ 20.30646  20.02    -20.30646 -20.02   ]
b =  (-5.914779775123883e-12+9.26768031235703e-12j)
c =  (6.222904771976948e-23-8.784627053379587e-23j)
b*b - 4*c =  (-2.998214694629135e-22+2.417525059874972e-22j)
sqrt(b*b - 4*c) =  (6.531623124964684e-12+1.8506311628995307e-11j)
E2_plus =  (6.223201450044284e-12+4.619315658319138e-12j)
E2_minus =  (-3.084216749204006e-13-1.3886995970676169e-11j)

sy-sz coupling
AK = 
 [[ 1.51594e-08+2.13061e-08j -5.80780e-20+4.89938e-19j
  -9.49599e-15+3.36382e-14j  1.76455e-10+7.53820e-11j]
 [-2.60062e-19-8.35456e-19j  2.18481e-08-7.81389e-23j
  -1.36391e-10-8.39735e-11j -3.70028e-14-5.33978e-17j]
 [-9.49597e-15+3.36381e-14j  1.36792e-10-8.36153e-11j
   2.10026e-06+3.32430e-09j  7.90107e-10-7.33919e-10j]
 [-1.27450e-11-1.91273e-10j -3.70028e-14-5.37692e-17j
   8.30754e-10+2.32047e-10j  2.10699e-06+1.94989e-09j]]
BK = 
 [[ 8.37642e-07+1.04168e-06j  6.26105e-03-3.82712e-03j
   6.95624e-02+4.89501e-05j  4.41324e-06-1.89294e-05j]
 [-6.24270e-03-3.84351e-03j -1.69364e-06-2.46174e-09j
   5.47521e-06+1.19077e-05j  6.96637e-02+5.44735e-05j]
 [ 6.95624e-02+4.89501e-05j  4.41324e-06-1.89294e-05j
   1.11898e-07-1.09696e-04j  8.40855e-04-5.13997e-04j]
 [ 5.47521e-06+1.19077e-05j  6.96637e-02+5.44735e-05j
  -8.38380e-04-5.16227e-04j -2.51931e-07-3.31881e-10j]]
CK = 
 [[-4.82610e-10+3.44453e-10j -1.81935e-09+1.11789e-09j
   3.01475e-05+2.64263e-08j  6.78908e-09-6.60620e-09j]
 [ 1.75598e-10+2.55116e-09j  6.74682e-14+1.10201e-12j
   9.54117e-09-1.82816e-09j  3.02002e-05+4.28479e-09j]
 [ 2.17984e-07+3.05915e-07j -1.97842e-11+8.52298e-11j
  -1.74396e-09+8.68529e-10j -2.71473e-06+1.66413e-06j]
 [-2.71345e-11-5.69799e-11j  3.13397e-07-2.45266e-10j
   2.69946e-06+1.66236e-06j  2.20445e-09+1.15261e-10j]]
ldiff_yz (from CK) in micro-meter =  [ 20.33316  20.01464 -20.33274 -20.01488]
T1yinv =  (1.5159395547271164e-08+2.1306141573920247e-08j)
T1zinv =  (2.1848097591502995e-08-1.9312134893319003e-19j)
vx2_sy * taupvsy_inv =  (2.100259633841526e-06+3.3242997336238617e-09j)
vx2_sz * taupvsz_inv =  (2.1069921128989824e-06+1.949891695807784e-09j)
vyz =  (0.006261050654365092-0.00382711932921274j)
vzy =  (-0.006242695135028159-0.0038435138454851977j)
vyz0 =  (-1.5050541808694027e-06-8.247507059476264e-06j)
vzy0 =  (-1.5598148091554697e-05-3.642617413648101e-06j)
T1xinv vyz =  (1.3372597159137796e-11-1.9141564736162454e-10j)
T1zinv vzy =  (-1.3639101254483846e-10-8.397346558924796e-11j)
T1zinv vyz =  (1.3679204572117314e-10-8.361527660017656e-11j)
T1xinv vzy =  (-1.7652593496469546e-10+7.474239967767112e-11j)
AK_appr = 
 [[1.51594e-08+2.13061e-08j 0.00000e+00+0.00000e+00j
  0.00000e+00+0.00000e+00j 0.00000e+00+0.00000e+00j]
 [0.00000e+00+0.00000e+00j 2.18481e-08-1.93121e-19j
  0.00000e+00+0.00000e+00j 0.00000e+00+0.00000e+00j]
 [0.00000e+00+0.00000e+00j 0.00000e+00+0.00000e+00j
  2.10026e-06+3.32430e-09j 0.00000e+00+0.00000e+00j]
 [0.00000e+00+0.00000e+00j 0.00000e+00+0.00000e+00j
  0.00000e+00+0.00000e+00j 2.10699e-06+1.94989e-09j]]
BK_appr = 
 [[ 0.     +0.00000e+00j  0.00626-3.82712e-03j  0.06956+4.89501e-05j
   0.     +0.00000e+00j]
 [-0.00624-3.84351e-03j  0.     +0.00000e+00j  0.     +0.00000e+00j
   0.06966+5.44735e-05j]
 [ 0.06956+4.89501e-05j  0.     +0.00000e+00j  0.     +0.00000e+00j
   0.     +0.00000e+00j]
 [ 0.     +0.00000e+00j  0.06966+5.44735e-05j  0.     +0.00000e+00j
   0.     +0.00000e+00j]]
1 / vx2_sy =  (14.375568349402505-0.010115879080865232j)
1 / vx2_sz =  (14.354668217688877-0.011224632561278482j)
vyz / vx2_sy / vx2_sz =  (1.2908345945740491-0.7916700230577471j)
vzy / vx2_sy / vx2_sz =  (-1.2893984059853585-0.7912198560692547j)
BK_appr_inv = 
 [[ 0.     +0.j      -0.     +0.j      14.37557-0.01012j  0.     +0.j     ]
 [ 0.     +0.j      -0.     +0.j       0.     +0.j      14.35467-0.01122j]
 [14.37557-0.01012j -0.     +0.j       0.     +0.j      -1.29083+0.79167j]
 [ 0.     +0.j      14.35467-0.01122j  1.2894 +0.79122j  0.     +0.j     ]]
CK_appr = 
 [[ 0.00000e+00+0.00000e+00j  0.00000e+00+0.00000e+00j
   3.01925e-05+2.65427e-08j  0.00000e+00+0.00000e+00j]
 [ 0.00000e+00+0.00000e+00j  0.00000e+00+0.00000e+00j
   0.00000e+00+0.00000e+00j  3.02452e-05+4.33984e-09j]
 [ 2.18140e-07+3.06135e-07j  0.00000e+00+0.00000e+00j
   0.00000e+00+0.00000e+00j -2.72132e-06+1.66553e-06j]
 [ 0.00000e+00+0.00000e+00j  3.13622e-07-2.45237e-10j
   2.70544e-06+1.66605e-06j  0.00000e+00+0.00000e+00j]]
lambda_appr_yz =  [-2.60378e-06-2.66094e-06j -2.64524e-06+8.77462e-07j
  2.60378e-06+2.66094e-06j  2.64524e-06-8.77462e-07j]
ldiff_yz (from CK_appr) in micro-meter =  [-20.32344 -20.00486  20.32344  20.00486]
b =  (-5.926405498267412e-12-9.214802050452078e-12j)
c =  (6.245273664125217e-23+8.768973550462437e-23j)
b*b - 4*c =  (-2.996012412641303e-22-2.4153763494400745e-22j)
sqrt(b*b - 4*c) =  (6.528327448472693e-12-1.8499197294439892e-11j)
E2_plus =  (6.227366473370053e-12-4.642197621993907e-12j)
E2_minus =  (-3.009609751026404e-13+1.3856999672445985e-11j)

sx-sy coupling
AK = 
 [[ 1.51594e-08-2.13061e-08j -6.05442e-19-1.08161e-18j
  -9.17174e-15-3.39837e-14j  2.27968e-14-8.58429e-17j]
 [ 3.52320e-19+1.16034e-18j  1.51594e-08+2.13061e-08j
   2.27963e-14+1.51615e-16j -9.49599e-15+3.36382e-14j]
 [-9.17153e-15-3.39839e-14j -7.39193e-15+2.15652e-14j
   2.11014e-06+6.87121e-10j  4.13995e-10+1.02356e-09j]
 [-7.32969e-15-2.15862e-14j -9.49597e-15+3.36381e-14j
   4.54317e-10-1.02085e-09j  2.10026e-06+3.32430e-09j]]
BK = 
 [[ 8.55609e-07-1.03924e-06j  5.08096e-07+7.08449e-07j
   6.97264e-02+6.13640e-05j -1.03019e-05-2.41888e-05j]
 [ 5.10128e-07-7.06977e-07j  8.37642e-07+1.04168e-06j
  -1.00423e-05+2.40877e-05j  6.95624e-02+4.89501e-05j]
 [ 6.97264e-02+6.13640e-05j -1.03019e-05-2.41888e-05j
   6.68802e-08+1.09691e-04j  1.01259e-07+4.07357e-08j]
 [-1.00423e-05+2.40877e-05j  6.95624e-02+4.89501e-05j
   1.01577e-07-4.05493e-08j  1.11898e-07-1.09696e-04j]]
CK = 
 [[-4.81651e-10-3.41374e-10j -2.44616e-13-2.63135e-13j
   3.02631e-05-1.67784e-08j  1.04107e-08+2.51489e-08j]
 [-2.43552e-13+2.62956e-13j -4.83001e-10+3.44325e-10j
   1.08760e-08-2.51651e-08j  3.01925e-05+2.65422e-08j]
 [ 2.17144e-07-3.05759e-07j -7.38581e-11+1.20973e-10j
  -3.71316e-10+4.51144e-10j -2.20086e-10-3.07115e-10j]
 [-7.46057e-11-1.19282e-10j  2.18140e-07+3.06135e-07j
  -2.21621e-10+3.08185e-10j -3.64092e-10-4.51750e-10j]]
ldiff_xy (from CK) in micro-meter =  [-17.67823  17.68327 -17.67234  17.67735]
T1xinv =  (1.5159395546883567e-08-2.1306141574172e-08j)
T1yinv =  (1.5159395547271164e-08+2.1306141573920247e-08j)
vx2_sx * taupvsx_inv =  (2.110136185482088e-06+6.871208132304861e-10j)
vx2_sy * taupvsz_inv =  (2.103929099647995e-06+1.782394116248096e-09j)
vxy =  (5.080959159393917e-07+7.084486825345236e-07j)
vyx =  (5.101282617139737e-07-7.069765866404769e-07j)
vxy0 =  (0.0026235556497568916-0.0016142371917088276j)
vyx0 =  (-0.0026209178332950176-0.001609333481048703j)
T1xinv vxy =  (2.2796734893597535e-14-8.590971505388857e-17j)
T1zinv vyx =  (2.2796179343572888e-14+1.5152724539315094e-16j)
T1zinv vxy =  (-7.391880962259562e-15+2.1565217321619342e-14j)
T1xinv vyx =  (-7.329707145620611e-15-2.1586202684332782e-14j)
AK_appr = 
 [[1.51594e-08-2.13061e-08j 0.00000e+00+0.00000e+00j
  0.00000e+00+0.00000e+00j 0.00000e+00+0.00000e+00j]
 [0.00000e+00+0.00000e+00j 1.51594e-08+2.13061e-08j
  0.00000e+00+0.00000e+00j 0.00000e+00+0.00000e+00j]
 [0.00000e+00+0.00000e+00j 0.00000e+00+0.00000e+00j
  2.11014e-06+6.87121e-10j 0.00000e+00+0.00000e+00j]
 [0.00000e+00+0.00000e+00j 0.00000e+00+0.00000e+00j
  0.00000e+00+0.00000e+00j 2.10026e-06+3.32430e-09j]]
BK_appr = 
 [[0.00000e+00+0.00000e+00j 5.08096e-07+7.08449e-07j
  6.97264e-02+6.13640e-05j 0.00000e+00+0.00000e+00j]
 [5.10128e-07-7.06977e-07j 0.00000e+00+0.00000e+00j
  0.00000e+00+0.00000e+00j 6.95624e-02+4.89501e-05j]
 [6.97264e-02+6.13640e-05j 0.00000e+00+0.00000e+00j
  0.00000e+00+0.00000e+00j 0.00000e+00+0.00000e+00j]
 [0.00000e+00+0.00000e+00j 6.95624e-02+4.89501e-05j
  0.00000e+00+0.00000e+00j 0.00000e+00+0.00000e+00j]]
1 / vx2_sx =  (14.341765281038168-0.01262174505045155j)
1 / vx2_sy =  (14.375568349402505-0.010115879080865232j)
vxy / vx2_sx / vx2_sy =  (0.00010498591768051191+0.00014589559636015744j)
vyx / vx2_sx / vx2_sy =  (0.00010494275746025476-0.00014592456798502885j)
BK_appr_inv = 
 [[ 0.00000e+00+0.j      -0.00000e+00+0.j       1.43418e+01-0.01262j
   0.00000e+00+0.j     ]
 [ 0.00000e+00+0.j      -0.00000e+00+0.j       0.00000e+00+0.j
   1.43756e+01-0.01012j]
 [ 1.43418e+01-0.01262j -0.00000e+00+0.j       0.00000e+00+0.j
  -1.04986e-04-0.00015j]
 [ 0.00000e+00+0.j       1.43756e+01-0.01012j -1.04943e-04+0.00015j
   0.00000e+00+0.j     ]]
CK_appr = 
 [[ 0.00000e+00+0.00000e+00j  0.00000e+00+0.00000e+00j
   3.02631e-05-1.67791e-08j  0.00000e+00+0.00000e+00j]
 [ 0.00000e+00+0.00000e+00j  0.00000e+00+0.00000e+00j
   0.00000e+00+0.00000e+00j  3.01925e-05+2.65427e-08j]
 [ 2.17144e-07-3.05759e-07j  0.00000e+00+0.00000e+00j
   0.00000e+00+0.00000e+00j -2.20013e-10-3.06768e-10j]
 [ 0.00000e+00+0.00000e+00j  2.18140e-07+3.06135e-07j
  -2.21544e-10+3.07849e-10j  0.00000e+00+0.00000e+00j]]
lambda_appr_xy =  [-2.99296e-06+1.54644e-06j  2.99296e-06-1.54644e-06j
  2.99396e-06+1.54457e-06j -2.99396e-06-1.54457e-06j]
ldiff_xy (from CK_appr) in micro-meter =  [-17.68075  17.68075  17.67485 -17.67485]
b =  (-1.3144375788956971e-11+8.110268375993849e-15j)
c =  (1.2880790969479817e-22-1.6217917724810623e-25j)
b*b - 4*c =  (-3.424570896743276e-22+4.355078784257111e-25j)
sqrt(b*b - 4*c) =  (1.1766921377218236e-14+1.85055999128579e-11j)
E2_plus =  (6.578071355167095e-12+9.248744822240954e-12j)
E2_minus =  (6.566304433789876e-12-9.256855090616947e-12j)

sx-sy-sz coupling
AK = 
 [[ 1.51594e-08-2.13061e-08j -6.05442e-19-1.08161e-18j
   3.40873e-19+1.94525e-19j -9.17174e-15-3.39837e-14j
   2.27968e-14-8.58429e-17j  1.81451e-10-6.24134e-11j]
 [ 3.52320e-19+1.16034e-18j  1.51594e-08+2.13061e-08j
  -5.80781e-20+4.89938e-19j  2.27963e-14+1.51615e-16j
  -9.49600e-15+3.36382e-14j  1.76455e-10+7.53820e-11j]
 [ 4.37909e-19+7.72119e-19j -2.60062e-19-8.35455e-19j
   2.18481e-08-7.81793e-23j -1.30490e-10+9.28741e-11j
  -1.36391e-10-8.39735e-11j -3.70028e-14-5.33978e-17j]
 [-9.17153e-15-3.39839e-14j -7.39193e-15+2.15652e-14j
   1.30383e-10+9.32984e-11j  2.11014e-06+6.87121e-10j
   4.13995e-10+1.02356e-09j -6.28957e-10-1.27439e-10j]
 [-7.32969e-15-2.15862e-14j -9.49597e-15+3.36381e-14j
   1.36792e-10-8.36153e-11j  4.54317e-10-1.02085e-09j
   2.10026e-06+3.32430e-09j  7.90107e-10-7.33919e-10j]
 [ 2.91404e-14+1.91694e-10j -1.27450e-11-1.91273e-10j
  -3.70028e-14-5.37692e-17j -9.52823e-10+8.48261e-10j
   8.30754e-10+2.32047e-10j  2.10699e-06+1.94989e-09j]]
BK = 
 [[ 8.55609e-07-1.03924e-06j  5.08096e-07+7.08449e-07j
   5.96771e-03+4.27032e-03j  6.97264e-02+6.13640e-05j
  -1.03019e-05-2.41888e-05j -1.47601e-05+6.94422e-06j]
 [ 5.10128e-07-7.06977e-07j  8.37642e-07+1.04168e-06j
   6.26105e-03-3.82712e-03j -1.00423e-05+2.40877e-05j
   6.95624e-02+4.89501e-05j  4.41324e-06-1.89294e-05j]
 [-5.97261e-03+4.25090e-03j -6.24270e-03-3.84351e-03j
  -1.69364e-06-2.46174e-09j -1.81293e-05+2.68087e-06j
   5.47521e-06+1.19077e-05j  6.96637e-02+5.44735e-05j]
 [ 6.97264e-02+6.13640e-05j -1.03019e-05-2.41888e-05j
  -1.47601e-05+6.94422e-06j  6.68802e-08+1.09691e-04j
   1.01259e-07+4.07357e-08j  8.01449e-04+5.73560e-04j]
 [-1.00423e-05+2.40877e-05j  6.95624e-02+4.89501e-05j
   4.41324e-06-1.89294e-05j  1.01577e-07-4.05493e-08j
   1.11898e-07-1.09696e-04j  8.40855e-04-5.13997e-04j]
 [-1.81293e-05+2.68087e-06j  5.47521e-06+1.19077e-05j
   6.96637e-02+5.44735e-05j -8.02116e-04+5.70895e-04j
  -8.38380e-04-5.16227e-04j -2.51931e-07-3.31881e-10j]]
CK = 
 [[-4.82081e-10-3.40518e-10j -4.69593e-13+9.15321e-13j
  -1.73357e-09-1.23429e-09j  3.02182e-05-1.67952e-08j
  -6.97435e-09-1.61415e-08j -5.54209e-09-7.70845e-10j]
 [ 9.47278e-13+1.57189e-12j -4.82610e-10+3.44453e-10j
  -1.81732e-09+1.11666e-09j -6.71665e-09+1.62624e-08j
   3.01476e-05+2.64263e-08j  6.81467e-09-6.61866e-09j]
 [-7.19859e-12-2.54281e-09j  1.75483e-10+2.54937e-09j
   7.44247e-14-5.52705e-14j -5.78421e-09+1.09865e-08j
   9.52869e-09-1.83619e-09j  3.01554e-05+4.20777e-09j]
 [ 2.16989e-07-3.05541e-07j  6.70964e-11-1.08188e-10j
   6.62647e-11-3.12944e-11j  1.16026e-09-7.85033e-10j
  -4.11319e-10-6.49937e-10j -2.58067e-06-1.84652e-06j]
 [ 6.61788e-11+1.09178e-10j  2.17984e-07+3.05915e-07j
  -1.96830e-11+8.52373e-11j  3.32178e-11-1.80021e-10j
  -1.74211e-09+8.68289e-10j -2.71171e-06+1.66230e-06j]
 [-1.74555e-11-8.75168e-11j -2.71056e-11-5.69037e-11j
   3.13174e-07-2.45140e-10j  2.58491e-06-1.84497e-06j
   2.69788e-06+1.66141e-06j  9.40868e-10+7.03349e-12j]]
ldiff_xyz (from CK) in micro-meter =  [-23.62128 -19.17689 -23.6463   23.61976  23.64586  19.18239]
vij = 
 [[ 8.55609e-07-1.03924e-06j  5.08096e-07+7.08449e-07j
   5.96771e-03+4.27032e-03j]
 [ 5.10128e-07-7.06977e-07j  8.37642e-07+1.04168e-06j
   6.26105e-03-3.82712e-03j]
 [-5.97261e-03+4.25090e-03j -6.24270e-03-3.84351e-03j
  -1.69364e-06-2.46174e-09j]]
vij0 =  [[ 3.56271e-07-2.96951e-07j  2.62356e-03-1.61424e-03j
  -1.02033e-05+2.39524e-05j]
 [-2.62359e-03-1.60846e-03j -7.09664e-07+8.60221e-11j
  -1.50505e-06-8.24751e-06j]
 [-7.19619e-06-1.67424e-05j -1.56099e-05-3.63388e-06j
  -6.63993e-08+8.37078e-06j]]
AK_appr = 
 [[1.51594e-08-2.13061e-08j 0.00000e+00+0.00000e+00j
  0.00000e+00+0.00000e+00j 0.00000e+00+0.00000e+00j
  0.00000e+00+0.00000e+00j 0.00000e+00+0.00000e+00j]
 [0.00000e+00+0.00000e+00j 1.51594e-08+2.13061e-08j
  0.00000e+00+0.00000e+00j 0.00000e+00+0.00000e+00j
  0.00000e+00+0.00000e+00j 0.00000e+00+0.00000e+00j]
 [0.00000e+00+0.00000e+00j 0.00000e+00+0.00000e+00j
  2.18481e-08-1.93121e-19j 0.00000e+00+0.00000e+00j
  0.00000e+00+0.00000e+00j 0.00000e+00+0.00000e+00j]
 [0.00000e+00+0.00000e+00j 0.00000e+00+0.00000e+00j
  0.00000e+00+0.00000e+00j 2.11014e-06+6.87121e-10j
  0.00000e+00+0.00000e+00j 0.00000e+00+0.00000e+00j]
 [0.00000e+00+0.00000e+00j 0.00000e+00+0.00000e+00j
  0.00000e+00+0.00000e+00j 0.00000e+00+0.00000e+00j
  2.10026e-06+3.32430e-09j 0.00000e+00+0.00000e+00j]
 [0.00000e+00+0.00000e+00j 0.00000e+00+0.00000e+00j
  0.00000e+00+0.00000e+00j 0.00000e+00+0.00000e+00j
  0.00000e+00+0.00000e+00j 2.10699e-06+1.94989e-09j]]
BK_appr = 
 [[ 0.00000e+00+0.00000e+00j  5.08096e-07+7.08449e-07j
   5.96771e-03+4.27032e-03j  6.97264e-02+6.13640e-05j
   0.00000e+00+0.00000e+00j  0.00000e+00+0.00000e+00j]
 [ 5.10128e-07-7.06977e-07j  0.00000e+00+0.00000e+00j
   6.26105e-03-3.82712e-03j  0.00000e+00+0.00000e+00j
   6.95624e-02+4.89501e-05j  0.00000e+00+0.00000e+00j]
 [-5.97261e-03+4.25090e-03j -6.24270e-03-3.84351e-03j
   0.00000e+00+0.00000e+00j  0.00000e+00+0.00000e+00j
   0.00000e+00+0.00000e+00j  6.96637e-02+5.44735e-05j]
 [ 6.97264e-02+6.13640e-05j  0.00000e+00+0.00000e+00j
   0.00000e+00+0.00000e+00j  0.00000e+00+0.00000e+00j
   0.00000e+00+0.00000e+00j  0.00000e+00+0.00000e+00j]
 [ 0.00000e+00+0.00000e+00j  6.95624e-02+4.89501e-05j
   0.00000e+00+0.00000e+00j  0.00000e+00+0.00000e+00j
   0.00000e+00+0.00000e+00j  0.00000e+00+0.00000e+00j]
 [ 0.00000e+00+0.00000e+00j  0.00000e+00+0.00000e+00j
   6.96637e-02+5.44735e-05j  0.00000e+00+0.00000e+00j
   0.00000e+00+0.00000e+00j  0.00000e+00+0.00000e+00j]]
BK_appr_inv = 
 [[ 0.00000e+00+0.00000e+00j  0.00000e+00+0.00000e+00j
  -0.00000e+00+0.00000e+00j  1.43418e+01-1.26217e-02j
   0.00000e+00+0.00000e+00j  0.00000e+00+0.00000e+00j]
 [ 0.00000e+00+0.00000e+00j  0.00000e+00+0.00000e+00j
  -0.00000e+00+0.00000e+00j  0.00000e+00+0.00000e+00j
   1.43756e+01-1.01159e-02j  0.00000e+00+0.00000e+00j]
 [ 0.00000e+00+0.00000e+00j  0.00000e+00+0.00000e+00j
  -0.00000e+00+0.00000e+00j  0.00000e+00+0.00000e+00j
   0.00000e+00+0.00000e+00j  1.43547e+01-1.12246e-02j]
 [ 1.43418e+01-1.26217e-02j  0.00000e+00+0.00000e+00j
  -0.00000e+00+0.00000e+00j  0.00000e+00+0.00000e+00j
  -1.04986e-04-1.45896e-04j -1.23004e+00-8.77094e-01j]
 [ 0.00000e+00+0.00000e+00j  1.43756e+01-1.01159e-02j
  -0.00000e+00+0.00000e+00j -1.04943e-04+1.45925e-04j
   0.00000e+00+0.00000e+00j -1.29083e+00+7.91670e-01j]
 [ 0.00000e+00+0.00000e+00j  0.00000e+00+0.00000e+00j
   1.43547e+01-1.12246e-02j  1.22813e+00-8.77182e-01j
   1.28940e+00+7.91220e-01j  0.00000e+00+0.00000e+00j]]
CK_appr = 
 [[ 0.00000e+00+0.00000e+00j  0.00000e+00+0.00000e+00j
   0.00000e+00+0.00000e+00j  3.02631e-05-1.67791e-08j
   0.00000e+00+0.00000e+00j  0.00000e+00+0.00000e+00j]
 [ 0.00000e+00+0.00000e+00j  0.00000e+00+0.00000e+00j
   0.00000e+00+0.00000e+00j  0.00000e+00+0.00000e+00j
   3.01925e-05+2.65427e-08j  0.00000e+00+0.00000e+00j]
 [ 0.00000e+00+0.00000e+00j  0.00000e+00+0.00000e+00j
   0.00000e+00+0.00000e+00j  0.00000e+00+0.00000e+00j
   0.00000e+00+0.00000e+00j  3.02452e-05+4.33984e-09j]
 [ 2.17144e-07-3.05759e-07j  0.00000e+00+0.00000e+00j
   0.00000e+00+0.00000e+00j  0.00000e+00+0.00000e+00j
  -2.20013e-10-3.06768e-10j -2.58997e-06-1.85043e-06j]
 [ 0.00000e+00+0.00000e+00j  2.18140e-07+3.06135e-07j
   0.00000e+00+0.00000e+00j -2.21544e-10+3.07849e-10j
   0.00000e+00+0.00000e+00j -2.72132e-06+1.66553e-06j]
 [ 0.00000e+00+0.00000e+00j  0.00000e+00+0.00000e+00j
   3.13622e-07-2.45237e-10j  2.59213e-06-1.85013e-06j
   2.70544e-06+1.66605e-06j  0.00000e+00+0.00000e+00j]]
lambda_appr_xyz =  [ 2.23976e-06-2.76815e-06j  2.76161e-06-1.12875e-09j
  2.23733e-06+2.76209e-06j -2.23987e-06+2.76836e-06j
 -2.23744e-06-2.76230e-06j -2.76139e-06+1.12910e-09j]
ldiff_xyz (from CK_appr) in micro-meter =  [ 23.62647  19.1619   23.65216 -23.6253  -23.651   -19.16343]
