
--------------------------------------------------
diffusion length analysis for gr-bn using U of -L:
--------------------------------------------------

drift-diffusion model for sz
AK = 
 [[ 2.18481e-08-7.51700e-23j -3.70035e-14-6.09710e-20j]
 [-3.70028e-14+2.36405e-20j  5.89337e-06-6.50521e-19j]]
BK = 
 [[-1.69366e-06-3.48795e-14j  1.22956e-01+1.78677e-16j]
 [ 1.22956e-01-4.45173e-16j -2.28089e-07-4.60842e-15j]]
ldiff_RR_z (from CK) in micro-meter =  [-18.13475  18.13065]
vx2_sz =  (0.12295610761712475-4.385193278289751e-16j)
taupvsz_inv =  (4.793068694057137e-05-5.88500181717093e-18j)
vx2_sz * taupvsz_inv =  (5.89337070162761e-06-7.446154493786039e-19j)
ldiff_DD_z in micro-meter =  18.13269568018161

drift-diffusion model for sx
AK = 
 [[ 1.51594e-08-2.13061e-08j -9.33119e-15-3.38087e-14j]
 [-9.33087e-15-3.38086e-14j  5.89577e-06-2.62269e-09j]]
BK = 
 [[8.46609e-07-1.04032e-06j 1.22988e-01+3.94728e-09j]
 [1.22988e-01+3.94728e-09j 1.13252e-07+1.08661e-04j]]
ldiff_RR_x (from CK) in micro-meter =  [ 18.65416 -18.65098]
vx2_sx =  (0.12298756675392254+3.947284223352503e-09j)
taupvsx_inv =  (4.793793959134474e-05-2.132640634633414e-08j)
vx2_sx * taupvsx_inv =  (5.8957705456202e-06-2.6226935994683984e-09j)
ldiff_DD_x in micro-meter =  18.65256967806748

drift-diffusion model for sy
AK = 
 [[ 1.51594e-08+2.13061e-08j -9.33119e-15+3.38087e-14j]
 [-9.33100e-15+3.38086e-14j  5.89577e-06+2.62269e-09j]]
BK = 
 [[8.46609e-07+1.04032e-06j 1.22988e-01-3.94728e-09j]
 [1.22988e-01-3.94728e-09j 1.13252e-07-1.08661e-04j]]
ldiff_RR_y (from CK) in micro-meter =  [ 18.65416 -18.65098]
vx2_sy =  (0.12298756675392504-3.947281675796941e-09j)
taupvsy_inv =  (4.793793959134321e-05+2.1326406335377073e-08j)
vx2_sy * taupvsy_inv =  (5.895770545620131e-06+2.622693598242993e-09j)
ldiff_DD_y in micro-meter =  18.652569677974796

sx-sz coupling
AK = 
 [[ 1.51594e-08-2.13061e-08j  3.40918e-19+1.94753e-19j
  -9.33119e-15-3.38087e-14j  1.81359e-10-6.26739e-11j]
 [ 4.37928e-19+7.72102e-19j  2.18481e-08-7.48439e-23j
  -1.30357e-10+9.30624e-11j -3.70035e-14-6.09522e-20j]
 [-9.33087e-15-3.38086e-14j  1.30516e-10+9.31099e-11j
   5.89577e-06-2.62269e-09j  3.09721e-11-2.97378e-11j]
 [ 3.05054e-13+1.91695e-10j -3.70028e-14+2.36405e-20j
  -1.29766e-10-2.02372e-10j  5.89337e-06-7.42848e-19j]]
BK = 
 [[ 8.46609e-07-1.04032e-06j  5.97380e-03+4.26169e-03j
   1.22988e-01+3.94728e-09j -4.55312e-06+6.47424e-06j]
 [-5.96652e-03+4.25952e-03j -1.69366e-06-3.48745e-14j
  -6.88225e-06-9.71848e-06j  1.22956e-01+1.78018e-16j]
 [ 1.22988e-01+3.94728e-09j -4.55312e-06+6.47424e-06j
   1.13252e-07+1.08661e-04j  8.02279e-04+5.72382e-04j]
 [-6.88225e-06-9.71848e-06j  1.22956e-01-4.38887e-16j
  -8.01307e-04+5.72079e-04j -2.28089e-07-4.60829e-15j]]
CK = 
 [[-1.53309e-10-1.09061e-10j -9.78656e-11-6.98728e-11j
   4.79151e-05-2.13090e-08j  5.54566e-10-7.08515e-10j]
 [-2.60705e-13-1.43381e-10j  2.80546e-14-1.03167e-13j
   1.63066e-09+2.13902e-09j  4.79078e-05-2.06569e-12j]
 [ 1.23255e-07-1.73231e-07j  6.57433e-12-9.34980e-12j
  -3.36196e-10+6.10085e-11j -2.32552e-06-1.66058e-06j]
 [ 9.37361e-12+6.25604e-14j  1.77683e-07-3.09250e-16j
   2.32331e-06-1.66018e-06j  6.63057e-10-3.30351e-10j]]
ldiff_xz (from CK) in micro-meter =  [ 21.08299  20.77171 -21.08336 -20.77277]
T1xinv =  (1.5159395546883567e-08-2.1306141574172e-08j)
T1zinv =  (2.1848097591502995e-08-1.9312134893319003e-19j)
vx2_sx * taupvsx_inv =  (5.8957705456202e-06-2.6226935994683984e-09j)
vx2_sz * taupvsz_inv =  (5.89337070162761e-06-7.446154493786039e-19j)
vxz =  (0.005973798623674044+0.00426169168551843j)
vzx =  (-0.005966524234960942+0.004259520908031309j)
vxz0 =  (0.004454240968888944+4.944179936485355e-16j)
vzx0 =  (-0.004453577902402863-1.9812869066695526e-06j)
T1xinv vxz =  (1.8135938265083085e-10-6.267392925195423e-11j)
T1zinv vzx =  (-1.303572037666718e-10+9.306242849286775e-11j)
T1zinv vxz =  (1.305161353228398e-10+9.310985584894988e-11j)
T1xinv vzx =  (3.050545868209627e-13+1.9169537234087339e-10j)
AK_appr = 
 [[1.51594e-08-2.13061e-08j 0.00000e+00+0.00000e+00j
  0.00000e+00+0.00000e+00j 0.00000e+00+0.00000e+00j]
 [0.00000e+00+0.00000e+00j 2.18481e-08-1.93121e-19j
  0.00000e+00+0.00000e+00j 0.00000e+00+0.00000e+00j]
 [0.00000e+00+0.00000e+00j 0.00000e+00+0.00000e+00j
  5.89577e-06-2.62269e-09j 0.00000e+00+0.00000e+00j]
 [0.00000e+00+0.00000e+00j 0.00000e+00+0.00000e+00j
  0.00000e+00+0.00000e+00j 5.89337e-06-7.44615e-19j]]
BK_appr = 
 [[ 0.     +0.00000e+00j  0.00597+4.26169e-03j  0.12299+3.94728e-09j
   0.     +0.00000e+00j]
 [-0.00597+4.25952e-03j  0.     +0.00000e+00j  0.     +0.00000e+00j
   0.12296-4.38519e-16j]
 [ 0.12299+3.94728e-09j  0.     +0.00000e+00j  0.     +0.00000e+00j
   0.     +0.00000e+00j]
 [ 0.     +0.00000e+00j  0.12296-4.38519e-16j  0.     +0.00000e+00j
   0.     +0.00000e+00j]]
1 / vx2_sx =  (8.130903199352101-2.60961223703414e-07j)
1 / vx2_sz =  (8.132983544940428+2.900604570597736e-14j)
vxz / vx2_sx / vx2_sz =  (0.3950383628351592+0.2818192741543678j)
vzx / vx2_sx / vx2_sz =  (-0.39455730032177283+0.281675749233189j)
BK_appr_inv = 
 [[-0.     +0.00000e+00j  0.     -0.00000e+00j  8.1309 -2.60961e-07j
   0.     +0.00000e+00j]
 [-0.     +0.00000e+00j  0.     -0.00000e+00j  0.     +0.00000e+00j
   8.13298+2.90060e-14j]
 [ 8.1309 -2.60961e-07j  0.     -0.00000e+00j  0.     +0.00000e+00j
  -0.39504-2.81819e-01j]
 [ 0.     +0.00000e+00j  8.13298+2.90060e-14j  0.39456-2.81676e-01j
   0.     +0.00000e+00j]]
CK_appr = 
 [[ 0.00000e+00+0.00000e+00j  0.00000e+00+0.00000e+00j
   4.79379e-05-2.13264e-08j  0.00000e+00+0.00000e+00j]
 [ 0.00000e+00+0.00000e+00j  0.00000e+00+0.00000e+00j
   0.00000e+00+0.00000e+00j  4.79307e-05-5.88500e-18j]
 [ 1.23260e-07-1.73238e-07j  0.00000e+00+0.00000e+00j
   0.00000e+00+0.00000e+00j -2.32811e-06-1.66087e-06j]
 [ 0.00000e+00+0.00000e+00j  1.77690e-07-1.57002e-18j
   2.32548e-06-1.66173e-06j  0.00000e+00+0.00000e+00j]]
lambda_appr_xz =  [-2.50982e-06+2.43834e-06j -2.54790e-06-7.72929e-07j
  2.50982e-06-2.43834e-06j  2.54790e-06+7.72929e-07j]
ldiff_xz (from CK_appr) in micro-meter =  [-21.08425 -20.76915  21.08425  20.76915]
b =  (-6.248050237715767e-12+8.300933349194013e-12j)
c =  (5.029277062718205e-23-7.075181617305119e-23j)
b*b - 4*c =  (-2.310384452034695e-22+1.7927796752081596e-22j)
sqrt(b*b - 4*c) =  (5.540689300930332e-12+1.6178309031938822e-11j)
E2_plus =  (5.89436976932305e-12+3.9386878413724045e-12j)
E2_minus =  (3.536804683927176e-13-1.2239621190566418e-11j)

sy-sz coupling
AK = 
 [[ 1.51594e-08+2.13061e-08j -5.81065e-20+4.90071e-19j
  -9.33118e-15+3.38087e-14j  1.76564e-10+7.51285e-11j]
 [-2.60063e-19-8.35456e-19j  2.18481e-08-7.48439e-23j
  -1.36511e-10-8.37763e-11j -3.70035e-14-6.09522e-20j]
 [-9.33100e-15+3.38086e-14j  1.36672e-10-8.38126e-11j
   5.89577e-06+2.62269e-09j  2.88302e-11+3.18187e-11j]
 [-1.30203e-11-1.91253e-10j -3.70028e-14+2.36405e-20j
  -1.15385e-10+2.10902e-10j  5.89337e-06-7.42848e-19j]]
BK = 
 [[ 8.46609e-07+1.04032e-06j  6.25558e-03-3.83615e-03j
   1.22988e-01-3.94728e-09j -4.09209e-06-6.77507e-06j]
 [-6.24817e-03-3.83449e-03j -1.69366e-06-3.48745e-14j
  -6.19008e-06+1.01734e-05j  1.22956e-01+1.78018e-16j]
 [ 1.22988e-01-3.94728e-09j -4.09209e-06-6.77507e-06j
   1.13252e-07-1.08661e-04j  8.40124e-04-5.15232e-04j]
 [-6.19008e-06+1.01734e-05j  1.22956e-01-4.38887e-16j
  -8.39134e-04-5.14997e-04j -2.28089e-07-4.60829e-15j]]
CK = 
 [[-1.53309e-10+1.09061e-10j -1.02486e-10+6.29013e-11j
   4.79151e-05+2.13090e-08j  5.03976e-10+7.45348e-10j]
 [ 9.70623e-12+1.43053e-10j  2.80545e-14+1.03168e-13j
   1.47804e-09-2.24719e-09j  4.79078e-05+2.06568e-12j]
 [ 1.23255e-07+1.73231e-07j  5.90853e-12+9.78417e-12j
  -3.36196e-10-6.10085e-11j -2.43532e-06+1.49492e-06j]
 [ 9.34658e-12-7.13960e-13j  1.77683e-07+3.09309e-16j
   2.43309e-06+1.49467e-06j  6.63057e-10+3.30351e-10j]]
ldiff_yz (from CK) in micro-meter =  [ 21.08299  20.77171 -21.08336 -20.77277]
T1yinv =  (1.5159395547271164e-08+2.1306141573920247e-08j)
T1zinv =  (2.1848097591502995e-08-1.9312134893319003e-19j)
vx2_sy * taupvsy_inv =  (5.895770545620131e-06+2.622693598242993e-09j)
vx2_sz * taupvsz_inv =  (5.89337070162761e-06-7.446154493786039e-19j)
vyz =  (0.00625557620543289-0.003836150721016126j)
vzy =  (-0.0062481685223905285-0.0038344908300660565j)
vyz0 =  (3.90615120746904e-10+1.3132140918087546e-16j)
vzy0 =  (-3.847640271317783e-10-1.7117581594841365e-13j)
T1xinv vyz =  (1.3097183709998583e-11-1.914359184183209e-10j)
T1zinv vzy =  (-1.3651059564608587e-10-8.377632986779989e-11j)
T1zinv vyz =  (1.3667243942664091e-10-8.381259532968299e-11j)
T1xinv vzy =  (-1.7641666256475678e-10+7.499579990346844e-11j)
AK_appr = 
 [[1.51594e-08+2.13061e-08j 0.00000e+00+0.00000e+00j
  0.00000e+00+0.00000e+00j 0.00000e+00+0.00000e+00j]
 [0.00000e+00+0.00000e+00j 2.18481e-08-1.93121e-19j
  0.00000e+00+0.00000e+00j 0.00000e+00+0.00000e+00j]
 [0.00000e+00+0.00000e+00j 0.00000e+00+0.00000e+00j
  5.89577e-06+2.62269e-09j 0.00000e+00+0.00000e+00j]
 [0.00000e+00+0.00000e+00j 0.00000e+00+0.00000e+00j
  0.00000e+00+0.00000e+00j 5.89337e-06-7.44615e-19j]]
BK_appr = 
 [[ 0.     +0.00000e+00j  0.00626-3.83615e-03j  0.12299-3.94728e-09j
   0.     +0.00000e+00j]
 [-0.00625-3.83449e-03j  0.     +0.00000e+00j  0.     +0.00000e+00j
   0.12296-4.38519e-16j]
 [ 0.12299-3.94728e-09j  0.     +0.00000e+00j  0.     +0.00000e+00j
   0.     +0.00000e+00j]
 [ 0.     +0.00000e+00j  0.12296-4.38519e-16j  0.     +0.00000e+00j
   0.     +0.00000e+00j]]
1 / vx2_sy =  (8.130903199351936+2.609610552804626e-07j)
1 / vx2_sz =  (8.132983544940428+2.900604570597736e-14j)
vyz / vx2_sy / vx2_sz =  (0.41367189128997894-0.2536788870657135j)
vzy / vx2_sy / vx2_sz =  (-0.41318201602753635-0.2535691475016755j)
BK_appr_inv = 
 [[ 0.     +0.00000e+00j  0.     -0.00000e+00j  8.1309 +2.60961e-07j
   0.     +0.00000e+00j]
 [ 0.     +0.00000e+00j  0.     -0.00000e+00j  0.     +0.00000e+00j
   8.13298+2.90060e-14j]
 [ 8.1309 +2.60961e-07j  0.     -0.00000e+00j  0.     +0.00000e+00j
  -0.41367+2.53679e-01j]
 [ 0.     +0.00000e+00j  8.13298+2.90060e-14j  0.41318+2.53569e-01j
   0.     +0.00000e+00j]]
CK_appr = 
 [[ 0.00000e+00+0.00000e+00j  0.00000e+00+0.00000e+00j
   4.79379e-05+2.13264e-08j  0.00000e+00+0.00000e+00j]
 [ 0.00000e+00+0.00000e+00j  0.00000e+00+0.00000e+00j
   0.00000e+00+0.00000e+00j  4.79307e-05-5.88500e-18j]
 [ 1.23260e-07+1.73238e-07j  0.00000e+00+0.00000e+00j
   0.00000e+00+0.00000e+00j -2.43792e-06+1.49502e-06j]
 [ 0.00000e+00+0.00000e+00j  1.77690e-07-1.57002e-18j
   2.43536e-06+1.49607e-06j  0.00000e+00+0.00000e+00j]]
lambda_appr_yz =  [-2.50982e-06-2.43834e-06j -2.54790e-06+7.72929e-07j
  2.50982e-06+2.43834e-06j  2.54790e-06-7.72929e-07j]
ldiff_yz (from CK_appr) in micro-meter =  [-21.08425 -20.76915  21.08425  20.76915]
b =  (-6.2480502382166974e-12-8.300933348948302e-12j)
c =  (5.029277062975177e-23+7.075181617129869e-23j)
b*b - 4*c =  (-2.310384452034094e-22-1.7927796750856002e-22j)
sqrt(b*b - 4*c) =  (5.5406893005918856e-12-1.617830903182106e-11j)
E2_plus =  (5.894369769404291e-12-3.9386878414363785e-12j)
E2_minus =  (3.536804688124059e-13+1.223962119038468e-11j)

sx-sy coupling
AK = 
 [[ 1.51594e-08-2.13061e-08j -6.05441e-19-1.08161e-18j
  -9.33119e-15-3.38087e-14j  2.27961e-14-1.17865e-16j]
 [ 3.52118e-19+1.16031e-18j  1.51594e-08+2.13061e-08j
   2.27960e-14+1.17972e-16j -9.33118e-15+3.38087e-14j]
 [-9.33087e-15-3.38086e-14j -7.36147e-15+2.15748e-14j
   5.89577e-06-2.62269e-09j  9.85868e-10+2.31999e-09j]
 [-7.36139e-15-2.15751e-14j -9.33100e-15+3.38086e-14j
   9.85868e-10-2.31999e-09j  5.89577e-06+2.62269e-09j]]
BK = 
 [[ 8.46609e-07-1.04032e-06j  5.09077e-07+7.07713e-07j
   1.22988e-01+3.94728e-09j -6.66516e-06-1.59079e-05j]
 [ 5.09077e-07-7.07713e-07j  8.46609e-07+1.04032e-06j
  -6.66516e-06+1.59079e-05j  1.22988e-01-3.94728e-09j]
 [ 1.22988e-01+3.94728e-09j -6.66516e-06-1.59079e-05j
   1.13252e-07+1.08661e-04j  1.00577e-07+4.13928e-08j]
 [-6.66516e-06+1.59079e-05j  1.22988e-01-3.94728e-09j
   1.00577e-07-4.13928e-08j  1.13252e-07-1.08661e-04j]]
CK = 
 [[-1.53247e-10-1.09016e-10j -1.02360e-13-7.77602e-15j
   4.79379e-05-2.13261e-08j  1.06109e-08+2.50655e-08j]
 [-1.02360e-13+7.77354e-15j -1.53247e-10+1.09016e-10j
   1.06109e-08-2.50655e-08j  4.79379e-05+2.13261e-08j]
 [ 1.23260e-07-1.73238e-07j -1.57264e-11+2.53319e-11j
  -3.30120e-10+4.05400e-10j -1.98370e-10-2.76088e-10j]
 [-1.57264e-11-2.53319e-11j  1.23260e-07+1.73238e-07j
  -1.98370e-10+2.76088e-10j -3.30120e-10-4.05400e-10j]]
ldiff_xy (from CK) in micro-meter =  [-18.65098  18.65416 -18.65098  18.65416]
T1xinv =  (1.5159395546883567e-08-2.1306141574172e-08j)
T1yinv =  (1.5159395547271164e-08+2.1306141573920247e-08j)
vx2_sx * taupvsx_inv =  (5.8957705456202e-06-2.6226935994683984e-09j)
vx2_sy * taupvsz_inv =  (5.894878559665005e-06-1.8919664605093096e-13j)
vxy =  (5.090769851118259e-07+7.077130594495552e-07j)
vyx =  (5.090771483900168e-07-7.077133462983368e-07j)
vxy0 =  (1.6882794886485773e-07-4.2818830564744755e-16j)
vyx0 =  (3.268432177271743e-07+1.454044034991486e-10j)
T1xinv vxy =  (2.2795934019647753e-14-1.179641150542832e-16j)
T1zinv vyx =  (2.2795942606506335e-14+1.1796324502592222e-16j)
T1zinv vxy =  (-7.361335257022016e-15+2.1574968518982292e-14j)
T1xinv vyx =  (-7.361338893839575e-15-2.1574976346118538e-14j)
AK_appr = 
 [[1.51594e-08-2.13061e-08j 0.00000e+00+0.00000e+00j
  0.00000e+00+0.00000e+00j 0.00000e+00+0.00000e+00j]
 [0.00000e+00+0.00000e+00j 1.51594e-08+2.13061e-08j
  0.00000e+00+0.00000e+00j 0.00000e+00+0.00000e+00j]
 [0.00000e+00+0.00000e+00j 0.00000e+00+0.00000e+00j
  5.89577e-06-2.62269e-09j 0.00000e+00+0.00000e+00j]
 [0.00000e+00+0.00000e+00j 0.00000e+00+0.00000e+00j
  0.00000e+00+0.00000e+00j 5.89577e-06+2.62269e-09j]]
BK_appr = 
 [[0.00000e+00+0.00000e+00j 5.09077e-07+7.07713e-07j
  1.22988e-01+3.94728e-09j 0.00000e+00+0.00000e+00j]
 [5.09077e-07-7.07713e-07j 0.00000e+00+0.00000e+00j
  0.00000e+00+0.00000e+00j 1.22988e-01-3.94728e-09j]
 [1.22988e-01+3.94728e-09j 0.00000e+00+0.00000e+00j
  0.00000e+00+0.00000e+00j 0.00000e+00+0.00000e+00j]
 [0.00000e+00+0.00000e+00j 1.22988e-01-3.94728e-09j
  0.00000e+00+0.00000e+00j 0.00000e+00+0.00000e+00j]]
1 / vx2_sx =  (8.130903199352101-2.60961223703414e-07j)
1 / vx2_sy =  (8.130903199351936+2.609610552804626e-07j)
vxy / vx2_sx / vx2_sy =  (3.36558873080582e-05+4.678803338564238e-05j)
vyx / vx2_sx / vx2_sy =  (3.365589810263655e-05-4.678805234967191e-05j)
BK_appr_inv = 
 [[-0.00000e+00+0.00000e+00j  0.00000e+00-0.00000e+00j
   8.13090e+00-2.60961e-07j  0.00000e+00+0.00000e+00j]
 [-0.00000e+00+0.00000e+00j  0.00000e+00-0.00000e+00j
   0.00000e+00+0.00000e+00j  8.13090e+00+2.60961e-07j]
 [ 8.13090e+00-2.60961e-07j  0.00000e+00-0.00000e+00j
   0.00000e+00+0.00000e+00j -3.36559e-05-4.67880e-05j]
 [ 0.00000e+00+0.00000e+00j  8.13090e+00+2.60961e-07j
  -3.36559e-05+4.67881e-05j  0.00000e+00+0.00000e+00j]]
CK_appr = 
 [[ 0.00000e+00+0.00000e+00j  0.00000e+00+0.00000e+00j
   4.79379e-05-2.13264e-08j  0.00000e+00+0.00000e+00j]
 [ 0.00000e+00+0.00000e+00j  0.00000e+00+0.00000e+00j
   0.00000e+00+0.00000e+00j  4.79379e-05+2.13264e-08j]
 [ 1.23260e-07-1.73238e-07j  0.00000e+00+0.00000e+00j
   0.00000e+00+0.00000e+00j -1.98305e-10-2.75940e-10j]
 [ 0.00000e+00+0.00000e+00j  1.23260e-07+1.73238e-07j
  -1.98305e-10+2.75940e-10j  0.00000e+00+0.00000e+00j]]
lambda_appr_xy =  [-2.83702e-06+1.46409e-06j  2.83702e-06-1.46409e-06j
  2.83702e-06+1.46409e-06j -2.83702e-06-1.46409e-06j]
ldiff_xy (from CK_appr) in micro-meter =  [-18.65257  18.65257  18.65257 -18.65257]
b =  (-1.1810230871656504e-11+9.99723149520652e-23j)
c =  (1.0388178750634843e-22-1.8603608694983687e-33j)
b*b - 4*c =  (-2.760455967835654e-22+5.0800512372777795e-33j)
sqrt(b*b - 4*c) =  (1.528789477616362e-22+1.6614619971084663e-11j)
E2_plus =  (5.905115435904691e-12+8.307309985492345e-12j)
E2_minus =  (5.905115435751813e-12-8.307309985592318e-12j)

sx-sy-sz coupling
AK = 
 [[ 1.51594e-08-2.13061e-08j -6.05442e-19-1.08161e-18j
   3.40918e-19+1.94753e-19j -9.33119e-15-3.38087e-14j
   2.27961e-14-1.17865e-16j  1.81359e-10-6.26739e-11j]
 [ 3.52118e-19+1.16031e-18j  1.51594e-08+2.13061e-08j
  -5.81065e-20+4.90071e-19j  2.27960e-14+1.17972e-16j
  -9.33118e-15+3.38087e-14j  1.76564e-10+7.51285e-11j]
 [ 4.37928e-19+7.72102e-19j -2.60063e-19-8.35456e-19j
   2.18481e-08-7.49299e-23j -1.30357e-10+9.30624e-11j
  -1.36511e-10-8.37763e-11j -3.70035e-14-6.09593e-20j]
 [-9.33087e-15-3.38086e-14j -7.36147e-15+2.15748e-14j
   1.30516e-10+9.31099e-11j  5.89577e-06-2.62269e-09j
   9.85868e-10+2.31999e-09j  3.09721e-11-2.97378e-11j]
 [-7.36139e-15-2.15751e-14j -9.33100e-15+3.38086e-14j
   1.36672e-10-8.38126e-11j  9.85868e-10-2.31999e-09j
   5.89577e-06+2.62269e-09j  2.88302e-11+3.18187e-11j]
 [ 3.05054e-13+1.91695e-10j -1.30203e-11-1.91253e-10j
  -3.70028e-14+2.36405e-20j -1.29766e-10-2.02372e-10j
  -1.15385e-10+2.10902e-10j  5.89337e-06-7.37302e-19j]]
BK = 
 [[ 8.46609e-07-1.04032e-06j  5.09077e-07+7.07713e-07j
   5.97380e-03+4.26169e-03j  1.22988e-01+3.94728e-09j
  -6.66516e-06-1.59079e-05j -4.55312e-06+6.47424e-06j]
 [ 5.09077e-07-7.07713e-07j  8.46609e-07+1.04032e-06j
   6.25558e-03-3.83615e-03j -6.66516e-06+1.59079e-05j
   1.22988e-01-3.94728e-09j -4.09209e-06-6.77507e-06j]
 [-5.96652e-03+4.25952e-03j -6.24817e-03-3.83449e-03j
  -1.69366e-06-3.48746e-14j -6.88225e-06-9.71848e-06j
  -6.19008e-06+1.01734e-05j  1.22956e-01+1.78237e-16j]
 [ 1.22988e-01+3.94728e-09j -6.66516e-06-1.59079e-05j
  -4.55312e-06+6.47424e-06j  1.13252e-07+1.08661e-04j
   1.00577e-07+4.13928e-08j  8.02279e-04+5.72382e-04j]
 [-6.66516e-06+1.59079e-05j  1.22988e-01-3.94728e-09j
  -4.09209e-06-6.77507e-06j  1.00577e-07-4.13928e-08j
   1.13252e-07-1.08661e-04j  8.40124e-04-5.15232e-04j]
 [-6.88225e-06-9.71848e-06j -6.19008e-06+1.01734e-05j
   1.22956e-01-4.38480e-16j -8.01307e-04+5.72079e-04j
  -8.39134e-04-5.14997e-04j -2.28089e-07-4.60811e-15j]]
CK = 
 [[-1.53309e-10-1.09061e-10j -1.65118e-13-4.57563e-14j
  -9.78325e-11-6.98493e-11j  4.79151e-05-2.13090e-08j
   1.69334e-09+3.98676e-09j  5.58152e-10-7.10472e-10j]
 [-1.65117e-13+4.57539e-14j -1.53309e-10+1.09061e-10j
  -1.02451e-10+6.28801e-11j  1.69334e-09-3.98676e-09j
   4.79151e-05+2.13090e-08j  5.07418e-10+7.47551e-10j]
 [-2.61833e-13-1.43551e-10j  9.71693e-12+1.43222e-10j
   2.74429e-14+2.21547e-19j  1.62798e-09+2.13991e-09j
   1.47530e-09-2.24790e-09j  4.78849e-05-5.85635e-18j]
 [ 1.23255e-07-1.73231e-07j -1.12345e-11+1.80370e-11j
   6.57751e-12-9.35279e-12j -3.36112e-10+6.10408e-11j
  -1.78860e-10-2.90558e-10j -2.32474e-06-1.66002e-06j]
 [-1.12345e-11-1.80370e-11j  1.23255e-07+1.73231e-07j
   5.91150e-12+9.78737e-12j -1.78860e-10+2.90558e-10j
  -3.36112e-10-6.10408e-11j -2.43450e-06+1.49442e-06j]
 [ 9.36174e-12+5.97570e-14j  9.33493e-12-7.10339e-13j
   1.77676e-07+6.04575e-20j  2.32352e-06-1.66033e-06j
   2.43331e-06+1.49481e-06j  6.66406e-10+1.31691e-17j]]
ldiff_xyz (from CK) in micro-meter =  [-23.83469 -23.83469 -20.14148  23.83486  20.14362  23.83486]
vij = 
 [[ 8.46609e-07-1.04032e-06j  5.09077e-07+7.07713e-07j
   5.97380e-03+4.26169e-03j]
 [ 5.09077e-07-7.07713e-07j  8.46609e-07+1.04032e-06j
   6.25558e-03-3.83615e-03j]
 [-5.96652e-03+4.25952e-03j -6.24817e-03-3.83449e-03j
  -1.69366e-06-3.48756e-14j]]
vij0 =  [[ 7.15308e-12-6.35383e-16j  1.68828e-07-4.28200e-16j
   4.45424e-03+4.94418e-16j]
 [ 3.26893e-07-7.84428e-17j  1.24455e-12-4.77811e-16j
   3.90615e-10+1.31324e-16j]
 [-4.45425e-03-6.16778e-16j -3.84822e-10-3.79686e-18j
   8.30571e-12+1.15596e-16j]]
AK_appr = 
 [[1.51594e-08-2.13061e-08j 0.00000e+00+0.00000e+00j
  0.00000e+00+0.00000e+00j 0.00000e+00+0.00000e+00j
  0.00000e+00+0.00000e+00j 0.00000e+00+0.00000e+00j]
 [0.00000e+00+0.00000e+00j 1.51594e-08+2.13061e-08j
  0.00000e+00+0.00000e+00j 0.00000e+00+0.00000e+00j
  0.00000e+00+0.00000e+00j 0.00000e+00+0.00000e+00j]
 [0.00000e+00+0.00000e+00j 0.00000e+00+0.00000e+00j
  2.18481e-08-1.93121e-19j 0.00000e+00+0.00000e+00j
  0.00000e+00+0.00000e+00j 0.00000e+00+0.00000e+00j]
 [0.00000e+00+0.00000e+00j 0.00000e+00+0.00000e+00j
  0.00000e+00+0.00000e+00j 5.89577e-06-2.62269e-09j
  0.00000e+00+0.00000e+00j 0.00000e+00+0.00000e+00j]
 [0.00000e+00+0.00000e+00j 0.00000e+00+0.00000e+00j
  0.00000e+00+0.00000e+00j 0.00000e+00+0.00000e+00j
  5.89577e-06+2.62269e-09j 0.00000e+00+0.00000e+00j]
 [0.00000e+00+0.00000e+00j 0.00000e+00+0.00000e+00j
  0.00000e+00+0.00000e+00j 0.00000e+00+0.00000e+00j
  0.00000e+00+0.00000e+00j 5.89337e-06-7.44615e-19j]]
BK_appr = 
 [[ 0.00000e+00+0.00000e+00j  5.09077e-07+7.07713e-07j
   5.97380e-03+4.26169e-03j  1.22988e-01+3.94728e-09j
   0.00000e+00+0.00000e+00j  0.00000e+00+0.00000e+00j]
 [ 5.09077e-07-7.07713e-07j  0.00000e+00+0.00000e+00j
   6.25558e-03-3.83615e-03j  0.00000e+00+0.00000e+00j
   1.22988e-01-3.94728e-09j  0.00000e+00+0.00000e+00j]
 [-5.96652e-03+4.25952e-03j -6.24817e-03-3.83449e-03j
   0.00000e+00+0.00000e+00j  0.00000e+00+0.00000e+00j
   0.00000e+00+0.00000e+00j  1.22956e-01-4.38519e-16j]
 [ 1.22988e-01+3.94728e-09j  0.00000e+00+0.00000e+00j
   0.00000e+00+0.00000e+00j  0.00000e+00+0.00000e+00j
   0.00000e+00+0.00000e+00j  0.00000e+00+0.00000e+00j]
 [ 0.00000e+00+0.00000e+00j  1.22988e-01-3.94728e-09j
   0.00000e+00+0.00000e+00j  0.00000e+00+0.00000e+00j
   0.00000e+00+0.00000e+00j  0.00000e+00+0.00000e+00j]
 [ 0.00000e+00+0.00000e+00j  0.00000e+00+0.00000e+00j
   1.22956e-01-4.38519e-16j  0.00000e+00+0.00000e+00j
   0.00000e+00+0.00000e+00j  0.00000e+00+0.00000e+00j]]
BK_appr_inv = 
 [[ 0.00000e+00+0.00000e+00j  0.00000e+00+0.00000e+00j
   0.00000e+00-0.00000e+00j  8.13090e+00-2.60961e-07j
   0.00000e+00+0.00000e+00j  0.00000e+00+0.00000e+00j]
 [ 0.00000e+00+0.00000e+00j  0.00000e+00+0.00000e+00j
   0.00000e+00-0.00000e+00j  0.00000e+00+0.00000e+00j
   8.13090e+00+2.60961e-07j  0.00000e+00+0.00000e+00j]
 [ 0.00000e+00+0.00000e+00j  0.00000e+00+0.00000e+00j
   0.00000e+00-0.00000e+00j  0.00000e+00+0.00000e+00j
   0.00000e+00+0.00000e+00j  8.13298e+00+2.90060e-14j]
 [ 8.13090e+00-2.60961e-07j  0.00000e+00+0.00000e+00j
   0.00000e+00-0.00000e+00j  0.00000e+00+0.00000e+00j
  -3.36559e-05-4.67880e-05j -3.95038e-01-2.81819e-01j]
 [ 0.00000e+00+0.00000e+00j  8.13090e+00+2.60961e-07j
   0.00000e+00-0.00000e+00j -3.36559e-05+4.67881e-05j
   0.00000e+00+0.00000e+00j -4.13672e-01+2.53679e-01j]
 [ 0.00000e+00+0.00000e+00j  0.00000e+00+0.00000e+00j
   8.13298e+00+2.90060e-14j  3.94557e-01-2.81676e-01j
   4.13182e-01+2.53569e-01j  0.00000e+00+0.00000e+00j]]
CK_appr = 
 [[ 0.00000e+00+0.00000e+00j  0.00000e+00+0.00000e+00j
   0.00000e+00+0.00000e+00j  4.79379e-05-2.13264e-08j
   0.00000e+00+0.00000e+00j  0.00000e+00+0.00000e+00j]
 [ 0.00000e+00+0.00000e+00j  0.00000e+00+0.00000e+00j
   0.00000e+00+0.00000e+00j  0.00000e+00+0.00000e+00j
   4.79379e-05+2.13264e-08j  0.00000e+00+0.00000e+00j]
 [ 0.00000e+00+0.00000e+00j  0.00000e+00+0.00000e+00j
   0.00000e+00+0.00000e+00j  0.00000e+00+0.00000e+00j
   0.00000e+00+0.00000e+00j  4.79307e-05-5.88500e-18j]
 [ 1.23260e-07-1.73238e-07j  0.00000e+00+0.00000e+00j
   0.00000e+00+0.00000e+00j  0.00000e+00+0.00000e+00j
  -1.98305e-10-2.75940e-10j -2.32811e-06-1.66087e-06j]
 [ 0.00000e+00+0.00000e+00j  1.23260e-07+1.73238e-07j
   0.00000e+00+0.00000e+00j -1.98305e-10+2.75940e-10j
   0.00000e+00+0.00000e+00j -2.43792e-06+1.49502e-06j]
 [ 0.00000e+00+0.00000e+00j  0.00000e+00+0.00000e+00j
   1.77690e-07-1.57002e-18j  2.32548e-06-1.66173e-06j
   2.43536e-06+1.49607e-06j  0.00000e+00+0.00000e+00j]]
lambda_appr_xyz =  [ 2.21940e-06-2.52788e-06j  2.21940e-06+2.52788e-06j
  2.62852e-06+9.09816e-18j -2.21949e-06+2.52805e-06j
 -2.62833e-06-4.77517e-18j -2.21949e-06-2.52805e-06j]
ldiff_xyz (from CK_appr) in micro-meter =  [ 23.8433   23.8433   20.13213 -23.84227 -20.13359 -23.84227]

--------------------------------------------------
diffusion length analysis for gr-bn using rotated U of L:
--------------------------------------------------
<s|UR>:
 [[ 0.19964-0.13245j  0.19964+0.13245j]
 [-0.13244-0.19978j -0.13244+0.19978j]]
normR_rotate =  [1.47878 1.47878]
normL_rotate =  [1.47878 1.47878]
<s|UR>:
 [[ 6.77797e-01+2.92379e-17j -7.18284e-17-8.49790e-17j]
 [-6.60008e-16+3.94031e-16j  6.77797e-01+6.34250e-16j]]
oUs_rotate:
 [[ 1.00000e+00+1.96649e-16j -1.87549e-14-2.07710e-15j]
 [-1.78369e-14+2.07958e-15j  1.00000e+00+2.59278e-16j]]

drift-diffusion model for sz
AK = 
 [[ 2.18481e-08-7.51700e-23j -3.70035e-14-6.09710e-20j]
 [-3.70028e-14+2.36405e-20j  5.89337e-06-6.50521e-19j]]
BK = 
 [[-1.69366e-06-3.48795e-14j  1.22956e-01+1.78677e-16j]
 [ 1.22956e-01-4.45173e-16j -2.28089e-07-4.60842e-15j]]
ldiff_RR_z (from CK) in micro-meter =  [-18.13475  18.13065]
vx2_sz =  (0.12295610761712475-4.385193278289751e-16j)
taupvsz_inv =  (4.793068694057137e-05-5.88500181717093e-18j)
vx2_sz * taupvsz_inv =  (5.89337070162761e-06-7.446154493786039e-19j)
ldiff_DD_z in micro-meter =  18.13269568018161

drift-diffusion model for sx
AK = 
 [[ 1.51522e-08+6.06940e-23j -5.81476e-16-9.09888e-21j]
 [ 7.66816e-15-1.46735e-20j  5.89829e-06-5.82759e-19j]]
BK = 
 [[1.69628e-06+3.91145e-14j 1.22970e-01+1.18525e-15j]
 [1.22970e-01+5.66387e-16j 2.27288e-07+5.24141e-15j]]
ldiff_RR_x (from CK) in micro-meter =  [ 21.77006 -21.76414]
vx2_sx =  (0.12297031909747881+5.700851101970248e-16j)
taupvsx_inv =  (4.796515506772681e-05-5.554232378516203e-18j)
vx2_sx * taupvsx_inv =  (5.898290424238419e-06-6.556615072152837e-19j)
ldiff_DD_x in micro-meter =  18.643830654650554

drift-diffusion model for sy
AK = 
 [[ 1.51666e-08+2.22283e-22j -1.80809e-14+6.58493e-21j]
 [-2.63300e-14+3.91950e-20j  5.89325e-06-8.13152e-19j]]
BK = 
 [[-3.06195e-09+3.41278e-16j  1.23005e-01+2.59471e-15j]
 [ 1.23005e-01+1.97715e-15j -7.85028e-10+2.70358e-16j]]
ldiff_RR_y (from CK) in micro-meter =  [-21.77216  21.77215]
vx2_sy =  (0.1230048144103689+1.978206381899097e-15j)
taupvsy_inv =  (4.791073174860343e-05-5.597848586113424e-18j)
vx2_sy * taupvsy_inv =  (5.893250667001934e-06-5.937850111256846e-19j)
ldiff_DD_y in micro-meter =  18.65703296898262

sx-sz coupling
AK = 
 [[ 1.51522e-08+6.06564e-23j  5.11893e-20+2.47484e-19j
  -5.81480e-16-9.11139e-21j  1.56996e-10+5.46295e-12j]
 [-5.23768e-19+2.36011e-19j  2.18481e-08-7.48439e-23j
  -2.26427e-10+7.87889e-12j -3.70035e-14-6.09522e-20j]
 [ 7.66816e-15-1.46734e-20j  2.26543e-10+7.88292e-12j
   5.89829e-06-6.43322e-19j  1.11723e-11+3.88758e-13j]
 [-1.57150e-10+5.46828e-12j -3.70028e-14+2.36405e-20j
   1.69879e-11-5.91120e-13j  5.89337e-06-7.42848e-19j]]
BK = 
 [[ 1.69628e-06+3.91045e-14j  1.03690e-02+3.60806e-04j
   1.22970e-01+1.18640e-15j  8.51264e-08+2.96211e-09j]
 [-1.03637e-02+3.60621e-04j -1.69366e-06-3.48745e-14j
   6.74434e-08-2.34680e-09j  1.22956e-01+1.78018e-16j]
 [ 1.22970e-01+5.69936e-16j  8.51264e-08+2.96211e-09j
   2.27288e-07+5.24162e-15j  1.39258e-03+4.84572e-05j]
 [ 6.74434e-08-2.34680e-09j  1.22956e-01-4.38887e-16j
  -1.39187e-03+4.84323e-05j -2.28089e-07-4.60829e-15j]]
CK = 
 [[-1.64546e-13-1.44500e-19j -1.69844e-10-5.91000e-12j
   4.79194e-05-5.37548e-18j  5.76194e-11+2.00496e-12j]
 [ 1.16627e-10-4.05824e-12j  2.73529e-14+2.21325e-19j
   1.11745e-10-3.88836e-12j  4.78849e-05-5.90126e-18j]
 [ 1.23208e-07+3.97457e-20j -1.22960e-13-4.27660e-15j
  -6.73247e-10-1.54139e-17j -4.03643e-06-1.40454e-07j]
 [-7.98487e-14+2.78023e-15j  1.77676e-07+6.01433e-20j
   4.03717e-06-1.40480e-07j  6.66369e-10+1.31690e-17j]]
ldiff_xz (from CK) in micro-meter =  [ 30.21089  30.21089 -30.21083 -30.21083]
T1xinv =  (1.5159395546883567e-08-2.1306141574172e-08j)
T1zinv =  (2.1848097591502995e-08-1.9312134893319003e-19j)
vx2_sx * taupvsx_inv =  (5.898290424238419e-06-6.556615072152837e-19j)
vx2_sz * taupvsz_inv =  (5.89337070162761e-06-7.446154493786039e-19j)
vxz =  (0.010368994192103782+0.0003608059979240782j)
vzx =  (-0.010363687332945449+0.00036062133714010277j)
vxz0 =  (0.004454240968888944+4.944179936485355e-16j)
vzx0 =  (-0.004451051818825778-5.852496652004759e-16j)
T1xinv vxz =  (1.6487506805402045e-10-2.1545365740051126e-10j)
T1zinv vzx =  (-2.2642685225794591e-10+7.878890169416718e-12j)
T1zinv vxz =  (2.2654279703488087e-10+7.882924652242413e-12j)
T1xinv vzx =  (-1.4942378634057263e-10+2.2627699103854165e-10j)
AK_appr = 
 [[1.51594e-08-2.13061e-08j 0.00000e+00+0.00000e+00j
  0.00000e+00+0.00000e+00j 0.00000e+00+0.00000e+00j]
 [0.00000e+00+0.00000e+00j 2.18481e-08-1.93121e-19j
  0.00000e+00+0.00000e+00j 0.00000e+00+0.00000e+00j]
 [0.00000e+00+0.00000e+00j 0.00000e+00+0.00000e+00j
  5.89829e-06-6.55662e-19j 0.00000e+00+0.00000e+00j]
 [0.00000e+00+0.00000e+00j 0.00000e+00+0.00000e+00j
  0.00000e+00+0.00000e+00j 5.89337e-06-7.44615e-19j]]
BK_appr = 
 [[ 0.     +0.00000e+00j  0.01037+3.60806e-04j  0.12297+5.70085e-16j
   0.     +0.00000e+00j]
 [-0.01036+3.60621e-04j  0.     +0.00000e+00j  0.     +0.00000e+00j
   0.12296-4.38519e-16j]
 [ 0.12297+5.70085e-16j  0.     +0.00000e+00j  0.     +0.00000e+00j
   0.     +0.00000e+00j]
 [ 0.     +0.00000e+00j  0.12296-4.38519e-16j  0.     +0.00000e+00j
   0.     +0.00000e+00j]]
1 / vx2_sx =  (8.132043629221602-3.769980449361019e-14j)
1 / vx2_sz =  (8.132983544940428+2.900604570597736e-14j)
vxz / vx2_sx / vx2_sz =  (0.685782225832184+0.023862906639334002j)
vzx / vx2_sx / vx2_sz =  (-0.6854312419644767+0.023850693585579976j)
BK_appr_inv = 
 [[-0.     +0.00000e+00j  0.     -0.00000e+00j  8.13204-3.76998e-14j
   0.     +0.00000e+00j]
 [-0.     +0.00000e+00j  0.     -0.00000e+00j  0.     +0.00000e+00j
   8.13298+2.90060e-14j]
 [ 8.13204-3.76998e-14j  0.     -0.00000e+00j  0.     +0.00000e+00j
  -0.68578-2.38629e-02j]
 [ 0.     +0.00000e+00j  8.13298+2.90060e-14j  0.68543-2.38507e-02j
   0.     +0.00000e+00j]]
CK_appr = 
 [[ 0.00000e+00+0.00000e+00j  0.00000e+00+0.00000e+00j
   4.79652e-05-5.55423e-18j  0.00000e+00+0.00000e+00j]
 [ 0.00000e+00+0.00000e+00j  0.00000e+00+0.00000e+00j
   0.00000e+00+0.00000e+00j  4.79307e-05-5.88500e-18j]
 [ 1.23277e-07-1.73262e-07j  0.00000e+00+0.00000e+00j
   0.00000e+00+0.00000e+00j -4.04157e-06-1.40633e-07j]
 [ 0.00000e+00+0.00000e+00j  1.77690e-07-1.57002e-18j
   4.04287e-06-1.40678e-07j  0.00000e+00+0.00000e+00j]]
lambda_appr_xz =  [-2.13583e-06+3.13062e-06j -2.16306e-06-1.17018e-06j
  2.13583e-06-3.13062e-06j  2.16306e-06+1.17018e-06j]
ldiff_xz (from CK_appr) in micro-meter =  [-24.77622 -24.46427  24.77622  24.46427]
b =  (1.9295235900145985e-12+8.310561377812236e-12j)
c =  (5.03598713271955e-23-7.077950732643259e-23j)
b*b - 4*c =  (-2.667818544387436e-22+3.1518887775523622e-22j)
sqrt(b*b - 4*c) =  (8.54852870696466e-12+1.8435270475166413e-11j)
E2_plus =  (3.3095025584750307e-12+5.062354548677088e-12j)
E2_minus =  (-5.239026148489629e-12-1.3372915926489325e-11j)

sy-sz coupling
AK = 
 [[ 1.51666e-08+2.22196e-22j -2.84612e-19-5.02851e-19j
  -1.80809e-14+6.58425e-21j -2.21109e-10-7.69386e-12j]
 [-1.01689e-18+4.37065e-19j  2.18481e-08-7.48439e-23j
   1.20057e-13-4.17755e-15j -3.70035e-14-6.09522e-20j]
 [-2.63300e-14+3.91950e-20j -1.19508e-13-4.15866e-15j
   5.89325e-06-5.84453e-19j -5.96582e-11-2.07590e-12j]
 [-2.20624e-10+7.67696e-12j -3.70028e-14+2.36405e-20j
   3.39266e-10-1.18053e-11j  5.89337e-06-7.42848e-19j]]
BK = 
 [[-3.06195e-09+3.40719e-16j -5.46995e-06-1.90336e-07j
   1.23005e-01+2.59461e-15j  1.11890e-05+3.89340e-07j]
 [ 5.49507e-06-1.91210e-07j -1.69366e-06-3.48745e-14j
   1.68270e-05-5.85523e-07j  1.22956e-01+1.78018e-16j]
 [ 1.23005e-01+1.97811e-15j  1.11890e-05+3.89340e-07j
  -7.85028e-10+2.70326e-16j -6.90112e-07-2.40136e-08j]
 [ 1.68270e-05-5.85523e-07j  1.22956e-01-4.38887e-16j
   7.11349e-07-2.47526e-08j -2.28089e-07-4.60829e-15j]]
CK = 
 [[-4.98830e-14+3.18467e-19j  2.53456e-14+8.80479e-16j
   4.79107e-05-5.52191e-18j -4.84497e-09-1.68589e-10j]
 [-1.79504e-09+6.24614e-11j  2.87700e-14+1.99151e-19j
  -3.79752e-09+1.32141e-10j  4.79307e-05-5.87035e-18j]
 [ 1.23301e-07-1.11121e-21j -1.61634e-11-5.62436e-13j
   1.07149e-12-7.90977e-20j  3.33823e-10+1.16159e-11j]
 [-1.68989e-11+5.88028e-13j  1.77690e-07-2.49217e-22j
  -2.14027e-09+7.44741e-11j  6.60091e-10+1.30991e-17j]]
ldiff_yz (from CK) in micro-meter =  [ 21.77216 -21.77215  18.13064 -18.13476]
T1yinv =  (1.5159395547271164e-08+2.1306141573920247e-08j)
T1zinv =  (2.1848097591502995e-08-1.9312134893319003e-19j)
vx2_sy * taupvsy_inv =  (5.893250667001934e-06-5.937850111256846e-19j)
vx2_sz * taupvsz_inv =  (5.89337070162761e-06-7.446154493786039e-19j)
vyz =  (-5.4699528331613145e-06-1.9033589461179684e-07j)
vzy =  (5.495067688649938e-06-1.9120980616520982e-07j)
vyz0 =  (3.90615120746904e-10+1.3132140918087546e-16j)
vzy0 =  (-3.845457877512678e-10-3.793097417523629e-18j)
T1xinv vyz =  (-8.69765021379344e-14+1.1365821235418803e-13j)
T1zinv vzy =  (1.2005677513350172e-13-4.17757050661109e-15j)
T1zinv vyz =  (-1.1950806331986345e-13-4.158477199588202e-15j)
T1xinv vzy =  (7.92279614486177e-14-1.1997731521813505e-13j)
AK_appr = 
 [[1.51594e-08+2.13061e-08j 0.00000e+00+0.00000e+00j
  0.00000e+00+0.00000e+00j 0.00000e+00+0.00000e+00j]
 [0.00000e+00+0.00000e+00j 2.18481e-08-1.93121e-19j
  0.00000e+00+0.00000e+00j 0.00000e+00+0.00000e+00j]
 [0.00000e+00+0.00000e+00j 0.00000e+00+0.00000e+00j
  5.89325e-06-5.93785e-19j 0.00000e+00+0.00000e+00j]
 [0.00000e+00+0.00000e+00j 0.00000e+00+0.00000e+00j
  0.00000e+00+0.00000e+00j 5.89337e-06-7.44615e-19j]]
BK_appr = 
 [[ 0.00000e+00+0.00000e+00j -5.46995e-06-1.90336e-07j
   1.23005e-01+1.97821e-15j  0.00000e+00+0.00000e+00j]
 [ 5.49507e-06-1.91210e-07j  0.00000e+00+0.00000e+00j
   0.00000e+00+0.00000e+00j  1.22956e-01-4.38519e-16j]
 [ 1.23005e-01+1.97821e-15j  0.00000e+00+0.00000e+00j
   0.00000e+00+0.00000e+00j  0.00000e+00+0.00000e+00j]
 [ 0.00000e+00+0.00000e+00j  1.22956e-01-4.38519e-16j
   0.00000e+00+0.00000e+00j  0.00000e+00+0.00000e+00j]]
1 / vx2_sy =  (8.12976308930314-1.3074568913159143e-13j)
1 / vx2_sz =  (8.132983544940428+2.900604570597736e-14j)
vyz / vx2_sy / vx2_sz =  (-0.0003616690663447004-1.2584862684514658e-05j)
vzy / vx2_sy / vx2_sz =  (0.0003633296412368428-1.2642645043024994e-05j)
BK_appr_inv = 
 [[-0.00000e+00+0.00000e+00j  0.00000e+00-0.00000e+00j
   8.12976e+00-1.30746e-13j  0.00000e+00+0.00000e+00j]
 [-0.00000e+00+0.00000e+00j  0.00000e+00-0.00000e+00j
   0.00000e+00+0.00000e+00j  8.13298e+00+2.90060e-14j]
 [ 8.12976e+00-1.30746e-13j  0.00000e+00-0.00000e+00j
   0.00000e+00+0.00000e+00j  3.61669e-04+1.25849e-05j]
 [ 0.00000e+00+0.00000e+00j  8.13298e+00+2.90060e-14j
  -3.63330e-04+1.26426e-05j  0.00000e+00+0.00000e+00j]]
CK_appr = 
 [[ 0.00000e+00+0.00000e+00j  0.00000e+00+0.00000e+00j
   4.79107e-05-5.59785e-18j  0.00000e+00+0.00000e+00j]
 [ 0.00000e+00+0.00000e+00j  0.00000e+00+0.00000e+00j
   0.00000e+00+0.00000e+00j  4.79307e-05-5.88500e-18j]
 [ 1.23242e-07+1.73214e-07j  0.00000e+00+0.00000e+00j
   0.00000e+00+0.00000e+00j  2.13145e-09+7.41673e-11j]
 [ 0.00000e+00+0.00000e+00j  1.77690e-07-1.57002e-18j
  -2.14119e-09+7.45063e-11j  0.00000e+00+0.00000e+00j]]
lambda_appr_yz =  [ 2.83634e-06+1.46294e-06j -2.83634e-06-1.46294e-06j
 -2.91836e-06+7.31019e-13j  2.91836e-06-7.31019e-13j]
ldiff_yz (from CK_appr) in micro-meter =  [ 18.65703 -18.65703 -18.1327   18.1327 ]
b =  (-1.4421438157521604e-11-8.298803899909214e-12j)
c =  (5.0288624029486817e-23+7.067937107176708e-23j)
b*b - 4*c =  (-6.204676375587556e-23-4.335610983918863e-23j)
sqrt(b*b - 4*c) =  (2.6121875983521e-12-8.298812433406364e-12j)
E2_plus =  (8.516812877936853e-12-4.266748574550592e-18j)
E2_minus =  (5.904625279584752e-12+8.298808166657789e-12j)

sx-sy coupling
AK = 
 [[ 1.51522e-08+6.06564e-23j  2.12962e-08+5.41907e-24j
  -5.81480e-16-9.11139e-21j  1.27542e-14-6.39225e-20j]
 [-2.13161e-08+1.14177e-22j  1.51666e-08+2.22196e-22j
  -5.48769e-14-5.87462e-20j -1.80809e-14+6.58425e-21j]
 [ 7.66816e-15-1.46734e-20j  4.89560e-14+2.22186e-19j
   5.89829e-06-6.43322e-19j  2.61513e-09-5.21190e-20j]
 [-1.86355e-14+9.45412e-20j -2.63300e-14+3.91950e-20j
  -2.62856e-09-3.15917e-20j  5.89325e-06-5.84453e-19j]]
BK = 
 [[ 1.69628e-06+3.91045e-14j  8.46047e-07+1.52070e-13j
   1.22970e-01+1.18640e-15j -4.77886e-08-1.71317e-15j]
 [-1.23421e-06+1.75704e-13j -3.06195e-09+3.40719e-16j
  -5.16140e-08+4.62236e-16j  1.23005e-01+2.59461e-15j]
 [ 1.22970e-01+5.69936e-16j -4.77886e-08-1.65242e-15j
   2.27288e-07+5.24162e-15j -1.08686e-04+2.05807e-14j]
 [-5.16140e-08+4.02144e-16j  1.23005e-01+1.97811e-15j
   1.08635e-04+2.36913e-14j -7.85028e-10+2.70326e-16j]]
CK = 
 [[-1.53331e-10-9.55706e-20j  1.09057e-10+1.77881e-18j
   4.79652e-05-5.51511e-18j  2.12850e-08+2.19895e-19j]
 [-1.08976e-10+7.45251e-19j -1.53163e-10+2.85022e-19j
  -2.13488e-08-3.99667e-19j  4.79107e-05-5.46916e-18j]
 [ 1.23218e-07-2.93009e-21j  1.73182e-07+2.19243e-22j
  -6.61499e-10-1.53005e-17j -3.29820e-10-5.97749e-17j]
 [-1.73295e-07+4.33899e-21j  1.23301e-07-1.58275e-21j
   4.80827e-10-6.89925e-17j  1.25908e-12-1.09609e-19j]]
ldiff_xy (from CK) in micro-meter =  [ 18.65416  18.65416 -18.65098 -18.65098]
T1xinv =  (1.5159395546883567e-08-2.1306141574172e-08j)
T1yinv =  (1.5159395547271164e-08+2.1306141573920247e-08j)
vx2_sx * taupvsx_inv =  (5.898290424238419e-06-6.556615072152837e-19j)
vx2_sy * taupvsz_inv =  (5.8957052516864734e-06-6.29066765531148e-19j)
vxy =  (8.460468182651919e-07+1.52070084909303e-13j)
vyx =  (-1.2342079487199522e-06+1.7570406296252717e-13j)
vxy0 =  (1.6882794886485773e-07-4.2818830564744755e-16j)
vyx0 =  (3.2665783121259416e-07-7.838442387204708e-17j)
T1xinv vxy =  (1.2825561609291118e-14-1.802599098304538e-14j)
T1zinv vyx =  (-1.870985022580756e-14-2.6296206623517613e-14j)
T1zinv vxy =  (1.2825555129565528e-14+1.802599559341352e-14j)
T1xinv vyx =  (-1.8709842738177905e-14+2.629621195096311e-14j)
AK_appr = 
 [[1.51594e-08-2.13061e-08j 0.00000e+00+0.00000e+00j
  0.00000e+00+0.00000e+00j 0.00000e+00+0.00000e+00j]
 [0.00000e+00+0.00000e+00j 1.51594e-08+2.13061e-08j
  0.00000e+00+0.00000e+00j 0.00000e+00+0.00000e+00j]
 [0.00000e+00+0.00000e+00j 0.00000e+00+0.00000e+00j
  5.89829e-06-6.55662e-19j 0.00000e+00+0.00000e+00j]
 [0.00000e+00+0.00000e+00j 0.00000e+00+0.00000e+00j
  0.00000e+00+0.00000e+00j 5.89325e-06-5.93785e-19j]]
BK_appr = 
 [[ 0.00000e+00+0.00000e+00j  8.46047e-07+1.52070e-13j
   1.22970e-01+5.70085e-16j  0.00000e+00+0.00000e+00j]
 [-1.23421e-06+1.75704e-13j  0.00000e+00+0.00000e+00j
   0.00000e+00+0.00000e+00j  1.23005e-01+1.97821e-15j]
 [ 1.22970e-01+5.70085e-16j  0.00000e+00+0.00000e+00j
   0.00000e+00+0.00000e+00j  0.00000e+00+0.00000e+00j]
 [ 0.00000e+00+0.00000e+00j  1.23005e-01+1.97821e-15j
   0.00000e+00+0.00000e+00j  0.00000e+00+0.00000e+00j]]
1 / vx2_sx =  (8.132043629221602-3.769980449361019e-14j)
1 / vx2_sy =  (8.12976308930314-1.3074568913159143e-13j)
vxy / vx2_sx / vx2_sy =  (5.5933498794147134e-05+1.005359366270331e-11j)
vyx / vx2_sx / vx2_sy =  (-8.159544758173867e-05+1.161607633517439e-11j)
BK_appr_inv = 
 [[ 0.00000e+00+0.00000e+00j -0.00000e+00+0.00000e+00j
   8.13204e+00-3.76998e-14j  0.00000e+00+0.00000e+00j]
 [ 0.00000e+00+0.00000e+00j -0.00000e+00+0.00000e+00j
   0.00000e+00+0.00000e+00j  8.12976e+00-1.30746e-13j]
 [ 8.13204e+00-3.76998e-14j -0.00000e+00+0.00000e+00j
   0.00000e+00+0.00000e+00j -5.59335e-05-1.00536e-11j]
 [ 0.00000e+00+0.00000e+00j  8.12976e+00-1.30746e-13j
   8.15954e-05-1.16161e-11j  0.00000e+00+0.00000e+00j]]
CK_appr = 
 [[ 0.00000e+00+0.00000e+00j  0.00000e+00+0.00000e+00j
   4.79652e-05-5.55423e-18j  0.00000e+00+0.00000e+00j]
 [ 0.00000e+00+0.00000e+00j  0.00000e+00+0.00000e+00j
   0.00000e+00+0.00000e+00j  4.79107e-05-5.59785e-18j]
 [ 1.23277e-07-1.73262e-07j  0.00000e+00+0.00000e+00j
   0.00000e+00+0.00000e+00j -3.29630e-10-5.92483e-17j]
 [ 0.00000e+00+0.00000e+00j  1.23242e-07+1.73214e-07j
   4.81274e-10-6.85150e-17j  0.00000e+00+0.00000e+00j]]
lambda_appr_xy =  [-2.83835e-06+1.46398e-06j  2.83835e-06-1.46398e-06j
  2.83634e-06+1.46294e-06j -2.83634e-06-1.46294e-06j]
ldiff_xy (from CK_appr) in micro-meter =  [-18.64383  18.64383  18.65703 -18.65703]
b =  (-1.1817622340294154e-11+1.1757477757077368e-14j)
c =  (1.0388175205917801e-22-1.8607840474646647e-33j)
b*b - 4*c =  (-2.7587094869717583e-22-2.77890856171962e-25j)
sqrt(b*b - 4*c) =  (8.365486869510083e-15-1.660936539060257e-11j)
E2_plus =  (5.9129939135818315e-12-8.310561434179823e-12j)
E2_minus =  (5.904628426712322e-12+8.298803956422746e-12j)

sx-sy-sz coupling
AK = 
 [[ 1.51522e-08+6.06617e-23j  2.12962e-08+5.41791e-24j
   5.11894e-20+2.47484e-19j -5.81480e-16-9.11186e-21j
   1.27542e-14-6.39227e-20j  1.56996e-10+5.46295e-12j]
 [-2.13161e-08+1.14168e-22j  1.51666e-08+2.22196e-22j
  -2.84612e-19-5.02852e-19j -5.48769e-14-5.87465e-20j
  -1.80809e-14+6.58306e-21j -2.21109e-10-7.69386e-12j]
 [-5.23768e-19+2.36011e-19j -1.01689e-18+4.37065e-19j
   2.18481e-08-7.49299e-23j -2.26427e-10+7.87889e-12j
   1.20057e-13-4.17755e-15j -3.70035e-14-6.09593e-20j]
 [ 7.66816e-15-1.46734e-20j  4.89560e-14+2.22186e-19j
   2.26543e-10+7.88292e-12j  5.89829e-06-6.39869e-19j
   2.61513e-09-5.23920e-20j  1.11723e-11+3.88758e-13j]
 [-1.86355e-14+9.45412e-20j -2.63300e-14+3.91950e-20j
  -1.19508e-13-4.15866e-15j -2.62856e-09-3.24422e-20j
   5.89325e-06-5.84856e-19j -5.96582e-11-2.07590e-12j]
 [-1.57150e-10+5.46828e-12j -2.20624e-10+7.67696e-12j
  -3.70028e-14+2.36405e-20j  1.69879e-11-5.91120e-13j
   3.39266e-10-1.18053e-11j  5.89337e-06-7.37302e-19j]]
BK = 
 [[ 1.69628e-06+3.91046e-14j  8.46047e-07+1.52070e-13j
   1.03690e-02+3.60806e-04j  1.22970e-01+1.18638e-15j
  -4.77886e-08-1.71311e-15j  8.51264e-08+2.96211e-09j]
 [-1.23421e-06+1.75704e-13j -3.06195e-09+3.40691e-16j
  -5.46995e-06-1.90336e-07j -5.16140e-08+4.62319e-16j
   1.23005e-01+2.59468e-15j  1.11890e-05+3.89340e-07j]
 [-1.03637e-02+3.60621e-04j  5.49507e-06-1.91210e-07j
  -1.69366e-06-3.48746e-14j  6.74434e-08-2.34680e-09j
   1.68270e-05-5.85523e-07j  1.22956e-01+1.78237e-16j]
 [ 1.22970e-01+5.69998e-16j -4.77886e-08-1.65239e-15j
   8.51264e-08+2.96211e-09j  2.27288e-07+5.24159e-15j
  -1.08686e-04+2.05807e-14j  1.39258e-03+4.84572e-05j]
 [-5.16140e-08+4.02079e-16j  1.23005e-01+1.97814e-15j
   1.11890e-05+3.89340e-07j  1.08635e-04+2.36913e-14j
  -7.85028e-10+2.70309e-16j -6.90112e-07-2.40136e-08j]
 [ 6.74434e-08-2.34680e-09j  1.68270e-05-5.85523e-07j
   1.22956e-01-4.38480e-16j -1.39187e-03+4.84323e-05j
   7.11349e-07-2.47526e-08j -2.28089e-07-4.60811e-15j]]
CK = 
 [[-1.53452e-10-1.15516e-19j  1.09145e-10+1.74014e-18j
  -1.69858e-10-5.91049e-12j  4.79194e-05-5.40877e-18j
   2.12889e-08+2.20334e-19j  5.79102e-11+2.01508e-12j]
 [-1.08978e-10+7.45269e-19j -1.53166e-10+2.85052e-19j
   2.53026e-14+8.78982e-16j -2.13262e-08-4.82676e-19j
   4.79107e-05-5.47246e-18j -1.27593e-09-4.43980e-11j]
 [ 1.17643e-10-4.09359e-12j  1.65242e-10-5.74986e-12j
   2.74429e-14+2.21547e-19j  1.14662e-10-3.98986e-12j
  -3.79764e-09+1.32145e-10j  4.78849e-05-5.85636e-18j]
 [ 1.23208e-07+3.76919e-20j  1.73168e-07+5.02955e-20j
  -1.22973e-13-4.27708e-15j -6.73347e-10-1.53881e-17j
  -9.21110e-12-5.97646e-17j -4.03643e-06-1.40454e-07j]
 [-1.73295e-07+4.15675e-21j  1.23301e-07-1.92090e-21j
  -1.61638e-11-5.62450e-13j  1.12691e-10-6.89701e-17j
   1.12167e-12-1.09580e-19j  3.30095e-10+1.14862e-11j]
 [ 1.07208e-11-3.73045e-13j -7.76053e-12+2.70044e-13j
   1.77676e-07+6.04575e-20j  4.03717e-06-1.40480e-07j
  -3.45876e-10+1.20353e-11j  6.66406e-10+1.31687e-17j]]
ldiff_xyz (from CK) in micro-meter =  [-23.83469 -23.83469 -20.14148  23.83486  23.83486  20.14362]
vij = 
 [[ 1.69628e-06+3.91046e-14j  8.46047e-07+1.52070e-13j
   1.03690e-02+3.60806e-04j]
 [-1.23421e-06+1.75704e-13j -3.06195e-09+3.40850e-16j
  -5.46995e-06-1.90336e-07j]
 [-1.03637e-02+3.60621e-04j  5.49507e-06-1.91210e-07j
  -1.69366e-06-3.48756e-14j]]
vij0 =  [[ 7.15308e-12-6.35383e-16j  1.68828e-07-4.28200e-16j
   4.45424e-03+4.94418e-16j]
 [ 3.26893e-07-7.84428e-17j  1.24455e-12-4.77811e-16j
   3.90615e-10+1.31324e-16j]
 [-4.45425e-03-6.16778e-16j -3.84822e-10-3.79686e-18j
   8.30571e-12+1.15596e-16j]]
AK_appr = 
 [[1.51594e-08-2.13061e-08j 0.00000e+00+0.00000e+00j
  0.00000e+00+0.00000e+00j 0.00000e+00+0.00000e+00j
  0.00000e+00+0.00000e+00j 0.00000e+00+0.00000e+00j]
 [0.00000e+00+0.00000e+00j 1.51594e-08+2.13061e-08j
  0.00000e+00+0.00000e+00j 0.00000e+00+0.00000e+00j
  0.00000e+00+0.00000e+00j 0.00000e+00+0.00000e+00j]
 [0.00000e+00+0.00000e+00j 0.00000e+00+0.00000e+00j
  2.18481e-08-1.93121e-19j 0.00000e+00+0.00000e+00j
  0.00000e+00+0.00000e+00j 0.00000e+00+0.00000e+00j]
 [0.00000e+00+0.00000e+00j 0.00000e+00+0.00000e+00j
  0.00000e+00+0.00000e+00j 5.89829e-06-6.55662e-19j
  0.00000e+00+0.00000e+00j 0.00000e+00+0.00000e+00j]
 [0.00000e+00+0.00000e+00j 0.00000e+00+0.00000e+00j
  0.00000e+00+0.00000e+00j 0.00000e+00+0.00000e+00j
  5.89325e-06-5.93785e-19j 0.00000e+00+0.00000e+00j]
 [0.00000e+00+0.00000e+00j 0.00000e+00+0.00000e+00j
  0.00000e+00+0.00000e+00j 0.00000e+00+0.00000e+00j
  0.00000e+00+0.00000e+00j 5.89337e-06-7.44615e-19j]]
BK_appr = 
 [[ 0.00000e+00+0.00000e+00j  8.46047e-07+1.52070e-13j
   1.03690e-02+3.60806e-04j  1.22970e-01+5.70085e-16j
   0.00000e+00+0.00000e+00j  0.00000e+00+0.00000e+00j]
 [-1.23421e-06+1.75704e-13j  0.00000e+00+0.00000e+00j
  -5.46995e-06-1.90336e-07j  0.00000e+00+0.00000e+00j
   1.23005e-01+1.97821e-15j  0.00000e+00+0.00000e+00j]
 [-1.03637e-02+3.60621e-04j  5.49507e-06-1.91210e-07j
   0.00000e+00+0.00000e+00j  0.00000e+00+0.00000e+00j
   0.00000e+00+0.00000e+00j  1.22956e-01-4.38519e-16j]
 [ 1.22970e-01+5.70085e-16j  0.00000e+00+0.00000e+00j
   0.00000e+00+0.00000e+00j  0.00000e+00+0.00000e+00j
   0.00000e+00+0.00000e+00j  0.00000e+00+0.00000e+00j]
 [ 0.00000e+00+0.00000e+00j  1.23005e-01+1.97821e-15j
   0.00000e+00+0.00000e+00j  0.00000e+00+0.00000e+00j
   0.00000e+00+0.00000e+00j  0.00000e+00+0.00000e+00j]
 [ 0.00000e+00+0.00000e+00j  0.00000e+00+0.00000e+00j
   1.22956e-01-4.38519e-16j  0.00000e+00+0.00000e+00j
   0.00000e+00+0.00000e+00j  0.00000e+00+0.00000e+00j]]
BK_appr_inv = 
 [[ 0.00000e+00+0.00000e+00j -0.00000e+00+0.00000e+00j
   0.00000e+00-0.00000e+00j  8.13204e+00-3.76998e-14j
   0.00000e+00+0.00000e+00j  0.00000e+00+0.00000e+00j]
 [ 0.00000e+00+0.00000e+00j -0.00000e+00+0.00000e+00j
   0.00000e+00-0.00000e+00j  0.00000e+00+0.00000e+00j
   8.12976e+00-1.30746e-13j  0.00000e+00+0.00000e+00j]
 [ 0.00000e+00+0.00000e+00j -0.00000e+00+0.00000e+00j
   0.00000e+00-0.00000e+00j  0.00000e+00+0.00000e+00j
   0.00000e+00+0.00000e+00j  8.13298e+00+2.90060e-14j]
 [ 8.13204e+00-3.76998e-14j -0.00000e+00+0.00000e+00j
   0.00000e+00-0.00000e+00j  0.00000e+00+0.00000e+00j
  -5.59335e-05-1.00536e-11j -6.85782e-01-2.38629e-02j]
 [ 0.00000e+00+0.00000e+00j  8.12976e+00-1.30746e-13j
   0.00000e+00-0.00000e+00j  8.15954e-05-1.16161e-11j
   0.00000e+00+0.00000e+00j  3.61669e-04+1.25849e-05j]
 [ 0.00000e+00+0.00000e+00j  0.00000e+00+0.00000e+00j
   8.13298e+00+2.90060e-14j  6.85431e-01-2.38507e-02j
  -3.63330e-04+1.26426e-05j  0.00000e+00+0.00000e+00j]]
CK_appr = 
 [[ 0.00000e+00+0.00000e+00j  0.00000e+00+0.00000e+00j
   0.00000e+00+0.00000e+00j  4.79652e-05-5.55423e-18j
   0.00000e+00+0.00000e+00j  0.00000e+00+0.00000e+00j]
 [ 0.00000e+00+0.00000e+00j  0.00000e+00+0.00000e+00j
   0.00000e+00+0.00000e+00j  0.00000e+00+0.00000e+00j
   4.79107e-05-5.59785e-18j  0.00000e+00+0.00000e+00j]
 [ 0.00000e+00+0.00000e+00j  0.00000e+00+0.00000e+00j
   0.00000e+00+0.00000e+00j  0.00000e+00+0.00000e+00j
   0.00000e+00+0.00000e+00j  4.79307e-05-5.88500e-18j]
 [ 1.23277e-07-1.73262e-07j  0.00000e+00+0.00000e+00j
   0.00000e+00+0.00000e+00j  0.00000e+00+0.00000e+00j
  -3.29630e-10-5.92483e-17j -4.04157e-06-1.40633e-07j]
 [ 0.00000e+00+0.00000e+00j  1.23242e-07+1.73214e-07j
   0.00000e+00+0.00000e+00j  4.81274e-10-6.85150e-17j
   0.00000e+00+0.00000e+00j  2.13145e-09+7.41673e-11j]
 [ 0.00000e+00+0.00000e+00j  0.00000e+00+0.00000e+00j
   1.77690e-07-1.57002e-18j  4.04287e-06-1.40678e-07j
  -2.14119e-09+7.45063e-11j  0.00000e+00+0.00000e+00j]]
lambda_appr_xyz =  [ 2.13583e-06-3.13062e-06j -2.13583e-06+3.13062e-06j
 -2.16306e-06-1.17018e-06j  2.16306e-06+1.17018e-06j
  2.83634e-06+1.46294e-06j -2.83634e-06-1.46294e-06j]
ldiff_xyz (from CK_appr) in micro-meter =  [ 24.77623 -24.77623 -24.46426  24.46426  18.65704 -18.65704]
