dim =  2
R = 
 [[ 4.69886 -2.34943  0.     ]
 [ 0.       4.06933  0.     ]
 [ 0.       0.      25.     ]]
volume =  478.0302990950002
area =  19.121211963800008
valley:
 [[ 0.33333  0.33333  0.     ]
 [-0.33333 -0.33333 -0.     ]]

##################################################
read and compute electronic quantities
##################################################
isMetal =  True
nb =  4
nk_full =  230400.0  nk =  926  , kmesh =  [480 480   1]
nkpair =  424737
T =  0.000950043414701698
emin =  -0.0058255018  emax =  0.013175367
k to valley:
 [[[ 0.       0.       0.     ]
  [-0.33333 -0.33333  0.     ]]

 [[ 0.33333  0.33333  0.     ]
  [ 0.       0.       0.     ]]

 [[ 0.       0.00208  0.     ]
  [-0.33333 -0.33125  0.     ]]

 [[ 0.33333  0.33542  0.     ]
  [ 0.       0.00208  0.     ]]

 [[ 0.       0.00417  0.     ]
  [-0.33333 -0.32917  0.     ]]

 [[ 0.33333  0.3375   0.     ]
  [ 0.       0.00417  0.     ]]

 [[ 0.       0.00625  0.     ]
  [-0.33333 -0.32708  0.     ]]

 [[ 0.33333  0.33958  0.     ]
  [ 0.       0.00625  0.     ]]

 [[ 0.       0.00833  0.     ]
  [-0.33333 -0.325    0.     ]]

 [[ 0.33333  0.34167  0.     ]
  [ 0.       0.00833  0.     ]]]
valley of k:
 [0 1 0 1 0 1 0 1 0 1]
valley pol. of k:
 [-1  1 -1  1 -1  1 -1  1 -1  1]
Ek: [[-0.00112 -0.00112  0.00058  0.00058]
 [-0.00112 -0.00112  0.00058  0.00058]
 [-0.00175 -0.00175  0.0012   0.0012 ]
 [-0.00175 -0.00175  0.0012   0.0012 ]
 [-0.00282 -0.00282  0.00228  0.00228]
 [-0.00282 -0.00282  0.00228  0.00228]
 [-0.00398 -0.00398  0.00343  0.00343]
 [-0.00398 -0.00398  0.00343  0.00343]
 [-0.00516 -0.00516  0.00461  0.00461]
 [-0.00516 -0.00516  0.00461  0.00461]]
vbm in eV =  -0.03055635729431215
cbm in eV =  0.01574232446085801
gap in eV =  0.046298681755170164
fk: [[0.99364 0.99363 0.963   0.96299]
 [0.99364 0.99363 0.963   0.96299]
 [0.99669 0.99668 0.93114 0.93109]
 [0.99669 0.99668 0.93114 0.93109]
 [0.99893 0.99893 0.81301 0.81288]
 [0.99893 0.99893 0.81301 0.81288]
 [0.99968 0.99968 0.5631  0.5629 ]
 [0.99968 0.99968 0.5631  0.5629 ]
 [0.99991 0.99991 0.27176 0.2716 ]
 [0.99991 0.99991 0.27176 0.2716 ]]

electron density =  1.451e+12 in cm^-d
hole density =  1.781e+09 in cm^-d
excess density =  1.449e+12 in cm^-d

sk:
 [[[[-9.55002e-09-1.52604e-18j  1.72108e-01+4.69445e-01j
     4.67732e-09+3.99861e-08j -2.09190e-06-2.69587e-04j]
   [ 1.72108e-01-4.69445e-01j  9.55012e-09-3.07899e-18j
    -6.27054e-05+2.62200e-04j  1.27786e-11+2.86831e-12j]
   [ 4.67732e-09-3.99861e-08j -6.27054e-05-2.62200e-04j
    -4.97822e-08-1.03309e-19j  5.43433e-02-4.97038e-01j]
   [-2.09190e-06+2.69587e-04j  1.27786e-11-2.86834e-12j
     5.43433e-02+4.97038e-01j  4.97819e-08+2.31055e-19j]]

  [[ 7.30608e-09+6.05364e-19j -4.69445e-01+1.72108e-01j
     3.99870e-08-4.69504e-09j  2.69587e-04-2.09190e-06j]
   [-4.69445e-01-1.72108e-01j -7.30604e-09+9.66117e-18j
    -2.62200e-04-6.27054e-05j -3.16159e-12+8.23471e-12j]
   [ 3.99870e-08+4.69504e-09j -2.62200e-04+6.27054e-05j
     4.52059e-09-1.20440e-18j -4.97038e-01-5.43433e-02j]
   [ 2.69587e-04+2.09190e-06j -3.16158e-12-8.23474e-12j
    -4.97038e-01+5.43433e-02j -4.52081e-09+2.53266e-18j]]

  [[-5.00000e-01-2.65455e-15j -1.01469e-08-6.45174e-09j
     2.32559e-12+5.92878e-13j  3.68770e-12+5.20217e-12j]
   [-1.01469e-08+6.45174e-09j  5.00000e-01+2.75494e-15j
    -3.84004e-12+2.67587e-11j -5.07664e-04-1.81663e-04j]
   [ 2.32559e-12-5.92877e-13j -3.84007e-12-2.67587e-11j
     5.00000e-01+2.77634e-15j  9.90447e-09-4.89956e-08j]
   [ 3.68772e-12-5.20217e-12j -5.07664e-04+1.81663e-04j
     9.90447e-09+4.89956e-08j -5.00000e-01-2.78214e-15j]]]


 [[[ 1.26256e-08+7.58216e-18j -1.72104e-01+4.69447e-01j
     3.25093e-08-2.37468e-08j -9.27790e-05+2.53120e-04j]
   [-1.72104e-01-4.69447e-01j -1.26255e-08+2.81901e-18j
     1.49633e-04-2.24248e-04j -4.48611e-12+1.55274e-12j]
   [ 3.25093e-08+2.37468e-08j  1.49633e-04+2.24248e-04j
    -3.66552e-09-1.91081e-18j -2.77547e-01-4.15894e-01j]
   [-9.27790e-05-2.53120e-04j -4.48608e-12-1.55266e-12j
    -2.77547e-01+4.15894e-01j  3.66530e-09+1.73858e-18j]]

  [[-1.20780e-08+1.43291e-17j  4.69447e-01+1.72104e-01j
     2.37555e-08+3.25066e-08j  2.53120e-04+9.27790e-05j]
   [ 4.69447e-01-1.72104e-01j  1.20779e-08-1.69229e-17j
    -2.24248e-04-1.49633e-04j  9.27896e-12+4.42065e-12j]
   [ 2.37555e-08-3.25066e-08j -2.24248e-04+1.49633e-04j
     8.19485e-09-3.77478e-19j  4.15894e-01-2.77547e-01j]
   [ 2.53120e-04-9.27790e-05j  9.27901e-12-4.42071e-12j
     4.15894e-01+2.77547e-01j -8.19460e-09+1.29934e-18j]]

  [[ 5.00000e-01-5.63085e-16j  1.56856e-08-7.69662e-09j
     8.27608e-13+3.15465e-12j  8.13932e-12-4.18365e-12j]
   [ 1.56856e-08+7.69662e-09j -5.00000e-01+5.05628e-16j
    -4.79048e-12-7.51504e-13j -5.39175e-04+3.24588e-08j]
   [ 8.27608e-13-3.15465e-12j -4.79047e-12+7.51513e-13j
    -5.00000e-01+7.81811e-16j  8.85089e-09-1.50018e-09j]
   [ 8.13931e-12+4.18364e-12j -5.39175e-04-3.24588e-08j
     8.85089e-09+1.50018e-09j  5.00000e-01-5.30922e-16j]]]


 [[[-4.31351e-01-2.30535e-15j -2.51198e-01+2.89193e-02j
     8.91124e-05-4.42022e-06j  5.87611e-05-4.97844e-06j]
   [-2.51198e-01-2.89193e-02j  4.31351e-01+2.39392e-15j
     2.94643e-05-5.84432e-06j -2.08953e-04+5.32961e-06j]
   [ 8.91124e-05+4.42022e-06j  2.94643e-05+5.84432e-06j
     4.98368e-01+2.65710e-15j  2.41930e-02+3.23123e-02j]
   [ 5.87611e-05+4.97844e-06j -2.08953e-04-5.32961e-06j
     2.41930e-02-3.23123e-02j -4.98368e-01-2.66974e-15j]]

  [[-2.51574e-02-1.31487e-16j -1.42668e-02-4.99163e-01j
    -1.19442e-05+6.42643e-05j -1.57258e-06+8.33385e-05j]
   [-1.42668e-02+4.99163e-01j  2.51574e-02+6.20435e-17j
    -2.82636e-06+8.33978e-05j  4.37883e-06-6.42606e-05j]
   [-1.19442e-05-6.42643e-05j -2.82636e-06-8.33978e-05j
     3.22918e-02-7.36173e-17j  1.20526e-03-4.98955e-01j]
   [-1.57258e-06-8.33385e-05j  4.37883e-06+6.42606e-05j
     1.20526e-03+4.98955e-01j -3.22918e-02+7.41594e-17j]]

  [[-2.51602e-01-1.44856e-15j  4.32083e-01+3.30948e-04j
    -3.91619e-05-1.77600e-05j -1.27972e-04+5.14023e-06j]
   [ 4.32083e-01-3.30948e-04j  2.51602e-01+1.57223e-15j
    -1.68529e-04-3.38279e-06j -1.26977e-04-1.71163e-05j]
   [-3.91619e-05+1.77600e-05j -1.68529e-04+3.38279e-06j
     2.42203e-02+2.39794e-16j -4.99413e-01+3.61143e-04j]
   [-1.27972e-04-5.14023e-06j -1.26977e-04+1.71163e-05j
    -4.99413e-01-3.61143e-04j -2.42202e-02-1.03445e-16j]]]]
mask_Ek:
 [[ True  True  True  True]
 [ True  True  True  True]
 [ True  True  True  True]
 ...
 [ True  True  True  True]
 [ True  True  True  True]
 [ True  True  True  True]]

number of states within [emin,emax]:  2168  ( 3704 )
number of elements of rho left:  5600  ( 14816 )
mask_Ek and mask_rho are right
nb_k =  [4 4 4 4 4 4 4 4 4 4 2 2 2 2 2 2 2 2 2 2 2 2 2 2 2 2 2 2 2 2 2 2 2 2 2 2 2
 2 4 4 4 4 4 4 4 4 4 4 4 4 4 4 4 4 4 2 2 2 2 2 2 2 2 2 2 2 2 2 2 2 2 2 2 2
 2 2 2 2 2 2 4 2 4 4 4 4 4 4 4 4 4 4 4 4 4 4 4 4 2 2 2 2 2 2 2 2 2 2 2 2 2
 2 2 2 2 2 2 2 2 2 2 2 2 2 4 4 4 4 4 4 4 4 4 4 4 4 4 4 4 4 2 2 2 2 2 2 2 2
 2 2 2 2 2 2 2 2 2 2 2 2 2 2 2 2 2 2 2 2 4 4 4 4 4 4 4 4 4 4 4 4 4 2 2 2 2
 2 2 2 2 2 2 2 2 2 2 2 2 2 2 2 2 2 2 2 2 2 2 2 2 2 2 2 4 2 4 4 4 4 4 4 4 4
 2 2 2 2 2 2 2 2 2 2 2 2 2 2 2 2 2 2 2 2 2 2 2 2 2 2 2 2 2 2 2 2 2 2 2 4 4
 4 4 4 2 4 2 2 2 2 2 2 2 2 2 2 2 2 2 2 2 2 2 2 2 2 2 2 2 2 2 2 2 2 2 2 2 2
 2 2 2 2 2 2 2 2 2 2 2 2 2 2 2 2 2 2 2 2 2 2 2 2 2 2 2 2 2 2 2 2 2 2 2 2 2
 2 2 2 2 2 2 2 2 2 2 2 2 2 2 2 2 2 2 2 2 2 2 2 2 2 2 2 2 2 2 2 2 2 2 2 2 2
 2 2 2 2 2 2 2 2 2 2 2 2 2 2 2 2 2 2 2 2 2 2 2 2 2 2 2 2 2 2 2 2 2 2 2 2 2
 2 2 2 2 2 2 2 2 2 2 2 2 2 2 2 2 2 2 2 2 2 2 2 2 2 2 2 2 2 2 2 2 2 2 2 2 2
 2 2 2 2 2 2 2 2 2 2 2 2 2 2 2 2 2 2 2 2 2 2 2 2 2 2 2 2 2 2 2 2 2 2 2 2 2
 2 2 2 2 2 2 2 2 2 2 2 2 2 2 2 2 2 2 2 2 2 2 2 2 2 2 2 2 2 2 2 2 2 2 2 2 2
 2 2 2 2 2 2 2 2 2 2 2 2 2 2 2 2 2 2 2 2 2 2 2 2 2 2 2 2 2 2 2 2 2 2 2 2 2
 2 2 2 2 2 2 2 2 2 2 2 2 2 2 2 2 2 2 2 2 2 2 2 2 2 2 2 2 2 2 2 2 2 2 2 2 2
 2 2 2 2 2 2 2 2 2 2 2 2 2 2 2 2 2 2 2 2 2 2 2 2 2 2 2 2 2 2 2 2 2 2 2 2 2
 2 2 2 2 2 2 2 2 2 2 2 2 2 2 2 2 2 2 2 2 2 2 2 2 2 2 2 2 2 2 2 2 2 2 2 2 2
 2 2 2 2 2 2 2 2 2 2 2 2 2 2 2 2 2 2 2 2 2 2 2 2 2 2 2 2 2 2 2 2 2 2 2 2 2
 2 2 2 2 2 2 2 4 2 4 4 4 4 4 2 2 2 2 2 2 2 2 2 2 2 2 2 2 2 2 2 2 2 2 2 2 2
 2 2 2 2 2 2 2 2 2 2 4 4 4 4 4 4 4 4 4 4 2 4 2 2 2 2 2 2 2 2 2 2 2 2 2 2 2
 2 2 2 2 2 2 2 2 2 2 2 2 2 2 2 2 4 4 4 4 4 4 4 4 4 4 4 4 4 2 2 2 2 2 2 2 2
 2 2 2 2 2 2 2 2 2 2 2 2 2 2 2 2 2 2 2 2 4 4 4 4 4 4 4 4 4 4 4 4 4 4 4 4 2
 2 2 2 2 2 2 2 2 2 2 2 2 2 2 2 2 2 2 2 2 2 2 2 2 2 4 4 4 4 4 4 4 4 4 4 4 4
 4 4 4 4 2 4 2 2 2 2 2 2 2 2 2 2 2 2 2 2 2 2 2 2 2 2 2 2 2 2 2 4 4 4 4 4 4
 4]
ind_k_state =  [   0    4    8   12   16   20   24   28   32   36   40   42   44   46
   48   50   52   54   56   58   60   62   64   66   68   70   72   74
   76   78   80   82   84   86   88   90   92   94   96  100  104  108
  112  116  120  124  128  132  136  140  144  148  152  156  160  164
  166  168  170  172  174  176  178  180  182  184  186  188  190  192
  194  196  198  200  202  204  206  208  210  212  214  218  220  224
  228  232  236  240  244  248  252  256  260  264  268  272  276  280
  284  286  288  290  292  294  296  298  300  302  304  306  308  310
  312  314  316  318  320  322  324  326  328  330  332  334  336  340
  344  348  352  356  360  364  368  372  376  380  384  388  392  396
  400  402  404  406  408  410  412  414  416  418  420  422  424  426
  428  430  432  434  436  438  440  442  444  446  448  450  452  454
  456  460  464  468  472  476  480  484  488  492  496  500  504  508
  510  512  514  516  518  520  522  524  526  528  530  532  534  536
  538  540  542  544  546  548  550  552  554  556  558  560  562  564
  566  568  570  574  576  580  584  588  592  596  600  604  608  610
  612  614  616  618  620  622  624  626  628  630  632  634  636  638
  640  642  644  646  648  650  652  654  656  658  660  662  664  666
  668  670  672  674  676  678  682  686  690  694  698  700  704  706
  708  710  712  714  716  718  720  722  724  726  728  730  732  734
  736  738  740  742  744  746  748  750  752  754  756  758  760  762
  764  766  768  770  772  774  776  778  780  782  784  786  788  790
  792  794  796  798  800  802  804  806  808  810  812  814  816  818
  820  822  824  826  828  830  832  834  836  838  840  842  844  846
  848  850  852  854  856  858  860  862  864  866  868  870  872  874
  876  878  880  882  884  886  888  890  892  894  896  898  900  902
  904  906  908  910  912  914  916  918  920  922  924  926  928  930
  932  934  936  938  940  942  944  946  948  950  952  954  956  958
  960  962  964  966  968  970  972  974  976  978  980  982  984  986
  988  990  992  994  996  998 1000 1002 1004 1006 1008 1010 1012 1014
 1016 1018 1020 1022 1024 1026 1028 1030 1032 1034 1036 1038 1040 1042
 1044 1046 1048 1050 1052 1054 1056 1058 1060 1062 1064 1066 1068 1070
 1072 1074 1076 1078 1080 1082 1084 1086 1088 1090 1092 1094 1096 1098
 1100 1102 1104 1106 1108 1110 1112 1114 1116 1118 1120 1122 1124 1126
 1128 1130 1132 1134 1136 1138 1140 1142 1144 1146 1148 1150 1152 1154
 1156 1158 1160 1162 1164 1166 1168 1170 1172 1174 1176 1178 1180 1182
 1184 1186 1188 1190 1192 1194 1196 1198 1200 1202 1204 1206 1208 1210
 1212 1214 1216 1218 1220 1222 1224 1226 1228 1230 1232 1234 1236 1238
 1240 1242 1244 1246 1248 1250 1252 1254 1256 1258 1260 1262 1264 1266
 1268 1270 1272 1274 1276 1278 1280 1282 1284 1286 1288 1290 1292 1294
 1296 1298 1300 1302 1304 1306 1308 1310 1312 1314 1316 1318 1320 1322
 1324 1326 1328 1330 1332 1334 1336 1338 1340 1342 1344 1346 1348 1350
 1352 1354 1356 1358 1360 1362 1364 1366 1368 1370 1372 1374 1376 1378
 1380 1382 1384 1386 1388 1390 1392 1394 1396 1398 1400 1402 1404 1406
 1408 1410 1412 1414 1416 1418 1420 1422 1424 1426 1428 1430 1432 1434
 1436 1438 1440 1442 1444 1446 1448 1450 1452 1454 1456 1458 1460 1462
 1464 1466 1468 1470 1472 1474 1476 1478 1480 1482 1484 1486 1488 1490
 1492 1494 1496 1498 1500 1502 1504 1506 1508 1510 1512 1514 1516 1518
 1520 1522 1524 1526 1528 1530 1532 1534 1536 1538 1540 1542 1544 1546
 1548 1550 1552 1554 1556 1558 1560 1562 1564 1566 1568 1570 1572 1574
 1576 1578 1580 1582 1584 1586 1588 1590 1592 1594 1596 1600 1602 1606
 1610 1614 1618 1622 1624 1626 1628 1630 1632 1634 1636 1638 1640 1642
 1644 1646 1648 1650 1652 1654 1656 1658 1660 1662 1664 1666 1668 1670
 1672 1674 1676 1678 1680 1682 1684 1686 1688 1692 1696 1700 1704 1708
 1712 1716 1720 1724 1728 1730 1734 1736 1738 1740 1742 1744 1746 1748
 1750 1752 1754 1756 1758 1760 1762 1764 1766 1768 1770 1772 1774 1776
 1778 1780 1782 1784 1786 1788 1790 1792 1794 1796 1800 1804 1808 1812
 1816 1820 1824 1828 1832 1836 1840 1844 1848 1850 1852 1854 1856 1858
 1860 1862 1864 1866 1868 1870 1872 1874 1876 1878 1880 1882 1884 1886
 1888 1890 1892 1894 1896 1898 1900 1902 1904 1908 1912 1916 1920 1924
 1928 1932 1936 1940 1944 1948 1952 1956 1960 1964 1968 1970 1972 1974
 1976 1978 1980 1982 1984 1986 1988 1990 1992 1994 1996 1998 2000 2002
 2004 2006 2008 2010 2012 2014 2016 2018 2020 2024 2028 2032 2036 2040
 2044 2048 2052 2056 2060 2064 2068 2072 2076 2080 2084 2086 2090 2092
 2094 2096 2098 2100 2102 2104 2106 2108 2110 2112 2114 2116 2118 2120
 2122 2124 2126 2128 2130 2132 2134 2136 2138 2140 2144 2148 2152 2156
 2160 2164 2168]

--------------------------------------------------
rule out electronic states outside the energy window [emin, emax]
--------------------------------------------------
time for electron:  0.5091736176982522

##################################################
read and compute e-ph quantities
##################################################
time for e-ph setup:  11.430441341828555

--------------------------------------------------
carrier transport from conventional method
--------------------------------------------------
carrier lifetime (rate average) in ps:  0.7242965954477427
carrier lifetime (time average) in ps:  0.8171221309271823
momentum lifetime (rate average) in ps:  0.8583154479629618
momentum lifetime (time average) in ps:  0.9463104103333667
momentum lifetime (type 2, rate average) in ps:  2.495763241276169
momentum lifetime (type 2, time average) in ps:  0.944738739611498
average of v^2 =  [6.61302e-02 6.61302e-02 1.18841e-12]
Fermi velocity in m/s =  [5.62582e+05 5.62582e+05 2.38489e+00]
conductivity using tau in S =  [9.75027e-03 9.75022e-03 1.23543e-13]
conductivity using taum in S =  [1.13477e-02 1.13345e-02 1.53866e-13]
conductivity using taum2 in S =  [1.13508e-02 1.13381e-02 1.53747e-13]
mobility (n=|ne-nh|) using tau in cm^2/V/s =  [4.19941e+04 4.19939e+04 5.32095e-07]
mobility (n=|ne-nh|) using taum in cm^2/V/s =  [4.88743e+04 4.88175e+04 6.62696e-07]
mobility (n=|ne-nh|) using taum2 in cm^2/V/s =  [4.88876e+04 4.88330e+04 6.62182e-07]
mobility (n=ne+nh) using tau in cm^2/V/s =  [4.18912e+04 4.18909e+04 5.30791e-07]
mobility (n=ne+nh) using taum in cm^2/V/s =  [4.87544e+04 4.86978e+04 6.61071e-07]
mobility (n=ne+nh) using taum2 in cm^2/V/s =  [4.87677e+04 4.87133e+04 6.60558e-07]
time for compute_carrier_transport_conventional:  0.24074245989322662
carrier lifetime (rate average) in ps:  0.7242965954477427
effetive lifetime (single element of rho, rate average) in ps:  0.5406585233515282
time for e-ph:  0.30984493531286716

time for set up and some simple analysis:  12.286116782110184

##################################################
solving spin lifetimes via linear algebra and analysis decay modes
##################################################

--------------------------------------------------
solve -L x = x e :
--------------------------------------------------
rates:
 [-2.61585e-18-5.54574e-20j  1.51594e-08-2.13061e-08j
  1.51594e-08+2.13061e-08j  2.18481e-08-1.93121e-19j
  2.83609e-06-7.87741e-20j  2.84519e-06+2.13099e-08j
  2.84519e-06-2.13099e-08j  2.86219e-06-9.48057e-20j
  1.24603e-05+3.32222e-19j  1.24926e-05-2.13286e-08j]
spin lifetimes in ps:
 [-9.24703e+12  1.59563e+03  1.59563e+03  1.10714e+03  8.52894e+00
  8.50165e+00  8.50165e+00  8.45115e+00  1.94127e+00  1.93626e+00]
precession freq. in au:
 [-5.54574e-20 -2.13061e-08  2.13061e-08 -1.93121e-19 -7.87741e-20
  2.13099e-08 -2.13099e-08 -9.48057e-20  3.32222e-19 -2.13286e-08]
short lifetimes in ps:
 [0.06073 0.06072 0.06072 0.06071 0.06071 0.06071 0.06071 0.0607  0.0607
 0.06069]

time for solving lifetimes via lin. alg.:  3.319323282223195

Analyse decay mode:

The 4 observables and perturbations are:
n, sx, sy, sz
ob. proj. to VR = 
 [[ 6.77343e-01-6.52975e-12j  0.00000e+00+0.00000e+00j
   0.00000e+00+0.00000e+00j  0.00000e+00+0.00000e+00j
   0.00000e+00+0.00000e+00j  0.00000e+00+0.00000e+00j
   0.00000e+00+0.00000e+00j  0.00000e+00+0.00000e+00j]
 [ 0.00000e+00+0.00000e+00j  1.99643e-01-1.32445e-01j
  -1.32440e-01-1.99782e-01j  0.00000e+00+0.00000e+00j
   0.00000e+00+0.00000e+00j -4.95714e-03-7.47764e-03j
  -7.47247e-03+4.95718e-03j  0.00000e+00+0.00000e+00j]
 [ 0.00000e+00+0.00000e+00j  1.99643e-01+1.32445e-01j
  -1.32440e-01+1.99782e-01j  0.00000e+00+0.00000e+00j
   0.00000e+00+0.00000e+00j -4.95714e-03+7.47764e-03j
  -7.47247e-03-4.95718e-03j  0.00000e+00+0.00000e+00j]
 [ 0.00000e+00+0.00000e+00j  0.00000e+00+0.00000e+00j
   0.00000e+00+0.00000e+00j  3.38609e-01+1.17825e-02j
   0.00000e+00+0.00000e+00j  0.00000e+00+0.00000e+00j
   0.00000e+00+0.00000e+00j  0.00000e+00+0.00000e+00j]
 [ 0.00000e+00+0.00000e+00j  0.00000e+00+0.00000e+00j
   0.00000e+00+0.00000e+00j  0.00000e+00+0.00000e+00j
   4.75878e-01+3.16437e-12j  0.00000e+00+0.00000e+00j
   0.00000e+00+0.00000e+00j  0.00000e+00+0.00000e+00j]
 [ 0.00000e+00+0.00000e+00j -6.51133e-03+6.12553e-05j
  -5.82376e-05-6.50731e-03j  0.00000e+00+0.00000e+00j
   0.00000e+00+0.00000e+00j -1.50920e-03-1.68550e-01j
   1.68656e-01-1.58433e-03j  0.00000e+00+0.00000e+00j]
 [ 0.00000e+00+0.00000e+00j -6.51133e-03-6.12553e-05j
  -5.82376e-05+6.50731e-03j  0.00000e+00+0.00000e+00j
   0.00000e+00+0.00000e+00j -1.50920e-03+1.68550e-01j
   1.68656e-01+1.58433e-03j  0.00000e+00+0.00000e+00j]
 [ 0.00000e+00+0.00000e+00j  0.00000e+00+0.00000e+00j
   0.00000e+00+0.00000e+00j  0.00000e+00+0.00000e+00j
   0.00000e+00+0.00000e+00j  0.00000e+00+0.00000e+00j
   0.00000e+00+0.00000e+00j  2.38002e-01+7.48198e-03j]
 [ 0.00000e+00+0.00000e+00j  0.00000e+00+0.00000e+00j
   0.00000e+00+0.00000e+00j  0.00000e+00+0.00000e+00j
  -9.56571e-03-1.27876e-14j  0.00000e+00+0.00000e+00j
   0.00000e+00+0.00000e+00j  0.00000e+00+0.00000e+00j]
 [ 0.00000e+00+0.00000e+00j  3.68751e-04+2.32447e-04j
   2.31446e-04-3.68297e-04j  0.00000e+00+0.00000e+00j
   0.00000e+00+0.00000e+00j -1.84006e-03+2.92729e-03j
   2.92976e-03+1.84758e-03j  0.00000e+00+0.00000e+00j]]
rhopert. proj. to VL = 
 [[-6.77343e-01-6.52975e-12j  0.00000e+00+0.00000e+00j
   0.00000e+00+0.00000e+00j  0.00000e+00+0.00000e+00j
   0.00000e+00+0.00000e+00j  0.00000e+00+0.00000e+00j
   0.00000e+00+0.00000e+00j  0.00000e+00+0.00000e+00j]
 [ 0.00000e+00+0.00000e+00j -3.99784e-01-2.65025e-01j
   2.65037e-01-3.99508e-01j  0.00000e+00+0.00000e+00j
   0.00000e+00+0.00000e+00j -9.92028e-03+1.49531e-02j
  -1.49635e-02-9.91950e-03j  0.00000e+00+0.00000e+00j]
 [ 0.00000e+00+0.00000e+00j -3.99784e-01+2.65025e-01j
   2.65037e-01+3.99508e-01j  0.00000e+00+0.00000e+00j
   0.00000e+00+0.00000e+00j -9.92028e-03-1.49531e-02j
  -1.49635e-02+9.91950e-03j  0.00000e+00+0.00000e+00j]
 [ 0.00000e+00+0.00000e+00j  0.00000e+00+0.00000e+00j
   0.00000e+00+0.00000e+00j -6.77245e-01+2.35659e-02j
   0.00000e+00+0.00000e+00j  0.00000e+00+0.00000e+00j
   0.00000e+00+0.00000e+00j  0.00000e+00+0.00000e+00j]
 [ 0.00000e+00+0.00000e+00j  0.00000e+00+0.00000e+00j
   0.00000e+00+0.00000e+00j  0.00000e+00+0.00000e+00j
  -9.33663e-01+6.20753e-12j  0.00000e+00+0.00000e+00j
   0.00000e+00+0.00000e+00j -1.81470e-04-2.06895e-12j]
 [ 0.00000e+00+0.00000e+00j -2.54775e-02-2.28251e-04j
  -2.39188e-04+2.54938e-02j  0.00000e+00+0.00000e+00j
   0.00000e+00+0.00000e+00j  6.20457e-03-6.60332e-01j
  -6.59916e-01-5.90905e-03j  0.00000e+00+0.00000e+00j]
 [ 0.00000e+00+0.00000e+00j -2.54775e-02+2.28251e-04j
  -2.39188e-04-2.54938e-02j  0.00000e+00+0.00000e+00j
   0.00000e+00+0.00000e+00j  6.20457e-03+6.60332e-01j
  -6.59916e-01+5.90905e-03j  0.00000e+00+0.00000e+00j]
 [ 0.00000e+00+0.00000e+00j  0.00000e+00+0.00000e+00j
   0.00000e+00+0.00000e+00j  0.00000e+00+0.00000e+00j
   1.83274e-04-5.76151e-06j  0.00000e+00+0.00000e+00j
   0.00000e+00+0.00000e+00j -9.33652e-01+2.93508e-02j]
 [ 0.00000e+00+0.00000e+00j  0.00000e+00+0.00000e+00j
   0.00000e+00+0.00000e+00j  0.00000e+00+0.00000e+00j
   1.53611e-02-1.48343e-14j  0.00000e+00+0.00000e+00j
   0.00000e+00+0.00000e+00j  0.00000e+00+0.00000e+00j]
 [ 0.00000e+00+0.00000e+00j  1.18024e-03-7.42190e-04j
   7.45504e-04+1.18173e-03j  0.00000e+00+0.00000e+00j
   0.00000e+00+0.00000e+00j  5.92445e-03+9.39076e-03j
  -9.38214e-03+5.89573e-03j -1.12727e-04-1.77952e-04j]]
ob. of pert:
 [[-4.58794e-01  0.00000e+00  0.00000e+00  6.07750e-07  0.00000e+00
   0.00000e+00  0.00000e+00 -5.24318e-06]
 [ 0.00000e+00 -2.29397e-01  0.00000e+00  0.00000e+00  0.00000e+00
   0.00000e+00  0.00000e+00  0.00000e+00]
 [ 0.00000e+00  0.00000e+00 -2.29397e-01  0.00000e+00  0.00000e+00
   0.00000e+00  0.00000e+00  0.00000e+00]
 [ 0.00000e+00  0.00000e+00  0.00000e+00 -2.29397e-01 -1.04864e-05
   0.00000e+00  0.00000e+00  0.00000e+00]
 [ 0.00000e+00  0.00000e+00  0.00000e+00 -5.24318e-06 -4.58794e-01
   0.00000e+00  0.00000e+00  6.07750e-07]
 [ 0.00000e+00  0.00000e+00  0.00000e+00  0.00000e+00  0.00000e+00
  -2.29397e-01  0.00000e+00  0.00000e+00]
 [ 0.00000e+00  0.00000e+00  0.00000e+00  0.00000e+00  0.00000e+00
   0.00000e+00 -2.29397e-01  0.00000e+00]
 [ 0.00000e+00  0.00000e+00  0.00000e+00  0.00000e+00  0.00000e+00
   0.00000e+00  0.00000e+00 -2.29397e-01]]

mode  0  with rate  -3.8228482962823917e+17
pert. and ob.:
 [[-4.58794e-01  0.00000e+00  0.00000e+00  6.07807e-07  0.00000e+00
   0.00000e+00  0.00000e+00 -5.24319e-06]
 [ 0.00000e+00  0.00000e+00  0.00000e+00  0.00000e+00  0.00000e+00
   0.00000e+00  0.00000e+00  0.00000e+00]
 [ 0.00000e+00  0.00000e+00  0.00000e+00  0.00000e+00  0.00000e+00
   0.00000e+00  0.00000e+00  0.00000e+00]
 [ 0.00000e+00  0.00000e+00  0.00000e+00  0.00000e+00  0.00000e+00
   0.00000e+00  0.00000e+00  0.00000e+00]
 [ 0.00000e+00  0.00000e+00  0.00000e+00  0.00000e+00  0.00000e+00
   0.00000e+00  0.00000e+00  0.00000e+00]
 [ 0.00000e+00  0.00000e+00  0.00000e+00  0.00000e+00  0.00000e+00
   0.00000e+00  0.00000e+00  0.00000e+00]
 [ 0.00000e+00  0.00000e+00  0.00000e+00  0.00000e+00  0.00000e+00
   0.00000e+00  0.00000e+00  0.00000e+00]
 [ 0.00000e+00  0.00000e+00  0.00000e+00  0.00000e+00  0.00000e+00
   0.00000e+00  0.00000e+00  0.00000e+00]]

mode  1  with rate  65965690.84217726
pert. and ob.:
 [[ 0.00000e+00  0.00000e+00  0.00000e+00  0.00000e+00  0.00000e+00
   0.00000e+00  0.00000e+00  0.00000e+00]
 [ 0.00000e+00 -1.14916e-01  1.65631e-07 -6.87127e-06  0.00000e+00
   2.31765e-08  4.30115e-03  2.77040e-06]
 [ 0.00000e+00  0.00000e+00 -1.14916e-01  5.97628e-06  0.00000e+00
  -4.30120e-03 -4.78915e-08 -7.32774e-07]
 [ 0.00000e+00  1.18792e-05  1.72569e-06  0.00000e+00  0.00000e+00
   6.45895e-08 -4.44624e-07  0.00000e+00]
 [ 0.00000e+00  0.00000e+00  0.00000e+00  0.00000e+00  0.00000e+00
   0.00000e+00  0.00000e+00  0.00000e+00]
 [ 0.00000e+00 -4.72218e-08  4.30120e-03 -2.23690e-07  0.00000e+00
   1.60990e-04  0.00000e+00  2.74283e-08]
 [ 0.00000e+00 -4.30115e-03  2.26236e-08 -2.57184e-07  0.00000e+00
   0.00000e+00  1.60987e-04  1.03693e-07]
 [ 0.00000e+00 -2.75620e-06  7.79117e-07  0.00000e+00  0.00000e+00
   2.91621e-08  1.03161e-07  0.00000e+00]]

mode  2  with rate  65965690.84049064
pert. and ob.:
 [[ 0.00000e+00  0.00000e+00  0.00000e+00  0.00000e+00  0.00000e+00
   0.00000e+00  0.00000e+00  0.00000e+00]
 [ 0.00000e+00 -1.14916e-01  1.65633e-07 -6.87127e-06  0.00000e+00
   2.31765e-08  4.30115e-03  2.77040e-06]
 [ 0.00000e+00  0.00000e+00 -1.14916e-01  5.97629e-06  0.00000e+00
  -4.30120e-03 -4.78916e-08 -7.32774e-07]
 [ 0.00000e+00  1.18792e-05  1.72569e-06  0.00000e+00  0.00000e+00
   6.45893e-08 -4.44625e-07  0.00000e+00]
 [ 0.00000e+00  0.00000e+00  0.00000e+00  0.00000e+00  0.00000e+00
   0.00000e+00  0.00000e+00  0.00000e+00]
 [ 0.00000e+00 -4.72219e-08  4.30120e-03 -2.23690e-07  0.00000e+00
   1.60990e-04  0.00000e+00  2.74283e-08]
 [ 0.00000e+00 -4.30115e-03  2.26237e-08 -2.57184e-07  0.00000e+00
   0.00000e+00  1.60987e-04  1.03693e-07]
 [ 0.00000e+00 -2.75620e-06  7.79117e-07  0.00000e+00  0.00000e+00
   2.91621e-08  1.03161e-07  0.00000e+00]]

mode  3  with rate  45770575.484288976
pert. and ob.:
 [[ 0.00000e+00  0.00000e+00  0.00000e+00  0.00000e+00  0.00000e+00
   0.00000e+00  0.00000e+00  0.00000e+00]
 [ 0.00000e+00  0.00000e+00  0.00000e+00  1.36791e-05  0.00000e+00
   0.00000e+00  0.00000e+00  0.00000e+00]
 [ 0.00000e+00  0.00000e+00  0.00000e+00 -1.21725e-05  0.00000e+00
   0.00000e+00  0.00000e+00  0.00000e+00]
 [ 0.00000e+00 -2.38183e-05 -3.67159e-06 -2.29599e-01 -1.06055e-05
  -5.67664e-06  2.36606e-06 -4.51514e-08]
 [ 0.00000e+00  0.00000e+00  0.00000e+00 -5.30264e-06  0.00000e+00
   0.00000e+00  0.00000e+00  0.00000e+00]
 [ 0.00000e+00  0.00000e+00  0.00000e+00  5.96603e-06  0.00000e+00
   0.00000e+00  0.00000e+00  0.00000e+00]
 [ 0.00000e+00  0.00000e+00  0.00000e+00 -1.05751e-06  0.00000e+00
   0.00000e+00  0.00000e+00  0.00000e+00]
 [ 0.00000e+00  0.00000e+00  0.00000e+00 -4.47659e-08  0.00000e+00
   0.00000e+00  0.00000e+00  0.00000e+00]]

mode  4  with rate  352598.15092744003
pert. and ob.:
 [[ 0.00000e+00  0.00000e+00  0.00000e+00  0.00000e+00  0.00000e+00
   0.00000e+00  0.00000e+00  0.00000e+00]
 [ 0.00000e+00  0.00000e+00  0.00000e+00  0.00000e+00  1.02992e-07
   0.00000e+00  0.00000e+00  0.00000e+00]
 [ 0.00000e+00  0.00000e+00  0.00000e+00  0.00000e+00  0.00000e+00
   0.00000e+00  0.00000e+00  0.00000e+00]
 [ 0.00000e+00  0.00000e+00  0.00000e+00  0.00000e+00  1.27381e-07
   0.00000e+00  0.00000e+00  0.00000e+00]
 [ 0.00000e+00 -4.78595e-08  4.22497e-08  6.35435e-08 -4.44310e-01
   1.08290e-06  1.27509e-06 -4.30753e-05]
 [ 0.00000e+00  0.00000e+00  0.00000e+00  0.00000e+00 -2.53604e-08
   0.00000e+00  0.00000e+00  0.00000e+00]
 [ 0.00000e+00  0.00000e+00  0.00000e+00  0.00000e+00  2.72273e-06
   0.00000e+00  0.00000e+00  0.00000e+00]
 [ 0.00000e+00  0.00000e+00  0.00000e+00  0.00000e+00 -8.63575e-05
   0.00000e+00  0.00000e+00  0.00000e+00]]

mode  5  with rate  351469.9542255035
pert. and ob.:
 [[ 0.00000e+00  0.00000e+00  0.00000e+00  0.00000e+00  0.00000e+00
   0.00000e+00  0.00000e+00  0.00000e+00]
 [ 0.00000e+00  1.65906e-04  0.00000e+00  3.60167e-08 -5.24776e-08
  -2.09706e-08 -4.29730e-03 -3.73538e-07]
 [ 0.00000e+00  0.00000e+00  1.65910e-04  1.21111e-07  0.00000e+00
   4.29735e-03  5.00692e-08 -3.48298e-07]
 [ 0.00000e+00  3.41444e-08  1.21680e-07  0.00000e+00  0.00000e+00
   3.15172e-06 -8.84449e-07  0.00000e+00]
 [ 0.00000e+00  2.45539e-08 -2.09177e-08  0.00000e+00  0.00000e+00
  -5.41800e-07 -6.35986e-07  0.00000e+00]
 [ 0.00000e+00  4.88387e-08 -4.29735e-03 -3.13700e-06  1.30615e-08
  -1.11308e-01  2.53864e-07  9.02163e-06]
 [ 0.00000e+00  4.29730e-03 -2.00375e-08  9.32918e-07 -1.35927e-06
  -2.09985e-08 -1.11308e-01 -9.67540e-06]
 [ 0.00000e+00  1.51033e-07 -3.92895e-07  0.00000e+00  0.00000e+00
  -1.01766e-05 -3.91191e-06  0.00000e+00]]

mode  6  with rate  351469.95422543585
pert. and ob.:
 [[ 0.00000e+00  0.00000e+00  0.00000e+00  0.00000e+00  0.00000e+00
   0.00000e+00  0.00000e+00  0.00000e+00]
 [ 0.00000e+00  1.65906e-04  0.00000e+00  3.60167e-08 -5.24776e-08
  -2.09706e-08 -4.29730e-03 -3.73538e-07]
 [ 0.00000e+00  0.00000e+00  1.65910e-04  1.21111e-07  0.00000e+00
   4.29735e-03  5.00692e-08 -3.48298e-07]
 [ 0.00000e+00  3.41444e-08  1.21680e-07  0.00000e+00  0.00000e+00
   3.15172e-06 -8.84449e-07  0.00000e+00]
 [ 0.00000e+00  2.45538e-08 -2.09178e-08  0.00000e+00  0.00000e+00
  -5.41802e-07 -6.35984e-07  0.00000e+00]
 [ 0.00000e+00  4.88387e-08 -4.29735e-03 -3.13700e-06  1.30653e-08
  -1.11308e-01  2.53863e-07  9.02163e-06]
 [ 0.00000e+00  4.29730e-03 -2.00375e-08  9.32918e-07 -1.35927e-06
  -2.09990e-08 -1.11308e-01 -9.67540e-06]
 [ 0.00000e+00  1.51033e-07 -3.92896e-07  0.00000e+00  0.00000e+00
  -1.01766e-05 -3.91191e-06  0.00000e+00]]

mode  7  with rate  349382.31226277445
pert. and ob.:
 [[ 0.00000e+00  0.00000e+00  0.00000e+00  0.00000e+00  0.00000e+00
   0.00000e+00  0.00000e+00  0.00000e+00]
 [ 0.00000e+00  0.00000e+00  0.00000e+00  0.00000e+00  0.00000e+00
   0.00000e+00  0.00000e+00 -5.55910e-06]
 [ 0.00000e+00  0.00000e+00  0.00000e+00  0.00000e+00  0.00000e+00
   0.00000e+00  0.00000e+00  2.45504e-06]
 [ 0.00000e+00  0.00000e+00  0.00000e+00  0.00000e+00  0.00000e+00
   0.00000e+00  0.00000e+00  5.76625e-08]
 [ 0.00000e+00  0.00000e+00  0.00000e+00  0.00000e+00 -1.71133e-08
   0.00000e+00  0.00000e+00  4.36628e-05]
 [ 0.00000e+00  0.00000e+00  0.00000e+00  0.00000e+00  0.00000e+00
   0.00000e+00  0.00000e+00 -1.81039e-05]
 [ 0.00000e+00  0.00000e+00  0.00000e+00  0.00000e+00  0.00000e+00
   0.00000e+00  0.00000e+00  1.91361e-05]
 [ 0.00000e+00  5.97513e-06 -1.06623e-06  5.69195e-08  8.71803e-05
   2.02888e-05  7.61129e-06 -2.22431e-01]]

mode  8  with rate  80254.89988983629
pert. and ob.:
 [[ 0.00000e+00  0.00000e+00  0.00000e+00  0.00000e+00  0.00000e+00
   0.00000e+00  0.00000e+00  0.00000e+00]
 [ 0.00000e+00  0.00000e+00  0.00000e+00  0.00000e+00 -2.05516e-08
   0.00000e+00  0.00000e+00  0.00000e+00]
 [ 0.00000e+00  0.00000e+00  0.00000e+00  0.00000e+00 -1.32362e-08
   0.00000e+00  0.00000e+00  0.00000e+00]
 [ 0.00000e+00  0.00000e+00  0.00000e+00  0.00000e+00  7.00180e-08
   0.00000e+00  0.00000e+00  0.00000e+00]
 [ 0.00000e+00  0.00000e+00 -1.22178e-08  3.49563e-08 -1.46940e-04
   9.58642e-08  2.28999e-08 -5.04683e-08]
 [ 0.00000e+00  0.00000e+00  0.00000e+00  0.00000e+00 -1.03960e-07
   0.00000e+00  0.00000e+00  0.00000e+00]
 [ 0.00000e+00  0.00000e+00  0.00000e+00  0.00000e+00  1.59671e-07
   0.00000e+00  0.00000e+00  0.00000e+00]
 [ 0.00000e+00  0.00000e+00  0.00000e+00  0.00000e+00 -9.77169e-08
   0.00000e+00  0.00000e+00  0.00000e+00]]

mode  9  with rate  80047.55055519576
pert. and ob.:
 [[ 0.00000e+00  0.00000e+00  0.00000e+00  0.00000e+00  0.00000e+00
   0.00000e+00  0.00000e+00  0.00000e+00]
 [ 0.00000e+00  6.07734e-07  0.00000e+00  0.00000e+00  1.04437e-08
   0.00000e+00  4.82906e-06 -6.93112e-08]
 [ 0.00000e+00  0.00000e+00  6.07773e-07 -1.04322e-08  0.00000e+00
  -4.83105e-06  0.00000e+00 -6.02083e-08]
 [ 0.00000e+00  0.00000e+00 -1.04780e-08  0.00000e+00  0.00000e+00
   8.32919e-08 -3.88682e-08  0.00000e+00]
 [ 0.00000e+00  0.00000e+00  0.00000e+00  0.00000e+00  0.00000e+00
  -5.10629e-08 -1.01246e-08  0.00000e+00]
 [ 0.00000e+00  0.00000e+00  4.82978e-06 -8.29020e-08  5.80540e-08
  -3.83908e-05  0.00000e+00 -4.78466e-07]
 [ 0.00000e+00 -4.83012e-06  0.00000e+00  3.96406e-08 -8.30228e-08
   0.00000e+00 -3.83803e-05  5.51023e-07]
 [ 0.00000e+00  0.00000e+00 -9.16292e-08  0.00000e+00  0.00000e+00
   7.28340e-07  0.00000e+00  0.00000e+00]]

do real-time dynamics with tmax (in ps)  1595.633756705404
5600  (of  5600 ) modes are considered in real-time simulation
Sxt_sxpert (exp): tau =  762.7633065658499  ps
Sxt_sxpert (exp cos phi=0): tau =  1599.069016528247  ps  period =  7136.970355499151 ps
Sxt_sxpert (exp cos): tau =  1597.1399080606939  ps  period =  7119.785796195621 ps  phi =  -0.0036874993213305623
5600  (of  5600 ) modes are considered in real-time simulation
Syt_sypert (exp): tau =  762.3585088280365  ps
Syt_sypert (exp cos phi=0): tau =  1598.71430680813  ps  period =  7133.8034243637285 ps
Syt_sypert (exp cos): tau =  1597.1382749643149  ps  period =  7119.771577945779 ps  phi =  -0.0030114082763521128
5600  (of  5600 ) modes are considered in real-time simulation
Szt_szpert (exp): tau =  1108.1125754468128  ps
Szt_szpert (exp cos phi=0): tau =  1109.0875554835868  ps  period =  203398.47021581023 ps
Szt_szpert (exp cos): tau =  1109.0869680869282  ps  period =  -203410.81596254377 ps  phi =  1.2339243491934336e-05
<s|UR>:
 [[ 0.19964-0.13245j  0.19964+0.13245j]
 [-0.13244-0.19978j -0.13244+0.19978j]]
normR_rotate =  [1.47878 1.47878]
normL_rotate =  [1.47878 1.47878]
<s|UR>:
 [[ 6.77797e-01+1.07210e-16j  1.01915e-17-7.29054e-17j]
 [-6.63044e-16+4.18506e-16j  6.77797e-01+5.15374e-16j]]
oUs_rotate:
 [[ 1.00000e+00+8.62507e-17j -1.81727e-14-1.47257e-15j]
 [-1.82325e-14+1.44213e-15j  1.00000e+00-8.11550e-17j]]

time for spin lifetime:  9.070304715074599

##################################################
solving lifetimes approximately
##################################################

--------------------------------------------------
Rayleigh-Ritz method (material dependent):
--------------------------------------------------
Rayleigh-Ritz ( 7  vec.,   ) lifetime in ps:
 [6.99780e+05 5.41346e+03 5.41346e+03 9.56011e+00 9.56011e+00 9.54371e+00
 9.54359e+00]

Rayleigh-Ritz ( 7  vec.,  with Left ) lifetime in ps:
 [6.40106e+05 9.09453e+03 9.09453e+03 5.21165e+00 5.21165e+00 5.20879e+00
 5.20879e+00]

Rayleigh-Ritz ( 14  vec.,   ) lifetime in ps:
 [1.87697e+03 1.87697e+03 1.12633e+03 1.10478e+01 1.10134e+01 1.02352e+01
 1.02352e+01 7.13286e-01 5.68395e-01 5.68395e-01 5.68025e-01 5.68025e-01
 5.33589e-01 5.00279e-01]

Rayleigh-Ritz ( 14  vec.,  with Left ) lifetime in ps:
 [3.21835e+03 3.21835e+03 2.58207e+03 6.98333e+00 6.98333e+00 6.95224e+00
 6.93570e+00 2.31863e-01 1.97995e-01 1.97785e-01 1.41062e-01 1.40774e-01
 1.36089e-01 1.36089e-01]

Rayleigh-Ritz ( 28  vec.,   ) lifetime in ps:
 [1.38302e+03 1.38302e+03 1.04517e+03 1.11047e+01 1.10047e+01 1.08471e+01
 1.08471e+01 9.40086e-01 6.67497e-01 6.67497e-01 6.66735e-01 6.66735e-01
 5.45372e-01 4.99880e-01 3.50843e-01 3.50843e-01 3.50686e-01 3.50686e-01
 3.29090e-01 3.29090e-01 3.29088e-01 3.29088e-01 3.28519e-01 3.28519e-01
 3.28518e-01 3.28518e-01 2.70184e-01 2.70184e-01]

Rayleigh-Ritz ( 28  vec.,  with Left ) lifetime in ps:
 [ 2.46358e+03  2.46358e+03  1.65556e+03  7.19438e+00  6.97095e+00
  6.97095e+00  6.93865e+00  5.59412e-01  5.02382e-01  5.00834e-01
  3.97501e-01  3.97501e-01  3.91078e-01  3.91078e-01  3.90296e-01
  3.90296e-01  3.66176e-01  3.66176e-01  3.36976e-01  3.36976e-01
  3.36458e-01  3.36458e-01  1.65822e-01  1.40681e-01  1.40423e-01
  1.40423e-01  5.73453e-02 -3.70914e-02]

Rayleigh-Ritz ( 70  vec.,   ) lifetime in ps:
 [1.38243e+03 1.38243e+03 1.02567e+03 1.11096e+01 1.10938e+01 1.10938e+01
 8.74255e+00 9.85523e-01 9.84858e-01 9.82189e-01 7.22647e-01 5.46478e-01
 5.24519e-01 5.24519e-01 4.73714e-01 4.73714e-01 3.83174e-01 3.83174e-01
 3.82437e-01 3.82437e-01 3.76949e-01 3.76949e-01 3.72708e-01 3.72708e-01
 3.72162e-01 3.72162e-01 3.71452e-01 3.71452e-01 3.70917e-01 3.70917e-01
 3.52436e-01 3.52436e-01 3.47323e-01 3.47323e-01 3.47276e-01 3.47276e-01
 3.47045e-01 3.47045e-01 3.39618e-01 3.39618e-01 3.39578e-01 3.39578e-01
 3.39280e-01 3.39280e-01 3.32956e-01 3.32956e-01 3.32657e-01 3.32657e-01
 3.32026e-01 3.32026e-01 3.26859e-01 3.26859e-01 3.20713e-01 3.20713e-01
 3.08935e-01 3.08935e-01 3.08773e-01 3.08773e-01 3.06027e-01 3.06027e-01
 3.05881e-01 3.05881e-01 3.04122e-01 3.04122e-01 3.02202e-01 3.02202e-01
 3.02149e-01 3.02149e-01 2.02490e-01 1.00812e-01]

Rayleigh-Ritz ( 70  vec.,  with Left ) lifetime in ps:
 [ 1.81456e+03  1.81456e+03  1.26485e+03  8.13220e+00  6.91829e+00
  6.90835e+00  6.90835e+00  8.21779e-01  8.18420e-01  8.13318e-01
  4.59720e-01  4.59720e-01  4.13744e-01  4.13744e-01  4.11917e-01
  4.11917e-01  4.07734e-01  4.07734e-01  4.06154e-01  4.06154e-01
  3.97995e-01  3.97995e-01  3.93879e-01  3.93879e-01  3.91154e-01
  3.91154e-01  3.87777e-01  3.87777e-01  3.87451e-01  3.87451e-01
  3.86864e-01  3.86864e-01  3.86441e-01  3.86441e-01  3.80033e-01
  3.80033e-01  3.79757e-01  3.79757e-01  3.78876e-01  3.78876e-01
  3.78470e-01  3.78470e-01  3.74377e-01  3.74377e-01  3.73553e-01
  3.73553e-01  3.59615e-01  3.59615e-01  3.58588e-01  3.58588e-01
  3.48609e-01  3.38514e-01  3.38514e-01  3.37440e-01  3.37440e-01
 -3.34623e-01 -3.34623e-01  2.33527e-01  2.33527e-01 -1.71254e-01
 -1.71254e-01 -1.70147e-01 -1.70147e-01  1.38790e-01  1.37234e-01
  1.37234e-01  1.24709e-01  8.67822e-02  8.67822e-02  7.28822e-02]

Rayleigh-Ritz ( 70  vec.,  with Left ) lifetime in ps:
 [ 1.81456e+03  1.81456e+03  1.26485e+03  8.13220e+00  6.91829e+00
  6.90835e+00  6.90835e+00  8.21779e-01  8.18420e-01  8.13318e-01
  4.59720e-01  4.59720e-01  4.13744e-01  4.13744e-01  4.11917e-01
  4.11917e-01  4.07734e-01  4.07734e-01  4.06154e-01  4.06154e-01
  3.97995e-01  3.97995e-01  3.93879e-01  3.93879e-01  3.91154e-01
  3.91154e-01  3.87777e-01  3.87777e-01  3.87451e-01  3.87451e-01
  3.86864e-01  3.86864e-01  3.86441e-01  3.86441e-01  3.80033e-01
  3.80033e-01  3.79757e-01  3.79757e-01  3.78876e-01  3.78876e-01
  3.78470e-01  3.78470e-01  3.74377e-01  3.74377e-01  3.73553e-01
  3.73553e-01  3.59615e-01  3.59615e-01  3.58588e-01  3.58588e-01
  3.48609e-01  3.38514e-01  3.38514e-01  3.37440e-01  3.37440e-01
 -3.34623e-01 -3.34623e-01  2.33527e-01  2.33527e-01 -1.71254e-01
 -1.71254e-01 -1.70147e-01 -1.70147e-01  1.38790e-01  1.37234e-01
  1.37234e-01  1.24709e-01  8.67822e-02  8.67822e-02  7.28822e-02]

Rayleigh-Ritz ( 140  vec.,   ) lifetime in ps:
 [1.39562e+03 1.39560e+03 1.02623e+03 1.10595e+01 1.09999e+01 1.09998e+01
 8.67022e+00 9.88495e-01 9.85855e-01 9.85148e-01 7.41131e-01 5.46019e-01
 5.24298e-01 5.24291e-01 5.21785e-01 5.21773e-01 5.14052e-01 5.13970e-01
 5.13698e-01 5.13624e-01 4.75301e-01 4.75301e-01 4.30737e-01 4.30681e-01
 4.03240e-01 4.03070e-01 4.01331e-01 4.01206e-01 3.93908e-01 3.93908e-01
 3.93888e-01 3.93888e-01 3.89783e-01 3.89782e-01 3.89719e-01 3.89718e-01
 3.88891e-01 3.88890e-01 3.88820e-01 3.88820e-01 3.86062e-01 3.86052e-01
 3.84952e-01 3.84952e-01 3.84274e-01 3.84273e-01 3.77897e-01 3.77888e-01
 3.77788e-01 3.77782e-01 3.76162e-01 3.76159e-01 3.76147e-01 3.76147e-01
 3.70680e-01 3.70673e-01 3.70301e-01 3.70226e-01 3.69313e-01 3.69309e-01
 3.66289e-01 3.66215e-01 3.66138e-01 3.66133e-01 3.63412e-01 3.63400e-01
 3.63226e-01 3.63219e-01 3.62900e-01 3.62890e-01 3.53189e-01 3.53189e-01
 3.52329e-01 3.52298e-01 3.48614e-01 3.48606e-01 3.44909e-01 3.44888e-01
 3.42439e-01 3.42327e-01 3.42286e-01 3.42281e-01 3.40558e-01 3.40541e-01
 3.39395e-01 3.39268e-01 3.38510e-01 3.38424e-01 3.35125e-01 3.35107e-01
 3.35029e-01 3.35003e-01 3.33072e-01 3.32888e-01 3.32710e-01 3.32698e-01
 3.29146e-01 3.29135e-01 3.26882e-01 3.26879e-01 3.26485e-01 3.26485e-01
 3.20004e-01 3.19970e-01 3.19679e-01 3.19650e-01 3.19102e-01 3.19095e-01
 3.19033e-01 3.19025e-01 3.15357e-01 3.15355e-01 3.15284e-01 3.15250e-01
 3.15250e-01 3.15243e-01 3.08362e-01 3.08290e-01 3.08286e-01 3.08284e-01
 3.07754e-01 3.07754e-01 3.06974e-01 3.06945e-01 3.06761e-01 3.06739e-01
 2.92936e-01 2.92936e-01 2.84338e-01 2.84338e-01 2.28701e-01 2.28663e-01
 2.23338e-01 2.23285e-01 2.20862e-01 2.20757e-01 2.09925e-01 1.69751e-01
 1.69751e-01 9.24731e-02]

Rayleigh-Ritz ( 140  vec.,  with Left ) lifetime in ps:
 [ 1.76293e+03  1.76292e+03  1.23410e+03  8.36517e+00  7.85445e+00
  7.80437e+00  7.80437e+00  1.76695e+00  1.76579e+00  1.71303e+00
  1.71064e+00  8.67492e-01  8.67336e-01  8.58560e-01  8.57991e-01
  8.48622e-01  8.45277e-01  8.39998e-01  7.45667e-01  7.45220e-01
  7.41495e-01  7.41347e-01  5.46677e-01  5.46594e-01  5.32091e-01
  5.01625e-01  5.01524e-01  4.88601e-01  4.88583e-01  4.87949e-01
  4.87932e-01  4.86544e-01  4.86518e-01  4.84777e-01  4.84729e-01
  4.84210e-01  4.84132e-01  4.83729e-01  4.83659e-01  4.78256e-01
  4.78181e-01  4.75287e-01  4.75287e-01  4.55775e-01  4.55522e-01
  4.33546e-01  4.33524e-01  4.21501e-01  4.21404e-01  4.18309e-01
  4.18284e-01  4.17025e-01  4.16999e-01  4.14945e-01  4.14863e-01
  3.96382e-01  3.96381e-01  3.95697e-01  3.95652e-01  3.94027e-01
  3.94027e-01  3.93987e-01  3.93987e-01  3.91830e-01  3.91827e-01
  3.90829e-01  3.90828e-01  3.90055e-01  3.90051e-01  3.89344e-01
  3.89344e-01  3.88004e-01  3.88004e-01  3.87336e-01  3.87321e-01
  3.86525e-01  3.86525e-01  3.80986e-01  3.80953e-01  3.80886e-01
  3.80848e-01  3.55605e-01  3.55582e-01  3.53973e-01  3.53957e-01
  3.52394e-01  3.52394e-01  3.46666e-01  3.46625e-01  3.43960e-01
  3.43958e-01  3.43950e-01  3.43946e-01  3.12211e-01  3.12211e-01
  2.62137e-01  2.51646e-01  2.51646e-01  2.34207e-01  2.34207e-01
  2.14324e-01  2.14319e-01  2.13989e-01  2.13981e-01  2.04203e-01
  1.65649e-01  1.65644e-01  1.65626e-01  1.65623e-01  1.41809e-01
  1.41809e-01  1.34426e-01  1.34422e-01  1.34332e-01  1.34330e-01
  1.24273e-01  1.24268e-01  1.24227e-01  1.24219e-01  1.10261e-01
  1.10261e-01  1.01894e-01  8.69892e-02  8.56651e-02  8.56651e-02
  7.09841e-02  7.09825e-02  7.09660e-02  7.09632e-02  6.97646e-02
  3.34526e-02  3.34526e-02 -2.89501e-02  2.84324e-02  2.42641e-02
  2.42635e-02  2.42631e-02  2.42630e-02  1.31085e-03  1.30308e-03]

Rayleigh-Ritz ( 210  vec.,   ) lifetime in ps:
 [ 1.48759e+03  1.48522e+03  1.04412e+03  9.74313e+00  9.62269e+00
  9.41772e+00  8.50631e+00 -7.95880e+00 -4.40265e+00  2.46136e+00
  2.18473e+00  1.65304e+00 -1.30851e+00 -1.12645e+00  1.01305e+00
  9.95344e-01  9.89832e-01  9.84332e-01  9.66020e-01  6.86368e-01
  6.83016e-01 -6.75800e-01  6.70532e-01  6.59906e-01  6.43910e-01
 -6.08178e-01 -5.44877e-01  5.08051e-01 -4.76888e-01  4.75318e-01
  4.75313e-01  4.71584e-01  4.57882e-01  4.55786e-01  4.55488e-01
  4.47109e-01  4.33496e-01  4.31966e-01  4.12958e-01  4.11022e-01
  4.06202e-01  4.04716e-01  4.00161e-01  3.99377e-01  3.95451e-01
  3.94937e-01  3.94345e-01  3.94306e-01  3.94274e-01  3.94253e-01
  3.93837e-01  3.92162e-01  3.90974e-01  3.90869e-01  3.90844e-01
  3.90828e-01  3.90811e-01  3.89934e-01  3.89847e-01  3.89807e-01
  3.89806e-01  3.89171e-01  3.87916e-01  3.87443e-01  3.87091e-01
  3.86635e-01  3.85430e-01  3.85416e-01  3.84336e-01  3.84169e-01
  3.82793e-01  3.81642e-01  3.81387e-01  3.79397e-01  3.78858e-01
  3.77913e-01  3.77835e-01  3.77750e-01  3.77606e-01  3.77486e-01
  3.75612e-01  3.74882e-01  3.74383e-01  3.73770e-01  3.73022e-01
  3.69081e-01  3.61960e-01  3.60394e-01  3.59413e-01  3.58577e-01
  3.58525e-01  3.57444e-01  3.56833e-01  3.52963e-01  3.51769e-01
  3.51543e-01  3.49221e-01  3.47246e-01  3.43477e-01  3.43467e-01
  3.43094e-01  3.42598e-01  3.41721e-01  3.39769e-01  3.39492e-01
  3.39345e-01  3.38690e-01  3.37556e-01  3.36044e-01  3.32123e-01
  3.31449e-01  3.30850e-01  3.27229e-01  3.25793e-01  3.20410e-01
  3.19116e-01  3.18054e-01  3.15655e-01  3.13769e-01  3.09858e-01
  3.09459e-01  3.08216e-01  3.07055e-01  3.00733e-01  2.97610e-01
  2.95313e-01  2.94861e-01  2.94425e-01  2.93430e-01  2.92858e-01
  2.92370e-01  2.90134e-01  2.88536e-01  2.88025e-01  2.85636e-01
  2.85544e-01  2.84630e-01  2.81096e-01  2.74533e-01  2.74483e-01
  2.64362e-01  2.63501e-01  2.58514e-01  2.54006e-01  2.44032e-01
  2.43973e-01  2.43316e-01  2.35174e-01  2.35172e-01  2.34162e-01
 -2.27506e-01  2.03267e-01  1.90269e-01  1.88455e-01 -1.86217e-01
  1.78324e-01  1.63781e-01  1.62010e-01  1.60344e-01  1.58899e-01
  1.52704e-01  1.47069e-01  1.45596e-01  1.44656e-01 -1.19767e-01
 -1.19127e-01 -1.16698e-01  1.09149e-01  1.02507e-01  7.67883e-02
  7.40443e-02  7.07001e-02  6.95619e-02  5.57372e-02  4.32490e-02
 -4.14970e-02 -3.67908e-02  3.63055e-02 -3.28722e-02  3.00678e-02
  1.56432e-02 -1.53891e-02 -1.16085e-02  9.50614e-03  7.62678e-03
  7.24053e-03 -7.12948e-03 -6.78815e-03  6.30537e-03  5.62573e-03
 -5.00611e-03  4.55269e-03 -4.51931e-03  4.24796e-03 -4.23832e-03
  3.84835e-03  2.66502e-03  2.55535e-03 -2.43187e-03  2.11809e-03
 -2.06757e-03 -2.02226e-03 -1.82133e-03  1.75955e-03 -1.23742e-03
  1.07206e-03  9.09698e-04 -4.95887e-04 -4.71036e-04  2.53122e-04]

Rayleigh-Ritz ( 210  vec.,  with Left ) lifetime in ps:
 [ 1.72546e+03  1.71086e+03  1.24954e+03  8.40961e+00 -8.13505e+00
  7.88231e+00  7.86202e+00  7.76608e+00  4.50335e+00  1.22550e+00
 -1.19165e+00  1.17757e+00  1.15937e+00 -9.19811e-01 -9.19799e-01
  9.01771e-01 -8.55842e-01  8.44216e-01  8.35741e-01  8.32125e-01
  7.17742e-01  6.98679e-01  6.22931e-01  6.15428e-01  5.91365e-01
  5.21682e-01 -5.11187e-01 -5.05307e-01  4.75306e-01  4.75303e-01
  4.45935e-01  4.40859e-01 -4.29873e-01  4.25427e-01  3.98355e-01
  3.97429e-01  3.94160e-01  3.94114e-01  3.94096e-01  3.93923e-01
  3.92772e-01  3.92589e-01  3.92404e-01  3.92397e-01  3.92005e-01
  3.91372e-01  3.91157e-01  3.90865e-01  3.90856e-01  3.90793e-01
  3.90300e-01  3.90200e-01  3.90178e-01  3.89998e-01  3.89833e-01
  3.89822e-01  3.88498e-01  3.87511e-01  3.86961e-01  3.86837e-01
  3.84926e-01  3.84081e-01  3.83983e-01  3.82933e-01  3.82277e-01
  3.81414e-01  3.80586e-01  3.78857e-01  3.78601e-01  3.78391e-01
  3.78117e-01  3.76818e-01  3.74390e-01  3.70215e-01  3.67525e-01
  3.61503e-01  3.59499e-01  3.54857e-01  3.50375e-01 -3.49026e-01
  3.47081e-01 -3.46727e-01  3.43623e-01  3.42710e-01  3.42585e-01
  3.41887e-01  3.39843e-01  3.39095e-01  3.37431e-01  3.35339e-01
  3.33202e-01  3.30302e-01  3.22959e-01  3.22174e-01  3.20481e-01
 -3.20473e-01  3.20457e-01  3.18202e-01  3.12913e-01  3.12813e-01
  3.11759e-01  3.07314e-01  3.04550e-01  3.00243e-01  2.99005e-01
  2.98465e-01  2.93827e-01  2.82797e-01  2.82734e-01  2.82326e-01
  2.78278e-01  2.75684e-01  2.74183e-01  2.73299e-01  2.72688e-01
  2.70296e-01  2.68846e-01  2.63927e-01  2.63757e-01  2.59714e-01
  2.57358e-01  2.53709e-01  2.52823e-01  2.52691e-01  2.48320e-01
  2.48104e-01  2.44642e-01  2.44328e-01  2.42236e-01  2.39391e-01
  2.38922e-01  2.38895e-01  2.24054e-01  2.21702e-01  2.21073e-01
  2.11433e-01  2.10048e-01  2.03628e-01  2.03537e-01  2.02271e-01
 -1.97477e-01 -1.96002e-01  1.93591e-01  1.91963e-01  1.81150e-01
  1.78478e-01  1.71594e-01  1.70587e-01  1.68956e-01 -1.54280e-01
  1.52979e-01  1.43655e-01  1.43137e-01 -1.42281e-01  1.41297e-01
  1.30739e-01  1.29346e-01  1.28193e-01  1.24348e-01  1.20100e-01
  9.15968e-02  8.86409e-02  8.51160e-02  8.30893e-02  8.13423e-02
  7.67213e-02  7.38296e-02  7.30472e-02  7.20735e-02  7.17273e-02
  6.60122e-02 -6.53315e-02  6.30958e-02 -6.28309e-02 -6.25586e-02
  6.01377e-02  5.27360e-02  4.80541e-02 -4.35714e-02  4.27818e-02
  3.63404e-02 -3.41766e-02 -3.08536e-02  2.92451e-02 -2.63320e-02
  2.54148e-02  2.40731e-02  2.25284e-02  2.13435e-02  2.05965e-02
  1.63382e-02  1.62849e-02 -1.33085e-02  1.06657e-02  8.83823e-03
  8.60182e-03 -8.47907e-03 -7.15896e-03  5.65156e-03 -5.26656e-03
  5.20167e-03  4.89329e-03  4.53136e-03 -4.40919e-03 -4.17685e-03
 -3.51202e-03  2.82604e-03 -2.59329e-03  2.22235e-03 -1.70901e-03]

Rayleigh-Ritz ( 280  vec.,   ) lifetime in ps:
 [ 1.47903e+03  1.45222e+03  1.14127e+03  1.02688e+03 -5.64331e+01
  9.76778e+00  9.41521e+00  9.34882e+00  8.52512e+00  4.00367e+00
 -2.45758e+00 -1.62318e+00 -1.46631e+00  1.40749e+00  9.88794e-01
  9.86877e-01  9.84575e-01  8.77370e-01  8.05231e-01 -7.64363e-01
  7.62036e-01  7.54275e-01  7.31556e-01  7.05729e-01  7.00971e-01
  6.37397e-01  6.23776e-01  6.09936e-01 -5.76551e-01  5.00217e-01
  4.83305e-01 -4.79827e-01  4.75380e-01  4.75332e-01  4.71953e-01
 -4.56844e-01  4.40369e-01  4.39772e-01  4.34805e-01  4.22079e-01
  4.17843e-01  3.96869e-01  3.94327e-01  3.94327e-01  3.94178e-01
  3.93490e-01  3.92971e-01  3.92935e-01  3.92676e-01  3.92656e-01
  3.92652e-01  3.92520e-01  3.90846e-01  3.90839e-01  3.90823e-01
  3.90796e-01  3.89829e-01  3.89828e-01  3.89799e-01  3.89789e-01
  3.88178e-01  3.87424e-01  3.87338e-01  3.86815e-01  3.86620e-01
  3.86442e-01  3.86363e-01  3.86210e-01  3.85622e-01  3.84502e-01
  3.83067e-01 -3.81988e-01  3.81928e-01  3.81455e-01  3.81429e-01
  3.81328e-01  3.81306e-01  3.81182e-01  3.81134e-01  3.80603e-01
  3.80238e-01  3.80143e-01  3.79504e-01  3.78948e-01  3.78283e-01
  3.77856e-01  3.77407e-01  3.77106e-01  3.75633e-01  3.73763e-01
  3.66853e-01 -3.61605e-01  3.60013e-01  3.57968e-01 -3.55298e-01
  3.55010e-01  3.52374e-01  3.49248e-01  3.49207e-01  3.46057e-01
  3.45940e-01  3.45463e-01  3.45423e-01  3.44108e-01  3.43946e-01
  3.43331e-01  3.41226e-01  3.40401e-01  3.39462e-01  3.38765e-01
  3.37218e-01 -3.35803e-01  3.34345e-01  3.32886e-01  3.31148e-01
  3.28391e-01  3.26320e-01  3.25816e-01  3.24783e-01  3.17373e-01
  3.15196e-01  3.15078e-01  3.14106e-01  3.12879e-01  3.12713e-01
  3.09668e-01  3.06073e-01  3.04126e-01  3.03147e-01  3.02299e-01
  3.01439e-01  2.99410e-01  2.98354e-01  2.96589e-01  2.87974e-01
  2.87808e-01  2.87401e-01  2.87249e-01  2.85367e-01  2.84046e-01
  2.83539e-01  2.78483e-01  2.77979e-01  2.76235e-01  2.71841e-01
  2.61762e-01  2.57022e-01  2.52008e-01  2.50313e-01  2.46759e-01
  2.45539e-01  2.40528e-01  2.39074e-01  2.37638e-01  2.32119e-01
  2.23648e-01  2.21850e-01  2.08926e-01 -1.98883e-01  1.97013e-01
  1.83619e-01  1.72096e-01  1.63314e-01  1.55788e-01  1.53976e-01
  1.42146e-01  1.36063e-01  1.34756e-01  1.33864e-01  1.33757e-01
  1.33028e-01  1.29005e-01 -1.19264e-01  1.14891e-01  1.09859e-01
  1.08048e-01  9.23746e-02  8.74357e-02  8.41577e-02  7.56791e-02
  7.28039e-02  7.18076e-02  7.16737e-02 -6.97863e-02  6.52200e-02
 -5.92056e-02  5.90957e-02  5.88573e-02 -4.47276e-02  4.43404e-02
 -4.17638e-02  4.12523e-02  2.89523e-02  2.54714e-02 -2.49663e-02
 -2.45584e-02 -2.10369e-02  2.05856e-02 -1.89331e-02  1.82248e-02
  1.80812e-02  1.75946e-02 -1.73609e-02 -1.72620e-02 -1.57483e-02
 -1.23112e-02  1.22948e-02  1.21275e-02 -1.07386e-02  1.06337e-02
 -1.03879e-02 -9.93418e-03  8.56222e-03 -7.94139e-03  7.79885e-03
 -7.60053e-03  7.56484e-03 -6.37370e-03  6.23785e-03  6.05648e-03
  5.73472e-03 -5.63676e-03 -5.55337e-03  5.48441e-03 -5.27600e-03
 -5.15043e-03 -4.97523e-03  4.80304e-03 -4.71982e-03 -4.60274e-03
 -4.36739e-03 -4.22037e-03 -4.21296e-03  4.10726e-03  4.04031e-03
 -3.99965e-03  3.86611e-03 -3.70745e-03 -3.53917e-03  3.29889e-03
  3.18258e-03  2.51636e-03  2.50586e-03  2.49111e-03  2.44226e-03
  2.42666e-03  2.40143e-03 -2.37696e-03 -2.34886e-03  2.31224e-03
  2.09922e-03 -2.03002e-03  1.95286e-03  1.92288e-03  1.83611e-03
 -1.83469e-03  1.80280e-03  1.79193e-03 -1.70900e-03 -1.47459e-03
 -1.46522e-03  1.42242e-03 -1.41724e-03 -1.35812e-03 -1.33804e-03
  1.24712e-03 -1.21823e-03 -1.13512e-03  1.12870e-03 -1.12093e-03
 -1.03753e-03  9.97218e-04  8.60773e-04 -6.84244e-04  6.19904e-04
 -6.04858e-04 -5.86523e-04  4.36512e-04  2.50054e-04 -2.44478e-04]

Rayleigh-Ritz ( 280  vec.,  with Left ) lifetime in ps:
 [ 1.81889e+03  1.77492e+03  1.24381e+03  8.41514e+00  7.88874e+00
  7.77508e+00  7.73237e+00 -6.20063e+00 -4.20989e+00  2.37047e+00
  1.50695e+00  1.47345e+00  1.03502e+00 -1.00411e+00  9.66590e-01
  8.44571e-01  8.29467e-01  7.86729e-01  7.15168e-01  7.14761e-01
  6.91539e-01  6.68039e-01 -6.51999e-01  6.46737e-01  6.36658e-01
  6.34760e-01  6.16543e-01  5.84402e-01  5.02713e-01  4.87407e-01
  4.75198e-01  4.74910e-01  4.58255e-01  4.39350e-01  4.38821e-01
  4.11556e-01  4.03717e-01  3.94211e-01  3.94177e-01  3.93601e-01
  3.93411e-01  3.93103e-01  3.93075e-01  3.92685e-01  3.90975e-01
  3.90853e-01  3.90846e-01  3.90728e-01  3.89740e-01  3.89718e-01
  3.89670e-01  3.89130e-01  3.88731e-01  3.87846e-01  3.87790e-01
  3.87575e-01  3.87569e-01  3.87235e-01  3.87128e-01  3.86699e-01
  3.86687e-01  3.86635e-01  3.86528e-01 -3.85350e-01  3.84382e-01
  3.82324e-01  3.81987e-01  3.81907e-01  3.81296e-01  3.80848e-01
  3.80408e-01  3.80244e-01  3.79867e-01  3.79679e-01  3.79469e-01
  3.78920e-01  3.78057e-01  3.78056e-01  3.75770e-01  3.71602e-01
  3.65696e-01  3.63280e-01  3.63060e-01  3.59025e-01  3.50753e-01
  3.50463e-01  3.47685e-01  3.45241e-01  3.44864e-01  3.44854e-01
  3.44208e-01  3.43085e-01  3.42887e-01  3.41854e-01  3.41836e-01
  3.41568e-01  3.39726e-01  3.37285e-01  3.36695e-01  3.36648e-01
  3.36546e-01  3.36295e-01  3.35502e-01  3.30123e-01  3.28784e-01
  3.23556e-01  3.23429e-01  3.22963e-01  3.22823e-01  3.22407e-01
  3.21872e-01  3.21650e-01  3.20235e-01  3.18755e-01  3.17890e-01
  3.17790e-01  3.14985e-01  3.14977e-01  3.14834e-01  3.14765e-01
  3.12197e-01  3.09797e-01  3.09766e-01  3.05784e-01  3.04776e-01
  3.01711e-01  2.96407e-01  2.95777e-01  2.92221e-01  2.91738e-01
  2.89806e-01  2.88227e-01  2.80753e-01  2.71646e-01  2.71382e-01
  2.70663e-01  2.65663e-01  2.57106e-01  2.51189e-01  2.51027e-01
  2.51010e-01  2.50385e-01  2.48644e-01  2.47272e-01  2.47239e-01
  2.41893e-01  2.35878e-01  2.34213e-01  2.19260e-01  2.14558e-01
  2.08194e-01  1.98211e-01  1.98106e-01  1.97051e-01  1.92198e-01
  1.91164e-01 -1.90441e-01  1.72529e-01  1.66709e-01  1.66099e-01
  1.64983e-01  1.62959e-01  1.26218e-01 -1.22284e-01  1.20286e-01
  9.40286e-02  8.91901e-02 -8.85582e-02  8.54891e-02  8.54349e-02
  8.31979e-02 -8.01493e-02 -7.77821e-02  7.06236e-02  6.92066e-02
  6.61731e-02  6.58084e-02  6.33407e-02  6.32640e-02 -6.27049e-02
  6.09069e-02 -5.39832e-02  5.25987e-02 -5.10812e-02  4.91989e-02
 -4.80104e-02  4.73777e-02  4.58005e-02  4.37542e-02 -3.89178e-02
  3.80011e-02  3.58594e-02 -3.55781e-02 -3.44842e-02 -3.31740e-02
  3.20729e-02  2.85215e-02  2.83906e-02 -2.80877e-02  2.73153e-02
  2.71940e-02  2.69702e-02  2.16581e-02  2.06128e-02  1.96597e-02
  1.95414e-02  1.93820e-02 -1.85643e-02  1.82843e-02  1.75250e-02
 -1.73660e-02  1.68943e-02  1.51561e-02 -1.51218e-02 -1.45604e-02
 -1.40475e-02  1.38083e-02 -1.35450e-02 -1.35423e-02  1.33992e-02
 -1.22782e-02 -1.22781e-02 -1.20787e-02  1.19954e-02  1.18732e-02
  1.15319e-02 -1.08328e-02  1.04783e-02 -1.03124e-02  9.83669e-03
  8.97040e-03 -8.06899e-03  8.05326e-03 -7.95683e-03 -7.81830e-03
 -7.75336e-03 -7.64938e-03 -7.59828e-03  7.27686e-03  7.22365e-03
  7.07939e-03  6.98692e-03 -5.61206e-03  5.41310e-03  5.40152e-03
  5.37879e-03 -5.21432e-03  4.89554e-03  4.76955e-03 -4.75552e-03
 -4.66520e-03 -4.62627e-03 -4.30876e-03  4.28382e-03  3.93741e-03
 -3.75692e-03  3.72500e-03 -3.68543e-03  3.59126e-03 -3.58765e-03
 -3.39510e-03 -3.36465e-03  3.24842e-03 -2.74952e-03 -1.36642e-03
 -1.30769e-03  9.97842e-04  0.00000e+00  0.00000e+00  0.00000e+00
  0.00000e+00  0.00000e+00  0.00000e+00  0.00000e+00  0.00000e+00
  0.00000e+00  0.00000e+00  0.00000e+00  0.00000e+00  0.00000e+00]

Rayleigh-Ritz ( 350  vec.,   ) lifetime in ps:
 [ 1.51779e+03  1.50333e+03  1.02383e+03 -1.83286e+01  9.68424e+00
  9.55683e+00  8.90571e+00  8.48013e+00  4.23147e+00 -1.39058e+00
  1.13725e+00  1.05602e+00  9.90420e-01  9.86851e-01  9.81820e-01
 -9.25611e-01  7.92675e-01  7.40465e-01  7.28846e-01  7.15156e-01
 -7.12933e-01  6.95730e-01  6.66202e-01  6.58736e-01  6.54830e-01
  5.63030e-01  5.45054e-01  5.42451e-01 -5.35691e-01  5.23611e-01
  4.75290e-01  4.75259e-01 -4.39921e-01  4.29573e-01  4.24276e-01
  4.23665e-01  4.19589e-01  4.16195e-01  4.03964e-01  3.97100e-01
  3.94903e-01  3.94859e-01  3.94472e-01  3.94320e-01  3.93155e-01
  3.92536e-01  3.92364e-01  3.91764e-01  3.91003e-01  3.90820e-01
  3.90493e-01  3.90343e-01  3.90285e-01  3.89911e-01  3.89847e-01
  3.89745e-01  3.88112e-01  3.88074e-01  3.87719e-01  3.87398e-01
  3.86989e-01  3.86737e-01  3.86289e-01  3.86283e-01  3.86076e-01
  3.85787e-01  3.83296e-01  3.81761e-01  3.81370e-01  3.81164e-01
  3.80707e-01  3.79468e-01  3.79283e-01  3.78914e-01  3.78832e-01
  3.78705e-01  3.78384e-01  3.78280e-01  3.77953e-01  3.77399e-01
  3.71945e-01  3.71433e-01  3.70753e-01  3.68381e-01  3.68233e-01
 -3.67803e-01  3.64181e-01  3.59877e-01  3.58074e-01  3.56612e-01
  3.56245e-01  3.55725e-01  3.55652e-01  3.55093e-01  3.50987e-01
  3.49103e-01  3.48220e-01  3.47258e-01  3.47222e-01  3.45757e-01
  3.45731e-01  3.44677e-01  3.43947e-01  3.42963e-01  3.42696e-01
  3.42413e-01  3.41861e-01  3.41728e-01  3.41650e-01  3.41599e-01
  3.41348e-01  3.41050e-01  3.40557e-01  3.37360e-01  3.36692e-01
  3.36624e-01  3.34269e-01  3.32123e-01  3.31982e-01  3.29801e-01
  3.29472e-01  3.29160e-01  3.25822e-01  3.23988e-01  3.22512e-01
  3.21605e-01  3.21441e-01  3.21400e-01  3.21213e-01  3.18490e-01
  3.16770e-01  3.16558e-01  3.16503e-01  3.15194e-01  3.15149e-01
  3.14906e-01  3.12869e-01  3.11316e-01  3.08244e-01  3.08010e-01
  3.07597e-01  3.07339e-01  3.06149e-01  3.06008e-01  3.03172e-01
  3.01093e-01  2.88882e-01  2.87957e-01  2.86973e-01  2.85463e-01
  2.73799e-01  2.73699e-01  2.71761e-01  2.67784e-01  2.62786e-01
  2.54092e-01  2.45765e-01  2.41295e-01  2.37828e-01  2.37092e-01
  2.35374e-01  2.35134e-01  2.30778e-01  2.17611e-01  2.05422e-01
  1.97587e-01  1.90004e-01  1.86837e-01  1.77733e-01  1.70237e-01
  1.67994e-01  1.67083e-01 -1.47304e-01 -1.47059e-01  1.46744e-01
 -1.45401e-01  1.45400e-01 -1.38014e-01  1.37403e-01  1.33102e-01
  1.26291e-01  1.25900e-01 -1.25560e-01  1.24819e-01  1.09630e-01
  1.00801e-01  9.50750e-02 -9.18510e-02 -9.05424e-02  8.83620e-02
 -8.24315e-02  7.44243e-02  7.35814e-02  6.79894e-02 -6.63120e-02
  6.49481e-02 -6.02411e-02  5.88620e-02 -5.86288e-02 -5.30214e-02
  5.03597e-02  5.00697e-02 -4.87578e-02 -4.84803e-02  4.35051e-02
  4.24591e-02  4.20313e-02 -4.00541e-02 -3.77398e-02  3.50313e-02
 -3.41630e-02 -3.16493e-02 -3.04881e-02  2.90940e-02  2.86023e-02
 -2.84143e-02 -2.53290e-02 -2.50830e-02  2.50377e-02  2.33089e-02
  2.24521e-02  2.09999e-02 -2.09790e-02 -2.03621e-02 -1.95519e-02
  1.95293e-02  1.84403e-02  1.79265e-02  1.73455e-02 -1.71827e-02
  1.70735e-02  1.62396e-02 -1.50100e-02  1.44860e-02 -1.38811e-02
  1.31844e-02 -1.31783e-02  1.28996e-02  1.26772e-02 -1.23633e-02
  1.19996e-02 -1.16447e-02 -1.11676e-02 -1.02560e-02  1.02072e-02
 -1.01856e-02 -9.96613e-03 -9.50695e-03  9.44617e-03 -9.24234e-03
 -9.22071e-03 -9.12156e-03  8.81816e-03  8.69745e-03  8.61953e-03
 -8.00218e-03  7.98429e-03 -7.72962e-03  7.43646e-03  7.36696e-03
 -7.10677e-03  7.09162e-03  6.99386e-03  6.87734e-03  6.86524e-03
 -6.78834e-03 -6.74016e-03  6.73296e-03 -6.70804e-03  6.55799e-03
  6.45929e-03 -6.43992e-03  6.16145e-03  5.99267e-03  5.95377e-03
 -5.94485e-03 -5.76828e-03 -5.73013e-03  5.61331e-03  5.55710e-03
  5.41479e-03  5.35787e-03  5.29960e-03  5.18051e-03 -5.16684e-03
 -5.08262e-03 -4.80976e-03 -4.80643e-03 -4.61853e-03 -4.56438e-03
 -4.49501e-03  4.39905e-03 -4.34715e-03  4.32285e-03 -4.28938e-03
  4.25494e-03  4.25085e-03 -4.14604e-03  4.01831e-03 -3.89352e-03
  3.80123e-03  3.68724e-03  3.66131e-03 -3.52804e-03 -3.46575e-03
  3.17299e-03  2.55618e-03  2.45578e-03 -2.44282e-03  1.96254e-03
 -1.82466e-03  1.50236e-03  1.49768e-03 -1.45343e-03 -1.41195e-03
 -1.40173e-03  1.34013e-03 -1.32753e-03 -1.26910e-03 -1.21860e-03
  1.18087e-03 -1.10455e-03  1.08586e-03  1.06859e-03  1.04650e-03
 -1.02339e-03 -9.88502e-04  9.73952e-04 -9.71054e-04  8.07892e-04
  7.23108e-04  6.97894e-04 -6.86321e-04 -5.95680e-04 -5.77845e-04
  5.74795e-04 -5.60393e-04  5.21743e-04 -4.43690e-04 -3.81525e-04
  3.23314e-04 -3.13204e-04  2.73413e-04 -2.18469e-04 -1.77405e-04
  0.00000e+00  0.00000e+00  0.00000e+00  0.00000e+00  0.00000e+00]

Rayleigh-Ritz ( 350  vec.,  with Left ) lifetime in ps:
 [ 1.74572e+03  1.71471e+03  1.24011e+03  1.43458e+01  8.41851e+00
  7.81680e+00  7.79133e+00  7.76536e+00 -1.96105e+00  1.45404e+00
  1.30566e+00  1.25369e+00 -1.00489e+00  9.94271e-01  8.71646e-01
  8.66807e-01  8.65195e-01  8.30365e-01  8.23997e-01  7.55033e-01
  7.47005e-01  7.33165e-01  6.63912e-01  6.42279e-01  5.95153e-01
 -5.63391e-01  5.30681e-01  5.07329e-01  4.82015e-01  4.80788e-01
  4.75344e-01  4.75304e-01  4.55044e-01  4.42630e-01  4.02418e-01
  3.97753e-01  3.96906e-01  3.94318e-01  3.93868e-01  3.93751e-01
  3.93272e-01  3.92923e-01  3.92835e-01  3.92543e-01  3.91784e-01
  3.91445e-01  3.90896e-01  3.90702e-01  3.90471e-01  3.89817e-01
  3.89561e-01  3.88096e-01  3.87839e-01  3.87427e-01  3.87199e-01
  3.86844e-01  3.86205e-01  3.86120e-01  3.85654e-01  3.85514e-01
  3.82021e-01  3.81778e-01  3.80594e-01  3.79716e-01  3.79567e-01
  3.79042e-01  3.78926e-01  3.78580e-01  3.78518e-01  3.78195e-01
  3.77765e-01  3.77763e-01  3.76560e-01 -3.75461e-01  3.75271e-01
  3.74318e-01  3.70244e-01 -3.66037e-01  3.65499e-01  3.59767e-01
  3.59575e-01  3.56701e-01  3.55372e-01  3.55079e-01  3.53616e-01
  3.49442e-01  3.48918e-01  3.47626e-01  3.47525e-01  3.47243e-01
  3.45949e-01  3.45154e-01  3.44453e-01  3.44288e-01  3.43877e-01
  3.42597e-01  3.42323e-01  3.41801e-01  3.41676e-01  3.41668e-01
  3.41410e-01  3.40345e-01  3.35120e-01  3.33211e-01 -3.32914e-01
  3.30093e-01  3.28596e-01  3.26171e-01  3.25513e-01  3.23854e-01
  3.19480e-01  3.17317e-01  3.14959e-01  3.14957e-01  3.14918e-01
  3.13747e-01  3.11776e-01  3.11679e-01  3.10401e-01  3.03825e-01
  3.01764e-01  2.99051e-01  2.98530e-01  2.97546e-01  2.94140e-01
  2.94083e-01  2.92123e-01  2.91236e-01  2.89251e-01  2.87984e-01
  2.86694e-01 -2.83780e-01  2.79366e-01  2.79167e-01  2.76333e-01
  2.75994e-01  2.73361e-01  2.70961e-01  2.68202e-01  2.67808e-01
  2.64779e-01  2.64615e-01  2.60268e-01  2.55437e-01  2.51319e-01
  2.49347e-01  2.38779e-01  2.35044e-01  2.26077e-01  2.25099e-01
  2.14925e-01  2.01753e-01  2.01569e-01 -2.01437e-01  1.99996e-01
 -1.95018e-01  1.87903e-01  1.86544e-01  1.84499e-01  1.81392e-01
  1.76022e-01  1.70223e-01  1.69940e-01 -1.65545e-01 -1.53876e-01
  1.47084e-01  1.36041e-01 -1.35698e-01  1.34832e-01 -1.33922e-01
 -1.32319e-01  1.26730e-01 -1.23455e-01 -1.18489e-01  1.14936e-01
  1.12744e-01 -1.12143e-01  1.10162e-01 -1.08493e-01  1.06427e-01
 -9.41644e-02  9.40907e-02  8.87021e-02  8.76946e-02  8.53088e-02
  8.41732e-02  8.33305e-02 -7.68958e-02 -7.54673e-02  6.86521e-02
  6.75917e-02  6.62056e-02  6.16068e-02  5.68213e-02 -5.50476e-02
  5.43337e-02  5.07734e-02  4.85948e-02  4.75693e-02 -4.43930e-02
  4.34311e-02 -4.29414e-02 -4.22162e-02 -4.15588e-02  3.98200e-02
  3.98168e-02  3.89226e-02 -3.73155e-02 -3.68406e-02 -3.32464e-02
  3.24392e-02  3.13496e-02  2.83128e-02  2.72807e-02  2.68124e-02
  2.31504e-02 -2.30730e-02 -2.17719e-02  2.16010e-02  2.12571e-02
 -2.02739e-02  1.95852e-02  1.84730e-02  1.83685e-02 -1.80303e-02
 -1.66675e-02 -1.64138e-02  1.63177e-02  1.62078e-02 -1.61919e-02
  1.32543e-02 -1.29342e-02 -1.28156e-02  1.25687e-02  1.24264e-02
  1.22181e-02  1.20627e-02 -1.17751e-02 -1.12007e-02 -1.10327e-02
  1.09593e-02  1.07787e-02 -1.05672e-02 -1.01258e-02  9.68868e-03
 -9.40644e-03  9.37184e-03 -9.27590e-03 -8.83969e-03 -8.74852e-03
  8.66236e-03  8.46333e-03 -8.45140e-03 -8.42585e-03 -8.31546e-03
  8.29288e-03  8.22749e-03  8.18174e-03 -8.04269e-03 -7.86231e-03
  7.59633e-03  7.35408e-03  7.15236e-03 -6.74494e-03 -6.59376e-03
 -6.56449e-03  6.51411e-03 -6.25605e-03 -6.18481e-03  5.97935e-03
  5.87155e-03  5.67452e-03 -5.65325e-03  5.63363e-03 -5.61101e-03
 -5.56319e-03 -5.54331e-03 -5.48898e-03  5.35034e-03 -5.16332e-03
  5.16151e-03  5.02741e-03 -5.02414e-03 -5.00524e-03  4.98630e-03
 -4.87840e-03  4.80476e-03 -4.73330e-03  3.98046e-03 -3.78439e-03
  3.71088e-03  3.58823e-03 -3.48781e-03  3.40195e-03  3.28799e-03
 -3.07067e-03  3.06686e-03 -2.06741e-03  1.74126e-03 -1.65658e-03
  1.63901e-03  1.58622e-03  1.34861e-03  1.17171e-03 -1.14823e-03
 -1.03378e-03  1.01548e-03  9.28014e-04 -8.14966e-04 -5.08713e-04
  0.00000e+00  0.00000e+00  0.00000e+00  0.00000e+00  0.00000e+00
  0.00000e+00  0.00000e+00  0.00000e+00  0.00000e+00  0.00000e+00
  0.00000e+00  0.00000e+00  0.00000e+00  0.00000e+00  0.00000e+00
  0.00000e+00  0.00000e+00  0.00000e+00  0.00000e+00  0.00000e+00
  0.00000e+00  0.00000e+00  0.00000e+00  0.00000e+00  0.00000e+00
  0.00000e+00  0.00000e+00  0.00000e+00  0.00000e+00  0.00000e+00
  0.00000e+00  0.00000e+00  0.00000e+00  0.00000e+00  0.00000e+00
  0.00000e+00  0.00000e+00  0.00000e+00  0.00000e+00  0.00000e+00]

Warning!!! oU is singular
Rayleigh-Ritz ( 351  vec.,  with Left ) lifetime in ps:
 [-2.21248e+13  2.36064e+07  4.08823e+06  3.08638e+06  2.91453e+06
 -2.41413e+06 -2.08454e+06  1.87392e+06  1.76195e+06  1.71759e+06
  1.69732e+06 -1.50017e+06  1.45974e+06 -1.41487e+06 -1.09541e+06
  9.35810e+05  8.03626e+05  7.09971e+05 -6.94694e+05 -5.97330e+05
  5.96106e+05  5.85325e+05  4.90387e+05 -4.77414e+05  4.73886e+05
  4.31154e+05 -4.13058e+05  4.04422e+05 -3.96695e+05 -3.94908e+05
 -3.79330e+05 -3.74844e+05 -3.46067e+05 -3.41647e+05  3.17796e+05
  3.15568e+05  3.12583e+05  3.08264e+05  3.05009e+05 -3.04255e+05
  3.01311e+05  2.91281e+05 -2.75391e+05 -2.72642e+05 -2.63324e+05
 -2.46971e+05  2.37384e+05  2.29483e+05 -2.22300e+05 -2.13888e+05
 -2.10620e+05 -2.02139e+05  1.76068e+05  1.62789e+05  1.59917e+05
 -1.52119e+05  1.48718e+05  1.47102e+05  1.45995e+05 -1.41630e+05
 -1.34087e+05  1.32499e+05  1.32049e+05  1.31046e+05 -1.30131e+05
 -1.29419e+05  1.23764e+05 -1.21876e+05  1.19828e+05 -1.16744e+05
 -1.13095e+05  1.08786e+05  1.04776e+05  1.01732e+05  8.53569e+04
 -8.51847e+04  8.47651e+04 -8.38728e+04  7.58643e+04 -7.12184e+04
  6.87956e+04 -6.12723e+04 -6.00830e+04 -5.79226e+04 -5.69666e+04
 -5.52112e+04 -5.04280e+04  4.60905e+04 -4.33318e+04 -4.25039e+04
  4.23567e+04 -4.16085e+04  3.82586e+04  2.85077e+04 -2.01939e+04
  2.00950e+04  1.92990e+04 -1.87903e+04  1.44798e+04 -1.13274e+04
 -8.50309e+03  7.39374e+03 -4.58035e+03  3.54243e+03  2.70097e+03
  1.70433e+03  1.69895e+03 -1.41614e+03 -1.24722e+03  1.18136e+03
  8.15857e+02 -5.27651e+02  3.88884e+02  2.74086e+02 -2.29143e+02
  2.29124e+02 -2.10400e+02  1.92801e+02  6.78641e+01  6.77961e+01
  4.14603e+01  3.80702e+01 -3.77537e+01  3.01137e+01  2.17596e+01
 -1.86879e+01  1.67763e+01 -1.59352e+01  1.39274e+01 -1.07939e+01
  8.44175e+00  8.11734e+00  8.10524e+00  7.82191e+00  6.94853e+00
 -6.74555e+00  5.90563e+00  4.49468e+00  4.46084e+00  4.01393e+00
  3.40112e+00 -3.05996e+00 -2.35932e+00 -2.09234e+00 -1.99023e+00
 -1.90226e+00  1.55697e+00  1.46513e+00  1.20031e+00  1.10155e+00
  1.08053e+00 -8.73033e-01  8.64058e-01  8.56578e-01  8.55537e-01
  8.51260e-01  8.48411e-01  8.23528e-01  7.95038e-01 -7.87193e-01
 -7.78098e-01  6.83235e-01 -6.69938e-01  6.09008e-01  5.64888e-01
  5.60348e-01  5.49405e-01  5.48916e-01  5.24449e-01  5.17102e-01
  4.97738e-01 -4.90487e-01  4.86477e-01 -4.85878e-01 -4.62666e-01
  4.61010e-01  4.60908e-01  4.53833e-01  4.53653e-01  4.45910e-01
 -4.42961e-01  4.30932e-01 -4.18279e-01  4.04499e-01  4.03349e-01
  3.98489e-01  3.94273e-01  3.94043e-01  3.90699e-01  3.74429e-01
 -3.73750e-01  3.68827e-01  3.65747e-01  3.64739e-01 -3.60017e-01
  3.58653e-01  3.56652e-01  3.55004e-01  3.54511e-01  3.54074e-01
 -3.50751e-01  3.50536e-01  3.48778e-01  3.46203e-01  3.44980e-01
  3.35317e-01  3.31983e-01  3.29574e-01 -3.18905e-01  3.18426e-01
 -3.17778e-01 -3.17542e-01  3.16401e-01  3.12094e-01  3.08981e-01
  3.06139e-01  2.90784e-01  2.89893e-01  2.89018e-01  2.88351e-01
 -2.85662e-01  2.83875e-01  2.81967e-01  2.81436e-01  2.81064e-01
  2.78523e-01  2.77590e-01  2.74938e-01  2.74594e-01  2.73904e-01
  2.70071e-01  2.65360e-01  2.63191e-01 -2.61809e-01  2.58523e-01
 -2.57590e-01  2.56810e-01  2.54670e-01  2.53571e-01 -2.53276e-01
  2.51575e-01  2.49792e-01  2.47667e-01 -2.39247e-01  2.38937e-01
  2.34884e-01  2.31521e-01  2.30944e-01  2.29057e-01  2.28654e-01
  2.27796e-01  2.25793e-01  2.24937e-01 -2.23307e-01  2.23083e-01
  2.21285e-01 -2.19583e-01  2.09964e-01  2.06560e-01  2.03570e-01
  2.03546e-01  1.88576e-01 -1.80385e-01 -1.77255e-01  1.65736e-01
  1.56329e-01  1.49133e-01  1.47823e-01 -1.42674e-01  1.42648e-01
 -1.37560e-01  1.36874e-01  1.30748e-01  1.29790e-01  1.26617e-01
  1.26279e-01 -1.26159e-01  1.25691e-01  1.16655e-01  1.16443e-01
 -1.16154e-01  1.12692e-01  1.12450e-01  1.10641e-01 -1.09323e-01
  1.04373e-01  1.02929e-01  1.01029e-01  9.78119e-02  9.06024e-02
  8.85344e-02  8.35217e-02  8.09018e-02  7.44092e-02  7.43852e-02
  7.13008e-02  7.07755e-02  6.61129e-02  6.27832e-02 -5.35577e-02
  4.83378e-02  4.66395e-02  3.84639e-02 -3.64728e-02 -3.61090e-02
  3.40290e-02 -3.38126e-02 -3.30687e-02 -2.77005e-02 -2.67833e-02
 -1.69654e-02  1.68521e-02 -1.62192e-02  1.44102e-02 -1.32797e-02
  1.16893e-02 -1.02905e-02  1.01623e-02 -9.92905e-03 -9.80642e-03
 -9.64938e-03 -9.57790e-03  8.45123e-03 -7.60822e-03  7.52354e-03
 -7.24345e-03  7.11282e-03  6.62596e-03  5.05376e-03 -4.54169e-03
  3.91250e-03 -3.59912e-03 -2.51925e-03  2.04598e-03 -1.74368e-03
  1.73968e-03  1.67681e-03  1.40928e-03 -1.37985e-03 -7.98229e-04
  6.95925e-04 -6.11230e-04  5.61347e-04  5.33978e-04 -5.14713e-04
 -4.34199e-04  2.99585e-04  2.50851e-04 -2.11689e-04  2.02634e-04
 -1.77426e-04]


time for Rayleigh-Ritz lifetime:  79.16271784016863

##################################################
solving spin diffusion length
##################################################

--------------------------------------------------
solving -L^(-1) Lv x = x lambda^(-1)
--------------------------------------------------

--------------------------------------------------
carrier transport from linearized DMME
--------------------------------------------------
conductivity in S =  0.011368973159016452
mobility (n=|ne-nh|) in cm^2/V/s =  48965.84378300134
mobility (n=ne+nh) in cm^2/V/s =  48845.7652435936
effective lifetime in ps:  0.8550073657635723
spin diffusion length using pinv of L in micro-meter:
 [-93.41828 -93.40232 -68.3969   30.17412  25.56975 -23.85227 -23.85227
  23.84933  23.84933  20.19902 -20.19319  10.73018  -6.46719  -6.17516
   1.6851   -1.6851    1.68382   1.68382  -1.68379  -1.68379]
precession freq. in au:
 [-1.04519e-01  1.04519e-01 -1.52008e+01 -3.07823e+00  3.07823e+00
  2.51345e-06 -2.51345e-06 -2.51397e-06  2.51397e-06  9.70175e-18
 -4.23098e-18  1.52008e+01 -3.97421e+00  3.97422e+00 -5.66997e-19
  3.88619e-19  2.01570e-06 -2.01570e-06  2.01680e-06 -2.01680e-06]
short diffusion length using pinv of L in micro-meter:
 [-1.57934e-06  1.55244e-06 -1.51300e-06 -1.47597e-06 -1.46829e-06
  1.36190e-06  1.21902e-06  1.06071e-06 -9.74536e-07 -9.59916e-07
  9.02005e-07  8.82335e-07  8.12242e-07 -7.95933e-07 -7.10707e-07
 -7.03419e-07  6.50392e-07  5.65312e-07  5.08546e-07 -5.00033e-07]

time for solving diffusion lengths via lin. alg.:  4.592164273839444

Analyse decay mode:

The 4 observables and perturbations are:
n, sx, sy, sz
ob. proj. to VR = 
 [[ 0.00000e+00+0.00000e+00j  0.00000e+00+0.00000e+00j
   0.00000e+00+0.00000e+00j  0.00000e+00+0.00000e+00j
   5.92815e-02-4.11422e-01j  0.00000e+00+0.00000e+00j
   1.14771e-03+1.65367e-04j  0.00000e+00+0.00000e+00j]
 [ 0.00000e+00+0.00000e+00j  0.00000e+00+0.00000e+00j
   0.00000e+00+0.00000e+00j  0.00000e+00+0.00000e+00j
   5.92815e-02+4.11422e-01j  0.00000e+00+0.00000e+00j
   1.14771e-03-1.65367e-04j  0.00000e+00+0.00000e+00j]
 [ 0.00000e+00+0.00000e+00j  0.00000e+00+0.00000e+00j
   0.00000e+00+0.00000e+00j  0.00000e+00+0.00000e+00j
   1.15623e-03-1.47041e-03j  0.00000e+00+0.00000e+00j
   4.07135e-04+3.20135e-04j  0.00000e+00+0.00000e+00j]
 [ 0.00000e+00+0.00000e+00j  0.00000e+00+0.00000e+00j
  -2.12734e-04-2.16766e-04j  0.00000e+00+0.00000e+00j
   5.35228e-03+5.45351e-03j  0.00000e+00+0.00000e+00j
  -4.89989e-04+4.80892e-04j  0.00000e+00+0.00000e+00j]
 [ 0.00000e+00+0.00000e+00j  0.00000e+00+0.00000e+00j
  -2.12733e-04+2.16766e-04j  0.00000e+00+0.00000e+00j
   5.35230e-03-5.45354e-03j  0.00000e+00+0.00000e+00j
  -4.89989e-04-4.80892e-04j  0.00000e+00+0.00000e+00j]
 [ 0.00000e+00+0.00000e+00j  2.84194e-01-1.09001e+00j
  -4.70159e-01-5.16259e-01j -1.00899e+00-1.33059e-01j
   0.00000e+00+0.00000e+00j -1.75645e-02-1.92568e-02j
  -1.02803e-02+4.05180e-02j -4.45003e-04+3.55996e-06j]
 [ 0.00000e+00+0.00000e+00j  2.84194e-01+1.09001e+00j
  -4.70159e-01+5.16259e-01j -1.00899e+00+1.33059e-01j
   0.00000e+00+0.00000e+00j -1.75645e-02+1.92568e-02j
  -1.02803e-02-4.05180e-02j -4.45003e-04-3.55996e-06j]
 [ 0.00000e+00+0.00000e+00j -1.37378e-01+1.11803e+00j
   5.34619e-01+4.49458e-01j -1.01784e+00+1.40254e-03j
   0.00000e+00+0.00000e+00j  2.01013e-02+1.68098e-02j
   4.73309e-03-4.14961e-02j -2.59122e-04+5.09244e-05j]
 [ 0.00000e+00+0.00000e+00j -1.37378e-01-1.11803e+00j
   5.34619e-01-4.49458e-01j -1.01784e+00-1.40254e-03j
   0.00000e+00+0.00000e+00j  2.01013e-02-1.68098e-02j
   4.73309e-03+4.14961e-02j -2.59122e-04-5.09244e-05j]
 [ 0.00000e+00+0.00000e+00j -9.39334e-02-1.08721e-01j
   7.83575e-01+9.06929e-01j  6.23003e-01+7.21079e-01j
   0.00000e+00+0.00000e+00j  2.93229e-02+3.39390e-02j
   3.67833e-03+4.25739e-03j -2.98198e-04-3.45141e-04j]]
rhopert. proj. to VL = 
 [[-8.69532e+00+1.25290e+00j  0.00000e+00+0.00000e+00j
   0.00000e+00+0.00000e+00j  0.00000e+00+0.00000e+00j
  -1.69304e-04-1.17504e-03j  0.00000e+00+0.00000e+00j
   0.00000e+00+0.00000e+00j  0.00000e+00+0.00000e+00j]
 [-8.69532e+00-1.25290e+00j  0.00000e+00+0.00000e+00j
   0.00000e+00+0.00000e+00j  0.00000e+00+0.00000e+00j
  -1.69304e-04+1.17504e-03j  0.00000e+00+0.00000e+00j
   0.00000e+00+0.00000e+00j  0.00000e+00+0.00000e+00j]
 [-6.85274e+00+5.38864e+00j  0.00000e+00+0.00000e+00j
   0.00000e+00+0.00000e+00j  0.00000e+00+0.00000e+00j
   0.00000e+00+0.00000e+00j  0.00000e+00+0.00000e+00j
   0.00000e+00+0.00000e+00j  0.00000e+00+0.00000e+00j]
 [ 8.59956e+00+8.43972e+00j  0.00000e+00+0.00000e+00j
   0.00000e+00+0.00000e+00j  0.00000e+00+0.00000e+00j
   0.00000e+00+0.00000e+00j  0.00000e+00+0.00000e+00j
   0.00000e+00+0.00000e+00j  0.00000e+00+0.00000e+00j]
 [ 8.59961e+00-8.43975e+00j  0.00000e+00+0.00000e+00j
   0.00000e+00+0.00000e+00j  0.00000e+00+0.00000e+00j
   0.00000e+00+0.00000e+00j  0.00000e+00+0.00000e+00j
   0.00000e+00+0.00000e+00j  0.00000e+00+0.00000e+00j]
 [ 0.00000e+00+0.00000e+00j -1.72104e-02-4.64613e-02j
   3.81173e-02-1.34994e-02j  3.24918e-02-1.20465e-02j
   0.00000e+00+0.00000e+00j -1.46740e-03+4.92862e-04j
  -2.76921e-03-1.51665e-03j  1.66922e-03+9.34479e-04j]
 [ 0.00000e+00+0.00000e+00j -1.72104e-02+4.64613e-02j
   3.81173e-02+1.34994e-02j  3.24918e-02+1.20465e-02j
   0.00000e+00+0.00000e+00j -1.46740e-03-4.92862e-04j
  -2.76921e-03+1.51665e-03j  1.66922e-03-9.34479e-04j]
 [ 0.00000e+00+0.00000e+00j  1.09252e-02+4.83360e-02j
  -3.95737e-02+8.33249e-03j  3.38096e-02-7.64368e-03j
   0.00000e+00+0.00000e+00j  1.90904e-03-4.32177e-04j
   2.82416e-03+2.00676e-03j  9.20230e-04+6.12909e-04j]
 [ 0.00000e+00+0.00000e+00j  1.09252e-02-4.83360e-02j
  -3.95737e-02-8.33249e-03j  3.38096e-02+7.64368e-03j
   0.00000e+00+0.00000e+00j  1.90904e-03+4.32177e-04j
   2.82416e-03-2.00676e-03j  9.20230e-04-6.12909e-04j]
 [ 0.00000e+00+0.00000e+00j  1.73133e-02-2.00388e-02j
  -3.54983e-02+4.10866e-02j -3.14908e-02+3.64483e-02j
   0.00000e+00+0.00000e+00j  1.32916e-03-1.53840e-03j
  -4.21208e-04+4.87516e-04j  1.75972e-03-2.03675e-03j]]
ob. of pert:
 [[-4.58794e-01  0.00000e+00  0.00000e+00  6.07750e-07  0.00000e+00
   0.00000e+00  0.00000e+00 -5.24318e-06]
 [ 0.00000e+00 -2.29397e-01  0.00000e+00  0.00000e+00  0.00000e+00
   0.00000e+00  0.00000e+00  0.00000e+00]
 [ 0.00000e+00  0.00000e+00 -2.29397e-01  0.00000e+00  0.00000e+00
   0.00000e+00  0.00000e+00  0.00000e+00]
 [ 0.00000e+00  0.00000e+00  0.00000e+00 -2.29397e-01 -1.04864e-05
   0.00000e+00  0.00000e+00  0.00000e+00]
 [ 0.00000e+00  0.00000e+00  0.00000e+00 -5.24318e-06 -4.58794e-01
   0.00000e+00  0.00000e+00  6.07750e-07]
 [ 0.00000e+00  0.00000e+00  0.00000e+00  0.00000e+00  0.00000e+00
  -2.29397e-01  0.00000e+00  0.00000e+00]
 [ 0.00000e+00  0.00000e+00  0.00000e+00  0.00000e+00  0.00000e+00
   0.00000e+00 -2.29397e-01  0.00000e+00]
 [ 0.00000e+00  0.00000e+00  0.00000e+00  0.00000e+00  0.00000e+00
   0.00000e+00  0.00000e+00 -2.29397e-01]]

mode  0  with rate  -1765350.3627896127
pert. and ob.:
 [[ 0.00000e+00 -2.26283e-05 -4.65721e-08  1.67019e-07 -1.06266e-08
   1.89297e-06 -1.01869e-02 -6.70639e-05]
 [ 0.00000e+00  0.00000e+00  0.00000e+00  0.00000e+00  0.00000e+00
   0.00000e+00  0.00000e+00  0.00000e+00]
 [ 0.00000e+00  0.00000e+00  0.00000e+00  0.00000e+00  4.61116e-08
   0.00000e+00  0.00000e+00  0.00000e+00]
 [ 0.00000e+00  0.00000e+00  0.00000e+00  0.00000e+00 -2.16073e-07
   0.00000e+00  0.00000e+00  0.00000e+00]
 [ 0.00000e+00  0.00000e+00 -6.97719e-08  2.71455e-08 -4.93474e-04
   0.00000e+00  0.00000e+00  0.00000e+00]
 [ 0.00000e+00  0.00000e+00  0.00000e+00  0.00000e+00  1.20685e-07
   0.00000e+00  0.00000e+00  0.00000e+00]
 [ 0.00000e+00  0.00000e+00  0.00000e+00  0.00000e+00  0.00000e+00
   0.00000e+00  1.14500e-08  0.00000e+00]
 [ 0.00000e+00  0.00000e+00  0.00000e+00  0.00000e+00  0.00000e+00
   0.00000e+00  0.00000e+00  0.00000e+00]]

mode  1  with rate  -1765048.6522134289
pert. and ob.:
 [[ 0.00000e+00 -2.26283e-05 -4.65753e-08  1.67021e-07  0.00000e+00
   1.89300e-06 -1.01869e-02 -6.70639e-05]
 [ 0.00000e+00  0.00000e+00  0.00000e+00  0.00000e+00  0.00000e+00
   0.00000e+00  0.00000e+00  0.00000e+00]
 [ 0.00000e+00  0.00000e+00  0.00000e+00  0.00000e+00  4.61450e-08
   0.00000e+00  0.00000e+00  0.00000e+00]
 [ 0.00000e+00  0.00000e+00  0.00000e+00  0.00000e+00 -2.15981e-07
   0.00000e+00  0.00000e+00  0.00000e+00]
 [ 0.00000e+00  0.00000e+00 -6.97719e-08  2.71455e-08 -4.93474e-04
   0.00000e+00  0.00000e+00  0.00000e+00]
 [ 0.00000e+00  0.00000e+00  0.00000e+00  0.00000e+00  1.20685e-07
   0.00000e+00  0.00000e+00  0.00000e+00]
 [ 0.00000e+00  0.00000e+00  0.00000e+00  0.00000e+00  0.00000e+00
   0.00000e+00  1.14500e-08  0.00000e+00]
 [ 0.00000e+00  0.00000e+00  0.00000e+00  0.00000e+00  0.00000e+00
   0.00000e+00  0.00000e+00  0.00000e+00]]

mode  2  with rate  -1292514.6808055912
pert. and ob.:
 [[ 2.66776e-07  6.02560e-06  1.04487e-07  2.93447e-06  1.90235e-07
  -4.14782e-06 -4.51508e-03 -2.31871e-05]
 [ 0.00000e+00  0.00000e+00  0.00000e+00  0.00000e+00  0.00000e+00
   0.00000e+00  0.00000e+00  0.00000e+00]
 [ 0.00000e+00  0.00000e+00  0.00000e+00  0.00000e+00  0.00000e+00
   0.00000e+00  0.00000e+00  0.00000e+00]
 [ 0.00000e+00  0.00000e+00  0.00000e+00  0.00000e+00  0.00000e+00
   0.00000e+00  0.00000e+00  0.00000e+00]
 [ 0.00000e+00  0.00000e+00  0.00000e+00  0.00000e+00  0.00000e+00
   0.00000e+00  0.00000e+00  0.00000e+00]
 [ 0.00000e+00  0.00000e+00  0.00000e+00  0.00000e+00  0.00000e+00
   0.00000e+00  0.00000e+00  0.00000e+00]
 [ 0.00000e+00  0.00000e+00  0.00000e+00  0.00000e+00  0.00000e+00
   0.00000e+00  0.00000e+00  0.00000e+00]
 [ 0.00000e+00  0.00000e+00  0.00000e+00  0.00000e+00  0.00000e+00
   0.00000e+00  0.00000e+00  0.00000e+00]]

mode  3  with rate  570208.3924853246
pert. and ob.:
 [[ 1.09999e-07 -1.84531e-05  3.22751e-08 -3.05333e-08  1.15593e-06
   1.08541e-06 -8.27228e-03  3.72603e-05]
 [ 0.00000e+00  0.00000e+00  0.00000e+00  0.00000e+00  0.00000e+00
   0.00000e+00  0.00000e+00  0.00000e+00]
 [ 0.00000e+00  0.00000e+00  0.00000e+00  0.00000e+00  0.00000e+00
   0.00000e+00  0.00000e+00  0.00000e+00]
 [ 0.00000e+00  0.00000e+00  0.00000e+00  0.00000e+00  0.00000e+00
   0.00000e+00  0.00000e+00  0.00000e+00]
 [ 0.00000e+00  0.00000e+00  0.00000e+00  0.00000e+00  1.37378e-07
   0.00000e+00  0.00000e+00  0.00000e+00]
 [ 0.00000e+00  0.00000e+00  0.00000e+00  0.00000e+00  0.00000e+00
   0.00000e+00  0.00000e+00  0.00000e+00]
 [ 0.00000e+00  0.00000e+00  0.00000e+00  0.00000e+00  0.00000e+00
   0.00000e+00  0.00000e+00  0.00000e+00]
 [ 0.00000e+00  0.00000e+00  0.00000e+00  0.00000e+00  0.00000e+00
   0.00000e+00  0.00000e+00  0.00000e+00]]

mode  4  with rate  483198.4318190051
pert. and ob.:
 [[-1.75252e-07 -1.84533e-05  3.46340e-08 -3.04437e-08  1.17301e-06
   1.08541e-06 -8.27232e-03  3.72607e-05]
 [ 0.00000e+00  0.00000e+00  0.00000e+00  0.00000e+00  0.00000e+00
   0.00000e+00  0.00000e+00  0.00000e+00]
 [ 0.00000e+00  0.00000e+00  0.00000e+00  0.00000e+00  0.00000e+00
   0.00000e+00  0.00000e+00  0.00000e+00]
 [ 0.00000e+00  0.00000e+00  0.00000e+00  0.00000e+00  0.00000e+00
   0.00000e+00  0.00000e+00  0.00000e+00]
 [ 0.00000e+00  0.00000e+00  0.00000e+00  0.00000e+00  1.37379e-07
   0.00000e+00  0.00000e+00  0.00000e+00]
 [ 0.00000e+00  0.00000e+00  0.00000e+00  0.00000e+00  0.00000e+00
   0.00000e+00  0.00000e+00  0.00000e+00]
 [ 0.00000e+00  0.00000e+00  0.00000e+00  0.00000e+00  0.00000e+00
   0.00000e+00  0.00000e+00  0.00000e+00]
 [ 0.00000e+00  0.00000e+00  0.00000e+00  0.00000e+00  0.00000e+00
   0.00000e+00  0.00000e+00  0.00000e+00]]

mode  5  with rate  -450742.6980252811
pert. and ob.:
 [[ 0.00000e+00 -1.28490e-06  1.44685e-07  1.14309e-06  0.00000e+00
   0.00000e+00  4.74088e-08  0.00000e+00]
 [ 0.00000e+00 -5.55345e-02 -1.58945e-02  1.11831e-02 -2.49233e-07
  -5.92404e-04  2.05945e-03  7.82406e-06]
 [ 0.00000e+00 -3.88183e-03 -2.48904e-02 -4.02564e-02 -1.62052e-06
  -9.29467e-04  1.55112e-04 -1.69143e-05]
 [ 0.00000e+00 -3.89690e-03 -2.14954e-02 -3.43869e-02 -1.39142e-06
  -8.02679e-04  1.54076e-04 -1.44160e-05]
 [ 0.00000e+00  5.33243e-06  2.86128e-05  4.56718e-05  0.00000e+00
   1.06845e-06 -2.10459e-07  1.91384e-08]
 [ 0.00000e+00  1.20201e-04  9.44355e-04  1.54618e-03  6.18843e-08
   3.52651e-05 -4.88452e-06  6.51242e-07]
 [ 0.00000e+00 -2.44016e-03  5.18986e-04  2.59232e-03  7.11192e-08
   1.94341e-05  8.99199e-05  1.23771e-06]
 [ 0.00000e+00  1.49298e-03 -3.02366e-04 -1.55990e-03 -4.24907e-08
  -1.13240e-05 -5.50233e-05 -7.46135e-07]]

mode  6  with rate  -450742.69802157435
pert. and ob.:
 [[ 0.00000e+00 -1.28490e-06  1.44684e-07  1.14309e-06  0.00000e+00
   0.00000e+00  4.74089e-08  0.00000e+00]
 [ 0.00000e+00 -5.55345e-02 -1.58945e-02  1.11831e-02 -2.49233e-07
  -5.92404e-04  2.05945e-03  7.82406e-06]
 [ 0.00000e+00 -3.88183e-03 -2.48904e-02 -4.02564e-02 -1.62052e-06
  -9.29467e-04  1.55112e-04 -1.69143e-05]
 [ 0.00000e+00 -3.89690e-03 -2.14954e-02 -3.43869e-02 -1.39142e-06
  -8.02679e-04  1.54076e-04 -1.44160e-05]
 [ 0.00000e+00  5.33243e-06  2.86128e-05  4.56718e-05  0.00000e+00
   1.06845e-06 -2.10459e-07  1.91384e-08]
 [ 0.00000e+00  1.20201e-04  9.44355e-04  1.54618e-03  6.18843e-08
   3.52651e-05 -4.88452e-06  6.51242e-07]
 [ 0.00000e+00 -2.44016e-03  5.18986e-04  2.59232e-03  7.11192e-08
   1.94341e-05  8.99199e-05  1.23771e-06]
 [ 0.00000e+00  1.49298e-03 -3.02366e-04 -1.55990e-03 -4.24907e-08
  -1.13240e-05 -5.50233e-05 -7.46135e-07]]

mode  7  with rate  450687.2112395449
pert. and ob.:
 [[ 0.00000e+00 -1.96427e-07  6.40851e-08 -2.47054e-07  0.00000e+00
   0.00000e+00  0.00000e+00  0.00000e+00]
 [ 0.00000e+00 -5.55421e-02 -1.58842e-02 -1.11879e-02  3.01930e-07
  -5.92910e-04  2.05747e-03 -5.29244e-06]
 [ 0.00000e+00 -3.87944e-03 -2.49020e-02  4.02682e-02  1.60631e-06
  -9.35553e-04  1.58460e-04  9.83011e-06]
 [ 0.00000e+00  3.90119e-03  2.15108e-02 -3.44022e-02 -1.38007e-06
   8.08108e-04 -1.57159e-04 -8.37158e-06]
 [ 0.00000e+00 -5.55819e-06 -3.05149e-05  4.87858e-05  0.00000e+00
  -1.14637e-06  2.23829e-07  1.18706e-08]
 [ 0.00000e+00  2.20929e-04  1.21485e-03 -1.94250e-03 -7.79333e-08
   4.56391e-05 -8.89803e-06 -4.72666e-07]
 [ 0.00000e+00 -2.63160e-03  6.07894e-04 -2.87736e-03 -7.63398e-08
   2.30360e-05  9.66398e-05 -8.33995e-07]
 [ 0.00000e+00 -8.11671e-04  2.16496e-04 -9.37510e-04 -2.54780e-08
   8.19495e-06  2.97889e-05 -2.69664e-07]]

mode  8  with rate  450687.2112371556
pert. and ob.:
 [[ 0.00000e+00 -1.96429e-07  6.40841e-08 -2.47053e-07  0.00000e+00
   0.00000e+00  0.00000e+00  0.00000e+00]
 [ 0.00000e+00 -5.55421e-02 -1.58842e-02 -1.11879e-02  3.01930e-07
  -5.92910e-04  2.05747e-03 -5.29244e-06]
 [ 0.00000e+00 -3.87944e-03 -2.49020e-02  4.02682e-02  1.60631e-06
  -9.35553e-04  1.58460e-04  9.83011e-06]
 [ 0.00000e+00  3.90119e-03  2.15108e-02 -3.44022e-02 -1.38007e-06
   8.08108e-04 -1.57159e-04 -8.37158e-06]
 [ 0.00000e+00 -5.55819e-06 -3.05149e-05  4.87858e-05  0.00000e+00
  -1.14637e-06  2.23829e-07  1.18706e-08]
 [ 0.00000e+00  2.20929e-04  1.21485e-03 -1.94250e-03 -7.79333e-08
   4.56391e-05 -8.89803e-06 -4.72666e-07]
 [ 0.00000e+00 -2.63160e-03  6.07894e-04 -2.87736e-03 -7.63398e-08
   2.30360e-05  9.66398e-05 -8.33995e-07]
 [ 0.00000e+00 -8.11671e-04  2.16496e-04 -9.37510e-04 -2.54780e-08
   8.19495e-06  2.97889e-05 -2.69664e-07]]

mode  9  with rate  381706.2676964561
pert. and ob.:
 [[ 0.00000e+00  1.79426e-07 -1.49674e-06 -1.19003e-06  0.00000e+00
  -5.60110e-08  0.00000e+00  0.00000e+00]
 [ 0.00000e+00 -3.80493e-03  3.17400e-02  2.52358e-02  6.83180e-07
   1.18777e-03  1.48997e-04 -1.20790e-05]
 [ 0.00000e+00  7.80145e-03 -6.50783e-02 -5.17423e-02 -1.40076e-06
  -2.43536e-03 -3.05497e-04  2.47662e-05]
 [ 0.00000e+00  6.92073e-03 -5.77314e-02 -4.59009e-02 -1.24262e-06
  -2.16042e-03 -2.71008e-04  2.19703e-05]
 [ 0.00000e+00 -9.31564e-06  7.77094e-05  6.17849e-05  0.00000e+00
   2.90803e-06  3.64791e-07 -2.95731e-08]
 [ 0.00000e+00 -2.92108e-04  2.43671e-03  1.93738e-03  5.24484e-08
   9.11866e-05  1.14387e-05 -9.27317e-07]
 [ 0.00000e+00  9.25686e-05 -7.72190e-04 -6.13951e-04 -1.66208e-08
  -2.88969e-05 -3.62489e-06  2.93865e-07]
 [ 0.00000e+00 -3.86734e-04  3.22606e-03  2.56497e-03  6.94385e-08
   1.20725e-04  1.51441e-05 -1.22771e-06]]

do real-space simulations with xmax (in micro-meter)  23.8522763776272
2799  (of  5600 ) modes are considered in real-space simulation
Sxx_jxsxpert (exp): tau =  11.172930856127143  micro-meter
Sxx_jxsxpert (exp cos phi=0): tau =  20.77495797167282  micro-meter  period =  -114.09181226244979
Sxx_jxsxpert (exp cos): tau =  23.818435331938552  micro-meter  period =  -140.28833025864125 micro-meter  phi =  -0.27056165967235696
2799  (of  5600 ) modes are considered in real-space simulation
jxSx_jxsxpert (exp): tau =  14.616542584101364  micro-meter
jxSx_jxsxpert (exp cos phi=0): tau =  24.651693918061746  micro-meter  period =  -144.2303170599568
jxSx_jxsxpert (exp cos): tau =  23.54420915265716  micro-meter  period =  132.07906199938444 micro-meter  phi =  -0.1281638931550673
2799  (of  5600 ) modes are considered in real-space simulation
Sxx_sxpert (exp): tau =  14.61148385507773  micro-meter
Sxx_sxpert (exp cos phi=0): tau =  24.64954240340061  micro-meter  period =  -144.17457756911054
Sxx_sxpert (exp cos): tau =  23.5460642471133  micro-meter  period =  -132.07585010346506 micro-meter  phi =  0.1276298340005891
3  (of  5600 ) modes are considered in real-space simulation
Sxx_sxpert_thrrel0.01 (exp): tau =  14.594599433480775  micro-meter
Sxx_sxpert_thrrel0.01 (exp cos phi=0): tau =  24.604620233165523  micro-meter  period =  144.13675887974182
Sxx_sxpert_thrrel0.01 (exp cos): tau =  23.51758276702077  micro-meter  period =  -132.2389109895159 micro-meter  phi =  0.12542734575313522
2799  (of  5600 ) modes are considered in real-space simulation
Syx_sypert (exp): tau =  13.739750941136025  micro-meter
Syx_sypert (exp cos phi=0): tau =  17.098664543117216  micro-meter  period =  -178.28549780344153
Syx_sypert (exp cos): tau =  16.30839879206383  micro-meter  period =  160.25942756973 micro-meter  phi =  -0.15456296747577075
2799  (of  5600 ) modes are considered in real-space simulation
Szx_szpert (exp): tau =  17.218752855865695  micro-meter
Szx_szpert (exp cos phi=0): tau =  23.255627138896152  micro-meter  period =  -197.24904391653246
Szx_szpert (exp cos): tau =  21.92839250374793  micro-meter  period =  -172.29841590320066 micro-meter  phi =  0.18851435550053564

time for diffusion length:  83.81102897506207

##################################################
solving approximate diffusion lengths
##################################################

--------------------------------------------------
Rayleigh-Ritz method:
--------------------------------------------------

##################################################
diffusion length analysis for grbn based on RR method:
##################################################
time for Rayleigh-Ritz method:  615.284759960603

##################################################
more diffusion length analysis for gr-bn:
##################################################
time for more diffusion length analysis for grbn:  9.295741585083306

time for approximate diffusion length:  624.5805080728605
total time:  808.910676385276
