
--------------------------------------------------
diffusion length analysis for gr-bn using U of -L:
--------------------------------------------------

drift-diffusion model for sz
AK = 
 [[1.24835e-08-3.71197e-23j 2.25723e-14+1.96714e-21j]
 [2.25722e-14+5.65855e-20j 4.44916e-06-2.23617e-19j]]
BK = 
 [[1.80817e-06-1.68248e-13j 9.45373e-02+2.05803e-15j]
 [9.45373e-02+1.59378e-15j 2.15730e-07-1.99774e-14j]]
ldiff_RR_z (from CK) in micro-meter =  [ 21.23122 -21.22356]
vx2_sz =  (0.09453729583525572+1.5924911448551665e-15j)
taupvsz_inv =  (4.7062444058605375e-05-4.017240468008195e-18j)
vx2_sz * taupvsz_inv =  (4.449156196698549e-06-3.048325251468812e-19j)
ldiff_DD_z in micro-meter =  21.227389573095863

drift-diffusion model for sx
AK = 
 [[ 1.09348e-08-1.29945e-22j -4.76580e-15+5.51212e-20j]
 [-4.76593e-15-8.76312e-20j  4.45211e-06+6.34936e-18j]]
BK = 
 [[-4.35839e-07-1.81442e-13j  9.45515e-02-1.07944e-13j]
 [ 9.45515e-02-1.08408e-13j -1.48105e-06+1.17437e-12j]]
ldiff_RR_x (from CK) in micro-meter =  [-22.67787  22.67574]
vx2_sx =  (0.09455145373692848-1.0840643821949032e-13j)
taupvsx_inv =  (4.708662421933605e-05+1.2164141564900569e-16j)
vx2_sx * taupvsx_inv =  (4.4521087715026885e-06+6.3968794648336395e-18j)
ldiff_DD_x in micro-meter =  22.676803499312314

drift-diffusion model for sy
AK = 
 [[ 1.09672e-08+4.79248e-23j -1.50645e-14+3.54799e-20j]
 [-1.50646e-14-1.40546e-20j  4.45099e-06-7.01343e-18j]]
BK = 
 [[-1.37359e-06+3.48392e-13j  9.45699e-02+1.07302e-13j]
 [ 9.45699e-02+1.06842e-13j  1.26509e-06-1.15448e-12j]]
ldiff_RR_y (from CK) in micro-meter =  [-22.65376  22.64715]
vx2_sy =  (0.09456986736726831+1.0683966462158356e-13j)
taupvsy_inv =  (4.706560709230052e-05-1.2795241317673926e-16j)
vx2_sy * taupvsy_inv =  (4.450988220278823e-06-7.071969066493534e-18j)
ldiff_DD_y in micro-meter =  22.650454204054935

sx-sz coupling
AK = 
 [[ 1.09348e-08-1.30095e-22j -2.40566e-20-2.54557e-19j
  -4.76580e-15+5.51446e-20j  1.31567e-12+7.27742e-11j]
 [-3.91619e-20-3.30823e-19j  1.24835e-08-3.68764e-23j
  -1.49132e-12+8.24904e-11j  2.25723e-14+1.97497e-21j]
 [-4.76593e-15-8.76311e-20j  1.50202e-12+8.30818e-11j
   4.45211e-06+6.40426e-18j  5.76359e-13+3.18804e-11j]
 [-1.30630e-12+7.22561e-11j  2.25722e-14+5.65855e-20j
   1.85236e-12-1.02461e-10j  4.44916e-06-3.01808e-19j]]
BK = 
 [[-4.35839e-07-1.81442e-13j  1.20320e-04+6.65532e-03j
   9.45515e-02-1.07945e-13j  9.30635e-08+5.14767e-06j]
 [-1.19463e-04+6.60794e-03j  1.80817e-06-1.68248e-13j
   1.11409e-07-6.16244e-06j  9.45373e-02+2.05421e-15j]
 [ 9.45515e-02-1.08406e-13j  9.30635e-08+5.14767e-06j
  -1.48105e-06+1.17437e-12j  1.43646e-05+7.94555e-04j]
 [ 1.11409e-07-6.16244e-06j  9.45373e-02+1.59252e-15j
  -1.42633e-05+7.88951e-04j  2.15730e-07-1.99776e-14j]]
CK = 
 [[ 1.81228e-12-2.35989e-18j -4.17311e-12-2.30830e-10j
   4.70590e-05-1.75611e-17j -4.10083e-11-2.26831e-09j]
 [ 3.62844e-12-2.00702e-10j -1.07430e-13+6.26900e-19j
  -3.59723e-11+1.98976e-09j  4.70348e-05-1.42535e-16j]
 [ 1.15635e-07+1.10091e-20j -1.29838e-13-7.18177e-12j
   1.77880e-10+8.46439e-17j -5.98394e-08-3.30993e-06j]
 [-1.34051e-13+7.41483e-12j  1.32033e-07-8.66775e-20j
   5.94509e-08-3.28844e-06j -8.42144e-10+7.82264e-17j]]
ldiff_xz (from CK) in micro-meter =  [-30.06267 -30.06267  30.06833  30.06833]
T1xinv =  (1.0934751076333183e-08-3.857782591327304e-20j)
T1zinv =  (1.2483530804969915e-08+1.4127900515172487e-19j)
vx2_sx * taupvsx_inv =  (4.4521087715026885e-06+6.3968794648336395e-18j)
vx2_sz * taupvsz_inv =  (4.449156196698549e-06-3.048325251468812e-19j)
vxz =  (0.00012031987331180862+0.006655315380715314j)
vzx =  (-0.0001194633311814647+0.006607935182353715j)
vxz0 =  (-0.001312044333865849-9.179685940994184e-17j)
vzx0 =  (0.0013113719220962966-3.3954287983716237e-15j)
T1xinv vxz =  (1.3156678644573193e-12+7.277421702260892e-11j)
T1zinv vzx =  (-1.4913241758017001e-12+8.249036240614022e-11j)
T1zinv vxz =  (1.5020168439977841e-12+8.308183457196669e-11j)
T1xinv vzx =  (-1.3063017889639488e-12+7.22561263475868e-11j)
AK_appr = 
 [[1.09348e-08-3.85778e-20j 0.00000e+00+0.00000e+00j
  0.00000e+00+0.00000e+00j 0.00000e+00+0.00000e+00j]
 [0.00000e+00+0.00000e+00j 1.24835e-08+1.41279e-19j
  0.00000e+00+0.00000e+00j 0.00000e+00+0.00000e+00j]
 [0.00000e+00+0.00000e+00j 0.00000e+00+0.00000e+00j
  4.45211e-06+6.39688e-18j 0.00000e+00+0.00000e+00j]
 [0.00000e+00+0.00000e+00j 0.00000e+00+0.00000e+00j
  0.00000e+00+0.00000e+00j 4.44916e-06-3.04833e-19j]]
BK_appr = 
 [[ 0.     +0.00000e+00j  0.00012+6.65532e-03j  0.09455-1.08406e-13j
   0.     +0.00000e+00j]
 [-0.00012+6.60794e-03j  0.     +0.00000e+00j  0.     +0.00000e+00j
   0.09454+1.59249e-15j]
 [ 0.09455-1.08406e-13j  0.     +0.00000e+00j  0.     +0.00000e+00j
   0.     +0.00000e+00j]
 [ 0.     +0.00000e+00j  0.09454+1.59249e-15j  0.     +0.00000e+00j
   0.     +0.00000e+00j]]
1 / vx2_sx =  (10.576251982146257+1.2126030449899939e-11j)
1 / vx2_sz =  (10.577835881223406-1.7818480869110586e-13j)
vxz / vx2_sx / vx2_sz =  (0.013460648385200804+0.7445558058880968j)
vzx / vx2_sx / vx2_sz =  (-0.013364823714468094+0.7392552003184978j)
BK_appr_inv = 
 [[ 0.     +0.00000e+00j -0.     +0.00000e+00j 10.57625+1.21260e-11j
   0.     +0.00000e+00j]
 [ 0.     +0.00000e+00j -0.     +0.00000e+00j  0.     +0.00000e+00j
  10.57784-1.78185e-13j]
 [10.57625+1.21260e-11j -0.     +0.00000e+00j  0.     +0.00000e+00j
  -0.01346-7.44556e-01j]
 [ 0.     +0.00000e+00j 10.57784-1.78185e-13j  0.01336-7.39255e-01j
   0.     +0.00000e+00j]]
CK_appr = 
 [[ 0.00000e+00+0.00000e+00j  0.00000e+00+0.00000e+00j
   4.70866e-05+1.21641e-16j  0.00000e+00+0.00000e+00j]
 [ 0.00000e+00+0.00000e+00j  0.00000e+00+0.00000e+00j
   0.00000e+00+0.00000e+00j  4.70624e-05-4.01724e-18j]
 [ 1.15649e-07-2.75414e-19j  0.00000e+00+0.00000e+00j
   0.00000e+00+0.00000e+00j -5.98885e-08-3.31265e-06j]
 [ 0.00000e+00+0.00000e+00j  1.32049e-07+1.49220e-18j
   5.95016e-08-3.29124e-06j  0.00000e+00+0.00000e+00j]]
lambda_appr_xz =  [-1.75986e-06-1.64931e-06j -1.75986e-06+1.64931e-06j
  1.75986e-06-1.64931e-06j  1.75986e-06+1.64931e-06j]
ldiff_xz (from CK_appr) in micro-meter =  [-30.06929 -30.06929  30.06929  30.06929]
b =  (-7.537539460766124e-13+5.486928473406641e-20j)
c =  (3.384129589544047e-23+3.863630936368168e-34j)
b*b - 4*c =  (-1.347970385705358e-22-8.426133214795484e-32j)
sqrt(b*b - 4*c) =  (3.628759198493983e-21-1.1610212684121502e-11j)
E2_plus =  (3.768769748526858e-13-5.805106369495393e-12j)
E2_minus =  (3.7687697122392664e-13+5.805106314626109e-12j)

sy-sz coupling
AK = 
 [[ 1.09672e-08+4.80723e-23j  4.89427e-20-1.37597e-19j
  -1.50645e-14+3.55565e-20j  3.34231e-13+2.91348e-11j]
 [ 2.05119e-19-3.94384e-20j  1.24835e-08-3.68764e-23j
  -3.64146e-13+3.17426e-11j  2.25723e-14+1.97497e-21j]
 [-1.50646e-14-1.40547e-20j  3.80440e-13+3.31628e-11j
   4.45099e-06-7.05261e-18j -6.49984e-13-5.66591e-11j]
 [-3.19916e-13+2.78870e-11j  2.25722e-14+5.65855e-20j
  -2.56083e-12+2.23228e-10j  4.44916e-06-3.01808e-19j]]
BK = 
 [[-1.37359e-06+3.48394e-13j  3.04754e-05+2.65653e-03j
   9.45699e-02+1.07303e-13j -1.50162e-07-1.30896e-05j]
 [-2.91701e-05+2.54276e-03j  1.80817e-06-1.68248e-13j
  -1.74275e-07+1.51915e-05j  9.45373e-02+2.05421e-15j]
 [ 9.45699e-02+1.06840e-13j -1.50162e-07-1.30896e-05j
   1.26509e-06-1.15448e-12j  3.63606e-06+3.16954e-04j]
 [-1.74275e-07+1.51915e-05j  9.45373e-02+1.59252e-15j
  -3.48019e-06+3.03368e-04j  2.15730e-07-1.99776e-14j]]
CK = 
 [[-1.76225e-12+1.26187e-18j -1.05412e-12-9.18875e-11j
   4.70614e-05+1.13953e-17j  6.80872e-11+5.93515e-09j]
 [ 8.85073e-13-7.71518e-11j -1.86717e-14+6.25638e-19j
   5.96604e-11-5.20059e-09j  4.70582e-05+1.35076e-16j]
 [ 1.15968e-07-5.26190e-20j  2.09659e-13+1.82759e-11j
   7.12459e-10-1.66800e-16j -1.51611e-08-1.32159e-06j]
 [ 2.13222e-13-1.85864e-11j  1.32046e-07+8.72270e-20j
   1.45173e-08-1.26547e-06j -9.52560e-10+9.15930e-17j]]
ldiff_yz (from CK) in micro-meter =  [ 22.74856  22.74856 -22.74738 -22.74738]
T1yinv =  (1.0967236385307e-08+6.406326965728006e-19j)
T1zinv =  (1.2483530804969915e-08+1.4127900515172487e-19j)
vx2_sy * taupvsy_inv =  (4.450988220278823e-06-7.071969066493534e-18j)
vx2_sz * taupvsz_inv =  (4.449156196698549e-06-3.048325251468812e-19j)
vyz =  (3.047537675123973e-05+0.0026565279027648343j)
vzy =  (-2.9170145903364467e-05+0.002542758654285423j)
vyz0 =  (1.3152311976689903e-09-8.741183466745184e-18j)
vzy0 =  (-1.3152186095632666e-09+5.4817430445972575e-17j)
T1xinv vyz =  (3.332406588347609e-13+2.904847134406573e-11j)
T1zinv vzy =  (-3.641464153293557e-13+3.17426059903718e-11j)
T1zinv vyz =  (3.8044030409185354e-13+3.3162847908431237e-11j)
T1xinv vzy =  (-3.189682842155165e-13+2.780443293180417e-11j)
AK_appr = 
 [[1.09672e-08+6.40633e-19j 0.00000e+00+0.00000e+00j
  0.00000e+00+0.00000e+00j 0.00000e+00+0.00000e+00j]
 [0.00000e+00+0.00000e+00j 1.24835e-08+1.41279e-19j
  0.00000e+00+0.00000e+00j 0.00000e+00+0.00000e+00j]
 [0.00000e+00+0.00000e+00j 0.00000e+00+0.00000e+00j
  4.45099e-06-7.07197e-18j 0.00000e+00+0.00000e+00j]
 [0.00000e+00+0.00000e+00j 0.00000e+00+0.00000e+00j
  0.00000e+00+0.00000e+00j 4.44916e-06-3.04833e-19j]]
BK_appr = 
 [[ 0.00000e+00+0.00000e+00j  3.04754e-05+2.65653e-03j
   9.45699e-02+1.06840e-13j  0.00000e+00+0.00000e+00j]
 [-2.91701e-05+2.54276e-03j  0.00000e+00+0.00000e+00j
   0.00000e+00+0.00000e+00j  9.45373e-02+1.59249e-15j]
 [ 9.45699e-02+1.06840e-13j  0.00000e+00+0.00000e+00j
   0.00000e+00+0.00000e+00j  0.00000e+00+0.00000e+00j]
 [ 0.00000e+00+0.00000e+00j  9.45373e-02+1.59249e-15j
   0.00000e+00+0.00000e+00j  0.00000e+00+0.00000e+00j]]
1 / vx2_sy =  (10.574192687787475-1.1946122288823593e-11j)
1 / vx2_sz =  (10.577835881223406-1.7818480869110586e-13j)
vyz / vx2_sy / vx2_sz =  (0.003408734121127236+0.29713815776231584j)
vzy / vx2_sy / vx2_sz =  (-0.003262741341996277+0.28441283126829625j)
BK_appr_inv = 
 [[ 0.00000e+00+0.00000e+00j -0.00000e+00+0.00000e+00j
   1.05742e+01-1.19461e-11j  0.00000e+00+0.00000e+00j]
 [ 0.00000e+00+0.00000e+00j -0.00000e+00+0.00000e+00j
   0.00000e+00+0.00000e+00j  1.05778e+01-1.78185e-13j]
 [ 1.05742e+01-1.19461e-11j -0.00000e+00+0.00000e+00j
   0.00000e+00+0.00000e+00j -3.40873e-03-2.97138e-01j]
 [ 0.00000e+00+0.00000e+00j  1.05778e+01-1.78185e-13j
   3.26274e-03-2.84413e-01j  0.00000e+00+0.00000e+00j]]
CK_appr = 
 [[ 0.00000e+00+0.00000e+00j  0.00000e+00+0.00000e+00j
   4.70656e-05-1.27952e-16j  0.00000e+00+0.00000e+00j]
 [ 0.00000e+00+0.00000e+00j  0.00000e+00+0.00000e+00j
   0.00000e+00+0.00000e+00j  4.70624e-05-4.01724e-18j]
 [ 1.15970e-07+6.64316e-18j  0.00000e+00+0.00000e+00j
   0.00000e+00+0.00000e+00j -1.51660e-08-1.32201e-06j]
 [ 0.00000e+00+0.00000e+00j  1.32049e-07+1.49220e-18j
   1.45224e-08-1.26592e-06j  0.00000e+00+0.00000e+00j]]
lambda_appr_yz =  [-2.32632e-06-6.42116e-07j -2.32632e-06+6.42116e-07j
  2.32632e-06-6.42116e-07j  2.32632e-06+6.42116e-07j]
ldiff_yz (from CK_appr) in micro-meter =  [-22.74735 -22.74735  22.74735  22.74735]
b =  (-9.998937527183208e-12-5.52411368317456e-20j)
c =  (3.3920076916237853e-23+2.2312628972892547e-33j)
b*b - 4*c =  (-3.570155599243876e-23+1.0957803006332503e-30j)
sqrt(b*b - 4*c) =  (9.169590068311147e-20+5.975077906809147e-12j)
E2_plus =  (4.999468809439554e-12+2.987538981025142e-12j)
E2_minus =  (4.999468717743654e-12-2.987538925784005e-12j)

sx-sy coupling
AK = 
 [[ 1.09348e-08-1.30095e-22j -4.35835e-19-1.47313e-20j
  -4.76580e-15+5.51446e-20j  7.04196e-14-4.65122e-16j]
 [-6.92570e-19+4.38725e-19j  1.09672e-08+4.80723e-23j
  -1.14306e-13-7.55023e-16j -1.50645e-14+3.55565e-20j]
 [-4.76593e-15-8.76311e-20j  7.06290e-14-4.66553e-16j
   4.45211e-06+6.40426e-18j  5.15461e-10-3.40490e-12j]
 [-1.13967e-13-7.52866e-16j -1.50646e-14-1.40547e-20j
   5.33601e-10+3.52471e-12j  4.45099e-06-7.05261e-18j]]
BK = 
 [[-4.35839e-07-1.81442e-13j  6.43999e-06-4.25387e-08j
   9.45515e-02-1.07945e-13j -8.25003e-06+5.44960e-08j]
 [-1.04225e-05-6.88460e-08j -1.37359e-06+3.48394e-13j
  -8.57022e-06-5.66107e-08j  9.45699e-02+1.07303e-13j]
 [ 9.45515e-02-1.08406e-13j -8.25003e-06+5.44960e-08j
  -1.48105e-06+1.17437e-12j  8.50396e-05-5.61733e-07j]
 [-8.57022e-06-5.66107e-08j  9.45699e-02+1.06840e-13j
  -8.55152e-05-5.64874e-07j  1.26509e-06-1.15448e-12j]]
CK = 
 [[ 1.76070e-12-2.36721e-18j -1.03556e-10+6.84045e-13j
   4.70866e-05+1.21747e-16j  9.55766e-09-6.31336e-11j]
 [ 1.03371e-10+6.82819e-13j -1.71089e-12+1.26720e-18j
   9.90967e-09+6.54585e-11j  4.70656e-05-1.28149e-16j]
 [ 1.15649e-07+1.30126e-19j  1.01185e-11-6.68384e-14j
   2.16775e-10+9.08659e-17j -3.20483e-09+2.11692e-11j]
 [ 1.04821e-11+6.92446e-14j  1.15970e-07-1.30976e-19j
   5.18834e-09+3.42717e-11j  6.84212e-10-1.73058e-16j]]
ldiff_xy (from CK) in micro-meter =  [ 22.66144  22.66144 -22.66582 -22.66582]
T1xinv =  (1.0934751076333183e-08-3.857782591327304e-20j)
T1yinv =  (1.0967236385307e-08+6.406326965728006e-19j)
vx2_sx * taupvsx_inv =  (4.4521087715026885e-06+6.3968794648336395e-18j)
vx2_sy * taupvsz_inv =  (4.450689092601795e-06+4.648225841251478e-18j)
vxy =  (6.439985870614221e-06-4.253874968765181e-08j)
vyx =  (-1.0422474504325246e-05-6.88459922110957e-08j)
vxy0 =  (4.734675994332741e-09-1.3412009807688786e-18j)
vyx0 =  (-7.774094178940885e-08-4.626634595091711e-17j)
T1xinv vxy =  (7.04196424302677e-14-4.651506391813592e-16j)
T1zinv vyx =  (-1.1430574160872627e-13-7.550502774370691e-16j)
T1zinv vxy =  (7.062884736109051e-14-4.665325192342162e-16j)
T1xinv vyx =  (-1.1396716430422828e-13-7.528137870294283e-16j)
AK_appr = 
 [[1.09348e-08-3.85778e-20j 0.00000e+00+0.00000e+00j
  0.00000e+00+0.00000e+00j 0.00000e+00+0.00000e+00j]
 [0.00000e+00+0.00000e+00j 1.09672e-08+6.40633e-19j
  0.00000e+00+0.00000e+00j 0.00000e+00+0.00000e+00j]
 [0.00000e+00+0.00000e+00j 0.00000e+00+0.00000e+00j
  4.45211e-06+6.39688e-18j 0.00000e+00+0.00000e+00j]
 [0.00000e+00+0.00000e+00j 0.00000e+00+0.00000e+00j
  0.00000e+00+0.00000e+00j 4.45099e-06-7.07197e-18j]]
BK_appr = 
 [[ 0.00000e+00+0.00000e+00j  6.43999e-06-4.25387e-08j
   9.45515e-02-1.08406e-13j  0.00000e+00+0.00000e+00j]
 [-1.04225e-05-6.88460e-08j  0.00000e+00+0.00000e+00j
   0.00000e+00+0.00000e+00j  9.45699e-02+1.06840e-13j]
 [ 9.45515e-02-1.08406e-13j  0.00000e+00+0.00000e+00j
   0.00000e+00+0.00000e+00j  0.00000e+00+0.00000e+00j]
 [ 0.00000e+00+0.00000e+00j  9.45699e-02+1.06840e-13j
   0.00000e+00+0.00000e+00j  0.00000e+00+0.00000e+00j]]
1 / vx2_sx =  (10.576251982146257+1.2126030449899939e-11j)
1 / vx2_sy =  (10.574192687787475-1.1946122288823593e-11j)
vxy / vx2_sx / vx2_sy =  (0.0007202179216828582-4.757334954840202e-06j)
vyx / vx2_sx / vx2_sy =  (-0.001165600837813914-7.699414008476153e-06j)
BK_appr_inv = 
 [[ 0.00000e+00+0.00000e+00j -0.00000e+00+0.00000e+00j
   1.05763e+01+1.21260e-11j  0.00000e+00+0.00000e+00j]
 [ 0.00000e+00+0.00000e+00j -0.00000e+00+0.00000e+00j
   0.00000e+00+0.00000e+00j  1.05742e+01-1.19461e-11j]
 [ 1.05763e+01+1.21260e-11j -0.00000e+00+0.00000e+00j
   0.00000e+00+0.00000e+00j -7.20218e-04+4.75733e-06j]
 [ 0.00000e+00+0.00000e+00j  1.05742e+01-1.19461e-11j
   1.16560e-03+7.69941e-06j  0.00000e+00+0.00000e+00j]]
CK_appr = 
 [[ 0.00000e+00+0.00000e+00j  0.00000e+00+0.00000e+00j
   4.70866e-05+1.21641e-16j  0.00000e+00+0.00000e+00j]
 [ 0.00000e+00+0.00000e+00j  0.00000e+00+0.00000e+00j
   0.00000e+00+0.00000e+00j  4.70656e-05-1.27952e-16j]
 [ 1.15649e-07-2.75414e-19j  0.00000e+00+0.00000e+00j
   0.00000e+00+0.00000e+00j -3.20568e-09+2.11748e-11j]
 [ 0.00000e+00+0.00000e+00j  1.15970e-07+6.64316e-18j
   5.18938e-09+3.42786e-11j  0.00000e+00+0.00000e+00j]]
lambda_appr_xy =  [ 2.33492e-06-1.52209e-09j  2.33492e-06+1.52209e-09j
 -2.33492e-06-1.52209e-09j -2.33492e-06+1.52209e-09j]
ldiff_xy (from CK_appr) in micro-meter =  [ 22.66363  22.66363 -22.66363 -22.66363]
b =  (-1.0903672389721416e-11-2.9689689689960645e-22j)
c =  (2.972256841775584e-23+1.6278119268885176e-33j)
b*b - 4*c =  (-2.0208865021788637e-28-3.671471291766127e-35j)
sqrt(b*b - 4*c) =  (1.2913357649010015e-21-1.4215788765238742e-14j)
E2_plus =  (5.451836195506376e-12-7.107894234170923e-15j)
E2_minus =  (5.45183619421504e-12+7.107894531067819e-15j)

sx-sy-sz coupling
AK = 
 [[ 1.09348e-08-1.30096e-22j -4.35835e-19-1.47313e-20j
  -2.40566e-20-2.54557e-19j -4.76580e-15+5.51467e-20j
   7.04196e-14-4.65122e-16j  1.31567e-12+7.27742e-11j]
 [-6.92570e-19+4.38725e-19j  1.09672e-08+4.80660e-23j
   4.89427e-20-1.37597e-19j -1.14306e-13-7.55023e-16j
  -1.50645e-14+3.55392e-20j  3.34231e-13+2.91348e-11j]
 [-3.91618e-20-3.30823e-19j  2.05119e-19-3.94384e-20j
   1.24835e-08-3.68764e-23j -1.49132e-12+8.24904e-11j
  -3.64146e-13+3.17426e-11j  2.25723e-14+1.97467e-21j]
 [-4.76593e-15-8.76311e-20j  7.06290e-14-4.66553e-16j
   1.50202e-12+8.30818e-11j  4.45211e-06+6.40410e-18j
   5.15461e-10-3.40490e-12j  5.76359e-13+3.18804e-11j]
 [-1.13967e-13-7.52866e-16j -1.50646e-14-1.40547e-20j
   3.80440e-13+3.31628e-11j  5.33601e-10+3.52471e-12j
   4.45099e-06-7.05158e-18j -6.49984e-13-5.66591e-11j]
 [-1.30630e-12+7.22561e-11j -3.19916e-13+2.78870e-11j
   2.25722e-14+5.65855e-20j  1.85236e-12-1.02461e-10j
  -2.56083e-12+2.23228e-10j  4.44916e-06-3.01411e-19j]]
BK = 
 [[-4.35839e-07-1.81441e-13j  6.43999e-06-4.25387e-08j
   1.20320e-04+6.65532e-03j  9.45515e-02-1.07945e-13j
  -8.25003e-06+5.44960e-08j  9.30635e-08+5.14767e-06j]
 [-1.04225e-05-6.88460e-08j -1.37359e-06+3.48395e-13j
   3.04754e-05+2.65653e-03j -8.57022e-06-5.66107e-08j
   9.45699e-02+1.07303e-13j -1.50162e-07-1.30896e-05j]
 [-1.19463e-04+6.60794e-03j -2.91701e-05+2.54276e-03j
   1.80817e-06-1.68248e-13j  1.11409e-07-6.16244e-06j
  -1.74275e-07+1.51915e-05j  9.45373e-02+2.05421e-15j]
 [ 9.45515e-02-1.08407e-13j -8.25003e-06+5.44960e-08j
   9.30635e-08+5.14767e-06j -1.48105e-06+1.17437e-12j
   8.50396e-05-5.61733e-07j  1.43646e-05+7.94555e-04j]
 [-8.57022e-06-5.66107e-08j  9.45699e-02+1.06840e-13j
  -1.50162e-07-1.30896e-05j -8.55152e-05-5.64874e-07j
   1.26509e-06-1.15448e-12j  3.63606e-06+3.16954e-04j]
 [ 1.11409e-07-6.16244e-06j -1.74275e-07+1.51915e-05j
   9.45373e-02+1.59254e-15j -1.42633e-05+7.88951e-04j
  -3.48019e-06+3.03368e-04j  2.15730e-07-1.99776e-14j]]
CK = 
 [[ 1.79358e-12-2.36390e-18j -1.03654e-10+6.84690e-13j
  -4.17318e-12-2.30833e-10j  4.70590e-05-1.75160e-17j
  -1.07884e-09+7.12634e-12j -1.95121e-11-1.07929e-09j]
 [ 1.03401e-10+6.83022e-13j -1.74311e-12+1.26133e-18j
  -1.05382e-12-9.18608e-11j -1.11666e-09-7.37611e-12j
   4.70614e-05+1.10146e-17j  3.37021e-11+2.93781e-09j]
 [ 3.62902e-12-2.00734e-10j  8.85599e-13-7.71976e-11j
  -6.35790e-14+6.26087e-19j -3.56452e-11+1.97167e-09j
   5.93130e-11-5.17031e-09j  4.70306e-05-3.54821e-18j]
 [ 1.15635e-07+9.48456e-21j  4.68276e-12-3.09324e-14j
  -1.29749e-13-7.17687e-12j  1.77181e-10+8.46589e-17j
  -3.63750e-09+2.40272e-11j -5.98361e-08-3.30975e-06j]
 [ 4.84030e-12+3.19774e-14j  1.15967e-07-5.24613e-20j
   2.09349e-13+1.82489e-11j  5.69577e-09+3.76236e-11j
   7.12851e-10-1.66752e-16j -1.51556e-08-1.32111e-06j]
 [-8.37845e-14+4.63440e-12j  1.30099e-13-1.13405e-11j
   1.32030e-07+3.79325e-21j  5.94504e-08-3.28841e-06j
   1.45164e-08-1.26539e-06j -8.92231e-10+8.36861e-17j]]
ldiff_xyz (from CK) in micro-meter =  [ 32.31906  22.65624  32.31906 -32.31904 -32.31904 -22.65624]
vij = 
 [[-4.35839e-07-1.81441e-13j  6.43999e-06-4.25387e-08j
   1.20320e-04+6.65532e-03j]
 [-1.04225e-05-6.88460e-08j -1.37359e-06+3.48394e-13j
   3.04754e-05+2.65653e-03j]
 [-1.19463e-04+6.60794e-03j -2.91701e-05+2.54276e-03j
   1.80817e-06-1.68248e-13j]]
vij0 =  [[-8.40865e-13+8.26001e-17j  4.73468e-09-1.33959e-18j
  -1.31204e-03-9.17970e-17j]
 [-7.77809e-08-4.64948e-17j -1.53179e-13+5.20691e-17j
   1.31523e-09-8.74083e-18j]
 [ 1.31205e-03+1.04301e-16j -1.31589e-09+5.48420e-17j
  -9.89027e-13-2.86011e-18j]]
AK_appr = 
 [[1.09348e-08-3.85778e-20j 0.00000e+00+0.00000e+00j
  0.00000e+00+0.00000e+00j 0.00000e+00+0.00000e+00j
  0.00000e+00+0.00000e+00j 0.00000e+00+0.00000e+00j]
 [0.00000e+00+0.00000e+00j 1.09672e-08+6.40633e-19j
  0.00000e+00+0.00000e+00j 0.00000e+00+0.00000e+00j
  0.00000e+00+0.00000e+00j 0.00000e+00+0.00000e+00j]
 [0.00000e+00+0.00000e+00j 0.00000e+00+0.00000e+00j
  1.24835e-08+1.41279e-19j 0.00000e+00+0.00000e+00j
  0.00000e+00+0.00000e+00j 0.00000e+00+0.00000e+00j]
 [0.00000e+00+0.00000e+00j 0.00000e+00+0.00000e+00j
  0.00000e+00+0.00000e+00j 4.45211e-06+6.39688e-18j
  0.00000e+00+0.00000e+00j 0.00000e+00+0.00000e+00j]
 [0.00000e+00+0.00000e+00j 0.00000e+00+0.00000e+00j
  0.00000e+00+0.00000e+00j 0.00000e+00+0.00000e+00j
  4.45099e-06-7.07197e-18j 0.00000e+00+0.00000e+00j]
 [0.00000e+00+0.00000e+00j 0.00000e+00+0.00000e+00j
  0.00000e+00+0.00000e+00j 0.00000e+00+0.00000e+00j
  0.00000e+00+0.00000e+00j 4.44916e-06-3.04833e-19j]]
BK_appr = 
 [[ 0.00000e+00+0.00000e+00j  6.43999e-06-4.25387e-08j
   1.20320e-04+6.65532e-03j  9.45515e-02-1.08406e-13j
   0.00000e+00+0.00000e+00j  0.00000e+00+0.00000e+00j]
 [-1.04225e-05-6.88460e-08j  0.00000e+00+0.00000e+00j
   3.04754e-05+2.65653e-03j  0.00000e+00+0.00000e+00j
   9.45699e-02+1.06840e-13j  0.00000e+00+0.00000e+00j]
 [-1.19463e-04+6.60794e-03j -2.91701e-05+2.54276e-03j
   0.00000e+00+0.00000e+00j  0.00000e+00+0.00000e+00j
   0.00000e+00+0.00000e+00j  9.45373e-02+1.59249e-15j]
 [ 9.45515e-02-1.08406e-13j  0.00000e+00+0.00000e+00j
   0.00000e+00+0.00000e+00j  0.00000e+00+0.00000e+00j
   0.00000e+00+0.00000e+00j  0.00000e+00+0.00000e+00j]
 [ 0.00000e+00+0.00000e+00j  9.45699e-02+1.06840e-13j
   0.00000e+00+0.00000e+00j  0.00000e+00+0.00000e+00j
   0.00000e+00+0.00000e+00j  0.00000e+00+0.00000e+00j]
 [ 0.00000e+00+0.00000e+00j  0.00000e+00+0.00000e+00j
   9.45373e-02+1.59249e-15j  0.00000e+00+0.00000e+00j
   0.00000e+00+0.00000e+00j  0.00000e+00+0.00000e+00j]]
BK_appr_inv = 
 [[ 0.00000e+00+0.00000e+00j  0.00000e+00+0.00000e+00j
  -0.00000e+00+0.00000e+00j  1.05763e+01+1.21260e-11j
   0.00000e+00+0.00000e+00j  0.00000e+00+0.00000e+00j]
 [ 0.00000e+00+0.00000e+00j  0.00000e+00+0.00000e+00j
  -0.00000e+00+0.00000e+00j  0.00000e+00+0.00000e+00j
   1.05742e+01-1.19461e-11j  0.00000e+00+0.00000e+00j]
 [ 0.00000e+00+0.00000e+00j  0.00000e+00+0.00000e+00j
  -0.00000e+00+0.00000e+00j  0.00000e+00+0.00000e+00j
   0.00000e+00+0.00000e+00j  1.05778e+01-1.78185e-13j]
 [ 1.05763e+01+1.21260e-11j  0.00000e+00+0.00000e+00j
  -0.00000e+00+0.00000e+00j  0.00000e+00+0.00000e+00j
  -7.20218e-04+4.75733e-06j -1.34606e-02-7.44556e-01j]
 [ 0.00000e+00+0.00000e+00j  1.05742e+01-1.19461e-11j
  -0.00000e+00+0.00000e+00j  1.16560e-03+7.69941e-06j
   0.00000e+00+0.00000e+00j -3.40873e-03-2.97138e-01j]
 [ 0.00000e+00+0.00000e+00j  0.00000e+00+0.00000e+00j
   1.05778e+01-1.78185e-13j  1.33648e-02-7.39255e-01j
   3.26274e-03-2.84413e-01j  0.00000e+00+0.00000e+00j]]
CK_appr = 
 [[ 0.00000e+00+0.00000e+00j  0.00000e+00+0.00000e+00j
   0.00000e+00+0.00000e+00j  4.70866e-05+1.21641e-16j
   0.00000e+00+0.00000e+00j  0.00000e+00+0.00000e+00j]
 [ 0.00000e+00+0.00000e+00j  0.00000e+00+0.00000e+00j
   0.00000e+00+0.00000e+00j  0.00000e+00+0.00000e+00j
   4.70656e-05-1.27952e-16j  0.00000e+00+0.00000e+00j]
 [ 0.00000e+00+0.00000e+00j  0.00000e+00+0.00000e+00j
   0.00000e+00+0.00000e+00j  0.00000e+00+0.00000e+00j
   0.00000e+00+0.00000e+00j  4.70624e-05-4.01724e-18j]
 [ 1.15649e-07-2.75414e-19j  0.00000e+00+0.00000e+00j
   0.00000e+00+0.00000e+00j  0.00000e+00+0.00000e+00j
  -3.20568e-09+2.11748e-11j -5.98885e-08-3.31265e-06j]
 [ 0.00000e+00+0.00000e+00j  1.15970e-07+6.64316e-18j
   0.00000e+00+0.00000e+00j  5.18938e-09+3.42786e-11j
   0.00000e+00+0.00000e+00j -1.51660e-08-1.32201e-06j]
 [ 0.00000e+00+0.00000e+00j  0.00000e+00+0.00000e+00j
   1.32049e-07+1.49220e-18j  5.95016e-08-3.29124e-06j
   1.45224e-08-1.26592e-06j  0.00000e+00+0.00000e+00j]]
lambda_appr_xyz =  [ 1.63708e-06-1.77182e-06j  2.33560e-06+1.35377e-16j
  1.63708e-06+1.77182e-06j -1.63677e-06-1.77146e-06j
 -1.63677e-06+1.77146e-06j -2.33623e-06+1.07704e-18j]
ldiff_xyz (from CK_appr) in micro-meter =  [ 32.32444  22.65697  32.32444 -32.33057 -32.33057 -22.65094]

--------------------------------------------------
diffusion length analysis for gr-bn using rotated U of L:
--------------------------------------------------
<s|UR>:
 [[-0.00587+0.32484j -0.00143+0.1246j ]
 [-0.00235+0.13011j  0.00375-0.32703j]]
normR_rotate =  [1.43151 1.43152]
normL_rotate =  [1.43151 1.43152]
<s|UR>:
 [[ 6.99924e-01-1.01970e-17j -2.06893e-16-3.44158e-18j]
 [ 9.59248e-17-1.03896e-18j  6.99924e-01+1.45277e-17j]]
oUs_rotate:
 [[ 1.00000e+00+2.24748e-17j -1.47173e-14-1.73995e-15j]
 [-1.37197e-14+1.76990e-15j  1.00000e+00-2.52901e-17j]]

drift-diffusion model for sz
AK = 
 [[1.24835e-08-3.71197e-23j 2.25723e-14+1.96714e-21j]
 [2.25722e-14+5.65855e-20j 4.44916e-06-2.23617e-19j]]
BK = 
 [[1.80817e-06-1.68248e-13j 9.45373e-02+2.05803e-15j]
 [9.45373e-02+1.59378e-15j 2.15730e-07-1.99774e-14j]]
ldiff_RR_z (from CK) in micro-meter =  [ 21.23122 -21.22356]
vx2_sz =  (0.09453729583525572+1.5924911448551665e-15j)
taupvsz_inv =  (4.7062444058605375e-05-4.017240468008195e-18j)
vx2_sz * taupvsz_inv =  (4.449156196698549e-06-3.048325251468812e-19j)
ldiff_DD_z in micro-meter =  21.227389573095863

drift-diffusion model for sx
AK = 
 [[ 1.09391e-08+1.83065e-22j -1.98546e-14+7.44515e-20j]
 [-1.96697e-14-9.90951e-20j  4.45232e-06-3.59142e-19j]]
BK = 
 [[-1.80489e-06+1.66002e-13j  9.45482e-02+3.92698e-16j]
 [ 9.45482e-02-6.85216e-17j -2.15611e-07+1.98205e-14j]]
ldiff_RR_x (from CK) in micro-meter =  [-22.6754   22.66667]
vx2_sx =  (0.09454819180245845-6.917737151720758e-17j)
taupvsx_inv =  (4.709043963712413e-05-3.525322300227536e-18j)
vx2_sx * taupvsx_inv =  (4.452315918872904e-06-3.365704418450831e-19j)
ldiff_DD_x in micro-meter =  22.675493655675307

drift-diffusion model for sy
AK = 
 [[ 1.09629e-08-1.26455e-22j  2.43720e-17+1.63341e-20j]
 [-1.60821e-16-2.60165e-21j  4.45078e-06-4.67562e-19j]]
BK = 
 [[-4.53680e-09+9.52099e-16j  9.45731e-02-1.03368e-15j]
 [ 9.45731e-02-1.49880e-15j -3.47877e-10+7.28172e-17j]]
ldiff_RR_y (from CK) in micro-meter =  [-22.65622  22.65619]
vx2_sy =  (0.09457312930173789-1.497853452762575e-15j)
taupvsy_inv =  (4.706179340548492e-05-2.75534780790006e-18j)
vx2_sy * taupvsy_inv =  (4.450781072908601e-06-3.31073534253397e-19j)
ldiff_DD_y in micro-meter =  22.65176257937339

sx-sz coupling
AK = 
 [[ 1.09391e-08+1.83266e-22j  2.85477e-19-7.11442e-23j
  -1.98546e-14+7.44253e-20j -7.79467e-11+1.06018e-20j]
 [-3.24292e-19-3.73618e-20j  1.24835e-08-3.68764e-23j
   8.89076e-11-1.45553e-20j  2.25723e-14+1.97497e-21j]
 [-1.96697e-14-9.90951e-20j -8.89518e-11-1.08442e-20j
   4.45232e-06-3.26796e-19j -9.42697e-12-6.61414e-21j]
 [ 7.79079e-11-5.57020e-20j  2.25722e-14+5.65855e-20j
  -1.27585e-11+1.04834e-19j  4.44916e-06-3.01808e-19j]]
BK = 
 [[-1.80489e-06+1.66003e-13j -7.12554e-03-1.22958e-13j
   9.45482e-02+3.92748e-16j -1.18890e-07-3.05682e-16j]
 [ 7.12199e-03-1.23846e-13j  1.80817e-06-1.68248e-13j
  -1.10749e-07+7.63412e-16j  9.45373e-02+2.05421e-15j]
 [ 9.45482e-02-6.91006e-17j -1.18890e-07-3.00849e-16j
  -2.15611e-07+1.98202e-14j -8.50622e-04-1.77095e-14j]
 [-1.10749e-07+7.59429e-16j  9.45373e-02+1.59252e-15j
   8.50243e-04-2.61779e-14j  2.15730e-07-1.99776e-14j]]
CK = 
 [[ 5.67114e-14-1.07518e-18j  2.47026e-10-8.99289e-20j
   4.70586e-05-3.52991e-18j -4.05115e-11+8.97135e-20j]
 [-2.16314e-10-5.56803e-19j -6.37250e-14+6.26034e-19j
  -7.97241e-11+7.17649e-19j  4.70306e-05-3.55241e-18j]
 [ 1.15682e-07-4.08075e-20j  1.65938e-13+4.64193e-20j
   8.87655e-10-8.17935e-17j  3.54359e-06+6.09920e-17j]
 [ 1.35382e-13-3.15516e-19j  1.32030e-07+3.82742e-21j
  -3.54423e-06+6.18367e-17j -8.92088e-10+8.36861e-17j]]
ldiff_xz (from CK) in micro-meter =  [-32.31901 -32.31901  32.31905  32.31905]
T1xinv =  (1.0934751076333183e-08-3.857782591327304e-20j)
T1zinv =  (1.2483530804969915e-08+1.4127900515172487e-19j)
vx2_sx * taupvsx_inv =  (4.452315918872904e-06-3.365704418450831e-19j)
vx2_sz * taupvsz_inv =  (4.449156196698549e-06-3.048325251468812e-19j)
vxz =  (-0.007125536158791978-1.2295972848779933e-13j)
vzx =  (0.007121991254536406-1.2384138681753838e-13j)
vxz0 =  (-0.001312044333865849-9.179685940994184e-17j)
vzx0 =  (0.0013112656705557097+9.047465465344214e-17j)
T1xinv vxz =  (-7.791596418180159e-11-1.0696463299549906e-21j)
T1zinv vzx =  (8.890759721873156e-11-5.39789928126747e-22j)
T1zinv vxz =  (-8.895185014020666e-11-2.5416602180349535e-21j)
T1xinv vzx =  (7.787720153617748e-11-1.6289256765710303e-21j)
AK_appr = 
 [[1.09348e-08-3.85778e-20j 0.00000e+00+0.00000e+00j
  0.00000e+00+0.00000e+00j 0.00000e+00+0.00000e+00j]
 [0.00000e+00+0.00000e+00j 1.24835e-08+1.41279e-19j
  0.00000e+00+0.00000e+00j 0.00000e+00+0.00000e+00j]
 [0.00000e+00+0.00000e+00j 0.00000e+00+0.00000e+00j
  4.45232e-06-3.36570e-19j 0.00000e+00+0.00000e+00j]
 [0.00000e+00+0.00000e+00j 0.00000e+00+0.00000e+00j
  0.00000e+00+0.00000e+00j 4.44916e-06-3.04833e-19j]]
BK_appr = 
 [[ 0.     +0.00000e+00j -0.00713-1.22960e-13j  0.09455-6.91774e-17j
   0.     +0.00000e+00j]
 [ 0.00712-1.23841e-13j  0.     +0.00000e+00j  0.     +0.00000e+00j
   0.09454+1.59249e-15j]
 [ 0.09455-6.91774e-17j  0.     +0.00000e+00j  0.     +0.00000e+00j
   0.     +0.00000e+00j]
 [ 0.     +0.00000e+00j  0.09454+1.59249e-15j  0.     +0.00000e+00j
   0.     +0.00000e+00j]]
1 / vx2_sx =  (10.576616865284121+7.738514511346776e-15j)
1 / vx2_sz =  (10.577835881223406-1.7818480869110586e-13j)
vxz / vx2_sx / vx2_sz =  (-0.7971887205511288-1.3743608294293773e-11j)
vzx / vx2_sx / vx2_sz =  (0.7967921247546864-1.3867930742270253e-11j)
BK_appr_inv = 
 [[ 0.     +0.00000e+00j -0.     +0.00000e+00j 10.57662+7.73851e-15j
   0.     +0.00000e+00j]
 [ 0.     +0.00000e+00j -0.     +0.00000e+00j  0.     +0.00000e+00j
  10.57784-1.78185e-13j]
 [10.57662+7.73851e-15j -0.     +0.00000e+00j  0.     +0.00000e+00j
   0.79719+1.37436e-11j]
 [ 0.     +0.00000e+00j 10.57784-1.78185e-13j -0.79679+1.38679e-11j
   0.     +0.00000e+00j]]
CK_appr = 
 [[ 0.00000e+00+0.00000e+00j  0.00000e+00+0.00000e+00j
   4.70904e-05-3.52532e-18j  0.00000e+00+0.00000e+00j]
 [ 0.00000e+00+0.00000e+00j  0.00000e+00+0.00000e+00j
   0.00000e+00+0.00000e+00j  4.70624e-05-4.01724e-18j]
 [ 1.15653e-07-4.07938e-19j  0.00000e+00+0.00000e+00j
   0.00000e+00+0.00000e+00j  3.54682e-06+6.09045e-17j]
 [ 0.00000e+00+0.00000e+00j  1.32049e-07+1.49220e-18j
  -3.54757e-06+6.20126e-17j  0.00000e+00+0.00000e+00j]]
lambda_appr_xz =  [ 1.63657e-06+1.77181e-06j  1.63657e-06-1.77181e-06j
 -1.63657e-06+1.77181e-06j -1.63657e-06-1.77181e-06j]
ldiff_xz (from CK_appr) in micro-meter =  [ 32.33456  32.33456 -32.33456 -32.33456]
b =  (9.219113500013119e-13-5.396296669387994e-23j)
c =  (3.3845205674608476e-23+2.576599300009508e-34j)
b*b - 4*c =  (-1.3453090216117267e-22-1.1301378629534645e-33j)
sqrt(b*b - 4*c) =  (4.871810671270109e-23-1.1598745714997491e-11j)
E2_plus =  (-4.609556749762969e-13-5.799372857471764e-12j)
E2_minus =  (-4.60955675025015e-13+5.7993728575257266e-12j)

sy-sz coupling
AK = 
 [[ 1.09629e-08-1.26508e-22j -3.32553e-20-5.44441e-20j
   2.43700e-17+1.62840e-20j  1.64408e-13+7.94971e-20j]
 [-7.85207e-20+2.08660e-19j  1.24835e-08-3.68764e-23j
  -9.54202e-14-2.05425e-21j  2.25723e-14+1.97497e-21j]
 [-1.60821e-16-2.60166e-21j  9.56163e-14+3.15878e-20j
   4.45078e-06-3.22402e-19j -6.48104e-11+7.46911e-20j]
 [-1.60273e-13-4.62905e-20j  2.25722e-14+5.65855e-20j
  -2.43739e-10-1.82104e-19j  4.44916e-06-3.01808e-19j]]
BK = 
 [[-4.53680e-09+9.49708e-16j  7.65941e-06-9.15495e-17j
   9.45731e-02-1.03599e-15j -1.41480e-05+1.32050e-15j]
 [-7.64370e-06+8.01662e-16j  1.80817e-06-1.68248e-13j
  -1.62988e-05-4.47315e-15j  9.45373e-02+2.05421e-15j]
 [ 9.45731e-02-1.49801e-15j -1.41480e-05+1.32731e-15j
  -3.47877e-10+7.27585e-17j  7.28173e-07-6.71206e-17j]
 [-1.62988e-05-4.47881e-15j  9.45373e-02+1.59252e-15j
  -7.05059e-07-1.84567e-15j  2.15730e-07-1.99776e-14j]]
CK = 
 [[-1.55226e-15-2.76886e-20j -5.69818e-15+3.34192e-19j
   4.70618e-05-2.66360e-18j  6.35520e-09+1.28124e-19j]
 [-8.30850e-13-4.87396e-19j -6.24181e-14+6.26511e-19j
   5.53551e-09+3.03589e-19j  4.70624e-05-3.98539e-18j]
 [ 1.15920e-07+3.02359e-22j  1.97544e-11-5.77577e-19j
   2.37863e-12-3.00546e-19j -3.80995e-09+8.98909e-19j]
 [ 1.99854e-11+2.21266e-18j  1.32049e-07-3.34310e-21j
   3.80401e-09-4.11310e-19j -9.00043e-10+8.37781e-17j]]
ldiff_yz (from CK) in micro-meter =  [ 22.65598  21.23142 -22.65601 -21.22375]
T1yinv =  (1.0967236385307e-08+6.406326965728006e-19j)
T1zinv =  (1.2483530804969915e-08+1.4127900515172487e-19j)
vx2_sy * taupvsy_inv =  (4.450781072908601e-06-3.31073534253397e-19j)
vx2_sz * taupvsz_inv =  (4.449156196698549e-06-3.048325251468812e-19j)
vyz =  (7.659411177413565e-06-9.124169738769357e-17j)
vzy =  (-7.643701761426353e-06+8.022472572967477e-16j)
vyz0 =  (1.3152311976689903e-09-8.741183466745184e-18j)
vzy0 =  (-1.315112046351778e-09+5.4809493109870383e-17j)
T1xinv vyz =  (8.37537546163014e-14-1.293188679716987e-24j)
T1zinv vzy =  (-9.542038640276868e-14+8.934983769135772e-24j)
T1zinv vyz =  (9.561649538117313e-14-5.690454884402561e-26j)
T1xinv vzy =  (-8.358197606292667e-14+9.067251456096239e-24j)
AK_appr = 
 [[1.09672e-08+6.40633e-19j 0.00000e+00+0.00000e+00j
  0.00000e+00+0.00000e+00j 0.00000e+00+0.00000e+00j]
 [0.00000e+00+0.00000e+00j 1.24835e-08+1.41279e-19j
  0.00000e+00+0.00000e+00j 0.00000e+00+0.00000e+00j]
 [0.00000e+00+0.00000e+00j 0.00000e+00+0.00000e+00j
  4.45078e-06-3.31074e-19j 0.00000e+00+0.00000e+00j]
 [0.00000e+00+0.00000e+00j 0.00000e+00+0.00000e+00j
  0.00000e+00+0.00000e+00j 4.44916e-06-3.04833e-19j]]
BK_appr = 
 [[ 0.00000e+00+0.00000e+00j  7.65941e-06-9.12417e-17j
   9.45731e-02-1.49785e-15j  0.00000e+00+0.00000e+00j]
 [-7.64370e-06+8.02247e-16j  0.00000e+00+0.00000e+00j
   0.00000e+00+0.00000e+00j  9.45373e-02+1.59249e-15j]
 [ 9.45731e-02-1.49785e-15j  0.00000e+00+0.00000e+00j
   0.00000e+00+0.00000e+00j  0.00000e+00+0.00000e+00j]
 [ 0.00000e+00+0.00000e+00j  9.45373e-02+1.59249e-15j
   0.00000e+00+0.00000e+00j  0.00000e+00+0.00000e+00j]]
1 / vx2_sy =  (10.573827971891207+1.6746876045608125e-13j)
1 / vx2_sz =  (10.577835881223406-1.7818480869110586e-13j)
vyz / vx2_sy / vx2_sz =  (0.0008566914828734549-1.0206083906047672e-14j)
vzy / vx2_sy / vx2_sz =  (-0.0008549344127063844+8.973078623469803e-14j)
BK_appr_inv = 
 [[ 0.00000e+00+0.00000e+00j -0.00000e+00+0.00000e+00j
   1.05738e+01+1.67469e-13j  0.00000e+00+0.00000e+00j]
 [ 0.00000e+00+0.00000e+00j -0.00000e+00+0.00000e+00j
   0.00000e+00+0.00000e+00j  1.05778e+01-1.78185e-13j]
 [ 1.05738e+01+1.67469e-13j -0.00000e+00+0.00000e+00j
   0.00000e+00+0.00000e+00j -8.56691e-04+1.02061e-14j]
 [ 0.00000e+00+0.00000e+00j  1.05778e+01-1.78185e-13j
   8.54934e-04-8.97308e-14j  0.00000e+00+0.00000e+00j]]
CK_appr = 
 [[ 0.00000e+00+0.00000e+00j  0.00000e+00+0.00000e+00j
   4.70618e-05-2.75535e-18j  0.00000e+00+0.00000e+00j]
 [ 0.00000e+00+0.00000e+00j  0.00000e+00+0.00000e+00j
   0.00000e+00+0.00000e+00j  4.70624e-05-4.01724e-18j]
 [ 1.15966e-07+6.77578e-18j  0.00000e+00+0.00000e+00j
   0.00000e+00+0.00000e+00j -3.81155e-09+4.56696e-20j]
 [ 0.00000e+00+0.00000e+00j  1.32049e-07+1.49220e-18j
   3.80513e-09-3.99655e-19j  0.00000e+00+0.00000e+00j]]
lambda_appr_yz =  [-2.33616e-06-6.81864e-17j -2.49287e-06-1.39738e-17j
  2.33616e-06+6.81864e-17j  2.49287e-06+1.39738e-17j]
ldiff_yz (from CK_appr) in micro-meter =  [-22.65155 -21.22759  22.65155  21.22759]
b =  (-1.1672074383650435e-11-3.882585597101463e-22j)
c =  (3.391615855363163e-23+2.360077521298261e-33j)
b*b - 4*c =  (5.726862029421508e-25-3.767445071414218e-34j)
sqrt(b*b - 4*c) =  (7.567603338852736e-13-2.489193013111447e-22j)
E2_plus =  (6.2144173587678546e-12+6.966962919950081e-23j)
E2_minus =  (5.45765702488258e-12+3.185889305106455e-22j)

sx-sy coupling
AK = 
 [[ 1.09391e-08+1.83266e-22j -1.07379e-11+9.06001e-24j
  -1.98546e-14+7.44253e-20j -7.17810e-14-2.29184e-20j]
 [-1.12888e-11-1.58025e-22j  1.09629e-08-1.26508e-22j
   1.13150e-13-1.41300e-20j  2.43700e-17+1.62840e-20j]
 [-1.96697e-14-9.90951e-20j -7.19186e-14-2.30522e-20j
   4.45232e-06-3.26796e-19j -6.23125e-12-1.89921e-21j]
 [ 1.12883e-13+1.70529e-20j -1.60821e-16-2.60166e-21j
  -5.37244e-12-4.94853e-20j  4.45078e-06-3.22402e-19j]]
BK = 
 [[-1.80489e-06+1.66003e-13j -6.56191e-06-9.64351e-13j
   9.45482e-02+3.92748e-16j -6.23947e-08-5.25868e-16j]
 [ 1.03192e-05-2.54270e-13j -4.53680e-09+9.49708e-16j
  -5.44147e-08-1.06847e-16j  9.45731e-02-1.03599e-15j]
 [ 9.45482e-02-6.91006e-17j -6.23947e-08-4.79956e-16j
  -2.15611e-07+1.98202e-14j -8.50439e-05-1.15099e-13j]
 [-5.44147e-08-1.52875e-16j  9.45731e-02-1.49801e-15j
   8.54926e-05-3.04772e-14j -3.47877e-10+7.27585e-17j]]
CK = 
 [[-5.15727e-14-1.07249e-18j  1.03507e-10-1.02674e-19j
   4.70904e-05-3.31486e-18j -3.48388e-11+2.18953e-19j]
 [-1.03396e-10+2.17597e-19j  1.01381e-13-2.76357e-20j
  -3.05252e-11-3.72807e-19j  4.70618e-05-3.09623e-18j]
 [ 1.15698e-07+3.97189e-22j -1.13492e-10+5.56457e-22j
   8.98723e-10-8.18924e-17j  3.26546e-09+4.79767e-16j]
 [-1.19299e-10-1.42359e-21j  1.15920e-07+2.21517e-22j
  -5.13703e-09+1.26459e-16j  2.26355e-12-3.00250e-19j]]
ldiff_xy (from CK) in micro-meter =  [ 22.66144  22.66144 -22.66582 -22.66582]
T1xinv =  (1.0934751076333183e-08-3.857782591327304e-20j)
T1yinv =  (1.0967236385307e-08+6.406326965728006e-19j)
vx2_sx * taupvsx_inv =  (4.452315918872904e-06-3.365704418450831e-19j)
vx2_sy * taupvsz_inv =  (4.450842607210292e-06-4.504156465457407e-19j)
vxy =  (-6.561911613090002e-06-9.64350616050392e-13j)
vyx =  (1.031924770865914e-05-2.5427076764540175e-13j)
vxy0 =  (4.734675994332741e-09-1.3412009807688786e-18j)
vyx0 =  (-7.773464297006354e-08-4.646923283236917e-17j)
T1xinv vxy =  (-7.175287007403911e-14-1.0544680792535725e-20j)
T1zinv vyx =  (1.1317362893940241e-13-2.782036767154391e-21j)
T1zinv vxy =  (-7.196603580024921e-14-1.0580464939672446e-20j)
T1xinv vyx =  (1.1283840498920927e-13-2.780785644332282e-21j)
AK_appr = 
 [[1.09348e-08-3.85778e-20j 0.00000e+00+0.00000e+00j
  0.00000e+00+0.00000e+00j 0.00000e+00+0.00000e+00j]
 [0.00000e+00+0.00000e+00j 1.09672e-08+6.40633e-19j
  0.00000e+00+0.00000e+00j 0.00000e+00+0.00000e+00j]
 [0.00000e+00+0.00000e+00j 0.00000e+00+0.00000e+00j
  4.45232e-06-3.36570e-19j 0.00000e+00+0.00000e+00j]
 [0.00000e+00+0.00000e+00j 0.00000e+00+0.00000e+00j
  0.00000e+00+0.00000e+00j 4.45078e-06-3.31074e-19j]]
BK_appr = 
 [[ 0.00000e+00+0.00000e+00j -6.56191e-06-9.64351e-13j
   9.45482e-02-6.91774e-17j  0.00000e+00+0.00000e+00j]
 [ 1.03192e-05-2.54271e-13j  0.00000e+00+0.00000e+00j
   0.00000e+00+0.00000e+00j  9.45731e-02-1.49785e-15j]
 [ 9.45482e-02-6.91774e-17j  0.00000e+00+0.00000e+00j
   0.00000e+00+0.00000e+00j  0.00000e+00+0.00000e+00j]
 [ 0.00000e+00+0.00000e+00j  9.45731e-02-1.49785e-15j
   0.00000e+00+0.00000e+00j  0.00000e+00+0.00000e+00j]]
1 / vx2_sx =  (10.576616865284121+7.738514511346776e-15j)
1 / vx2_sy =  (10.573827971891207+1.6746876045608125e-13j)
vxy / vx2_sx / vx2_sy =  (-0.0007338535326887624-1.0784847889730108e-10j)
vyx / vx2_sx / vx2_sy =  (0.0011540564445554746-2.843643538941878e-11j)
BK_appr_inv = 
 [[ 0.00000e+00+0.00000e+00j  0.00000e+00-0.00000e+00j
   1.05766e+01+7.73851e-15j  0.00000e+00+0.00000e+00j]
 [ 0.00000e+00+0.00000e+00j  0.00000e+00-0.00000e+00j
   0.00000e+00+0.00000e+00j  1.05738e+01+1.67469e-13j]
 [ 1.05766e+01+7.73851e-15j  0.00000e+00-0.00000e+00j
   0.00000e+00+0.00000e+00j  7.33854e-04+1.07848e-10j]
 [ 0.00000e+00+0.00000e+00j  1.05738e+01+1.67469e-13j
  -1.15406e-03+2.84364e-11j  0.00000e+00+0.00000e+00j]]
CK_appr = 
 [[ 0.00000e+00+0.00000e+00j  0.00000e+00+0.00000e+00j
   4.70904e-05-3.52532e-18j  0.00000e+00+0.00000e+00j]
 [ 0.00000e+00+0.00000e+00j  0.00000e+00+0.00000e+00j
   0.00000e+00+0.00000e+00j  4.70618e-05-2.75535e-18j]
 [ 1.15653e-07-4.07938e-19j  0.00000e+00+0.00000e+00j
   0.00000e+00+0.00000e+00j  3.26622e-09+4.80010e-16j]
 [ 0.00000e+00+0.00000e+00j  1.15966e-07+6.77578e-18j
  -5.13822e-09+1.26608e-16j  0.00000e+00+0.00000e+00j]]
lambda_appr_xy =  [-2.33492e-06+1.64355e-09j -2.33492e-06-1.64355e-09j
  2.33492e-06+1.64355e-09j  2.33492e-06-1.64355e-09j]
ldiff_xy (from CK_appr) in micro-meter =  [-22.66363 -22.66363  22.66363  22.66363]
b =  (-1.0903670862188074e-11-2.968901009397858e-22j)
c =  (2.9722568475284645e-23+1.627859837342244e-33j)
b*b - 4*c =  (-2.3563020936265348e-28-3.705546359053872e-35j)
sqrt(b*b - 4*c) =  (1.2069986121886856e-21-1.5350251117250654e-14j)
E2_plus =  (5.451835431697536e-12-7.675125410180276e-15j)
E2_minus =  (5.4518354304905374e-12+7.675125707070378e-15j)

sx-sy-sz coupling
AK = 
 [[ 1.09391e-08+1.83266e-22j -1.07379e-11+9.05799e-24j
   2.85477e-19-7.11375e-23j -1.98546e-14+7.44226e-20j
  -7.17810e-14-2.29135e-20j -7.79467e-11+1.06001e-20j]
 [-1.12888e-11-1.58029e-22j  1.09629e-08-1.26508e-22j
  -3.32553e-20-5.44441e-20j  1.13150e-13-1.41260e-20j
   2.43691e-17+1.62818e-20j  1.64408e-13+7.94914e-20j]
 [-3.24292e-19-3.73618e-20j -7.85207e-20+2.08660e-19j
   1.24835e-08-3.68764e-23j  8.89076e-11-1.45447e-20j
  -9.54202e-14-2.06433e-21j  2.25723e-14+1.97467e-21j]
 [-1.96697e-14-9.90951e-20j -7.19186e-14-2.30522e-20j
  -8.89518e-11-1.08442e-20j  4.45232e-06-3.27908e-19j
  -6.23125e-12-4.49904e-21j -9.42697e-12-6.68765e-21j]
 [ 1.12883e-13+1.70529e-20j -1.60821e-16-2.60166e-21j
   9.56163e-14+3.15878e-20j -5.37244e-12-4.90229e-20j
   4.45078e-06-3.20417e-19j -6.48104e-11+7.44411e-20j]
 [ 7.79079e-11-5.57020e-20j -1.60273e-13-4.62905e-20j
   2.25722e-14+5.65855e-20j -1.27585e-11+1.04764e-19j
  -2.43739e-10-1.82002e-19j  4.44916e-06-3.01411e-19j]]
BK = 
 [[-1.80489e-06+1.66003e-13j -6.56191e-06-9.64351e-13j
  -7.12554e-03-1.22958e-13j  9.45482e-02+3.92755e-16j
  -6.23947e-08-5.25784e-16j -1.18890e-07-3.05633e-16j]
 [ 1.03192e-05-2.54271e-13j -4.53680e-09+9.49735e-16j
   7.65941e-06-9.14539e-17j -5.44147e-08-1.06879e-16j
   9.45731e-02-1.03600e-15j -1.41480e-05+1.32050e-15j]
 [ 7.12199e-03-1.23846e-13j -7.64370e-06+8.02177e-16j
   1.80817e-06-1.68248e-13j -1.10749e-07+7.63173e-16j
  -1.62988e-05-4.47333e-15j  9.45373e-02+2.05421e-15j]
 [ 9.45482e-02-6.91538e-17j -6.23947e-08-4.79970e-16j
  -1.18890e-07-3.01090e-16j -2.15611e-07+1.98202e-14j
  -8.50439e-05-1.15099e-13j -8.50622e-04-1.77095e-14j]
 [-5.44147e-08-1.52808e-16j  9.45731e-02-1.49799e-15j
  -1.41480e-05+1.32746e-15j  8.54926e-05-3.04772e-14j
  -3.47877e-10+7.27651e-17j  7.28173e-07-6.71199e-17j]
 [-1.10749e-07+7.59345e-16j -1.62988e-05-4.47868e-15j
   9.45373e-02+1.59254e-15j  8.50243e-04-2.61780e-14j
  -7.05059e-07-1.84570e-15j  2.15730e-07-1.99776e-14j]]
CK = 
 [[-5.08355e-14-1.07533e-18j  1.03616e-10-8.27084e-20j
   2.47043e-10-9.04239e-20j  4.70585e-05-3.43468e-18j
  -6.06868e-13+1.88274e-19j -4.39335e-11+8.52553e-20j]
 [-1.03413e-10+2.17552e-19j  1.01302e-13-2.76924e-20j
  -5.56294e-15+3.34150e-19j -3.25643e-12-3.70978e-19j
   4.70618e-05-3.07552e-18j  3.14709e-09+1.21266e-18j]
 [-2.16333e-10-5.56764e-19j  1.89896e-13-4.87104e-19j
  -6.35790e-14+6.26087e-19j -7.97668e-11+7.17727e-19j
   5.50241e-09-4.00670e-18j  4.70306e-05-3.54823e-18j]
 [ 1.15682e-07-4.18447e-20j -1.13478e-10-3.61506e-20j
   1.65962e-13+4.64462e-20j  8.87648e-10-8.17936e-17j
   3.68015e-09+4.79473e-16j  3.54359e-06+6.10247e-17j]
 [-1.19282e-10-1.42564e-21j  1.15920e-07+5.90876e-22j
   1.97246e-11-5.76902e-19j -5.66375e-09+1.26432e-16j
   2.38350e-12-2.99979e-19j -3.80532e-09+9.02666e-19j]
 [ 1.14558e-13-3.15493e-19j  1.21793e-11+2.21903e-18j
   1.32030e-07+3.79322e-21j -3.54423e-06+6.18511e-17j
   3.80406e-09-4.25335e-19j -8.92231e-10+8.36865e-17j]]
ldiff_xyz (from CK) in micro-meter =  [ 32.31906  32.31906 -32.31904 -32.31904 -22.65624  22.65624]
vij = 
 [[-1.80489e-06+1.66003e-13j -6.56191e-06-9.64351e-13j
  -7.12554e-03-1.22960e-13j]
 [ 1.03192e-05-2.54271e-13j -4.53680e-09+9.49649e-16j
   7.65941e-06-9.12417e-17j]
 [ 7.12199e-03-1.23841e-13j -7.64370e-06+8.02247e-16j
   1.80817e-06-1.68248e-13j]]
vij0 =  [[-8.40865e-13+8.26001e-17j  4.73468e-09-1.33959e-18j
  -1.31204e-03-9.17970e-17j]
 [-7.77809e-08-4.64948e-17j -1.53179e-13+5.20691e-17j
   1.31523e-09-8.74083e-18j]
 [ 1.31205e-03+1.04301e-16j -1.31589e-09+5.48420e-17j
  -9.89027e-13-2.86011e-18j]]
AK_appr = 
 [[1.09348e-08-3.85778e-20j 0.00000e+00+0.00000e+00j
  0.00000e+00+0.00000e+00j 0.00000e+00+0.00000e+00j
  0.00000e+00+0.00000e+00j 0.00000e+00+0.00000e+00j]
 [0.00000e+00+0.00000e+00j 1.09672e-08+6.40633e-19j
  0.00000e+00+0.00000e+00j 0.00000e+00+0.00000e+00j
  0.00000e+00+0.00000e+00j 0.00000e+00+0.00000e+00j]
 [0.00000e+00+0.00000e+00j 0.00000e+00+0.00000e+00j
  1.24835e-08+1.41279e-19j 0.00000e+00+0.00000e+00j
  0.00000e+00+0.00000e+00j 0.00000e+00+0.00000e+00j]
 [0.00000e+00+0.00000e+00j 0.00000e+00+0.00000e+00j
  0.00000e+00+0.00000e+00j 4.45232e-06-3.36570e-19j
  0.00000e+00+0.00000e+00j 0.00000e+00+0.00000e+00j]
 [0.00000e+00+0.00000e+00j 0.00000e+00+0.00000e+00j
  0.00000e+00+0.00000e+00j 0.00000e+00+0.00000e+00j
  4.45078e-06-3.31074e-19j 0.00000e+00+0.00000e+00j]
 [0.00000e+00+0.00000e+00j 0.00000e+00+0.00000e+00j
  0.00000e+00+0.00000e+00j 0.00000e+00+0.00000e+00j
  0.00000e+00+0.00000e+00j 4.44916e-06-3.04833e-19j]]
BK_appr = 
 [[ 0.00000e+00+0.00000e+00j -6.56191e-06-9.64351e-13j
  -7.12554e-03-1.22960e-13j  9.45482e-02-6.91774e-17j
   0.00000e+00+0.00000e+00j  0.00000e+00+0.00000e+00j]
 [ 1.03192e-05-2.54271e-13j  0.00000e+00+0.00000e+00j
   7.65941e-06-9.12417e-17j  0.00000e+00+0.00000e+00j
   9.45731e-02-1.49785e-15j  0.00000e+00+0.00000e+00j]
 [ 7.12199e-03-1.23841e-13j -7.64370e-06+8.02247e-16j
   0.00000e+00+0.00000e+00j  0.00000e+00+0.00000e+00j
   0.00000e+00+0.00000e+00j  9.45373e-02+1.59249e-15j]
 [ 9.45482e-02-6.91774e-17j  0.00000e+00+0.00000e+00j
   0.00000e+00+0.00000e+00j  0.00000e+00+0.00000e+00j
   0.00000e+00+0.00000e+00j  0.00000e+00+0.00000e+00j]
 [ 0.00000e+00+0.00000e+00j  9.45731e-02-1.49785e-15j
   0.00000e+00+0.00000e+00j  0.00000e+00+0.00000e+00j
   0.00000e+00+0.00000e+00j  0.00000e+00+0.00000e+00j]
 [ 0.00000e+00+0.00000e+00j  0.00000e+00+0.00000e+00j
   9.45373e-02+1.59249e-15j  0.00000e+00+0.00000e+00j
   0.00000e+00+0.00000e+00j  0.00000e+00+0.00000e+00j]]
BK_appr_inv = 
 [[ 0.00000e+00+0.00000e+00j  0.00000e+00+0.00000e+00j
  -0.00000e+00+0.00000e+00j  1.05766e+01+7.73851e-15j
   0.00000e+00+0.00000e+00j  0.00000e+00+0.00000e+00j]
 [ 0.00000e+00+0.00000e+00j  0.00000e+00+0.00000e+00j
  -0.00000e+00+0.00000e+00j  0.00000e+00+0.00000e+00j
   1.05738e+01+1.67469e-13j  0.00000e+00+0.00000e+00j]
 [ 0.00000e+00+0.00000e+00j  0.00000e+00+0.00000e+00j
  -0.00000e+00+0.00000e+00j  0.00000e+00+0.00000e+00j
   0.00000e+00+0.00000e+00j  1.05778e+01-1.78185e-13j]
 [ 1.05766e+01+7.73851e-15j  0.00000e+00+0.00000e+00j
  -0.00000e+00+0.00000e+00j  0.00000e+00+0.00000e+00j
   7.33854e-04+1.07848e-10j  7.97189e-01+1.37436e-11j]
 [ 0.00000e+00+0.00000e+00j  1.05738e+01+1.67469e-13j
  -0.00000e+00+0.00000e+00j -1.15406e-03+2.84364e-11j
   0.00000e+00+0.00000e+00j -8.56691e-04+1.02061e-14j]
 [ 0.00000e+00+0.00000e+00j  0.00000e+00+0.00000e+00j
   1.05778e+01-1.78185e-13j -7.96792e-01+1.38679e-11j
   8.54934e-04-8.97308e-14j  0.00000e+00+0.00000e+00j]]
CK_appr = 
 [[ 0.00000e+00+0.00000e+00j  0.00000e+00+0.00000e+00j
   0.00000e+00+0.00000e+00j  4.70904e-05-3.52532e-18j
   0.00000e+00+0.00000e+00j  0.00000e+00+0.00000e+00j]
 [ 0.00000e+00+0.00000e+00j  0.00000e+00+0.00000e+00j
   0.00000e+00+0.00000e+00j  0.00000e+00+0.00000e+00j
   4.70618e-05-2.75535e-18j  0.00000e+00+0.00000e+00j]
 [ 0.00000e+00+0.00000e+00j  0.00000e+00+0.00000e+00j
   0.00000e+00+0.00000e+00j  0.00000e+00+0.00000e+00j
   0.00000e+00+0.00000e+00j  4.70624e-05-4.01724e-18j]
 [ 1.15653e-07-4.07938e-19j  0.00000e+00+0.00000e+00j
   0.00000e+00+0.00000e+00j  0.00000e+00+0.00000e+00j
   3.26622e-09+4.80010e-16j  3.54682e-06+6.09045e-17j]
 [ 0.00000e+00+0.00000e+00j  1.15966e-07+6.77578e-18j
   0.00000e+00+0.00000e+00j -5.13822e-09+1.26608e-16j
   0.00000e+00+0.00000e+00j -3.81155e-09+4.56696e-20j]
 [ 0.00000e+00+0.00000e+00j  0.00000e+00+0.00000e+00j
   1.32049e-07+1.49220e-18j -3.54757e-06+6.20126e-17j
   3.80513e-09-3.99655e-19j  0.00000e+00+0.00000e+00j]]
lambda_appr_xyz =  [ 1.63657e-06-1.77181e-06j  1.63657e-06+1.77181e-06j
 -1.63656e-06-1.77181e-06j -1.63656e-06+1.77181e-06j
  2.33614e-06+6.85333e-17j -2.33614e-06-6.78812e-17j]
ldiff_xyz (from CK_appr) in micro-meter =  [ 32.3346   32.3346  -32.33462 -32.33462  22.65177 -22.65175]
