Rayleigh-Ritz ( 6  vec.,  s Ls ) lifetime in ps:
 [3.33417e+03 3.31470e+03 1.87049e+03 7.80665e-01 7.76063e-01 7.67472e-01]

Rayleigh-Ritz ( 2  vec.,  sx Lsx, with Left ) lifetime in ps:
 [7.71945e+03 2.67917e-01]

Rayleigh-Ritz ( 2  vec.,  sz Lsz, with Left ) lifetime in ps:
 [3.76731e+03 3.28386e-01]

Rayleigh-Ritz ( 2  vec.,  sx Lsx, with Left ) lifetime in ps:
 [7.71945e+03 2.67917e-01]

Rayleigh-Ritz ( 2  vec.,  sy Lsy, with Left ) lifetime in ps:
 [7.70694e+03 2.68376e-01]

Rayleigh-Ritz ( 2  vec.,  sz Lsz, with Left ) lifetime in ps:
 [3.76731e+03 3.28386e-01]

Rayleigh-Ritz ( 2  vec.,  DPx vsx, with Left ) lifetime in ps:
 [7.71945e+03 4.57873e+00]

Rayleigh-Ritz ( 2  vec.,  DPx vsy, with Left ) lifetime in ps:
 [4220.96562    4.58127]

Rayleigh-Ritz ( 2  vec.,  DPx vsz, with Left ) lifetime in ps:
 [7.71945e+03 4.57875e+00]

Rayleigh-Ritz ( 6  vec.,  DP vs, with Left ) lifetime in ps:
 [4221.5536  4217.08852 3767.31038    4.58127    4.58127    4.57875]


examine sx-vsx coupling considering sx, Lsx and vsy
BK = 
 [[ 1.00000e+00+5.52091e-19j  6.50169e-11-1.46457e-22j
  -4.84130e-17-2.74645e-17j]
 [ 6.50169e-11-4.17456e-23j -2.77037e-13+1.43892e-27j
  -1.25125e-07-6.67575e-22j]
 [-2.95682e-17+1.42287e-17j  1.25125e-07+9.78822e-22j
   1.00000e+00+8.70715e-19j]]
BKinv = 
 [[ 1.00000e+00-5.06676e-19j  2.48744e+02-5.45609e-10j
   3.11241e-05-4.06388e-17j]
 [ 2.48744e+02-1.51335e-10j -3.82584e+12-2.40768e-02j
  -4.78708e+05-5.56623e-09j]
 [-3.11241e-05+4.46372e-18j  4.78708e+05+6.75701e-09j
   1.05990e+00+1.16412e-15j]]
AK = 
 [[ 6.50169e-11+5.82902e-23j -2.77037e-13+1.36722e-27j
  -1.25125e-07-1.08612e-21j]
 [-2.77037e-13+1.42786e-27j -2.50131e-17-2.97805e-28j
  -7.28524e-13-2.79552e-26j]
 [ 1.25125e-07+7.83413e-22j  7.27673e-13+1.59900e-26j
   5.28287e-06+7.98300e-23j]]
CK = 
 [[ 1.13219e-21+2.04739e-22j -2.83236e-13-5.90916e-26j
  -1.25142e-07-9.10205e-22j]
 [ 1.00000e+00+1.35900e-16j  9.53478e-05+1.13995e-15j
   2.58232e-01+9.50674e-14j]
 [ 5.29396e-22-2.12413e-22j -1.12027e-11-1.42713e-22j
   5.25056e-06-1.20710e-20j]]
spin lifetime in ps:  [2.53783e-01 4.21328e+03 4.58144e+00]
CKappr = 
 [[ 6.50169e-11+5.82902e-23j -2.77037e-13+1.36736e-27j
  -1.25125e-07-1.08605e-21j]
 [ 1.05990e+00+1.20740e-15j  9.56963e-05+1.13996e-15j
   2.78722e+00+1.24493e-13j]
 [ 1.32620e-07+9.75999e-22j  7.71260e-13+1.77948e-26j
   5.59931e-06+6.23451e-21j]]
spin lifetime in ps:  [2.52712e-01 4.21366e+03 4.34047e+00]
E2 =  (-2.7728939248439567e-13-3.79023013055408e-31j)
mE_sv =  (-1.251250512653089e-07-1.8587329975434733e-23j)
E2_sv =  (2.895210394914204e-20+2.8290524213488536e-28j)
mE_vs =  (1.251250512653292e-07-1.4809279462826813e-23j)
E2_vs =  (2.895210395052255e-20-2.818698621967828e-28j)
Gamma_v =  (5.28287138221356e-06+8.033991699421281e-23j) 


--------------------------------------------------
test right eigenvector spert - tau [-iE, spert] and left eigenvector s - tau [-iE, s]:
--------------------------------------------------
Rayleigh-Ritz ( 1  vec.,  DPx, with Left ) lifetime in ps:
 [3143.09874]

Rayleigh-Ritz ( 2  vec.,  DPx, vsy, with Left ) lifetime in ps:
 [2389.17666    4.58155]

Rayleigh-Ritz ( 2  vec.,  DPx, vDPx, with Left ) lifetime in ps:
 [3143.09874    4.57122]

Rayleigh-Ritz ( 2  vec.,  sx, tau*[iE,sx], with Left ) lifetime in ps:
 [3.06487e+03 7.69334e-01]

Rayleigh-Ritz ( 2  vec.,  sx, Lsx, with Left ) lifetime in ps:
 [-4.23079  0.23116]

Rayleigh-Ritz ( 3  vec.,  sx, tau*[iE,sx], Lsx, with Left ) lifetime in ps:
 [3.38976e+05 3.40209e-01 3.40209e-01]

Rayleigh-Ritz ( 3  vec.,  sx, tau*[iE,sx], L*tau*[iE,sx], with Left ) lifetime in ps:
 [3.13992e+05 2.10197e-01 2.10197e-01]

Rayleigh-Ritz ( 3  vec.,  sx, tau*iE,sx], vsy, with Left ) lifetime in ps:
 [2.36296e+03 4.58776e+00 7.22703e-01]

Rayleigh-Ritz ( 3  vec.,  sx, Lsx, vsy, with Left ) lifetime in ps:
 [ 4.5799  -4.23117  0.23116]

Rayleigh-Ritz ( 4  vec.,  sx, tau*[iE,sx], Lsx, L*tau*[iE,sx], with Left ) lifetime in ps:
 [3.77608e+03 8.52148e-01 2.46238e-01 2.46238e-01]

Rayleigh-Ritz ( 5  vec.,  sx, tau*[iE,sx], Lsx, L*tau*[iE,sx], vsy, with Left ) lifetime in ps:
 [2.65899e+03 4.61027e+00 7.97892e-01 2.50814e-01 2.50814e-01]

Rayleigh-Ritz ( 1  vec.,  DPz, with Left ) lifetime in ps:
 [1832.48183]

Rayleigh-Ritz ( 2  vec.,  DPz vsz, with Left ) lifetime in ps:
 [1832.48183    4.57875]

Rayleigh-Ritz ( 2  vec.,  DPz vDPz, with Left ) lifetime in ps:
 [1832.48183    4.56573]

Rayleigh-Ritz ( 2  vec.,  sz, tau*[iE,sz], with Left ) lifetime in ps:
 [1.80554e+03 7.58589e-01]

Rayleigh-Ritz ( 2  vec.,  sz, Lsz, with Left ) lifetime in ps:
 [-2.93041  0.26763]

Rayleigh-Ritz ( 3  vec.,  sz, tau*[iE,sz], Lsz, with Left ) lifetime in ps:
 [4.56519e+05 3.93874e-01 3.93874e-01]

Rayleigh-Ritz ( 3  vec.,  sz, tau*[iE,sz], L*tau*[iE,sz], with Left ) lifetime in ps:
 [3.54727e+05 2.27051e-01 2.27051e-01]

Rayleigh-Ritz ( 4  vec.,  sz, tau*[iE,sz], Lsz, L*tau*[iE,sz], with Left ) lifetime in ps:
 [2.13318e+03 8.14993e-01 2.68578e-01 2.68578e-01]

Rayleigh-Ritz ( 5  vec.,  sz, tau*[iE,sz], Lsz, L*tau*[iE,sz], vsz, with Left ) lifetime in ps:
 [2.13318e+03 4.57875e+00 8.14993e-01 2.68578e-01 2.68578e-01]


--------------------------------------------------
test energy dependent factors:
--------------------------------------------------
Rayleigh-Ritz ( 2  vec.,  sx L?, with Left ) lifetime in ps:
 [7.71945e+03 2.67917e-01]

Rayleigh-Ritz ( 4  vec.,  sx tau(E)*sx L?, with Left ) lifetime in ps:
 [3.77608e+03 8.52148e-01 2.46238e-01 2.46238e-01]

Rayleigh-Ritz ( 4  vec.,  sx dfde*sx L?, with Left ) lifetime in ps:
 [4.17766e+03 8.89306e-01 1.99073e-01 1.99073e-01]

Rayleigh-Ritz ( 4  vec.,  sx sqrt(dfde)*sx L?, with Left ) lifetime in ps:
 [4.00525e+03 8.75901e-01 2.16987e-01 2.16987e-01]

Rayleigh-Ritz ( 8  vec.,  sx tau(E)*sx dfde*sx sqrt(dfde)*sx L?, with Left ) lifetime in ps:
 [4.58248e+03 8.87920e-01 2.33504e-01 2.33504e-01 1.92581e-01 1.92581e-01
 1.46794e-01 1.46794e-01]

Rayleigh-Ritz ( 2  vec.,  sz L?, with Left ) lifetime in ps:
 [3.76731e+03 3.28386e-01]

Rayleigh-Ritz ( 4  vec.,  sz tau(E)*sz L?, with Left ) lifetime in ps:
 [2.13318e+03 8.14993e-01 2.68578e-01 2.68578e-01]

Rayleigh-Ritz ( 4  vec.,  sz dfde*sz L?, with Left ) lifetime in ps:
 [2.38354e+03 8.42194e-01 2.19295e-01 2.19295e-01]

Rayleigh-Ritz ( 4  vec.,  sz sqrt(dfde)*sz L?, with Left ) lifetime in ps:
 [2.27028e+03 8.32500e-01 2.36348e-01 2.36348e-01]

Rayleigh-Ritz ( 8  vec.,  sz tau(E)*sz dfde*sz sqrt(dfde)*sz L?, with Left ) lifetime in ps:
 [2.62965e+03 8.41734e-01 2.35560e-01 2.35559e-01 1.97847e-01 1.97845e-01
 1.76124e-01 1.76124e-01]

Rayleigh-Ritz ( 6  vec.,  s L?, with Left ) lifetime in ps:
 [7.72123e+03 7.70517e+03 3.76731e+03 3.28386e-01 2.68438e-01 2.67855e-01]

Rayleigh-Ritz ( 12  vec.,  s tau(E)*s L?, with Left ) lifetime in ps:
 [3.77865e+03 3.75755e+03 2.13316e+03 8.53448e-01 8.51692e-01 8.14867e-01
 2.68549e-01 2.68549e-01 2.46252e-01 2.46252e-01 2.46016e-01 2.46016e-01]

Rayleigh-Ritz ( 12  vec.,  s dfde*s L?, with Left ) lifetime in ps:
 [4.18018e+03 4.16112e+03 2.38353e+03 8.92005e-01 8.88812e-01 8.42151e-01
 2.19289e-01 2.19289e-01 1.99127e-01 1.99127e-01 1.98167e-01 1.98167e-01]

Rayleigh-Ritz ( 12  vec.,  s sqrt(dfde)*s L?, with Left ) lifetime in ps:
 [4.00778e+03 3.98794e+03 2.27026e+03 8.78280e-01 8.75420e-01 8.32442e-01
 2.36340e-01 2.36340e-01 2.17015e-01 2.17015e-01 2.16451e-01 2.16451e-01]

Rayleigh-Ritz ( 24  vec.,  s tau(E)*s dfde*s sqrt(dfde)*s L?, with Left ) lifetime in ps:
 [4.58502e+03 4.56658e+03 2.62964e+03 8.91056e-01 8.87432e-01 8.41703e-01
 2.40935e-01 2.40935e-01 2.35845e-01 2.35845e-01 2.33013e-01 2.33013e-01
 1.97838e-01 1.97838e-01 1.95636e-01 1.95636e-01 1.92426e-01 1.92426e-01
 1.76101e-01 1.76101e-01 1.49608e-01 1.49608e-01 1.46691e-01 1.46691e-01]

