dim =  2
R = 
 [[ 4.69886 -2.34943  0.     ]
 [ 0.       4.06933  0.     ]
 [ 0.       0.      25.     ]]
volume =  478.0302990950002
area =  19.121211963800008
valley:
 [[ 0.33333  0.33333  0.     ]
 [-0.33333 -0.33333 -0.     ]]

##################################################
read and compute electronic quantities
##################################################
isMetal =  True
nb =  4
nk_full =  230400.0  nk =  1028
nkpair =  518982
T =  0.000950043414701698
emin =  -0.0058255018  emax =  0.013175367
k to valley:
 [[[ 0.       0.       0.     ]
  [-0.33333 -0.33333  0.     ]]

 [[ 0.33333  0.33333  0.     ]
  [ 0.       0.       0.     ]]

 [[ 0.       0.00208  0.     ]
  [-0.33333 -0.33125  0.     ]]

 [[ 0.33333  0.33542  0.     ]
  [ 0.       0.00208  0.     ]]

 [[ 0.       0.00417  0.     ]
  [-0.33333 -0.32917  0.     ]]

 [[ 0.33333  0.3375   0.     ]
  [ 0.       0.00417  0.     ]]

 [[ 0.       0.00625  0.     ]
  [-0.33333 -0.32708  0.     ]]

 [[ 0.33333  0.33958  0.     ]
  [ 0.       0.00625  0.     ]]

 [[ 0.       0.00833  0.     ]
  [-0.33333 -0.325    0.     ]]

 [[ 0.33333  0.34167  0.     ]
  [ 0.       0.00833  0.     ]]]
valley of k:
 [0 1 0 1 0 1 0 1 0 1]
valley pol. of k:
 [-1  1 -1  1 -1  1 -1  1 -1  1]
Ek: [[-0.0019  -0.0019  -0.00022 -0.00022]
 [-0.0019  -0.0019  -0.00022 -0.00022]
 [-0.00253 -0.00253  0.0004   0.0004 ]
 [-0.00253 -0.00253  0.0004   0.0004 ]
 [-0.00361 -0.00361  0.00148  0.00149]
 [-0.00361 -0.00361  0.00148  0.00149]
 [-0.00477 -0.00477  0.00264  0.00264]
 [-0.00477 -0.00477  0.00264  0.00264]
 [-0.00595 -0.00594  0.00382  0.00382]
 [-0.00595 -0.00594  0.00382  0.00382]]
vbm in eV =  -0.051706973150764855
cbm in eV =  -0.006103076571051942
gap in eV =  0.045603896579712914
fk: [[0.99718 0.99718 0.98377 0.98376]
 [0.99718 0.99718 0.98377 0.98376]
 [0.99854 0.99854 0.96904 0.96902]
 [0.99854 0.99854 0.96904 0.96902]
 [0.99953 0.99953 0.90932 0.90926]
 [0.99953 0.99953 0.90932 0.90926]
 [0.99986 0.99986 0.74797 0.74784]
 [0.99986 0.99986 0.74797 0.74784]
 [0.99996 0.99996 0.46192 0.46175]
 [0.99996 0.99996 0.46192 0.46175]]

electron density =  2.012e+12 in cm^-d
hole density =  7.814e+08 in cm^-d
excess density =  2.011e+12 in cm^-d

sk:
 [[[[-3.10608e-08-5.31990e-19j  1.72067e-01+4.69460e-01j
    -4.78076e-09-4.06594e-08j -6.40429e-06-2.35462e-04j]
   [ 1.72067e-01-4.69460e-01j  3.10609e-08-2.81252e-18j
     5.47355e-05-2.29100e-04j -2.86157e-12-1.18247e-11j]
   [-4.78076e-09+4.06594e-08j  5.47355e-05+2.29100e-04j
     4.21931e-09-1.94953e-19j -4.47422e-02+4.97994e-01j]
   [-6.40429e-06+2.35462e-04j -2.86161e-12+1.18247e-11j
    -4.47422e-02-4.97994e-01j -4.21959e-09+2.31648e-19j]]

  [[ 1.51822e-07+1.98735e-19j -4.69460e-01+1.72067e-01j
    -4.06819e-08+4.76309e-09j  2.35462e-04-6.40426e-06j]
   [-4.69460e-01-1.72067e-01j -1.51822e-07+7.80139e-18j
     2.29100e-04+5.47355e-05j  1.15083e-11-6.70257e-12j]
   [-4.06819e-08-4.76309e-09j  2.29100e-04-5.47355e-05j
     1.11127e-07+1.99476e-19j  4.97994e-01+4.47422e-02j]
   [ 2.35462e-04+6.40426e-06j  1.15083e-11+6.70254e-12j
     4.97994e-01-4.47422e-02j -1.11128e-07+2.72252e-18j]]

  [[-5.00000e-01-2.65335e-15j -1.53238e-07+2.30833e-08j
    -2.74131e-11+2.84053e-11j  7.16047e-11+1.27721e-11j]
   [-1.53238e-07-2.30833e-08j  5.00000e-01+2.73976e-15j
    -5.14125e-11-1.03173e-11j -4.46566e-04-1.50034e-04j]
   [-2.74131e-11-2.84053e-11j -5.14125e-11+1.03173e-11j
     5.00000e-01+2.71318e-15j -1.10304e-07-1.41469e-08j]
   [ 7.16047e-11-1.27721e-11j -4.46566e-04+1.50034e-04j
    -1.10304e-07+1.41469e-08j -5.00000e-01-2.68184e-15j]]]


 [[[-8.95299e-09+6.01968e-18j -1.72006e-01+4.69482e-01j
     3.30449e-08-2.41688e-08j -8.10172e-05+2.21177e-04j]
   [-1.72006e-01-4.69482e-01j  8.95318e-09+7.39857e-19j
     1.30743e-04-1.95932e-04j  1.31910e-11+9.56009e-12j]
   [ 3.30449e-08+2.41688e-08j  1.30743e-04+1.95932e-04j
     4.59628e-08-2.46759e-18j -2.77556e-01-4.15887e-01j]
   [-8.10172e-05-2.21177e-04j  1.31911e-11-9.56001e-12j
    -2.77556e-01+4.15887e-01j -4.59630e-08+7.86789e-19j]]

  [[-1.55937e-07+1.42476e-17j  4.69482e-01+1.72006e-01j
     2.41596e-08+3.30751e-08j  2.21177e-04+8.10173e-05j]
   [ 4.69482e-01-1.72006e-01j  1.55937e-07-1.42121e-17j
    -1.95932e-04-1.30743e-04j  1.78085e-11-1.25582e-11j]
   [ 2.41596e-08-3.30751e-08j -1.95932e-04+1.30743e-04j
    -9.76270e-08-6.15382e-19j  4.15887e-01-2.77556e-01j]
   [ 2.21177e-04-8.10173e-05j  1.78086e-11+1.25582e-11j
     4.15887e-01+2.77556e-01j  9.76273e-08+1.57732e-18j]]

  [[ 5.00000e-01-6.12448e-16j  1.43339e-07+6.20509e-08j
     3.84268e-11+1.07567e-11j  6.72107e-11+2.91946e-11j]
   [ 1.43339e-07-6.20509e-08j -5.00000e-01+5.87222e-16j
     5.02572e-11+7.57330e-12j -4.71096e-04+3.09462e-08j]
   [ 3.84268e-11-1.07567e-11j  5.02572e-11-7.57329e-12j
    -5.00000e-01+7.50517e-16j -1.06718e-07+1.59631e-08j]
   [ 6.72107e-11-2.91946e-11j -4.71096e-04-3.09462e-08j
    -1.06718e-07-1.59631e-08j  5.00000e-01-5.54727e-16j]]]


 [[[-4.21864e-01-2.30211e-15j -2.66301e-01+3.33917e-02j
     6.67235e-05-4.03077e-06j  5.75817e-05-5.75983e-06j]
   [-2.66301e-01-3.33917e-02j  4.21864e-01+2.35436e-15j
     2.80186e-05-6.82056e-06j -1.87989e-04+5.14420e-06j]
   [ 6.67235e-05+4.03077e-06j  2.80186e-05+6.82056e-06j
     4.96704e-01+2.63615e-15j  4.27297e-02+3.81938e-02j]
   [ 5.75817e-05+5.75983e-06j -1.87989e-04-5.14420e-06j
     4.27297e-02-3.81938e-02j -4.96704e-01-2.63399e-15j]]

  [[-2.84142e-02-2.24701e-16j -1.75429e-02-4.98884e-01j
    -1.27879e-05+4.85655e-05j -1.75412e-06+8.21353e-05j]
   [-1.75429e-02+4.98884e-01j  2.84142e-02+6.06069e-17j
    -3.21403e-06+8.22242e-05j  3.86145e-06-4.85512e-05j]
   [-1.27879e-05-4.85655e-05j -3.21403e-06-8.22242e-05j
     3.80845e-02+5.14996e-18j  2.91100e-03-4.98539e-01j]
   [-1.75412e-06-8.21353e-05j  3.86145e-06+4.85512e-05j
     2.91100e-03+4.98539e-01j -3.80845e-02+7.41865e-17j]]

  [[-2.66877e-01-1.47392e-15j  4.22819e-01+3.31967e-04j
    -2.79103e-05-1.81650e-05j -1.09296e-04+5.37339e-06j]
   [ 4.22819e-01-3.31967e-04j  2.66877e-01+1.65606e-15j
    -1.43566e-04-3.27576e-06j -1.12960e-04-1.73535e-05j]
   [-2.79103e-05+1.81650e-05j -1.43566e-04+3.27576e-06j
     4.28272e-02+2.99706e-16j -4.98162e-01+3.62861e-04j]
   [-1.09296e-04-5.37339e-06j -1.12960e-04+1.73535e-05j
    -4.98162e-01-3.62861e-04j -4.28272e-02-1.68665e-16j]]]


 [[[-4.21868e-01+2.24806e-16j -2.66292e-01+3.34088e-02j
     6.67614e-05-3.38634e-06j  5.76318e-05-5.20905e-06j]
   [-2.66292e-01-3.34088e-02j  4.21868e-01-3.51026e-16j
     2.80826e-05-6.54885e-06j -1.88027e-04+3.33666e-06j]
   [ 6.67614e-05+3.38634e-06j  2.80826e-05+6.54885e-06j
     4.96704e-01-4.17091e-16j  4.27294e-02+3.81950e-02j]
   [ 5.76318e-05+5.20905e-06j -1.88027e-04-3.33666e-06j
     4.27294e-02-3.81950e-02j -4.96704e-01+3.82245e-16j]]

  [[ 2.84165e-02-4.46773e-16j  1.75712e-02+4.98882e-01j
     1.32548e-05-4.84421e-05j  2.53735e-06-8.21122e-05j]
   [ 1.75712e-02-4.98882e-01j -2.84165e-02+4.64879e-16j
     4.00553e-06-8.21868e-05j -4.32919e-06+4.85130e-05j]
   [ 1.32548e-05+4.84421e-05j  4.00553e-06+8.21868e-05j
    -3.80872e-02+2.04968e-16j -2.89304e-03+4.98539e-01j]
   [ 2.53735e-06+8.21122e-05j -4.32919e-06-4.85130e-05j
    -2.89304e-03-4.98539e-01j  3.80872e-02-2.57369e-16j]]

  [[ 2.66871e-01-2.19662e-16j -4.22823e-01-3.08717e-04j
     2.77359e-05+1.84326e-05j  1.09343e-04-4.32624e-06j]
   [-4.22823e-01+3.08717e-04j -2.66871e-01+2.15926e-16j
     1.43527e-04+4.66360e-06j  1.12787e-04+1.84408e-05j]
   [ 2.77359e-05-1.84326e-05j  1.43527e-04-4.66360e-06j
    -4.28255e-02+1.46997e-16j  4.98162e-01-3.80917e-04j]
   [ 1.09343e-04+4.32624e-06j  1.12787e-04-1.84408e-05j
     4.98162e-01+3.80917e-04j  4.28255e-02-4.27324e-18j]]]


 [[[-4.61683e-01-2.61976e-15j -1.81089e-01+6.36829e-02j
     3.60867e-05-3.05646e-06j -2.03799e-05+5.57999e-06j]
   [-1.81089e-01-6.36829e-02j  4.61683e-01+2.70565e-15j
     1.65958e-06-7.65804e-06j  1.15922e-04-5.07423e-06j]
   [ 3.60867e-05+3.05646e-06j  1.65958e-06+7.65804e-06j
     4.91916e-01+2.84054e-15j  4.08892e-02-7.96641e-02j]
   [-2.03799e-05-5.57999e-06j  1.15922e-04+5.07423e-06j
     4.08892e-02+7.96641e-02j -4.91916e-01-2.80119e-15j]]

  [[-5.94110e-02-2.46792e-16j -2.29339e-02-4.95928e-01j
    -1.59322e-05+1.31976e-05j -2.52513e-07-4.31914e-05j]
   [-2.29339e-02+4.95928e-01j  5.94110e-02+2.40937e-16j
    -1.82942e-06+4.35506e-05j -4.23236e-06+1.30889e-05j]
   [-1.59322e-05-1.31976e-05j -1.82942e-06-4.35506e-05j
     7.93596e-02+4.10086e-16j  6.96781e-03+4.93613e-01j]
   [-2.52513e-07+4.31914e-05j -4.23236e-06-1.30889e-05j
     6.96781e-03-4.93613e-01j -7.93596e-02-3.77899e-16j]]

  [[-1.82535e-01-1.05951e-15j  4.65490e-01+3.40947e-04j
    -8.47953e-06-2.07764e-05j  6.92980e-05-6.86705e-06j]
   [ 4.65490e-01-3.40947e-04j  1.82535e-01+1.19466e-15j
    -7.82646e-05-2.64463e-06j  3.00979e-05+2.01303e-05j]
   [-8.47953e-06+2.07764e-05j -7.82646e-05+2.64463e-06j
    -4.14770e-02-1.77653e-16j  4.98276e-01-3.65254e-04j]
   [ 6.92980e-05+6.86705e-06j  3.00979e-05-2.01303e-05j
     4.98276e-01+3.65254e-04j  4.14771e-02+3.47332e-16j]]]


 [[[-4.61687e-01+1.73970e-16j -1.81071e-01+6.37043e-02j
    -3.61689e-05+1.88761e-06j -2.05466e-05+4.92106e-06j]
   [-1.81071e-01-6.37043e-02j  4.61687e-01-1.96776e-16j
    -1.90641e-06+7.59921e-06j  1.16022e-04-1.32787e-06j]
   [-3.61689e-05-1.88761e-06j -1.90641e-06-7.59921e-06j
     4.91916e-01-2.03861e-16j -4.08843e-02+7.96671e-02j]
   [-2.05466e-05-4.92106e-06j  1.16022e-04+1.32787e-06j
    -4.08843e-02-7.96671e-02j -4.91916e-01+2.27787e-16j]]

  [[ 5.94133e-02-2.14970e-16j  2.29867e-02+4.95925e-01j
    -1.63498e-05+1.26785e-05j -1.13562e-06+4.31742e-05j]
   [ 2.29867e-02-4.95925e-01j -5.94133e-02+1.67645e-16j
    -3.23393e-06+4.34659e-05j  4.65388e-06-1.29459e-05j]
   [-1.63498e-05-1.26785e-05j -3.23393e-06-4.34659e-05j
    -7.93612e-02+1.52479e-16j  6.98446e-03+4.93612e-01j]
   [-1.13562e-06-4.31742e-05j  4.65388e-06+1.29459e-05j
     6.98446e-03-4.93612e-01j  7.93612e-02-1.63687e-16j]]

  [[ 1.82524e-01-4.75815e-17j -4.65494e-01-2.90673e-04j
    -7.80617e-06-2.10391e-05j -6.94831e-05+4.63044e-06j]
   [-4.65494e-01+2.90673e-04j -1.82524e-01+8.16980e-17j
    -7.81375e-05-5.17572e-06j -2.94310e-05-2.10929e-05j]
   [-7.80617e-06+2.10391e-05j -7.81375e-05+5.17572e-06j
     4.14749e-02+4.96884e-17j  4.98277e-01-3.82281e-04j]
   [-6.94831e-05-4.63044e-06j -2.94310e-05+2.10929e-05j
     4.98277e-01+3.82281e-04j -4.14749e-02+5.75837e-17j]]]


 [[[-4.69996e-01-2.82992e-15j -1.44673e-01+9.04049e-02j
     2.41604e-05-2.49264e-06j -1.01195e-05+5.10989e-06j]
   [-1.44673e-01-9.04049e-02j  4.69996e-01+2.79840e-15j
    -3.03597e-06-8.13399e-06j  7.99844e-05-5.37707e-06j]
   [ 2.41604e-05+2.49264e-06j -3.03597e-06+8.13399e-06j
     4.78669e-01+2.83305e-15j  7.41500e-02-1.24009e-01j]
   [-1.01195e-05-5.10989e-06j  7.99844e-05+5.37707e-06j
     7.41500e-02+1.24009e-01j -4.78669e-01-2.73860e-15j]]

  [[-8.65073e-02-6.55644e-16j -2.62614e-02-4.91759e-01j
    -1.67641e-05+3.67178e-06j -1.47672e-06-2.86184e-05j]
   [-2.62614e-02+4.91759e-01j  8.65073e-02+6.34340e-16j
    -9.65601e-07+2.94237e-05j -4.42820e-06+3.40862e-06j]
   [-1.67641e-05-3.67178e-06j -9.65601e-07-2.94237e-05j
     1.22489e-01+8.77377e-16j  1.93596e-02+4.84378e-01j]
   [-1.47672e-06+2.86184e-05j -4.42820e-06-3.40862e-06j
     1.93596e-02-4.84378e-01j -1.22489e-01-9.17967e-16j]]

  [[-1.47037e-01-9.02531e-16j  4.77891e-01+3.45085e-04j
    -2.74859e-06-2.11926e-05j  4.71695e-05-7.89138e-06j]
   [ 4.77891e-01-3.45085e-04j  1.47037e-01+1.00264e-15j
    -5.00599e-05-1.76006e-06j  9.81257e-06+2.07398e-05j]
   [-2.74859e-06+2.11926e-05j -5.00599e-05+1.76006e-06j
    -7.66347e-02-4.37408e-16j  4.94092e-01-3.68614e-04j]
   [ 4.71695e-05+7.89138e-06j  9.81257e-06-2.07398e-05j
     4.94092e-01+3.68614e-04j  7.66348e-02+5.79818e-16j]]]


 [[[-4.70000e-01-1.07505e-17j -1.44645e-01+9.04288e-02j
    -2.42768e-05+8.23368e-07j -1.04440e-05+4.40323e-06j]
   [-1.44645e-01-9.04288e-02j  4.70000e-01+4.56178e-17j
     2.46866e-06+8.32224e-06j  8.01620e-05+1.37546e-07j]
   [-2.42768e-05-8.23368e-07j  2.46866e-06-8.32224e-06j
     4.78670e-01-1.96037e-17j -7.41395e-02+1.24010e-01j]
   [-1.04440e-05-4.40323e-06j  8.01620e-05-1.37546e-07j
    -7.41395e-02-1.24010e-01j -4.78670e-01+1.50365e-17j]]

  [[ 8.65092e-02-1.80276e-16j  2.63365e-02+4.91754e-01j
    -1.69766e-05+2.51301e-06j -4.88689e-07+2.86493e-05j]
   [ 2.63365e-02-4.91754e-01j -8.65092e-02+2.19171e-16j
    -2.98562e-06+2.92848e-05j  4.65325e-06-3.09592e-06j]
   [-1.69766e-05-2.51301e-06j -2.98562e-06-2.92848e-05j
    -1.22488e-01+1.75424e-16j  1.93747e-02+4.84377e-01j]
   [-4.88689e-07-2.86493e-05j  4.65325e-06+3.09592e-06j
     1.93747e-02-4.84377e-01j  1.22488e-01-2.34364e-16j]]

  [[ 1.47023e-01-4.72602e-17j -4.77895e-01-2.69902e-04j
    -1.28695e-06-2.13315e-05j -4.75997e-05+4.63286e-06j]
   [-4.77895e-01+2.69902e-04j -1.47023e-01+4.23645e-17j
    -4.98195e-05-5.20295e-06j -8.36182e-06-2.13662e-05j]
   [-1.28695e-06+2.13315e-05j -4.98195e-05+5.20295e-06j
     7.66283e-02+4.59432e-17j  4.94093e-01-3.85698e-04j]
   [-4.75997e-05-4.63286e-06j -8.36182e-06+2.13662e-05j
     4.94093e-01+3.85698e-04j -7.66283e-02+2.13115e-17j]]]


 [[[-4.71142e-01-2.98401e-15j -1.22692e-01+1.13893e-01j
     1.79398e-05-2.22139e-06j -5.79807e-06+4.61172e-06j]
   [-1.22692e-01-1.13893e-01j  4.71142e-01+3.01843e-15j
    -4.32254e-06-8.47182e-06j  5.98480e-05-5.87402e-06j]
   [ 1.79398e-05+2.22139e-06j -4.32254e-06+8.47182e-06j
     4.61132e-01+2.91015e-15j  9.15720e-02-1.70210e-01j]
   [-5.79807e-06-4.61172e-06j  5.98480e-05+5.87402e-06j
     9.15720e-02+1.70210e-01j -4.61132e-01-2.89255e-15j]]

  [[-1.10307e-01-7.07062e-16j -2.83572e-02-4.86855e-01j
    -1.71135e-05+2.14251e-07j -2.38997e-06-2.08721e-05j]
   [-2.83572e-02+4.86855e-01j  1.10307e-01+7.20913e-16j
    -3.94052e-07+2.22880e-05j -4.65508e-06-2.48990e-07j]
   [-1.71135e-05-2.14251e-07j -3.94052e-07-2.22880e-05j
     1.66873e-01+9.92926e-16j  3.35391e-02+4.70137e-01j]
   [-2.38997e-06+2.08721e-05j -4.65508e-06+2.48990e-07j
     3.35391e-02-4.70137e-01j -1.66873e-01-1.09182e-15j]]

  [[-1.25925e-01-6.88540e-16j  4.83883e-01+3.46927e-04j
    -7.40305e-07-2.10788e-05j  3.38461e-05-8.68503e-06j]
   [ 4.83883e-01-3.46927e-04j  1.25925e-01+8.39916e-16j
    -3.46484e-05-9.32381e-07j  2.75867e-06+2.08511e-05j]
   [-7.40305e-07+2.10788e-05j -3.46484e-05+9.32381e-07j
    -9.75201e-02-5.71938e-16j  4.90397e-01-3.70031e-04j]
   [ 3.38461e-05+8.68503e-06j  2.75867e-06-2.08511e-05j
     4.90397e-01+3.70031e-04j  9.75201e-02+6.65362e-16j]]]


 [[[-4.71147e-01-3.90381e-17j  1.22651e-01-1.13918e-01j
    -1.80786e-05+1.00159e-07j  6.29602e-06-3.90075e-06j]
   [ 1.22651e-01+1.13918e-01j  4.71147e-01-3.01544e-17j
    -3.29813e-06-8.91893e-06j  6.01213e-05+1.18790e-06j]
   [-1.80786e-05-1.00159e-07j -3.29813e-06+8.91893e-06j
     4.61136e-01+4.64174e-18j  9.15561e-02-1.70209e-01j]
   [ 6.29602e-06+3.90075e-06j  6.01213e-05-1.18790e-06j
     9.15561e-02+1.70209e-01j -4.61136e-01-8.00954e-18j]]

  [[ 1.10309e-01-2.23535e-16j -2.84513e-02-4.86849e-01j
    -1.70204e-05-1.79115e-06j  6.90539e-08-2.10058e-05j]
   [-2.84513e-02+4.86849e-01j -1.10309e-01+1.55231e-16j
     3.00422e-06-2.20853e-05j  4.59487e-06+7.93765e-07j]
   [-1.70204e-05+1.79115e-06j  3.00422e-06+2.20853e-05j
    -1.66870e-01+2.41398e-16j -3.35513e-02-4.70137e-01j]
   [ 6.90539e-08+2.10058e-05j  4.59487e-06-7.93765e-07j
    -3.35513e-02+4.70137e-01j  1.66870e-01-2.30650e-16j]]

  [[ 1.25908e-01-1.29956e-17j  4.83887e-01+2.49505e-04j
     1.73454e-06-2.10205e-05j  3.46301e-05-4.65850e-06j]
   [ 4.83887e-01-2.49505e-04j -1.25908e-01+3.22340e-17j
     3.42992e-05+4.99362e-06j -2.92593e-07-2.10311e-05j]
   [ 1.73454e-06+2.10205e-05j  3.42992e-05-4.99362e-06j
     9.75093e-02+3.08521e-17j -4.90399e-01+3.87435e-04j]
   [ 3.46301e-05+4.65850e-06j -2.92593e-07+2.10311e-05j
    -4.90399e-01-3.87435e-04j -9.75093e-02+5.42306e-18j]]]]

number of states within [emin,emax]:  2276  ( 4112 )
number of elements of rho left:  5432  ( 16448 )
mask_Ek and mask_rho are right
time for electron:  0.6228388715535402

##################################################
read and compute e-ph quantities
##################################################

--------------------------------------------------
rule out electronic states outside the energy window [emin, emax]
--------------------------------------------------
time for e-ph setup:  53.328448991291225

--------------------------------------------------
carrier transport from conventional method
--------------------------------------------------
carrier lifetime (rate average) in ps:  0.6112977306506344
carrier lifetime (time average) in ps:  0.6698287718020995
momentum lifetime (rate average) in ps:  0.7453097409687938
momentum lifetime (time average) in ps:  0.8120398736424769
momentum lifetime (type 2, rate average) in ps:  1.4220211673683687
momentum lifetime (type 2, time average) in ps:  0.8119398089517361
average of v^2 =  [6.72679e-02 6.72679e-02 1.67385e-12]
Fermi velocity in m/s =  [5.67401e+05 5.67401e+05 2.83038e+00]
conductivity using tau in S =  [9.79351e-03 9.79513e-03 1.89622e-13]
conductivity using taum in S =  [1.19076e-02 1.18894e-02 2.40318e-13]
conductivity using taum2 in S =  [1.19083e-02 1.18911e-02 2.40193e-13]
mobility (n=|ne-nh|) using tau in cm^2/V/s =  [3.03945e+04 3.03995e+04 5.88497e-07]
mobility (n=|ne-nh|) using taum in cm^2/V/s =  [3.69556e+04 3.68992e+04 7.45833e-07]
mobility (n=|ne-nh|) using taum2 in cm^2/V/s =  [3.69578e+04 3.69044e+04 7.45446e-07]
mobility (n=ne+nh) using tau in cm^2/V/s =  [3.03709e+04 3.03759e+04 5.88040e-07]
mobility (n=ne+nh) using taum in cm^2/V/s =  [3.69270e+04 3.68706e+04 7.45254e-07]
mobility (n=ne+nh) using taum2 in cm^2/V/s =  [3.69292e+04 3.68758e+04 7.44868e-07]
time for compute_carrier_transport_conventional:  0.4045338360592723
carrier lifetime (rate average) in ps:  0.6112977306506345
effetive lifetime (single element of rho, rate average) in ps:  0.5399941397152612
time for e-ph:  0.4863847969099879

time for set up and some simple analysis:  54.46593632735312

##################################################
solving spin lifetimes via linear algebra and analysis decay modes
##################################################

--------------------------------------------------
solve -L x = x e :
--------------------------------------------------
rates:
 [-4.54867e-19+1.33117e-20j  1.09348e-08-3.85778e-20j
  1.09672e-08+6.40633e-19j  1.24835e-08+1.41279e-19j
  3.30369e-06-9.66571e-20j  3.30660e-06+1.54946e-19j
  3.30664e-06+2.48050e-19j  3.31858e-06-1.22919e-19j
  1.48621e-05+3.31472e-19j  1.48845e-05+3.27382e-19j]
spin lifetimes in ps:
 [-5.31778e+13  2.21211e+03  2.20556e+03  1.93766e+03  7.32177e+00
  7.31532e+00  7.31522e+00  7.28891e+00  1.62756e+00  1.62510e+00]
precession freq. in au:
 [ 1.33117e-20 -3.85778e-20  6.40633e-19  1.41279e-19 -9.66571e-20
  1.54946e-19  2.48050e-19 -1.22919e-19  3.31472e-19  3.27382e-19]
short lifetimes in ps:
 [0.05483 0.05483 0.05483 0.05468 0.05468 0.05468 0.05468 0.05468 0.05468
 0.05467]

time for solving lifetimes via lin. alg.:  11.44532913248986

do real-time dynamics
5432  (of  5432 ) modes are considered in real-time simulation
5432  (of  5432 ) modes are considered in real-time simulation
5432  (of  5432 ) modes are considered in real-time simulation
5432  (of  5432 ) modes are considered in real-time simulation
5432  (of  5432 ) modes are considered in real-time simulation

Analyse decay mode:

The 4 observables and perturbations are:
n, sx, sy, sz
ob. proj. to VR = 
 [[ 6.99540e-01-1.05994e-11j  0.00000e+00+0.00000e+00j
   0.00000e+00+0.00000e+00j  0.00000e+00+0.00000e+00j
   0.00000e+00+0.00000e+00j  0.00000e+00+0.00000e+00j
   0.00000e+00+0.00000e+00j  0.00000e+00+0.00000e+00j]
 [ 0.00000e+00+0.00000e+00j -5.87274e-03+3.24842e-01j
  -2.35223e-03+1.30110e-01j  5.89530e-06-3.26089e-04j
   0.00000e+00+0.00000e+00j -8.66635e-05+4.79367e-03j
   2.16370e-04-1.19682e-02j  0.00000e+00+0.00000e+00j]
 [ 0.00000e+00+0.00000e+00j -1.42934e-03+1.24596e-01j
   3.75168e-03-3.27033e-01j -3.98675e-06+3.47521e-04j
   0.00000e+00+0.00000e+00j  1.38227e-04-1.20492e-02j
   5.26627e-05-4.59060e-03j  0.00000e+00+0.00000e+00j]
 [ 0.00000e+00+0.00000e+00j  0.00000e+00+0.00000e+00j
  -6.24100e-04+1.25182e-11j -3.49840e-01-6.03699e-12j
   0.00000e+00+0.00000e+00j  0.00000e+00+0.00000e+00j
   0.00000e+00+0.00000e+00j  0.00000e+00+0.00000e+00j]
 [ 0.00000e+00+0.00000e+00j  0.00000e+00+0.00000e+00j
   0.00000e+00+0.00000e+00j  0.00000e+00+0.00000e+00j
  -4.98350e-01-3.68191e-12j  0.00000e+00+0.00000e+00j
   0.00000e+00+0.00000e+00j  0.00000e+00+0.00000e+00j]
 [ 0.00000e+00+0.00000e+00j -6.16013e-05-3.50168e-03j
   1.55176e-04+8.82086e-03j  0.00000e+00+0.00000e+00j
   0.00000e+00+0.00000e+00j  4.08105e-03+2.31984e-01j
   1.62008e-03+9.20922e-02j  0.00000e+00+0.00000e+00j]
 [ 0.00000e+00+0.00000e+00j -2.10360e-04-8.86153e-03j
  -8.05546e-05-3.39341e-03j  0.00000e+00+0.00000e+00j
   0.00000e+00+0.00000e+00j -2.11860e-03-8.92474e-02j
   5.53249e-03+2.33059e-01j  0.00000e+00+0.00000e+00j]
 [ 0.00000e+00+0.00000e+00j  0.00000e+00+0.00000e+00j
   0.00000e+00+0.00000e+00j  0.00000e+00+0.00000e+00j
   0.00000e+00+0.00000e+00j  0.00000e+00+0.00000e+00j
   0.00000e+00+0.00000e+00j  2.49142e-01-7.80406e-03j]
 [ 0.00000e+00+0.00000e+00j  0.00000e+00+0.00000e+00j
   0.00000e+00+0.00000e+00j  0.00000e+00+0.00000e+00j
  -6.36831e-03-2.51360e-15j  0.00000e+00+0.00000e+00j
   0.00000e+00+0.00000e+00j  0.00000e+00+0.00000e+00j]
 [ 0.00000e+00+0.00000e+00j  0.00000e+00+0.00000e+00j
   0.00000e+00+0.00000e+00j  0.00000e+00+0.00000e+00j
   0.00000e+00+0.00000e+00j -3.58202e-04+6.56699e-05j
  -6.72531e-04+1.23297e-04j  3.15925e-03-5.79192e-04j]]
rhopert. proj. to VL = 
 [[-6.99540e-01-1.05994e-11j  0.00000e+00+0.00000e+00j
   0.00000e+00+0.00000e+00j  0.00000e+00+0.00000e+00j
   0.00000e+00+0.00000e+00j  0.00000e+00+0.00000e+00j
   0.00000e+00+0.00000e+00j  0.00000e+00+0.00000e+00j]
 [ 0.00000e+00+0.00000e+00j  1.18296e-02+6.54339e-01j
   4.50693e-03+2.49294e-01j -1.09664e-05-6.06590e-04j
   0.00000e+00+0.00000e+00j -1.66049e-04-9.18478e-03j
   4.35842e-04+2.41079e-02j  0.00000e+00+0.00000e+00j]
 [ 0.00000e+00+0.00000e+00j  2.98706e-03+2.60381e-01j
  -7.45762e-03-6.50081e-01j  1.25392e-05+1.09304e-03j
   0.00000e+00+0.00000e+00j  2.74768e-04+2.39515e-02j
   1.10055e-04+9.59346e-03j  0.00000e+00+0.00000e+00j]
 [ 0.00000e+00+0.00000e+00j  3.51595e-04-1.60591e-11j
   8.78934e-04+9.47962e-11j  6.99692e-01-1.22077e-11j
   0.00000e+00+0.00000e+00j  0.00000e+00+0.00000e+00j
   0.00000e+00+0.00000e+00j  0.00000e+00+0.00000e+00j]
 [ 0.00000e+00+0.00000e+00j  0.00000e+00+0.00000e+00j
   0.00000e+00+0.00000e+00j  0.00000e+00+0.00000e+00j
   9.49673e-01-7.02017e-12j  0.00000e+00+0.00000e+00j
   0.00000e+00+0.00000e+00j  0.00000e+00+0.00000e+00j]
 [ 0.00000e+00+0.00000e+00j -2.27125e-04+1.29108e-02j
   5.93112e-04-3.37150e-02j  0.00000e+00+0.00000e+00j
   0.00000e+00+0.00000e+00j -1.55985e-02+8.86685e-01j
  -5.97327e-03+3.39545e-01j -2.22761e-06+1.26626e-04j]
 [ 0.00000e+00+0.00000e+00j -7.96429e-04+3.35501e-02j
  -3.16164e-04+1.33186e-02j  0.00000e+00+0.00000e+00j
   0.00000e+00+0.00000e+00j  8.31515e-03-3.50281e-01j
  -2.09462e-02+8.82371e-01j -3.78081e-06+1.59269e-04j]
 [ 0.00000e+00+0.00000e+00j  0.00000e+00+0.00000e+00j
   0.00000e+00+0.00000e+00j  0.00000e+00+0.00000e+00j
   0.00000e+00+0.00000e+00j  0.00000e+00+0.00000e+00j
   2.56755e-04+8.04254e-06j -9.49436e-01-2.97399e-02j]
 [ 0.00000e+00+0.00000e+00j  0.00000e+00+0.00000e+00j
   0.00000e+00+0.00000e+00j  0.00000e+00+0.00000e+00j
   9.38366e-03+5.16090e-15j  0.00000e+00+0.00000e+00j
   0.00000e+00+0.00000e+00j  0.00000e+00+0.00000e+00j]
 [ 0.00000e+00+0.00000e+00j -2.79348e-04-5.12134e-05j
   1.48124e-04+2.71559e-05j  0.00000e+00+0.00000e+00j
   0.00000e+00+0.00000e+00j  1.05787e-03+1.93941e-04j
   1.97867e-03+3.62753e-04j -9.31106e-03-1.70702e-03j]]
ob. of pert:
 [[-4.89356e-01  0.00000e+00  0.00000e+00  0.00000e+00  0.00000e+00
   0.00000e+00  0.00000e+00 -5.00119e-06]
 [ 0.00000e+00 -2.44678e-01  0.00000e+00  0.00000e+00  0.00000e+00
   0.00000e+00  0.00000e+00  0.00000e+00]
 [ 0.00000e+00  0.00000e+00 -2.44678e-01  0.00000e+00  0.00000e+00
   0.00000e+00  0.00000e+00  0.00000e+00]
 [ 0.00000e+00  0.00000e+00  0.00000e+00 -2.44678e-01 -1.00024e-05
   0.00000e+00  0.00000e+00  0.00000e+00]
 [ 0.00000e+00  0.00000e+00  0.00000e+00 -5.00119e-06 -4.89356e-01
   0.00000e+00  0.00000e+00  0.00000e+00]
 [ 0.00000e+00  0.00000e+00  0.00000e+00  0.00000e+00  0.00000e+00
  -2.44678e-01  0.00000e+00  0.00000e+00]
 [ 0.00000e+00  0.00000e+00  0.00000e+00  0.00000e+00  0.00000e+00
   0.00000e+00 -2.44678e-01  0.00000e+00]
 [ 0.00000e+00  0.00000e+00  0.00000e+00  0.00000e+00  0.00000e+00
   0.00000e+00  0.00000e+00 -2.44678e-01]]

mode  0  with rate  -2.198443362461084e+18
pert. and ob.:
 [[-4.89356e-01  0.00000e+00  0.00000e+00  0.00000e+00  0.00000e+00
   0.00000e+00  0.00000e+00 -5.00120e-06]
 [ 0.00000e+00  0.00000e+00  0.00000e+00  0.00000e+00  0.00000e+00
   0.00000e+00  0.00000e+00  0.00000e+00]
 [ 0.00000e+00  0.00000e+00  0.00000e+00  0.00000e+00  0.00000e+00
   0.00000e+00  0.00000e+00  0.00000e+00]
 [ 0.00000e+00  0.00000e+00  0.00000e+00  0.00000e+00  0.00000e+00
   0.00000e+00  0.00000e+00  0.00000e+00]
 [ 0.00000e+00  0.00000e+00  0.00000e+00  0.00000e+00  0.00000e+00
   0.00000e+00  0.00000e+00  0.00000e+00]
 [ 0.00000e+00  0.00000e+00  0.00000e+00  0.00000e+00  0.00000e+00
   0.00000e+00  0.00000e+00  0.00000e+00]
 [ 0.00000e+00  0.00000e+00  0.00000e+00  0.00000e+00  0.00000e+00
   0.00000e+00  0.00000e+00  0.00000e+00]
 [ 0.00000e+00  0.00000e+00  0.00000e+00  0.00000e+00  0.00000e+00
   0.00000e+00  0.00000e+00  0.00000e+00]]

mode  1  with rate  91451555.96311353
pert. and ob.:
 [[ 0.00000e+00  0.00000e+00  0.00000e+00  0.00000e+00  0.00000e+00
   0.00000e+00  0.00000e+00  0.00000e+00]
 [ 0.00000e+00 -2.12626e-01 -8.51639e-02  2.13443e-04  0.00000e+00
  -3.13771e-03  7.83382e-03  4.25923e-06]
 [ 0.00000e+00 -8.10076e-02 -3.24463e-02  8.13188e-05  0.00000e+00
  -1.19542e-03  2.98458e-03  1.62271e-06]
 [ 0.00000e+00  1.97110e-04  7.89492e-05 -1.97867e-07  0.00000e+00
   2.90874e-06 -7.26217e-06  0.00000e+00]
 [ 0.00000e+00  0.00000e+00  0.00000e+00  0.00000e+00  0.00000e+00
   0.00000e+00  0.00000e+00  0.00000e+00]
 [ 0.00000e+00  2.98457e-03  1.19542e-03 -2.99604e-06  0.00000e+00
   4.40432e-05 -1.09961e-04 -5.97857e-08]
 [ 0.00000e+00 -7.83382e-03 -3.13771e-03  7.86392e-06  0.00000e+00
  -1.15603e-04  2.88623e-04  1.56924e-07]
 [ 0.00000e+00 -4.28076e-06 -1.71459e-06  0.00000e+00  0.00000e+00
  -6.31710e-08  1.57717e-07  0.00000e+00]]

mode  2  with rate  91180673.49580589
pert. and ob.:
 [[ 0.00000e+00  0.00000e+00  0.00000e+00  0.00000e+00  0.00000e+00
   0.00000e+00  0.00000e+00  0.00000e+00]
 [ 0.00000e+00 -3.24465e-02  8.51643e-02 -9.04995e-05  0.00000e+00
   3.13779e-03  1.19546e-03  1.21136e-06]
 [ 0.00000e+00  8.10078e-02 -2.12626e-01  2.25946e-04  0.00000e+00
  -7.83399e-03 -2.98466e-03 -3.02435e-06]
 [ 0.00000e+00 -1.36206e-04  3.57508e-04 -3.79905e-07  0.00000e+00
   1.31720e-05  5.01838e-06  0.00000e+00]
 [ 0.00000e+00  0.00000e+00  0.00000e+00  0.00000e+00  0.00000e+00
   0.00000e+00  0.00000e+00  0.00000e+00]
 [ 0.00000e+00 -2.98465e-03  7.83398e-03 -8.32475e-06  0.00000e+00
   2.88635e-04  1.09966e-04  1.11429e-07]
 [ 0.00000e+00 -1.19546e-03  3.13779e-03 -3.33436e-06  0.00000e+00
   1.15609e-04  4.40456e-05  4.46314e-08]
 [ 0.00000e+00 -1.18796e-06  3.11810e-06  0.00000e+00  0.00000e+00
   1.14883e-07  4.37692e-08  0.00000e+00]]

mode  3  with rate  80105541.90340783
pert. and ob.:
 [[ 0.00000e+00  0.00000e+00  0.00000e+00  0.00000e+00  0.00000e+00
   0.00000e+00  0.00000e+00  0.00000e+00]
 [ 0.00000e+00 -3.06338e-08 -2.19431e-07 -1.23002e-04  0.00000e+00
  -1.08239e-08  0.00000e+00  0.00000e+00]
 [ 0.00000e+00 -7.65798e-08 -5.48543e-07 -3.07486e-04 -1.26485e-08
  -2.70579e-08  0.00000e+00  0.00000e+00]
 [ 0.00000e+00 -6.09628e-05 -4.36678e-04 -2.44780e-01 -1.00691e-05
  -2.15400e-05  3.65146e-06  0.00000e+00]
 [ 0.00000e+00  0.00000e+00  0.00000e+00 -5.03442e-06  0.00000e+00
   0.00000e+00  0.00000e+00  0.00000e+00]
 [ 0.00000e+00  0.00000e+00  2.99314e-08  1.67781e-05  0.00000e+00
   0.00000e+00  0.00000e+00  0.00000e+00]
 [ 0.00000e+00  0.00000e+00 -1.05936e-08 -5.93825e-06  0.00000e+00
   0.00000e+00  0.00000e+00  0.00000e+00]
 [ 0.00000e+00  0.00000e+00  0.00000e+00  0.00000e+00  0.00000e+00
   0.00000e+00  0.00000e+00  0.00000e+00]]

mode  4  with rate  302692.0457316286
pert. and ob.:
 [[ 0.00000e+00  0.00000e+00  0.00000e+00  0.00000e+00  0.00000e+00
   0.00000e+00  0.00000e+00  0.00000e+00]
 [ 0.00000e+00  0.00000e+00  0.00000e+00  0.00000e+00  3.42983e-07
   0.00000e+00  0.00000e+00  0.00000e+00]
 [ 0.00000e+00  0.00000e+00  0.00000e+00  0.00000e+00  8.44468e-07
   0.00000e+00  0.00000e+00  0.00000e+00]
 [ 0.00000e+00  0.00000e+00  0.00000e+00  0.00000e+00  7.39950e-08
   0.00000e+00  0.00000e+00  0.00000e+00]
 [ 0.00000e+00  1.56014e-07  5.58738e-07  3.69288e-08 -4.73270e-01
   1.46741e-05 -4.10014e-06 -1.08678e-07]
 [ 0.00000e+00  0.00000e+00  0.00000e+00  0.00000e+00 -2.21788e-05
   0.00000e+00  0.00000e+00  0.00000e+00]
 [ 0.00000e+00  0.00000e+00  0.00000e+00  0.00000e+00  9.01372e-06
   0.00000e+00  0.00000e+00  0.00000e+00]
 [ 0.00000e+00  0.00000e+00  0.00000e+00  0.00000e+00  1.03412e-07
   0.00000e+00  0.00000e+00  0.00000e+00]]

mode  5  with rate  302425.5002697678
pert. and ob.:
 [[ 0.00000e+00  0.00000e+00  0.00000e+00  0.00000e+00  0.00000e+00
   0.00000e+00  0.00000e+00  0.00000e+00]
 [ 0.00000e+00  4.52233e-05 -1.13919e-04 -7.05587e-08  2.35183e-07
  -2.99601e-03 -1.18935e-03 -4.17673e-07]
 [ 0.00000e+00 -1.18095e-04  2.97487e-04  1.84256e-07 -6.14153e-07
   7.82374e-03  3.10585e-03  1.09070e-06]
 [ 0.00000e+00 -7.34889e-08  1.85121e-07  0.00000e+00  0.00000e+00
   4.86859e-06  1.93272e-06  0.00000e+00]
 [ 0.00000e+00  1.71753e-07 -4.32652e-07  0.00000e+00  0.00000e+00
  -1.13785e-05 -4.51700e-06  0.00000e+00]
 [ 0.00000e+00  3.10585e-03 -7.82374e-03 -4.84583e-06  1.61519e-05
  -2.05760e-01 -8.16820e-02 -2.86849e-05]
 [ 0.00000e+00  1.18935e-03 -2.99601e-03 -1.85565e-06  6.18517e-06
  -7.87934e-02 -3.12792e-02 -1.09846e-05]
 [ 0.00000e+00  4.43542e-07 -1.11730e-06  0.00000e+00  0.00000e+00
  -2.93844e-05 -1.16649e-05  0.00000e+00]]

mode  6  with rate  302421.3851434149
pert. and ob.:
 [[ 0.00000e+00  0.00000e+00  0.00000e+00  0.00000e+00  0.00000e+00
   0.00000e+00  0.00000e+00  0.00000e+00]
 [ 0.00000e+00  2.97473e-04  1.13913e-04  1.35744e-07 -5.78035e-07
   2.99594e-03 -7.82357e-03 -2.02510e-06]
 [ 0.00000e+00  1.18090e-04  4.52210e-05  5.38872e-08 -2.29466e-07
   1.18932e-03 -3.10578e-03 -8.03916e-07]
 [ 0.00000e+00  1.38637e-07  5.30895e-08  0.00000e+00  0.00000e+00
   1.39626e-06 -3.64618e-06  0.00000e+00]
 [ 0.00000e+00 -3.27711e-07 -1.25493e-07  0.00000e+00  0.00000e+00
  -3.30049e-06  8.61885e-06  0.00000e+00]
 [ 0.00000e+00 -3.10578e-03 -1.18932e-03 -1.41724e-06  6.03500e-06
  -3.12793e-02  8.16823e-02  2.11431e-05]
 [ 0.00000e+00  7.82357e-03  2.99594e-03  3.57008e-06 -1.52024e-05
   7.87937e-02 -2.05761e-01 -5.32603e-05]
 [ 0.00000e+00  1.41217e-06  5.40772e-07  0.00000e+00  0.00000e+00
   1.42224e-05 -3.71402e-05  0.00000e+00]]

mode  7  with rate  301333.71408454055
pert. and ob.:
 [[ 0.00000e+00  0.00000e+00  0.00000e+00  0.00000e+00  0.00000e+00
   0.00000e+00  0.00000e+00  0.00000e+00]
 [ 0.00000e+00  0.00000e+00  0.00000e+00  0.00000e+00  0.00000e+00
   0.00000e+00  0.00000e+00 -3.84157e-06]
 [ 0.00000e+00  0.00000e+00  0.00000e+00  0.00000e+00  0.00000e+00
   0.00000e+00  0.00000e+00  1.42084e-06]
 [ 0.00000e+00  0.00000e+00  0.00000e+00  0.00000e+00  0.00000e+00
   0.00000e+00  0.00000e+00  0.00000e+00]
 [ 0.00000e+00  0.00000e+00  0.00000e+00  0.00000e+00  0.00000e+00
   0.00000e+00  0.00000e+00  1.08080e-07]
 [ 0.00000e+00  0.00000e+00  0.00000e+00  0.00000e+00  0.00000e+00
   0.00000e+00  0.00000e+00  7.48216e-06]
 [ 0.00000e+00  0.00000e+00  0.00000e+00  0.00000e+00  0.00000e+00
   0.00000e+00 -1.31408e-08  6.40312e-05]
 [ 0.00000e+00  4.42672e-06 -1.13303e-06  0.00000e+00 -1.02940e-07
   1.51022e-05  4.85923e-05 -2.36777e-01]]

mode  8  with rate  67285.38688517678
pert. and ob.:
 [[ 0.00000e+00  0.00000e+00  0.00000e+00  0.00000e+00  0.00000e+00
   0.00000e+00  0.00000e+00  0.00000e+00]
 [ 0.00000e+00  0.00000e+00  0.00000e+00  0.00000e+00  0.00000e+00
   0.00000e+00  0.00000e+00  0.00000e+00]
 [ 0.00000e+00  0.00000e+00  0.00000e+00  0.00000e+00 -1.45470e-08
   0.00000e+00  0.00000e+00  0.00000e+00]
 [ 0.00000e+00  0.00000e+00  0.00000e+00  0.00000e+00  1.72786e-08
   0.00000e+00  0.00000e+00  0.00000e+00]
 [ 0.00000e+00  0.00000e+00  0.00000e+00  0.00000e+00 -5.97580e-05
   5.94301e-08 -2.28660e-08  0.00000e+00]
 [ 0.00000e+00  0.00000e+00  0.00000e+00  0.00000e+00 -1.14364e-07
   0.00000e+00  0.00000e+00  0.00000e+00]
 [ 0.00000e+00  0.00000e+00  0.00000e+00  0.00000e+00  4.60990e-08
   0.00000e+00  0.00000e+00  0.00000e+00]
 [ 0.00000e+00  0.00000e+00  0.00000e+00  0.00000e+00  0.00000e+00
   0.00000e+00  0.00000e+00  0.00000e+00]]

mode  9  with rate  67184.05116431566
pert. and ob.:
 [[ 0.00000e+00  0.00000e+00  0.00000e+00  0.00000e+00  0.00000e+00
   0.00000e+00  0.00000e+00  0.00000e+00]
 [ 0.00000e+00  2.74079e-08 -1.44846e-08  0.00000e+00  0.00000e+00
   1.03426e-07  1.94185e-07 -9.12193e-07]
 [ 0.00000e+00 -1.45330e-08  0.00000e+00  0.00000e+00  0.00000e+00
  -5.48416e-08 -1.02966e-07  4.83690e-07]
 [ 0.00000e+00  0.00000e+00  0.00000e+00  0.00000e+00  0.00000e+00
   0.00000e+00  0.00000e+00  0.00000e+00]
 [ 0.00000e+00  0.00000e+00  0.00000e+00  0.00000e+00  0.00000e+00
   0.00000e+00  0.00000e+00  0.00000e+00]
 [ 0.00000e+00 -1.03792e-07  5.48523e-08  0.00000e+00  0.00000e+00
  -3.91667e-07 -7.35363e-07  3.45441e-06]
 [ 0.00000e+00 -1.94135e-07  1.02597e-07  0.00000e+00  0.00000e+00
  -7.32584e-07 -1.37544e-06  6.46122e-06]
 [ 0.00000e+00  9.13545e-07 -4.82793e-07  0.00000e+00  0.00000e+00
   3.44734e-06  6.47245e-06 -3.04047e-05]]
<s|UR>:
 [[-0.00587+0.32484j -0.00143+0.1246j ]
 [-0.00235+0.13011j  0.00375-0.32703j]]
normR_rotate =  [1.43151 1.43152]
normL_rotate =  [1.43151 1.43152]
<s|UR>:
 [[ 6.99924e-01-1.01970e-17j -2.06893e-16-3.44158e-18j]
 [ 9.59248e-17-1.03896e-18j  6.99924e-01+1.45277e-17j]]
oUs_rotate:
 [[ 1.00000e+00+2.24748e-17j -1.47173e-14-1.73995e-15j]
 [-1.37197e-14+1.76990e-15j  1.00000e+00-2.52901e-17j]]

time for spin lifetime:  15.782086317427456

##################################################
solving lifetimes approximately
##################################################

--------------------------------------------------
Rayleigh-Ritz method (material dependent):
--------------------------------------------------
Rayleigh-Ritz ( 7  vec.,   ) lifetime in ps:
 [6.68061e+05 4.34988e+03 4.34988e+03 8.71301e+00 8.71301e+00 8.69598e+00
 8.69587e+00]

Rayleigh-Ritz ( 7  vec.,  with Left ) lifetime in ps:
 [6.21286e+05 7.98261e+03 7.98261e+03 4.58130e+00 4.58130e+00 4.57878e+00
 4.57875e+00]

Rayleigh-Ritz ( 14  vec.,   ) lifetime in ps:
 [1.90219e+03 1.89674e+03 1.87045e+03 9.54021e+00 9.53940e+00 9.52696e+00
 9.52656e+00 7.67472e-01 5.89773e-01 5.89773e-01 5.88422e-01 5.88422e-01
 5.02553e-01 4.86216e-01]

Rayleigh-Ritz ( 14  vec.,  with Left ) lifetime in ps:
 [3.76736e+03 3.73294e+03 3.72975e+03 6.00263e+00 6.00262e+00 5.99575e+00
 5.98955e+00 3.28386e-01 2.55188e-01 2.54632e-01 1.27006e-01 1.26847e-01
 1.26636e-01 1.26635e-01]

Rayleigh-Ritz ( 28  vec.,   ) lifetime in ps:
 [1.86821e+03 1.86146e+03 1.81815e+03 9.56522e+00 9.56503e+00 9.54291e+00
 9.51500e+00 8.22731e-01 8.20181e-01 8.14424e-01 5.03740e-01 4.95996e-01
 4.95897e-01 4.86127e-01 2.98378e-01 2.98378e-01 2.95988e-01 2.95988e-01
 2.79970e-01 2.79970e-01 2.79841e-01 2.79841e-01 2.79195e-01 2.79195e-01
 2.79069e-01 2.79069e-01 1.98510e-01 1.98510e-01]

Rayleigh-Ritz ( 28  vec.,  with Left ) lifetime in ps:
 [ 2.79603e+03  2.78720e+03  2.39100e+03  6.17765e+00  5.99842e+00
  5.99841e+00  5.98956e+00  6.18996e-01  5.83750e-01  5.80394e-01
  5.21995e-01  5.21995e-01  4.68126e-01  4.68126e-01  4.67272e-01
  4.67272e-01  3.05051e-01  3.05051e-01  2.85956e-01  2.85956e-01
  2.85769e-01  2.85769e-01  1.49528e-01  1.26838e-01  1.26838e-01
  1.26761e-01  5.39326e-02 -4.21045e-02]

Rayleigh-Ritz ( 70  vec.,   ) lifetime in ps:
 [1.88149e+03 1.87464e+03 1.81331e+03 9.53772e+00 9.53754e+00 9.52401e+00
 7.41357e+00 8.31011e-01 8.27563e-01 8.25109e-01 6.67947e-01 5.03587e-01
 4.95380e-01 4.95293e-01 3.16433e-01 3.16433e-01 3.06990e-01 3.06990e-01
 3.06560e-01 3.06560e-01 3.01204e-01 3.01204e-01 2.96785e-01 2.96785e-01
 2.95891e-01 2.95891e-01 2.95790e-01 2.95790e-01 2.94612e-01 2.94612e-01
 2.94493e-01 2.94493e-01 2.92927e-01 2.92927e-01 2.92719e-01 2.92719e-01
 2.89771e-01 2.89771e-01 2.85447e-01 2.85447e-01 2.85426e-01 2.85426e-01
 2.84086e-01 2.84086e-01 2.83924e-01 2.83924e-01 2.74518e-01 2.74518e-01
 2.72562e-01 2.72562e-01 2.59600e-01 2.59600e-01 2.59532e-01 2.59532e-01
 2.59421e-01 2.59421e-01 2.59347e-01 2.59347e-01 2.58583e-01 2.58583e-01
 2.45428e-01 2.45428e-01 1.96921e-01 1.96921e-01 1.91893e-01 1.91893e-01
 1.91887e-01 1.91887e-01 1.84050e-01 8.75438e-02]

Rayleigh-Ritz ( 70  vec.,  with Left ) lifetime in ps:
 [ 2.40310e+03  2.39326e+03  2.14446e+03  6.95796e+00  6.71243e+00
  6.71241e+00  2.82339e+00 -1.60347e+00  7.15903e-01  7.10800e-01
  7.10491e-01  3.84394e-01  3.84394e-01  3.82983e-01  3.82983e-01
  3.48095e-01  3.48095e-01  3.47517e-01  3.47517e-01  3.36298e-01
  3.36298e-01  3.33095e-01  3.26707e-01  3.26707e-01  3.23369e-01
  3.23369e-01  3.13999e-01  3.13999e-01  3.09905e-01  3.09905e-01
  3.08358e-01  3.08358e-01  3.07834e-01  3.07834e-01  3.07593e-01
  3.07593e-01  3.07164e-01  3.07164e-01  3.01525e-01  3.01525e-01
  2.95411e-01  2.95411e-01  2.95379e-01  2.95379e-01  2.93773e-01
  2.93773e-01  2.93721e-01  2.93721e-01  2.36908e-01  2.36903e-01
  2.32256e-01  2.32256e-01  2.31843e-01  2.31843e-01  1.98087e-01
  1.98087e-01  1.65340e-01  1.65340e-01  1.65214e-01  1.65214e-01
  1.15500e-01 -1.15458e-01  9.25300e-02  7.97064e-02  7.97056e-02
  7.95703e-02  7.95703e-02  6.64784e-02 -8.08389e-03 -8.07696e-03]

Rayleigh-Ritz ( 140  vec.,   ) lifetime in ps:
 [2.13892e+03 2.13004e+03 1.81357e+03 7.46039e+00 7.40063e+00 7.39007e+00
 7.38782e+00 8.32270e-01 8.27720e-01 8.26463e-01 6.80256e-01 6.77930e-01
 6.77287e-01 6.56589e-01 3.93726e-01 3.93053e-01 3.72040e-01 3.68228e-01
 3.57028e-01 3.51649e-01 3.33580e-01 3.33447e-01 3.31713e-01 3.29822e-01
 3.25190e-01 3.25184e-01 3.23607e-01 3.21946e-01 3.21899e-01 3.21869e-01
 3.19647e-01 3.19499e-01 3.17281e-01 3.17281e-01 3.11664e-01 3.11664e-01
 3.11656e-01 3.11654e-01 3.05185e-01 3.05185e-01 3.05169e-01 3.05169e-01
 3.04719e-01 3.04718e-01 3.04714e-01 3.04713e-01 3.02054e-01 3.02053e-01
 3.02043e-01 3.02039e-01 3.01982e-01 3.01981e-01 3.01969e-01 3.01966e-01
 2.99281e-01 2.99280e-01 2.99201e-01 2.99199e-01 2.98768e-01 2.98765e-01
 2.98743e-01 2.98743e-01 2.97065e-01 2.97065e-01 2.97007e-01 2.97005e-01
 2.96463e-01 2.96461e-01 2.96447e-01 2.96446e-01 2.85589e-01 2.85560e-01
 2.84033e-01 2.83801e-01 2.81767e-01 2.81767e-01 2.79468e-01 2.79217e-01
 2.77689e-01 2.77689e-01 2.75507e-01 2.75506e-01 2.74852e-01 2.74525e-01
 2.74525e-01 2.74515e-01 2.74509e-01 2.74456e-01 2.74431e-01 2.73939e-01
 2.70692e-01 2.70690e-01 2.70594e-01 2.70591e-01 2.69974e-01 2.69512e-01
 2.69508e-01 2.69480e-01 2.69479e-01 2.69475e-01 2.69469e-01 2.69424e-01
 2.69415e-01 2.69167e-01 2.67671e-01 2.67651e-01 2.66437e-01 2.66437e-01
 2.66437e-01 2.66239e-01 2.63865e-01 2.63593e-01 2.62131e-01 2.62126e-01
 2.62044e-01 2.61963e-01 2.61963e-01 2.61733e-01 2.59152e-01 2.59019e-01
 2.58731e-01 2.58622e-01 2.58613e-01 2.58552e-01 2.58547e-01 2.58335e-01
 2.48252e-01 2.48252e-01 2.46468e-01 2.46468e-01 1.87275e-01 1.85747e-01
 1.85158e-01 1.72420e-01 1.42117e-01 1.42117e-01 1.02204e-01 8.91771e-02
 8.85607e-02 8.30678e-02]

Rayleigh-Ritz ( 140  vec.,  with Left ) lifetime in ps:
 [ 2.36342e+03  2.35396e+03  2.12837e+03  7.16399e+00  6.97503e+00
  6.95687e+00  6.95651e+00  1.53499e+00  1.51813e+00  1.48039e+00
  1.47518e+00  7.21315e-01  7.17130e-01  7.16104e-01  4.95324e-01
  4.40267e-01  4.39931e-01  3.84125e-01  3.84090e-01  3.83512e-01
  3.83256e-01  3.68118e-01  3.68032e-01  3.53316e-01  3.46766e-01
  3.46722e-01  3.32421e-01  3.32245e-01  3.23359e-01  3.23187e-01
  3.17146e-01  3.17146e-01  3.16405e-01  3.16271e-01  3.15093e-01
  3.14912e-01  3.12934e-01  3.12933e-01  3.12635e-01  3.12635e-01
  3.11280e-01  3.11046e-01  3.05797e-01  3.05796e-01  3.05609e-01
  3.05605e-01  3.05172e-01  3.05171e-01  3.04973e-01  3.04970e-01
  3.04323e-01  3.04286e-01  3.04192e-01  3.04191e-01  3.03496e-01
  3.03496e-01  3.03472e-01  3.03470e-01  3.03187e-01  3.03040e-01
  3.02769e-01  3.02769e-01  3.02111e-01  3.02104e-01  3.01899e-01
  3.01881e-01  3.01537e-01  3.01397e-01  3.01197e-01  3.01175e-01
  3.00996e-01  3.00992e-01  3.00083e-01  3.00065e-01  2.99942e-01
  2.99936e-01  2.99581e-01  2.99538e-01  2.98663e-01  2.98647e-01
  2.98528e-01  2.98525e-01  2.98365e-01  2.98352e-01  2.98345e-01
  2.98227e-01  2.97883e-01  2.97580e-01  2.78641e-01  2.78496e-01
  2.77274e-01  2.77182e-01  2.75636e-01  2.75634e-01  2.75094e-01
  2.75092e-01  2.71236e-01  2.71227e-01  2.71066e-01  2.71056e-01
  2.70950e-01  2.70949e-01  2.70901e-01  2.70896e-01  2.70761e-01
  2.70761e-01  2.70467e-01  2.70463e-01  2.65825e-01  2.65825e-01
  2.64069e-01  2.64063e-01  2.64002e-01  2.63983e-01  2.59274e-01
  2.59239e-01  2.59237e-01  2.59222e-01  2.46309e-01  2.46309e-01
  2.44368e-01  2.44368e-01  2.15831e-01  2.15831e-01  1.71873e-01
  1.22653e-01  1.15947e-01  1.15892e-01  8.89135e-02  6.80233e-02
  6.66598e-02  6.66484e-02  6.23859e-02  5.94887e-02  5.94887e-02
  4.13516e-02  4.13489e-02  1.37717e-02  4.18929e-03 -4.04984e-04]

Rayleigh-Ritz ( 210  vec.,   ) lifetime in ps:
 [ 2.15133e+03  2.13615e+03  1.81344e+03 -4.55118e+01  7.48371e+00
  7.41112e+00  7.34590e+00  7.27940e+00 -3.47754e+00 -2.50464e+00
 -1.78666e+00  1.04060e+00  9.57477e-01  8.35476e-01  8.32548e-01
  8.28450e-01  8.26591e-01  6.85387e-01  6.81300e-01  6.60752e-01
  5.43378e-01  5.38287e-01 -5.37485e-01  5.32211e-01  3.97361e-01
  3.89780e-01  3.83910e-01  3.83806e-01  3.82530e-01  3.77474e-01
  3.68161e-01  3.49451e-01  3.43478e-01  3.39086e-01  3.39042e-01
 -3.34684e-01  3.32246e-01  3.29912e-01  3.28971e-01  3.27566e-01
  3.25357e-01  3.24037e-01  3.21097e-01  3.20238e-01  3.19657e-01
  3.17480e-01  3.17195e-01  3.17173e-01  3.13136e-01  3.12937e-01
  3.12301e-01  3.12296e-01  3.12151e-01  3.10515e-01  3.09982e-01
 -3.09672e-01  3.08844e-01  3.08315e-01  3.08068e-01  3.06956e-01
  3.06000e-01  3.05998e-01  3.05980e-01  3.05918e-01  3.05820e-01
  3.05609e-01  3.05513e-01  3.05364e-01  3.05298e-01  3.04701e-01
  3.04482e-01  3.03304e-01  3.02042e-01  3.02012e-01  3.01606e-01
  3.01184e-01  3.00742e-01  2.99816e-01  2.99607e-01  2.99197e-01
  2.98956e-01  2.98535e-01  2.98522e-01  2.98430e-01  2.98397e-01
  2.96508e-01  2.96474e-01  2.95824e-01  2.94327e-01  2.94284e-01
  2.93055e-01  2.93039e-01  2.92542e-01  2.89297e-01  2.88174e-01
  2.88141e-01  2.87994e-01  2.82476e-01  2.79434e-01  2.78441e-01
  2.78342e-01  2.75702e-01  2.75415e-01  2.75218e-01  2.74512e-01
  2.73619e-01  2.72522e-01  2.71738e-01  2.70449e-01  2.70152e-01
  2.70144e-01  2.70082e-01  2.69755e-01  2.69722e-01  2.69700e-01
  2.69516e-01  2.69211e-01  2.69164e-01  2.68829e-01  2.68672e-01
  2.67340e-01  2.67332e-01  2.66531e-01  2.63504e-01  2.63447e-01
  2.63413e-01  2.62629e-01  2.62615e-01  2.60699e-01  2.60032e-01
  2.59688e-01  2.59509e-01  2.58536e-01  2.58416e-01  2.58183e-01
  2.55239e-01  2.54992e-01  2.49005e-01  2.48217e-01  2.48204e-01
  2.34491e-01 -2.16811e-01  2.08798e-01  2.06234e-01  1.98529e-01
  1.93556e-01  1.88865e-01  1.84955e-01  1.81067e-01 -1.76320e-01
  1.75193e-01  1.71465e-01  1.67871e-01  1.65563e-01 -1.63147e-01
  1.61050e-01 -1.49870e-01  1.48398e-01 -1.46951e-01  1.44127e-01
  1.25135e-01  1.00086e-01  8.86032e-02  8.85371e-02  8.52874e-02
  7.35567e-02 -7.00614e-02  6.46123e-02  6.37038e-02 -5.94611e-02
  5.92165e-02  4.00303e-02  3.97686e-02 -3.83180e-02 -3.76457e-02
  3.58236e-02  2.02591e-02 -1.94262e-02  1.42864e-02  1.12144e-02
 -1.01482e-02 -8.87318e-03  8.87020e-03 -8.81818e-03  7.97616e-03
 -7.31003e-03 -7.18451e-03  6.71800e-03  5.88413e-03 -5.73143e-03
  4.58145e-03  3.88605e-03 -3.73012e-03  3.52411e-03 -3.41202e-03
  3.32471e-03 -3.06258e-03  3.01349e-03  2.70581e-03  2.43026e-03
 -2.23077e-03  2.11084e-03 -1.98986e-03  1.89064e-03 -1.82216e-03
  1.24312e-03 -1.01084e-03 -6.91510e-04  5.96371e-04  4.44678e-04]

Rayleigh-Ritz ( 210  vec.,  with Left ) lifetime in ps:
 [ 2.35786e+03  2.34916e+03  2.09990e+03 -1.76946e+01 -9.04981e+00
  7.23474e+00  6.98074e+00  6.96297e+00  6.63426e+00  5.13365e+00
  2.78758e+00  1.77456e+00  1.73544e+00  7.54628e-01  7.51091e-01
  7.29274e-01  7.21058e-01  7.17921e-01  6.04262e-01  5.62255e-01
 -5.61283e-01  5.00892e-01  4.71431e-01  4.71011e-01  4.38468e-01
  4.22436e-01  3.86089e-01  3.74064e-01  3.65735e-01  3.56118e-01
  3.46098e-01  3.42104e-01  3.39628e-01  3.39487e-01  3.35858e-01
  3.35314e-01  3.30249e-01  3.28652e-01  3.25429e-01  3.24699e-01
  3.23360e-01  3.20896e-01  3.17806e-01  3.17143e-01  3.17120e-01
  3.16556e-01  3.16341e-01  3.15231e-01  3.14743e-01  3.14591e-01
  3.13520e-01  3.13366e-01  3.13282e-01  3.12282e-01  3.11731e-01
  3.10255e-01  3.08911e-01  3.06334e-01  3.06320e-01  3.06030e-01
  3.05995e-01  3.05870e-01  3.05597e-01  3.05590e-01  3.04837e-01
  3.04803e-01  3.04336e-01  3.02752e-01  3.02247e-01  3.01173e-01
  3.01054e-01  3.00227e-01  2.99764e-01  2.99756e-01  2.98705e-01
  2.98338e-01  2.98106e-01  2.97848e-01  2.96449e-01  2.96328e-01
  2.95872e-01  2.95627e-01  2.94024e-01  2.94009e-01  2.93057e-01
  2.92365e-01  2.91807e-01  2.91102e-01  2.88358e-01  2.88062e-01
  2.87369e-01  2.86522e-01  2.81190e-01  2.81091e-01  2.78407e-01
  2.78203e-01  2.77108e-01  2.75690e-01  2.74249e-01  2.74152e-01
  2.73584e-01  2.73428e-01  2.73186e-01  2.73072e-01  2.72943e-01
  2.71800e-01  2.71719e-01  2.70954e-01  2.70639e-01  2.70120e-01
  2.69354e-01  2.69211e-01  2.69205e-01  2.68154e-01  2.67939e-01
  2.67394e-01  2.67229e-01  2.65763e-01  2.65598e-01  2.65279e-01
  2.64571e-01  2.64520e-01  2.63133e-01  2.61889e-01  2.61036e-01
  2.58024e-01  2.57154e-01  2.56660e-01  2.56470e-01  2.55150e-01
  2.52921e-01  2.52457e-01  2.52089e-01  2.50594e-01  2.48149e-01
  2.48120e-01  2.48119e-01  2.41598e-01 -2.37132e-01 -2.37005e-01
  2.36070e-01  2.35380e-01  2.35271e-01  2.34839e-01  2.30650e-01
  2.26965e-01  2.26201e-01  2.12160e-01  1.96540e-01  1.74796e-01
  1.69777e-01  1.50806e-01  1.31610e-01  1.25141e-01  1.22554e-01
  1.16747e-01  1.11681e-01  1.07700e-01  1.04295e-01  1.00548e-01
  9.84085e-02 -9.28279e-02 -9.00939e-02 -8.55126e-02  7.75255e-02
  7.47372e-02  7.40307e-02  7.14376e-02  6.79456e-02  6.76256e-02
  6.68150e-02  6.63177e-02  5.93138e-02 -5.42888e-02  4.86012e-02
 -4.74961e-02  4.12673e-02  3.88653e-02 -3.54741e-02 -3.39646e-02
  3.38683e-02 -3.22984e-02  3.02473e-02  2.65265e-02  2.62160e-02
 -2.31796e-02 -2.30200e-02 -2.27840e-02  2.22973e-02 -1.93381e-02
 -1.85962e-02 -1.68209e-02  1.62978e-02  1.39892e-02  1.30686e-02
  1.23450e-02 -1.19847e-02  1.19058e-02  1.08592e-02  8.19353e-03
  7.76617e-03  7.67120e-03 -7.22442e-03  6.70452e-03 -5.90062e-03
 -5.60474e-03 -5.51212e-03 -5.03333e-03  4.83345e-03  3.15717e-03]

Rayleigh-Ritz ( 280  vec.,   ) lifetime in ps:
 [ 2.14120e+03  2.11978e+03  1.82022e+03  9.32621e+00  7.43300e+00
  7.38582e+00  7.28002e+00 -1.38651e+00  9.46714e-01 -8.42217e-01
  8.30705e-01  8.26466e-01  8.24872e-01 -7.49444e-01  6.87143e-01
  6.84257e-01  6.78869e-01  6.32604e-01  5.07012e-01  4.48992e-01
  4.23090e-01  3.93195e-01  3.80171e-01  3.67627e-01  3.60719e-01
 -3.58494e-01  3.48180e-01  3.41888e-01  3.31484e-01  3.24185e-01
  3.23010e-01  3.21650e-01  3.19688e-01  3.16993e-01  3.16927e-01
  3.15412e-01  3.13322e-01  3.12261e-01  3.12259e-01  3.11323e-01
  3.11290e-01  3.08751e-01  3.08540e-01  3.08494e-01  3.07948e-01
  3.07504e-01  3.06980e-01  3.06047e-01  3.06028e-01  3.05998e-01
  3.05996e-01  3.05996e-01  3.05989e-01  3.05982e-01  3.05413e-01
  3.05412e-01  3.05406e-01  3.05406e-01  3.05359e-01  3.05272e-01
  3.05013e-01  3.04746e-01  3.04511e-01  3.04417e-01  3.03654e-01
  3.03632e-01  3.03233e-01  3.03128e-01  3.02618e-01  3.02541e-01
  3.01922e-01  3.01639e-01  3.01552e-01  3.01539e-01  3.01375e-01
  3.01131e-01  3.00859e-01  3.00844e-01  3.00798e-01  3.00634e-01
  3.00626e-01  3.00603e-01  3.00568e-01  3.00514e-01  3.00035e-01
  2.99944e-01  2.99929e-01  2.99776e-01  2.99733e-01  2.99650e-01
  2.99283e-01  2.98623e-01  2.93849e-01  2.89985e-01  2.89481e-01
  2.86016e-01  2.84036e-01  2.79275e-01  2.78605e-01  2.77902e-01
  2.77433e-01  2.75140e-01 -2.74968e-01  2.74851e-01  2.74567e-01
  2.74371e-01  2.74354e-01  2.74067e-01  2.73293e-01  2.73154e-01
  2.72059e-01  2.71789e-01  2.70936e-01  2.70714e-01  2.70637e-01
  2.70455e-01  2.70433e-01  2.69754e-01  2.69537e-01  2.69513e-01
  2.69341e-01  2.69306e-01  2.68947e-01  2.68521e-01  2.67082e-01
  2.66940e-01  2.66614e-01  2.65518e-01  2.63644e-01  2.63547e-01
  2.63467e-01  2.62724e-01  2.61949e-01  2.61645e-01  2.60532e-01
  2.60529e-01  2.60263e-01  2.60158e-01  2.59981e-01  2.59938e-01
  2.59890e-01  2.59752e-01  2.58783e-01  2.58103e-01  2.58018e-01
  2.57927e-01  2.53686e-01  2.53228e-01  2.52530e-01  2.51887e-01
  2.51410e-01  2.51329e-01  2.50733e-01  2.48520e-01  2.48441e-01
  2.45659e-01  2.41623e-01  2.32671e-01 -2.28528e-01  2.27828e-01
 -2.24862e-01  1.99202e-01  1.94712e-01  1.92748e-01  1.82154e-01
  1.66378e-01  1.55526e-01 -1.49089e-01 -1.47952e-01  1.44807e-01
  1.30522e-01  1.22656e-01  1.22039e-01  1.21673e-01  9.34636e-02
  9.09645e-02  8.99874e-02 -8.72010e-02  8.58971e-02  8.37794e-02
  8.27587e-02  8.17167e-02  6.33816e-02 -5.75128e-02  4.97672e-02
 -3.88076e-02 -3.25712e-02 -3.17043e-02 -3.02482e-02 -2.75892e-02
  2.48975e-02  2.46795e-02  2.09870e-02 -2.09660e-02 -1.38208e-02
  1.34956e-02  1.31418e-02  1.30477e-02 -1.19875e-02 -1.16654e-02
  1.09143e-02 -9.81619e-03 -9.75933e-03  9.55654e-03  9.36173e-03
 -8.65332e-03 -8.59221e-03 -8.56746e-03  8.56197e-03 -8.51683e-03
  8.42030e-03 -8.38200e-03  8.13089e-03 -8.10961e-03  7.80775e-03
 -6.85510e-03  6.77445e-03 -6.63251e-03  6.44576e-03 -5.57262e-03
  5.50211e-03  5.49795e-03 -5.46887e-03  5.20891e-03  5.16967e-03
 -5.13843e-03 -5.09203e-03 -5.08452e-03  4.97792e-03  4.91517e-03
 -4.76777e-03 -4.62243e-03  4.49533e-03  4.41720e-03 -4.15373e-03
  3.80435e-03 -3.73857e-03  3.69288e-03  3.46769e-03 -3.42279e-03
 -3.21153e-03  3.13491e-03 -3.06177e-03 -2.98333e-03 -2.79310e-03
 -2.68120e-03 -2.45906e-03  2.42948e-03 -2.31062e-03  2.26812e-03
 -2.19572e-03 -2.19255e-03  2.09618e-03  2.03421e-03 -1.95976e-03
  1.93565e-03  1.92031e-03  1.88360e-03  1.85797e-03 -1.83109e-03
  1.67650e-03 -1.66989e-03  1.66652e-03 -1.65266e-03  1.43013e-03
  1.33305e-03  1.29922e-03 -1.26563e-03  1.07193e-03 -1.01111e-03
 -8.48337e-04  7.84198e-04 -7.64616e-04 -7.57395e-04 -6.76946e-04
  5.96944e-04  5.49361e-04 -3.35916e-04  2.99866e-04 -2.86122e-05]

Rayleigh-Ritz ( 280  vec.,  with Left ) lifetime in ps:
 [ 2.35589e+03  2.29570e+03  2.19566e+03 -7.88836e+00  7.22720e+00
  6.98458e+00  6.96411e+00  6.78182e+00  6.03962e+00  2.14280e+00
 -9.76524e-01  7.37015e-01  7.15611e-01  7.01759e-01  5.92305e-01
 -5.37367e-01  4.70610e-01  4.59174e-01 -4.31870e-01  4.00965e-01
  3.98583e-01  3.84400e-01  3.77011e-01  3.75895e-01 -3.74466e-01
  3.54421e-01  3.48032e-01  3.44254e-01  3.43196e-01  3.42614e-01
  3.35736e-01  3.30100e-01  3.27535e-01  3.27033e-01  3.26378e-01
  3.26233e-01  3.23259e-01  3.20051e-01  3.17301e-01  3.17187e-01
  3.14535e-01  3.14118e-01  3.13843e-01  3.13233e-01  3.11993e-01
  3.11809e-01  3.11349e-01  3.11111e-01  3.10099e-01  3.10008e-01
  3.09808e-01  3.07696e-01  3.07494e-01  3.06184e-01  3.06079e-01
  3.06023e-01  3.06008e-01  3.05975e-01  3.05968e-01  3.05864e-01
  3.05690e-01  3.05676e-01  3.05521e-01  3.05516e-01  3.05443e-01
  3.05436e-01  3.04549e-01  3.03379e-01  3.03293e-01  3.03274e-01
  3.02727e-01  3.02421e-01  3.02411e-01  3.02152e-01  3.01554e-01
  3.01552e-01  3.01483e-01  3.01285e-01  3.00881e-01  3.00834e-01
  3.00827e-01  3.00491e-01  3.00461e-01  3.00387e-01  3.00368e-01
  3.00070e-01  3.00018e-01  2.99934e-01  2.95582e-01  2.94859e-01
  2.93841e-01  2.93404e-01  2.90535e-01  2.89832e-01  2.87906e-01
  2.87352e-01 -2.82712e-01  2.81417e-01  2.79742e-01  2.76773e-01
  2.75961e-01  2.75283e-01  2.74497e-01  2.74393e-01  2.74266e-01
  2.73999e-01  2.73892e-01  2.73872e-01  2.72252e-01  2.71604e-01
  2.71044e-01  2.70615e-01  2.70613e-01  2.70511e-01  2.70496e-01
  2.69774e-01  2.69762e-01  2.69289e-01  2.69265e-01  2.67853e-01
  2.67652e-01  2.66075e-01  2.64622e-01  2.63787e-01  2.63766e-01
  2.63537e-01  2.63249e-01  2.61210e-01  2.60415e-01  2.59817e-01
  2.59505e-01  2.59469e-01  2.59055e-01  2.58946e-01  2.58764e-01
  2.57485e-01  2.57473e-01  2.56893e-01  2.53472e-01  2.51633e-01
  2.50311e-01  2.49756e-01  2.48225e-01  2.48170e-01  2.42701e-01
  2.40823e-01 -2.36177e-01  2.34481e-01  2.31605e-01  2.23428e-01
  2.23070e-01  2.22047e-01  2.16400e-01  2.10169e-01  2.06525e-01
  2.03951e-01  1.91980e-01  1.79381e-01  1.73581e-01  1.45343e-01
  1.18542e-01  1.18226e-01  1.16634e-01  1.12451e-01  1.12330e-01
  1.10585e-01  1.07770e-01  1.02553e-01 -1.01314e-01  9.82604e-02
 -8.38338e-02 -8.00247e-02 -7.95145e-02  7.43896e-02  7.19971e-02
  6.74125e-02  6.72597e-02  6.63642e-02 -6.56572e-02  5.92723e-02
  5.81901e-02  5.80235e-02  5.68902e-02  5.55794e-02  5.22203e-02
 -5.13745e-02 -4.75531e-02  4.63465e-02  4.62262e-02  4.49151e-02
 -4.21303e-02 -3.87402e-02 -3.65412e-02 -3.57850e-02  3.22687e-02
  3.09469e-02  3.00022e-02 -2.88299e-02  2.88128e-02 -2.83399e-02
  2.58495e-02  2.54655e-02  2.46175e-02 -2.43093e-02  2.42779e-02
 -2.37118e-02 -2.21391e-02 -2.20258e-02  2.05866e-02  1.96329e-02
 -1.91026e-02  1.85137e-02 -1.79691e-02 -1.79106e-02  1.68612e-02
  1.65904e-02 -1.62824e-02  1.62364e-02  1.59771e-02 -1.59273e-02
  1.48699e-02 -1.45438e-02  1.43133e-02  1.28993e-02  1.23354e-02
  1.18911e-02 -1.15475e-02  1.13116e-02  1.10954e-02 -1.10860e-02
 -1.10722e-02  1.09541e-02  1.08055e-02  1.07779e-02  1.05914e-02
 -1.00040e-02 -9.97923e-03 -9.93613e-03  9.92765e-03 -9.65976e-03
 -9.31092e-03 -8.74820e-03  8.28425e-03 -8.20938e-03  8.07598e-03
 -7.99365e-03  7.74965e-03 -7.60826e-03  7.41246e-03  7.15756e-03
  6.68649e-03 -6.28965e-03 -6.01348e-03 -5.88773e-03  5.81192e-03
  5.44318e-03  5.42939e-03 -5.25500e-03 -5.21850e-03 -5.05431e-03
  4.45541e-03 -4.42198e-03 -4.39332e-03  4.13396e-03  3.05823e-03
  2.94077e-03 -2.77750e-03  2.03840e-03 -1.22779e-03  0.00000e+00
  0.00000e+00  0.00000e+00  0.00000e+00  0.00000e+00  0.00000e+00
  0.00000e+00  0.00000e+00  0.00000e+00  0.00000e+00  0.00000e+00]

Rayleigh-Ritz ( 343  vec.,   ) lifetime in ps:
 [ 2.14790e+03  2.13301e+03  1.81487e+03  8.08408e+00  7.40352e+00
  7.38435e+00  7.28026e+00  4.86708e+00 -2.51849e+00  2.23052e+00
 -1.39098e+00  1.30150e+00  1.21479e+00 -1.06237e+00  1.04510e+00
  9.44880e-01  8.31727e-01  8.27992e-01  8.24823e-01  7.20217e-01
  6.81240e-01  6.79234e-01  6.49243e-01 -5.70097e-01  4.40313e-01
  4.37189e-01  4.14087e-01  3.72855e-01  3.58570e-01  3.49760e-01
  3.45080e-01  3.36541e-01  3.34395e-01  3.33284e-01  3.28334e-01
  3.22369e-01  3.21659e-01  3.19325e-01  3.18849e-01  3.18407e-01
  3.18372e-01 -3.17555e-01  3.17404e-01  3.17347e-01  3.16951e-01
  3.13793e-01  3.12996e-01  3.12041e-01  3.11829e-01  3.11658e-01
  3.11420e-01  3.11291e-01  3.10730e-01  3.10664e-01  3.10158e-01
  3.08336e-01  3.07859e-01  3.06566e-01  3.06432e-01  3.06003e-01
  3.05992e-01  3.05843e-01  3.05449e-01  3.05434e-01  3.05380e-01
  3.04783e-01  3.04072e-01  3.03982e-01  3.03921e-01  3.03851e-01
  3.03827e-01  3.03627e-01  3.03496e-01  3.03053e-01  3.03029e-01
  3.02974e-01  3.02516e-01  3.02516e-01  3.02040e-01  3.01722e-01
  3.01481e-01  3.01324e-01  3.00933e-01  3.00727e-01  3.00385e-01
  2.99744e-01  2.99602e-01  2.99585e-01  2.99432e-01  2.99228e-01
  2.98808e-01  2.98724e-01  2.98283e-01  2.96689e-01  2.94414e-01
  2.93903e-01  2.93357e-01  2.93238e-01  2.92327e-01  2.91017e-01
  2.88128e-01  2.88052e-01  2.83092e-01  2.82143e-01  2.79616e-01
  2.78212e-01 -2.78043e-01  2.78038e-01  2.76271e-01  2.75814e-01
  2.75624e-01  2.75414e-01  2.74653e-01  2.74600e-01  2.74447e-01
  2.74092e-01  2.72603e-01  2.72002e-01  2.71796e-01  2.70606e-01
  2.70569e-01  2.70505e-01  2.70447e-01  2.70021e-01  2.69835e-01
  2.69621e-01  2.69468e-01  2.69321e-01  2.68942e-01  2.68803e-01
  2.68763e-01  2.68743e-01  2.66318e-01  2.65290e-01  2.63437e-01
  2.63185e-01  2.59862e-01  2.59830e-01  2.59809e-01  2.59797e-01
  2.59746e-01  2.58928e-01  2.58492e-01  2.58231e-01  2.58047e-01
 -2.56658e-01  2.56613e-01  2.55979e-01  2.55543e-01  2.55137e-01
  2.54980e-01  2.54533e-01  2.54081e-01  2.48488e-01  2.48290e-01
  2.47973e-01 -2.47929e-01  2.44079e-01  2.43869e-01  2.40730e-01
  2.33528e-01  2.33262e-01  2.30765e-01  2.28257e-01  2.07742e-01
  2.05938e-01  1.99801e-01  1.88077e-01  1.84528e-01  1.79857e-01
  1.75428e-01 -1.74322e-01  1.72498e-01 -1.55794e-01  1.49068e-01
 -1.47451e-01  1.46286e-01  1.45211e-01  1.44384e-01  1.44149e-01
 -1.36891e-01  1.35790e-01 -1.27420e-01  1.27063e-01  1.26180e-01
  1.18802e-01 -1.09517e-01  1.08187e-01  1.06457e-01 -1.01025e-01
  1.00419e-01 -9.52557e-02 -9.08786e-02 -8.79327e-02  8.74938e-02
 -8.74285e-02  8.62057e-02  8.48955e-02  8.39375e-02 -7.43365e-02
  7.32140e-02  6.34860e-02 -5.87890e-02  5.54718e-02  5.51995e-02
  5.45750e-02 -5.42668e-02  5.30030e-02 -4.97686e-02  4.70716e-02
  4.63932e-02  4.61424e-02 -4.43622e-02 -4.40051e-02  3.95520e-02
  3.58444e-02  3.57298e-02 -3.52452e-02  3.14344e-02 -3.09291e-02
 -2.99756e-02 -2.99037e-02  2.97098e-02  2.79706e-02  2.72750e-02
 -2.67274e-02  2.44527e-02 -2.31348e-02 -2.07757e-02 -2.07338e-02
  2.04304e-02 -1.97481e-02  1.93918e-02 -1.91042e-02  1.86280e-02
 -1.76699e-02  1.74195e-02  1.60096e-02 -1.52407e-02 -1.52360e-02
  1.50312e-02  1.46005e-02 -1.45471e-02  1.45233e-02  1.42391e-02
 -1.39380e-02 -1.36186e-02  1.35630e-02  1.33406e-02 -1.27713e-02
 -1.22969e-02 -1.22244e-02  1.20480e-02  1.11959e-02 -1.09520e-02
  1.08955e-02 -1.04574e-02  1.04327e-02 -9.07836e-03 -9.04274e-03
 -8.64249e-03 -8.55589e-03 -8.54021e-03  8.48266e-03  8.33634e-03
 -8.25336e-03 -8.22493e-03  8.22280e-03  7.80750e-03 -7.76027e-03
  7.75601e-03 -7.68960e-03 -7.08715e-03  6.94252e-03 -6.78806e-03
 -6.76673e-03  6.70255e-03 -6.63385e-03  6.29386e-03 -6.29023e-03
  6.24805e-03 -6.12454e-03 -6.07196e-03  5.47543e-03 -5.35998e-03
 -5.20273e-03  5.02590e-03  4.70946e-03  4.69742e-03  4.16960e-03
 -3.88744e-03 -3.23724e-03  3.12570e-03 -3.05215e-03  2.97065e-03
  2.96725e-03  2.96698e-03  2.83680e-03 -2.65956e-03 -2.45979e-03
  2.41600e-03  2.06688e-03 -2.01700e-03 -1.85186e-03  1.74378e-03
 -1.48891e-03 -1.48114e-03  1.44603e-03 -1.44016e-03  1.42538e-03
  1.36853e-03  1.31804e-03 -1.25821e-03 -1.16012e-03  1.12277e-03
 -1.08910e-03  9.05659e-04  8.66113e-04 -8.55279e-04 -7.75058e-04
 -7.67806e-04 -7.62810e-04  7.14949e-04 -6.55437e-04  5.93805e-04
 -5.58598e-04 -5.43936e-04  4.11507e-04  3.13890e-04 -2.83096e-04
 -2.53311e-04  1.61451e-04  0.00000e+00  0.00000e+00  0.00000e+00
  0.00000e+00  0.00000e+00  0.00000e+00  0.00000e+00  0.00000e+00
  0.00000e+00  0.00000e+00  0.00000e+00]

Rayleigh-Ritz ( 343  vec.,  with Left ) lifetime in ps:
 [ 2.34991e+03  2.32564e+03  1.91779e+03  7.22414e+00  6.97433e+00
  6.97213e+00  6.62755e+00  1.98543e+00  1.24985e+00  1.03789e+00
  1.02712e+00  7.86861e-01  7.80555e-01  7.23446e-01  7.22850e-01
  6.94489e-01  5.85816e-01  4.75910e-01 -4.60104e-01  4.12672e-01
  3.64255e-01  3.61192e-01  3.57058e-01  3.44206e-01  3.38587e-01
  3.36211e-01  3.33580e-01  3.32198e-01  3.31602e-01  3.31586e-01
  3.31273e-01  3.19333e-01  3.19292e-01  3.17693e-01  3.17682e-01
  3.17274e-01  3.15952e-01  3.12319e-01  3.11919e-01  3.11784e-01
  3.11274e-01  3.11250e-01  3.11208e-01  3.10769e-01  3.10624e-01
  3.09620e-01  3.08849e-01  3.07750e-01  3.07313e-01  3.07207e-01
  3.06943e-01  3.06000e-01  3.05970e-01  3.05917e-01  3.05629e-01
  3.05511e-01  3.05456e-01  3.03553e-01  3.03520e-01  3.03475e-01
  3.03396e-01  3.03189e-01  3.03062e-01  3.02796e-01  3.02783e-01
  3.02641e-01  3.02226e-01  3.01960e-01  3.01888e-01  3.01744e-01
  3.01678e-01  3.01374e-01  3.00795e-01  3.00756e-01  3.00589e-01
  3.00500e-01  3.00227e-01  3.00212e-01  2.99999e-01  2.99985e-01
  2.99743e-01  2.99697e-01  2.99137e-01  2.98796e-01  2.97028e-01
  2.96619e-01  2.96163e-01  2.94048e-01  2.93798e-01  2.92170e-01
  2.90046e-01  2.87018e-01  2.87003e-01  2.84383e-01  2.82776e-01
  2.82718e-01  2.80716e-01  2.77731e-01  2.75117e-01  2.74598e-01
  2.74306e-01  2.73933e-01  2.73821e-01  2.73764e-01  2.73343e-01
 -2.72802e-01  2.72358e-01  2.70990e-01  2.70908e-01  2.70720e-01
  2.70542e-01  2.70459e-01  2.70160e-01  2.70092e-01  2.70091e-01
  2.69485e-01  2.69433e-01  2.69121e-01  2.68845e-01  2.68794e-01
  2.67768e-01  2.66886e-01  2.66640e-01  2.65956e-01  2.65586e-01
  2.63593e-01  2.63427e-01  2.63423e-01  2.63365e-01  2.63250e-01
  2.61538e-01  2.60702e-01  2.60586e-01  2.60335e-01  2.60029e-01
  2.59937e-01  2.59349e-01  2.59312e-01  2.52319e-01  2.51409e-01
  2.48698e-01  2.48572e-01  2.48355e-01  2.48345e-01  2.38734e-01
  2.37994e-01  2.37212e-01  2.30394e-01 -2.26297e-01  2.10028e-01
  2.08248e-01 -2.03176e-01  2.01746e-01  2.01731e-01  1.75040e-01
  1.62314e-01 -1.48850e-01  1.41449e-01  1.34639e-01  1.24351e-01
 -1.20884e-01 -1.20874e-01 -1.19628e-01  1.18718e-01  1.15475e-01
 -1.12776e-01  1.10917e-01  1.10067e-01  1.07219e-01  1.03555e-01
 -1.00664e-01  9.94438e-02 -9.16113e-02  8.82147e-02  8.54876e-02
  8.19040e-02  7.95700e-02  7.90767e-02  7.42738e-02  6.64764e-02
  6.62545e-02  6.29718e-02 -6.19374e-02  5.91922e-02  5.75278e-02
  5.61623e-02 -5.55945e-02 -5.34169e-02 -5.01658e-02  4.90586e-02
  4.76687e-02 -4.49920e-02  4.38621e-02 -4.28519e-02 -4.28493e-02
  4.26519e-02 -4.20329e-02 -4.12886e-02  4.06870e-02 -4.00555e-02
  3.94844e-02 -3.66807e-02  3.64066e-02 -3.60180e-02 -3.46519e-02
 -3.41068e-02 -3.17040e-02 -3.15663e-02  2.91834e-02  2.88998e-02
  2.88890e-02 -2.88772e-02  2.72794e-02 -2.71030e-02 -2.61531e-02
 -2.60767e-02 -2.30870e-02  2.21030e-02  2.15141e-02 -2.06472e-02
  2.05334e-02  1.95184e-02 -1.94535e-02 -1.87164e-02 -1.85475e-02
  1.79540e-02 -1.78567e-02 -1.77247e-02 -1.76934e-02 -1.74733e-02
 -1.71651e-02 -1.68775e-02  1.68296e-02 -1.67377e-02  1.66223e-02
  1.64376e-02  1.61673e-02  1.59449e-02  1.56266e-02  1.49202e-02
 -1.44774e-02 -1.32749e-02 -1.29129e-02  1.28412e-02  1.26179e-02
  1.22742e-02 -1.20775e-02  1.18708e-02 -1.18484e-02 -1.18209e-02
  1.18060e-02  1.16866e-02  1.08584e-02 -1.07642e-02  1.06581e-02
 -1.05236e-02  1.04056e-02 -1.00378e-02 -1.00088e-02  9.99726e-03
 -9.53079e-03 -9.25535e-03 -8.85810e-03  8.84709e-03  8.15238e-03
 -7.91992e-03 -7.88489e-03  7.86540e-03  7.71558e-03  7.64944e-03
  7.10766e-03  7.02901e-03  6.94335e-03 -6.72080e-03 -6.67561e-03
  6.63372e-03  6.63176e-03 -6.53836e-03  6.51279e-03 -6.45152e-03
 -6.41987e-03 -6.25527e-03 -6.18436e-03  6.10969e-03  6.09501e-03
 -5.68522e-03  5.68412e-03 -5.66067e-03  5.55197e-03  4.97873e-03
 -4.97462e-03 -4.81838e-03 -4.40585e-03 -4.33447e-03 -4.04909e-03
  3.92916e-03  3.37514e-03  2.66701e-03  1.88523e-03  1.87644e-03
  6.16650e-04 -5.26181e-04  0.00000e+00  0.00000e+00  0.00000e+00
  0.00000e+00  0.00000e+00  0.00000e+00  0.00000e+00  0.00000e+00
  0.00000e+00  0.00000e+00  0.00000e+00  0.00000e+00  0.00000e+00
  0.00000e+00  0.00000e+00  0.00000e+00  0.00000e+00  0.00000e+00
  0.00000e+00  0.00000e+00  0.00000e+00  0.00000e+00  0.00000e+00
  0.00000e+00  0.00000e+00  0.00000e+00  0.00000e+00  0.00000e+00
  0.00000e+00  0.00000e+00  0.00000e+00  0.00000e+00  0.00000e+00
  0.00000e+00  0.00000e+00  0.00000e+00  0.00000e+00  0.00000e+00
  0.00000e+00  0.00000e+00  0.00000e+00]

Rayleigh-Ritz ( 350  vec.,   ) lifetime in ps:
 [ 2.14241e+03  2.14096e+03  1.81307e+03 -3.92613e+01  8.00459e+00
  7.39715e+00  7.38729e+00  7.27955e+00 -3.33879e+00  2.01426e+00
  1.06952e+00  9.87458e-01  9.54129e-01  8.32114e-01  8.28006e-01
  8.26335e-01 -7.74840e-01  6.82959e-01  6.82682e-01  6.47580e-01
  5.38972e-01  5.17843e-01 -4.49003e-01  3.97334e-01  3.67633e-01
  3.50856e-01  3.41645e-01  3.32353e-01  3.31704e-01  3.29673e-01
  3.22130e-01  3.20363e-01  3.19361e-01  3.18988e-01  3.18596e-01
  3.18193e-01  3.18011e-01  3.17495e-01  3.16649e-01  3.16439e-01
  3.16294e-01  3.12272e-01  3.12264e-01  3.11609e-01  3.11332e-01
  3.11312e-01  3.07364e-01  3.06930e-01  3.06198e-01  3.06115e-01
  3.06091e-01  3.06073e-01  3.05801e-01  3.05610e-01  3.05418e-01
  3.05384e-01  3.04972e-01  3.04393e-01  3.03726e-01  3.03446e-01
  3.03412e-01  3.03106e-01  3.03051e-01  3.02794e-01  3.02464e-01
  3.02384e-01  3.02301e-01  3.02173e-01  3.01912e-01  3.01776e-01
  3.01771e-01  3.01559e-01  3.01508e-01  3.01410e-01  3.01148e-01
  3.01095e-01  3.00758e-01  3.00499e-01  3.00276e-01  2.99839e-01
  2.99796e-01  2.99736e-01  2.99728e-01  2.99347e-01  2.99163e-01
  2.98920e-01  2.97879e-01  2.96827e-01  2.94908e-01  2.93897e-01
  2.93887e-01  2.90711e-01  2.84885e-01  2.80875e-01  2.80569e-01
  2.74375e-01  2.74339e-01  2.74335e-01  2.74291e-01  2.74031e-01
  2.73964e-01  2.73784e-01  2.73602e-01  2.72494e-01  2.72210e-01
  2.70536e-01  2.70427e-01  2.70154e-01  2.70136e-01  2.70111e-01
  2.70105e-01  2.70031e-01  2.69673e-01  2.69322e-01  2.69044e-01
  2.68878e-01  2.68847e-01  2.68573e-01  2.68445e-01  2.68420e-01
  2.65683e-01  2.64191e-01  2.64028e-01  2.63407e-01  2.63403e-01
  2.62186e-01  2.60234e-01  2.59932e-01  2.59833e-01  2.59814e-01
  2.59797e-01  2.59793e-01  2.58745e-01  2.57639e-01  2.56652e-01
  2.56462e-01  2.54718e-01  2.54378e-01  2.54235e-01  2.53678e-01
  2.53072e-01  2.49819e-01  2.48714e-01  2.48231e-01  2.48220e-01
  2.47745e-01  2.46162e-01  2.39545e-01  2.38484e-01  2.34998e-01
  2.33621e-01  2.32913e-01  2.32274e-01  2.30900e-01  2.26226e-01
  2.23799e-01  2.18405e-01  2.14947e-01  2.12584e-01  2.10634e-01
  2.07470e-01  2.06619e-01  1.95200e-01  1.90753e-01 -1.89019e-01
 -1.88086e-01  1.88033e-01  1.86658e-01  1.81563e-01  1.78814e-01
  1.69400e-01  1.68590e-01  1.61181e-01  1.57966e-01  1.47273e-01
  1.45505e-01 -1.39800e-01  1.26725e-01 -1.09139e-01  8.96433e-02
  8.72711e-02  8.47018e-02 -8.24983e-02  6.87406e-02  6.72587e-02
  6.59930e-02 -6.42111e-02  6.35499e-02  5.58396e-02  5.26918e-02
  5.25640e-02  5.00479e-02  4.75860e-02 -4.73655e-02  4.41994e-02
  4.20652e-02 -4.02826e-02 -3.86275e-02 -3.82353e-02 -3.61693e-02
  3.52799e-02 -3.46386e-02  3.24388e-02 -3.02480e-02  2.79984e-02
  2.53047e-02 -2.48232e-02  2.47812e-02 -2.39670e-02  2.34756e-02
  2.34284e-02 -2.22624e-02  2.11678e-02  2.11316e-02  2.10698e-02
 -2.02556e-02 -2.02341e-02  2.02032e-02 -2.01017e-02 -1.99459e-02
 -1.97866e-02 -1.96820e-02 -1.87887e-02  1.68423e-02 -1.62940e-02
 -1.61788e-02  1.60129e-02  1.58115e-02 -1.52363e-02 -1.52161e-02
  1.50595e-02  1.45670e-02  1.38175e-02  1.35392e-02  1.27667e-02
  1.25106e-02  1.17266e-02  1.16852e-02  1.15981e-02 -1.13593e-02
 -1.12704e-02  1.11162e-02 -1.09960e-02  1.09873e-02 -1.08596e-02
 -1.07062e-02  1.05886e-02  1.04527e-02 -1.02719e-02  1.00213e-02
 -9.72813e-03 -9.68375e-03  9.60248e-03 -9.30388e-03 -9.09404e-03
 -9.08299e-03 -9.04100e-03  8.65248e-03  8.59218e-03  8.53260e-03
  8.52978e-03  8.46947e-03 -8.32031e-03 -8.20395e-03  8.05810e-03
  7.85775e-03 -7.83022e-03  7.69161e-03 -7.61772e-03  7.54469e-03
 -7.40358e-03  7.40283e-03 -6.92204e-03 -6.78172e-03 -6.71588e-03
  6.59533e-03 -6.55249e-03  6.35758e-03  6.21919e-03 -6.19400e-03
  5.92460e-03  5.68533e-03 -5.66587e-03  5.60112e-03 -5.41147e-03
  5.17608e-03 -5.12839e-03  4.93817e-03  4.91719e-03 -4.86368e-03
  4.81700e-03 -3.96168e-03  3.46838e-03 -2.93586e-03  2.57516e-03
 -2.56172e-03  2.26508e-03  2.16619e-03  2.15997e-03  1.89519e-03
 -1.73221e-03 -1.57682e-03 -1.55539e-03 -1.49679e-03  1.49096e-03
 -1.47782e-03  1.30642e-03 -1.21697e-03 -1.10559e-03  1.09329e-03
  1.05042e-03  9.76837e-04  9.53630e-04  8.72366e-04  8.61944e-04
 -8.57716e-04 -8.43792e-04 -8.18184e-04  8.00544e-04 -7.49788e-04
  7.26440e-04 -6.00894e-04 -5.97359e-04  5.65162e-04  5.05224e-04
 -3.70147e-04 -3.41818e-04  2.61540e-04 -1.78781e-04  0.00000e+00
  0.00000e+00  0.00000e+00  0.00000e+00  0.00000e+00  0.00000e+00
  0.00000e+00  0.00000e+00  0.00000e+00  0.00000e+00  0.00000e+00
  0.00000e+00  0.00000e+00  0.00000e+00  0.00000e+00  0.00000e+00
  0.00000e+00  0.00000e+00  0.00000e+00  0.00000e+00  0.00000e+00]

Rayleigh-Ritz ( 350  vec.,  with Left ) lifetime in ps:
 [ 2.34676e+03  2.09164e+03 -6.89919e+02  7.44556e+00  7.23865e+00
  6.96646e+00  6.76219e+00  3.91155e+00 -1.60922e+00 -1.18506e+00
 -1.09840e+00  9.47257e-01  7.65357e-01 -7.44322e-01  7.31386e-01
  7.22961e-01  6.13299e-01  5.56503e-01  5.02403e-01  4.10006e-01
  3.94429e-01 -3.69753e-01  3.60680e-01  3.56976e-01  3.55676e-01
  3.46484e-01  3.35698e-01  3.35008e-01  3.31450e-01  3.28001e-01
  3.19583e-01  3.17712e-01  3.17543e-01  3.16558e-01  3.15799e-01
 -3.14366e-01  3.13967e-01  3.13666e-01  3.12172e-01  3.11747e-01
  3.11289e-01  3.11282e-01  3.10546e-01  3.09078e-01  3.07944e-01
  3.07336e-01  3.07299e-01  3.06946e-01  3.06664e-01  3.06184e-01
  3.06117e-01  3.05904e-01  3.05806e-01  3.05653e-01  3.05407e-01
  3.05347e-01  3.05251e-01  3.04927e-01  3.03598e-01  3.03563e-01
  3.03518e-01  3.03075e-01  3.02887e-01  3.02689e-01  3.02600e-01
  3.01848e-01  3.01386e-01  3.01359e-01  3.01234e-01  3.01065e-01
  3.00848e-01  3.00712e-01  3.00603e-01  3.00596e-01  3.00503e-01
  3.00280e-01  2.99843e-01  2.99828e-01  2.99795e-01  2.99706e-01
  2.99466e-01  2.98986e-01  2.98856e-01  2.98477e-01  2.96308e-01
  2.95467e-01  2.93846e-01  2.93619e-01  2.90005e-01  2.84710e-01
  2.82287e-01  2.82023e-01  2.81798e-01  2.78485e-01  2.76411e-01
 -2.76345e-01  2.76318e-01  2.75448e-01  2.75072e-01  2.74236e-01
  2.74073e-01  2.73651e-01  2.72479e-01  2.72341e-01  2.71118e-01
  2.70814e-01  2.70375e-01  2.70022e-01  2.70011e-01  2.69960e-01
  2.69351e-01  2.69285e-01  2.68970e-01  2.68716e-01  2.68675e-01
  2.67338e-01  2.66349e-01  2.65248e-01  2.64238e-01  2.63451e-01
  2.63430e-01  2.63141e-01  2.63102e-01  2.61790e-01  2.61778e-01
  2.60282e-01  2.60217e-01  2.60173e-01  2.59821e-01  2.59810e-01
  2.59584e-01  2.58554e-01  2.58316e-01  2.57903e-01  2.57437e-01
  2.56960e-01  2.52939e-01  2.49282e-01  2.48339e-01  2.48318e-01
  2.45772e-01  2.44391e-01  2.43908e-01  2.43591e-01  2.34326e-01
  2.26137e-01  2.13599e-01  2.13101e-01  2.02736e-01  1.90477e-01
  1.67349e-01 -1.56335e-01 -1.44287e-01 -1.41694e-01  1.19286e-01
  1.15709e-01  1.13043e-01 -1.03054e-01  1.02614e-01 -1.00103e-01
  9.41302e-02  8.59145e-02  7.52634e-02 -6.97899e-02  6.89845e-02
  6.84338e-02 -6.74883e-02  6.65614e-02 -6.62350e-02  6.48192e-02
  6.45944e-02 -6.25524e-02  6.24478e-02  5.94610e-02  5.82171e-02
  5.77165e-02  5.54592e-02 -5.26968e-02 -5.16361e-02  4.91936e-02
 -4.90293e-02 -4.01152e-02  4.00397e-02 -3.82558e-02 -3.66521e-02
  3.64629e-02  3.63944e-02  3.63133e-02 -3.59630e-02  3.50413e-02
 -3.34172e-02  3.20548e-02 -3.18639e-02  3.09453e-02  3.00634e-02
  2.95978e-02  2.91647e-02 -2.89743e-02 -2.88253e-02 -2.87722e-02
  2.75456e-02  2.72937e-02  2.70539e-02 -2.60153e-02  2.58241e-02
 -2.58017e-02 -2.50691e-02 -2.39690e-02 -2.39584e-02  2.20902e-02
  2.14992e-02  2.14737e-02  2.07188e-02 -1.99661e-02 -1.98472e-02
  1.95497e-02  1.93721e-02 -1.93135e-02 -1.89783e-02  1.84570e-02
 -1.83973e-02 -1.79632e-02 -1.78130e-02  1.69972e-02 -1.65795e-02
 -1.54623e-02 -1.53500e-02 -1.44626e-02 -1.42318e-02  1.36886e-02
  1.36844e-02 -1.34008e-02 -1.32973e-02  1.30182e-02  1.29167e-02
  1.28814e-02 -1.28607e-02 -1.26655e-02  1.25336e-02  1.20607e-02
  1.17097e-02 -1.14893e-02  1.13910e-02  1.12133e-02 -1.10499e-02
  1.07978e-02  1.05733e-02  1.01883e-02 -9.81248e-03 -9.68834e-03
  9.62300e-03  9.37271e-03  9.27512e-03 -9.16753e-03 -9.13437e-03
 -9.11120e-03  9.02808e-03  8.88169e-03 -8.80532e-03  8.68079e-03
  8.67074e-03 -8.51814e-03  8.51257e-03 -8.51049e-03 -8.45199e-03
 -8.31933e-03 -8.18653e-03 -7.92400e-03 -7.89970e-03 -7.66571e-03
 -7.56249e-03  7.39456e-03  7.36277e-03  7.34617e-03  7.14164e-03
  7.05496e-03  6.82588e-03 -6.69498e-03 -6.65945e-03 -6.46624e-03
  6.33915e-03 -6.30664e-03 -6.12759e-03 -6.10683e-03  6.06730e-03
  5.78204e-03 -5.50390e-03 -5.24313e-03  5.08191e-03 -5.05165e-03
 -5.05046e-03  4.95014e-03  4.72339e-03 -4.41396e-03  4.33730e-03
  4.27458e-03 -4.15341e-03 -4.12965e-03  4.08889e-03  3.78729e-03
 -3.75396e-03 -3.65224e-03  3.65148e-03 -3.55247e-03  3.50399e-03
 -3.33542e-03 -3.31333e-03 -3.31188e-03 -3.18978e-03  3.09522e-03
 -2.99938e-03 -2.77370e-03 -2.46280e-03  2.24885e-03 -2.21693e-03
  2.19189e-03  2.09954e-03 -2.02718e-03 -1.99356e-03 -1.82688e-03
  1.73059e-03 -1.63917e-03  1.48691e-03  1.46755e-03  0.00000e+00
  0.00000e+00  0.00000e+00  0.00000e+00  0.00000e+00  0.00000e+00
  0.00000e+00  0.00000e+00  0.00000e+00  0.00000e+00  0.00000e+00
  0.00000e+00  0.00000e+00  0.00000e+00  0.00000e+00  0.00000e+00
  0.00000e+00  0.00000e+00  0.00000e+00  0.00000e+00  0.00000e+00
  0.00000e+00  0.00000e+00  0.00000e+00  0.00000e+00  0.00000e+00]


time for Rayleigh-Ritz lifetime:  75.69274349883199

##################################################
lifetime analysis for gr-bn:
##################################################

##################################################
solving spin diffusion length
##################################################

--------------------------------------------------
solving -L^(-1) Lv x = x lambda^(-1)
--------------------------------------------------

--------------------------------------------------
carrier transport from linearized DMME
--------------------------------------------------
conductivity in S =  0.011922080248740077
mobility (n=|ne-nh|) in cm^2/V/s =  37000.56654288352
mobility (n=ne+nh) in cm^2/V/s =  36971.83615787717
effective lifetime in ps:  0.8452474910232028
spin diffusion length using pinv of L in micro-meter:
 [-178.64417 -177.19368  -32.24446  -32.24446   32.24446   32.24446
  -24.02844   24.02844   -2.54763    1.86999    1.56464   -1.46268
    1.46268   -1.46235   -1.46235    1.46235    1.46235   -1.46231
    1.46231    1.20948]
precession freq. in au:
 [ 1.32377e-01 -1.32377e-01 -1.57336e-06  1.57336e-06 -1.57342e-06
  1.57342e-06 -6.94510e-17  6.96663e-17  1.58259e+01 -2.90956e+01
 -7.53519e+00  4.39274e-19 -5.52625e-19  1.57814e-06 -1.57814e-06
  1.57814e-06 -1.57814e-06 -6.76120e-19  6.00324e-19  7.53529e+00]
short diffusion length using pinv of L in micro-meter:
 [ 1.95546e-06 -1.83650e-06 -1.82795e-06 -1.79465e-06 -1.78753e-06
  1.74079e-06 -1.70897e-06 -1.64618e-06  1.58653e-06  1.57591e-06
  1.55872e-06  1.55712e-06 -1.49826e-06 -1.21336e-06  9.86034e-07
  9.15449e-07  6.69457e-07  3.55415e-07 -2.59280e-07  6.16966e-08]

time for solving diffusion lengths via lin. alg.:  10.29039890691638

Analyse decay mode:

The 4 observables and perturbations are:
n, sx, sy, sz
ob. proj. to VR = 
 [[ 0.00000e+00+0.00000e+00j  0.00000e+00+0.00000e+00j
  -1.81549e-05-2.16749e-04j  0.00000e+00+0.00000e+00j
   4.11074e-02+4.90735e-01j  0.00000e+00+0.00000e+00j
   9.19931e-04-7.70573e-05j  0.00000e+00+0.00000e+00j]
 [ 0.00000e+00+0.00000e+00j  0.00000e+00+0.00000e+00j
  -1.81549e-05+2.16749e-04j  0.00000e+00+0.00000e+00j
   4.11074e-02-4.90735e-01j  0.00000e+00+0.00000e+00j
   9.19931e-04+7.70572e-05j  0.00000e+00+0.00000e+00j]
 [ 0.00000e+00+0.00000e+00j -2.11026e-02+1.56529e+00j
  -8.61733e-04-1.06713e-03j -1.51315e+00+3.14849e-02j
   0.00000e+00+0.00000e+00j  0.00000e+00+0.00000e+00j
   1.01492e-03-5.74938e-02j  0.00000e+00+0.00000e+00j]
 [ 0.00000e+00+0.00000e+00j -2.11026e-02-1.56529e+00j
  -8.61733e-04+1.06713e-03j -1.51315e+00-3.14849e-02j
   0.00000e+00+0.00000e+00j  0.00000e+00+0.00000e+00j
   1.01492e-03+5.74938e-02j  0.00000e+00+0.00000e+00j]
 [ 0.00000e+00+0.00000e+00j -3.57222e-02-1.56498e+00j
  -7.85454e-04+8.15843e-04j  1.51342e+00+1.74202e-02j
   0.00000e+00+0.00000e+00j  0.00000e+00+0.00000e+00j
   1.53424e-03+5.74803e-02j  0.00000e+00+0.00000e+00j]
 [ 0.00000e+00+0.00000e+00j -3.57222e-02+1.56498e+00j
  -7.85454e-04-8.15843e-04j  1.51342e+00-1.74202e-02j
   0.00000e+00+0.00000e+00j  0.00000e+00+0.00000e+00j
   1.53424e-03-5.74803e-02j  0.00000e+00+0.00000e+00j]
 [ 0.00000e+00+0.00000e+00j -1.77421e-03-2.78495e-11j
  -1.87851e+00+6.83072e-11j -6.99066e-04-3.53812e-11j
   0.00000e+00+0.00000e+00j -6.92507e-02+2.66536e-12j
   0.00000e+00+0.00000e+00j -3.82259e-04-4.60602e-14j]
 [ 0.00000e+00+0.00000e+00j  2.50850e-03-2.13928e-11j
   1.87850e+00-5.10034e-11j -1.87628e-03-3.55148e-11j
   0.00000e+00+0.00000e+00j  6.92516e-02-2.02890e-12j
  -1.29582e-04+7.85869e-13j -3.60114e-04+4.01289e-14j]
 [ 0.00000e+00+0.00000e+00j  0.00000e+00+0.00000e+00j
   0.00000e+00+0.00000e+00j  0.00000e+00+0.00000e+00j
   1.05847e-06+5.09234e-03j  0.00000e+00+0.00000e+00j
   6.46195e-04-1.31728e-07j  0.00000e+00+0.00000e+00j]
 [ 0.00000e+00+0.00000e+00j  0.00000e+00+0.00000e+00j
   0.00000e+00+0.00000e+00j  0.00000e+00+0.00000e+00j
   1.28227e-06-2.33958e-03j  0.00000e+00+0.00000e+00j
   3.79015e-04+2.05670e-07j  0.00000e+00+0.00000e+00j]]
rhopert. proj. to VL = 
 [[-9.64745e+00-8.08135e-01j  0.00000e+00+0.00000e+00j
   0.00000e+00+0.00000e+00j  0.00000e+00+0.00000e+00j
  -7.96119e-05+9.50427e-04j  0.00000e+00+0.00000e+00j
   0.00000e+00+0.00000e+00j  0.00000e+00+0.00000e+00j]
 [-9.64745e+00+8.08135e-01j  0.00000e+00+0.00000e+00j
   0.00000e+00+0.00000e+00j  0.00000e+00+0.00000e+00j
  -7.96119e-05-9.50427e-04j  0.00000e+00+0.00000e+00j
   0.00000e+00+0.00000e+00j  0.00000e+00+0.00000e+00j]
 [ 0.00000e+00+0.00000e+00j -2.10587e-03+3.91682e-02j
   0.00000e+00+0.00000e+00j  4.04648e-02-1.76900e-03j
   0.00000e+00+0.00000e+00j  2.55730e-04+7.01220e-06j
  -2.77433e-03+1.71494e-03j  2.76209e-04-2.46914e-04j]
 [ 0.00000e+00+0.00000e+00j -2.10587e-03-3.91682e-02j
   0.00000e+00+0.00000e+00j  4.04648e-02+1.76900e-03j
   0.00000e+00+0.00000e+00j  2.55730e-04-7.01220e-06j
  -2.77433e-03-1.71494e-03j  2.76209e-04+2.46914e-04j]
 [ 0.00000e+00+0.00000e+00j -1.74197e-03-3.91889e-02j
   0.00000e+00+0.00000e+00j -4.04434e-02-2.14685e-03j
   0.00000e+00+0.00000e+00j -2.54561e-04+7.85592e-07j
  -2.76286e-03-1.74819e-03j  2.76727e-04+2.48409e-04j]
 [ 0.00000e+00+0.00000e+00j -1.74197e-03+3.91889e-02j
   0.00000e+00+0.00000e+00j -4.04434e-02+2.14685e-03j
   0.00000e+00+0.00000e+00j -2.54561e-04-7.85591e-07j
  -2.76286e-03+1.74819e-03j  2.76727e-04-2.48409e-04j]
 [ 0.00000e+00+0.00000e+00j  0.00000e+00+0.00000e+00j
   6.52295e-02+2.36919e-12j  0.00000e+00+0.00000e+00j
   0.00000e+00+0.00000e+00j -2.80891e-03-1.00168e-13j
   3.40304e-04+2.31248e-15j  3.33175e-03+2.12122e-14j]
 [ 0.00000e+00+0.00000e+00j  0.00000e+00+0.00000e+00j
  -6.52291e-02-1.77179e-12j  0.00000e+00+0.00000e+00j
   0.00000e+00+0.00000e+00j  2.81556e-03+7.45516e-14j
   3.31995e-04+3.51848e-14j  3.34057e-03-1.71283e-14j]
 [-1.49620e+01-4.34256e-03j  0.00000e+00+0.00000e+00j
   0.00000e+00+0.00000e+00j  0.00000e+00+0.00000e+00j
   0.00000e+00+0.00000e+00j  0.00000e+00+0.00000e+00j
   0.00000e+00+0.00000e+00j  0.00000e+00+0.00000e+00j]
 [-1.42986e+01-2.39557e-03j  0.00000e+00+0.00000e+00j
   0.00000e+00+0.00000e+00j  0.00000e+00+0.00000e+00j
   0.00000e+00+0.00000e+00j  0.00000e+00+0.00000e+00j
   0.00000e+00+0.00000e+00j  0.00000e+00+0.00000e+00j]]
ob. of pert:
 [[-4.89356e-01  0.00000e+00  0.00000e+00  0.00000e+00  0.00000e+00
   0.00000e+00  0.00000e+00 -5.00119e-06]
 [ 0.00000e+00 -2.44678e-01  0.00000e+00  0.00000e+00  0.00000e+00
   0.00000e+00  0.00000e+00  0.00000e+00]
 [ 0.00000e+00  0.00000e+00 -2.44678e-01  0.00000e+00  0.00000e+00
   0.00000e+00  0.00000e+00  0.00000e+00]
 [ 0.00000e+00  0.00000e+00  0.00000e+00 -2.44678e-01 -1.00024e-05
   0.00000e+00  0.00000e+00  0.00000e+00]
 [ 0.00000e+00  0.00000e+00  0.00000e+00 -5.00119e-06 -4.89356e-01
   0.00000e+00  0.00000e+00  0.00000e+00]
 [ 0.00000e+00  0.00000e+00  0.00000e+00  0.00000e+00  0.00000e+00
  -2.44678e-01  0.00000e+00  0.00000e+00]
 [ 0.00000e+00  0.00000e+00  0.00000e+00  0.00000e+00  0.00000e+00
   0.00000e+00 -2.44678e-01  0.00000e+00]
 [ 0.00000e+00  0.00000e+00  0.00000e+00  0.00000e+00  0.00000e+00
   0.00000e+00  0.00000e+00 -2.44678e-01]]

mode  0  with rate  -3375886.920059073
pert. and ob.:
 [[ 1.59449e-08 -9.42900e-06 -1.41659e-08  0.00000e+00 -1.19147e-06
  -4.25603e-07 -8.93726e-03 -8.63233e-05]
 [ 0.00000e+00  0.00000e+00  0.00000e+00  0.00000e+00  0.00000e+00
   0.00000e+00  0.00000e+00  0.00000e+00]
 [ 0.00000e+00  0.00000e+00  0.00000e+00  0.00000e+00  1.42256e-08
   0.00000e+00  0.00000e+00  0.00000e+00]
 [ 0.00000e+00  0.00000e+00  0.00000e+00  0.00000e+00 -3.24487e-08
   0.00000e+00  0.00000e+00  0.00000e+00]
 [ 0.00000e+00  0.00000e+00  2.07449e-07  1.76011e-08 -4.69681e-04
   0.00000e+00  0.00000e+00  0.00000e+00]
 [ 0.00000e+00  0.00000e+00  0.00000e+00  0.00000e+00  3.42305e-08
   0.00000e+00  0.00000e+00  0.00000e+00]
 [ 0.00000e+00  0.00000e+00  0.00000e+00  0.00000e+00  0.00000e+00
   0.00000e+00  0.00000e+00  0.00000e+00]
 [ 0.00000e+00  0.00000e+00  0.00000e+00  0.00000e+00  0.00000e+00
   0.00000e+00  0.00000e+00  0.00000e+00]]

mode  1  with rate  -3348476.68509365
pert. and ob.:
 [[-1.43183e-08 -9.42900e-06 -1.41985e-08  0.00000e+00 -1.09925e-06
  -4.25532e-07 -8.93726e-03 -8.63234e-05]
 [ 0.00000e+00  0.00000e+00  0.00000e+00  0.00000e+00  0.00000e+00
   0.00000e+00  0.00000e+00  0.00000e+00]
 [ 0.00000e+00  0.00000e+00  0.00000e+00  0.00000e+00  1.42361e-08
   0.00000e+00  0.00000e+00  0.00000e+00]
 [ 0.00000e+00  0.00000e+00  0.00000e+00  0.00000e+00 -3.26070e-08
   0.00000e+00  0.00000e+00  0.00000e+00]
 [ 0.00000e+00  0.00000e+00  2.07449e-07  1.76011e-08 -4.69681e-04
   0.00000e+00  0.00000e+00  0.00000e+00]
 [ 0.00000e+00  0.00000e+00  0.00000e+00  0.00000e+00  3.42284e-08
   0.00000e+00  0.00000e+00  0.00000e+00]
 [ 0.00000e+00  0.00000e+00  0.00000e+00  0.00000e+00  0.00000e+00
   0.00000e+00  0.00000e+00  0.00000e+00]
 [ 0.00000e+00  0.00000e+00  0.00000e+00  0.00000e+00  0.00000e+00
   0.00000e+00  0.00000e+00  0.00000e+00]]

mode  2  with rate  -609332.239489092
pert. and ob.:
 [[ 0.00000e+00 -7.08792e-07  0.00000e+00  8.08169e-07  0.00000e+00
   0.00000e+00  2.59038e-08  0.00000e+00]
 [ 0.00000e+00 -6.12653e-02  4.36123e-05  1.95328e-03 -1.89327e-07
   2.64914e-06  2.24979e-03  3.76307e-07]
 [ 0.00000e+00  5.87248e-05 -1.17208e-08  5.00696e-05  0.00000e+00
   0.00000e+00 -2.16474e-06  0.00000e+00]
 [ 0.00000e+00  1.91509e-03 -3.67576e-05 -6.11735e-02 -2.19380e-06
   5.40196e-07 -6.06380e-05 -9.53439e-07]
 [ 0.00000e+00 -2.64606e-06  4.55574e-08  7.54923e-05  0.00000e+00
   0.00000e+00  8.52143e-08  0.00000e+00]
 [ 0.00000e+00 -1.63727e-05 -2.12888e-07 -3.87177e-04 -1.40057e-08
   0.00000e+00  6.62703e-07  0.00000e+00]
 [ 0.00000e+00 -2.62583e-03  4.22079e-06  4.14397e-03  1.38033e-07
   7.21502e-08  9.57825e-05  7.86927e-08]
 [ 0.00000e+00  3.80665e-04 -5.01508e-07 -4.10171e-04 -1.31507e-08
  -1.24024e-08 -1.39157e-05  0.00000e+00]]

mode  3  with rate  -609332.2394877893
pert. and ob.:
 [[ 0.00000e+00 -7.08796e-07  0.00000e+00  8.08170e-07  0.00000e+00
   0.00000e+00  2.59039e-08  0.00000e+00]
 [ 0.00000e+00 -6.12653e-02  4.36123e-05  1.95328e-03 -1.89327e-07
   2.64914e-06  2.24979e-03  3.76308e-07]
 [ 0.00000e+00  5.87248e-05 -1.17208e-08  5.00696e-05  0.00000e+00
   0.00000e+00 -2.16474e-06  0.00000e+00]
 [ 0.00000e+00  1.91509e-03 -3.67576e-05 -6.11735e-02 -2.19380e-06
   5.40196e-07 -6.06380e-05 -9.53439e-07]
 [ 0.00000e+00 -2.64606e-06  4.55574e-08  7.54923e-05  0.00000e+00
   0.00000e+00  8.52143e-08  0.00000e+00]
 [ 0.00000e+00 -1.63727e-05 -2.12888e-07 -3.87177e-04 -1.40057e-08
   0.00000e+00  6.62703e-07  0.00000e+00]
 [ 0.00000e+00 -2.62583e-03  4.22079e-06  4.14397e-03  1.38033e-07
   7.21502e-08  9.57825e-05  7.86927e-08]
 [ 0.00000e+00  3.80665e-04 -5.01508e-07 -4.10171e-04 -1.31507e-08
  -1.24024e-08 -1.39157e-05  0.00000e+00]]

mode  4  with rate  609332.1609750709
pert. and ob.:
 [[ 0.00000e+00 -7.36221e-07  0.00000e+00 -8.05457e-07  0.00000e+00
   0.00000e+00  2.69212e-08  0.00000e+00]
 [ 0.00000e+00 -6.12678e-02  3.33402e-05 -1.95366e-03  1.89711e-07
   2.05034e-07  2.24992e-03  3.76188e-07]
 [ 0.00000e+00  8.10821e-05  0.00000e+00 -6.21842e-05  0.00000e+00
   0.00000e+00 -2.98706e-06  0.00000e+00]
 [ 0.00000e+00 -1.91506e-03  3.35179e-05 -6.11704e-02 -2.19406e-06
   3.11201e-06  6.13517e-05  9.32870e-07]
 [ 0.00000e+00  2.77825e-06 -4.15703e-08  7.54662e-05  0.00000e+00
   0.00000e+00 -9.09550e-08  0.00000e+00]
 [ 0.00000e+00  1.03229e-05  1.99305e-07 -3.85272e-04 -1.39139e-08
   1.95619e-08 -4.35715e-07  0.00000e+00]
 [ 0.00000e+00 -2.63720e-03  3.59635e-06 -4.15092e-03 -1.38243e-07
   2.15503e-07  9.62479e-05  7.74925e-08]
 [ 0.00000e+00  3.78871e-04 -4.20019e-07  4.14476e-04  1.33134e-08
  -2.17178e-08 -1.38541e-05  0.00000e+00]]

mode  5  with rate  609332.1609730142
pert. and ob.:
 [[ 0.00000e+00 -7.36222e-07  0.00000e+00 -8.05460e-07  0.00000e+00
   0.00000e+00  2.69212e-08  0.00000e+00]
 [ 0.00000e+00 -6.12678e-02  3.33402e-05 -1.95366e-03  1.89711e-07
   2.05034e-07  2.24992e-03  3.76188e-07]
 [ 0.00000e+00  8.10821e-05  0.00000e+00 -6.21842e-05  0.00000e+00
   0.00000e+00 -2.98706e-06  0.00000e+00]
 [ 0.00000e+00 -1.91506e-03  3.35179e-05 -6.11704e-02 -2.19406e-06
   3.11201e-06  6.13517e-05  9.32870e-07]
 [ 0.00000e+00  2.77825e-06 -4.15703e-08  7.54662e-05  0.00000e+00
   0.00000e+00 -9.09550e-08  0.00000e+00]
 [ 0.00000e+00  1.03229e-05  1.99305e-07 -3.85272e-04 -1.39139e-08
   1.95619e-08 -4.35715e-07  0.00000e+00]
 [ 0.00000e+00 -2.63720e-03  3.59635e-06 -4.15092e-03 -1.38243e-07
   2.15503e-07  9.62479e-05  7.74925e-08]
 [ 0.00000e+00  3.78871e-04 -4.20019e-07  4.14476e-04  1.33134e-08
  -2.17178e-08 -1.38541e-05  0.00000e+00]]

mode  6  with rate  -454071.9323082169
pert. and ob.:
 [[ 0.00000e+00  0.00000e+00 -1.91182e-06  0.00000e+00  0.00000e+00
  -7.04789e-08  0.00000e+00  0.00000e+00]
 [ 0.00000e+00 -1.03997e-07 -1.10111e-04 -4.09765e-08  0.00000e+00
  -4.05921e-06  0.00000e+00 -2.24066e-08]
 [ 0.00000e+00 -1.15731e-04 -1.22534e-01 -4.55998e-05 -2.46711e-08
  -4.51719e-03  1.80885e-06 -2.49346e-05]
 [ 0.00000e+00  1.21752e-07  1.28909e-04  4.79722e-08  0.00000e+00
   4.75220e-06  0.00000e+00  2.62319e-08]
 [ 0.00000e+00  0.00000e+00 -3.53523e-06  0.00000e+00  0.00000e+00
  -1.30326e-07  0.00000e+00  0.00000e+00]
 [ 0.00000e+00  4.98359e-06  5.27655e-03  1.96361e-06  0.00000e+00
   1.94519e-04 -7.78926e-08  1.07373e-06]
 [ 0.00000e+00 -6.03770e-07 -6.39263e-04 -2.37895e-07  0.00000e+00
  -2.35663e-05  0.00000e+00 -1.30084e-07]
 [ 0.00000e+00 -5.91122e-06 -6.25871e-03 -2.32911e-06  0.00000e+00
  -2.30726e-04  9.23913e-08 -1.27359e-06]]

mode  7  with rate  454071.91237390105
pert. and ob.:
 [[ 0.00000e+00  0.00000e+00  1.87763e-06  0.00000e+00  0.00000e+00
   6.92194e-08  0.00000e+00  0.00000e+00]
 [ 0.00000e+00 -5.88934e-08 -4.41026e-05  4.40505e-08  0.00000e+00
  -1.62585e-06  0.00000e+00  0.00000e+00]
 [ 0.00000e+00 -1.63627e-04 -1.22533e-01  1.22388e-04 -1.85404e-08
  -4.51722e-03  8.45253e-06  2.34899e-05]
 [ 0.00000e+00 -7.92420e-08 -5.93407e-05  5.92706e-08  0.00000e+00
  -2.18761e-06  0.00000e+00  1.13758e-08]
 [ 0.00000e+00  0.00000e+00 -3.38820e-06  0.00000e+00  0.00000e+00
  -1.24907e-07  0.00000e+00  0.00000e+00]
 [ 0.00000e+00  7.06284e-06  5.28904e-03 -5.28279e-06  0.00000e+00
   1.94982e-04 -3.64846e-07 -1.01392e-06]
 [ 0.00000e+00  8.32812e-07  6.23654e-04 -6.22918e-07  0.00000e+00
   2.29912e-05 -4.30207e-08 -1.19556e-07]
 [ 0.00000e+00  8.37984e-06  6.27528e-03 -6.26787e-06  0.00000e+00
   2.31340e-04 -4.32879e-07 -1.20299e-06]]

mode  8  with rate  -48143.25001136036
pert. and ob.:
 [[ 2.41175e-06  2.95925e-06  2.38400e-07  3.29587e-06  6.27700e-06
  -1.63758e-06 -9.66840e-03 -2.57910e-05]
 [ 0.00000e+00  0.00000e+00  0.00000e+00  0.00000e+00  0.00000e+00
   0.00000e+00  0.00000e+00  0.00000e+00]
 [ 0.00000e+00  0.00000e+00  0.00000e+00  0.00000e+00  0.00000e+00
   0.00000e+00  0.00000e+00  0.00000e+00]
 [ 0.00000e+00  0.00000e+00  0.00000e+00  0.00000e+00  0.00000e+00
   0.00000e+00  0.00000e+00  0.00000e+00]
 [ 0.00000e+00  0.00000e+00  0.00000e+00  0.00000e+00 -3.34251e-08
   0.00000e+00  0.00000e+00  0.00000e+00]
 [ 0.00000e+00  0.00000e+00  0.00000e+00  0.00000e+00  0.00000e+00
   0.00000e+00  0.00000e+00  0.00000e+00]
 [ 0.00000e+00  0.00000e+00  0.00000e+00  0.00000e+00  0.00000e+00
   0.00000e+00  0.00000e+00  0.00000e+00]
 [ 0.00000e+00  0.00000e+00  0.00000e+00  0.00000e+00  0.00000e+00
   0.00000e+00  0.00000e+00  0.00000e+00]]

mode  9  with rate  35337.758158127566
pert. and ob.:
 [[ 1.29901e-05 -4.73163e-07  7.84208e-08  5.47976e-06 -2.39394e-05
  -3.07949e-06 -5.41938e-03 -6.39947e-05]
 [ 0.00000e+00  0.00000e+00  0.00000e+00  0.00000e+00  0.00000e+00
   0.00000e+00  0.00000e+00  0.00000e+00]
 [ 0.00000e+00  0.00000e+00  0.00000e+00  0.00000e+00  0.00000e+00
   0.00000e+00  0.00000e+00  0.00000e+00]
 [ 0.00000e+00  0.00000e+00  0.00000e+00  0.00000e+00  0.00000e+00
   0.00000e+00  0.00000e+00  0.00000e+00]
 [ 0.00000e+00  0.00000e+00  0.00000e+00  0.00000e+00  0.00000e+00
   0.00000e+00  0.00000e+00  0.00000e+00]
 [ 0.00000e+00  0.00000e+00  0.00000e+00  0.00000e+00  0.00000e+00
   0.00000e+00  0.00000e+00  0.00000e+00]
 [ 0.00000e+00  0.00000e+00  0.00000e+00  0.00000e+00  0.00000e+00
   0.00000e+00  0.00000e+00  0.00000e+00]
 [ 0.00000e+00  0.00000e+00  0.00000e+00  0.00000e+00  0.00000e+00
   0.00000e+00  0.00000e+00  0.00000e+00]]

do real-space simulations
2711  (of  5432 ) modes are considered in real-space simulation
2711  (of  5432 ) modes are considered in real-space simulation
2711  (of  5432 ) modes are considered in real-space simulation
2711  (of  5432 ) modes are considered in real-space simulation
2  (of  5432 ) modes are considered in real-space simulation
2711  (of  5432 ) modes are considered in real-space simulation
2721  (of  5432 ) modes are considered in real-space simulation
2711  (of  5432 ) modes are considered in real-space simulation
2721  (of  5432 ) modes are considered in real-space simulation

time for diffusion length:  30.096300711855292

##################################################
solving approximate diffusion lengths
##################################################

--------------------------------------------------
Rayleigh-Ritz method:
--------------------------------------------------
Rayleigh-Ritz ( 2  vec.,  sx vsx ) diffusion length in micro-meter:
 [ 23.60542 -23.59904]
precession frequency: [2.50286e-17 3.47347e-17]

Rayleigh-Ritz ( 2  vec.,  sz vsz ) diffusion length in micro-meter:
 [ 22.08976 -22.08976]
precession frequency: [ 1.10965e-17 -8.27144e-18]

Rayleigh-Ritz ( 2  vec.,  sx vsx, with Left ) diffusion length in micro-meter:
 [-22.67788  22.67575]
precession frequency: [3.98597e-17 4.87191e-17]

Rayleigh-Ritz ( 2  vec.,  sz vsz, with Left ) diffusion length in micro-meter:
 [ 21.23123 -21.22357]
precession frequency: [4.21852e-17 4.22183e-17]

Rayleigh-Ritz ( 4  vec.,  sxy vsxy ) diffusion length in micro-meter:
 [ 23.59992 -23.59    -23.57948  23.5696 ]
precession frequency: [ 1.13472e-16  1.36929e-16 -2.13131e-16 -1.51365e-16]

Rayleigh-Ritz ( 4  vec.,  sxz vsxz ) diffusion length in micro-meter:
 [ 26.26759  26.26759 -26.26363 -26.26363]
precession frequency: [-1.14529e-06  1.14529e-06 -1.14553e-06  1.14553e-06]

Rayleigh-Ritz ( 4  vec.,  sxz vsxz, with Left ) diffusion length in micro-meter:
 [ 30.06834  30.06834 -30.06268 -30.06268]
precession frequency: [ 1.64790e-06 -1.64790e-06 -1.64818e-06  1.64818e-06]

Rayleigh-Ritz ( 6  vec.,  s vs ) diffusion length in micro-meter:
 [-26.97404 -26.97404  26.974    26.974    23.57195 -23.57186]
precession frequency: [-1.23425e-06  1.23425e-06 -1.23429e-06  1.23429e-06  9.39099e-18
 -9.78472e-18]

Rayleigh-Ritz ( 6  vec.,  s vs, with Left ) diffusion length in micro-meter:
 [ 32.31908  32.31908 -32.31905 -32.31905 -22.65625  22.65624]
precession frequency: [ 1.77033e-06 -1.77033e-06  1.77027e-06 -1.77027e-06  1.53957e-19
  1.69242e-19]

time for Rayleigh-Ritz method:  5.273398214951158

##################################################
more diffusion length analysis for gr-bn:
##################################################
time for more diffusion length analysis for gr-bn:  3.977156601846218

time for approximate diffusion length:  9.250560535117984
total time:  185.28762739058584
