
drift-diffusion model for sz
AK = 
 [[ 2.18480e-08+6.82424e-24j -2.01075e-14-3.01464e-17j]
 [-2.01075e-14-2.98069e-17j  2.10699e-06+1.95017e-09j]]
BK = 
 [[-9.20328e-07-1.36434e-09j  6.96637e-02+5.44776e-05j]
 [ 6.96637e-02+5.44776e-05j -1.48729e-07-1.85171e-10j]]
ldiff_RR_z (from CK) in micro-meter =  [-17.18296  17.18073]
vx2_sz =  (0.0696637022535975+5.447759846538504e-05j)
taupvsz_inv =  (3.024519150775456e-05+4.342032309254774e-09j)
vx2_sz * taupvsz_inv =  (2.1069917792557563e-06+1.950167444435551e-09j)
ldiff_DD_z in micro-meter =  17.181846334565638

drift-diffusion model for sx
AK = 
 [[ 1.51594e-08-4.26120e-08j -4.71788e-14-3.93331e-14j]
 [-4.71784e-14-3.93331e-14j  2.11014e-06-7.97782e-10j]]
BK = 
 [[4.69724e-07-1.27427e-06j 6.97264e-02+6.13964e-05j]
 [6.97264e-02+6.13964e-05j 1.45429e-08+1.09660e-04j]]
ldiff_RR_x (from CK) in micro-meter =  [-14.62656  14.63127]
vx2_sx =  (0.06972636293459909+6.139637615884526e-05j)
taupvsx_inv =  (3.0263080309403623e-05-3.808925859448927e-08j)
vx2_sx * taupvsx_inv =  (2.1101368597148445e-06-7.977820062676682e-10j)
ldiff_DD_x in micro-meter =  14.628913124873002

drift-diffusion model for sy
AK = 
 [[ 1.51594e-08+4.26120e-08j -4.75165e-14+3.85583e-14j]
 [-4.75169e-14+3.85585e-14j  2.10026e-06+4.80648e-09j]]
BK = 
 [[4.51080e-07+1.27558e-06j 6.95624e-02+4.89294e-05j]
 [6.95624e-02+4.89294e-05j 5.95552e-08-1.09664e-04j]]
ldiff_RR_y (from CK) in micro-meter =  [-14.61993  14.62463]
vx2_sy =  (0.0695624331774281+4.892943712315724e-05j)
taupvsy_inv =  (3.0192459229123497e-05+4.7858937353667134e-08j)
vx2_sy * taupvsy_inv =  (2.1002585858772598e-06+4.806484167052075e-09j)
ldiff_DD_y in micro-meter =  14.622281774430533

sx-sz coupling
AK = 
 [[ 1.51594e-08-4.26120e-08j -3.52145e-20+2.50879e-19j
  -4.71788e-14-3.93331e-14j  2.77780e-11+3.30690e-10j]
 [-7.01213e-20-7.59706e-19j  2.18480e-08+6.62875e-24j
   1.45715e-10+6.65301e-11j -2.01075e-14-3.01461e-17j]
 [-4.71784e-14-3.93331e-14j -1.46006e-10+6.61844e-11j
   2.11014e-06-7.97782e-10j  4.27076e-10-4.81246e-10j]
 [ 2.30864e-10-2.38037e-10j -2.01075e-14-2.98069e-17j
   1.21235e-09+3.99858e-10j  2.10699e-06+1.95017e-09j]]
BK = 
 [[ 4.69724e-07-1.27427e-06j -6.68279e-03+3.02930e-03j
   6.97264e-02+6.13964e-05j  1.40707e-06-1.62599e-05j]
 [ 6.66946e-03+3.04513e-03j -9.20328e-07-1.36434e-09j
   1.14016e-05+1.43362e-05j  6.96637e-02+5.44776e-05j]
 [ 6.97264e-02+6.13964e-05j  1.40707e-06-1.62599e-05j
   1.45429e-08+1.09660e-04j -8.97540e-04+4.06799e-04j]
 [ 1.14016e-05+1.43362e-05j  6.96637e-02+5.44776e-05j
   8.95708e-04+4.08956e-04j -1.48729e-07-1.85171e-10j]]
CK = 
 [[-9.62769e-10-3.39041e-10j  1.93807e-09-8.84080e-10j
   3.02182e-05-3.80814e-08j  3.43890e-09-4.40985e-09j]
 [-3.05611e-09+3.16800e-09j  3.88880e-13-1.15679e-12j
   1.24217e-08-4.84129e-10j  3.02003e-05+4.22527e-09j]
 [ 2.16719e-07-6.10887e-07j -6.21277e-12+7.30068e-11j
   1.33016e-09-6.83564e-10j  2.89392e-06-1.30947e-06j]
 [-8.37703e-11+1.30033e-10j  3.13397e-07-2.45167e-10j
  -2.89363e-06-1.31403e-06j -8.66507e-10-1.08035e-10j]]
ldiff_xz (from CK) in micro-meter =  [-16.6473  -18.63129  16.64957  18.63172]
T1xinv =  (1.515937106206236e-08-4.2612046499109584e-08j)
T1zinv =  (2.1848048113065042e-08-6.00375036526088e-21j)
vx2_sx * taupvsx_inv =  (2.1101368597148445e-06-7.977820062676682e-10j)
vx2_sz * taupvsz_inv =  (2.1069917792557563e-06+1.950167444435551e-09j)
vxz =  (-0.006682790227024846+0.0030293045592947126j)
vzx =  (0.006669464843711518+0.003045128493491468j)
vxz0 =  (-1.5665571797915745e-05-2.0794461744178288e-05j)
vzx0 =  (-1.0936777325989009e-05+1.4562514571912226e-05j)
T1xinv vxz =  (2.777796995923735e-11+3.3068971977212365e-10j)
T1zinv vzx =  (1.4571478879382334e-10+6.653011383622682e-11j)
T1zinv vxz =  (-1.460059224095415e-10+6.61843917606383e-11j)
T1xinv vzx =  (2.308640493116246e-10-2.3803731327991573e-10j)
AK_appr = 
 [[1.51594e-08-4.26120e-08j 0.00000e+00+0.00000e+00j
  0.00000e+00+0.00000e+00j 0.00000e+00+0.00000e+00j]
 [0.00000e+00+0.00000e+00j 2.18480e-08-6.00375e-21j
  0.00000e+00+0.00000e+00j 0.00000e+00+0.00000e+00j]
 [0.00000e+00+0.00000e+00j 0.00000e+00+0.00000e+00j
  2.11014e-06-7.97782e-10j 0.00000e+00+0.00000e+00j]
 [0.00000e+00+0.00000e+00j 0.00000e+00+0.00000e+00j
  0.00000e+00+0.00000e+00j 2.10699e-06+1.95017e-09j]]
BK_appr = 
 [[ 0.     +0.00000e+00j -0.00668+3.02930e-03j  0.06973+6.13964e-05j
   0.     +0.00000e+00j]
 [ 0.00667+3.04513e-03j  0.     +0.00000e+00j  0.     +0.00000e+00j
   0.06966+5.44776e-05j]
 [ 0.06973+6.13964e-05j  0.     +0.00000e+00j  0.     +0.00000e+00j
   0.     +0.00000e+00j]
 [ 0.     +0.00000e+00j  0.06966+5.44776e-05j  0.     +0.00000e+00j
   0.     +0.00000e+00j]]
1 / vx2_sx =  (14.3417666227605-0.012628401386420863j)
1 / vx2_sz =  (14.354669018637141-0.011225471366050363j)
vxz / vx2_sx / vx2_sz =  (-1.37475701237415+0.6259337937253118j)
vzx / vx2_sx / vx2_sz =  (1.3740927939523895+0.6246214144205019j)
BK_appr_inv = 
 [[ 0.     +0.j      -0.     +0.j      14.34177-0.01263j  0.     +0.j     ]
 [ 0.     +0.j      -0.     +0.j       0.     +0.j      14.35467-0.01123j]
 [14.34177-0.01263j -0.     +0.j       0.     +0.j       1.37476-0.62593j]
 [ 0.     +0.j      14.35467-0.01123j -1.37409-0.62462j  0.     +0.j     ]]
CK_appr = 
 [[ 0.00000e+00+0.00000e+00j  0.00000e+00+0.00000e+00j
   3.02631e-05-3.80893e-08j  0.00000e+00+0.00000e+00j]
 [ 0.00000e+00+0.00000e+00j  0.00000e+00+0.00000e+00j
   0.00000e+00+0.00000e+00j  3.02452e-05+4.34203e-09j]
 [ 2.16874e-07-6.11323e-07j  0.00000e+00+0.00000e+00j
   0.00000e+00+0.00000e+00j  2.89782e-06-1.31616e-06j]
 [ 0.00000e+00+0.00000e+00j  3.13621e-07-2.45255e-10j
  -2.90002e-06-1.31694e-06j  0.00000e+00+0.00000e+00j]]
lambda_appr_xz =  [ 3.18020e-06-3.45426e-06j  2.84192e-06+6.08088e-07j
 -3.18020e-06+3.45426e-06j -2.84192e-06-6.08088e-07j]
ldiff_xz (from CK_appr) in micro-meter =  [ 16.63974  18.62039 -16.63974 -18.62039]
b =  (-5.888486286142557e-12+1.8514224625416082e-11j)
c =  (6.192328467053638e-23-1.756055526214471e-22j)
b*b - 4*c =  (-5.557953814204198e-22+4.843806948751376e-22j)
sqrt(b*b - 4*c) =  (9.525010111303893e-12+2.5426781138021802e-11j)
E2_plus =  (7.706748198723226e-12+3.45627825630286e-12j)
E2_minus =  (-1.8182619125806681e-12-2.1970502881718942e-11j)

sy-sz coupling
AK = 
 [[ 1.51594e-08+4.26120e-08j  3.76143e-20+1.82969e-19j
  -4.75165e-14+3.85583e-14j  5.15672e-11-3.27818e-10j]
 [-2.01389e-19+4.21602e-19j  2.18480e-08+6.62875e-24j
   1.40976e-10-7.60621e-11j -2.01075e-14-3.01461e-17j]
 [-4.75169e-14+3.85585e-14j -1.40847e-10-7.65464e-11j
   2.10026e-06+4.80648e-09j -1.03136e-09-3.16377e-10j]
 [ 2.46167e-10+2.22182e-10j -2.01075e-14-2.98069e-17j
  -6.17804e-10+6.02424e-10j  2.10699e-06+1.95017e-09j]]
BK = 
 [[ 4.51080e-07+1.27558e-06j -6.44668e-03-3.50358e-03j
   6.95624e-02+4.89294e-05j -1.86001e-05+5.66938e-06j]
 [ 6.45259e-03-3.48141e-03j -9.20328e-07-1.36434e-09j
  -1.30695e-05-1.22560e-06j  6.96637e-02+5.44776e-05j]
 [ 6.95624e-02+4.89294e-05j -1.86001e-05+5.66938e-06j
   5.95552e-08-1.09664e-04j -8.65799e-04-4.70524e-04j]
 [-1.30695e-05-1.22560e-06j  6.96637e-02+5.44776e-05j
   8.66616e-04-4.67520e-04j -1.48729e-07-1.85171e-10j]]
CK = 
 [[-9.65511e-10+3.45344e-10j  1.87830e-09+1.01519e-09j
   3.01475e-05+4.77186e-08j -9.12067e-09-2.57429e-09j]
 [-3.29030e-09-2.95670e-09j -1.53461e-13+1.10383e-12j
  -3.19762e-09+9.17252e-09j  3.02002e-05+4.32636e-09j]
 [ 2.18199e-07+6.11979e-07j  8.36971e-11-2.56129e-11j
  -1.57700e-09+7.67020e-10j  2.80038e-06+1.51478e-06j]
 [ 1.02328e-10+3.82934e-11j  3.13397e-07-2.45247e-10j
  -2.79160e-06+1.50328e-06j  1.87095e-09+1.15280e-10j]]
ldiff_yz (from CK) in micro-meter =  [ 16.6567   18.62105 -16.65383 -18.62024]
T1yinv =  (1.5159371062860786e-08+4.261204650042084e-08j)
T1zinv =  (2.1848048113065042e-08-6.00375036526088e-21j)
vx2_sy * taupvsy_inv =  (2.1002585858772598e-06+4.806484167052075e-09j)
vx2_sz * taupvsz_inv =  (2.1069917792557563e-06+1.950167444435551e-09j)
vyz =  (-0.0064466799383266484-0.003503581657072209j)
vzy =  (0.006452588706618846-0.0034814146014278302j)
vyz0 =  (-6.39495817443352e-06+5.4183508283333765e-06j)
vzy0 =  (1.1000152882930699e-05-1.1680074592023486e-05j)
T1xinv vyz =  (-2.4702239778803537e-10+2.2159413091105913e-10j)
T1zinv vzy =  (1.4097646851600777e-10-7.606211371356113e-11j)
T1zinv vyz =  (-1.4084737346211284e-10-7.654642061172706e-11j)
T1xinv vzy =  (-5.053301436421362e-11-3.2773406576999806e-10j)
AK_appr = 
 [[1.51594e-08+4.26120e-08j 0.00000e+00+0.00000e+00j
  0.00000e+00+0.00000e+00j 0.00000e+00+0.00000e+00j]
 [0.00000e+00+0.00000e+00j 2.18480e-08-6.00375e-21j
  0.00000e+00+0.00000e+00j 0.00000e+00+0.00000e+00j]
 [0.00000e+00+0.00000e+00j 0.00000e+00+0.00000e+00j
  2.10026e-06+4.80648e-09j 0.00000e+00+0.00000e+00j]
 [0.00000e+00+0.00000e+00j 0.00000e+00+0.00000e+00j
  0.00000e+00+0.00000e+00j 2.10699e-06+1.95017e-09j]]
BK_appr = 
 [[ 0.     +0.00000e+00j -0.00645-3.50358e-03j  0.06956+4.89294e-05j
   0.     +0.00000e+00j]
 [ 0.00645-3.48141e-03j  0.     +0.00000e+00j  0.     +0.00000e+00j
   0.06966+5.44776e-05j]
 [ 0.06956+4.89294e-05j  0.     +0.00000e+00j  0.     +0.00000e+00j
   0.     +0.00000e+00j]
 [ 0.     +0.00000e+00j  0.06966+5.44776e-05j  0.     +0.00000e+00j
   0.     +0.00000e+00j]]
1 / vx2_sy =  (14.37556824232695-0.010111613845198717j)
1 / vx2_sz =  (14.354669018637141-0.011225471366050363j)
vyz / vx2_sy / vx2_sz =  (-1.3313876548930328-0.7210104895197078j)
vzy / vx2_sy / vx2_sz =  (1.3304659162788515-0.7203900773638513j)
BK_appr_inv = 
 [[ 0.     +0.j      -0.     +0.j      14.37557-0.01011j  0.     +0.j     ]
 [ 0.     +0.j      -0.     +0.j       0.     +0.j      14.35467-0.01123j]
 [14.37557-0.01011j -0.     +0.j       0.     +0.j       1.33139+0.72101j]
 [ 0.     +0.j      14.35467-0.01123j -1.33047+0.72039j  0.     +0.j     ]]
CK_appr = 
 [[ 0.00000e+00+0.00000e+00j  0.00000e+00+0.00000e+00j
   3.01925e-05+4.78589e-08j  0.00000e+00+0.00000e+00j]
 [ 0.00000e+00+0.00000e+00j  0.00000e+00+0.00000e+00j
   0.00000e+00+0.00000e+00j  3.02452e-05+4.34203e-09j]
 [ 2.18355e-07+6.12419e-07j  0.00000e+00+0.00000e+00j
   0.00000e+00+0.00000e+00j  2.80382e-06+1.52176e-06j]
 [ 0.00000e+00+0.00000e+00j  3.13621e-07-2.45255e-10j
  -2.79779e-06+1.50661e-06j  0.00000e+00+0.00000e+00j]]
lambda_appr_yz =  [ 3.17889e-06+3.45051e-06j  2.84359e-06-6.11213e-07j
 -3.17889e-06-3.45051e-06j -2.84359e-06+6.11213e-07j]
ldiff_yz (from CK_appr) in micro-meter =  [ 16.64658  18.60948 -16.64658 -18.60948]
b =  (-5.911746067086214e-12-1.8461536636193642e-11j)
c =  (6.236925116227024e-23+1.7545123587796869e-22j)
b*b - 4*c =  (-5.553565980568917e-22-4.835251103091031e-22j)
sqrt(b*b - 4*c) =  (9.513085337344084e-12-2.5413685106502807e-11j)
E2_plus =  (7.712415702215148e-12-3.4760742351545825e-12j)
E2_minus =  (-1.8006696351289349e-12+2.1937610871348226e-11j)

sx-sy coupling
AK = 
 [[ 1.51594e-08-4.26120e-08j -1.37885e-18+9.08318e-19j
  -4.71788e-14-3.93331e-14j -1.59846e-14-1.47564e-14j]
 [-2.08155e-18-9.75831e-19j  1.51594e-08+4.26120e-08j
  -1.60263e-14+1.47107e-14j -4.75165e-14+3.85583e-14j]
 [-4.71784e-14-3.93331e-14j  2.17129e-14+1.34535e-15j
   2.11014e-06-7.97782e-10j  6.79846e-10-8.71478e-10j]
 [ 2.17164e-14-1.28346e-15j -4.75169e-14+3.85585e-14j
   6.57309e-10+9.02143e-10j  2.10026e-06+4.80648e-09j]]
BK = 
 [[ 4.69724e-07-1.27427e-06j  1.88936e-07-4.42333e-07j
   6.97264e-02+6.13964e-05j -1.58264e-05+2.09686e-05j]
 [ 1.87671e-07+4.42864e-07j  4.51080e-07+1.27558e-06j
  -1.58693e-05-2.07414e-05j  6.95624e-02+4.89294e-05j]
 [ 6.97264e-02+6.13964e-05j -1.58264e-05+2.09686e-05j
   1.45429e-08+1.09660e-04j -6.56368e-09-6.02030e-08j]
 [-1.58693e-05-2.07414e-05j  6.95624e-02+4.89294e-05j
  -6.74278e-09+6.03315e-08j  5.95552e-08-1.09664e-04j]]
CK = 
 [[-9.62461e-10-3.40670e-10j -1.97172e-13+2.66764e-13j
   3.02631e-05-3.80889e-08j  1.65989e-08-2.15818e-08j]
 [-1.97205e-13-2.65019e-13j -9.66098e-10+3.44944e-10j
   1.63802e-08+2.19720e-08j  3.01925e-05+4.78586e-08j]
 [ 2.16874e-07-6.11324e-07j  2.33797e-10+7.31278e-11j
  -2.03627e-10+5.52964e-10j -8.21042e-11+1.91649e-10j]
 [ 2.31701e-10-7.49521e-11j  2.18355e-07+6.12419e-07j
  -8.21693e-11-1.92673e-10j -1.96237e-10-5.53290e-10j]]
ldiff_xy (from CK) in micro-meter =  [-14.62655  14.63127 -14.61993  14.62463]
T1xinv =  (1.515937106206236e-08-4.2612046499109584e-08j)
T1yinv =  (1.5159371062860786e-08+4.261204650042084e-08j)
vx2_sx * taupvsx_inv =  (2.1101368597148445e-06-7.977820062676682e-10j)
vx2_sy * taupvsz_inv =  (2.1039289007434956e-06+1.7819225285232951e-09j)
vxy =  (1.889358377299606e-07-4.423327648862775e-07j)
vyx =  (1.876712056395543e-07+4.4286395002265423e-07j)
vxy0 =  (-0.002711718359286402-0.0014605353389355667j)
vyx0 =  (0.002705108658378479-0.001464161300875147j)
T1xinv vxy =  (-1.598455587434369e-14-1.4756429218516374e-14j)
T1zinv vyx =  (-1.6026361787620937e-14+1.4710593090260378e-14j)
T1zinv vxy =  (2.17128528172147e-14+1.3454561867728082e-15j)
T1xinv vyx =  (2.1716316675099298e-14-1.283515192852589e-15j)
AK_appr = 
 [[1.51594e-08-4.26120e-08j 0.00000e+00+0.00000e+00j
  0.00000e+00+0.00000e+00j 0.00000e+00+0.00000e+00j]
 [0.00000e+00+0.00000e+00j 1.51594e-08+4.26120e-08j
  0.00000e+00+0.00000e+00j 0.00000e+00+0.00000e+00j]
 [0.00000e+00+0.00000e+00j 0.00000e+00+0.00000e+00j
  2.11014e-06-7.97782e-10j 0.00000e+00+0.00000e+00j]
 [0.00000e+00+0.00000e+00j 0.00000e+00+0.00000e+00j
  0.00000e+00+0.00000e+00j 2.10026e-06+4.80648e-09j]]
BK_appr = 
 [[0.00000e+00+0.00000e+00j 1.88936e-07-4.42333e-07j
  6.97264e-02+6.13964e-05j 0.00000e+00+0.00000e+00j]
 [1.87671e-07+4.42864e-07j 0.00000e+00+0.00000e+00j
  0.00000e+00+0.00000e+00j 6.95624e-02+4.89294e-05j]
 [6.97264e-02+6.13964e-05j 0.00000e+00+0.00000e+00j
  0.00000e+00+0.00000e+00j 0.00000e+00+0.00000e+00j]
 [0.00000e+00+0.00000e+00j 6.95624e-02+4.89294e-05j
  0.00000e+00+0.00000e+00j 0.00000e+00+0.00000e+00j]]
1 / vx2_sx =  (14.3417666227605-0.012628401386420863j)
1 / vx2_sy =  (14.37556824232695-0.010111613845198717j)
vxy / vx2_sx / vx2_sy =  (3.880862725941475e-05-9.125785047354704e-05j)
vyx / vx2_sx / vx2_sy =  (3.883696572443125e-05+9.124438103657906e-05j)
BK_appr_inv = 
 [[ 0.00000e+00+0.00000e+00j -0.00000e+00+0.00000e+00j
   1.43418e+01-1.26284e-02j  0.00000e+00+0.00000e+00j]
 [ 0.00000e+00+0.00000e+00j -0.00000e+00+0.00000e+00j
   0.00000e+00+0.00000e+00j  1.43756e+01-1.01116e-02j]
 [ 1.43418e+01-1.26284e-02j -0.00000e+00+0.00000e+00j
   0.00000e+00+0.00000e+00j -3.88086e-05+9.12579e-05j]
 [ 0.00000e+00+0.00000e+00j  1.43756e+01-1.01116e-02j
  -3.88370e-05-9.12444e-05j  0.00000e+00+0.00000e+00j]]
CK_appr = 
 [[ 0.00000e+00+0.00000e+00j  0.00000e+00+0.00000e+00j
   3.02631e-05-3.80893e-08j  0.00000e+00+0.00000e+00j]
 [ 0.00000e+00+0.00000e+00j  0.00000e+00+0.00000e+00j
   0.00000e+00+0.00000e+00j  3.01925e-05+4.78589e-08j]
 [ 2.16874e-07-6.11323e-07j  0.00000e+00+0.00000e+00j
   0.00000e+00+0.00000e+00j -8.19468e-11+1.91479e-10j]
 [ 0.00000e+00+0.00000e+00j  2.18355e-07+6.12419e-07j
  -8.20241e-11-1.92507e-10j  0.00000e+00+0.00000e+00j]]
lambda_appr_xy =  [-3.61734e-06+2.55835e-06j  3.61734e-06-2.55835e-06j
 -3.61898e-06-2.55609e-06j  3.61898e-06+2.55609e-06j]
ldiff_xy (from CK_appr) in micro-meter =  [-14.62891  14.62891 -14.62228  14.62228]
b =  (-1.3103369960232887e-11+7.902814306322983e-15j)
c =  (3.8535353706374618e-22-4.845431416709897e-25j)
b*b - 4*c =  (-1.369715906394725e-21+1.7310655675184165e-24j)
sqrt(b*b - 4*c) =  (2.3386659145352356e-14+3.700968053537549e-11j)
E2_plus =  (6.56337830968912e-12+1.8500888860534583e-11j)
E2_minus =  (6.539991650543767e-12-1.8508791674840904e-11j)

sx-sy-sz coupling
AK = 
 [[ 1.51594e-08-4.26120e-08j -1.37885e-18+9.08318e-19j
  -3.52145e-20+2.50879e-19j -4.71788e-14-3.93331e-14j
  -1.59846e-14-1.47564e-14j  2.77780e-11+3.30690e-10j]
 [-2.08155e-18-9.75831e-19j  1.51594e-08+4.26120e-08j
   3.76144e-20+1.82969e-19j -1.60263e-14+1.47107e-14j
  -4.75165e-14+3.85583e-14j  5.15672e-11-3.27818e-10j]
 [-7.01213e-20-7.59706e-19j -2.01389e-19+4.21602e-19j
   2.18480e-08+6.65582e-24j  1.45715e-10+6.65301e-11j
   1.40976e-10-7.60621e-11j -2.01075e-14-3.01462e-17j]
 [-4.71784e-14-3.93331e-14j  2.17129e-14+1.34535e-15j
  -1.46006e-10+6.61844e-11j  2.11014e-06-7.97782e-10j
   6.79846e-10-8.71478e-10j  4.27076e-10-4.81246e-10j]
 [ 2.17164e-14-1.28346e-15j -4.75169e-14+3.85585e-14j
  -1.40847e-10-7.65464e-11j  6.57309e-10+9.02143e-10j
   2.10026e-06+4.80648e-09j -1.03136e-09-3.16377e-10j]
 [ 2.30864e-10-2.38037e-10j  2.46167e-10+2.22182e-10j
  -2.01075e-14-2.98069e-17j  1.21235e-09+3.99858e-10j
  -6.17804e-10+6.02424e-10j  2.10699e-06+1.95017e-09j]]
BK = 
 [[ 4.69724e-07-1.27427e-06j  1.88936e-07-4.42333e-07j
  -6.68279e-03+3.02930e-03j  6.97264e-02+6.13964e-05j
  -1.58264e-05+2.09686e-05j  1.40707e-06-1.62599e-05j]
 [ 1.87671e-07+4.42864e-07j  4.51080e-07+1.27558e-06j
  -6.44668e-03-3.50358e-03j -1.58693e-05-2.07414e-05j
   6.95624e-02+4.89294e-05j -1.86001e-05+5.66938e-06j]
 [ 6.66946e-03+3.04513e-03j  6.45259e-03-3.48141e-03j
  -9.20328e-07-1.36434e-09j  1.14016e-05+1.43362e-05j
  -1.30695e-05-1.22560e-06j  6.96637e-02+5.44776e-05j]
 [ 6.97264e-02+6.13964e-05j -1.58264e-05+2.09686e-05j
   1.40707e-06-1.62599e-05j  1.45429e-08+1.09660e-04j
  -6.56368e-09-6.02030e-08j -8.97540e-04+4.06799e-04j]
 [-1.58693e-05-2.07414e-05j  6.95624e-02+4.89294e-05j
  -1.86001e-05+5.66938e-06j -6.74278e-09+6.03315e-08j
   5.95552e-08-1.09664e-04j -8.65799e-04-4.70524e-04j]
 [ 1.14016e-05+1.43362e-05j -1.30695e-05-1.22560e-06j
   6.96637e-02+5.44776e-05j  8.95708e-04+4.08956e-04j
   8.66616e-04-4.67520e-04j -1.48729e-07-1.85171e-10j]]
CK = 
 [[-9.62769e-10-3.39044e-10j  1.87706e-12+1.51821e-13j
   1.93592e-09-8.83104e-10j  3.02182e-05-3.80816e-08j
  -1.05296e-08+1.40715e-08j  3.45782e-09-4.41767e-09j]
 [-2.89368e-12+1.18482e-12j -9.65512e-10+3.45344e-10j
   1.87622e-09+1.01406e-09j -1.07637e-08-1.39297e-08j
   3.01476e-05+4.77186e-08j -9.14374e-09-2.58805e-09j]
 [-3.05393e-09+3.16578e-09j -3.28799e-09-2.95461e-09j
  -1.44029e-13-5.24179e-14j  1.24154e-08-4.88889e-10j
  -3.18627e-09+9.16727e-09j  3.01554e-05+4.21004e-09j]
 [ 2.16719e-07-6.10887e-07j -2.10000e-10-6.68411e-11j
  -6.21156e-12+7.30617e-11j  1.32940e-09-6.83401e-10j
  -2.83226e-10+5.27642e-10j  2.89071e-06-1.30802e-06j]
 [-2.10847e-10+6.50275e-11j  2.18199e-07+6.11980e-07j
   8.36623e-11-2.56964e-11j  2.13433e-10+2.72858e-10j
  -1.57543e-09+7.66799e-10j  2.79729e-06+1.51308e-06j]
 [-8.36026e-11+1.29787e-10j  1.02175e-10+3.82512e-11j
   3.13173e-07-2.45157e-10j -2.89194e-06-1.31328e-06j
  -2.78998e-06+1.50240e-06j  6.06109e-10+6.99954e-12j]]
ldiff_xyz (from CK) in micro-meter =  [ 17.8319  -17.83708 -17.8301  -18.14819  18.15339  17.83969]
vij = 
 [[ 4.69724e-07-1.27427e-06j  1.88936e-07-4.42333e-07j
  -6.68279e-03+3.02930e-03j]
 [ 1.87671e-07+4.42864e-07j  4.51080e-07+1.27558e-06j
  -6.44668e-03-3.50358e-03j]
 [ 6.66946e-03+3.04513e-03j  6.45259e-03-3.48141e-03j
  -9.20328e-07-1.36434e-09j]]
vij0 =  [[ 1.95202e-07-1.98558e-07j -2.71172e-03-1.46054e-03j
  -1.56656e-05-2.07945e-05j]
 [ 2.70465e-03-1.46882e-03j -3.85179e-07+3.56766e-11j
  -6.39496e-06+5.41835e-06j]
 [-1.09228e-05+1.45865e-05j  1.09903e-05-1.17024e-05j
  -1.61126e-07+8.36003e-06j]]
AK_appr = 
 [[1.51594e-08-4.26120e-08j 0.00000e+00+0.00000e+00j
  0.00000e+00+0.00000e+00j 0.00000e+00+0.00000e+00j
  0.00000e+00+0.00000e+00j 0.00000e+00+0.00000e+00j]
 [0.00000e+00+0.00000e+00j 1.51594e-08+4.26120e-08j
  0.00000e+00+0.00000e+00j 0.00000e+00+0.00000e+00j
  0.00000e+00+0.00000e+00j 0.00000e+00+0.00000e+00j]
 [0.00000e+00+0.00000e+00j 0.00000e+00+0.00000e+00j
  2.18480e-08-6.00375e-21j 0.00000e+00+0.00000e+00j
  0.00000e+00+0.00000e+00j 0.00000e+00+0.00000e+00j]
 [0.00000e+00+0.00000e+00j 0.00000e+00+0.00000e+00j
  0.00000e+00+0.00000e+00j 2.11014e-06-7.97782e-10j
  0.00000e+00+0.00000e+00j 0.00000e+00+0.00000e+00j]
 [0.00000e+00+0.00000e+00j 0.00000e+00+0.00000e+00j
  0.00000e+00+0.00000e+00j 0.00000e+00+0.00000e+00j
  2.10026e-06+4.80648e-09j 0.00000e+00+0.00000e+00j]
 [0.00000e+00+0.00000e+00j 0.00000e+00+0.00000e+00j
  0.00000e+00+0.00000e+00j 0.00000e+00+0.00000e+00j
  0.00000e+00+0.00000e+00j 2.10699e-06+1.95017e-09j]]
BK_appr = 
 [[ 0.00000e+00+0.00000e+00j  1.88936e-07-4.42333e-07j
  -6.68279e-03+3.02930e-03j  6.97264e-02+6.13964e-05j
   0.00000e+00+0.00000e+00j  0.00000e+00+0.00000e+00j]
 [ 1.87671e-07+4.42864e-07j  0.00000e+00+0.00000e+00j
  -6.44668e-03-3.50358e-03j  0.00000e+00+0.00000e+00j
   6.95624e-02+4.89294e-05j  0.00000e+00+0.00000e+00j]
 [ 6.66946e-03+3.04513e-03j  6.45259e-03-3.48141e-03j
   0.00000e+00+0.00000e+00j  0.00000e+00+0.00000e+00j
   0.00000e+00+0.00000e+00j  6.96637e-02+5.44776e-05j]
 [ 6.97264e-02+6.13964e-05j  0.00000e+00+0.00000e+00j
   0.00000e+00+0.00000e+00j  0.00000e+00+0.00000e+00j
   0.00000e+00+0.00000e+00j  0.00000e+00+0.00000e+00j]
 [ 0.00000e+00+0.00000e+00j  6.95624e-02+4.89294e-05j
   0.00000e+00+0.00000e+00j  0.00000e+00+0.00000e+00j
   0.00000e+00+0.00000e+00j  0.00000e+00+0.00000e+00j]
 [ 0.00000e+00+0.00000e+00j  0.00000e+00+0.00000e+00j
   6.96637e-02+5.44776e-05j  0.00000e+00+0.00000e+00j
   0.00000e+00+0.00000e+00j  0.00000e+00+0.00000e+00j]]
BK_appr_inv = 
 [[ 0.00000e+00+0.00000e+00j  0.00000e+00+0.00000e+00j
  -0.00000e+00+0.00000e+00j  1.43418e+01-1.26284e-02j
   0.00000e+00+0.00000e+00j  0.00000e+00+0.00000e+00j]
 [ 0.00000e+00+0.00000e+00j  0.00000e+00+0.00000e+00j
  -0.00000e+00+0.00000e+00j  0.00000e+00+0.00000e+00j
   1.43756e+01-1.01116e-02j  0.00000e+00+0.00000e+00j]
 [ 0.00000e+00+0.00000e+00j  0.00000e+00+0.00000e+00j
  -0.00000e+00+0.00000e+00j  0.00000e+00+0.00000e+00j
   0.00000e+00+0.00000e+00j  1.43547e+01-1.12255e-02j]
 [ 1.43418e+01-1.26284e-02j  0.00000e+00+0.00000e+00j
  -0.00000e+00+0.00000e+00j  0.00000e+00+0.00000e+00j
  -3.88086e-05+9.12579e-05j  1.37476e+00-6.25934e-01j]
 [ 0.00000e+00+0.00000e+00j  1.43756e+01-1.01116e-02j
  -0.00000e+00+0.00000e+00j -3.88370e-05-9.12444e-05j
   0.00000e+00+0.00000e+00j  1.33139e+00+7.21010e-01j]
 [ 0.00000e+00+0.00000e+00j  0.00000e+00+0.00000e+00j
   1.43547e+01-1.12255e-02j -1.37409e+00-6.24621e-01j
  -1.33047e+00+7.20390e-01j  0.00000e+00+0.00000e+00j]]
CK_appr = 
 [[ 0.00000e+00+0.00000e+00j  0.00000e+00+0.00000e+00j
   0.00000e+00+0.00000e+00j  3.02631e-05-3.80893e-08j
   0.00000e+00+0.00000e+00j  0.00000e+00+0.00000e+00j]
 [ 0.00000e+00+0.00000e+00j  0.00000e+00+0.00000e+00j
   0.00000e+00+0.00000e+00j  0.00000e+00+0.00000e+00j
   3.01925e-05+4.78589e-08j  0.00000e+00+0.00000e+00j]
 [ 0.00000e+00+0.00000e+00j  0.00000e+00+0.00000e+00j
   0.00000e+00+0.00000e+00j  0.00000e+00+0.00000e+00j
   0.00000e+00+0.00000e+00j  3.02452e-05+4.34203e-09j]
 [ 2.16874e-07-6.11323e-07j  0.00000e+00+0.00000e+00j
   0.00000e+00+0.00000e+00j  0.00000e+00+0.00000e+00j
  -8.19468e-11+1.91479e-10j  2.89782e-06-1.31616e-06j]
 [ 0.00000e+00+0.00000e+00j  2.18355e-07+6.12419e-07j
   0.00000e+00+0.00000e+00j -8.20241e-11-1.92507e-10j
   0.00000e+00+0.00000e+00j  2.80382e-06+1.52176e-06j]
 [ 0.00000e+00+0.00000e+00j  0.00000e+00+0.00000e+00j
   3.13621e-07-2.45255e-10j -2.90002e-06-1.31694e-06j
  -2.79779e-06+1.50661e-06j  0.00000e+00+0.00000e+00j]]
lambda_appr_xyz =  [-2.96805e-06+3.45347e-06j  2.96678e-06+3.44811e-06j
  2.96802e-06-3.45339e-06j  2.91885e-06-1.15964e-09j
 -2.91879e-06+1.15978e-09j -2.96682e-06-3.44819e-06j]
ldiff_xyz (from CK_appr) in micro-meter =  [-17.8291   17.83672  17.8293   18.12965 -18.13004 -17.83653]
