dim =  2
R = 
 [[ 4.69886 -2.34943  0.     ]
 [ 0.       4.06933  0.     ]
 [ 0.       0.      25.     ]]
volume =  478.0302990950002
area =  19.121211963800008
valley:
 [[ 0.33333  0.33333  0.     ]
 [-0.33333 -0.33333 -0.     ]]

##################################################
read and compute electronic quantities
##################################################
isMetal =  True
nb =  4
nk_full =  230400.0  nk =  926  , kmesh =  [480 480   1]
nkpair =  424737
T =  0.000950043414701698
emin =  -0.0058255018  emax =  0.013175367
k to valley:
 [[[ 0.       0.       0.     ]
  [-0.33333 -0.33333  0.     ]]

 [[ 0.33333  0.33333  0.     ]
  [ 0.       0.       0.     ]]

 [[ 0.       0.00208  0.     ]
  [-0.33333 -0.33125  0.     ]]

 [[ 0.33333  0.33542  0.     ]
  [ 0.       0.00208  0.     ]]

 [[ 0.       0.00417  0.     ]
  [-0.33333 -0.32917  0.     ]]

 [[ 0.33333  0.3375   0.     ]
  [ 0.       0.00417  0.     ]]

 [[ 0.       0.00625  0.     ]
  [-0.33333 -0.32708  0.     ]]

 [[ 0.33333  0.33958  0.     ]
  [ 0.       0.00625  0.     ]]

 [[ 0.       0.00833  0.     ]
  [-0.33333 -0.325    0.     ]]

 [[ 0.33333  0.34167  0.     ]
  [ 0.       0.00833  0.     ]]]
valley of k:
 [0 1 0 1 0 1 0 1 0 1]
valley pol. of k:
 [-1  1 -1  1 -1  1 -1  1 -1  1]
Ek: [[-0.00112 -0.00112  0.00058  0.00058]
 [-0.00112 -0.00112  0.00058  0.00058]
 [-0.00175 -0.00175  0.0012   0.0012 ]
 [-0.00175 -0.00175  0.0012   0.0012 ]
 [-0.00282 -0.00282  0.00228  0.00228]
 [-0.00282 -0.00282  0.00228  0.00228]
 [-0.00398 -0.00398  0.00343  0.00343]
 [-0.00398 -0.00398  0.00343  0.00343]
 [-0.00516 -0.00516  0.00461  0.00461]
 [-0.00516 -0.00516  0.00461  0.00461]]
vbm in eV =  -0.03055606753986862
cbm in eV =  0.015742034706240013
gap in eV =  0.046298102246108634
fk: [[0.99364 0.99363 0.963   0.96299]
 [0.99364 0.99363 0.963   0.96299]
 [0.99669 0.99668 0.93114 0.93109]
 [0.99669 0.99668 0.93114 0.93109]
 [0.99893 0.99893 0.81301 0.81288]
 [0.99893 0.99893 0.81301 0.81288]
 [0.99968 0.99968 0.5631  0.5629 ]
 [0.99968 0.99968 0.5631  0.5629 ]
 [0.99991 0.99991 0.27176 0.2716 ]
 [0.99991 0.99991 0.27176 0.2716 ]]

electron density =  1.451e+12 in cm^-d
hole density =  1.781e+09 in cm^-d
excess density =  1.449e+12 in cm^-d

sk:
 [[[[-9.28269e-09-1.96570e-18j  1.72108e-01+4.69445e-01j
     4.67585e-09+3.99864e-08j -2.09137e-06-2.69590e-04j]
   [ 1.72108e-01-4.69445e-01j  9.28279e-09-2.92965e-18j
    -6.27061e-05+2.62204e-04j  1.41225e-11+3.52788e-12j]
   [ 4.67585e-09-3.99864e-08j -6.27061e-05-2.62204e-04j
    -5.50620e-08-4.50614e-20j  5.43443e-02-4.97038e-01j]
   [-2.09137e-06+2.69590e-04j  1.41224e-11-3.52791e-12j
     5.43443e-02+4.97038e-01j  5.50617e-08+5.86183e-19j]]

  [[ 7.07572e-09-2.37844e-18j -4.69445e-01+1.72108e-01j
     3.99867e-08-4.69651e-09j  2.69590e-04-2.09138e-06j]
   [-4.69445e-01-1.72108e-01j -7.07568e-09+5.55026e-18j
    -2.62204e-04-6.27061e-05j -3.83644e-12+9.59039e-12j]
   [ 3.99867e-08+4.69651e-09j -2.62204e-04+6.27061e-05j
     4.93350e-09-2.10376e-18j -4.97038e-01-5.43443e-02j]
   [ 2.69590e-04+2.09138e-06j -3.83642e-12-9.59043e-12j
    -4.97038e-01+5.43443e-02j -4.93373e-09+2.63938e-18j]]

  [[-5.00000e-01-2.60892e-15j -9.83855e-09-6.28005e-09j
     2.32792e-12+5.91108e-13j  3.56242e-12+5.05906e-12j]
   [-9.83855e-09+6.28005e-09j  5.00000e-01+2.74402e-15j
    -4.28816e-12+2.95796e-11j -5.07670e-04-1.81666e-04j]
   [ 2.32792e-12-5.91107e-13j -4.28818e-12-2.95796e-11j
     5.00000e-01+2.74376e-15j  1.08889e-08-5.41993e-08j]
   [ 3.56244e-12-5.05907e-12j -5.07670e-04+1.81666e-04j
     1.08889e-08+5.41993e-08j -5.00000e-01-2.55504e-15j]]]


 [[[ 1.30509e-08+6.98360e-18j -1.72104e-01+4.69447e-01j
     3.25093e-08-2.37468e-08j -9.27780e-05+2.53117e-04j]
   [-1.72104e-01-4.69447e-01j -1.30507e-08+1.62355e-18j
     1.49631e-04-2.24246e-04j -4.48154e-12+1.54659e-12j]
   [ 3.25093e-08+2.37468e-08j  1.49631e-04+2.24246e-04j
    -3.23072e-09-1.91699e-18j -2.77547e-01-4.15894e-01j]
   [-9.27780e-05-2.53117e-04j -4.48151e-12-1.54651e-12j
    -2.77547e-01+4.15894e-01j  3.23050e-09+1.16576e-18j]]

  [[-1.24939e-08+1.51466e-17j  4.69447e-01+1.72104e-01j
     2.37555e-08+3.25066e-08j  2.53117e-04+9.27780e-05j]
   [ 4.69447e-01-1.72104e-01j  1.24939e-08-1.69985e-17j
    -2.24246e-04-1.49631e-04j  9.28081e-12+4.41996e-12j]
   [ 2.37555e-08-3.25066e-08j -2.24246e-04+1.49631e-04j
     7.77119e-09-8.37960e-19j  4.15894e-01-2.77547e-01j]
   [ 2.53117e-04-9.27780e-05j  9.28086e-12-4.42002e-12j
     4.15894e-01+2.77547e-01j -7.77094e-09+6.47302e-19j]]

  [[ 5.00000e-01-5.76758e-16j  1.62225e-08-7.95270e-09j
     8.43151e-13+3.16420e-12j  8.42868e-12-4.32168e-12j]
   [ 1.62225e-08+7.95270e-09j -5.00000e-01+4.46696e-16j
    -4.47028e-12-8.19739e-13j -5.39168e-04+3.24586e-08j]
   [ 8.43151e-13-3.16420e-12j -4.47027e-12+8.19748e-13j
    -5.00000e-01+8.08210e-16j  8.25714e-09-1.62667e-09j]
   [ 8.42867e-12+4.32167e-12j -5.39168e-04-3.24586e-08j
     8.25714e-09+1.62667e-09j  5.00000e-01-5.94950e-16j]]]


 [[[-4.26496e-01-2.36913e-15j -2.59356e-01+2.89108e-02j
     8.97209e-05-4.43948e-06j  5.94201e-05-4.96190e-06j]
   [-2.59356e-01-2.89108e-02j  4.26495e-01+2.36971e-15j
     2.72128e-05-5.81054e-06j -2.08812e-04+5.37355e-06j]
   [ 8.97209e-05+4.43948e-06j  2.72128e-05+5.81054e-06j
     4.98866e-01+2.75352e-15j  9.38401e-03+3.23230e-02j]
   [ 5.94201e-05+4.96190e-06j -2.08812e-04-5.37355e-06j
     9.38401e-03-3.23230e-02j -4.98866e-01-2.68518e-15j]]

  [[-2.48742e-02-6.59195e-17j -1.47383e-02-4.99163e-01j
    -1.19387e-05+6.47090e-05j -1.43697e-06+8.29944e-05j]
   [-1.47383e-02+4.99163e-01j  2.48742e-02+9.86353e-17j
    -2.87153e-06+8.30541e-05j  4.40500e-06-6.47067e-05j]
   [-1.19387e-05-6.47090e-05j -2.87153e-06-8.30541e-05j
     3.23241e-02-2.94090e-18j  2.46069e-04-4.98954e-01j]
   [-1.43697e-06-8.29944e-05j  4.40500e-06+6.47067e-05j
     2.46069e-04+4.98954e-01j -3.23241e-02+1.30457e-16j]]

  [[-2.59774e-01-1.47278e-15j  4.27220e-01+3.30945e-04j
    -3.94367e-05-1.76458e-05j -1.26188e-04+5.56761e-06j]
   [ 4.27220e-01-3.30945e-04j  2.59774e-01+1.57601e-15j
    -1.70779e-04-3.80166e-06j -1.25667e-04-1.70100e-05j]
   [-3.94367e-05+1.76458e-05j -1.70779e-04+3.80166e-06j
     9.38031e-03+8.26229e-17j -4.99912e-01+3.61148e-04j]
   [-1.26188e-04-5.56761e-06j -1.25667e-04+1.70100e-05j
    -4.99912e-01-3.61148e-04j -9.38024e-03+5.70216e-17j]]]]
mask_Ek:
 [[ True  True  True  True]
 [ True  True  True  True]
 [ True  True  True  True]
 ...
 [ True  True  True  True]
 [ True  True  True  True]
 [ True  True  True  True]]

number of states within [emin,emax]:  2168  ( 3704 )
number of elements of rho left:  5600  ( 14816 )
mask_Ek and mask_rho are right
nb_k =  [4 4 4 4 4 4 4 4 4 4 2 2 2 2 2 2 2 2 2 2 2 2 2 2 2 2 2 2 2 2 2 2 2 2 2 2 2
 2 4 4 4 4 4 4 4 4 4 4 4 4 4 4 4 4 4 2 2 2 2 2 2 2 2 2 2 2 2 2 2 2 2 2 2 2
 2 2 2 2 2 2 4 2 4 4 4 4 4 4 4 4 4 4 4 4 4 4 4 4 2 2 2 2 2 2 2 2 2 2 2 2 2
 2 2 2 2 2 2 2 2 2 2 2 2 2 4 4 4 4 4 4 4 4 4 4 4 4 4 4 4 4 2 2 2 2 2 2 2 2
 2 2 2 2 2 2 2 2 2 2 2 2 2 2 2 2 2 2 2 2 4 4 4 4 4 4 4 4 4 4 4 4 4 2 2 2 2
 2 2 2 2 2 2 2 2 2 2 2 2 2 2 2 2 2 2 2 2 2 2 2 2 2 2 2 4 2 4 4 4 4 4 4 4 4
 2 2 2 2 2 2 2 2 2 2 2 2 2 2 2 2 2 2 2 2 2 2 2 2 2 2 2 2 2 2 2 2 2 2 2 4 4
 4 4 4 2 4 2 2 2 2 2 2 2 2 2 2 2 2 2 2 2 2 2 2 2 2 2 2 2 2 2 2 2 2 2 2 2 2
 2 2 2 2 2 2 2 2 2 2 2 2 2 2 2 2 2 2 2 2 2 2 2 2 2 2 2 2 2 2 2 2 2 2 2 2 2
 2 2 2 2 2 2 2 2 2 2 2 2 2 2 2 2 2 2 2 2 2 2 2 2 2 2 2 2 2 2 2 2 2 2 2 2 2
 2 2 2 2 2 2 2 2 2 2 2 2 2 2 2 2 2 2 2 2 2 2 2 2 2 2 2 2 2 2 2 2 2 2 2 2 2
 2 2 2 2 2 2 2 2 2 2 2 2 2 2 2 2 2 2 2 2 2 2 2 2 2 2 2 2 2 2 2 2 2 2 2 2 2
 2 2 2 2 2 2 2 2 2 2 2 2 2 2 2 2 2 2 2 2 2 2 2 2 2 2 2 2 2 2 2 2 2 2 2 2 2
 2 2 2 2 2 2 2 2 2 2 2 2 2 2 2 2 2 2 2 2 2 2 2 2 2 2 2 2 2 2 2 2 2 2 2 2 2
 2 2 2 2 2 2 2 2 2 2 2 2 2 2 2 2 2 2 2 2 2 2 2 2 2 2 2 2 2 2 2 2 2 2 2 2 2
 2 2 2 2 2 2 2 2 2 2 2 2 2 2 2 2 2 2 2 2 2 2 2 2 2 2 2 2 2 2 2 2 2 2 2 2 2
 2 2 2 2 2 2 2 2 2 2 2 2 2 2 2 2 2 2 2 2 2 2 2 2 2 2 2 2 2 2 2 2 2 2 2 2 2
 2 2 2 2 2 2 2 2 2 2 2 2 2 2 2 2 2 2 2 2 2 2 2 2 2 2 2 2 2 2 2 2 2 2 2 2 2
 2 2 2 2 2 2 2 2 2 2 2 2 2 2 2 2 2 2 2 2 2 2 2 2 2 2 2 2 2 2 2 2 2 2 2 2 2
 2 2 2 2 2 2 2 4 2 4 4 4 4 4 2 2 2 2 2 2 2 2 2 2 2 2 2 2 2 2 2 2 2 2 2 2 2
 2 2 2 2 2 2 2 2 2 2 4 4 4 4 4 4 4 4 4 4 2 4 2 2 2 2 2 2 2 2 2 2 2 2 2 2 2
 2 2 2 2 2 2 2 2 2 2 2 2 2 2 2 2 4 4 4 4 4 4 4 4 4 4 4 4 4 2 2 2 2 2 2 2 2
 2 2 2 2 2 2 2 2 2 2 2 2 2 2 2 2 2 2 2 2 4 4 4 4 4 4 4 4 4 4 4 4 4 4 4 4 2
 2 2 2 2 2 2 2 2 2 2 2 2 2 2 2 2 2 2 2 2 2 2 2 2 2 4 4 4 4 4 4 4 4 4 4 4 4
 4 4 4 4 2 4 2 2 2 2 2 2 2 2 2 2 2 2 2 2 2 2 2 2 2 2 2 2 2 2 2 4 4 4 4 4 4
 4]
ind_k_state =  [   0    4    8   12   16   20   24   28   32   36   40   42   44   46
   48   50   52   54   56   58   60   62   64   66   68   70   72   74
   76   78   80   82   84   86   88   90   92   94   96  100  104  108
  112  116  120  124  128  132  136  140  144  148  152  156  160  164
  166  168  170  172  174  176  178  180  182  184  186  188  190  192
  194  196  198  200  202  204  206  208  210  212  214  218  220  224
  228  232  236  240  244  248  252  256  260  264  268  272  276  280
  284  286  288  290  292  294  296  298  300  302  304  306  308  310
  312  314  316  318  320  322  324  326  328  330  332  334  336  340
  344  348  352  356  360  364  368  372  376  380  384  388  392  396
  400  402  404  406  408  410  412  414  416  418  420  422  424  426
  428  430  432  434  436  438  440  442  444  446  448  450  452  454
  456  460  464  468  472  476  480  484  488  492  496  500  504  508
  510  512  514  516  518  520  522  524  526  528  530  532  534  536
  538  540  542  544  546  548  550  552  554  556  558  560  562  564
  566  568  570  574  576  580  584  588  592  596  600  604  608  610
  612  614  616  618  620  622  624  626  628  630  632  634  636  638
  640  642  644  646  648  650  652  654  656  658  660  662  664  666
  668  670  672  674  676  678  682  686  690  694  698  700  704  706
  708  710  712  714  716  718  720  722  724  726  728  730  732  734
  736  738  740  742  744  746  748  750  752  754  756  758  760  762
  764  766  768  770  772  774  776  778  780  782  784  786  788  790
  792  794  796  798  800  802  804  806  808  810  812  814  816  818
  820  822  824  826  828  830  832  834  836  838  840  842  844  846
  848  850  852  854  856  858  860  862  864  866  868  870  872  874
  876  878  880  882  884  886  888  890  892  894  896  898  900  902
  904  906  908  910  912  914  916  918  920  922  924  926  928  930
  932  934  936  938  940  942  944  946  948  950  952  954  956  958
  960  962  964  966  968  970  972  974  976  978  980  982  984  986
  988  990  992  994  996  998 1000 1002 1004 1006 1008 1010 1012 1014
 1016 1018 1020 1022 1024 1026 1028 1030 1032 1034 1036 1038 1040 1042
 1044 1046 1048 1050 1052 1054 1056 1058 1060 1062 1064 1066 1068 1070
 1072 1074 1076 1078 1080 1082 1084 1086 1088 1090 1092 1094 1096 1098
 1100 1102 1104 1106 1108 1110 1112 1114 1116 1118 1120 1122 1124 1126
 1128 1130 1132 1134 1136 1138 1140 1142 1144 1146 1148 1150 1152 1154
 1156 1158 1160 1162 1164 1166 1168 1170 1172 1174 1176 1178 1180 1182
 1184 1186 1188 1190 1192 1194 1196 1198 1200 1202 1204 1206 1208 1210
 1212 1214 1216 1218 1220 1222 1224 1226 1228 1230 1232 1234 1236 1238
 1240 1242 1244 1246 1248 1250 1252 1254 1256 1258 1260 1262 1264 1266
 1268 1270 1272 1274 1276 1278 1280 1282 1284 1286 1288 1290 1292 1294
 1296 1298 1300 1302 1304 1306 1308 1310 1312 1314 1316 1318 1320 1322
 1324 1326 1328 1330 1332 1334 1336 1338 1340 1342 1344 1346 1348 1350
 1352 1354 1356 1358 1360 1362 1364 1366 1368 1370 1372 1374 1376 1378
 1380 1382 1384 1386 1388 1390 1392 1394 1396 1398 1400 1402 1404 1406
 1408 1410 1412 1414 1416 1418 1420 1422 1424 1426 1428 1430 1432 1434
 1436 1438 1440 1442 1444 1446 1448 1450 1452 1454 1456 1458 1460 1462
 1464 1466 1468 1470 1472 1474 1476 1478 1480 1482 1484 1486 1488 1490
 1492 1494 1496 1498 1500 1502 1504 1506 1508 1510 1512 1514 1516 1518
 1520 1522 1524 1526 1528 1530 1532 1534 1536 1538 1540 1542 1544 1546
 1548 1550 1552 1554 1556 1558 1560 1562 1564 1566 1568 1570 1572 1574
 1576 1578 1580 1582 1584 1586 1588 1590 1592 1594 1596 1600 1602 1606
 1610 1614 1618 1622 1624 1626 1628 1630 1632 1634 1636 1638 1640 1642
 1644 1646 1648 1650 1652 1654 1656 1658 1660 1662 1664 1666 1668 1670
 1672 1674 1676 1678 1680 1682 1684 1686 1688 1692 1696 1700 1704 1708
 1712 1716 1720 1724 1728 1730 1734 1736 1738 1740 1742 1744 1746 1748
 1750 1752 1754 1756 1758 1760 1762 1764 1766 1768 1770 1772 1774 1776
 1778 1780 1782 1784 1786 1788 1790 1792 1794 1796 1800 1804 1808 1812
 1816 1820 1824 1828 1832 1836 1840 1844 1848 1850 1852 1854 1856 1858
 1860 1862 1864 1866 1868 1870 1872 1874 1876 1878 1880 1882 1884 1886
 1888 1890 1892 1894 1896 1898 1900 1902 1904 1908 1912 1916 1920 1924
 1928 1932 1936 1940 1944 1948 1952 1956 1960 1964 1968 1970 1972 1974
 1976 1978 1980 1982 1984 1986 1988 1990 1992 1994 1996 1998 2000 2002
 2004 2006 2008 2010 2012 2014 2016 2018 2020 2024 2028 2032 2036 2040
 2044 2048 2052 2056 2060 2064 2068 2072 2076 2080 2084 2086 2090 2092
 2094 2096 2098 2100 2102 2104 2106 2108 2110 2112 2114 2116 2118 2120
 2122 2124 2126 2128 2130 2132 2134 2136 2138 2140 2144 2148 2152 2156
 2160 2164 2168]

--------------------------------------------------
rule out electronic states outside the energy window [emin, emax]
--------------------------------------------------
time for electron:  0.6536331712268293

##################################################
read and compute e-ph quantities
##################################################
time for e-ph setup:  12.739039639011025

--------------------------------------------------
carrier transport from conventional method
--------------------------------------------------
carrier lifetime (rate average) in ps:  0.7242965954361384
carrier lifetime (time average) in ps:  0.8171221342633724
momentum lifetime (rate average) in ps:  0.8583154479598879
momentum lifetime (time average) in ps:  0.9463104141250113
momentum lifetime (type 2, rate average) in ps:  2.4949290026345468
momentum lifetime (type 2, time average) in ps:  0.9447387384285405
average of v^2 =  [6.61302e-02 6.61302e-02 1.18836e-12]
Fermi velocity in m/s =  [5.62582e+05 5.62582e+05 2.38485e+00]
conductivity using tau in S =  [9.75027e-03 9.75022e-03 1.23538e-13]
conductivity using taum in S =  [1.13477e-02 1.13345e-02 1.53859e-13]
conductivity using taum2 in S =  [1.13508e-02 1.13381e-02 1.53740e-13]
mobility (n=|ne-nh|) using tau in cm^2/V/s =  [4.19941e+04 4.19939e+04 5.32073e-07]
mobility (n=|ne-nh|) using taum in cm^2/V/s =  [4.88743e+04 4.88175e+04 6.62668e-07]
mobility (n=|ne-nh|) using taum2 in cm^2/V/s =  [4.88876e+04 4.88330e+04 6.62154e-07]
mobility (n=ne+nh) using tau in cm^2/V/s =  [4.18912e+04 4.18909e+04 5.30768e-07]
mobility (n=ne+nh) using taum in cm^2/V/s =  [4.87544e+04 4.86978e+04 6.61043e-07]
mobility (n=ne+nh) using taum2 in cm^2/V/s =  [4.87677e+04 4.87133e+04 6.60530e-07]
time for compute_carrier_transport_conventional:  0.24423022009432316
carrier lifetime (rate average) in ps:  0.7242965954361384
effetive lifetime (single element of rho, rate average) in ps:  0.5406585233496424
time for e-ph:  0.27018975373357534

time for set up and some simple analysis:  13.7291647111997

##################################################
solving spin lifetimes via linear algebra and analysis decay modes
##################################################

--------------------------------------------------
solve -L x = x e :
--------------------------------------------------
rates:
 [5.22117e-18-9.91749e-20j 1.51594e-08-4.26120e-08j
 1.51594e-08+4.26120e-08j 2.18480e-08-6.00375e-21j
 2.83609e-06-7.03434e-21j 2.84519e-06+4.26195e-08j
 2.84519e-06-4.26195e-08j 2.86219e-06-9.41394e-20j
 1.24603e-05+2.76681e-19j 1.24926e-05-4.26622e-08j]
spin lifetimes in ps:
 [4.63284e+12 1.59564e+03 1.59564e+03 1.10714e+03 8.52894e+00 8.50165e+00
 8.50165e+00 8.45115e+00 1.94127e+00 1.93626e+00]
precession freq. in au:
 [-9.91749e-20 -4.26120e-08  4.26120e-08 -6.00375e-21 -7.03434e-21
  4.26195e-08 -4.26195e-08 -9.41394e-20  2.76681e-19 -4.26622e-08]
short lifetimes in ps:
 [0.06073 0.06072 0.06072 0.06071 0.06071 0.06071 0.06071 0.0607  0.0607
 0.06069]

time for solving lifetimes via lin. alg.:  3.287858724128455

Analyse decay mode:

The 4 observables and perturbations are:
n, sx, sy, sz
ob. proj. to VR = 
 [[ 6.77343e-01-5.10206e-12j  0.00000e+00+0.00000e+00j
   0.00000e+00+0.00000e+00j  0.00000e+00+0.00000e+00j
   0.00000e+00+0.00000e+00j  0.00000e+00+0.00000e+00j
   0.00000e+00+0.00000e+00j  0.00000e+00+0.00000e+00j]
 [ 0.00000e+00+0.00000e+00j -2.14595e-01-1.06591e-01j
  -1.06652e-01+2.14627e-01j  0.00000e+00+0.00000e+00j
   0.00000e+00+0.00000e+00j -3.99190e-03+8.03332e-03j
   8.03197e-03+3.98969e-03j  0.00000e+00+0.00000e+00j]
 [ 0.00000e+00+0.00000e+00j -2.14595e-01+1.06591e-01j
  -1.06652e-01-2.14627e-01j  0.00000e+00+0.00000e+00j
   0.00000e+00+0.00000e+00j -3.99190e-03-8.03332e-03j
   8.03197e-03-3.98969e-03j  0.00000e+00+0.00000e+00j]
 [ 0.00000e+00+0.00000e+00j  0.00000e+00+0.00000e+00j
   0.00000e+00+0.00000e+00j  3.38610e-01+1.17450e-02j
   0.00000e+00+0.00000e+00j  0.00000e+00+0.00000e+00j
   0.00000e+00+0.00000e+00j  0.00000e+00+0.00000e+00j]
 [ 0.00000e+00+0.00000e+00j  0.00000e+00+0.00000e+00j
   0.00000e+00+0.00000e+00j  0.00000e+00+0.00000e+00j
  -4.75878e-01+4.11074e-12j  0.00000e+00+0.00000e+00j
   0.00000e+00+0.00000e+00j  0.00000e+00+0.00000e+00j]
 [ 0.00000e+00+0.00000e+00j -6.51026e-03+6.56236e-05j
  -6.40592e-05-6.50829e-03j  0.00000e+00+0.00000e+00j
   0.00000e+00+0.00000e+00j -1.65919e-03-1.68575e-01j
   1.68628e-01-1.69671e-03j  0.00000e+00+0.00000e+00j]
 [ 0.00000e+00+0.00000e+00j -6.51026e-03-6.56236e-05j
  -6.40592e-05+6.50829e-03j  0.00000e+00+0.00000e+00j
   0.00000e+00+0.00000e+00j -1.65919e-03+1.68575e-01j
   1.68628e-01+1.69671e-03j  0.00000e+00+0.00000e+00j]
 [ 0.00000e+00+0.00000e+00j  0.00000e+00+0.00000e+00j
   0.00000e+00+0.00000e+00j  0.00000e+00+0.00000e+00j
  -1.86622e-04-5.84270e-06j  0.00000e+00+0.00000e+00j
   0.00000e+00+0.00000e+00j  2.38003e-01+7.45135e-03j]
 [ 0.00000e+00+0.00000e+00j  0.00000e+00+0.00000e+00j
   0.00000e+00+0.00000e+00j  0.00000e+00+0.00000e+00j
  -9.56570e-03-1.24054e-14j  0.00000e+00+0.00000e+00j
   0.00000e+00+0.00000e+00j  0.00000e+00+0.00000e+00j]
 [ 0.00000e+00+0.00000e+00j  3.68061e-04+2.33036e-04j
   2.32536e-04-3.67839e-04j  0.00000e+00+0.00000e+00j
   0.00000e+00+0.00000e+00j -1.84846e-03+2.92368e-03j
   2.92482e-03+1.85229e-03j  0.00000e+00+0.00000e+00j]]
rhopert. proj. to VL = 
 [[-6.77343e-01-5.10206e-12j  0.00000e+00+0.00000e+00j
   0.00000e+00+0.00000e+00j  0.00000e+00+0.00000e+00j
   0.00000e+00+0.00000e+00j  0.00000e+00+0.00000e+00j
   0.00000e+00+0.00000e+00j  0.00000e+00+0.00000e+00j]
 [ 0.00000e+00+0.00000e+00j  4.29491e-01-2.13423e-01j
   2.13300e-01+4.29427e-01j  0.00000e+00+0.00000e+00j
   0.00000e+00+0.00000e+00j -7.98342e-03-1.60732e-02j
   1.60753e-02-7.98816e-03j  0.00000e+00+0.00000e+00j]
 [ 0.00000e+00+0.00000e+00j  4.29491e-01+2.13423e-01j
   2.13300e-01-4.29427e-01j  0.00000e+00+0.00000e+00j
   0.00000e+00+0.00000e+00j -7.98342e-03+1.60732e-02j
   1.60753e-02+7.98816e-03j  0.00000e+00+0.00000e+00j]
 [ 0.00000e+00+0.00000e+00j  0.00000e+00+0.00000e+00j
   0.00000e+00+0.00000e+00j -6.77248e-01+2.34909e-02j
   0.00000e+00+0.00000e+00j  0.00000e+00+0.00000e+00j
   0.00000e+00+0.00000e+00j  0.00000e+00+0.00000e+00j]
 [ 0.00000e+00+0.00000e+00j  0.00000e+00+0.00000e+00j
   0.00000e+00+0.00000e+00j  0.00000e+00+0.00000e+00j
   9.33663e-01+8.06785e-12j  0.00000e+00+0.00000e+00j
   0.00000e+00+0.00000e+00j  3.63046e-04-1.57683e-12j]
 [ 0.00000e+00+0.00000e+00j -2.54813e-02-2.50837e-04j
  -2.56087e-04+2.54896e-02j  0.00000e+00+0.00000e+00j
   0.00000e+00+0.00000e+00j  6.64537e-03-6.60223e-01j
  -6.60015e-01-6.49711e-03j  0.00000e+00+0.00000e+00j]
 [ 0.00000e+00+0.00000e+00j -2.54813e-02+2.50837e-04j
  -2.56087e-04-2.54896e-02j  0.00000e+00+0.00000e+00j
   0.00000e+00+0.00000e+00j  6.64537e-03+6.60223e-01j
  -6.60015e-01+6.49711e-03j  0.00000e+00+0.00000e+00j]
 [ 0.00000e+00+0.00000e+00j  0.00000e+00+0.00000e+00j
   0.00000e+00+0.00000e+00j  0.00000e+00+0.00000e+00j
   3.66351e-04-1.14696e-05j  0.00000e+00+0.00000e+00j
   0.00000e+00+0.00000e+00j -9.33655e-01+2.92307e-02j]
 [ 0.00000e+00+0.00000e+00j  0.00000e+00+0.00000e+00j
   0.00000e+00+0.00000e+00j  0.00000e+00+0.00000e+00j
   1.53611e-02-1.36284e-14j  0.00000e+00+0.00000e+00j
   0.00000e+00+0.00000e+00j  0.00000e+00+0.00000e+00j]
 [ 0.00000e+00+0.00000e+00j  1.17868e-03-7.45855e-04j
   7.47517e-04+1.17942e-03j  0.00000e+00+0.00000e+00j
   0.00000e+00+0.00000e+00j  5.94075e-03+9.37310e-03j
  -9.36918e-03+5.92654e-03j -8.13650e-05-7.94526e-05j]]
ob. of pert:
 [[-4.58794e-01  0.00000e+00  0.00000e+00  1.21549e-06  0.00000e+00
   0.00000e+00  0.00000e+00 -5.24318e-06]
 [ 0.00000e+00 -2.29397e-01  0.00000e+00  0.00000e+00  0.00000e+00
   0.00000e+00  0.00000e+00  0.00000e+00]
 [ 0.00000e+00  0.00000e+00 -2.29397e-01  0.00000e+00  0.00000e+00
   0.00000e+00  0.00000e+00  0.00000e+00]
 [ 0.00000e+00  0.00000e+00  0.00000e+00 -2.29397e-01 -1.04864e-05
   0.00000e+00  0.00000e+00  0.00000e+00]
 [ 0.00000e+00  0.00000e+00  0.00000e+00 -5.24318e-06 -4.58794e-01
   0.00000e+00  0.00000e+00  1.21549e-06]
 [ 0.00000e+00  0.00000e+00  0.00000e+00  0.00000e+00  0.00000e+00
  -2.29397e-01  0.00000e+00  0.00000e+00]
 [ 0.00000e+00  0.00000e+00  0.00000e+00  0.00000e+00  0.00000e+00
   0.00000e+00 -2.29397e-01  0.00000e+00]
 [ 0.00000e+00  0.00000e+00  0.00000e+00  0.00000e+00  0.00000e+00
   0.00000e+00  0.00000e+00 -2.29397e-01]]

mode  0  with rate  1.915278927336974e+17
pert. and ob.:
 [[-4.58794e-01  0.00000e+00  0.00000e+00  1.21546e-06  0.00000e+00
   0.00000e+00  0.00000e+00 -5.24319e-06]
 [ 0.00000e+00  0.00000e+00  0.00000e+00  0.00000e+00  0.00000e+00
   0.00000e+00  0.00000e+00  0.00000e+00]
 [ 0.00000e+00  0.00000e+00  0.00000e+00  0.00000e+00  0.00000e+00
   0.00000e+00  0.00000e+00  0.00000e+00]
 [ 0.00000e+00  0.00000e+00  0.00000e+00  0.00000e+00  0.00000e+00
   0.00000e+00  0.00000e+00  0.00000e+00]
 [ 0.00000e+00  0.00000e+00  0.00000e+00  0.00000e+00  0.00000e+00
   0.00000e+00  0.00000e+00  0.00000e+00]
 [ 0.00000e+00  0.00000e+00  0.00000e+00  0.00000e+00  0.00000e+00
   0.00000e+00  0.00000e+00  0.00000e+00]
 [ 0.00000e+00  0.00000e+00  0.00000e+00  0.00000e+00  0.00000e+00
   0.00000e+00  0.00000e+00  0.00000e+00]
 [ 0.00000e+00  0.00000e+00  0.00000e+00  0.00000e+00  0.00000e+00
   0.00000e+00  0.00000e+00  0.00000e+00]]

mode  1  with rate  65965797.38737226
pert. and ob.:
 [[ 0.00000e+00  0.00000e+00  0.00000e+00  0.00000e+00  0.00000e+00
   0.00000e+00  0.00000e+00  0.00000e+00]
 [ 0.00000e+00 -1.14916e-01  2.52760e-07 -3.97432e-06  0.00000e+00
   1.13855e-08  4.30115e-03  2.77642e-06]
 [ 0.00000e+00 -9.52005e-08 -1.14916e-01  2.53441e-06  0.00000e+00
  -4.30120e-03 -6.04172e-08 -7.09921e-07]
 [ 0.00000e+00  6.21609e-06 -2.66723e-08  0.00000e+00  0.00000e+00
   0.00000e+00 -2.32661e-07  0.00000e+00]
 [ 0.00000e+00  0.00000e+00  0.00000e+00  0.00000e+00  0.00000e+00
   0.00000e+00  0.00000e+00  0.00000e+00]
 [ 0.00000e+00 -5.88985e-08  4.30120e-03 -9.48629e-08  0.00000e+00
   1.60990e-04  0.00000e+00  2.65733e-08]
 [ 0.00000e+00 -4.30115e-03  0.00000e+00 -1.48754e-07  0.00000e+00
   0.00000e+00  1.60987e-04  1.03918e-07]
 [ 0.00000e+00 -2.74914e-06  8.01621e-07  0.00000e+00  0.00000e+00
   3.00041e-08  1.02897e-07  0.00000e+00]]

mode  2  with rate  65965797.38389793
pert. and ob.:
 [[ 0.00000e+00  0.00000e+00  0.00000e+00  0.00000e+00  0.00000e+00
   0.00000e+00  0.00000e+00  0.00000e+00]
 [ 0.00000e+00 -1.14916e-01  2.52759e-07 -3.97432e-06  0.00000e+00
   1.13855e-08  4.30115e-03  2.77642e-06]
 [ 0.00000e+00 -9.52018e-08 -1.14916e-01  2.53441e-06  0.00000e+00
  -4.30120e-03 -6.04171e-08 -7.09921e-07]
 [ 0.00000e+00  6.21609e-06 -2.66734e-08  0.00000e+00  0.00000e+00
   0.00000e+00 -2.32661e-07  0.00000e+00]
 [ 0.00000e+00  0.00000e+00  0.00000e+00  0.00000e+00  0.00000e+00
   0.00000e+00  0.00000e+00  0.00000e+00]
 [ 0.00000e+00 -5.88985e-08  4.30120e-03 -9.48629e-08  0.00000e+00
   1.60990e-04  0.00000e+00  2.65733e-08]
 [ 0.00000e+00 -4.30115e-03  0.00000e+00 -1.48754e-07  0.00000e+00
   0.00000e+00  1.60987e-04  1.03918e-07]
 [ 0.00000e+00 -2.74914e-06  8.01621e-07  0.00000e+00  0.00000e+00
   3.00041e-08  1.02897e-07  0.00000e+00]]

mode  3  with rate  45770679.13915862
pert. and ob.:
 [[ 0.00000e+00  0.00000e+00  0.00000e+00  0.00000e+00  0.00000e+00
   0.00000e+00  0.00000e+00  0.00000e+00]
 [ 0.00000e+00  0.00000e+00  0.00000e+00  7.88336e-06  0.00000e+00
   0.00000e+00  0.00000e+00  0.00000e+00]
 [ 0.00000e+00  0.00000e+00  0.00000e+00 -5.28814e-06  0.00000e+00
   0.00000e+00  0.00000e+00  0.00000e+00]
 [ 0.00000e+00 -1.24902e-05 -1.67349e-07 -2.29599e-01 -1.06055e-05
  -5.55802e-06  1.89462e-06 -9.10621e-08]
 [ 0.00000e+00  0.00000e+00  0.00000e+00 -5.30264e-06  0.00000e+00
   0.00000e+00  0.00000e+00  0.00000e+00]
 [ 0.00000e+00  0.00000e+00  0.00000e+00  5.69365e-06  0.00000e+00
   0.00000e+00  0.00000e+00  0.00000e+00]
 [ 0.00000e+00  0.00000e+00  0.00000e+00 -1.32116e-06  0.00000e+00
   0.00000e+00  0.00000e+00  0.00000e+00]
 [ 0.00000e+00  0.00000e+00  0.00000e+00 -9.05988e-08  0.00000e+00
   0.00000e+00  0.00000e+00  0.00000e+00]]

mode  4  with rate  352598.1512925172
pert. and ob.:
 [[ 0.00000e+00  0.00000e+00  0.00000e+00  0.00000e+00  0.00000e+00
   0.00000e+00  0.00000e+00  0.00000e+00]
 [ 0.00000e+00  0.00000e+00  0.00000e+00  0.00000e+00  5.03623e-08
   0.00000e+00  0.00000e+00  0.00000e+00]
 [ 0.00000e+00  0.00000e+00  0.00000e+00  0.00000e+00  0.00000e+00
   0.00000e+00  0.00000e+00  0.00000e+00]
 [ 0.00000e+00  0.00000e+00  0.00000e+00  0.00000e+00  1.27429e-07
   0.00000e+00  0.00000e+00  0.00000e+00]
 [ 0.00000e+00 -2.73196e-08  1.69236e-08  6.35628e-08 -4.44310e-01
   4.36697e-07  7.74506e-07 -8.61034e-05]
 [ 0.00000e+00  0.00000e+00  0.00000e+00  0.00000e+00  2.59370e-07
   0.00000e+00  0.00000e+00  0.00000e+00]
 [ 0.00000e+00  0.00000e+00  0.00000e+00  0.00000e+00  1.42314e-06
   0.00000e+00  0.00000e+00  0.00000e+00]
 [ 0.00000e+00  0.00000e+00  0.00000e+00  0.00000e+00 -1.72766e-04
   0.00000e+00  0.00000e+00 -3.34805e-08]]

mode  5  with rate  351469.9591035529
pert. and ob.:
 [[ 0.00000e+00  0.00000e+00  0.00000e+00  0.00000e+00  0.00000e+00
   0.00000e+00  0.00000e+00  0.00000e+00]
 [ 0.00000e+00  1.65906e-04  0.00000e+00  3.69394e-08 -2.74190e-08
   0.00000e+00 -4.29730e-03 -1.52515e-07]
 [ 0.00000e+00  0.00000e+00  1.65910e-04  1.20819e-07  0.00000e+00
   4.29735e-03  6.50144e-08 -2.62227e-07]
 [ 0.00000e+00  3.32077e-08  1.21931e-07  0.00000e+00  0.00000e+00
   3.15822e-06 -8.60203e-07  0.00000e+00]
 [ 0.00000e+00  1.49138e-08  0.00000e+00  0.00000e+00  0.00000e+00
  -2.18168e-07 -3.86292e-07  0.00000e+00]
 [ 0.00000e+00  6.31397e-08 -4.29735e-03 -3.12942e-06 -1.31099e-07
  -1.11308e-01  3.92161e-07  6.79218e-06]
 [ 0.00000e+00  4.29730e-03  0.00000e+00  9.56802e-07 -7.10205e-07
  -1.59658e-07 -1.11308e-01 -3.95043e-06]
 [ 0.00000e+00  1.82538e-08 -2.49446e-07  0.00000e+00  0.00000e+00
  -6.46105e-06 -4.72691e-07  0.00000e+00]]

mode  6  with rate  351469.95910351636
pert. and ob.:
 [[ 0.00000e+00  0.00000e+00  0.00000e+00  0.00000e+00  0.00000e+00
   0.00000e+00  0.00000e+00  0.00000e+00]
 [ 0.00000e+00  1.65906e-04  0.00000e+00  3.69394e-08 -2.74190e-08
   0.00000e+00 -4.29730e-03 -1.52515e-07]
 [ 0.00000e+00  0.00000e+00  1.65910e-04  1.20819e-07  0.00000e+00
   4.29735e-03  6.50145e-08 -2.62227e-07]
 [ 0.00000e+00  3.32077e-08  1.21931e-07  0.00000e+00  0.00000e+00
   3.15822e-06 -8.60203e-07  0.00000e+00]
 [ 0.00000e+00  1.49138e-08  0.00000e+00  0.00000e+00  0.00000e+00
  -2.18166e-07 -3.86292e-07  0.00000e+00]
 [ 0.00000e+00  6.31398e-08 -4.29735e-03 -3.12942e-06 -1.31101e-07
  -1.11308e-01  3.92160e-07  6.79218e-06]
 [ 0.00000e+00  4.29730e-03  0.00000e+00  9.56802e-07 -7.10204e-07
  -1.59660e-07 -1.11308e-01 -3.95043e-06]
 [ 0.00000e+00  1.82537e-08 -2.49446e-07  0.00000e+00  0.00000e+00
  -6.46105e-06 -4.72690e-07  0.00000e+00]]

mode  7  with rate  349382.3216698814
pert. and ob.:
 [[ 0.00000e+00  0.00000e+00  0.00000e+00  0.00000e+00  0.00000e+00
   0.00000e+00  0.00000e+00  0.00000e+00]
 [ 0.00000e+00  0.00000e+00  0.00000e+00  0.00000e+00  0.00000e+00
   0.00000e+00  0.00000e+00 -6.01343e-06]
 [ 0.00000e+00  0.00000e+00  0.00000e+00  0.00000e+00  0.00000e+00
   0.00000e+00  0.00000e+00  2.23679e-06]
 [ 0.00000e+00  0.00000e+00  0.00000e+00  0.00000e+00  0.00000e+00
   0.00000e+00  0.00000e+00  1.14393e-07]
 [ 0.00000e+00  0.00000e+00  0.00000e+00  0.00000e+00 -6.84361e-08
   0.00000e+00  0.00000e+00  8.72782e-05]
 [ 0.00000e+00  0.00000e+00  0.00000e+00  0.00000e+00  1.06979e-08
   0.00000e+00  0.00000e+00 -1.36433e-05]
 [ 0.00000e+00  0.00000e+00  0.00000e+00  0.00000e+00  0.00000e+00
   0.00000e+00  0.00000e+00  7.68564e-06]
 [ 0.00000e+00  6.22632e-06 -1.39855e-06  1.13746e-07  1.74411e-04
   1.28559e-05  7.33351e-07 -2.22431e-01]]

mode  8  with rate  80254.90040655834
pert. and ob.:
 [[ 0.00000e+00  0.00000e+00  0.00000e+00  0.00000e+00  0.00000e+00
   0.00000e+00  0.00000e+00  0.00000e+00]
 [ 0.00000e+00  0.00000e+00  0.00000e+00  0.00000e+00 -1.75925e-08
   0.00000e+00  0.00000e+00  0.00000e+00]
 [ 0.00000e+00  0.00000e+00  0.00000e+00  0.00000e+00  0.00000e+00
   0.00000e+00  0.00000e+00  0.00000e+00]
 [ 0.00000e+00  0.00000e+00  0.00000e+00  0.00000e+00  6.98286e-08
   0.00000e+00  0.00000e+00  0.00000e+00]
 [ 0.00000e+00  0.00000e+00  0.00000e+00  3.48583e-08 -1.46940e-04
   5.91673e-08  4.00647e-08 -1.00428e-07]
 [ 0.00000e+00  0.00000e+00  0.00000e+00  0.00000e+00 -2.92830e-08
   0.00000e+00  0.00000e+00  0.00000e+00]
 [ 0.00000e+00  0.00000e+00  0.00000e+00  0.00000e+00  1.34597e-07
   0.00000e+00  0.00000e+00  0.00000e+00]
 [ 0.00000e+00  0.00000e+00  0.00000e+00  0.00000e+00 -1.94008e-07
   0.00000e+00  0.00000e+00  0.00000e+00]]

mode  9  with rate  80047.54380663761
pert. and ob.:
 [[ 0.00000e+00  0.00000e+00  0.00000e+00  0.00000e+00  0.00000e+00
   0.00000e+00  0.00000e+00  0.00000e+00]
 [ 0.00000e+00  6.07636e-07  0.00000e+00  0.00000e+00  0.00000e+00
   0.00000e+00  4.82895e-06 -2.89634e-08]
 [ 0.00000e+00  0.00000e+00  6.07662e-07 -1.04102e-08  0.00000e+00
  -4.83001e-06  0.00000e+00 -4.00655e-08]
 [ 0.00000e+00  0.00000e+00 -1.04984e-08  0.00000e+00  0.00000e+00
   8.34486e-08 -3.85128e-08  0.00000e+00]
 [ 0.00000e+00  0.00000e+00  0.00000e+00  0.00000e+00  0.00000e+00
  -3.27062e-08 -1.85601e-08  0.00000e+00]
 [ 0.00000e+00  0.00000e+00  4.82923e-06 -8.27329e-08  2.09223e-08
  -3.83852e-05  1.38750e-08 -3.18411e-07]
 [ 0.00000e+00 -4.82953e-06  0.00000e+00  3.99918e-08 -7.02769e-08
   0.00000e+00 -3.83808e-05  2.30256e-07]
 [ 0.00000e+00 -1.14320e-08 -4.81461e-08  0.00000e+00  0.00000e+00
   3.82694e-07 -9.08081e-08  0.00000e+00]]

do real-time dynamics with tmax (in ps)  1595.6363339104269
5600  (of  5600 ) modes are considered in real-time simulation
Sxt_sxpert (exp): tau =  401.6403279127325  ps
Sxt_sxpert (exp cos phi=0): tau =  1598.5138656499107  ps  period =  3567.1030306502503 ps
Sxt_sxpert (exp cos): tau =  1598.2731454481986  ps  period =  3564.9688328657076 ps  phi =  -0.001596513897344684
5600  (of  5600 ) modes are considered in real-time simulation
Syt_sypert (exp): tau =  401.48984092810855  ps
Syt_sypert (exp cos phi=0): tau =  1598.4638023993828  ps  period =  3566.6494441802934 ps
Syt_sypert (exp cos): tau =  1598.2739890749124  ps  period =  3564.968023941799 ps  phi =  -0.00125792938840347
5600  (of  5600 ) modes are considered in real-time simulation
Szt_szpert (exp): tau =  1108.1150719858308  ps
Szt_szpert (exp cos phi=0): tau =  1109.0900493458669  ps  period =  203399.46351267482 ps
Szt_szpert (exp cos): tau =  1109.0899709488308  ps  period =  -203446.0476471138 ps  phi =  -9.921082938205974e-06
<s|UR>:
 [[-0.2146 -0.10659j -0.2146 +0.10659j]
 [-0.10665+0.21463j -0.10665-0.21463j]]
normR_rotate =  [1.47878 1.47878]
normL_rotate =  [1.47878 1.47878]
<s|UR>:
 [[ 6.77797e-01-8.65436e-16j -8.83408e-16+4.18275e-16j]
 [-2.57715e-16+2.10233e-17j  6.77797e-01+3.44769e-16j]]
oUs_rotate:
 [[ 1.00000e+00+2.81023e-17j -1.37268e-14-1.24874e-15j]
 [-1.36116e-14+1.48267e-15j  1.00000e+00-2.75507e-17j]]

time for spin lifetime:  8.855726211797446

##################################################
solving lifetimes approximately
##################################################

--------------------------------------------------
Rayleigh-Ritz method (material dependent):
--------------------------------------------------
Rayleigh-Ritz ( 7  vec.,   ) lifetime in ps:
 [6.99765e+05 5.41346e+03 5.41346e+03 9.56011e+00 9.56011e+00 9.54371e+00
 9.54359e+00]

Rayleigh-Ritz ( 7  vec.,  with Left ) lifetime in ps:
 [6.40106e+05 9.09453e+03 9.09453e+03 5.21165e+00 5.21165e+00 5.20879e+00
 5.20879e+00]

Rayleigh-Ritz ( 14  vec.,   ) lifetime in ps:
 [1.87697e+03 1.87697e+03 1.12633e+03 1.10478e+01 1.10134e+01 1.02352e+01
 1.02352e+01 7.13284e-01 5.68278e-01 5.68278e-01 5.68143e-01 5.68143e-01
 5.33589e-01 5.00279e-01]

Rayleigh-Ritz ( 14  vec.,  with Left ) lifetime in ps:
 [3.21835e+03 3.21835e+03 2.58207e+03 6.98333e+00 6.98333e+00 6.95224e+00
 6.93570e+00 2.31863e-01 1.97993e-01 1.97787e-01 1.41062e-01 1.40774e-01
 1.36089e-01 1.36089e-01]

Rayleigh-Ritz ( 28  vec.,   ) lifetime in ps:
 [1.38302e+03 1.38302e+03 1.04517e+03 1.11047e+01 1.10047e+01 1.08471e+01
 1.08471e+01 9.40083e-01 6.67600e-01 6.67600e-01 6.66632e-01 6.66632e-01
 5.45372e-01 4.99880e-01 3.50843e-01 3.50843e-01 3.50686e-01 3.50686e-01
 3.29090e-01 3.29090e-01 3.29088e-01 3.29088e-01 3.28519e-01 3.28519e-01
 3.28518e-01 3.28518e-01 2.70184e-01 2.70184e-01]

Rayleigh-Ritz ( 28  vec.,  with Left ) lifetime in ps:
 [ 2.46358e+03  2.46358e+03  1.65556e+03  7.19438e+00  6.97095e+00
  6.97095e+00  6.93865e+00  5.59412e-01  5.02381e-01  5.00835e-01
  3.97501e-01  3.97501e-01  3.91074e-01  3.91074e-01  3.90299e-01
  3.90299e-01  3.66176e-01  3.66176e-01  3.36972e-01  3.36972e-01
  3.36463e-01  3.36463e-01  1.65822e-01  1.40681e-01  1.40423e-01
  1.40423e-01  5.73453e-02 -3.70914e-02]

Rayleigh-Ritz ( 70  vec.,   ) lifetime in ps:
 [1.38244e+03 1.38244e+03 1.02568e+03 1.11096e+01 1.10938e+01 1.10938e+01
 8.74255e+00 9.85523e-01 9.84854e-01 9.82189e-01 7.22647e-01 5.46478e-01
 5.24519e-01 5.24519e-01 4.73714e-01 4.73714e-01 3.83174e-01 3.83174e-01
 3.82437e-01 3.82437e-01 3.76949e-01 3.76949e-01 3.72702e-01 3.72702e-01
 3.72168e-01 3.72168e-01 3.71445e-01 3.71445e-01 3.70924e-01 3.70924e-01
 3.52436e-01 3.52436e-01 3.47321e-01 3.47321e-01 3.47278e-01 3.47278e-01
 3.47045e-01 3.47045e-01 3.39616e-01 3.39616e-01 3.39578e-01 3.39578e-01
 3.39283e-01 3.39283e-01 3.32951e-01 3.32951e-01 3.32661e-01 3.32661e-01
 3.32026e-01 3.32026e-01 3.26859e-01 3.26859e-01 3.20713e-01 3.20713e-01
 3.08932e-01 3.08932e-01 3.08776e-01 3.08776e-01 3.06022e-01 3.06022e-01
 3.05885e-01 3.05885e-01 3.04122e-01 3.04122e-01 3.02201e-01 3.02201e-01
 3.02149e-01 3.02149e-01 2.02490e-01 1.00812e-01]

Rayleigh-Ritz ( 70  vec.,  with Left ) lifetime in ps:
 [ 1.81457e+03  1.81457e+03  1.26485e+03  8.13220e+00  6.91829e+00
  6.90835e+00  6.90835e+00  8.21779e-01  8.18420e-01  8.13318e-01
  4.59720e-01  4.59720e-01  4.13742e-01  4.13742e-01  4.11918e-01
  4.11918e-01  4.07732e-01  4.07732e-01  4.06156e-01  4.06156e-01
  3.97995e-01  3.97995e-01  3.93879e-01  3.93879e-01  3.91154e-01
  3.91154e-01  3.87777e-01  3.87777e-01  3.87451e-01  3.87451e-01
  3.86864e-01  3.86864e-01  3.86441e-01  3.86441e-01  3.80032e-01
  3.80032e-01  3.79753e-01  3.79753e-01  3.78880e-01  3.78880e-01
  3.78471e-01  3.78471e-01  3.74372e-01  3.74372e-01  3.73558e-01
  3.73558e-01  3.59612e-01  3.59612e-01  3.58591e-01  3.58591e-01
  3.48609e-01  3.38513e-01  3.38513e-01  3.37441e-01  3.37441e-01
 -3.34623e-01 -3.34623e-01  2.33527e-01  2.33527e-01 -1.71252e-01
 -1.71252e-01 -1.70149e-01 -1.70149e-01  1.38790e-01  1.37234e-01
  1.37234e-01  1.24709e-01  8.67822e-02  8.67822e-02  7.28822e-02]

Rayleigh-Ritz ( 70  vec.,  with Left ) lifetime in ps:
 [ 1.81457e+03  1.81457e+03  1.26485e+03  8.13220e+00  6.91829e+00
  6.90835e+00  6.90835e+00  8.21779e-01  8.18420e-01  8.13318e-01
  4.59720e-01  4.59720e-01  4.13742e-01  4.13742e-01  4.11918e-01
  4.11918e-01  4.07732e-01  4.07732e-01  4.06156e-01  4.06156e-01
  3.97995e-01  3.97995e-01  3.93879e-01  3.93879e-01  3.91154e-01
  3.91154e-01  3.87777e-01  3.87777e-01  3.87451e-01  3.87451e-01
  3.86864e-01  3.86864e-01  3.86441e-01  3.86441e-01  3.80032e-01
  3.80032e-01  3.79753e-01  3.79753e-01  3.78880e-01  3.78880e-01
  3.78471e-01  3.78471e-01  3.74372e-01  3.74372e-01  3.73558e-01
  3.73558e-01  3.59612e-01  3.59612e-01  3.58591e-01  3.58591e-01
  3.48609e-01  3.38513e-01  3.38513e-01  3.37441e-01  3.37441e-01
 -3.34623e-01 -3.34623e-01  2.33527e-01  2.33527e-01 -1.71252e-01
 -1.71252e-01 -1.70149e-01 -1.70149e-01  1.38790e-01  1.37234e-01
  1.37234e-01  1.24709e-01  8.67822e-02  8.67822e-02  7.28822e-02]

Rayleigh-Ritz ( 140  vec.,   ) lifetime in ps:
 [1.39568e+03 1.39564e+03 1.02623e+03 1.10592e+01 1.09993e+01 1.09992e+01
 8.67022e+00 9.88495e-01 9.85853e-01 9.85148e-01 7.41131e-01 5.46034e-01
 5.24340e-01 5.24334e-01 5.22657e-01 5.22630e-01 5.14375e-01 5.14322e-01
 5.14313e-01 5.14235e-01 4.75301e-01 4.75301e-01 4.29651e-01 4.29582e-01
 4.01341e-01 4.01311e-01 4.00937e-01 4.00727e-01 3.93910e-01 3.93910e-01
 3.93888e-01 3.93888e-01 3.89776e-01 3.89776e-01 3.89715e-01 3.89715e-01
 3.88894e-01 3.88893e-01 3.88827e-01 3.88827e-01 3.86726e-01 3.86689e-01
 3.85002e-01 3.84995e-01 3.84263e-01 3.84262e-01 3.77870e-01 3.77851e-01
 3.77836e-01 3.77797e-01 3.76145e-01 3.76142e-01 3.76133e-01 3.76132e-01
 3.70671e-01 3.70659e-01 3.70281e-01 3.70138e-01 3.69594e-01 3.69556e-01
 3.66471e-01 3.66373e-01 3.66306e-01 3.66286e-01 3.63295e-01 3.63283e-01
 3.63162e-01 3.63154e-01 3.62921e-01 3.62879e-01 3.53189e-01 3.53189e-01
 3.51909e-01 3.51874e-01 3.49095e-01 3.49036e-01 3.45968e-01 3.45891e-01
 3.42584e-01 3.42304e-01 3.42179e-01 3.42085e-01 3.40402e-01 3.40384e-01
 3.38467e-01 3.38434e-01 3.38371e-01 3.38203e-01 3.34967e-01 3.34933e-01
 3.34917e-01 3.34880e-01 3.33495e-01 3.32998e-01 3.32868e-01 3.32610e-01
 3.29036e-01 3.29026e-01 3.27055e-01 3.27036e-01 3.26485e-01 3.26485e-01
 3.19787e-01 3.19764e-01 3.19648e-01 3.19630e-01 3.19415e-01 3.19388e-01
 3.18948e-01 3.18940e-01 3.15391e-01 3.15388e-01 3.15250e-01 3.15250e-01
 3.15236e-01 3.15179e-01 3.08560e-01 3.08374e-01 3.08222e-01 3.08148e-01
 3.07754e-01 3.07754e-01 3.06786e-01 3.06756e-01 3.06747e-01 3.06745e-01
 2.92936e-01 2.92936e-01 2.84338e-01 2.84338e-01 2.27814e-01 2.27803e-01
 2.21050e-01 2.21015e-01 2.20855e-01 2.20841e-01 2.09925e-01 1.69751e-01
 1.69751e-01 9.24731e-02]

Rayleigh-Ritz ( 140  vec.,  with Left ) lifetime in ps:
 [ 1.76295e+03  1.76293e+03  1.23409e+03  8.36517e+00  7.85453e+00
  7.80437e+00  7.80437e+00  1.73353e+00  1.72128e+00  1.68273e+00
  1.68194e+00  8.64708e-01  8.63555e-01  8.55485e-01  8.55333e-01
  8.48610e-01  8.45270e-01  8.40005e-01  7.42517e-01  7.41167e-01
  7.35191e-01  7.35010e-01  5.47192e-01  5.47038e-01  5.32091e-01
  5.01615e-01  5.01614e-01  4.87899e-01  4.87645e-01  4.87356e-01
  4.87246e-01  4.86200e-01  4.86052e-01  4.84414e-01  4.84256e-01
  4.83453e-01  4.83441e-01  4.83015e-01  4.82969e-01  4.78272e-01
  4.78265e-01  4.75287e-01  4.75287e-01  4.55281e-01  4.55247e-01
  4.33695e-01  4.33653e-01  4.21359e-01  4.21353e-01  4.18365e-01
  4.18334e-01  4.17030e-01  4.17030e-01  4.15759e-01  4.15606e-01
  3.95971e-01  3.95818e-01  3.95362e-01  3.95348e-01  3.94027e-01
  3.94027e-01  3.93987e-01  3.93987e-01  3.91847e-01  3.91843e-01
  3.90827e-01  3.90827e-01  3.90056e-01  3.90056e-01  3.89346e-01
  3.89345e-01  3.87996e-01  3.87995e-01  3.87695e-01  3.87646e-01
  3.86527e-01  3.86526e-01  3.80947e-01  3.80935e-01  3.80800e-01
  3.80797e-01  3.55589e-01  3.55588e-01  3.54099e-01  3.54068e-01
  3.52394e-01  3.52394e-01  3.47227e-01  3.47144e-01  3.43951e-01
  3.43948e-01  3.43935e-01  3.43935e-01  3.12211e-01  3.12211e-01
  2.62148e-01  2.51646e-01  2.51646e-01  2.34207e-01  2.34207e-01
  2.14338e-01  2.14328e-01  2.13861e-01  2.13855e-01  2.04203e-01
  1.65643e-01  1.65637e-01  1.65606e-01  1.65605e-01  1.41809e-01
  1.41809e-01  1.34405e-01  1.34392e-01  1.34327e-01  1.34326e-01
  1.24301e-01  1.24291e-01  1.24116e-01  1.24112e-01  1.10261e-01
  1.10261e-01  1.01894e-01  8.69903e-02  8.56651e-02  8.56650e-02
  7.09817e-02  7.09810e-02  7.09538e-02  7.09527e-02  6.97646e-02
  3.34527e-02  3.34527e-02 -2.89787e-02  2.84324e-02  2.42678e-02
  2.42675e-02  2.42593e-02  2.42589e-02  1.30921e-03  1.30097e-03]

Rayleigh-Ritz ( 210  vec.,   ) lifetime in ps:
 [ 1.48719e+03  1.47999e+03  1.04153e+03  9.87086e+00  9.54311e+00
  9.49442e+00  8.50206e+00  2.12882e+00  1.26946e+00  1.14546e+00
  1.03571e+00  1.03178e+00  9.87235e-01  9.85847e-01  9.78331e-01
 -7.41433e-01  6.90058e-01  6.80436e-01  6.63423e-01  6.35393e-01
  6.20815e-01  5.49480e-01  5.36389e-01 -5.32612e-01  5.30237e-01
  5.14490e-01  4.75316e-01  4.75306e-01  4.50817e-01  4.47134e-01
 -4.46930e-01  4.36615e-01  4.34895e-01  4.26997e-01 -4.16538e-01
  4.04611e-01  4.02068e-01  4.01930e-01  3.94300e-01  3.94283e-01
  3.94243e-01  3.94176e-01  3.93171e-01  3.92795e-01  3.92216e-01
  3.91346e-01  3.91343e-01  3.90901e-01  3.90848e-01  3.90822e-01
  3.90796e-01  3.90257e-01  3.90123e-01  3.89797e-01  3.89771e-01
  3.89765e-01  3.87678e-01  3.86413e-01  3.85713e-01  3.85442e-01
  3.85402e-01  3.84657e-01  3.84533e-01  3.81464e-01  3.81258e-01
  3.81114e-01  3.80792e-01  3.79879e-01  3.76951e-01  3.76663e-01
  3.75240e-01  3.74870e-01  3.74289e-01  3.74188e-01  3.73185e-01
  3.71827e-01  3.69539e-01  3.69475e-01 -3.69041e-01  3.68876e-01
  3.61680e-01  3.61086e-01 -3.60854e-01  3.60304e-01  3.59737e-01
  3.59288e-01  3.57832e-01  3.54386e-01  3.52840e-01  3.51133e-01
  3.45904e-01  3.44238e-01  3.43928e-01  3.42427e-01  3.40484e-01
  3.40010e-01  3.37518e-01  3.36873e-01  3.36409e-01  3.35397e-01
  3.31676e-01  3.30773e-01  3.30485e-01  3.28617e-01  3.25339e-01
  3.24992e-01  3.23780e-01  3.17394e-01  3.16551e-01  3.08419e-01
  3.08049e-01  3.07804e-01  3.06468e-01  3.03103e-01  3.01751e-01
  3.01439e-01  2.96126e-01  2.95521e-01  2.94826e-01  2.94384e-01
  2.94012e-01  2.93693e-01  2.93014e-01  2.85801e-01  2.82550e-01
  2.82119e-01  2.75432e-01  2.73781e-01  2.65461e-01  2.60333e-01
  2.56030e-01  2.52797e-01  2.50595e-01  2.46921e-01  2.40692e-01
  2.32873e-01  2.30600e-01 -2.27569e-01  2.25525e-01  2.25439e-01
  2.24198e-01  2.23618e-01  2.20166e-01  2.01836e-01  1.97913e-01
 -1.94673e-01  1.94026e-01  1.91407e-01  1.88330e-01  1.86293e-01
 -1.83943e-01  1.83191e-01  1.82006e-01  1.78390e-01 -1.76022e-01
  1.62459e-01  1.56724e-01  1.53320e-01  1.40364e-01  1.39227e-01
  1.37839e-01  1.30036e-01  1.29097e-01  1.19753e-01  1.15494e-01
  1.06946e-01  1.04042e-01  9.77299e-02  9.37591e-02  7.86592e-02
  7.45453e-02  7.40236e-02  6.77781e-02  6.38576e-02  4.42214e-02
 -4.00740e-02  2.57450e-02 -2.54665e-02 -1.93525e-02  1.86112e-02
 -1.41072e-02 -1.25925e-02  1.19025e-02 -1.09291e-02 -9.35747e-03
  9.20629e-03 -8.48093e-03 -7.90197e-03  7.49914e-03  7.17700e-03
  6.80211e-03  5.88436e-03  5.13094e-03  4.88735e-03 -4.07480e-03
 -3.29825e-03  3.25794e-03 -3.03275e-03  2.83934e-03 -2.25674e-03
  1.87266e-03 -1.85481e-03  1.70424e-03 -1.44444e-03  1.07231e-03
 -9.66959e-04 -7.80524e-04 -7.03164e-04  5.14336e-04  2.58293e-04]

Rayleigh-Ritz ( 210  vec.,  with Left ) lifetime in ps:
 [ 1.72262e+03  1.69649e+03  1.23630e+03  1.21999e+01 -1.04098e+01
  8.40671e+00  7.91747e+00  7.81031e+00  7.77292e+00  6.30176e+00
 -4.52562e+00 -3.11843e+00  2.10804e+00 -1.60618e+00 -1.39956e+00
  1.38083e+00  1.21569e+00  1.17705e+00  1.16270e+00  1.01189e+00
  9.09085e-01  8.47034e-01  8.37363e-01  7.86093e-01  7.73213e-01
  7.44235e-01  7.40636e-01  6.18808e-01  6.00596e-01  5.64920e-01
  5.49564e-01  5.12411e-01  5.11166e-01  4.86812e-01  4.75313e-01
  4.75309e-01  4.63411e-01  4.58456e-01  4.22179e-01  4.21918e-01
 -4.13987e-01  4.12604e-01  4.01921e-01 -3.99523e-01  3.98979e-01
  3.98702e-01  3.95887e-01  3.94366e-01  3.94095e-01  3.94054e-01
  3.93518e-01  3.93016e-01  3.91858e-01  3.90920e-01  3.90806e-01
  3.90781e-01  3.90745e-01  3.89905e-01  3.89885e-01  3.89751e-01
  3.89295e-01  3.89225e-01  3.88433e-01  3.88423e-01  3.87304e-01
  3.86552e-01  3.84870e-01  3.84669e-01  3.84488e-01  3.84141e-01
  3.83855e-01  3.83747e-01  3.83443e-01  3.82892e-01  3.80899e-01
  3.79054e-01  3.78978e-01  3.77738e-01  3.77160e-01  3.75785e-01
  3.74427e-01  3.74011e-01  3.64468e-01  3.63602e-01  3.60473e-01
  3.58386e-01  3.57514e-01  3.55840e-01  3.52925e-01  3.52299e-01
  3.46297e-01  3.45575e-01  3.44774e-01  3.42043e-01  3.40025e-01
  3.35965e-01  3.34551e-01  3.33168e-01  3.33050e-01  3.30415e-01
  3.29858e-01  3.28157e-01  3.23832e-01  3.22533e-01  3.17745e-01
  3.17566e-01  3.13038e-01  3.12948e-01  3.12871e-01  3.12568e-01
  2.98623e-01  2.97204e-01  2.89982e-01  2.86611e-01  2.86316e-01
  2.84768e-01  2.83146e-01  2.83037e-01  2.81583e-01  2.76053e-01
  2.67772e-01  2.65858e-01  2.63467e-01 -2.61723e-01  2.59107e-01
  2.57289e-01  2.55075e-01  2.53133e-01  2.51029e-01  2.48675e-01
  2.46392e-01  2.45838e-01  2.43508e-01  2.42508e-01  2.37783e-01
  2.30252e-01  2.26544e-01  2.12349e-01  2.04430e-01  2.03534e-01
 -1.98431e-01  1.94521e-01  1.87346e-01  1.79860e-01  1.77536e-01
 -1.64221e-01  1.59707e-01 -1.54894e-01  1.52709e-01  1.43422e-01
  1.43161e-01  1.42806e-01  1.30859e-01  1.29818e-01  1.29496e-01
 -1.29195e-01  1.28912e-01  1.26440e-01  1.23325e-01  1.20617e-01
  9.28331e-02  9.27510e-02  8.79428e-02  8.55731e-02  8.51748e-02
  8.45925e-02  8.26729e-02  8.07983e-02  7.27848e-02  7.23771e-02
  6.97192e-02  6.58998e-02  5.75356e-02 -4.94691e-02  4.77228e-02
 -4.48474e-02 -4.25285e-02  3.73511e-02  3.58452e-02  3.31062e-02
  2.94020e-02  2.69103e-02  2.16350e-02  2.14550e-02 -2.02533e-02
 -1.97237e-02 -1.94786e-02  1.79942e-02 -1.75913e-02 -1.72760e-02
  1.68606e-02  1.67426e-02  1.58140e-02  1.29828e-02 -1.25105e-02
  1.15939e-02  9.68906e-03  8.29738e-03 -8.28846e-03 -8.20784e-03
 -8.09132e-03  7.80744e-03  7.00957e-03 -5.69054e-03 -4.37729e-03
 -2.16180e-03  0.00000e+00  0.00000e+00  0.00000e+00  0.00000e+00]

Rayleigh-Ritz ( 280  vec.,   ) lifetime in ps:
 [ 1.48488e+03  1.46629e+03  1.02742e+03  9.94334e+00  9.67725e+00
  9.51605e+00  8.49757e+00  4.94612e+00  4.37581e+00  1.47389e+00
  1.27400e+00  9.90103e-01  9.85567e-01  9.80554e-01  9.64660e-01
 -9.33210e-01  9.13689e-01  7.75072e-01  7.63652e-01  7.07779e-01
  6.83901e-01  6.47697e-01  6.24504e-01 -6.22990e-01  6.13898e-01
  6.05227e-01  5.87343e-01  5.85116e-01  5.47182e-01  5.00859e-01
 -4.99421e-01  4.78993e-01  4.75232e-01  4.75231e-01  4.53176e-01
  4.35875e-01  4.32589e-01  4.31982e-01  4.22136e-01 -4.17400e-01
  4.11121e-01  4.10356e-01 -4.06800e-01  3.94327e-01  3.94327e-01
  3.93003e-01  3.92952e-01  3.92822e-01  3.92577e-01  3.92575e-01
  3.91664e-01  3.91592e-01  3.90856e-01  3.90853e-01  3.90776e-01
  3.90772e-01  3.89851e-01  3.89850e-01  3.89769e-01  3.89769e-01
  3.87698e-01  3.87682e-01  3.87295e-01  3.86456e-01  3.86131e-01
  3.85823e-01  3.85707e-01  3.85375e-01  3.81667e-01  3.81620e-01
  3.81440e-01  3.81185e-01  3.81117e-01  3.80901e-01  3.80335e-01
  3.79747e-01  3.79560e-01  3.79043e-01  3.78760e-01  3.78699e-01
  3.78688e-01  3.77445e-01  3.77187e-01  3.75846e-01  3.72674e-01
  3.68086e-01  3.67747e-01  3.62975e-01  3.61404e-01  3.51058e-01
  3.49959e-01  3.48550e-01  3.47570e-01  3.45656e-01  3.45429e-01
  3.45335e-01  3.45101e-01  3.44547e-01  3.44292e-01  3.41075e-01
  3.39327e-01  3.35078e-01  3.32487e-01  3.31305e-01  3.29966e-01
  3.19061e-01  3.15146e-01  3.14981e-01  3.14606e-01  3.13283e-01
  3.12149e-01  3.11549e-01  3.10677e-01  3.10510e-01  3.07051e-01
  3.05629e-01  3.04416e-01  3.01145e-01  2.98930e-01  2.96565e-01
  2.96175e-01  2.95565e-01  2.94156e-01  2.93205e-01  2.87724e-01
  2.87061e-01  2.86599e-01  2.84691e-01  2.84031e-01  2.83582e-01
  2.83062e-01  2.82278e-01  2.80682e-01  2.76380e-01  2.76349e-01
  2.75301e-01  2.72975e-01  2.71459e-01  2.69461e-01  2.59330e-01
  2.56858e-01  2.43642e-01  2.41413e-01  2.40578e-01 -2.39400e-01
  2.29837e-01  2.16826e-01  2.16671e-01  2.14802e-01  2.06580e-01
  2.04799e-01  2.00025e-01  1.97058e-01  1.96558e-01  1.92328e-01
  1.86262e-01  1.77750e-01  1.77356e-01  1.72489e-01  1.72408e-01
  1.67684e-01  1.64741e-01  1.61289e-01  1.59735e-01 -1.52882e-01
  1.51596e-01  1.48054e-01  1.44789e-01 -1.44200e-01  1.33908e-01
  1.19458e-01  1.19315e-01  1.15316e-01  1.11536e-01  1.10526e-01
  1.06453e-01  1.05395e-01  1.02895e-01  8.66034e-02  8.50160e-02
  7.44907e-02  7.32360e-02  6.27621e-02 -5.36400e-02  5.23285e-02
 -4.98049e-02  4.63722e-02  4.04646e-02  3.46037e-02 -2.85566e-02
 -2.74755e-02 -2.62334e-02 -2.62024e-02 -2.55088e-02 -2.54610e-02
  2.40857e-02 -2.16763e-02 -2.04577e-02 -2.03992e-02 -2.03680e-02
 -1.92467e-02  1.89949e-02  1.89794e-02  1.87599e-02 -1.86602e-02
 -1.55469e-02  1.54876e-02  1.50535e-02 -1.34703e-02  1.26530e-02
  1.19918e-02  1.11419e-02  1.01761e-02  1.01010e-02 -9.47250e-03
  9.21172e-03 -8.79639e-03  8.61061e-03 -7.00092e-03 -6.40141e-03
  5.96222e-03  5.83712e-03 -5.60285e-03 -5.35279e-03  5.31212e-03
 -5.28769e-03 -5.23499e-03 -5.08972e-03  5.01282e-03 -4.38646e-03
 -4.38196e-03  4.37304e-03  4.24852e-03  3.72709e-03  3.63608e-03
  3.53260e-03 -3.51990e-03  3.40939e-03  3.40919e-03 -3.23121e-03
  3.22260e-03 -3.19676e-03  3.12372e-03  3.00873e-03 -2.84423e-03
 -2.79339e-03 -2.71916e-03 -2.63012e-03 -2.54654e-03 -2.37443e-03
  2.12562e-03  2.05229e-03 -1.98498e-03  1.97074e-03 -1.81750e-03
  1.64355e-03 -1.56437e-03  1.47884e-03 -1.38296e-03  1.38253e-03
 -1.26516e-03  1.24898e-03 -1.24838e-03  1.22379e-03 -1.16161e-03
 -1.11737e-03  1.08241e-03 -1.05875e-03 -1.04395e-03  1.03925e-03
  9.29265e-04 -7.96765e-04 -6.85052e-04  6.56766e-04  5.42276e-04
  4.99317e-04 -4.29581e-04  3.52932e-04 -3.30874e-04  2.93661e-04]

Rayleigh-Ritz ( 280  vec.,  with Left ) lifetime in ps:
 [ 1.76542e+03  1.65776e+03  1.22902e+03 -4.16421e+01 -1.91175e+01
  8.38810e+00  7.78455e+00  7.78382e+00  7.78101e+00 -3.00814e+00
  1.96891e+00  1.67705e+00 -1.62062e+00 -1.20022e+00  9.39736e-01
  8.53245e-01  8.40206e-01 -8.04272e-01  7.60283e-01 -7.40488e-01
  6.76441e-01  6.49243e-01  6.21283e-01  5.91907e-01  5.80855e-01
 -5.50982e-01  5.10485e-01  5.03796e-01  4.99693e-01  4.95539e-01
  4.83296e-01  4.75298e-01  4.75263e-01  4.70476e-01 -4.70002e-01
  4.60770e-01  4.58831e-01  4.44157e-01  4.37488e-01  4.20621e-01
 -3.96883e-01  3.93786e-01  3.93734e-01  3.93469e-01  3.92717e-01
  3.92415e-01  3.92405e-01  3.92393e-01  3.92271e-01  3.92147e-01
  3.91245e-01  3.91026e-01  3.90839e-01  3.90788e-01  3.89777e-01
  3.89754e-01  3.87790e-01  3.87641e-01  3.87508e-01 -3.86928e-01
  3.86763e-01  3.86589e-01  3.86468e-01  3.85683e-01  3.82467e-01
  3.81619e-01  3.81490e-01  3.81481e-01  3.80886e-01  3.80863e-01
  3.80173e-01  3.79555e-01  3.79389e-01  3.78982e-01  3.77972e-01
  3.77795e-01  3.76317e-01  3.74301e-01  3.67255e-01  3.66540e-01
  3.66201e-01  3.58065e-01  3.50250e-01  3.48860e-01  3.48095e-01
  3.45482e-01  3.45145e-01  3.45086e-01  3.44987e-01  3.43162e-01
  3.42265e-01  3.41849e-01  3.41485e-01  3.40787e-01  3.40692e-01
  3.37418e-01  3.37386e-01  3.35787e-01  3.34597e-01  3.25049e-01
  3.25047e-01  3.24175e-01  3.21403e-01  3.20654e-01  3.20071e-01
  3.19509e-01  3.18867e-01  3.18717e-01  3.18483e-01  3.15546e-01
  3.14658e-01  3.14574e-01  3.11973e-01  3.09882e-01  3.09245e-01
  3.05090e-01  3.03464e-01  2.94195e-01  2.88621e-01  2.87486e-01
  2.86640e-01  2.84325e-01  2.81118e-01  2.80290e-01  2.78521e-01
  2.76086e-01  2.76070e-01  2.61122e-01  2.60183e-01  2.57998e-01
  2.52071e-01  2.51232e-01  2.40439e-01  2.38873e-01  2.37432e-01
  2.35652e-01  2.35033e-01  2.32942e-01  2.32028e-01  2.29628e-01
  2.18106e-01  2.10423e-01  2.03181e-01 -2.01740e-01  1.98304e-01
  1.97976e-01  1.95388e-01 -1.86955e-01  1.82889e-01  1.70951e-01
  1.62088e-01  1.61465e-01 -1.53149e-01  1.50259e-01  1.46561e-01
  1.35251e-01 -1.30468e-01  1.29618e-01  1.29107e-01 -1.26685e-01
 -1.12516e-01  1.07795e-01  9.72538e-02  9.13981e-02  9.13233e-02
  8.76081e-02  8.58989e-02  8.57498e-02  8.37758e-02 -8.22877e-02
 -7.74455e-02 -7.13138e-02  6.66034e-02  6.40582e-02  5.98325e-02
  5.51478e-02 -5.00559e-02  5.00184e-02  4.37488e-02  4.35344e-02
 -4.28901e-02 -4.23239e-02  4.05770e-02  3.89594e-02  3.77092e-02
  3.54254e-02 -3.22283e-02 -2.87042e-02  2.80596e-02 -2.80400e-02
 -2.64481e-02 -2.56787e-02 -2.55064e-02 -2.53018e-02 -2.35941e-02
 -2.26021e-02 -2.08465e-02  2.08384e-02  2.05334e-02  2.03905e-02
 -1.95144e-02  1.95074e-02  1.81781e-02  1.72783e-02  1.70664e-02
  1.66493e-02  1.65292e-02 -1.63746e-02 -1.59633e-02 -1.55937e-02
 -1.49944e-02  1.45829e-02 -1.38018e-02 -1.33205e-02  1.23911e-02
  1.19581e-02 -1.15503e-02  1.10535e-02 -1.07643e-02 -1.03377e-02
  1.00882e-02 -9.89096e-03  9.76610e-03  9.14483e-03  8.28225e-03
 -8.25363e-03 -8.14570e-03  7.93311e-03  7.86331e-03 -7.76257e-03
  7.75483e-03  7.67588e-03 -7.54149e-03 -7.46837e-03  7.29242e-03
 -7.16648e-03  7.11605e-03  6.73766e-03  6.33817e-03 -6.29031e-03
  5.86523e-03 -5.82414e-03  5.73020e-03 -5.37625e-03 -5.36819e-03
  5.30712e-03 -5.24241e-03 -4.81906e-03  4.74757e-03  4.32774e-03
  4.14776e-03 -3.91214e-03  3.91017e-03 -3.72193e-03  3.60784e-03
  3.55366e-03 -3.51297e-03  3.40245e-03 -3.35152e-03 -3.28521e-03
  2.97372e-03 -2.43619e-03  1.50258e-03  1.49803e-03  1.43568e-03
 -8.08808e-04  7.71226e-04 -4.79280e-04 -4.30525e-04  0.00000e+00
  0.00000e+00  0.00000e+00  0.00000e+00  0.00000e+00  0.00000e+00
  0.00000e+00  0.00000e+00  0.00000e+00  0.00000e+00  0.00000e+00]

Rayleigh-Ritz ( 350  vec.,   ) lifetime in ps:
 [ 1.54726e+03  1.15003e+03  1.03422e+03  1.16869e+01  9.66547e+00
  8.54870e+00  8.54753e+00  6.17182e+00  2.94371e+00  2.20096e+00
  1.76186e+00 -1.26630e+00  1.14406e+00  1.13057e+00 -1.07022e+00
  9.88083e-01  9.88068e-01  9.84900e-01  9.11895e-01 -8.92975e-01
 -7.82139e-01  7.64033e-01  7.61846e-01  7.56383e-01  6.93221e-01
 -6.82841e-01 -6.75798e-01  6.55850e-01  6.17731e-01  5.58537e-01
  5.46660e-01  5.28865e-01  5.21124e-01  4.90674e-01  4.80162e-01
  4.75310e-01  4.75281e-01  4.31830e-01  4.25427e-01  4.23116e-01
  3.94269e-01  3.94067e-01  3.93863e-01  3.93091e-01  3.92537e-01
  3.92484e-01  3.92435e-01  3.91280e-01  3.90851e-01  3.90812e-01
  3.90731e-01  3.89942e-01  3.89897e-01  3.89678e-01  3.89574e-01
  3.87973e-01  3.87638e-01  3.86666e-01  3.86614e-01  3.86339e-01
  3.86204e-01  3.86198e-01  3.85380e-01  3.84754e-01  3.84215e-01
  3.83597e-01  3.81812e-01  3.81776e-01  3.81235e-01  3.81076e-01
 -3.79792e-01  3.79469e-01  3.79014e-01  3.78871e-01  3.78714e-01
  3.78652e-01  3.77689e-01  3.77239e-01  3.77218e-01  3.75255e-01
  3.73894e-01  3.71965e-01  3.71962e-01  3.70576e-01  3.68876e-01
  3.66829e-01  3.65471e-01  3.64371e-01  3.64367e-01  3.61640e-01
  3.59644e-01  3.58185e-01  3.57264e-01  3.52606e-01  3.52495e-01
  3.50125e-01  3.49298e-01  3.47788e-01  3.46890e-01  3.45558e-01
  3.45407e-01  3.44824e-01  3.44630e-01  3.42199e-01  3.41866e-01
  3.41246e-01  3.41021e-01  3.40960e-01  3.40926e-01  3.40268e-01
  3.34648e-01  3.34068e-01  3.33695e-01  3.32553e-01  3.31134e-01
  3.28682e-01  3.27330e-01  3.26604e-01  3.26255e-01  3.23778e-01
  3.21852e-01  3.19014e-01  3.18147e-01  3.17939e-01  3.17651e-01
  3.15174e-01  3.15097e-01  3.13887e-01  3.11786e-01  3.11645e-01
  3.10428e-01  3.06615e-01  3.06323e-01 -3.04464e-01  2.99711e-01
  2.99190e-01  2.97311e-01  2.96164e-01  2.91982e-01  2.90338e-01
  2.89341e-01  2.87389e-01  2.84328e-01  2.77154e-01  2.77075e-01
  2.75578e-01  2.75391e-01  2.75075e-01  2.71422e-01  2.67928e-01
  2.67901e-01  2.64965e-01  2.58538e-01  2.54749e-01  2.44608e-01
  2.42003e-01  2.40508e-01  2.40397e-01  2.40396e-01  2.35254e-01
  2.25578e-01  2.19923e-01  2.18760e-01 -2.03039e-01  1.97006e-01
  1.94400e-01 -1.92894e-01  1.91842e-01 -1.80076e-01 -1.77447e-01
  1.76972e-01  1.76958e-01  1.76320e-01  1.75086e-01  1.73138e-01
  1.60845e-01  1.60121e-01  1.58347e-01  1.52936e-01 -1.43546e-01
  1.41763e-01 -1.36689e-01  1.35075e-01  1.31072e-01  1.11393e-01
  1.03678e-01  1.01164e-01  9.63748e-02  9.59968e-02  9.23760e-02
  8.81168e-02  8.38906e-02  7.74537e-02  7.68389e-02  7.48667e-02
 -7.26328e-02 -6.21262e-02  6.01566e-02  5.99991e-02  5.71668e-02
 -5.50674e-02  5.46027e-02 -5.09553e-02 -3.49100e-02  3.48923e-02
 -3.25004e-02  2.93999e-02 -2.81438e-02 -2.78508e-02  2.62565e-02
  2.20764e-02 -2.18533e-02  2.13682e-02 -2.08491e-02 -2.07943e-02
 -2.06900e-02 -1.95997e-02  1.93680e-02  1.91205e-02  1.88566e-02
  1.85788e-02  1.83132e-02 -1.72980e-02 -1.70264e-02 -1.62364e-02
 -1.61253e-02  1.58089e-02 -1.57161e-02  1.51697e-02  1.46628e-02
  1.41402e-02  1.39520e-02  1.37737e-02 -1.35244e-02  1.34970e-02
  1.27925e-02 -1.27428e-02 -1.22422e-02  1.16524e-02 -1.05484e-02
 -1.04619e-02  1.03844e-02  1.02968e-02 -1.01369e-02  9.90387e-03
  9.76741e-03 -9.60737e-03 -9.16214e-03 -9.06680e-03 -8.95499e-03
  8.87430e-03  8.76275e-03 -8.74000e-03 -8.70595e-03  8.41508e-03
  8.41469e-03  8.17108e-03  7.85159e-03 -7.69778e-03  7.29550e-03
  7.10775e-03 -7.04248e-03 -7.03447e-03  6.97130e-03  6.82600e-03
  6.80504e-03  6.76726e-03 -6.68474e-03  6.65237e-03 -6.21997e-03
  6.15634e-03 -6.13956e-03 -6.11125e-03 -6.10489e-03 -5.92549e-03
 -5.92487e-03 -5.81519e-03 -5.74482e-03  5.63682e-03  5.50594e-03
  5.39807e-03  5.07385e-03 -4.97308e-03  4.87339e-03  4.69269e-03
 -4.67563e-03 -4.59260e-03  4.51708e-03 -4.46700e-03 -4.45847e-03
  4.45591e-03  4.27882e-03 -3.92009e-03  3.89232e-03  3.87467e-03
  3.84751e-03  3.50249e-03  3.36330e-03 -3.04538e-03 -2.87785e-03
  2.74512e-03 -2.73698e-03 -2.68877e-03  2.54043e-03  2.34775e-03
 -2.26940e-03 -2.06347e-03  2.00655e-03 -1.95433e-03 -1.92883e-03
  1.91179e-03  1.62040e-03 -1.59919e-03  1.56851e-03  1.54840e-03
  1.52158e-03 -1.37182e-03 -1.23267e-03 -1.20797e-03 -1.17912e-03
 -1.15576e-03 -1.15285e-03  1.13871e-03  1.10420e-03  1.09599e-03
  1.01156e-03  9.92270e-04 -9.84353e-04 -9.68597e-04  9.64284e-04
 -9.33422e-04  8.32240e-04 -7.92290e-04  7.85293e-04 -7.47505e-04
  6.63449e-04 -6.27098e-04 -6.22846e-04  5.22541e-04 -5.02517e-04
  4.87729e-04 -4.68734e-04  3.77524e-04  3.42276e-04 -2.92217e-04
  2.89481e-04 -1.41024e-04  7.25079e-05  0.00000e+00  0.00000e+00]

Rayleigh-Ritz ( 350  vec.,  with Left ) lifetime in ps:
 [ 1.77206e+03  1.75555e+03  1.23386e+03  8.41271e+00  7.87556e+00
  7.81621e+00  7.79069e+00 -3.30049e+00 -3.25436e+00 -2.91722e+00
  2.28287e+00 -1.14402e+00  1.01598e+00  9.43991e-01  9.25833e-01
  8.56064e-01  8.43025e-01  8.41112e-01  8.27762e-01  7.82084e-01
 -7.44774e-01  6.42675e-01  6.29830e-01 -5.67705e-01  5.56403e-01
  5.47721e-01 -5.08113e-01  5.07731e-01  4.93579e-01  4.92136e-01
 -4.80386e-01  4.79210e-01  4.75563e-01  4.75368e-01  4.59872e-01
  4.52293e-01  4.42804e-01  4.42051e-01  4.27225e-01  4.21327e-01
  3.96273e-01  3.94366e-01  3.92604e-01  3.92526e-01  3.92339e-01
  3.91963e-01  3.91139e-01  3.90839e-01  3.90832e-01  3.90816e-01
  3.89883e-01  3.89688e-01  3.89292e-01  3.89151e-01  3.88137e-01
  3.88053e-01  3.87112e-01  3.86965e-01  3.86300e-01  3.86094e-01
  3.86060e-01  3.85816e-01  3.82160e-01  3.81828e-01  3.81776e-01
  3.81046e-01  3.80137e-01  3.80010e-01  3.79794e-01  3.79789e-01
  3.79622e-01  3.79437e-01  3.78794e-01  3.78764e-01  3.77848e-01
  3.77734e-01  3.77698e-01  3.77577e-01  3.75395e-01  3.75107e-01
  3.70540e-01  3.70393e-01 -3.68325e-01  3.66183e-01  3.65035e-01
  3.62741e-01  3.60009e-01  3.59647e-01  3.59348e-01  3.57459e-01
  3.56374e-01  3.51425e-01  3.50785e-01  3.50309e-01  3.46504e-01
  3.45719e-01  3.45267e-01  3.44607e-01  3.44538e-01  3.44525e-01
  3.44518e-01  3.42306e-01  3.42235e-01  3.42106e-01  3.41126e-01
  3.40966e-01  3.39320e-01  3.38148e-01  3.38033e-01  3.37531e-01
  3.36306e-01  3.33235e-01  3.32239e-01  3.31328e-01  3.29571e-01
  3.27990e-01  3.24960e-01  3.24804e-01  3.19346e-01  3.18963e-01
  3.16616e-01  3.16243e-01  3.15471e-01  3.14968e-01  3.14967e-01
  3.14949e-01  3.14889e-01  3.14617e-01  3.12883e-01  3.09667e-01
  3.07751e-01  3.07155e-01  3.06134e-01  3.05976e-01  3.02755e-01
  3.02366e-01  2.95076e-01  2.90450e-01  2.90238e-01  2.83718e-01
  2.68464e-01  2.66145e-01  2.65555e-01  2.61099e-01  2.55785e-01
  2.55724e-01  2.53094e-01  2.51936e-01  2.50051e-01  2.47158e-01
  2.45919e-01  2.13926e-01  2.00419e-01  1.89357e-01 -1.87359e-01
  1.87237e-01  1.80419e-01  1.78328e-01  1.73063e-01  1.72300e-01
 -1.66665e-01  1.63201e-01  1.57160e-01  1.51914e-01  1.48063e-01
 -1.33756e-01  1.30674e-01  1.29180e-01  1.25567e-01  1.24011e-01
 -1.22073e-01  1.17500e-01  1.15290e-01  1.11331e-01  1.09202e-01
 -1.09123e-01 -9.35260e-02  9.26916e-02  8.92534e-02  8.62318e-02
  8.57859e-02  8.55953e-02  8.34301e-02 -7.87578e-02  7.76559e-02
  7.12019e-02  7.00747e-02 -6.97390e-02 -6.72016e-02  6.71233e-02
  6.61395e-02  6.49446e-02 -5.97441e-02  5.69195e-02 -5.54390e-02
  5.10056e-02  5.02002e-02  4.94663e-02 -4.75278e-02  4.52664e-02
  4.30012e-02 -4.19033e-02  3.78306e-02  3.53617e-02 -3.43233e-02
 -3.37815e-02 -3.31459e-02  3.18165e-02  2.90311e-02 -2.88969e-02
 -2.87807e-02  2.59893e-02 -2.46113e-02  2.41891e-02 -2.40467e-02
 -2.40420e-02 -2.36506e-02  2.20303e-02 -1.92185e-02  1.88768e-02
 -1.83718e-02 -1.67290e-02  1.59852e-02 -1.49790e-02 -1.49684e-02
 -1.45508e-02  1.44460e-02 -1.41531e-02  1.39372e-02  1.37986e-02
  1.35052e-02  1.33469e-02  1.31454e-02  1.30950e-02 -1.29786e-02
 -1.21672e-02 -1.15416e-02  1.14508e-02  1.13544e-02 -1.10102e-02
 -1.08488e-02 -1.07660e-02 -1.03975e-02  1.03160e-02  1.00838e-02
  1.00497e-02 -9.97923e-03 -9.89255e-03 -9.83732e-03 -9.49546e-03
  8.98994e-03  8.93391e-03 -8.34202e-03 -8.21357e-03 -8.07173e-03
 -8.04947e-03  7.96978e-03 -7.96591e-03  7.96053e-03 -7.73335e-03
  7.25663e-03  6.97233e-03  6.92875e-03  6.90203e-03  6.89980e-03
  6.70570e-03 -6.55886e-03  6.54438e-03 -6.38780e-03 -6.38277e-03
 -6.23678e-03  6.17838e-03 -6.08975e-03 -6.06239e-03 -5.97130e-03
  5.76540e-03 -5.71783e-03 -5.63090e-03  5.55044e-03  5.52295e-03
  5.42025e-03 -5.28988e-03 -5.19655e-03 -5.00861e-03 -4.71614e-03
  4.68669e-03  4.65794e-03 -4.28014e-03  4.07576e-03 -3.90778e-03
 -3.81777e-03  3.73088e-03 -3.61878e-03  3.57805e-03  3.53541e-03
  3.49340e-03  3.46738e-03  3.28606e-03 -3.03092e-03  2.99150e-03
  2.93007e-03  2.85676e-03 -2.84336e-03 -2.77207e-03 -2.65458e-03
 -2.27421e-03  2.18754e-03 -2.16417e-03  2.14301e-03  2.07176e-03
 -1.94640e-03  1.84354e-03  1.75500e-03 -1.67304e-03  1.58641e-03
 -1.56523e-03  1.49446e-03 -1.31731e-03 -1.11374e-03  7.12660e-04
  3.18433e-04  0.00000e+00  0.00000e+00  0.00000e+00  0.00000e+00
  0.00000e+00  0.00000e+00  0.00000e+00  0.00000e+00  0.00000e+00
  0.00000e+00  0.00000e+00  0.00000e+00  0.00000e+00  0.00000e+00
  0.00000e+00  0.00000e+00  0.00000e+00  0.00000e+00  0.00000e+00
  0.00000e+00  0.00000e+00  0.00000e+00  0.00000e+00  0.00000e+00
  0.00000e+00  0.00000e+00  0.00000e+00  0.00000e+00  0.00000e+00]

Warning!!! oU is singular
Rayleigh-Ritz ( 351  vec.,  with Left ) lifetime in ps:
 [-1.12369e+13 -2.73068e+07 -2.07256e+07  6.90337e+06 -6.29846e+06
 -4.52418e+06  4.05735e+06 -3.07739e+06  2.62397e+06  2.53973e+06
  2.30894e+06 -1.98672e+06 -1.94966e+06 -1.52008e+06 -1.39351e+06
  1.26911e+06  1.13267e+06  1.04243e+06  1.03733e+06  1.03657e+06
 -9.72805e+05  8.92919e+05  8.88891e+05 -8.84837e+05 -8.30725e+05
  7.59493e+05 -7.15505e+05 -7.03833e+05  6.38653e+05 -5.89968e+05
  5.73758e+05  5.42660e+05 -5.22653e+05 -5.17409e+05 -4.85490e+05
 -4.74905e+05 -4.51845e+05  4.41695e+05 -4.31559e+05 -4.15645e+05
  4.07841e+05 -3.95061e+05  3.79076e+05 -3.57483e+05 -3.48220e+05
 -3.22090e+05  3.14015e+05  3.10765e+05  3.06771e+05  2.83648e+05
  2.66702e+05  2.53138e+05 -2.49858e+05  2.48527e+05 -2.41649e+05
  2.30695e+05 -2.22464e+05 -2.15110e+05  2.08214e+05 -1.95579e+05
 -1.95197e+05  1.94909e+05 -1.91200e+05  1.87313e+05 -1.74618e+05
  1.69608e+05 -1.51933e+05  1.49063e+05  1.46875e+05  1.45786e+05
  1.43243e+05 -1.37734e+05  1.25933e+05 -1.23476e+05  1.22277e+05
 -1.19136e+05  1.18167e+05 -1.16624e+05 -1.16145e+05  1.13616e+05
 -1.05518e+05  9.99124e+04 -9.97568e+04  9.84704e+04 -9.05125e+04
 -8.29224e+04  8.28682e+04 -7.91963e+04 -6.95575e+04 -6.83550e+04
  6.62369e+04 -5.67662e+04  5.61729e+04  4.69524e+04 -4.49463e+04
  4.39953e+04  4.39282e+04  3.55395e+04 -2.91165e+04 -2.13618e+04
  2.11236e+04 -9.41932e+03 -6.28874e+03  5.05258e+03  2.20262e+03
  1.71513e+03  1.71063e+03  1.19377e+03  1.19174e+03 -5.13656e+02
 -2.74714e+02  2.19774e+02 -2.12763e+02 -1.54279e+02  1.45286e+02
 -1.12380e+02 -1.05171e+02  1.03934e+02 -7.82767e+01 -5.31388e+01
  5.17099e+01  5.00267e+01 -2.74097e+01 -2.22593e+01 -1.92176e+01
  1.70431e+01  1.45925e+01  1.37588e+01 -1.13664e+01 -1.00534e+01
  9.26818e+00  9.01649e+00  8.57335e+00  8.45523e+00  8.12505e+00
  8.11016e+00 -7.88777e+00  7.64850e+00 -7.17189e+00 -4.13908e+00
  3.20062e+00  2.76698e+00  2.54461e+00 -2.52251e+00  2.41209e+00
 -1.83006e+00  1.52319e+00  1.41135e+00 -1.38808e+00 -1.33493e+00
  1.11533e+00  9.93419e-01  9.33243e-01  8.58613e-01  8.52634e-01
  8.51448e-01  8.49558e-01  8.23240e-01  7.94824e-01  6.97672e-01
  6.67819e-01 -6.66538e-01  6.52767e-01  6.40815e-01  6.24877e-01
  6.08317e-01  6.06987e-01  5.55495e-01  5.50924e-01  5.43044e-01
  5.17024e-01  5.05906e-01  5.00331e-01  4.90153e-01  4.88383e-01
  4.85379e-01  4.73645e-01  4.72696e-01  4.69901e-01  4.62646e-01
  4.55894e-01  4.54749e-01  4.44815e-01  4.26391e-01  4.21594e-01
  4.21089e-01  4.12576e-01  3.89337e-01  3.86344e-01  3.84051e-01
  3.76894e-01  3.73078e-01  3.70060e-01 -3.65243e-01  3.60912e-01
  3.60367e-01  3.59392e-01  3.55283e-01  3.50264e-01  3.48687e-01
  3.45484e-01  3.41822e-01 -3.38771e-01  3.26349e-01  3.24259e-01
  3.20209e-01 -3.18333e-01  3.17971e-01  3.17188e-01  3.12767e-01
  3.08005e-01 -3.02164e-01  3.01174e-01  3.00334e-01  2.98796e-01
  2.97711e-01  2.96785e-01  2.95334e-01  2.92988e-01  2.88605e-01
  2.84267e-01  2.82623e-01  2.79616e-01  2.79527e-01  2.76348e-01
  2.73617e-01  2.67359e-01  2.62200e-01  2.61875e-01  2.61789e-01
  2.55802e-01  2.54131e-01  2.54036e-01  2.51699e-01 -2.46037e-01
  2.45813e-01  2.45693e-01  2.45179e-01  2.44433e-01  2.43051e-01
  2.42622e-01  2.36184e-01  2.35127e-01  2.30881e-01  2.28320e-01
  2.19174e-01 -2.14302e-01  2.07567e-01  2.03035e-01 -2.02338e-01
  2.01673e-01  1.95839e-01  1.93524e-01  1.89989e-01  1.85985e-01
  1.81233e-01 -1.76868e-01  1.75842e-01  1.75163e-01  1.74710e-01
  1.73545e-01  1.68645e-01  1.66456e-01  1.55616e-01 -1.46219e-01
  1.40021e-01 -1.38642e-01  1.37633e-01  1.31424e-01 -1.29872e-01
  1.29547e-01  1.26278e-01  1.23757e-01 -1.21104e-01  1.20264e-01
  1.20153e-01 -1.19918e-01 -1.18628e-01 -1.16489e-01 -1.14680e-01
  1.13646e-01 -1.12982e-01 -1.11917e-01  1.10139e-01  1.05966e-01
 -1.02872e-01 -1.00816e-01  1.00598e-01  1.00191e-01  8.78561e-02
  8.56970e-02  8.28563e-02  7.94522e-02  7.70499e-02 -7.46409e-02
  7.16540e-02  7.07908e-02  6.60109e-02 -5.91935e-02  5.88827e-02
  5.53517e-02 -5.30149e-02 -5.15711e-02  4.18386e-02  4.10881e-02
 -3.53790e-02  3.48707e-02 -3.09803e-02 -2.81145e-02  2.76321e-02
  2.65433e-02 -2.62868e-02  2.52497e-02  2.35851e-02 -2.08957e-02
 -1.85854e-02  1.72212e-02  1.48563e-02  1.34334e-02  1.16362e-02
  9.57792e-03 -8.56916e-03 -8.38526e-03 -7.33378e-03 -6.80037e-03
 -6.42716e-03 -6.35931e-03  5.45539e-03  4.69163e-03  3.91541e-03
  3.05463e-03 -2.82247e-03  2.49531e-03  2.42153e-03  1.86648e-03
 -1.67055e-03  1.56053e-03  1.47075e-03 -1.38812e-03 -1.37044e-03
 -1.19100e-03  6.55696e-04  6.19790e-04 -4.96003e-04  4.58111e-04
 -4.31494e-04  4.09272e-04 -2.46057e-04 -2.44606e-04 -2.17391e-04
  1.89835e-04]


time for Rayleigh-Ritz lifetime:  77.25267002684996

##################################################
solving spin diffusion length
##################################################

--------------------------------------------------
solving -L^(-1) Lv x = x lambda^(-1)
--------------------------------------------------

--------------------------------------------------
carrier transport from linearized DMME
--------------------------------------------------
conductivity in S =  0.011368973157840051
mobility (n=|ne-nh|) in cm^2/V/s =  48965.8437770114
mobility (n=ne+nh) in cm^2/V/s =  48845.76523759821
effective lifetime in ps:  0.8550073656511729
spin diffusion length using pinv of L in micro-meter:
 [-124.61359 -105.98262  -93.69594  -93.68943   33.66123   19.12921
  -19.12398  -18.36218  -18.36218   18.36112   18.36112    8.02475
    7.79427   -5.49943    1.6851    -1.6851     1.68383    1.68383
   -1.68377   -1.68377]
precession freq. in au:
 [-3.07823e+00  3.07823e+00  1.04519e-01 -1.04519e-01  1.52008e+01
  2.35064e-17 -9.08986e-18  3.17895e-06 -3.17895e-06 -3.17972e-06
  3.17972e-06 -3.97421e+00  3.97422e+00 -1.52008e+01  2.34218e-20
 -4.82331e-20 -2.02700e-06  2.02700e-06 -2.02920e-06  2.02920e-06]
short diffusion length using pinv of L in micro-meter:
 [ 1.71404e-06  1.62790e-06  1.57176e-06 -1.43006e-06 -1.35193e-06
  1.24272e-06 -1.17365e-06 -1.06498e-06  9.22714e-07  8.53733e-07
  8.12600e-07  7.97148e-07  7.68544e-07 -7.53782e-07 -6.58143e-07
 -6.47943e-07  6.46786e-07  5.39703e-07  4.61068e-07 -2.90704e-07]

time for solving diffusion lengths via lin. alg.:  4.665772487875074

Analyse decay mode:

The 4 observables and perturbations are:
n, sx, sy, sz
ob. proj. to VR = 
 [[ 0.00000e+00+0.00000e+00j  0.00000e+00+0.00000e+00j
  -2.12717e-04-2.16783e-04j  0.00000e+00+0.00000e+00j
   5.35182e-03+5.45397e-03j  0.00000e+00+0.00000e+00j
  -4.90027e-04+4.80853e-04j  0.00000e+00+0.00000e+00j]
 [ 0.00000e+00+0.00000e+00j  0.00000e+00+0.00000e+00j
  -2.12716e-04+2.16783e-04j  0.00000e+00+0.00000e+00j
   5.35184e-03-5.45399e-03j  0.00000e+00+0.00000e+00j
  -4.90027e-04-4.80853e-04j  0.00000e+00+0.00000e+00j]
 [ 0.00000e+00+0.00000e+00j  0.00000e+00+0.00000e+00j
   0.00000e+00+0.00000e+00j  0.00000e+00+0.00000e+00j
   5.92803e-02+4.11423e-01j  0.00000e+00+0.00000e+00j
   1.14771e-03-1.65367e-04j  0.00000e+00+0.00000e+00j]
 [ 0.00000e+00+0.00000e+00j  0.00000e+00+0.00000e+00j
   0.00000e+00+0.00000e+00j  0.00000e+00+0.00000e+00j
   5.92803e-02-4.11423e-01j  0.00000e+00+0.00000e+00j
   1.14771e-03+1.65367e-04j  0.00000e+00+0.00000e+00j]
 [ 0.00000e+00+0.00000e+00j  0.00000e+00+0.00000e+00j
   0.00000e+00+0.00000e+00j  0.00000e+00+0.00000e+00j
   1.13596e-03+1.48605e-03j  0.00000e+00+0.00000e+00j
   4.11464e-04-3.14525e-04j  0.00000e+00+0.00000e+00j]
 [ 0.00000e+00+0.00000e+00j -7.66682e-02+4.68564e-02j
   7.08260e-01-4.32859e-01j  1.06406e+00-6.50310e-01j
   0.00000e+00+0.00000e+00j  2.64781e-02-1.61823e-02j
   3.20273e-03-1.95737e-03j -2.74175e-04+1.67564e-04j]
 [ 0.00000e+00+0.00000e+00j  7.85852e-02+4.33652e-02j
  -7.27027e-01-4.01191e-01j  1.09209e+00+6.02640e-01j
   0.00000e+00+0.00000e+00j -2.72899e-02-1.50592e-02j
  -3.40186e-03-1.87723e-03j -3.32296e-04-1.83369e-04j]
 [ 0.00000e+00+0.00000e+00j  3.84537e-01-8.40870e-01j
  -5.21507e-01-5.64288e-01j -7.53474e-01-7.94355e-02j
   0.00000e+00+0.00000e+00j -1.95314e-02-2.10265e-02j
  -1.40607e-02+3.12293e-02j -6.22291e-04-2.63047e-05j]
 [ 0.00000e+00+0.00000e+00j  3.84537e-01+8.40870e-01j
  -5.21507e-01+5.64288e-01j -7.53474e-01+7.94355e-02j
   0.00000e+00+0.00000e+00j -1.95314e-02+2.10265e-02j
  -1.40607e-02-3.12293e-02j -6.22291e-04+2.63047e-05j]
 [ 0.00000e+00+0.00000e+00j -2.23125e-01+8.97291e-01j
   6.16594e-01+4.58517e-01j -7.55421e-01+6.02267e-02j
   0.00000e+00+0.00000e+00j  2.31691e-02+1.71193e-02j
   7.93510e-03-3.32324e-02j -3.57851e-04+1.24666e-04j]]
rhopert. proj. to VL = 
 [[ 8.60017e+00+8.43907e+00j  0.00000e+00+0.00000e+00j
   0.00000e+00+0.00000e+00j  0.00000e+00+0.00000e+00j
   0.00000e+00+0.00000e+00j  0.00000e+00+0.00000e+00j
   0.00000e+00+0.00000e+00j  0.00000e+00+0.00000e+00j]
 [ 8.60023e+00-8.43912e+00j  0.00000e+00+0.00000e+00j
   0.00000e+00+0.00000e+00j  0.00000e+00+0.00000e+00j
   0.00000e+00+0.00000e+00j  0.00000e+00+0.00000e+00j
   0.00000e+00+0.00000e+00j  0.00000e+00+0.00000e+00j]
 [-8.69532e+00-1.25288e+00j  0.00000e+00+0.00000e+00j
   0.00000e+00+0.00000e+00j  0.00000e+00+0.00000e+00j
  -1.69300e-04+1.17504e-03j  0.00000e+00+0.00000e+00j
   0.00000e+00+0.00000e+00j  0.00000e+00+0.00000e+00j]
 [-8.69532e+00+1.25288e+00j  0.00000e+00+0.00000e+00j
   0.00000e+00+0.00000e+00j  0.00000e+00+0.00000e+00j
  -1.69300e-04-1.17504e-03j  0.00000e+00+0.00000e+00j
   0.00000e+00+0.00000e+00j  0.00000e+00+0.00000e+00j]
 [-6.92512e+00-5.29484e+00j  0.00000e+00+0.00000e+00j
   0.00000e+00+0.00000e+00j  0.00000e+00+0.00000e+00j
   0.00000e+00+0.00000e+00j  0.00000e+00+0.00000e+00j
   0.00000e+00+0.00000e+00j  0.00000e+00+0.00000e+00j]
 [ 0.00000e+00+0.00000e+00j  3.31751e-02+2.02752e-02j
  -3.39378e-02-2.07414e-02j -5.35358e-02-3.27188e-02j
   0.00000e+00+0.00000e+00j  1.10942e-03+6.78032e-04j
  -7.15644e-04-4.37371e-04j  1.60602e-03+9.81529e-04j]
 [ 0.00000e+00+0.00000e+00j -3.40437e-02+1.87861e-02j
   3.48257e-02-1.92177e-02j -5.49486e-02+3.03219e-02j
   0.00000e+00+0.00000e+00j -1.87022e-03+1.03203e-03j
   1.09206e-03-6.02627e-04j  1.53409e-03-8.46545e-04j]
 [ 0.00000e+00+0.00000e+00j -2.71692e-02-5.38093e-02j
   5.10050e-02-2.53932e-02j  2.20525e-02-2.00316e-02j
   0.00000e+00+0.00000e+00j -2.10576e-03+9.59951e-04j
  -2.55118e-03-1.73403e-03j  1.89479e-03+8.10375e-04j]
 [ 0.00000e+00+0.00000e+00j -2.71692e-02+5.38093e-02j
   5.10050e-02+2.53932e-02j  2.20525e-02+2.00316e-02j
   0.00000e+00+0.00000e+00j -2.10576e-03-9.59951e-04j
  -2.55118e-03+1.73403e-03j  1.89479e-03-8.10375e-04j]
 [ 0.00000e+00+0.00000e+00j  1.68164e-02+5.78898e-02j
  -5.48061e-02+1.55717e-02j  2.53822e-02-1.56304e-02j
   0.00000e+00+0.00000e+00j  2.50036e-03-8.03789e-04j
   2.52451e-03+2.26041e-03j  1.15190e-03+5.30411e-04j]]
ob. of pert:
 [[-4.58794e-01  0.00000e+00  0.00000e+00  1.21549e-06  0.00000e+00
   0.00000e+00  0.00000e+00 -5.24318e-06]
 [ 0.00000e+00 -2.29397e-01  0.00000e+00  0.00000e+00  0.00000e+00
   0.00000e+00  0.00000e+00  0.00000e+00]
 [ 0.00000e+00  0.00000e+00 -2.29397e-01  0.00000e+00  0.00000e+00
   0.00000e+00  0.00000e+00  0.00000e+00]
 [ 0.00000e+00  0.00000e+00  0.00000e+00 -2.29397e-01 -1.04864e-05
   0.00000e+00  0.00000e+00  0.00000e+00]
 [ 0.00000e+00  0.00000e+00  0.00000e+00 -5.24318e-06 -4.58794e-01
   0.00000e+00  0.00000e+00  1.21549e-06]
 [ 0.00000e+00  0.00000e+00  0.00000e+00  0.00000e+00  0.00000e+00
  -2.29397e-01  0.00000e+00  0.00000e+00]
 [ 0.00000e+00  0.00000e+00  0.00000e+00  0.00000e+00  0.00000e+00
   0.00000e+00 -2.29397e-01  0.00000e+00]
 [ 0.00000e+00  0.00000e+00  0.00000e+00  0.00000e+00  0.00000e+00
   0.00000e+00  0.00000e+00 -2.29397e-01]]

mode  0  with rate  -2354856.5723615987
pert. and ob.:
 [[ 1.86088e-07 -1.84531e-05  4.62968e-08 -3.79272e-07  1.27029e-07
   1.93690e-06 -8.27227e-03  3.72602e-05]
 [ 0.00000e+00  0.00000e+00  0.00000e+00  0.00000e+00  0.00000e+00
   0.00000e+00  0.00000e+00  0.00000e+00]
 [ 0.00000e+00  0.00000e+00  0.00000e+00  0.00000e+00  0.00000e+00
   0.00000e+00  0.00000e+00  0.00000e+00]
 [ 0.00000e+00  0.00000e+00  0.00000e+00  0.00000e+00  0.00000e+00
   0.00000e+00  0.00000e+00  0.00000e+00]
 [ 0.00000e+00  0.00000e+00  0.00000e+00  0.00000e+00  1.37377e-07
   0.00000e+00  0.00000e+00  0.00000e+00]
 [ 0.00000e+00  0.00000e+00  0.00000e+00  0.00000e+00  0.00000e+00
   0.00000e+00  0.00000e+00  0.00000e+00]
 [ 0.00000e+00  0.00000e+00  0.00000e+00  0.00000e+00  0.00000e+00
   0.00000e+00  0.00000e+00  0.00000e+00]
 [ 0.00000e+00  0.00000e+00  0.00000e+00  0.00000e+00  0.00000e+00
   0.00000e+00  0.00000e+00  0.00000e+00]]

mode  1  with rate  -2002782.0029423886
pert. and ob.:
 [[-1.75858e-07 -1.84534e-05  4.51275e-08 -3.79275e-07  1.38016e-07
   1.93693e-06 -8.27233e-03  3.72608e-05]
 [ 0.00000e+00  0.00000e+00  0.00000e+00  0.00000e+00  0.00000e+00
   0.00000e+00  0.00000e+00  0.00000e+00]
 [ 0.00000e+00  0.00000e+00  0.00000e+00  0.00000e+00  0.00000e+00
   0.00000e+00  0.00000e+00  0.00000e+00]
 [ 0.00000e+00  0.00000e+00  0.00000e+00  0.00000e+00  0.00000e+00
   0.00000e+00  0.00000e+00  0.00000e+00]
 [ 0.00000e+00  0.00000e+00  0.00000e+00  0.00000e+00  1.37379e-07
   0.00000e+00  0.00000e+00  0.00000e+00]
 [ 0.00000e+00  0.00000e+00  0.00000e+00  0.00000e+00  0.00000e+00
   0.00000e+00  0.00000e+00  0.00000e+00]
 [ 0.00000e+00  0.00000e+00  0.00000e+00  0.00000e+00  0.00000e+00
   0.00000e+00  0.00000e+00  0.00000e+00]
 [ 0.00000e+00  0.00000e+00  0.00000e+00  0.00000e+00  0.00000e+00
   0.00000e+00  0.00000e+00  0.00000e+00]]

mode  2  with rate  -1770597.3869128455
pert. and ob.:
 [[ 0.00000e+00 -2.26283e-05 -6.03903e-08  3.45431e-07 -9.92147e-08
   4.02504e-06 -1.01869e-02 -6.70638e-05]
 [ 0.00000e+00  0.00000e+00  0.00000e+00  0.00000e+00  0.00000e+00
   0.00000e+00  0.00000e+00  0.00000e+00]
 [ 0.00000e+00  0.00000e+00  0.00000e+00  0.00000e+00  4.61128e-08
   0.00000e+00  0.00000e+00  0.00000e+00]
 [ 0.00000e+00  0.00000e+00  0.00000e+00  0.00000e+00 -2.16031e-07
   0.00000e+00  0.00000e+00  0.00000e+00]
 [ 0.00000e+00  0.00000e+00 -6.97718e-08  2.71455e-08 -4.93474e-04
   0.00000e+00  0.00000e+00  0.00000e+00]
 [ 0.00000e+00  0.00000e+00  0.00000e+00  0.00000e+00  1.20688e-07
   0.00000e+00  0.00000e+00  0.00000e+00]
 [ 0.00000e+00  0.00000e+00  0.00000e+00  0.00000e+00  0.00000e+00
   0.00000e+00  1.14500e-08  0.00000e+00]
 [ 0.00000e+00  0.00000e+00  0.00000e+00  0.00000e+00  0.00000e+00
   0.00000e+00  0.00000e+00  0.00000e+00]]

mode  3  with rate  -1770474.3211097145
pert. and ob.:
 [[ 0.00000e+00 -2.26283e-05 -6.03927e-08  3.45432e-07 -1.00112e-07
   4.02503e-06 -1.01869e-02 -6.70639e-05]
 [ 0.00000e+00  0.00000e+00  0.00000e+00  0.00000e+00  0.00000e+00
   0.00000e+00  0.00000e+00  0.00000e+00]
 [ 0.00000e+00  0.00000e+00  0.00000e+00  0.00000e+00  4.61472e-08
   0.00000e+00  0.00000e+00  0.00000e+00]
 [ 0.00000e+00  0.00000e+00  0.00000e+00  0.00000e+00 -2.16024e-07
   0.00000e+00  0.00000e+00  0.00000e+00]
 [ 0.00000e+00  0.00000e+00 -6.97718e-08  2.71455e-08 -4.93474e-04
   0.00000e+00  0.00000e+00  0.00000e+00]
 [ 0.00000e+00  0.00000e+00  0.00000e+00  0.00000e+00  1.20686e-07
   0.00000e+00  0.00000e+00  0.00000e+00]
 [ 0.00000e+00  0.00000e+00  0.00000e+00  0.00000e+00  0.00000e+00
   0.00000e+00  1.14500e-08  0.00000e+00]
 [ 0.00000e+00  0.00000e+00  0.00000e+00  0.00000e+00  0.00000e+00
   0.00000e+00  0.00000e+00  0.00000e+00]]

mode  4  with rate  636105.3901834551
pert. and ob.:
 [[ 2.88148e-07  6.02529e-06  2.99159e-08  2.96495e-06  1.73129e-06
  -3.94449e-06 -4.51479e-03 -2.31854e-05]
 [ 0.00000e+00  0.00000e+00  0.00000e+00  0.00000e+00  0.00000e+00
   0.00000e+00  0.00000e+00  0.00000e+00]
 [ 0.00000e+00  0.00000e+00  0.00000e+00  0.00000e+00  0.00000e+00
   0.00000e+00  0.00000e+00  0.00000e+00]
 [ 0.00000e+00  0.00000e+00  0.00000e+00  0.00000e+00  0.00000e+00
   0.00000e+00  0.00000e+00  0.00000e+00]
 [ 0.00000e+00  0.00000e+00  0.00000e+00  0.00000e+00  0.00000e+00
   0.00000e+00  0.00000e+00  0.00000e+00]
 [ 0.00000e+00  0.00000e+00  0.00000e+00  0.00000e+00  0.00000e+00
   0.00000e+00  0.00000e+00  0.00000e+00]
 [ 0.00000e+00  0.00000e+00  0.00000e+00  0.00000e+00  0.00000e+00
   0.00000e+00  0.00000e+00  0.00000e+00]
 [ 0.00000e+00  0.00000e+00  0.00000e+00  0.00000e+00  0.00000e+00
   0.00000e+00  0.00000e+00  0.00000e+00]]

mode  5  with rate  361489.78813877027
pert. and ob.:
 [[ 0.00000e+00  9.07406e-08 -8.38261e-07 -1.25937e-06  0.00000e+00
  -3.13382e-08  0.00000e+00  0.00000e+00]
 [ 0.00000e+00 -3.49350e-03  3.22729e-02  4.84855e-02  1.25128e-06
   1.20651e-03  1.45937e-04 -1.24932e-05]
 [ 0.00000e+00  3.57381e-03 -3.30149e-02 -4.96002e-02 -1.28005e-06
  -1.23425e-03 -1.49292e-04  1.27804e-05]
 [ 0.00000e+00  5.63757e-03 -5.20799e-02 -7.82428e-02 -2.01924e-06
  -1.94699e-03 -2.35503e-04  2.01607e-05]
 [ 0.00000e+00 -7.69782e-06  7.11124e-05  1.06837e-04  0.00000e+00
   2.65852e-06  3.21568e-07 -2.75284e-08]
 [ 0.00000e+00 -1.16827e-04  1.07925e-03  1.62142e-03  4.18447e-08
   4.03475e-05  4.88033e-06 -4.17789e-07]
 [ 0.00000e+00  7.53607e-05 -6.96182e-04 -1.04592e-03 -2.69924e-08
  -2.60266e-05 -3.14811e-06  2.69499e-07]
 [ 0.00000e+00 -1.69121e-04  1.56234e-03  2.34720e-03  6.05751e-08
   5.84076e-05  7.06485e-06 -6.04798e-07]]

mode  6  with rate  -361390.99593549914
pert. and ob.:
 [[ 0.00000e+00 -5.97143e-08  5.52444e-07 -8.29842e-07  0.00000e+00
   2.07367e-08  0.00000e+00  0.00000e+00]
 [ 0.00000e+00 -3.49000e-03  3.22876e-02 -4.85001e-02 -1.21723e-06
   1.21196e-03  1.51078e-04  1.47574e-05]
 [ 0.00000e+00  3.57016e-03 -3.30292e-02  4.96141e-02  1.24519e-06
  -1.23979e-03 -1.54548e-04 -1.50964e-05]
 [ 0.00000e+00 -5.63306e-03  5.21140e-02 -7.82819e-02 -1.96468e-06
   1.95617e-03  2.43849e-04  2.38193e-05]
 [ 0.00000e+00  7.97626e-06 -7.37920e-05  1.10845e-04  0.00000e+00
  -2.76988e-06 -3.45283e-07 -3.37274e-08]
 [ 0.00000e+00 -1.91726e-04  1.77375e-03 -2.66439e-03 -6.68697e-08
   6.65799e-05  8.29960e-06  8.10710e-07]
 [ 0.00000e+00  1.11953e-04 -1.03573e-03  1.55580e-03  3.90467e-08
  -3.88774e-05 -4.84632e-06 -4.73391e-07]
 [ 0.00000e+00  1.57267e-04 -1.45495e-03  2.18552e-03  5.48512e-08
  -5.46134e-05 -6.80791e-06 -6.65001e-07]]

mode  7  with rate  -346995.1450997796
pert. and ob.:
 [[ 0.00000e+00 -1.28792e-06  1.48304e-07  9.04231e-07  0.00000e+00
   0.00000e+00  4.75459e-08  0.00000e+00]
 [ 0.00000e+00 -5.56942e-02 -1.61950e-02  1.61969e-02 -3.11829e-07
  -6.00765e-04  2.06245e-03  1.54917e-05]
 [ 0.00000e+00 -1.73910e-03 -4.09285e-02 -4.04480e-02 -1.89131e-06
  -1.53013e-03  7.58446e-05 -3.24079e-05]
 [ 0.00000e+00 -8.36396e-03 -2.28041e-02 -1.82072e-02 -9.95095e-07
  -8.51911e-04  3.15498e-04 -1.42500e-05]
 [ 0.00000e+00  1.18002e-05  2.96706e-05  2.31522e-05  0.00000e+00
   1.10835e-06 -4.44409e-07  1.80684e-08]
 [ 0.00000e+00 -2.54610e-06  1.63986e-03  1.66289e-03  7.63512e-08
   6.13128e-05 -3.70137e-07  1.33564e-06]
 [ 0.00000e+00 -2.43912e-03  3.51967e-04  1.78450e-03  3.57407e-08
   1.33677e-05  9.00242e-05  1.54197e-06]
 [ 0.00000e+00  1.41004e-03 -5.30862e-04 -1.36330e-03 -3.59007e-08
  -1.99687e-05 -5.19496e-05 -1.15779e-06]]

mode  8  with rate  -346995.14509479
pert. and ob.:
 [[ 0.00000e+00 -1.28792e-06  1.48303e-07  9.04229e-07  0.00000e+00
   0.00000e+00  4.75459e-08  0.00000e+00]
 [ 0.00000e+00 -5.56942e-02 -1.61950e-02  1.61969e-02 -3.11829e-07
  -6.00765e-04  2.06245e-03  1.54917e-05]
 [ 0.00000e+00 -1.73910e-03 -4.09285e-02 -4.04480e-02 -1.89131e-06
  -1.53013e-03  7.58446e-05 -3.24079e-05]
 [ 0.00000e+00 -8.36396e-03 -2.28041e-02 -1.82072e-02 -9.95095e-07
  -8.51911e-04  3.15498e-04 -1.42500e-05]
 [ 0.00000e+00  1.18002e-05  2.96706e-05  2.31522e-05  0.00000e+00
   1.10835e-06 -4.44409e-07  1.80684e-08]
 [ 0.00000e+00 -2.54610e-06  1.63986e-03  1.66289e-03  7.63512e-08
   6.13128e-05 -3.70137e-07  1.33564e-06]
 [ 0.00000e+00 -2.43912e-03  3.51967e-04  1.78450e-03  3.57407e-08
   1.33677e-05  9.00242e-05  1.54197e-06]
 [ 0.00000e+00  1.41004e-03 -5.30862e-04 -1.36330e-03 -3.59007e-08
  -1.99687e-05 -5.19496e-05 -1.15779e-06]]

mode  9  with rate  346974.9482477302
pert. and ob.:
 [[ 0.00000e+00 -1.83301e-07  0.00000e+00 -1.11489e-07  0.00000e+00
   0.00000e+00  0.00000e+00  0.00000e+00]
 [ 0.00000e+00 -5.56962e-02 -1.61745e-02 -1.61900e-02  4.30700e-07
  -6.01413e-04  2.05726e-03 -1.32347e-05]
 [ 0.00000e+00 -1.74378e-03 -4.09330e-02  4.04638e-02  1.86643e-06
  -1.53639e-03  8.25944e-05  1.76711e-05]
 [ 0.00000e+00  8.36162e-03  2.28173e-02 -1.82329e-02 -9.99189e-07
   8.55665e-04 -3.18025e-04 -7.13445e-06]
 [ 0.00000e+00 -1.18841e-05 -3.28096e-05  2.62991e-05  0.00000e+00
  -1.23040e-06  4.52169e-07  1.03101e-08]
 [ 0.00000e+00  1.63341e-04  1.91025e-03 -1.84041e-03 -8.66453e-08
   7.16914e-05 -6.87127e-06 -7.94549e-07]
 [ 0.00000e+00 -2.59153e-03  5.20159e-04 -2.04320e-03 -3.82963e-08
   1.97939e-05  9.51512e-05 -1.18519e-06]
 [ 0.00000e+00 -7.32950e-04  4.67052e-04 -9.02113e-04 -2.54955e-08
   1.76082e-05  2.67672e-05 -4.78332e-07]]

do real-space simulations with xmax (in micro-meter)  19.129215785748002
2803  (of  5600 ) modes are considered in real-space simulation
Sxx_jxsxpert (exp): tau =  7.163055066946533  micro-meter
Sxx_jxsxpert (exp cos phi=0): tau =  14.408019755832209  micro-meter  period =  75.63581019021925
Sxx_jxsxpert (exp cos): tau =  18.36818048950307  micro-meter  period =  105.06437482549282 micro-meter  phi =  0.41521510408545576
2803  (of  5600 ) modes are considered in real-space simulation
jxSx_jxsxpert (exp): tau =  11.033993057560481  micro-meter
jxSx_jxsxpert (exp cos phi=0): tau =  18.50144558619558  micro-meter  period =  -109.9410204608712
jxSx_jxsxpert (exp cos): tau =  17.95000179429382  micro-meter  period =  -104.06804157897909 micro-meter  phi =  0.07896061237088346
2803  (of  5600 ) modes are considered in real-space simulation
Sxx_sxpert (exp): tau =  11.029750577050589  micro-meter
Sxx_sxpert (exp cos phi=0): tau =  18.499315560369443  micro-meter  period =  -109.89503650120724
Sxx_sxpert (exp cos): tau =  17.952766159093233  micro-meter  period =  -104.07828709373184 micro-meter  phi =  0.07820471959482522
3  (of  5600 ) modes are considered in real-space simulation
Sxx_sxpert_thrrel0.01 (exp): tau =  11.017320531132935  micro-meter
Sxx_sxpert_thrrel0.01 (exp cos phi=0): tau =  18.465642202160065  micro-meter  period =  -109.86673404297824
Sxx_sxpert_thrrel0.01 (exp cos): tau =  17.940710548108786  micro-meter  period =  -104.28738725840596 micro-meter  phi =  0.0748896127175271
2803  (of  5600 ) modes are considered in real-space simulation
Syx_sypert (exp): tau =  9.9679277976729  micro-meter
Syx_sypert (exp cos phi=0): tau =  14.574879478713237  micro-meter  period =  108.084101792623
Syx_sypert (exp cos): tau =  13.86414266633872  micro-meter  period =  98.8761105152464 micro-meter  phi =  -0.1316155350018694
2803  (of  5600 ) modes are considered in real-space simulation
Szx_szpert (exp): tau =  18.21320785474082  micro-meter
Szx_szpert (exp cos phi=0): tau =  21.397762617019488  micro-meter  period =  263.61209087808766
Szx_szpert (exp cos): tau =  20.872225255973273  micro-meter  period =  248.11742995342274 micro-meter  phi =  -0.08347200731140356

time for diffusion length:  69.90173292299733

##################################################
solving approximate diffusion lengths
##################################################

--------------------------------------------------
Rayleigh-Ritz method:
--------------------------------------------------

##################################################
diffusion length analysis for grbn based on RR method:
##################################################
time for Rayleigh-Ritz method:  559.234740450047

##################################################
more diffusion length analysis for gr-bn:
##################################################
time for more diffusion length analysis for grbn:  9.320607508998364

time for approximate diffusion length:  568.5553549169563
total time:  738.2946487898007
