dim =  2
R = 
 [[ 6.27389 -3.13695  0.     ]
 [ 0.       5.43335  0.     ]
 [ 0.       0.      26.     ]]
volume =  886.2942460189998
area =  34.088240231499995
R:
 [[ 6.27389 -3.13695  0.     ]
 [ 0.       5.43335  0.     ]
 [ 0.       0.      26.     ]]
G:
 [[1.00148 0.57821 0.     ]
 [0.      1.15641 0.     ]
 [0.      0.      0.24166]]
cell_size =  34.088240231499995

##################################################
read and compute electronic quantities
##################################################
isMetal =  False
has_h =  True
nb =  1
nk_full =  1742400.0  nk =  5962  , kmesh =  [1320 1320    1]
nkpair =  12977912
T =  6.33362276467799e-05
emin =  -0.00088670719  emax =  0.023154053
Ek: [[-6.10623e-16]
 [-2.49800e-16]
 [-1.02071e-06]
 [-1.20917e-06]
 [-4.27087e-06]
 [-4.64763e-06]
 [-9.74903e-06]
 [-1.03137e-05]
 [-1.74527e-05]
 [-1.82048e-05]]
vbm in eV =  -6.797409197009573e-15
number of iterations:  31  , err =  0.009356114084109574
final mu =  5.505219e-03 eV
fk: [[0.96062]
 [0.96062]
 [0.96122]
 [0.96133]
 [0.96309]
 [0.9633 ]
 [0.96605]
 [0.96634]
 [0.96982]
 [0.97016]]

electron density =  0.000e+00 in cm^-d
hole density =  1.000e+10 in cm^-d
excess density = -1.000e+10 in cm^-d

sk:
 [[[[ 7.85106e-11+1.90210e-17j]]

  [[-1.11807e-11+1.91514e-18j]]

  [[-4.99546e-01-1.82503e-15j]]]


 [[[-7.84636e-11-1.11961e-17j]]

  [[-1.11693e-11+5.34647e-18j]]

  [[ 4.99546e-01-8.49669e-16j]]]


 [[[-8.62490e-07+2.50722e-17j]]

  [[-4.34510e-07-1.21408e-18j]]

  [[-4.99546e-01-1.81251e-15j]]]]
mask_Ek:
 [[ True]
 [ True]
 [ True]
 ...
 [ True]
 [ True]
 [ True]]

number of states within [emin,emax]:  5962  ( 5962 )
number of elements of rho left:  5962  ( 5962 )
mask_Ek and mask_rho are right
nb_k =  [1 1 1 ... 1 1 1]
ind_k_state =  [   0    1    2 ... 5960 5961 5962]
time for electron:  0.290155973052606

##################################################
read and compute e-ph quantities
##################################################
time for e-ph setup:  33.61620350694284

--------------------------------------------------
carrier transport from conventional method
--------------------------------------------------
carrier lifetime (rate average) in ps:  0.0029694107435413795
carrier lifetime (time average) in ps:  0.0029839560258043177
momentum lifetime (rate average) in ps:  0.009544774926457293
momentum lifetime (time average) in ps:  0.013349290807358437
momentum lifetime (type 2, rate average) in ps:  0.0004108910269005798
momentum lifetime (type 2, time average) in ps:  0.0125402844556425
average of v^2 =  [1.89869e-04 1.89852e-04 2.75213e-13]
Fermi velocity in m/s =  [3.01449e+04 3.01435e+04 1.14768e+00]
conductivity using tau in S =  [2.63593e-08 2.63566e-08 3.91800e-17]
conductivity using taum in S =  [1.93842e-07 1.93835e-07 3.23941e-16]
conductivity using taum2 in S =  [1.49214e-07 1.49218e-07 2.40862e-16]
mobility using tau in cm^2/V/s =  [1.64522e+01 1.64505e+01 2.44542e-08]
mobility using taum in cm^2/V/s =  [1.20987e+02 1.20982e+02 2.02188e-07]
mobility using taum2 in cm^2/V/s =  [9.31321e+01 9.31344e+01 1.50334e-07]
time for compute_carrier_transport_conventional:  1.1256319899111986

==================================================
carrier transport within RTA with tau =  0.0029839560258043177  ps
==================================================

--------------------------------------------------
carrier transport from linearized DMME
--------------------------------------------------
conductivity in S =  [ 2.47087e-08 -1.96449e-12 -2.69234e-13]
spin conductivity of Sx in S =  [-4.86081e-19 -9.71772e-20 -4.05155e-22]
spin conductivity of Sy in S =  [-1.04525e-19 -1.60949e-20  1.93373e-22]
spin conductivity of Sz in S =  [7.57160e-17 9.25379e-17 1.63520e-16]
mobility in cm^2/V/s =  [ 1.54220e+01 -1.22614e-03 -1.68043e-04]


==================================================
carrier transport within RTA with tau =  0.013349290807358437  ps
==================================================

--------------------------------------------------
carrier transport from linearized DMME
--------------------------------------------------
conductivity in S =  [ 1.10539e-07 -8.78854e-12 -1.20447e-12]
spin conductivity of Sx in S =  [-2.17457e-18 -4.34741e-19 -1.81254e-21]
spin conductivity of Sy in S =  [-4.67613e-19 -7.20035e-20  8.65090e-22]
spin conductivity of Sz in S =  [3.38730e-16 4.13986e-16 7.31537e-16]
mobility in cm^2/V/s =  [ 6.89932e+01 -5.48537e-03 -7.51771e-04]


==================================================
carrier transport within RTA with tau =  0.0125402844556425  ps
==================================================

--------------------------------------------------
carrier transport from linearized DMME
--------------------------------------------------
conductivity in S =  [ 1.03840e-07 -8.25593e-12 -1.13148e-12]
spin conductivity of Sx in S =  [-2.04279e-18 -4.08394e-19 -1.70269e-21]
spin conductivity of Sy in S =  [-4.39274e-19 -6.76399e-20  8.12663e-22]
spin conductivity of Sz in S =  [3.18202e-16 3.88897e-16 6.87204e-16]
mobility in cm^2/V/s =  [ 6.48120e+01 -5.15294e-03 -7.06211e-04]

carrier lifetime (rate average) in ps:  0.0029694107435414108
effetive lifetime (single element of rho, rate average) in ps:  0.0029694107435414108
time for e-ph:  1.2260370741132647

time for set up and some simple analysis:  35.2394560049288

##################################################
solving spin lifetimes via linear algebra and analysis decay modes
##################################################

--------------------------------------------------
solve -L x = x e :
--------------------------------------------------
rates:
 [-2.38617e-17+9.04290e-32j  1.15160e-11-9.05031e-32j
  4.54535e-04+8.21366e-24j  4.54535e-04+8.32995e-24j
  5.69545e-04-1.02980e-24j  5.69545e-04-5.09692e-24j
  5.69725e-04+2.56361e-24j  5.69725e-04+2.18688e-24j
  6.82472e-04+4.68734e-23j  6.82472e-04+4.71470e-23j]
spin lifetimes in ps:
 [-1.01371e+12  2.10046e+06  5.32167e-02  5.32167e-02  4.24705e-02
  4.24705e-02  4.24571e-02  4.24571e-02  3.54430e-02  3.54430e-02]
precession freq. in au:
 [ 9.04290e-32 -9.05031e-32  8.21366e-24  8.32995e-24 -1.02980e-24
 -5.09692e-24  2.56361e-24  2.18688e-24  4.68734e-23  4.71470e-23]
short lifetimes in ps:
 [0.0027 0.0027 0.0027 0.0027 0.0027 0.0027 0.0027 0.0027 0.0027 0.0027]

time for solving lifetimes via lin. alg.:  65.97571332403459

Analyse decay mode:

The 4 observables and perturbations are:
n, sx, sy, sz
ob. proj. to VR = 
 [[0.61487-4.83191e-21j 0.     +0.00000e+00j]
 [0.     +0.00000e+00j 0.30714-3.12079e-16j]
 [0.     +0.00000e+00j 0.     +0.00000e+00j]
 [0.     +0.00000e+00j 0.     +0.00000e+00j]
 [0.     +0.00000e+00j 0.     +0.00000e+00j]
 [0.     +0.00000e+00j 0.     +0.00000e+00j]
 [0.     +0.00000e+00j 0.     +0.00000e+00j]
 [0.     +0.00000e+00j 0.     +0.00000e+00j]
 [0.     +0.00000e+00j 0.     +0.00000e+00j]
 [0.     +0.00000e+00j 0.     +0.00000e+00j]]
rhopert. proj. to VL = 
 [[-6.14872e-01-4.83230e-21j  0.00000e+00+0.00000e+00j]
 [ 0.00000e+00+0.00000e+00j -6.14720e-01-7.30290e-15j]
 [ 0.00000e+00+0.00000e+00j  0.00000e+00+0.00000e+00j]
 [ 0.00000e+00+0.00000e+00j -5.07424e-04+2.46120e-14j]
 [ 0.00000e+00+0.00000e+00j -2.07647e-03-5.16220e-13j]
 [ 0.00000e+00+0.00000e+00j  0.00000e+00+0.00000e+00j]
 [ 0.00000e+00+0.00000e+00j -3.21580e-03+3.85804e-13j]
 [ 0.00000e+00+0.00000e+00j  0.00000e+00+0.00000e+00j]
 [ 0.00000e+00+0.00000e+00j -5.77692e-04+2.62119e-14j]
 [ 0.00000e+00+0.00000e+00j  0.00000e+00+0.00000e+00j]]
ob. of pert:
 [[-0.37807  0.     ]
 [ 0.      -0.18881]]

mode  0  with rate  -4.1908160125075544e+16
pert. and ob.:
 [[-3.78068e-01 -5.68386e-07]
 [ 1.54689e-06  0.00000e+00]]

mode  1  with rate  86835696957.43846
pert. and ob.:
 [[ 0.00000e+00  5.68336e-07]
 [-1.55285e-06 -1.88806e-01]]

mode  2  with rate  2200.0514986377207
pert. and ob.:
 [[0. 0.]
 [0. 0.]]

mode  3  with rate  2200.051100912724
pert. and ob.:
 [[ 0.00000e+00  0.00000e+00]
 [ 0.00000e+00 -4.20676e-08]]

mode  4  with rate  1755.7887528528752
pert. and ob.:
 [[0. 0.]
 [0. 0.]]

mode  5  with rate  1755.7886352700546
pert. and ob.:
 [[0. 0.]
 [0. 0.]]

mode  6  with rate  1755.2335888340367
pert. and ob.:
 [[0. 0.]
 [0. 0.]]

mode  7  with rate  1755.2334699052913
pert. and ob.:
 [[0. 0.]
 [0. 0.]]

mode  8  with rate  1465.2625931064788
pert. and ob.:
 [[0.0000e+00 0.0000e+00]
 [0.0000e+00 5.5097e-08]]

mode  9  with rate  1465.2618719323516
pert. and ob.:
 [[0. 0.]
 [0. 0.]]

do real-time dynamics with tmax (in ps)  2100455.0635849345
5962  (of  5962 ) modes are considered in real-time simulation
Szt_szpert (exp): tau =  2100454.982974771  ps
Szt_szpert (exp cos phi=0): tau =  0.5424052514062817  ps  period =  -24.173889340952776 ps
Szt_szpert (exp cos): tau =  2100455.6882832767  ps  period =  350.1925703462637 ps  phi =  0.00046531030978624985

time for spin lifetime:  68.45915575907566

##################################################
solving lifetimes approximately
##################################################

--------------------------------------------------
Rayleigh-Ritz method (material dependent):
--------------------------------------------------
Rayleigh-Ritz ( 1  vec.,   ) lifetime in ps:
 [617.58336]

Rayleigh-Ritz ( 1  vec.,  with Left ) lifetime in ps:
 [1567168.9434]

Rayleigh-Ritz ( 2  vec.,   ) lifetime in ps:
 [1.86697e+03 2.12740e-02]

Rayleigh-Ritz ( 2  vec.,  with Left ) lifetime in ps:
 [ 1.59190e+06 -8.15401e-03]

Rayleigh-Ritz ( 4  vec.,   ) lifetime in ps:
 [7.88709e+02 4.35046e-02 1.38602e-02 7.79051e-03]

Rayleigh-Ritz ( 4  vec.,  with Left ) lifetime in ps:
 [1.39267e+06 3.12900e-02 3.12900e-02 6.37938e-03]

Rayleigh-Ritz ( 10  vec.,   ) lifetime in ps:
 [6.37108e+02 6.30259e-02 2.70962e-02 2.70962e-02 1.13064e-02 1.13064e-02
 8.23887e-03 6.12329e-03 3.81641e-03 3.24420e-03]

Rayleigh-Ritz ( 10  vec.,  with Left ) lifetime in ps:
 [ 1.05649e+06 -3.19327e-01  7.40174e-02  7.40174e-02  1.34888e-02
  1.34888e-02  8.98581e-03  5.76678e-03  3.90353e-03  3.31150e-03]

Rayleigh-Ritz ( 10  vec.,  with Left ) lifetime in ps:
 [ 1.05649e+06 -3.19327e-01  7.40174e-02  7.40174e-02  1.34888e-02
  1.34888e-02  8.98581e-03  5.76678e-03  3.90353e-03  3.31150e-03]


time for Rayleigh-Ritz lifetime:  4.312351387925446

##################################################
solving spin diffusion length
##################################################

--------------------------------------------------
solving -L^(-1) Lv x = x lambda^(-1)
--------------------------------------------------

--------------------------------------------------
carrier transport from linearized DMME
--------------------------------------------------
conductivity in S =  [3.41734e-04 5.98637e-04 8.10377e-07]
spin conductivity of Sx in S =  [-2.34475e-11 -3.15683e-11  2.15966e-15]
spin conductivity of Sy in S =  [-9.42630e-13  1.21529e-11  6.03586e-15]
spin conductivity of Sz in S =  [-1.94119e-09  8.45739e-09  1.87205e-11]
mobility in cm^2/V/s =  [213293.6231  373640.09591    505.79762]

effective lifetime in ps:  81.4988788677025

time for sci.linalg.eig:  67.94300981098786
spin diffusion length using pinv of L in micro-meter:
 [-5.62918e+00  5.62513e+00  5.25692e-03 -5.25692e-03  5.06027e-03
 -5.06027e-03  3.49547e-03 -3.49547e-03 -3.35196e-03  3.35196e-03
 -3.25822e-03  3.25822e-03  3.09918e-03 -3.09918e-03  2.67765e-03
 -2.67765e-03 -2.55888e-03  2.55888e-03  2.32971e-03 -2.32971e-03]
precession freq. in au:
 [-3.04162e-16 -3.04367e-16 -1.62004e-17  4.31755e-18 -5.39530e-17
 -2.04462e-17 -2.24368e-17  1.28112e-17 -2.72545e-17 -8.13861e-17
  2.23125e-18 -3.35619e-17 -9.73160e-17 -3.77649e-17 -3.02612e-17
  1.47440e-17 -3.64903e-17 -1.08837e-16 -3.37577e-17  1.47376e-17]
short diffusion length using pinv of L in micro-meter:
 [-6.83840e-07  6.57371e-07 -6.57370e-07 -4.58392e-07  4.58391e-07
  4.11612e-07 -4.11612e-07 -2.60019e-07  2.60019e-07  2.22130e-07
 -2.22129e-07 -1.16244e-07  1.16243e-07  8.99525e-08 -8.99521e-08
 -2.89990e-08  2.89989e-08  1.65453e-08 -1.65452e-08 -1.02134e-10]

time for solving diffusion lengths via lin. alg.:  79.30921432492323

Analyse decay mode:

The 4 observables and perturbations are:
n, sx, sy, sz
ob. proj. to VR = 
 [[ 3.03374e-04+3.73149e-17j  3.68862e+01-3.85950e-14j]
 [ 3.03373e-04-3.63697e-17j  3.68862e+01-3.69632e-14j]
 [ 0.00000e+00+0.00000e+00j  2.11657e+00+1.37357e-12j]
 [ 0.00000e+00+0.00000e+00j -2.11658e+00-1.94034e-12j]
 [ 0.00000e+00+0.00000e+00j -2.37481e+00+1.10287e-12j]
 [ 0.00000e+00+0.00000e+00j  2.37480e+00+2.42152e-12j]
 [ 0.00000e+00+0.00000e+00j  3.30619e-01-1.85273e-16j]
 [ 0.00000e+00+0.00000e+00j -3.30624e-01-8.97814e-15j]
 [ 0.00000e+00+0.00000e+00j  2.54374e-01+5.13807e-14j]
 [ 0.00000e+00+0.00000e+00j -2.54373e-01+3.30402e-14j]]
rhopert. proj. to VL = 
 [[ 0.12766-5.17830e-14j -0.00258+5.66886e-14j]
 [-0.12766+5.20347e-14j -0.00257-6.38152e-14j]
 [ 0.00041-2.65163e-16j  0.00689+6.93861e-13j]
 [ 0.00041-3.21486e-16j -0.00689-6.90814e-13j]
 [ 0.00042+1.80677e-16j  0.00567+5.13512e-13j]
 [ 0.00042-3.88604e-16j -0.00567-5.01304e-13j]
 [ 0.     +0.00000e+00j  0.00033-9.26228e-14j]
 [ 0.     +0.00000e+00j -0.00033+9.23222e-14j]
 [ 0.     +0.00000e+00j -0.0005 +1.42013e-13j]
 [ 0.     +0.00000e+00j  0.0005 -1.41898e-13j]]
ob. of pert:
 [[-0.37807  0.     ]
 [ 0.      -0.18881]]

mode  0  with rate  -106376.0653893502
pert. and ob.:
 [[ 3.87281e-05  4.70882e+00]
 [-7.82456e-07 -9.51362e-02]]

mode  1  with rate  106299.64394170558
pert. and ob.:
 [[-3.87281e-05 -4.70882e+00]
 [-7.78483e-07 -9.46533e-02]]

mode  2  with rate  99.34146109050553
pert. and ob.:
 [[0.00000e+00 8.60934e-04]
 [1.25378e-07 1.45845e-02]]

mode  3  with rate  -99.34146096572806
pert. and ob.:
 [[ 0.00000e+00 -8.60932e-04]
 [ 1.26408e-07  1.45847e-02]]

mode  4  with rate  95.62532248014365
pert. and ob.:
 [[ 0.00000e+00 -9.85679e-04]
 [-1.18468e-07 -1.34618e-02]]

mode  5  with rate  -95.62532166097041
pert. and ob.:
 [[ 0.00000e+00  9.85678e-04]
 [-1.18752e-07 -1.34612e-02]]

mode  6  with rate  66.05474798976039
pert. and ob.:
 [[0.00000e+00 1.09920e-06]
 [0.00000e+00 1.07787e-04]]

mode  7  with rate  -66.0547470470486
pert. and ob.:
 [[ 0.00000e+00 -1.09923e-06]
 [ 0.00000e+00  1.07775e-04]]

mode  8  with rate  -63.34285030473181
pert. and ob.:
 [[ 0.00000e+00  1.32525e-06]
 [ 0.00000e+00 -1.27511e-04]]

mode  9  with rate  63.342850285216315
pert. and ob.:
 [[ 0.00000e+00 -1.32522e-06]
 [ 0.00000e+00 -1.27501e-04]]

do real-space simulations with xmax (in micro-meter)  5.629178958965659
2980  (of  5962 ) modes are considered in real-space simulation
Szx_szpert (exp): tau =  5.6543831878415025  micro-meter
Szx_szpert (exp cos phi=0): tau =  5.6836686128520695  micro-meter  period =  428.94915584281944
Szx_szpert (exp cos): tau =  5.683598256239905  micro-meter  period =  -428.96023117183694 micro-meter  phi =  0.0001441525343087413

time for diffusion length:  88.57446360308677

##################################################
solving approximate diffusion lengths
##################################################

--------------------------------------------------
Rayleigh-Ritz method:
--------------------------------------------------
Rayleigh-Ritz ( 2  vec.,  sz vsz ) diffusion length in micro-meter:
 [-3.31775  3.30508]
precession frequency: [-8.70883e-16 -8.74273e-16]

Rayleigh-Ritz ( 2  vec.,  sz vsz, with Left ) diffusion length in micro-meter:
 [-5.23901  5.23497]
precession frequency: [-3.51162e-16 -3.51464e-16]

Rayleigh-Ritz ( 4  vec.,  sz vsz Lsz Lvsz ) diffusion length in micro-meter:
 [-4.46418e+00  4.44227e+00  2.29452e-04 -2.29452e-04]
precession frequency: [-4.86074e-16 -4.83651e-16 -3.68439e-15 -3.00014e-15]

Rayleigh-Ritz ( 4  vec.,  sz vsz Lsz Lvsz, with Left ) diffusion length in micro-meter:
 [-5.54740e+00  5.54336e+00  5.40404e-04 -5.40403e-04]
precession frequency: [-5.76086e-16 -5.14125e-17 -1.35018e-15 -7.16266e-16]


time for approximate diffusion length:  2.6129400548525155

##################################################
deal with magnetic field
##################################################
Bext =  [0. 0. 0.]  ( 0.0 )

##################################################
deal with electric field
##################################################
Eext =  [1.94469e-09 0.00000e+00 0.00000e+00]  ( 1.9446903811517897e-09 )

time for electric field:  0.00022119004279375076
total time:  199.19858799991198
