
*************** jdftx 1.7  ***************

Start date and time: Mon Nov 25 08:05:29 2024
Executable /home/xujq/codes/jdftx/jdftx-202404/build/phonon with command-line: -i phonon.in
Running on hosts (process indices):  node22 (0-3)  node23 (4-7)
Divided in process groups (process indices):  0 (0)  1 (1)  2 (2)  3 (3)  4 (4)  5 (5)  6 (6)  7 (7)
Resource initialization completed at t[s]:      0.01
Run totals: 8 processes, 112 threads, 0 GPUs


Input parsed successfully to the following command list (including defaults):

basis kpoint-dependent
converge-empty-states yes
coords-type Lattice
core-overlap-check vector
coulomb-interaction Slab 001
coulomb-truncation-embed 0 0 0
davidson-band-ratio 1.1
dump End State
dump-name totalE.$VAR
dump-only 
elec-cutoff 31
elec-eigen-algo Davidson
elec-ex-corr gga-PBE
elec-n-bands 50
electronic-minimize  \
	dirUpdateScheme      FletcherReeves \
	linminMethod         DirUpdateRecommended \
	nIterations          300 \
	history              15 \
	knormThreshold       0 \
	maxThreshold         no \
	energyDiffThreshold  1e-10 \
	nEnergyDiff          2 \
	alphaTstart          1 \
	alphaTmin            1e-10 \
	updateTestStepSize   yes \
	alphaTreduceFactor   0.1 \
	alphaTincreaseFactor 3 \
	nAlphaAdjustMax      3 \
	wolfeEnergy          0.0001 \
	wolfeGradient        0.9 \
	fdTest               no
exchange-regularization WignerSeitzTruncated
fluid None
fluid-ex-corr (null) lda-PZ
fluid-gummel-loop 10 1.000000e-05
fluid-minimize  \
	dirUpdateScheme      PolakRibiere \
	linminMethod         DirUpdateRecommended \
	nIterations          100 \
	history              15 \
	knormThreshold       0 \
	maxThreshold         no \
	energyDiffThreshold  0 \
	nEnergyDiff          2 \
	alphaTstart          1 \
	alphaTmin            1e-10 \
	updateTestStepSize   yes \
	alphaTreduceFactor   0.1 \
	alphaTincreaseFactor 3 \
	nAlphaAdjustMax      3 \
	wolfeEnergy          0.0001 \
	wolfeGradient        0.9 \
	fdTest               no
fluid-solvent H2O 55.338 ScalarEOS \
	epsBulk 78.4 \
	pMol 0.92466 \
	epsInf 1.77 \
	Pvap 1.06736e-10 \
	sigmaBulk 4.62e-05 \
	Rvdw 2.61727 \
	Res 1.42 \
	tauNuc 343133 \
	poleEl 15 7 1
forces-output-coords Positions
initial-state totalE.$VAR
ion W   0.000000000000000  -0.000000000000000   0.000000000000000 0
ion Se   0.666666666666667   0.333333333333333   0.121870594399722 1
ion Se   0.666666666666667   0.333333333333333  -0.121870594399722 1
ion-species /home/xujq/pseudopotentials/oncv/dojo/nc-fr-04_pbe_standard/W.upf
ion-species /home/xujq/pseudopotentials/oncv/dojo/nc-fr-04_pbe_standard/Se_fr_nv6.upf
ion-width 0
ionic-minimize  \
	dirUpdateScheme      L-BFGS \
	linminMethod         DirUpdateRecommended \
	nIterations          0 \
	history              15 \
	knormThreshold       0.0001 \
	maxThreshold         no \
	energyDiffThreshold  1e-06 \
	nEnergyDiff          2 \
	alphaTstart          1 \
	alphaTmin            1e-10 \
	updateTestStepSize   yes \
	alphaTreduceFactor   0.1 \
	alphaTincreaseFactor 3 \
	nAlphaAdjustMax      3 \
	wolfeEnergy          0.0001 \
	wolfeGradient        0.9 \
	fdTest               no
kpoint   0.000000000000   0.000000000000   0.000000000000  1.00000000000000
kpoint-folding 12 12 1 
latt-move-scale 1 1 1
latt-scale 1 1 1 
lattice Hexagonal 6.27389 26
lattice-minimize  \
	dirUpdateScheme      L-BFGS \
	linminMethod         DirUpdateRecommended \
	nIterations          0 \
	history              15 \
	knormThreshold       0 \
	maxThreshold         no \
	energyDiffThreshold  1e-06 \
	nEnergyDiff          2 \
	alphaTstart          1 \
	alphaTmin            1e-10 \
	updateTestStepSize   yes \
	alphaTreduceFactor   0.1 \
	alphaTincreaseFactor 3 \
	nAlphaAdjustMax      3 \
	wolfeEnergy          0.0001 \
	wolfeGradient        0.9 \
	fdTest               no
lcao-params -1 1e-06 0.001
pcm-variant GLSSA13
perturb-minimize  \
	nIterations            0 \
	algorithm              MINRES \
	residualTol            0.0001 \
	residualDiffThreshold  0.0001 \
	CGBypass               no \
	recomputeResidual      no
phonon  \
	supercell 6 6 1 \
	dr 0.1 \
	collectPerturbations \
	saveHsub yes \
	T 298 \
	Fcut 1e-08 \
	rSmooth 1
spintype spin-orbit
subspace-rotation-factor 1 yes
symmetries automatic
symmetry-threshold 0.0001


########### Unit cell calculation #############

---------- Setting up symmetries ----------

Found 24 point-group symmetries of the bravais lattice
Found 12 space-group symmetries with basis
Applied RMS atom displacement 1.75008e-15 bohrs to make symmetries exact.

---------- Initializing the Grid ----------
R = 
[      6.27389     -3.13695            0  ]
[            0      5.43335            0  ]
[            0            0           26  ]
unit cell volume = 886.295
G =
[    1.00148   0.578205         -0  ]
[          0    1.15641          0  ]
[          0         -0   0.241661  ]
Minimum fftbox size, Smin = [  32  32  132  ]
Chosen fftbox size, S = [  32  32  140  ]

---------- Exchange Correlation functional ----------
Initalized PBE GGA exchange.
Initalized PBE GGA correlation.

---------- Setting up pseudopotentials ----------
Width of ionic core gaussian charges (only for fluid interactions / plotting) set to 0

Reading pseudopotential file '/home/xujq/pseudopotentials/oncv/dojo/nc-fr-04_pbe_standard/W.upf':
  'W' pseudopotential, 'PBE' functional
  Generated using ONCVPSP code by D. R. Hamann
  Author: anonymous  Date: 180416.
  14 valence electrons, 6 orbitals, 14 projectors, 1396 radial grid points, with lMax = 3
  Transforming local potential to a uniform radial grid of dG=0.02 with 1817 points.
  Transforming nonlocal projectors to a uniform radial grid of dG=0.02 with 537 points.
    5S    l: 0   occupation:  2.0   eigenvalue: -2.899149
    5P    l: 1   occupation:  4.0   eigenvalue: -1.486754
    5P    l: 1   occupation:  2.0   eigenvalue: -1.847599
    5D    l: 2   occupation:  2.4   eigenvalue: -0.154393
    5D    l: 2   occupation:  1.6   eigenvalue: -0.181151
    6S    l: 0   occupation:  2.0   eigenvalue: -0.210123
  Transforming atomic orbitals to a uniform radial grid of dG=0.02 with 537 points.
  Transforming core density to a uniform radial grid of dG=0.02 with 1817 points.
  Core radius for overlap checks: 2.00 bohrs.

Reading pseudopotential file '/home/xujq/pseudopotentials/oncv/dojo/nc-fr-04_pbe_standard/Se_fr_nv6.upf':
  'Se' pseudopotential, 'PBE' functional
  Generated using ONCVPSP code by D. R. Hamann
  Author: anonymous  Date: 190811.
  6 valence electrons, 3 orbitals, 8 projectors, 1214 radial grid points, with lMax = 2
  Transforming local potential to a uniform radial grid of dG=0.02 with 1817 points.
  Transforming nonlocal projectors to a uniform radial grid of dG=0.02 with 537 points.
    4S    l: 0   occupation:  2.0   eigenvalue: -0.635120
    4P    l: 1   occupation:  2.7   eigenvalue: -0.234806
    4P    l: 1   occupation:  1.3   eigenvalue: -0.248593
  Transforming atomic orbitals to a uniform radial grid of dG=0.02 with 537 points.
  Transforming core density to a uniform radial grid of dG=0.02 with 1817 points.
  Core radius for overlap checks: 1.88 bohrs.

Initialized 2 species with 3 total atoms.

Folded 1 k-points by 12x12x1 to 144 k-points.

---------- Setting up k-points, bands, fillings ----------
Adding inversion symmetry to k-mesh for non-inversion-symmetric unit cell.
Reduced to 19 k-points under symmetry. 
Computing the number of bands and number of electrons
Calculating initial fillings.
Turning on subspace rotations due to non-scalar fillings.
nElectrons:  26.000000   nBands: 50   nStates: 19

----- Setting up reduced wavefunction bases (one per k-point) -----
average nbasis = 7308.118 , ideal nbasis = 7306.590

---------- Setting up coulomb interaction ----------
Setting up double-sized grid for truncated Coulomb potentials:
R = 
[      6.27389     -3.13695            0  ]
[            0      5.43335            0  ]
[            0            0           52  ]
unit cell volume = 1772.59
G =
[    1.00148   0.578205         -0  ]
[          0    1.15641          0  ]
[          0         -0    0.12083  ]
Chosen fftbox size, S = [  32  32  280  ]
Integer grid location selected as the embedding center:
   Grid: [  0  0  0  ]
   Lattice: [  0  0  0  ]
   Cartesian: [  0  0  0  ]
Constructing Wigner-Seitz cell: 8 faces (6 quadrilaterals, 2 hexagons)
Range-separation parameter for embedded mesh potentials due to point charges: 0.558603 bohrs.
Initialized slab truncation along lattice direction 001

---------- Setting up 2D ewald sum ----------
Optimum gaussian width for ewald sums = 3.483012 bohr.
Real space sums over 289 unit cells with max indices [  8  8  0  ]
Reciprocal space sums over 81 terms with max indices [  4  4  0  ]

---------- Allocating electronic variables ----------
Reading eigenvalues from 'totalE.eigenvals'.
Initializing wave functions:  reading from 'totalE.wfns'


----- Initializing Supercell corresponding to k-point mesh -----
Lattice vector linear combinations in supercell:
[  12   0   0  ]
[   0  12   0  ]
[   0   0   1  ]
Supercell lattice vectors:
[  75.2867  -37.6434  0  ]
[  0  65.2002  0  ]
[  0  0  26  ]

----------- Energy evaluation at fixed state -------------
# Energy components:
   Eewald =     -232.0651878912939310
       EH =     -163.3961333468351427
     Eloc =      279.1625451327058727
      Enl =       15.8813174614049810
      Exc =      -24.4538964635252327
 Exc_core =        9.7600623990407556
       KE =       26.7762917096240471
-------------------------------------
     Etot =      -88.3350009988786553

Fcut=1e-08 reduced nBands from 50 to 26 per unit cell.
Dumping 'totalE.phononKpts' ... done.

------- Configuring supercell and perturbation modes -------

---------- Setting up symmetries ----------

Found 24 point-group symmetries of the bravais lattice
Found 12 space-group symmetries with basis (with translations restricted to unit cells)
Applied RMS atom displacement 1.4881e-15 bohrs to make symmetries exact.

Finding maximally-symmetric orthogonal basis for displacements:
 [ +0.000000 +0.000000 +1.000000 ] |Stabilizer|: 6
 [ +0.866025 +0.500000 +0.000000 ] |Stabilizer|: 4
 [ -0.500000 +0.866025 +0.000000 ] |Stabilizer|: 2

18 signed perturbations of the unit cell reduced to 7 under symmetries:
W 0  [ +0.000000 +0.000000 +1.000000 ] 1.000000
W 0  [ +0.866025 +0.500000 +0.000000 ] 1.000000
W 0  [ -0.866025 -0.500000 -0.000000 ] 1.000000
Se 0  [ +0.000000 +0.000000 +1.000000 ] 1.000000
Se 0  [ -0.000000 -0.000000 -1.000000 ] 1.000000
Se 0  [ +0.866025 +0.500000 +0.000000 ] 2.000000
Se 0  [ -0.866025 -0.500000 -0.000000 ] 2.000000

Calculating unitary rotations of unit cell states under symmetries:
	Matrix elements valid for all available states (all degenerate subspaces are complete).
	RMS unitarity error in valid subspaces: 0.000000e+00

---- Citations for features of the code used in this run ----

   Software package:
      R. Sundararaman, K. Letchworth-Weaver, K.A. Schwarz, D. Gunceler, Y. Ozhabes and T.A. Arias, 'JDFTx: software for joint density-functional theory', SoftwareX 6, 278 (2017)

   gga-PBE exchange-correlation functional:
      J.P. Perdew, K. Burke and M. Ernzerhof, Phys. Rev. Lett. 77, 3865 (1996)

   Truncated Coulomb potentials:
      R. Sundararaman and T.A. Arias, Phys. Rev. B 87, 165122 (2013)

   Total energy minimization:
      T.A. Arias, M.C. Payne and J.D. Joannopoulos, Phys. Rev. Lett. 69, 1077 (1992)

This list may not be complete. Please suggest additional citations or
report any other bugs at https://github.com/shankar1729/jdftx/issues

########### Perturbed supercell calculation 1 of 7 #############

---------- Setting up symmetries ----------

Found 24 point-group symmetries of the bravais lattice
Found 6 space-group symmetries with basis
Applied RMS atom displacement 8.00707e-16 bohrs to make symmetries exact.

---------- Initializing the Grid ----------
R = 
[      37.6434     -18.8217            0  ]
[            0      32.6001            0  ]
[            0            0           26  ]
unit cell volume = 31906.6
G =
[   0.166914  0.0963676         -0  ]
[          0   0.192735          0  ]
[          0         -0   0.241661  ]
Minimum fftbox size, Smin = [  192  192  132  ]
Chosen fftbox size, S = [  192  192  140  ]

---------- Exchange Correlation functional ----------
Initalized PBE GGA exchange.
Initalized PBE GGA correlation.

---------- Setting up pseudopotentials ----------
Width of ionic core gaussian charges (only for fluid interactions / plotting) set to 0

Reading pseudopotential file '/home/xujq/pseudopotentials/oncv/dojo/nc-fr-04_pbe_standard/W.upf':
  'W' pseudopotential, 'PBE' functional
  Generated using ONCVPSP code by D. R. Hamann
  Author: anonymous  Date: 180416.
  14 valence electrons, 6 orbitals, 14 projectors, 1396 radial grid points, with lMax = 3
  Transforming local potential to a uniform radial grid of dG=0.02 with 1817 points.
  Transforming nonlocal projectors to a uniform radial grid of dG=0.02 with 537 points.
    5S    l: 0   occupation:  2.0   eigenvalue: -2.899149
    5P    l: 1   occupation:  4.0   eigenvalue: -1.486754
    5P    l: 1   occupation:  2.0   eigenvalue: -1.847599
    5D    l: 2   occupation:  2.4   eigenvalue: -0.154393
    5D    l: 2   occupation:  1.6   eigenvalue: -0.181151
    6S    l: 0   occupation:  2.0   eigenvalue: -0.210123
  Transforming atomic orbitals to a uniform radial grid of dG=0.02 with 537 points.
  Transforming core density to a uniform radial grid of dG=0.02 with 1817 points.
  Core radius for overlap checks: 2.00 bohrs.

Reading pseudopotential file '/home/xujq/pseudopotentials/oncv/dojo/nc-fr-04_pbe_standard/Se_fr_nv6.upf':
  'Se' pseudopotential, 'PBE' functional
  Generated using ONCVPSP code by D. R. Hamann
  Author: anonymous  Date: 190811.
  6 valence electrons, 3 orbitals, 8 projectors, 1214 radial grid points, with lMax = 2
  Transforming local potential to a uniform radial grid of dG=0.02 with 1817 points.
  Transforming nonlocal projectors to a uniform radial grid of dG=0.02 with 537 points.
    4S    l: 0   occupation:  2.0   eigenvalue: -0.635120
    4P    l: 1   occupation:  2.7   eigenvalue: -0.234806
    4P    l: 1   occupation:  1.3   eigenvalue: -0.248593
  Transforming atomic orbitals to a uniform radial grid of dG=0.02 with 537 points.
  Transforming core density to a uniform radial grid of dG=0.02 with 1817 points.
  Core radius for overlap checks: 1.88 bohrs.

Initialized 2 species with 108 total atoms.

Folded 1 k-points by 2x2x1 to 4 k-points.

---------- Setting up k-points, bands, fillings ----------
Reduced to 2 k-points under symmetry. 
Computing the number of bands and number of electrons
Calculating initial fillings.
nElectrons: 936.000000   nBands: 936   nStates: 2

----- Setting up reduced wavefunction bases (one per k-point) -----
average nbasis = 263092.250 , ideal nbasis = 263037.256

---------- Setting up coulomb interaction ----------
Setting up double-sized grid for truncated Coulomb potentials:
R = 
[      37.6434     -18.8217            0  ]
[            0      32.6001            0  ]
[            0            0           52  ]
unit cell volume = 63813.2
G =
[   0.166914  0.0963676         -0  ]
[          0   0.192735          0  ]
[          0         -0    0.12083  ]
Chosen fftbox size, S = [  192  192  280  ]
Integer grid location selected as the embedding center:
   Grid: [  0  0  0  ]
   Lattice: [  0  0  0  ]
   Cartesian: [  0  0  0  ]
Constructing Wigner-Seitz cell: 8 faces (6 quadrilaterals, 2 hexagons)
Range-separation parameter for embedded mesh potentials due to point charges: 0.558603 bohrs.
Initialized slab truncation along lattice direction 001

---------- Setting up 2D ewald sum ----------
Optimum gaussian width for ewald sums = 20.898074 bohr.
Real space sums over 289 unit cells with max indices [  8  8  0  ]
Reciprocal space sums over 81 terms with max indices [  4  4  0  ]

---------- Allocating electronic variables ----------
Reading Vscloc from file 'totalE.phonon.1.Vscloc' ... done
Skipped wave function initialization.

Reading 'totalE.phonon.1.dforces' ... done.
Applied translational invariance (net force) relative correction: 9.12025e-06

########### Perturbed supercell calculation 2 of 7 #############

---------- Setting up symmetries ----------

Found 24 point-group symmetries of the bravais lattice
Found 4 space-group symmetries with basis
Applied RMS atom displacement 9.83284e-16 bohrs to make symmetries exact.

---------- Initializing the Grid ----------
R = 
[      37.6434     -18.8217            0  ]
[            0      32.6001            0  ]
[            0            0           26  ]
unit cell volume = 31906.6
G =
[   0.166914  0.0963676         -0  ]
[          0   0.192735          0  ]
[          0         -0   0.241661  ]
Minimum fftbox size, Smin = [  192  192  132  ]
Chosen fftbox size, S = [  192  192  140  ]

---------- Exchange Correlation functional ----------
Initalized PBE GGA exchange.
Initalized PBE GGA correlation.

---------- Setting up pseudopotentials ----------
Width of ionic core gaussian charges (only for fluid interactions / plotting) set to 0

Reading pseudopotential file '/home/xujq/pseudopotentials/oncv/dojo/nc-fr-04_pbe_standard/W.upf':
  'W' pseudopotential, 'PBE' functional
  Generated using ONCVPSP code by D. R. Hamann
  Author: anonymous  Date: 180416.
  14 valence electrons, 6 orbitals, 14 projectors, 1396 radial grid points, with lMax = 3
  Transforming local potential to a uniform radial grid of dG=0.02 with 1817 points.
  Transforming nonlocal projectors to a uniform radial grid of dG=0.02 with 537 points.
    5S    l: 0   occupation:  2.0   eigenvalue: -2.899149
    5P    l: 1   occupation:  4.0   eigenvalue: -1.486754
    5P    l: 1   occupation:  2.0   eigenvalue: -1.847599
    5D    l: 2   occupation:  2.4   eigenvalue: -0.154393
    5D    l: 2   occupation:  1.6   eigenvalue: -0.181151
    6S    l: 0   occupation:  2.0   eigenvalue: -0.210123
  Transforming atomic orbitals to a uniform radial grid of dG=0.02 with 537 points.
  Transforming core density to a uniform radial grid of dG=0.02 with 1817 points.
  Core radius for overlap checks: 2.00 bohrs.

Reading pseudopotential file '/home/xujq/pseudopotentials/oncv/dojo/nc-fr-04_pbe_standard/Se_fr_nv6.upf':
  'Se' pseudopotential, 'PBE' functional
  Generated using ONCVPSP code by D. R. Hamann
  Author: anonymous  Date: 190811.
  6 valence electrons, 3 orbitals, 8 projectors, 1214 radial grid points, with lMax = 2
  Transforming local potential to a uniform radial grid of dG=0.02 with 1817 points.
  Transforming nonlocal projectors to a uniform radial grid of dG=0.02 with 537 points.
    4S    l: 0   occupation:  2.0   eigenvalue: -0.635120
    4P    l: 1   occupation:  2.7   eigenvalue: -0.234806
    4P    l: 1   occupation:  1.3   eigenvalue: -0.248593
  Transforming atomic orbitals to a uniform radial grid of dG=0.02 with 537 points.
  Transforming core density to a uniform radial grid of dG=0.02 with 1817 points.
  Core radius for overlap checks: 1.88 bohrs.

Initialized 2 species with 108 total atoms.

Folded 1 k-points by 2x2x1 to 4 k-points.

---------- Setting up k-points, bands, fillings ----------
Reduced to 3 k-points under symmetry. 
Computing the number of bands and number of electrons
Calculating initial fillings.
nElectrons: 936.000000   nBands: 936   nStates: 3

----- Setting up reduced wavefunction bases (one per k-point) -----
average nbasis = 263092.250 , ideal nbasis = 263037.256

---------- Setting up coulomb interaction ----------
Setting up double-sized grid for truncated Coulomb potentials:
R = 
[      37.6434     -18.8217            0  ]
[            0      32.6001            0  ]
[            0            0           52  ]
unit cell volume = 63813.2
G =
[   0.166914  0.0963676         -0  ]
[          0   0.192735          0  ]
[          0         -0    0.12083  ]
Chosen fftbox size, S = [  192  192  280  ]
Integer grid location selected as the embedding center:
   Grid: [  0  0  0  ]
   Lattice: [  0  0  0  ]
   Cartesian: [  0  0  0  ]
Constructing Wigner-Seitz cell: 8 faces (6 quadrilaterals, 2 hexagons)
Range-separation parameter for embedded mesh potentials due to point charges: 0.558603 bohrs.
Initialized slab truncation along lattice direction 001

---------- Setting up 2D ewald sum ----------
Optimum gaussian width for ewald sums = 20.898074 bohr.
Real space sums over 289 unit cells with max indices [  8  8  0  ]
Reciprocal space sums over 81 terms with max indices [  4  4  0  ]

---------- Allocating electronic variables ----------
Reading Vscloc from file 'totalE.phonon.2.Vscloc' ... done
Skipped wave function initialization.

Reading 'totalE.phonon.2.dforces' ... done.
Applied translational invariance (net force) relative correction: 1.89386e-05

########### Perturbed supercell calculation 3 of 7 #############

---------- Setting up symmetries ----------

Found 24 point-group symmetries of the bravais lattice
Found 4 space-group symmetries with basis
Applied RMS atom displacement 8.81289e-16 bohrs to make symmetries exact.

---------- Initializing the Grid ----------
R = 
[      37.6434     -18.8217            0  ]
[            0      32.6001            0  ]
[            0            0           26  ]
unit cell volume = 31906.6
G =
[   0.166914  0.0963676         -0  ]
[          0   0.192735          0  ]
[          0         -0   0.241661  ]
Minimum fftbox size, Smin = [  192  192  132  ]
Chosen fftbox size, S = [  192  192  140  ]

---------- Exchange Correlation functional ----------
Initalized PBE GGA exchange.
Initalized PBE GGA correlation.

---------- Setting up pseudopotentials ----------
Width of ionic core gaussian charges (only for fluid interactions / plotting) set to 0

Reading pseudopotential file '/home/xujq/pseudopotentials/oncv/dojo/nc-fr-04_pbe_standard/W.upf':
  'W' pseudopotential, 'PBE' functional
  Generated using ONCVPSP code by D. R. Hamann
  Author: anonymous  Date: 180416.
  14 valence electrons, 6 orbitals, 14 projectors, 1396 radial grid points, with lMax = 3
  Transforming local potential to a uniform radial grid of dG=0.02 with 1817 points.
  Transforming nonlocal projectors to a uniform radial grid of dG=0.02 with 537 points.
    5S    l: 0   occupation:  2.0   eigenvalue: -2.899149
    5P    l: 1   occupation:  4.0   eigenvalue: -1.486754
    5P    l: 1   occupation:  2.0   eigenvalue: -1.847599
    5D    l: 2   occupation:  2.4   eigenvalue: -0.154393
    5D    l: 2   occupation:  1.6   eigenvalue: -0.181151
    6S    l: 0   occupation:  2.0   eigenvalue: -0.210123
  Transforming atomic orbitals to a uniform radial grid of dG=0.02 with 537 points.
  Transforming core density to a uniform radial grid of dG=0.02 with 1817 points.
  Core radius for overlap checks: 2.00 bohrs.

Reading pseudopotential file '/home/xujq/pseudopotentials/oncv/dojo/nc-fr-04_pbe_standard/Se_fr_nv6.upf':
  'Se' pseudopotential, 'PBE' functional
  Generated using ONCVPSP code by D. R. Hamann
  Author: anonymous  Date: 190811.
  6 valence electrons, 3 orbitals, 8 projectors, 1214 radial grid points, with lMax = 2
  Transforming local potential to a uniform radial grid of dG=0.02 with 1817 points.
  Transforming nonlocal projectors to a uniform radial grid of dG=0.02 with 537 points.
    4S    l: 0   occupation:  2.0   eigenvalue: -0.635120
    4P    l: 1   occupation:  2.7   eigenvalue: -0.234806
    4P    l: 1   occupation:  1.3   eigenvalue: -0.248593
  Transforming atomic orbitals to a uniform radial grid of dG=0.02 with 537 points.
  Transforming core density to a uniform radial grid of dG=0.02 with 1817 points.
  Core radius for overlap checks: 1.88 bohrs.

Initialized 2 species with 108 total atoms.

Folded 1 k-points by 2x2x1 to 4 k-points.

---------- Setting up k-points, bands, fillings ----------
Reduced to 3 k-points under symmetry. 
Computing the number of bands and number of electrons
Calculating initial fillings.
nElectrons: 936.000000   nBands: 936   nStates: 3

----- Setting up reduced wavefunction bases (one per k-point) -----
average nbasis = 263092.250 , ideal nbasis = 263037.256

---------- Setting up coulomb interaction ----------
Setting up double-sized grid for truncated Coulomb potentials:
R = 
[      37.6434     -18.8217            0  ]
[            0      32.6001            0  ]
[            0            0           52  ]
unit cell volume = 63813.2
G =
[   0.166914  0.0963676         -0  ]
[          0   0.192735          0  ]
[          0         -0    0.12083  ]
Chosen fftbox size, S = [  192  192  280  ]
Integer grid location selected as the embedding center:
   Grid: [  0  0  0  ]
   Lattice: [  0  0  0  ]
   Cartesian: [  0  0  0  ]
Constructing Wigner-Seitz cell: 8 faces (6 quadrilaterals, 2 hexagons)
Range-separation parameter for embedded mesh potentials due to point charges: 0.558603 bohrs.
Initialized slab truncation along lattice direction 001

---------- Setting up 2D ewald sum ----------
Optimum gaussian width for ewald sums = 20.898074 bohr.
Real space sums over 289 unit cells with max indices [  8  8  0  ]
Reciprocal space sums over 81 terms with max indices [  4  4  0  ]

---------- Allocating electronic variables ----------
Reading Vscloc from file 'totalE.phonon.3.Vscloc' ... done
Skipped wave function initialization.

Reading 'totalE.phonon.3.dforces' ... done.
Applied translational invariance (net force) relative correction: 1.24933e-05

########### Perturbed supercell calculation 4 of 7 #############

---------- Setting up symmetries ----------

Found 24 point-group symmetries of the bravais lattice
Found 6 space-group symmetries with basis
Applied RMS atom displacement 8.13054e-16 bohrs to make symmetries exact.

---------- Initializing the Grid ----------
R = 
[      37.6434     -18.8217            0  ]
[            0      32.6001            0  ]
[            0            0           26  ]
unit cell volume = 31906.6
G =
[   0.166914  0.0963676         -0  ]
[          0   0.192735          0  ]
[          0         -0   0.241661  ]
Minimum fftbox size, Smin = [  192  192  132  ]
Chosen fftbox size, S = [  192  192  140  ]

---------- Exchange Correlation functional ----------
Initalized PBE GGA exchange.
Initalized PBE GGA correlation.

---------- Setting up pseudopotentials ----------
Width of ionic core gaussian charges (only for fluid interactions / plotting) set to 0

Reading pseudopotential file '/home/xujq/pseudopotentials/oncv/dojo/nc-fr-04_pbe_standard/W.upf':
  'W' pseudopotential, 'PBE' functional
  Generated using ONCVPSP code by D. R. Hamann
  Author: anonymous  Date: 180416.
  14 valence electrons, 6 orbitals, 14 projectors, 1396 radial grid points, with lMax = 3
  Transforming local potential to a uniform radial grid of dG=0.02 with 1817 points.
  Transforming nonlocal projectors to a uniform radial grid of dG=0.02 with 537 points.
    5S    l: 0   occupation:  2.0   eigenvalue: -2.899149
    5P    l: 1   occupation:  4.0   eigenvalue: -1.486754
    5P    l: 1   occupation:  2.0   eigenvalue: -1.847599
    5D    l: 2   occupation:  2.4   eigenvalue: -0.154393
    5D    l: 2   occupation:  1.6   eigenvalue: -0.181151
    6S    l: 0   occupation:  2.0   eigenvalue: -0.210123
  Transforming atomic orbitals to a uniform radial grid of dG=0.02 with 537 points.
  Transforming core density to a uniform radial grid of dG=0.02 with 1817 points.
  Core radius for overlap checks: 2.00 bohrs.

Reading pseudopotential file '/home/xujq/pseudopotentials/oncv/dojo/nc-fr-04_pbe_standard/Se_fr_nv6.upf':
  'Se' pseudopotential, 'PBE' functional
  Generated using ONCVPSP code by D. R. Hamann
  Author: anonymous  Date: 190811.
  6 valence electrons, 3 orbitals, 8 projectors, 1214 radial grid points, with lMax = 2
  Transforming local potential to a uniform radial grid of dG=0.02 with 1817 points.
  Transforming nonlocal projectors to a uniform radial grid of dG=0.02 with 537 points.
    4S    l: 0   occupation:  2.0   eigenvalue: -0.635120
    4P    l: 1   occupation:  2.7   eigenvalue: -0.234806
    4P    l: 1   occupation:  1.3   eigenvalue: -0.248593
  Transforming atomic orbitals to a uniform radial grid of dG=0.02 with 537 points.
  Transforming core density to a uniform radial grid of dG=0.02 with 1817 points.
  Core radius for overlap checks: 1.88 bohrs.

Initialized 2 species with 108 total atoms.

Folded 1 k-points by 2x2x1 to 4 k-points.

---------- Setting up k-points, bands, fillings ----------
Reduced to 2 k-points under symmetry. 
Computing the number of bands and number of electrons
Calculating initial fillings.
nElectrons: 936.000000   nBands: 936   nStates: 2

----- Setting up reduced wavefunction bases (one per k-point) -----
average nbasis = 263092.250 , ideal nbasis = 263037.256

---------- Setting up coulomb interaction ----------
Setting up double-sized grid for truncated Coulomb potentials:
R = 
[      37.6434     -18.8217            0  ]
[            0      32.6001            0  ]
[            0            0           52  ]
unit cell volume = 63813.2
G =
[   0.166914  0.0963676         -0  ]
[          0   0.192735          0  ]
[          0         -0    0.12083  ]
Chosen fftbox size, S = [  192  192  280  ]
Integer grid location selected as the embedding center:
   Grid: [  0  0  0  ]
   Lattice: [  0  0  0  ]
   Cartesian: [  0  0  0  ]
Constructing Wigner-Seitz cell: 8 faces (6 quadrilaterals, 2 hexagons)
Range-separation parameter for embedded mesh potentials due to point charges: 0.558603 bohrs.
Initialized slab truncation along lattice direction 001

---------- Setting up 2D ewald sum ----------
Optimum gaussian width for ewald sums = 20.898074 bohr.
Real space sums over 289 unit cells with max indices [  8  8  0  ]
Reciprocal space sums over 81 terms with max indices [  4  4  0  ]

---------- Allocating electronic variables ----------
Reading Vscloc from file 'totalE.phonon.4.Vscloc' ... done
Skipped wave function initialization.

Reading 'totalE.phonon.4.dforces' ... done.
Applied translational invariance (net force) relative correction: 0.000262749

########### Perturbed supercell calculation 5 of 7 #############

---------- Setting up symmetries ----------

Found 24 point-group symmetries of the bravais lattice
Found 6 space-group symmetries with basis
Applied RMS atom displacement 8.13054e-16 bohrs to make symmetries exact.

---------- Initializing the Grid ----------
R = 
[      37.6434     -18.8217            0  ]
[            0      32.6001            0  ]
[            0            0           26  ]
unit cell volume = 31906.6
G =
[   0.166914  0.0963676         -0  ]
[          0   0.192735          0  ]
[          0         -0   0.241661  ]
Minimum fftbox size, Smin = [  192  192  132  ]
Chosen fftbox size, S = [  192  192  140  ]

---------- Exchange Correlation functional ----------
Initalized PBE GGA exchange.
Initalized PBE GGA correlation.

---------- Setting up pseudopotentials ----------
Width of ionic core gaussian charges (only for fluid interactions / plotting) set to 0

Reading pseudopotential file '/home/xujq/pseudopotentials/oncv/dojo/nc-fr-04_pbe_standard/W.upf':
  'W' pseudopotential, 'PBE' functional
  Generated using ONCVPSP code by D. R. Hamann
  Author: anonymous  Date: 180416.
  14 valence electrons, 6 orbitals, 14 projectors, 1396 radial grid points, with lMax = 3
  Transforming local potential to a uniform radial grid of dG=0.02 with 1817 points.
  Transforming nonlocal projectors to a uniform radial grid of dG=0.02 with 537 points.
    5S    l: 0   occupation:  2.0   eigenvalue: -2.899149
    5P    l: 1   occupation:  4.0   eigenvalue: -1.486754
    5P    l: 1   occupation:  2.0   eigenvalue: -1.847599
    5D    l: 2   occupation:  2.4   eigenvalue: -0.154393
    5D    l: 2   occupation:  1.6   eigenvalue: -0.181151
    6S    l: 0   occupation:  2.0   eigenvalue: -0.210123
  Transforming atomic orbitals to a uniform radial grid of dG=0.02 with 537 points.
  Transforming core density to a uniform radial grid of dG=0.02 with 1817 points.
  Core radius for overlap checks: 2.00 bohrs.

Reading pseudopotential file '/home/xujq/pseudopotentials/oncv/dojo/nc-fr-04_pbe_standard/Se_fr_nv6.upf':
  'Se' pseudopotential, 'PBE' functional
  Generated using ONCVPSP code by D. R. Hamann
  Author: anonymous  Date: 190811.
  6 valence electrons, 3 orbitals, 8 projectors, 1214 radial grid points, with lMax = 2
  Transforming local potential to a uniform radial grid of dG=0.02 with 1817 points.
  Transforming nonlocal projectors to a uniform radial grid of dG=0.02 with 537 points.
    4S    l: 0   occupation:  2.0   eigenvalue: -0.635120
    4P    l: 1   occupation:  2.7   eigenvalue: -0.234806
    4P    l: 1   occupation:  1.3   eigenvalue: -0.248593
  Transforming atomic orbitals to a uniform radial grid of dG=0.02 with 537 points.
  Transforming core density to a uniform radial grid of dG=0.02 with 1817 points.
  Core radius for overlap checks: 1.88 bohrs.

Initialized 2 species with 108 total atoms.

Folded 1 k-points by 2x2x1 to 4 k-points.

---------- Setting up k-points, bands, fillings ----------
Reduced to 2 k-points under symmetry. 
Computing the number of bands and number of electrons
Calculating initial fillings.
nElectrons: 936.000000   nBands: 936   nStates: 2

----- Setting up reduced wavefunction bases (one per k-point) -----
average nbasis = 263092.250 , ideal nbasis = 263037.256

---------- Setting up coulomb interaction ----------
Setting up double-sized grid for truncated Coulomb potentials:
R = 
[      37.6434     -18.8217            0  ]
[            0      32.6001            0  ]
[            0            0           52  ]
unit cell volume = 63813.2
G =
[   0.166914  0.0963676         -0  ]
[          0   0.192735          0  ]
[          0         -0    0.12083  ]
Chosen fftbox size, S = [  192  192  280  ]
Integer grid location selected as the embedding center:
   Grid: [  0  0  0  ]
   Lattice: [  0  0  0  ]
   Cartesian: [  0  0  0  ]
Constructing Wigner-Seitz cell: 8 faces (6 quadrilaterals, 2 hexagons)
Range-separation parameter for embedded mesh potentials due to point charges: 0.558603 bohrs.
Initialized slab truncation along lattice direction 001

---------- Setting up 2D ewald sum ----------
Optimum gaussian width for ewald sums = 20.898074 bohr.
Real space sums over 289 unit cells with max indices [  8  8  0  ]
Reciprocal space sums over 81 terms with max indices [  4  4  0  ]

---------- Allocating electronic variables ----------
Reading Vscloc from file 'totalE.phonon.5.Vscloc' ... done
Skipped wave function initialization.

Reading 'totalE.phonon.5.dforces' ... done.
Applied translational invariance (net force) relative correction: 8.14601e-05

########### Perturbed supercell calculation 6 of 7 #############

---------- Setting up symmetries ----------

Found 24 point-group symmetries of the bravais lattice
Found 2 space-group symmetries with basis
Applied RMS atom displacement 8.81546e-16 bohrs to make symmetries exact.

---------- Initializing the Grid ----------
R = 
[      37.6434     -18.8217            0  ]
[            0      32.6001            0  ]
[            0            0           26  ]
unit cell volume = 31906.6
G =
[   0.166914  0.0963676         -0  ]
[          0   0.192735          0  ]
[          0         -0   0.241661  ]
Minimum fftbox size, Smin = [  192  192  132  ]
Chosen fftbox size, S = [  192  192  140  ]

---------- Exchange Correlation functional ----------
Initalized PBE GGA exchange.
Initalized PBE GGA correlation.

---------- Setting up pseudopotentials ----------
Width of ionic core gaussian charges (only for fluid interactions / plotting) set to 0

Reading pseudopotential file '/home/xujq/pseudopotentials/oncv/dojo/nc-fr-04_pbe_standard/W.upf':
  'W' pseudopotential, 'PBE' functional
  Generated using ONCVPSP code by D. R. Hamann
  Author: anonymous  Date: 180416.
  14 valence electrons, 6 orbitals, 14 projectors, 1396 radial grid points, with lMax = 3
  Transforming local potential to a uniform radial grid of dG=0.02 with 1817 points.
  Transforming nonlocal projectors to a uniform radial grid of dG=0.02 with 537 points.
    5S    l: 0   occupation:  2.0   eigenvalue: -2.899149
    5P    l: 1   occupation:  4.0   eigenvalue: -1.486754
    5P    l: 1   occupation:  2.0   eigenvalue: -1.847599
    5D    l: 2   occupation:  2.4   eigenvalue: -0.154393
    5D    l: 2   occupation:  1.6   eigenvalue: -0.181151
    6S    l: 0   occupation:  2.0   eigenvalue: -0.210123
  Transforming atomic orbitals to a uniform radial grid of dG=0.02 with 537 points.
  Transforming core density to a uniform radial grid of dG=0.02 with 1817 points.
  Core radius for overlap checks: 2.00 bohrs.

Reading pseudopotential file '/home/xujq/pseudopotentials/oncv/dojo/nc-fr-04_pbe_standard/Se_fr_nv6.upf':
  'Se' pseudopotential, 'PBE' functional
  Generated using ONCVPSP code by D. R. Hamann
  Author: anonymous  Date: 190811.
  6 valence electrons, 3 orbitals, 8 projectors, 1214 radial grid points, with lMax = 2
  Transforming local potential to a uniform radial grid of dG=0.02 with 1817 points.
  Transforming nonlocal projectors to a uniform radial grid of dG=0.02 with 537 points.
    4S    l: 0   occupation:  2.0   eigenvalue: -0.635120
    4P    l: 1   occupation:  2.7   eigenvalue: -0.234806
    4P    l: 1   occupation:  1.3   eigenvalue: -0.248593
  Transforming atomic orbitals to a uniform radial grid of dG=0.02 with 537 points.
  Transforming core density to a uniform radial grid of dG=0.02 with 1817 points.
  Core radius for overlap checks: 1.88 bohrs.

Initialized 2 species with 108 total atoms.

Folded 1 k-points by 2x2x1 to 4 k-points.

---------- Setting up k-points, bands, fillings ----------
Reduced to 3 k-points under symmetry. 
Computing the number of bands and number of electrons
Calculating initial fillings.
nElectrons: 936.000000   nBands: 936   nStates: 3

----- Setting up reduced wavefunction bases (one per k-point) -----
average nbasis = 263092.250 , ideal nbasis = 263037.256

---------- Setting up coulomb interaction ----------
Setting up double-sized grid for truncated Coulomb potentials:
R = 
[      37.6434     -18.8217            0  ]
[            0      32.6001            0  ]
[            0            0           52  ]
unit cell volume = 63813.2
G =
[   0.166914  0.0963676         -0  ]
[          0   0.192735          0  ]
[          0         -0    0.12083  ]
Chosen fftbox size, S = [  192  192  280  ]
Integer grid location selected as the embedding center:
   Grid: [  0  0  0  ]
   Lattice: [  0  0  0  ]
   Cartesian: [  0  0  0  ]
Constructing Wigner-Seitz cell: 8 faces (6 quadrilaterals, 2 hexagons)
Range-separation parameter for embedded mesh potentials due to point charges: 0.558603 bohrs.
Initialized slab truncation along lattice direction 001

---------- Setting up 2D ewald sum ----------
Optimum gaussian width for ewald sums = 20.898074 bohr.
Real space sums over 289 unit cells with max indices [  8  8  0  ]
Reciprocal space sums over 81 terms with max indices [  4  4  0  ]

---------- Allocating electronic variables ----------
Reading Vscloc from file 'totalE.phonon.6.Vscloc' ... done
Skipped wave function initialization.

Reading 'totalE.phonon.6.dforces' ... done.
Applied translational invariance (net force) relative correction: 0.000447201

########### Perturbed supercell calculation 7 of 7 #############

---------- Setting up symmetries ----------

Found 24 point-group symmetries of the bravais lattice
Found 2 space-group symmetries with basis
Applied RMS atom displacement 8.81546e-16 bohrs to make symmetries exact.

---------- Initializing the Grid ----------
R = 
[      37.6434     -18.8217            0  ]
[            0      32.6001            0  ]
[            0            0           26  ]
unit cell volume = 31906.6
G =
[   0.166914  0.0963676         -0  ]
[          0   0.192735          0  ]
[          0         -0   0.241661  ]
Minimum fftbox size, Smin = [  192  192  132  ]
Chosen fftbox size, S = [  192  192  140  ]

---------- Exchange Correlation functional ----------
Initalized PBE GGA exchange.
Initalized PBE GGA correlation.

---------- Setting up pseudopotentials ----------
Width of ionic core gaussian charges (only for fluid interactions / plotting) set to 0

Reading pseudopotential file '/home/xujq/pseudopotentials/oncv/dojo/nc-fr-04_pbe_standard/W.upf':
  'W' pseudopotential, 'PBE' functional
  Generated using ONCVPSP code by D. R. Hamann
  Author: anonymous  Date: 180416.
  14 valence electrons, 6 orbitals, 14 projectors, 1396 radial grid points, with lMax = 3
  Transforming local potential to a uniform radial grid of dG=0.02 with 1817 points.
  Transforming nonlocal projectors to a uniform radial grid of dG=0.02 with 537 points.
    5S    l: 0   occupation:  2.0   eigenvalue: -2.899149
    5P    l: 1   occupation:  4.0   eigenvalue: -1.486754
    5P    l: 1   occupation:  2.0   eigenvalue: -1.847599
    5D    l: 2   occupation:  2.4   eigenvalue: -0.154393
    5D    l: 2   occupation:  1.6   eigenvalue: -0.181151
    6S    l: 0   occupation:  2.0   eigenvalue: -0.210123
  Transforming atomic orbitals to a uniform radial grid of dG=0.02 with 537 points.
  Transforming core density to a uniform radial grid of dG=0.02 with 1817 points.
  Core radius for overlap checks: 2.00 bohrs.

Reading pseudopotential file '/home/xujq/pseudopotentials/oncv/dojo/nc-fr-04_pbe_standard/Se_fr_nv6.upf':
  'Se' pseudopotential, 'PBE' functional
  Generated using ONCVPSP code by D. R. Hamann
  Author: anonymous  Date: 190811.
  6 valence electrons, 3 orbitals, 8 projectors, 1214 radial grid points, with lMax = 2
  Transforming local potential to a uniform radial grid of dG=0.02 with 1817 points.
  Transforming nonlocal projectors to a uniform radial grid of dG=0.02 with 537 points.
    4S    l: 0   occupation:  2.0   eigenvalue: -0.635120
    4P    l: 1   occupation:  2.7   eigenvalue: -0.234806
    4P    l: 1   occupation:  1.3   eigenvalue: -0.248593
  Transforming atomic orbitals to a uniform radial grid of dG=0.02 with 537 points.
  Transforming core density to a uniform radial grid of dG=0.02 with 1817 points.
  Core radius for overlap checks: 1.88 bohrs.

Initialized 2 species with 108 total atoms.

Folded 1 k-points by 2x2x1 to 4 k-points.

---------- Setting up k-points, bands, fillings ----------
Reduced to 3 k-points under symmetry. 
Computing the number of bands and number of electrons
Calculating initial fillings.
nElectrons: 936.000000   nBands: 936   nStates: 3

----- Setting up reduced wavefunction bases (one per k-point) -----
average nbasis = 263092.250 , ideal nbasis = 263037.256

---------- Setting up coulomb interaction ----------
Setting up double-sized grid for truncated Coulomb potentials:
R = 
[      37.6434     -18.8217            0  ]
[            0      32.6001            0  ]
[            0            0           52  ]
unit cell volume = 63813.2
G =
[   0.166914  0.0963676         -0  ]
[          0   0.192735          0  ]
[          0         -0    0.12083  ]
Chosen fftbox size, S = [  192  192  280  ]
Integer grid location selected as the embedding center:
   Grid: [  0  0  0  ]
   Lattice: [  0  0  0  ]
   Cartesian: [  0  0  0  ]
Constructing Wigner-Seitz cell: 8 faces (6 quadrilaterals, 2 hexagons)
Range-separation parameter for embedded mesh potentials due to point charges: 0.558603 bohrs.
Initialized slab truncation along lattice direction 001

---------- Setting up 2D ewald sum ----------
Optimum gaussian width for ewald sums = 20.898074 bohr.
Real space sums over 289 unit cells with max indices [  8  8  0  ]
Reciprocal space sums over 81 terms with max indices [  4  4  0  ]

---------- Allocating electronic variables ----------
Reading Vscloc from file 'totalE.phonon.7.Vscloc' ... done
Skipped wave function initialization.

Reading 'totalE.phonon.7.dforces' ... done.
Applied translational invariance (net force) relative correction: 0.000109192

Refining force matrix in reciprocal space:
	Corrected hermiticity relative error: 0.000320636
	Corrected translational invariance relative error: 2.25801e-05

Dumping 'totalE.phononCellMap' ... done.
Dumping 'totalE.phononCellWeights'... done.

Finalizing force matrix in real space:
	Corrected gamma-point derivative relative error: 1.93627e-13
	Hermiticity relative error: 7.85468e-16
	Translational invariance relative error: 1.50991e-16

Dumping 'totalE.phononOmegaSq' ... done.
Dumping 'totalE.phononBasis' ... done.
Dumping 'totalE.phononHsub' ... done.

Phonon free energy components (per unit cell) at T = 298 K:
	ZPE:          0.003706
	Evib:         0.009093
	TSvib:        0.010870
	Avib:        -0.001777
	WARNING: discarded imaginary frequencies at max |k| = 0.0375026 bohr^-1
	Strongest imaginary |omega|: 0.000004 at k: [ -0.0123457 -0.0148509 0 ]

End date and time: Mon Nov 25 08:23:22 2024  (Duration: 0-0:17:52.55)
Done!

PROFILER:                     diagouterI     0.102500 +/-     0.062115 s,    2 calls,      0.205001 s total
PROFILER:              EdensityAndVscloc     0.472130 +/-     0.000000 s,    1 calls,      0.472130 s total
PROFILER:                     EnlAndGrad     0.039028 +/-     0.041681 s,   64 calls,      2.497779 s total
PROFILER:            ExCorrCommunication     0.511814 +/-     1.003755 s,   25 calls,     12.795355 s total
PROFILER:               ExCorrFunctional     0.020012 +/-     0.013212 s,   11 calls,      0.220137 s total
PROFILER:                    ExCorrTotal     1.215132 +/-     1.260365 s,   11 calls,     13.366451 s total
PROFILER:                   Idag_DiagV_I     2.725497 +/-     0.890758 s,   30 calls,     81.764902 s total
PROFILER:            matrix::diagonalize     0.000121 +/-     0.000376 s,  373 calls,      0.045274 s total
PROFILER:                    matrix::set     0.000013 +/-     0.000052 s, 120054 calls,      1.584100 s total
PROFILER:            orthoMatrix(matrix)     0.000296 +/-     0.000116 s,    2 calls,      0.000593 s total
PROFILER:       phonon::getPerturbedHsub   137.674956 +/-     5.288843 s,    7 calls,    963.724694 s total
PROFILER:            phonon::setSupState     0.000614 +/-     0.000446 s,    7 calls,      0.004301 s total
PROFILER:     RadialFunctionR::transform     0.010228 +/-     0.066879 s,  352 calls,      3.600188 s total
PROFILER:                    reduceKmesh     0.073384 +/-     0.088151 s,    8 calls,      0.587075 s total
PROFILER:                            Y*M     0.802738 +/-     0.283517 s,   62 calls,     49.769760 s total
PROFILER:                          Y1^Y2     0.035540 +/-     0.158420 s, 1172 calls,     41.653442 s total

MEMUSAGE:                   ColumnBundle     9.743698 GB
MEMUSAGE:             complexScalarField     0.004272 GB
MEMUSAGE:        complexScalarFieldTilde     1.076660 GB
MEMUSAGE:                    IndexArrays     0.064486 GB
MEMUSAGE:                         matrix     0.652597 GB
MEMUSAGE:                           misc     0.390909 GB
MEMUSAGE:                     RealKernel     0.020042 GB
MEMUSAGE:                    ScalarField     0.158081 GB
MEMUSAGE:               ScalarFieldTilde     0.432251 GB
MEMUSAGE:                          Total    10.674224 GB
