
*************** jdftx 1.7  ***************

Start date and time: Sun Dec  1 19:37:17 2024
Executable /data/groups/ping/jxu153/codes/jdftx/jdftx-202306/build-test2/wannier with command-line: -i wannier.in
Running on hosts (process indices):  gpu009 (0-39)  gpu010 (40-79)
Divided in process groups (process indices):  0 (0)  1 (1)  2 (2)  3 (3)  4 (4)  5 (5)  6 (6)  7 (7)  8 (8)  9 (9)  10 (10)  11 (11)  12 (12)  13 (13)  14 (14)  15 (15)  16 (16)  17 (17)  18 (18)  19 (19)  20 (20)  21 (21)  22 (22)  23 (23)  24 (24)  25 (25)  26 (26)  27 (27)  28 (28)  29 (29)  30 (30)  31 (31)  32 (32)  33 (33)  34 (34)  35 (35)  36 (36)  37 (37)  38 (38)  39 (39)  40 (40)  41 (41)  42 (42)  43 (43)  44 (44)  45 (45)  46 (46)  47 (47)  48 (48)  49 (49)  50 (50)  51 (51)  52 (52)  53 (53)  54 (54)  55 (55)  56 (56)  57 (57)  58 (58)  59 (59)  60 (60)  61 (61)  62 (62)  63 (63)  64 (64)  65 (65)  66 (66)  67 (67)  68 (68)  69 (69)  70 (70)  71 (71)  72 (72)  73 (73)  74 (74)  75 (75)  76 (76)  77 (77)  78 (78)  79 (79)
Resource initialization completed at t[s]:      0.07
Run totals: 80 processes, 80 threads, 0 GPUs


Input parsed successfully to the following command list (including defaults):

basis kpoint-dependent
converge-empty-states yes
coords-type Lattice
core-overlap-check vector
coulomb-interaction Periodic
davidson-band-ratio 1.1
dump End State
dump-name totalE.$VAR
elec-cutoff 17
elec-eigen-algo Davidson
elec-ex-corr mgga-x-scan mgga-c-scan
elec-n-bands 34
electronic-minimize  \
	dirUpdateScheme      FletcherReeves \
	linminMethod         DirUpdateRecommended \
	nIterations          100 \
	history              15 \
	knormThreshold       0 \
	maxThreshold         no \
	energyDiffThreshold  1e-09 \
	nEnergyDiff          2 \
	alphaTstart          1 \
	alphaTmin            1e-10 \
	updateTestStepSize   yes \
	alphaTreduceFactor   0.1 \
	alphaTincreaseFactor 3 \
	nAlphaAdjustMax      3 \
	wolfeEnergy          0.0001 \
	wolfeGradient        0.9 \
	fdTest               no
exchange-regularization WignerSeitzTruncated
fluid None
fluid-ex-corr (null) lda-PZ
fluid-gummel-loop 10 1.000000e-05
fluid-minimize  \
	dirUpdateScheme      PolakRibiere \
	linminMethod         DirUpdateRecommended \
	nIterations          100 \
	history              15 \
	knormThreshold       0 \
	maxThreshold         no \
	energyDiffThreshold  0 \
	nEnergyDiff          2 \
	alphaTstart          1 \
	alphaTmin            1e-10 \
	updateTestStepSize   yes \
	alphaTreduceFactor   0.1 \
	alphaTincreaseFactor 3 \
	nAlphaAdjustMax      3 \
	wolfeEnergy          0.0001 \
	wolfeGradient        0.9 \
	fdTest               no
fluid-solvent H2O 55.338 ScalarEOS \
	epsBulk 78.4 \
	pMol 0.92466 \
	epsInf 1.77 \
	Pvap 1.06736e-10 \
	sigmaBulk 4.62e-05 \
	Rvdw 2.61727 \
	Res 1.42 \
	tauNuc 343133 \
	poleEl 15 7 1
forces-output-coords Positions
initial-state totalE.$VAR
ion Ga   0.000000000000000   0.000000000000000   0.000000000000000 0
ion As   0.250000000000000   0.250000000000000   0.250000000000000 0
ion-species Ga_nv3_nocorecorr.upf
ion-species As_nv5_nocorecorr.upf
ion-width 0
ionic-minimize  \
	dirUpdateScheme      L-BFGS \
	linminMethod         DirUpdateRecommended \
	nIterations          0 \
	history              15 \
	knormThreshold       0.0001 \
	maxThreshold         no \
	energyDiffThreshold  1e-06 \
	nEnergyDiff          2 \
	alphaTstart          1 \
	alphaTmin            1e-10 \
	updateTestStepSize   yes \
	alphaTreduceFactor   0.1 \
	alphaTincreaseFactor 3 \
	nAlphaAdjustMax      3 \
	wolfeEnergy          0.0001 \
	wolfeGradient        0.9 \
	fdTest               no
kpoint   0.000000000000   0.000000000000   0.000000000000  1.00000000000000
kpoint-folding 24 24 24 
latt-move-scale 1 1 1
latt-scale 1 1 1 
lattice Face-Centered Cubic 10.6829
lattice-minimize  \
	dirUpdateScheme      L-BFGS \
	linminMethod         DirUpdateRecommended \
	nIterations          0 \
	history              15 \
	knormThreshold       0 \
	maxThreshold         no \
	energyDiffThreshold  1e-06 \
	nEnergyDiff          2 \
	alphaTstart          1 \
	alphaTmin            1e-10 \
	updateTestStepSize   yes \
	alphaTreduceFactor   0.1 \
	alphaTincreaseFactor 3 \
	nAlphaAdjustMax      3 \
	wolfeEnergy          0.0001 \
	wolfeGradient        0.9 \
	fdTest               no
lcao-params -1 1e-06 0.001
pcm-variant GLSSA13
perturb-minimize  \
	nIterations            0 \
	algorithm              MINRES \
	residualTol            0.0001 \
	residualDiffThreshold  0.0001 \
	CGBypass               no \
	recomputeResidual      no
spintype spin-orbit
subspace-rotation-factor 1 yes
symmetries automatic
symmetry-threshold 0.0001
wannier  \
	localizationMeasure FiniteDifference \
	precondition no \
	saveWfns no \
	saveWfnsRealSpace no \
	saveMomenta yes \
	saveSpin yes \
	saveRP no \
	saveBerryA no \
	loadRotations yes \
	outerWindow -0.4 1.2 \
	innerWindow -0.11 0.325 \
	phononSupercell 4 4 4 \
	rSmooth 1 \
	spinMode All \
	polar yes
wannier-center Gaussian -0.033261 -0.073734 0.36875 1.7 sUp  1
wannier-center Gaussian -0.033261 -0.073734 0.36875 1.7 sDn  1
wannier-center Gaussian 0.283261 0.323734 -0.11875 1.7 sUp  1
wannier-center Gaussian 0.283261 0.323734 -0.11875 1.7 sDn  1
wannier-center Gaussian 0.22472 -0.207981 0.438118 1.7 sUp  1
wannier-center Gaussian 0.22472 -0.207981 0.438118 1.7 sDn  1
wannier-center Gaussian 0.02528 0.457981 -0.188118 1.7 sUp  1
wannier-center Gaussian 0.02528 0.457981 -0.188118 1.7 sDn  1
wannier-center Gaussian 0.096608 -0.072105 -0.050484 1.7 sUp  1
wannier-center Gaussian 0.096608 -0.072105 -0.050484 1.7 sDn  1
wannier-center Gaussian 0.153392 0.322105 0.300484 1.7 sUp  1
wannier-center Gaussian 0.153392 0.322105 0.300484 1.7 sDn  1
wannier-center Gaussian -0.374529 0.360927 -0.42163 1.7 sUp  1
wannier-center Gaussian -0.374529 0.360927 -0.42163 1.7 sDn  1
wannier-center Gaussian 0.624529 -0.110927 0.67163 1.7 sUp  1
wannier-center Gaussian 0.624529 -0.110927 0.67163 1.7 sDn  1
wannier-dump-name wannier.$VAR
wannier-initial-state totalE.$VAR
wannier-minimize  \
	dirUpdateScheme      L-BFGS \
	linminMethod         DirUpdateRecommended \
	nIterations          10000 \
	history              15 \
	knormThreshold       0 \
	maxThreshold         no \
	energyDiffThreshold  1e-10 \
	nEnergyDiff          2 \
	alphaTstart          1 \
	alphaTmin            1e-10 \
	updateTestStepSize   yes \
	alphaTreduceFactor   0.1 \
	alphaTincreaseFactor 3 \
	nAlphaAdjustMax      3 \
	wolfeEnergy          0.0001 \
	wolfeGradient        0.9 \
	fdTest               no



---------- Setting up symmetries ----------

Found 48 point-group symmetries of the bravais lattice
Found 24 space-group symmetries with basis
Applied RMS atom displacement 0 bohrs to make symmetries exact.

---------- Initializing the Grid ----------
R = 
[            0      5.34145      5.34145  ]
[      5.34145            0      5.34145  ]
[      5.34145      5.34145            0  ]
unit cell volume = 304.795
G =
[  -0.588154   0.588154   0.588154  ]
[   0.588154  -0.588154   0.588154  ]
[   0.588154   0.588154  -0.588154  ]
Minimum fftbox size, Smin = [  32  32  32  ]
Chosen fftbox size, S = [  32  32  32  ]

---------- Exchange Correlation functional ----------
Initialized LibXC exchange functional 'SCAN exchange of Sun, Ruzsinszky, and Perdew'
Initialized LibXC correlation functional 'SCAN correlation of Sun, Ruzsinszky, and Perdew'

---------- Setting up pseudopotentials ----------
Width of ionic core gaussian charges (only for fluid interactions / plotting) set to 0

Reading pseudopotential file 'Ga_nv3_nocorecorr.upf':
  'Ga' pseudopotential, 'PBE' functional
  Generated using ONCVPSP code by D. R. Hamann
  Author: anonymous  Date: 200814.
  3 valence electrons, 3 orbitals, 8 projectors, 1926 radial grid points, with lMax = 2
  Transforming local potential to a uniform radial grid of dG=0.02 with 1566 points.
  Transforming nonlocal projectors to a uniform radial grid of dG=0.02 with 399 points.
    4S    l: 0   occupation:  2.0   eigenvalue: -0.328808
    4P    l: 1   occupation:  0.7   eigenvalue: -0.093403
    4P    l: 1   occupation:  0.3   eigenvalue: -0.097652
  Transforming atomic orbitals to a uniform radial grid of dG=0.02 with 399 points.
  Core radius for overlap checks: 2.08 bohrs.

Reading pseudopotential file 'As_nv5_nocorecorr.upf':
  'As' pseudopotential, 'PBE' functional
  Generated using ONCVPSP code by D. R. Hamann
  Author: anonymous  Date: 200814.
  5 valence electrons, 3 orbitals, 8 projectors, 1358 radial grid points, with lMax = 2
  Transforming local potential to a uniform radial grid of dG=0.02 with 1566 points.
  Transforming nonlocal projectors to a uniform radial grid of dG=0.02 with 399 points.
    4S    l: 0   occupation:  2.0   eigenvalue: -0.532523
    4P    l: 1   occupation:  2.0   eigenvalue: -0.187649
    4P    l: 1   occupation:  1.0   eigenvalue: -0.197670
  Transforming atomic orbitals to a uniform radial grid of dG=0.02 with 399 points.
  Core radius for overlap checks: 2.07 bohrs.

Initialized 2 species with 2 total atoms.

Folded 1 k-points by 24x24x24 to 13824 k-points.

---------- Setting up k-points, bands, fillings ----------
Adding inversion symmetry to k-mesh for non-inversion-symmetric unit cell.
Reduced to 413 k-points under symmetry. 
Computing the number of bands and number of electrons
Calculating initial fillings.
Turning on subspace rotations due to non-scalar fillings.
nElectrons:   8.000000   nBands: 34   nStates: 413

----- Setting up reduced wavefunction bases (one per k-point) -----
average nbasis = 1020.427 , ideal nbasis = 1020.410

---------- Setting up ewald sum ----------
Optimum gaussian width for ewald sums = 2.425994 bohr.
Real space sum over 1331 unit cells with max indices [  5  5  5  ]
Reciprocal space sum over 2197 terms with max indices [  6  6  6  ]

---------- Allocating electronic variables ----------
Reading eigenvalues from 'totalE.eigenvals'.
Initializing wave functions:  reading from 'totalE.wfns'


----- Initializing Supercell corresponding to k-point mesh -----
Lattice vector linear combinations in supercell:
[  24   0   0  ]
[   0  24   0  ]
[   0   0  24  ]
Supercell lattice vectors:
[  0  128.195  128.195  ]
[  128.195  0  128.195  ]
[  128.195  128.195  0  ]

---------- Initializing Wannier Function solver ----------

---------- Initializing supercell grid for Wannier functions ----------
Dumping 'wannier.mlwfBandRanges' ... done.
Found 6 phonon modes in 'totalE.phononBasis'
Setting up finite difference formula on k-mesh ... found a 8 neighbour formula.
nbasis = 1639 for k = [   0.000   0.000   0.000  ]

---- Citations for features of the code used in this run ----

   Software package:
      R. Sundararaman, K. Letchworth-Weaver, K.A. Schwarz, D. Gunceler, Y. Ozhabes and T.A. Arias, 'JDFTx: software for joint density-functional theory', SoftwareX 6, 278 (2017)

   LibXC library of exchange-correlation functions:
      M. A. L. Marques, M. J. T. Oliveira and T. Burnus, Comput. Phys. Commun. 183, 2272 (2012)

   SCAN exchange of Sun, Ruzsinszky, and Perdew exchange functional:
   SCAN correlation of Sun, Ruzsinszky, and Perdew correlation functional:
      J. Sun, A. Ruzsinszky, and J. P. Perdew, Phys. Rev. Lett. 115, 036402 (2015)

   Total energy minimization:
      T.A. Arias, M.C. Payne and J.D. Joannopoulos, Phys. Rev. Lett. 69, 1077 (1992)

   Maximally-localized Wannier functions:
      N. Marzari and D. Vanderbilt, Phys. Rev. B 56, 12847 (1997)

This list may not be complete. Please suggest additional citations or
report any other bugs at https://github.com/shankar1729/jdftx/issues


NOTE: no initial rotations in 'wannier.mlwfU'; using trial orbitals for first run.
Computing initial overlaps ... done.
Dumping 'wannier.mlwfM0' ... done.
WannierMinimize: Iter:   0  Omega:  5.708376640022888e+02  |grad|_K:  7.410e+00  t[s]:     39.04
WannierMinimize: Iter:   1  Omega:  5.219313101051806e+02  |grad|_K:  5.948e+00  alpha:  1.000e+00  linmin: -9.707e-01  t[s]:     41.09
WannierMinimize: Iter:   2  Omega:  3.942448976696153e+02  |grad|_K:  4.529e+00  alpha:  1.000e+00  linmin:  4.803e-02  t[s]:     41.78
WannierMinimize: Iter:   3  Omega:  3.702190821244727e+02  |grad|_K:  6.479e+00  alpha:  1.000e+00  linmin:  2.132e-01  t[s]:     42.63
WannierMinimize: Iter:   4  Omega:  3.422054529416550e+02  |grad|_K:  3.021e+00  alpha:  1.000e+00  linmin: -8.891e-01  t[s]:     42.95
WannierMinimize: Iter:   5  Omega:  3.218928592065407e+02  |grad|_K:  2.344e+00  alpha:  1.000e+00  linmin: -2.946e-01  t[s]:     43.58
WannierMinimize: Iter:   6  Omega:  3.074971486935447e+02  |grad|_K:  2.556e+00  alpha:  1.000e+00  linmin: -2.868e-01  t[s]:     44.20
WannierMinimize: Iter:   7  Omega:  2.816051915579778e+02  |grad|_K:  2.773e+00  alpha:  1.000e+00  linmin: -1.298e-01  t[s]:     44.72
WannierMinimize: 	Wolfe criterion not satisfied: alpha: 1  (E-E0)/|gdotd0|: 0.373958  gdotd/gdotd0: -1.7496 (taking cubic step)
WannierMinimize: Iter:   8  Omega:  2.718952764280290e+02  |grad|_K:  2.842e+00  alpha:  3.641e-01  linmin: -2.159e-04  t[s]:     45.65
WannierMinimize: Iter:   9  Omega:  2.610747899713802e+02  |grad|_K:  1.624e+00  alpha:  1.000e+00  linmin: -2.796e-01  t[s]:     46.11
WannierMinimize: Iter:  10  Omega:  2.520682493769814e+02  |grad|_K:  1.643e+00  alpha:  1.000e+00  linmin: -2.054e-01  t[s]:     46.70
WannierMinimize: Iter:  11  Omega:  2.436125720582976e+02  |grad|_K:  2.088e+00  alpha:  1.000e+00  linmin: -1.103e-01  t[s]:     47.15
WannierMinimize: Iter:  12  Omega:  2.352249750150892e+02  |grad|_K:  2.123e+00  alpha:  1.000e+00  linmin:  2.344e-03  t[s]:     47.69
WannierMinimize: Iter:  13  Omega:  2.285263618522726e+02  |grad|_K:  1.358e+00  alpha:  1.000e+00  linmin: -2.418e-01  t[s]:     48.20
WannierMinimize: Iter:  14  Omega:  2.230128181598909e+02  |grad|_K:  1.339e+00  alpha:  1.000e+00  linmin: -1.971e-01  t[s]:     48.72
WannierMinimize: Iter:  15  Omega:  2.180922702825007e+02  |grad|_K:  1.481e+00  alpha:  1.000e+00  linmin: -1.531e-01  t[s]:     49.27
WannierMinimize: Iter:  16  Omega:  2.137383917253690e+02  |grad|_K:  2.311e+00  alpha:  1.000e+00  linmin:  6.784e-02  t[s]:     49.67
WannierMinimize: Iter:  17  Omega:  2.088091689023034e+02  |grad|_K:  1.019e+00  alpha:  1.000e+00  linmin: -3.029e-01  t[s]:     49.94
WannierMinimize: Iter:  18  Omega:  2.064223635719797e+02  |grad|_K:  9.492e-01  alpha:  1.000e+00  linmin: -3.657e-01  t[s]:     50.17
WannierMinimize: Iter:  19  Omega:  2.031167905031045e+02  |grad|_K:  1.089e+00  alpha:  1.000e+00  linmin: -1.704e-01  t[s]:     50.35
WannierMinimize: Iter:  20  Omega:  2.018813254538560e+02  |grad|_K:  2.737e+00  alpha:  1.000e+00  linmin:  9.667e-02  t[s]:     50.55
WannierMinimize: Iter:  21  Omega:  1.972909983488217e+02  |grad|_K:  9.340e-01  alpha:  1.000e+00  linmin: -5.119e-01  t[s]:     50.76
WannierMinimize: Iter:  22  Omega:  1.955593210820086e+02  |grad|_K:  6.709e-01  alpha:  1.000e+00  linmin: -3.622e-01  t[s]:     50.95
WannierMinimize: Iter:  23  Omega:  1.935120721329085e+02  |grad|_K:  8.423e-01  alpha:  1.000e+00  linmin: -1.542e-01  t[s]:     51.20
WannierMinimize: Iter:  24  Omega:  1.906274940462434e+02  |grad|_K:  1.005e+00  alpha:  1.000e+00  linmin: -1.204e-01  t[s]:     51.40
WannierMinimize: 	Wolfe criterion not satisfied: alpha: 1  (E-E0)/|gdotd0|: 0.0544534  gdotd/gdotd0: -1.11549 (taking cubic step)
WannierMinimize: Iter:  25  Omega:  1.887552143025410e+02  |grad|_K:  1.232e+00  alpha:  4.750e-01  linmin: -1.453e-06  t[s]:     51.78
WannierMinimize: Iter:  26  Omega:  1.865939659751551e+02  |grad|_K:  6.396e-01  alpha:  1.000e+00  linmin: -1.687e-01  t[s]:     51.98
WannierMinimize: Iter:  27  Omega:  1.850853248311605e+02  |grad|_K:  6.571e-01  alpha:  1.000e+00  linmin: -2.175e-01  t[s]:     52.15
WannierMinimize: Iter:  28  Omega:  1.832713432813310e+02  |grad|_K:  1.018e+00  alpha:  1.000e+00  linmin: -5.932e-02  t[s]:     52.41
WannierMinimize: Iter:  29  Omega:  1.815079405857986e+02  |grad|_K:  9.787e-01  alpha:  1.000e+00  linmin: -6.968e-03  t[s]:     52.64
WannierMinimize: Iter:  30  Omega:  1.800105730692291e+02  |grad|_K:  6.246e-01  alpha:  1.000e+00  linmin: -2.817e-01  t[s]:     52.91
WannierMinimize: Iter:  31  Omega:  1.783127093545806e+02  |grad|_K:  7.229e-01  alpha:  1.000e+00  linmin: -7.000e-02  t[s]:     53.09
WannierMinimize: Iter:  32  Omega:  1.771817783045370e+02  |grad|_K:  8.681e-01  alpha:  1.000e+00  linmin: -7.521e-02  t[s]:     53.28
WannierMinimize: Iter:  33  Omega:  1.755964597359632e+02  |grad|_K:  7.155e-01  alpha:  1.000e+00  linmin: -1.325e-01  t[s]:     53.48
WannierMinimize: Iter:  34  Omega:  1.744889264774724e+02  |grad|_K:  1.602e+00  alpha:  1.000e+00  linmin:  5.558e-02  t[s]:     53.90
WannierMinimize: Iter:  35  Omega:  1.726020580079357e+02  |grad|_K:  6.103e-01  alpha:  1.000e+00  linmin: -2.487e-01  t[s]:     54.13
WannierMinimize: Iter:  36  Omega:  1.718126937734278e+02  |grad|_K:  5.450e-01  alpha:  1.000e+00  linmin: -4.615e-01  t[s]:     54.34
WannierMinimize: Iter:  37  Omega:  1.702553719774284e+02  |grad|_K:  6.563e-01  alpha:  1.000e+00  linmin: -1.258e-01  t[s]:     54.72
WannierMinimize: Iter:  38  Omega:  1.696902729135549e+02  |grad|_K:  1.627e+00  alpha:  1.000e+00  linmin:  6.817e-02  t[s]:     54.93
WannierMinimize: Iter:  39  Omega:  1.680445498185040e+02  |grad|_K:  6.546e-01  alpha:  1.000e+00  linmin: -2.723e-01  t[s]:     55.89
WannierMinimize: Iter:  40  Omega:  1.671101025830644e+02  |grad|_K:  4.750e-01  alpha:  1.000e+00  linmin: -1.970e-01  t[s]:     56.76
WannierMinimize: Iter:  41  Omega:  1.661078369717624e+02  |grad|_K:  6.077e-01  alpha:  1.000e+00  linmin: -1.062e-01  t[s]:     57.57
WannierMinimize: Iter:  42  Omega:  1.645900968918918e+02  |grad|_K:  6.851e-01  alpha:  1.000e+00  linmin: -1.105e-01  t[s]:     57.74
WannierMinimize: 	Wolfe criterion not satisfied: alpha: 1  (E-E0)/|gdotd0|: 0.452573  gdotd/gdotd0: -1.9157 (taking cubic step)
WannierMinimize: Iter:  43  Omega:  1.637525805811343e+02  |grad|_K:  1.023e+00  alpha:  3.454e-01  linmin: -8.608e-06  t[s]:     58.96
WannierMinimize: Iter:  44  Omega:  1.622888369485300e+02  |grad|_K:  5.373e-01  alpha:  1.000e+00  linmin: -1.115e-01  t[s]:     59.39
WannierMinimize: Iter:  45  Omega:  1.612625819338417e+02  |grad|_K:  4.797e-01  alpha:  1.000e+00  linmin: -1.945e-01  t[s]:     60.46
WannierMinimize: Iter:  46  Omega:  1.600408651078395e+02  |grad|_K:  8.197e-01  alpha:  1.000e+00  linmin: -2.895e-02  t[s]:     60.66
WannierMinimize: Iter:  47  Omega:  1.589938552219883e+02  |grad|_K:  7.871e-01  alpha:  1.000e+00  linmin: -5.452e-03  t[s]:     62.63
WannierMinimize: Iter:  48  Omega:  1.580996985369413e+02  |grad|_K:  5.272e-01  alpha:  1.000e+00  linmin: -3.075e-01  t[s]:     62.81
WannierMinimize: Iter:  49  Omega:  1.568669207002531e+02  |grad|_K:  5.753e-01  alpha:  1.000e+00  linmin: -5.761e-02  t[s]:     63.00
WannierMinimize: Iter:  50  Omega:  1.561175536124256e+02  |grad|_K:  7.394e-01  alpha:  1.000e+00  linmin: -4.518e-02  t[s]:     63.42
WannierMinimize: Iter:  51  Omega:  1.551424334141908e+02  |grad|_K:  6.121e-01  alpha:  1.000e+00  linmin: -1.225e-01  t[s]:     63.59
WannierMinimize: Iter:  52  Omega:  1.543058709780053e+02  |grad|_K:  1.267e+00  alpha:  1.000e+00  linmin:  4.795e-02  t[s]:     64.37
WannierMinimize: Iter:  53  Omega:  1.531230605311993e+02  |grad|_K:  4.939e-01  alpha:  1.000e+00  linmin: -1.987e-01  t[s]:     64.56
WannierMinimize: Iter:  54  Omega:  1.526463261342886e+02  |grad|_K:  4.388e-01  alpha:  1.000e+00  linmin: -4.395e-01  t[s]:     64.75
WannierMinimize: Iter:  55  Omega:  1.515864043476708e+02  |grad|_K:  5.343e-01  alpha:  1.000e+00  linmin: -1.070e-01  t[s]:     64.92
WannierMinimize: Iter:  56  Omega:  1.514561862056347e+02  |grad|_K:  1.398e+00  alpha:  1.000e+00  linmin:  8.029e-02  t[s]:     65.11
WannierMinimize: Iter:  57  Omega:  1.503713349758526e+02  |grad|_K:  5.156e-01  alpha:  1.000e+00  linmin: -6.326e-01  t[s]:     65.30
WannierMinimize: Iter:  58  Omega:  1.498728370886014e+02  |grad|_K:  3.448e-01  alpha:  1.000e+00  linmin: -2.254e-01  t[s]:     65.50
WannierMinimize: Iter:  59  Omega:  1.492267965701103e+02  |grad|_K:  4.605e-01  alpha:  1.000e+00  linmin: -9.391e-02  t[s]:     65.68
WannierMinimize: Iter:  60  Omega:  1.484363178620529e+02  |grad|_K:  5.001e-01  alpha:  1.000e+00  linmin: -1.121e-01  t[s]:     65.87
WannierMinimize: 	Wolfe criterion not satisfied: alpha: 1  (E-E0)/|gdotd0|: 0.358053  gdotd/gdotd0: -1.72125 (taking cubic step)
WannierMinimize: Iter:  61  Omega:  1.479306382728607e+02  |grad|_K:  8.327e-01  alpha:  3.688e-01  linmin: -3.118e-06  t[s]:     66.40
WannierMinimize: Iter:  62  Omega:  1.469978173999322e+02  |grad|_K:  4.359e-01  alpha:  1.000e+00  linmin: -9.611e-02  t[s]:     66.58
WannierMinimize: Iter:  63  Omega:  1.463690953383831e+02  |grad|_K:  3.613e-01  alpha:  1.000e+00  linmin: -1.765e-01  t[s]:     66.77
WannierMinimize: Iter:  64  Omega:  1.457114905323290e+02  |grad|_K:  6.268e-01  alpha:  1.000e+00  linmin: -1.059e-02  t[s]:     66.96
WannierMinimize: Iter:  65  Omega:  1.451385183322834e+02  |grad|_K:  5.121e-01  alpha:  1.000e+00  linmin: -4.363e-02  t[s]:     67.12
WannierMinimize: Iter:  66  Omega:  1.446666654414898e+02  |grad|_K:  3.973e-01  alpha:  1.000e+00  linmin: -2.409e-01  t[s]:     67.29
WannierMinimize: Iter:  67  Omega:  1.439757868282097e+02  |grad|_K:  4.928e-01  alpha:  1.000e+00  linmin: -2.647e-02  t[s]:     67.47
WannierMinimize: Iter:  68  Omega:  1.435089334729985e+02  |grad|_K:  5.649e-01  alpha:  1.000e+00  linmin: -1.051e-02  t[s]:     67.63
WannierMinimize: Iter:  69  Omega:  1.430830804318233e+02  |grad|_K:  4.216e-01  alpha:  1.000e+00  linmin: -1.870e-01  t[s]:     67.84
WannierMinimize: Iter:  70  Omega:  1.424043244205009e+02  |grad|_K:  4.973e-01  alpha:  1.000e+00  linmin: -6.466e-03  t[s]:     68.01
WannierMinimize: Iter:  71  Omega:  1.420555687167042e+02  |grad|_K:  5.247e-01  alpha:  1.000e+00  linmin:  1.042e-02  t[s]:     68.18
WannierMinimize: Iter:  72  Omega:  1.417485845931347e+02  |grad|_K:  3.918e-01  alpha:  1.000e+00  linmin: -3.597e-01  t[s]:     68.36
WannierMinimize: Iter:  73  Omega:  1.410634605372438e+02  |grad|_K:  3.816e-01  alpha:  1.000e+00  linmin: -3.218e-02  t[s]:     68.55
WannierMinimize: Iter:  74  Omega:  1.407938428188227e+02  |grad|_K:  5.228e-01  alpha:  1.000e+00  linmin:  1.241e-02  t[s]:     68.73
WannierMinimize: Iter:  75  Omega:  1.404988999215988e+02  |grad|_K:  3.842e-01  alpha:  1.000e+00  linmin: -1.761e-01  t[s]:     68.91
WannierMinimize: Iter:  76  Omega:  1.399054674365814e+02  |grad|_K:  3.445e-01  alpha:  1.000e+00  linmin: -2.587e-02  t[s]:     69.18
WannierMinimize: Iter:  77  Omega:  1.396600493322937e+02  |grad|_K:  4.348e-01  alpha:  1.000e+00  linmin: -1.597e-02  t[s]:     69.35
WannierMinimize: Iter:  78  Omega:  1.393777593321931e+02  |grad|_K:  3.452e-01  alpha:  1.000e+00  linmin: -1.722e-01  t[s]:     69.53
WannierMinimize: Iter:  79  Omega:  1.388837970072182e+02  |grad|_K:  5.164e-01  alpha:  1.000e+00  linmin:  2.500e-02  t[s]:     69.70
WannierMinimize: Iter:  80  Omega:  1.386089817885237e+02  |grad|_K:  4.668e-01  alpha:  1.000e+00  linmin:  6.405e-02  t[s]:     70.16
WannierMinimize: Iter:  81  Omega:  1.384222902136293e+02  |grad|_K:  3.001e-01  alpha:  1.000e+00  linmin: -4.956e-01  t[s]:     70.37
WannierMinimize: Iter:  82  Omega:  1.380763480150112e+02  |grad|_K:  2.300e-01  alpha:  1.000e+00  linmin: -1.821e-01  t[s]:     70.55
WannierMinimize: Iter:  83  Omega:  1.378445612753916e+02  |grad|_K:  2.935e-01  alpha:  1.000e+00  linmin: -1.124e-01  t[s]:     70.73
WannierMinimize: Iter:  84  Omega:  1.376942358238286e+02  |grad|_K:  7.799e-01  alpha:  1.000e+00  linmin:  5.514e-02  t[s]:     70.93
WannierMinimize: Iter:  85  Omega:  1.372440660986886e+02  |grad|_K:  2.584e-01  alpha:  1.000e+00  linmin: -2.311e-01  t[s]:     71.11
WannierMinimize: Iter:  86  Omega:  1.370699881675766e+02  |grad|_K:  2.230e-01  alpha:  1.000e+00  linmin: -4.258e-01  t[s]:     71.31
WannierMinimize: Iter:  87  Omega:  1.367897414167899e+02  |grad|_K:  2.800e-01  alpha:  1.000e+00  linmin: -1.373e-01  t[s]:     71.55
WannierMinimize: Iter:  88  Omega:  1.366135560431155e+02  |grad|_K:  6.912e-01  alpha:  1.000e+00  linmin:  4.119e-02  t[s]:     71.77
WannierMinimize: Iter:  89  Omega:  1.362789881937944e+02  |grad|_K:  2.866e-01  alpha:  1.000e+00  linmin: -1.861e-01  t[s]:     71.95
WannierMinimize: Iter:  90  Omega:  1.360858389505810e+02  |grad|_K:  2.121e-01  alpha:  1.000e+00  linmin: -1.646e-01  t[s]:     72.13
WannierMinimize: Iter:  91  Omega:  1.358892176859994e+02  |grad|_K:  2.643e-01  alpha:  1.000e+00  linmin: -9.626e-02  t[s]:     72.32
WannierMinimize: Iter:  92  Omega:  1.355852180681595e+02  |grad|_K:  3.678e-01  alpha:  1.000e+00  linmin: -4.948e-02  t[s]:     72.53
WannierMinimize: Iter:  93  Omega:  1.354052331300954e+02  |grad|_K:  5.272e-01  alpha:  1.000e+00  linmin:  4.879e-02  t[s]:     74.06
WannierMinimize: Iter:  94  Omega:  1.351395465629471e+02  |grad|_K:  2.132e-01  alpha:  1.000e+00  linmin: -3.531e-01  t[s]:     74.26
WannierMinimize: Iter:  95  Omega:  1.349984347587772e+02  |grad|_K:  2.206e-01  alpha:  1.000e+00  linmin: -3.347e-01  t[s]:     74.45
WannierMinimize: Iter:  96  Omega:  1.348124717344710e+02  |grad|_K:  2.863e-01  alpha:  1.000e+00  linmin: -1.246e-01  t[s]:     74.63
WannierMinimize: Iter:  97  Omega:  1.345886842308071e+02  |grad|_K:  5.056e-01  alpha:  1.000e+00  linmin:  1.296e-02  t[s]:     74.93
WannierMinimize: Iter:  98  Omega:  1.343274668963242e+02  |grad|_K:  2.561e-01  alpha:  1.000e+00  linmin: -3.907e-02  t[s]:     75.09
WannierMinimize: Iter:  99  Omega:  1.341724236572469e+02  |grad|_K:  2.080e-01  alpha:  1.000e+00  linmin: -1.486e-01  t[s]:     75.27
WannierMinimize: Iter: 100  Omega:  1.339618291271362e+02  |grad|_K:  2.848e-01  alpha:  1.000e+00  linmin: -5.710e-02  t[s]:     75.45
WannierMinimize: Iter: 101  Omega:  1.337982956745362e+02  |grad|_K:  4.217e-01  alpha:  1.000e+00  linmin:  1.926e-03  t[s]:     75.63
WannierMinimize: Iter: 102  Omega:  1.335990386119260e+02  |grad|_K:  2.750e-01  alpha:  1.000e+00  linmin: -1.391e-01  t[s]:     75.80
WannierMinimize: Iter: 103  Omega:  1.333542187425444e+02  |grad|_K:  2.142e-01  alpha:  1.000e+00  linmin: -9.083e-02  t[s]:     76.00
WannierMinimize: Iter: 104  Omega:  1.331999786948595e+02  |grad|_K:  3.118e-01  alpha:  1.000e+00  linmin: -4.610e-02  t[s]:     76.19
WannierMinimize: Iter: 105  Omega:  1.329836232075311e+02  |grad|_K:  2.981e-01  alpha:  1.000e+00  linmin: -6.817e-02  t[s]:     76.37
WannierMinimize: Iter: 106  Omega:  1.327166413648600e+02  |grad|_K:  3.540e-01  alpha:  1.000e+00  linmin: -1.725e-02  t[s]:     76.96
WannierMinimize: Iter: 107  Omega:  1.324907636942450e+02  |grad|_K:  3.046e-01  alpha:  1.000e+00  linmin:  7.371e-03  t[s]:     77.16
WannierMinimize: Iter: 108  Omega:  1.323189896163773e+02  |grad|_K:  2.349e-01  alpha:  1.000e+00  linmin: -4.523e-01  t[s]:     77.34
WannierMinimize: Iter: 109  Omega:  1.320412173588644e+02  |grad|_K:  2.877e-01  alpha:  1.000e+00  linmin: -9.063e-02  t[s]:     77.51
WannierMinimize: Iter: 110  Omega:  1.318373386637126e+02  |grad|_K:  4.708e-01  alpha:  1.000e+00  linmin:  3.390e-03  t[s]:     77.72
WannierMinimize: Iter: 111  Omega:  1.315887812059675e+02  |grad|_K:  3.098e-01  alpha:  1.000e+00  linmin: -1.028e-01  t[s]:     77.93
WannierMinimize: Iter: 112  Omega:  1.312245299448598e+02  |grad|_K:  2.764e-01  alpha:  1.000e+00  linmin: -4.001e-02  t[s]:     78.09
WannierMinimize: Iter: 113  Omega:  1.309918181655051e+02  |grad|_K:  3.672e-01  alpha:  1.000e+00  linmin: -4.925e-02  t[s]:     78.27
WannierMinimize: Iter: 114  Omega:  1.305754382972924e+02  |grad|_K:  3.549e-01  alpha:  1.000e+00  linmin: -4.699e-02  t[s]:     78.44
WannierMinimize: Iter: 115  Omega:  1.303773190802249e+02  |grad|_K:  8.391e-01  alpha:  1.000e+00  linmin:  4.113e-02  t[s]:     78.61
WannierMinimize: Iter: 116  Omega:  1.298911952887509e+02  |grad|_K:  3.300e-01  alpha:  1.000e+00  linmin: -4.615e-01  t[s]:     79.55
WannierMinimize: Iter: 117  Omega:  1.296150637855823e+02  |grad|_K:  2.688e-01  alpha:  1.000e+00  linmin: -2.857e-01  t[s]:     79.74
WannierMinimize: Iter: 118  Omega:  1.292861355298151e+02  |grad|_K:  3.506e-01  alpha:  1.000e+00  linmin: -8.719e-02  t[s]:     79.95
WannierMinimize: Iter: 119  Omega:  1.287587533495890e+02  |grad|_K:  5.123e-01  alpha:  1.000e+00  linmin: -4.128e-02  t[s]:     82.77
WannierMinimize: Iter: 120  Omega:  1.284314191836001e+02  |grad|_K:  7.502e-01  alpha:  1.000e+00  linmin:  3.756e-02  t[s]:     82.95
WannierMinimize: Iter: 121  Omega:  1.278722531042827e+02  |grad|_K:  3.083e-01  alpha:  1.000e+00  linmin: -1.628e-01  t[s]:     88.30
WannierMinimize: Iter: 122  Omega:  1.275651556701716e+02  |grad|_K:  3.144e-01  alpha:  1.000e+00  linmin: -2.461e-01  t[s]:     88.50
WannierMinimize: Iter: 123  Omega:  1.271807087606669e+02  |grad|_K:  4.100e-01  alpha:  1.000e+00  linmin: -1.117e-01  t[s]:     88.69
WannierMinimize: Iter: 124  Omega:  1.267831619565634e+02  |grad|_K:  8.700e-01  alpha:  1.000e+00  linmin:  2.936e-02  t[s]:     88.87
WannierMinimize: Iter: 125  Omega:  1.261866899897288e+02  |grad|_K:  3.917e-01  alpha:  1.000e+00  linmin: -8.984e-02  t[s]:     89.06
WannierMinimize: Iter: 126  Omega:  1.258208486915973e+02  |grad|_K:  3.222e-01  alpha:  1.000e+00  linmin: -1.915e-01  t[s]:     90.07
WannierMinimize: Iter: 127  Omega:  1.254349041765465e+02  |grad|_K:  3.839e-01  alpha:  1.000e+00  linmin: -7.124e-02  t[s]:     90.91
WannierMinimize: Iter: 128  Omega:  1.248181502863009e+02  |grad|_K:  5.672e-01  alpha:  1.000e+00  linmin: -5.267e-02  t[s]:     91.08
WannierMinimize: Iter: 129  Omega:  1.243146705994616e+02  |grad|_K:  7.449e-01  alpha:  1.000e+00  linmin:  3.334e-02  t[s]:     91.30
WannierMinimize: Iter: 130  Omega:  1.237454558647940e+02  |grad|_K:  3.328e-01  alpha:  1.000e+00  linmin: -2.325e-01  t[s]:     92.19
WannierMinimize: Iter: 131  Omega:  1.233825815610076e+02  |grad|_K:  3.622e-01  alpha:  1.000e+00  linmin: -1.196e-01  t[s]:     92.37
WannierMinimize: Iter: 132  Omega:  1.229503482173207e+02  |grad|_K:  4.305e-01  alpha:  1.000e+00  linmin: -8.534e-02  t[s]:     92.55
WannierMinimize: Iter: 133  Omega:  1.224206010152217e+02  |grad|_K:  1.026e+00  alpha:  1.000e+00  linmin:  3.530e-02  t[s]:     92.77
WannierMinimize: Iter: 134  Omega:  1.216378045318174e+02  |grad|_K:  3.571e-01  alpha:  1.000e+00  linmin: -5.722e-02  t[s]:     92.96
WannierMinimize: Iter: 135  Omega:  1.213290543497049e+02  |grad|_K:  3.142e-01  alpha:  1.000e+00  linmin: -1.790e-01  t[s]:     93.12
WannierMinimize: Iter: 136  Omega:  1.207700068111256e+02  |grad|_K:  4.267e-01  alpha:  1.000e+00  linmin: -1.069e-01  t[s]:     93.32
WannierMinimize: Iter: 137  Omega:  1.204170327781972e+02  |grad|_K:  8.007e-01  alpha:  1.000e+00  linmin:  4.797e-02  t[s]:     93.49
WannierMinimize: Iter: 138  Omega:  1.198394552234230e+02  |grad|_K:  3.349e-01  alpha:  1.000e+00  linmin: -3.881e-01  t[s]:     93.75
WannierMinimize: Iter: 139  Omega:  1.194555495335869e+02  |grad|_K:  3.232e-01  alpha:  1.000e+00  linmin: -1.935e-01  t[s]:     93.92
WannierMinimize: Iter: 140  Omega:  1.190631461252807e+02  |grad|_K:  3.930e-01  alpha:  1.000e+00  linmin: -9.505e-02  t[s]:     94.10
WannierMinimize: Iter: 141  Omega:  1.187326508673173e+02  |grad|_K:  9.422e-01  alpha:  1.000e+00  linmin:  4.693e-02  t[s]:     94.32
WannierMinimize: Iter: 142  Omega:  1.181050845093882e+02  |grad|_K:  3.286e-01  alpha:  1.000e+00  linmin: -1.436e-01  t[s]:     94.49
WannierMinimize: Iter: 143  Omega:  1.178267951111395e+02  |grad|_K:  2.616e-01  alpha:  1.000e+00  linmin: -2.098e-01  t[s]:     94.66
WannierMinimize: Iter: 144  Omega:  1.174915827452065e+02  |grad|_K:  3.290e-01  alpha:  1.000e+00  linmin: -1.442e-01  t[s]:     94.87
WannierMinimize: Iter: 145  Omega:  1.170872868238219e+02  |grad|_K:  5.575e-01  alpha:  1.000e+00  linmin: -1.671e-02  t[s]:     95.10
WannierMinimize: Iter: 146  Omega:  1.166512238169108e+02  |grad|_K:  3.409e-01  alpha:  1.000e+00  linmin: -1.878e-02  t[s]:     95.27
WannierMinimize: Iter: 147  Omega:  1.163709411673422e+02  |grad|_K:  2.533e-01  alpha:  1.000e+00  linmin: -2.703e-01  t[s]:     95.45
WannierMinimize: Iter: 148  Omega:  1.160360378117120e+02  |grad|_K:  4.188e-01  alpha:  1.000e+00  linmin: -1.709e-02  t[s]:     96.22
WannierMinimize: Iter: 149  Omega:  1.157734846337047e+02  |grad|_K:  3.891e-01  alpha:  1.000e+00  linmin: -2.753e-02  t[s]:     96.41
WannierMinimize: Iter: 150  Omega:  1.155280008894278e+02  |grad|_K:  3.047e-01  alpha:  1.000e+00  linmin: -1.776e-01  t[s]:     96.59
WannierMinimize: Iter: 151  Omega:  1.151750195930824e+02  |grad|_K:  4.493e-01  alpha:  1.000e+00  linmin:  1.208e-02  t[s]:     96.76
WannierMinimize: Iter: 152  Omega:  1.149478020738437e+02  |grad|_K:  3.714e-01  alpha:  1.000e+00  linmin:  1.149e-02  t[s]:     96.95
WannierMinimize: Iter: 153  Omega:  1.147852308403698e+02  |grad|_K:  2.795e-01  alpha:  1.000e+00  linmin: -3.592e-01  t[s]:     97.19
WannierMinimize: Iter: 154  Omega:  1.144271849617299e+02  |grad|_K:  2.987e-01  alpha:  1.000e+00  linmin: -1.926e-02  t[s]:     97.36
WannierMinimize: Iter: 155  Omega:  1.143015076173982e+02  |grad|_K:  4.558e-01  alpha:  1.000e+00  linmin:  4.359e-02  t[s]:     99.11
WannierMinimize: Iter: 156  Omega:  1.141482451321971e+02  |grad|_K:  2.715e-01  alpha:  1.000e+00  linmin: -4.368e-01  t[s]:     99.30
WannierMinimize: Iter: 157  Omega:  1.138832947764327e+02  |grad|_K:  2.140e-01  alpha:  1.000e+00  linmin: -9.812e-02  t[s]:     99.47
WannierMinimize: Iter: 158  Omega:  1.137475803993717e+02  |grad|_K:  2.248e-01  alpha:  1.000e+00  linmin: -1.167e-01  t[s]:     99.66
WannierMinimize: Iter: 159  Omega:  1.136521801151065e+02  |grad|_K:  6.801e-01  alpha:  1.000e+00  linmin:  4.765e-02  t[s]:     99.91
WannierMinimize: Iter: 160  Omega:  1.133353971499268e+02  |grad|_K:  2.040e-01  alpha:  1.000e+00  linmin: -2.771e-01  t[s]:    100.07
WannierMinimize: Iter: 161  Omega:  1.132379844362087e+02  |grad|_K:  1.699e-01  alpha:  1.000e+00  linmin: -3.812e-01  t[s]:    100.26
WannierMinimize: Iter: 162  Omega:  1.130903177095255e+02  |grad|_K:  2.217e-01  alpha:  1.000e+00  linmin: -1.477e-01  t[s]:    100.44
WannierMinimize: Iter: 163  Omega:  1.129587707517464e+02  |grad|_K:  4.834e-01  alpha:  1.000e+00  linmin:  3.315e-02  t[s]:    102.58
WannierMinimize: Iter: 164  Omega:  1.127758313205870e+02  |grad|_K:  2.333e-01  alpha:  1.000e+00  linmin: -1.251e-01  t[s]:    102.80
WannierMinimize: Iter: 165  Omega:  1.126496614377273e+02  |grad|_K:  1.688e-01  alpha:  1.000e+00  linmin: -1.027e-01  t[s]:    103.15
WannierMinimize: Iter: 166  Omega:  1.125491118713218e+02  |grad|_K:  2.040e-01  alpha:  1.000e+00  linmin: -9.035e-02  t[s]:    103.32
WannierMinimize: Iter: 167  Omega:  1.124033483591613e+02  |grad|_K:  3.341e-01  alpha:  1.000e+00  linmin: -1.258e-02  t[s]:    103.51
WannierMinimize: Iter: 168  Omega:  1.122589412665722e+02  |grad|_K:  2.210e-01  alpha:  1.000e+00  linmin: -1.974e-02  t[s]:    103.69
WannierMinimize: Iter: 169  Omega:  1.121629221070892e+02  |grad|_K:  1.577e-01  alpha:  1.000e+00  linmin: -3.732e-01  t[s]:    103.87
WannierMinimize: Iter: 170  Omega:  1.120391491698736e+02  |grad|_K:  2.219e-01  alpha:  1.000e+00  linmin: -5.379e-02  t[s]:    104.11
WannierMinimize: Iter: 171  Omega:  1.119570773603710e+02  |grad|_K:  2.630e-01  alpha:  1.000e+00  linmin: -9.430e-03  t[s]:    104.28
WannierMinimize: Iter: 172  Omega:  1.118725797757189e+02  |grad|_K:  1.905e-01  alpha:  1.000e+00  linmin: -1.247e-01  t[s]:    104.45
WannierMinimize: Iter: 173  Omega:  1.117438120717239e+02  |grad|_K:  2.017e-01  alpha:  1.000e+00  linmin: -1.176e-02  t[s]:    104.63
WannierMinimize: Iter: 174  Omega:  1.116821611928810e+02  |grad|_K:  2.203e-01  alpha:  1.000e+00  linmin: -3.270e-03  t[s]:    105.04
WannierMinimize: Iter: 175  Omega:  1.116221571207032e+02  |grad|_K:  1.764e-01  alpha:  1.000e+00  linmin: -2.501e-01  t[s]:    105.23
WannierMinimize: Iter: 176  Omega:  1.114877116178426e+02  |grad|_K:  2.499e-01  alpha:  1.000e+00  linmin:  2.180e-02  t[s]:    105.50
WannierMinimize: Iter: 177  Omega:  1.114378781395516e+02  |grad|_K:  2.676e-01  alpha:  1.000e+00  linmin:  8.477e-02  t[s]:    105.70
WannierMinimize: Iter: 178  Omega:  1.113904302216680e+02  |grad|_K:  1.500e-01  alpha:  1.000e+00  linmin: -5.424e-01  t[s]:    105.87
WannierMinimize: Iter: 179  Omega:  1.113190864156756e+02  |grad|_K:  1.056e-01  alpha:  1.000e+00  linmin: -2.623e-01  t[s]:    106.25
WannierMinimize: Iter: 180  Omega:  1.112567385898073e+02  |grad|_K:  1.463e-01  alpha:  1.000e+00  linmin: -8.710e-02  t[s]:    106.43
WannierMinimize: Iter: 181  Omega:  1.111589119934933e+02  |grad|_K:  1.624e-01  alpha:  1.000e+00  linmin: -8.559e-02  t[s]:    106.81
WannierMinimize: 	Wolfe criterion not satisfied: alpha: 1  (E-E0)/|gdotd0|: 0.810815  gdotd/gdotd0: -2.62275 (taking cubic step)
WannierMinimize: Iter: 182  Omega:  1.111176878673402e+02  |grad|_K:  2.249e-01  alpha:  2.762e-01  linmin: -2.094e-06  t[s]:    107.11
WannierMinimize: Iter: 183  Omega:  1.110445093374243e+02  |grad|_K:  1.142e-01  alpha:  1.000e+00  linmin: -7.567e-02  t[s]:    107.27
WannierMinimize: Iter: 184  Omega:  1.109969879207622e+02  |grad|_K:  1.014e-01  alpha:  1.000e+00  linmin: -1.612e-01  t[s]:    107.46
WannierMinimize: Iter: 185  Omega:  1.109326557980336e+02  |grad|_K:  1.822e-01  alpha:  1.000e+00  linmin: -2.342e-02  t[s]:    107.63
WannierMinimize: Iter: 186  Omega:  1.108882518483029e+02  |grad|_K:  1.840e-01  alpha:  1.000e+00  linmin:  2.580e-02  t[s]:    107.95
WannierMinimize: Iter: 187  Omega:  1.108497388980694e+02  |grad|_K:  1.096e-01  alpha:  1.000e+00  linmin: -5.116e-01  t[s]:    108.40
WannierMinimize: Iter: 188  Omega:  1.108008863834779e+02  |grad|_K:  1.111e-01  alpha:  1.000e+00  linmin: -1.162e-01  t[s]:    108.58
WannierMinimize: Iter: 189  Omega:  1.107678898908754e+02  |grad|_K:  1.304e-01  alpha:  1.000e+00  linmin: -9.946e-02  t[s]:    108.76
WannierMinimize: Iter: 190  Omega:  1.107201639026134e+02  |grad|_K:  2.212e-01  alpha:  1.000e+00  linmin:  2.679e-02  t[s]:    109.74
WannierMinimize: Iter: 191  Omega:  1.106726523778272e+02  |grad|_K:  1.188e-01  alpha:  1.000e+00  linmin: -3.143e-02  t[s]:    109.96
WannierMinimize: Iter: 192  Omega:  1.106487771712605e+02  |grad|_K:  9.856e-02  alpha:  1.000e+00  linmin: -4.655e-01  t[s]:    110.66
WannierMinimize: Iter: 193  Omega:  1.106073702094867e+02  |grad|_K:  1.088e-01  alpha:  1.000e+00  linmin: -1.230e-01  t[s]:    110.88
WannierMinimize: Iter: 194  Omega:  1.105821219173372e+02  |grad|_K:  2.208e-01  alpha:  1.000e+00  linmin:  3.246e-02  t[s]:    111.05
WannierMinimize: Iter: 195  Omega:  1.105448886191803e+02  |grad|_K:  1.060e-01  alpha:  1.000e+00  linmin: -1.794e-01  t[s]:    111.23
WannierMinimize: Iter: 196  Omega:  1.105162948183813e+02  |grad|_K:  8.189e-02  alpha:  1.000e+00  linmin: -1.094e-01  t[s]:    112.79
WannierMinimize: Iter: 197  Omega:  1.104937985483804e+02  |grad|_K:  9.587e-02  alpha:  1.000e+00  linmin: -9.654e-02  t[s]:    113.19
WannierMinimize: Iter: 198  Omega:  1.104565313694104e+02  |grad|_K:  1.570e-01  alpha:  1.000e+00  linmin: -1.860e-02  t[s]:    113.44
WannierMinimize: Iter: 199  Omega:  1.104254028410500e+02  |grad|_K:  1.156e-01  alpha:  1.000e+00  linmin:  2.800e-02  t[s]:    114.29
WannierMinimize: Iter: 200  Omega:  1.104042020382491e+02  |grad|_K:  6.927e-02  alpha:  1.000e+00  linmin: -4.710e-01  t[s]:    114.48
WannierMinimize: Iter: 201  Omega:  1.103802935599446e+02  |grad|_K:  8.217e-02  alpha:  1.000e+00  linmin: -1.615e-01  t[s]:    114.66
WannierMinimize: Iter: 202  Omega:  1.103615809050682e+02  |grad|_K:  1.186e-01  alpha:  1.000e+00  linmin: -4.125e-02  t[s]:    115.25
WannierMinimize: Iter: 203  Omega:  1.103356757946515e+02  |grad|_K:  8.323e-02  alpha:  1.000e+00  linmin: -7.949e-02  t[s]:    116.02
WannierMinimize: Iter: 204  Omega:  1.103121281366729e+02  |grad|_K:  1.031e-01  alpha:  1.000e+00  linmin: -1.965e-02  t[s]:    116.20
WannierMinimize: Iter: 205  Omega:  1.102930352805419e+02  |grad|_K:  8.991e-02  alpha:  1.000e+00  linmin: -5.562e-03  t[s]:    116.37
WannierMinimize: Iter: 206  Omega:  1.102788454330017e+02  |grad|_K:  7.361e-02  alpha:  1.000e+00  linmin: -3.807e-01  t[s]:    116.55
WannierMinimize: Iter: 207  Omega:  1.102539460044080e+02  |grad|_K:  1.085e-01  alpha:  1.000e+00  linmin:  1.910e-02  t[s]:    116.73
WannierMinimize: Iter: 208  Omega:  1.102387041871720e+02  |grad|_K:  1.108e-01  alpha:  1.000e+00  linmin:  3.816e-02  t[s]:    117.39
WannierMinimize: Iter: 209  Omega:  1.102271781939852e+02  |grad|_K:  7.301e-02  alpha:  1.000e+00  linmin: -2.815e-01  t[s]:    117.57
WannierMinimize: Iter: 210  Omega:  1.102054512694233e+02  |grad|_K:  5.710e-02  alpha:  1.000e+00  linmin: -7.839e-02  t[s]:    117.76
WannierMinimize: Iter: 211  Omega:  1.101921248035470e+02  |grad|_K:  7.952e-02  alpha:  1.000e+00  linmin: -6.413e-02  t[s]:    117.93
WannierMinimize: Iter: 212  Omega:  1.101716284385939e+02  |grad|_K:  8.119e-02  alpha:  1.000e+00  linmin: -1.755e-02  t[s]:    118.10
WannierMinimize: Iter: 213  Omega:  1.101557855082985e+02  |grad|_K:  8.652e-02  alpha:  1.000e+00  linmin: -3.850e-02  t[s]:    118.34
WannierMinimize: Iter: 214  Omega:  1.101405689417286e+02  |grad|_K:  6.423e-02  alpha:  1.000e+00  linmin: -1.372e-01  t[s]:    118.55
WannierMinimize: Iter: 215  Omega:  1.101263219248741e+02  |grad|_K:  6.666e-02  alpha:  1.000e+00  linmin: -1.120e-01  t[s]:    118.73
WannierMinimize: Iter: 216  Omega:  1.101135397629188e+02  |grad|_K:  9.515e-02  alpha:  1.000e+00  linmin: -2.055e-03  t[s]:    118.90
WannierMinimize: Iter: 217  Omega:  1.100995308916095e+02  |grad|_K:  6.018e-02  alpha:  1.000e+00  linmin: -9.730e-02  t[s]:    119.08
WannierMinimize: Iter: 218  Omega:  1.100860938548722e+02  |grad|_K:  5.755e-02  alpha:  1.000e+00  linmin: -6.919e-02  t[s]:    119.25
WannierMinimize: Iter: 219  Omega:  1.100750437240411e+02  |grad|_K:  8.884e-02  alpha:  1.000e+00  linmin: -1.486e-02  t[s]:    119.42
WannierMinimize: Iter: 220  Omega:  1.100623624168353e+02  |grad|_K:  6.108e-02  alpha:  1.000e+00  linmin: -9.452e-02  t[s]:    119.60
WannierMinimize: Iter: 221  Omega:  1.100498260017753e+02  |grad|_K:  5.586e-02  alpha:  1.000e+00  linmin: -1.075e-01  t[s]:    119.79
WannierMinimize: Iter: 222  Omega:  1.100400686104148e+02  |grad|_K:  8.453e-02  alpha:  1.000e+00  linmin:  4.188e-03  t[s]:    119.97
WannierMinimize: Iter: 223  Omega:  1.100300008951729e+02  |grad|_K:  5.630e-02  alpha:  1.000e+00  linmin: -1.549e-01  t[s]:    120.14
WannierMinimize: Iter: 224  Omega:  1.100185890447284e+02  |grad|_K:  5.227e-02  alpha:  1.000e+00  linmin: -9.866e-02  t[s]:    120.33
WannierMinimize: Iter: 225  Omega:  1.100091270255869e+02  |grad|_K:  7.026e-02  alpha:  1.000e+00  linmin: -3.509e-02  t[s]:    120.50
WannierMinimize: Iter: 226  Omega:  1.099991622493221e+02  |grad|_K:  6.542e-02  alpha:  1.000e+00  linmin: -9.419e-03  t[s]:    120.67
WannierMinimize: Iter: 227  Omega:  1.099911024776132e+02  |grad|_K:  4.775e-02  alpha:  1.000e+00  linmin: -1.394e-01  t[s]:    122.46
WannierMinimize: Iter: 228  Omega:  1.099815032049574e+02  |grad|_K:  5.175e-02  alpha:  1.000e+00  linmin: -4.774e-02  t[s]:    122.68
WannierMinimize: Iter: 229  Omega:  1.099747812249269e+02  |grad|_K:  6.585e-02  alpha:  1.000e+00  linmin: -3.390e-02  t[s]:    122.85
WannierMinimize: Iter: 230  Omega:  1.099669517494842e+02  |grad|_K:  4.885e-02  alpha:  1.000e+00  linmin: -1.093e-01  t[s]:    124.54
WannierMinimize: Iter: 231  Omega:  1.099584417563065e+02  |grad|_K:  5.535e-02  alpha:  1.000e+00  linmin: -1.456e-02  t[s]:    124.72
WannierMinimize: Iter: 232  Omega:  1.099530571221506e+02  |grad|_K:  5.465e-02  alpha:  1.000e+00  linmin: -2.591e-02  t[s]:    125.10
WannierMinimize: Iter: 233  Omega:  1.099480252286188e+02  |grad|_K:  4.362e-02  alpha:  1.000e+00  linmin: -1.490e-01  t[s]:    125.28
WannierMinimize: Iter: 234  Omega:  1.099400023000044e+02  |grad|_K:  5.065e-02  alpha:  1.000e+00  linmin: -1.763e-02  t[s]:    125.44
WannierMinimize: Iter: 235  Omega:  1.099360633675385e+02  |grad|_K:  6.629e-02  alpha:  1.000e+00  linmin:  2.887e-02  t[s]:    125.62
WannierMinimize: Iter: 236  Omega:  1.099320874988425e+02  |grad|_K:  4.062e-02  alpha:  1.000e+00  linmin: -3.091e-01  t[s]:    125.80
WannierMinimize: Iter: 237  Omega:  1.099265538532389e+02  |grad|_K:  3.259e-02  alpha:  1.000e+00  linmin: -9.098e-02  t[s]:    125.97
WannierMinimize: Iter: 238  Omega:  1.099230853305619e+02  |grad|_K:  3.653e-02  alpha:  1.000e+00  linmin: -1.066e-01  t[s]:    126.30
WannierMinimize: Iter: 239  Omega:  1.099204313161075e+02  |grad|_K:  9.389e-02  alpha:  1.000e+00  linmin:  4.695e-02  t[s]:    126.68
WannierMinimize: Iter: 240  Omega:  1.099141374688663e+02  |grad|_K:  3.033e-02  alpha:  1.000e+00  linmin: -3.080e-01  t[s]:    126.86
WannierMinimize: Iter: 241  Omega:  1.099121095605408e+02  |grad|_K:  2.575e-02  alpha:  1.000e+00  linmin: -4.688e-01  t[s]:    127.03
WannierMinimize: Iter: 242  Omega:  1.099088643393937e+02  |grad|_K:  3.090e-02  alpha:  1.000e+00  linmin: -1.502e-01  t[s]:    127.76
WannierMinimize: Iter: 243  Omega:  1.099066802402753e+02  |grad|_K:  7.769e-02  alpha:  1.000e+00  linmin:  4.499e-02  t[s]:    128.85
WannierMinimize: Iter: 244  Omega:  1.099026367460994e+02  |grad|_K:  3.271e-02  alpha:  1.000e+00  linmin: -1.731e-01  t[s]:    130.40
WannierMinimize: Iter: 245  Omega:  1.099002637988801e+02  |grad|_K:  2.225e-02  alpha:  1.000e+00  linmin: -1.290e-01  t[s]:    130.65
WannierMinimize: Iter: 246  Omega:  1.098983891534836e+02  |grad|_K:  2.698e-02  alpha:  1.000e+00  linmin: -9.454e-02  t[s]:    130.83
WannierMinimize: Iter: 247  Omega:  1.098951329338067e+02  |grad|_K:  3.319e-02  alpha:  1.000e+00  linmin: -8.110e-02  t[s]:    131.04
WannierMinimize: 	Wolfe criterion not satisfied: alpha: 1  (E-E0)/|gdotd0|: 0.023264  gdotd/gdotd0: -1.04656 (taking cubic step)
WannierMinimize: Iter: 248  Omega:  1.098930207013263e+02  |grad|_K:  3.866e-02  alpha:  4.886e-01  linmin: -1.693e-09  t[s]:    132.45
WannierMinimize: Iter: 249  Omega:  1.098907922407357e+02  |grad|_K:  2.021e-02  alpha:  1.000e+00  linmin: -1.625e-01  t[s]:    132.62
WannierMinimize: Iter: 250  Omega:  1.098892144024770e+02  |grad|_K:  2.155e-02  alpha:  1.000e+00  linmin: -2.024e-01  t[s]:    132.94
WannierMinimize: Iter: 251  Omega:  1.098873424163239e+02  |grad|_K:  3.174e-02  alpha:  1.000e+00  linmin: -6.638e-02  t[s]:    134.17
WannierMinimize: Iter: 252  Omega:  1.098855321124868e+02  |grad|_K:  3.563e-02  alpha:  1.000e+00  linmin:  1.406e-02  t[s]:    134.37
WannierMinimize: Iter: 253  Omega:  1.098838713475766e+02  |grad|_K:  2.011e-02  alpha:  1.000e+00  linmin: -2.063e-01  t[s]:    134.54
WannierMinimize: Iter: 254  Omega:  1.098822105010530e+02  |grad|_K:  2.149e-02  alpha:  1.000e+00  linmin: -6.585e-02  t[s]:    135.04
WannierMinimize: Iter: 255  Omega:  1.098810605910129e+02  |grad|_K:  2.612e-02  alpha:  1.000e+00  linmin: -8.220e-02  t[s]:    135.33
WannierMinimize: Iter: 256  Omega:  1.098790428938955e+02  |grad|_K:  2.526e-02  alpha:  1.000e+00  linmin: -2.702e-02  t[s]:    136.77
WannierMinimize: Iter: 257  Omega:  1.098777065755818e+02  |grad|_K:  3.134e-02  alpha:  1.000e+00  linmin:  2.390e-03  t[s]:    136.95
WannierMinimize: Iter: 258  Omega:  1.098764519103303e+02  |grad|_K:  2.002e-02  alpha:  1.000e+00  linmin: -2.261e-01  t[s]:    138.67
WannierMinimize: Iter: 259  Omega:  1.098752542840529e+02  |grad|_K:  1.894e-02  alpha:  1.000e+00  linmin: -1.584e-01  t[s]:    139.69
WannierMinimize: Iter: 260  Omega:  1.098741217469115e+02  |grad|_K:  2.365e-02  alpha:  1.000e+00  linmin: -6.931e-02  t[s]:    140.18
WannierMinimize: Iter: 261  Omega:  1.098727346954676e+02  |grad|_K:  2.408e-02  alpha:  1.000e+00  linmin: -1.147e-02  t[s]:    140.36
WannierMinimize: Iter: 262  Omega:  1.098715461957516e+02  |grad|_K:  1.837e-02  alpha:  1.000e+00  linmin: -1.033e-01  t[s]:    140.53
WannierMinimize: Iter: 263  Omega:  1.098702862001717e+02  |grad|_K:  1.963e-02  alpha:  1.000e+00  linmin: -5.227e-02  t[s]:    140.71
WannierMinimize: Iter: 264  Omega:  1.098692869450761e+02  |grad|_K:  2.490e-02  alpha:  1.000e+00  linmin: -3.053e-02  t[s]:    140.88
WannierMinimize: Iter: 265  Omega:  1.098681410315200e+02  |grad|_K:  1.846e-02  alpha:  1.000e+00  linmin: -1.205e-01  t[s]:    142.99
WannierMinimize: Iter: 266  Omega:  1.098667830491424e+02  |grad|_K:  2.275e-02  alpha:  1.000e+00  linmin: -1.950e-02  t[s]:    143.16
WannierMinimize: Iter: 267  Omega:  1.098658299112045e+02  |grad|_K:  2.265e-02  alpha:  1.000e+00  linmin: -2.596e-02  t[s]:    143.33
WannierMinimize: Iter: 268  Omega:  1.098649481969639e+02  |grad|_K:  1.850e-02  alpha:  1.000e+00  linmin: -1.493e-01  t[s]:    143.51
WannierMinimize: Iter: 269  Omega:  1.098634892622645e+02  |grad|_K:  2.507e-02  alpha:  1.000e+00  linmin:  4.003e-04  t[s]:    143.84
WannierMinimize: Iter: 270  Omega:  1.098625814631566e+02  |grad|_K:  2.706e-02  alpha:  1.000e+00  linmin:  1.689e-02  t[s]:    144.02
WannierMinimize: Iter: 271  Omega:  1.098618143403500e+02  |grad|_K:  1.865e-02  alpha:  1.000e+00  linmin: -2.800e-01  t[s]:    144.20
WannierMinimize: Iter: 272  Omega:  1.098603983792682e+02  |grad|_K:  1.509e-02  alpha:  1.000e+00  linmin: -6.075e-02  t[s]:    144.37
WannierMinimize: Iter: 273  Omega:  1.098596278609017e+02  |grad|_K:  2.070e-02  alpha:  1.000e+00  linmin: -4.720e-02  t[s]:    144.56
WannierMinimize: Iter: 274  Omega:  1.098584608831758e+02  |grad|_K:  1.738e-02  alpha:  1.000e+00  linmin: -5.695e-02  t[s]:    144.73
WannierMinimize: Iter: 275  Omega:  1.098576311045460e+02  |grad|_K:  3.700e-02  alpha:  1.000e+00  linmin:  2.672e-02  t[s]:    144.90
WannierMinimize: Iter: 276  Omega:  1.098564605711128e+02  |grad|_K:  1.543e-02  alpha:  1.000e+00  linmin: -2.015e-01  t[s]:    145.07
WannierMinimize: Iter: 277  Omega:  1.098557983844811e+02  |grad|_K:  1.356e-02  alpha:  1.000e+00  linmin: -3.071e-01  t[s]:    145.23
WannierMinimize: Iter: 278  Omega:  1.098549881498283e+02  |grad|_K:  1.634e-02  alpha:  1.000e+00  linmin: -1.100e-01  t[s]:    145.40
WannierMinimize: Iter: 279  Omega:  1.098546305069717e+02  |grad|_K:  4.401e-02  alpha:  1.000e+00  linmin:  5.009e-02  t[s]:    145.57
WannierMinimize: Iter: 280  Omega:  1.098534082180014e+02  |grad|_K:  1.585e-02  alpha:  1.000e+00  linmin: -2.142e-01  t[s]:    145.78
WannierMinimize: Iter: 281  Omega:  1.098528429490169e+02  |grad|_K:  1.180e-02  alpha:  1.000e+00  linmin: -1.462e-01  t[s]:    145.95
WannierMinimize: Iter: 282  Omega:  1.098521880873202e+02  |grad|_K:  1.489e-02  alpha:  1.000e+00  linmin: -7.676e-02  t[s]:    147.20
WannierMinimize: Iter: 283  Omega:  1.098512360401644e+02  |grad|_K:  1.720e-02  alpha:  1.000e+00  linmin: -8.029e-02  t[s]:    148.49
WannierMinimize: 	Wolfe criterion not satisfied: alpha: 1  (E-E0)/|gdotd0|: 0.165314  gdotd/gdotd0: -1.33066 (taking cubic step)
WannierMinimize: Iter: 284  Omega:  1.098506244910595e+02  |grad|_K:  2.302e-02  alpha:  4.291e-01  linmin: -4.529e-09  t[s]:    148.82
WannierMinimize: Iter: 285  Omega:  1.098498504528653e+02  |grad|_K:  1.161e-02  alpha:  1.000e+00  linmin: -1.036e-01  t[s]:    149.00
WannierMinimize: Iter: 286  Omega:  1.098493363804207e+02  |grad|_K:  1.200e-02  alpha:  1.000e+00  linmin: -1.621e-01  t[s]:    149.19
WannierMinimize: Iter: 287  Omega:  1.098486214232171e+02  |grad|_K:  1.763e-02  alpha:  1.000e+00  linmin: -5.354e-02  t[s]:    149.35
WannierMinimize: Iter: 288  Omega:  1.098481634114749e+02  |grad|_K:  2.651e-02  alpha:  1.000e+00  linmin:  4.314e-02  t[s]:    149.54
WannierMinimize: Iter: 289  Omega:  1.098475352249495e+02  |grad|_K:  1.195e-02  alpha:  1.000e+00  linmin: -3.183e-01  t[s]:    149.71
WannierMinimize: Iter: 290  Omega:  1.098470693956066e+02  |grad|_K:  1.158e-02  alpha:  1.000e+00  linmin: -1.090e-01  t[s]:    149.89
WannierMinimize: Iter: 291  Omega:  1.098466606697099e+02  |grad|_K:  1.383e-02  alpha:  1.000e+00  linmin: -8.519e-02  t[s]:    150.08
WannierMinimize: Iter: 292  Omega:  1.098459995486062e+02  |grad|_K:  2.490e-02  alpha:  1.000e+00  linmin:  7.687e-04  t[s]:    151.73
WannierMinimize: Iter: 293  Omega:  1.098453507111234e+02  |grad|_K:  1.277e-02  alpha:  1.000e+00  linmin: -3.452e-03  t[s]:    152.95
WannierMinimize: Iter: 294  Omega:  1.098449956755228e+02  |grad|_K:  9.589e-03  alpha:  1.000e+00  linmin: -4.395e-01  t[s]:    153.15
WannierMinimize: Iter: 295  Omega:  1.098444463701632e+02  |grad|_K:  1.417e-02  alpha:  1.000e+00  linmin: -6.618e-02  t[s]:    155.14
WannierMinimize: Iter: 296  Omega:  1.098441158590355e+02  |grad|_K:  2.148e-02  alpha:  1.000e+00  linmin:  1.490e-02  t[s]:    155.31
WannierMinimize: Iter: 297  Omega:  1.098437129768740e+02  |grad|_K:  1.300e-02  alpha:  1.000e+00  linmin: -1.436e-01  t[s]:    162.02
WannierMinimize: Iter: 298  Omega:  1.098431848637745e+02  |grad|_K:  1.003e-02  alpha:  1.000e+00  linmin: -4.942e-02  t[s]:    162.21
WannierMinimize: Iter: 299  Omega:  1.098429161126786e+02  |grad|_K:  1.155e-02  alpha:  1.000e+00  linmin: -8.542e-02  t[s]:    163.43
WannierMinimize: Iter: 300  Omega:  1.098424903898920e+02  |grad|_K:  2.430e-02  alpha:  1.000e+00  linmin:  2.487e-02  t[s]:    163.62
WannierMinimize: Iter: 301  Omega:  1.098419771070110e+02  |grad|_K:  1.065e-02  alpha:  1.000e+00  linmin: -4.476e-02  t[s]:    163.80
WannierMinimize: Iter: 302  Omega:  1.098417782587776e+02  |grad|_K:  8.740e-03  alpha:  1.000e+00  linmin: -2.564e-01  t[s]:    164.08
WannierMinimize: Iter: 303  Omega:  1.098414186933363e+02  |grad|_K:  1.068e-02  alpha:  1.000e+00  linmin: -1.322e-01  t[s]:    164.25
WannierMinimize: Iter: 304  Omega:  1.098411821095528e+02  |grad|_K:  2.064e-02  alpha:  1.000e+00  linmin:  2.985e-02  t[s]:    164.60
WannierMinimize: Iter: 305  Omega:  1.098408603228743e+02  |grad|_K:  1.030e-02  alpha:  1.000e+00  linmin: -1.504e-01  t[s]:    165.51
WannierMinimize: Iter: 306  Omega:  1.098405850012688e+02  |grad|_K:  7.857e-03  alpha:  1.000e+00  linmin: -5.547e-02  t[s]:    165.68
WannierMinimize: Iter: 307  Omega:  1.098403999912296e+02  |grad|_K:  8.929e-03  alpha:  1.000e+00  linmin: -7.571e-02  t[s]:    165.87
WannierMinimize: Iter: 308  Omega:  1.098399718612619e+02  |grad|_K:  1.467e-02  alpha:  1.000e+00  linmin: -2.403e-02  t[s]:    166.04
WannierMinimize: Iter: 309  Omega:  1.098397952419363e+02  |grad|_K:  1.818e-02  alpha:  1.000e+00  linmin:  5.113e-02  t[s]:    166.40
WannierMinimize: Iter: 310  Omega:  1.098395037494049e+02  |grad|_K:  6.738e-03  alpha:  1.000e+00  linmin: -1.074e-01  t[s]:    166.57
WannierMinimize: Iter: 311  Omega:  1.098393726701963e+02  |grad|_K:  6.474e-03  alpha:  1.000e+00  linmin: -1.381e-01  t[s]:    167.83
WannierMinimize: Iter: 312  Omega:  1.098391816237561e+02  |grad|_K:  8.689e-03  alpha:  1.000e+00  linmin: -1.641e-01  t[s]:    171.90
WannierMinimize: Iter: 313  Omega:  1.098389924339832e+02  |grad|_K:  1.626e-02  alpha:  1.000e+00  linmin:  2.898e-02  t[s]:    172.35
WannierMinimize: Iter: 314  Omega:  1.098387459828912e+02  |grad|_K:  7.183e-03  alpha:  1.000e+00  linmin: -5.265e-02  t[s]:    172.53
WannierMinimize: Iter: 315  Omega:  1.098386112671259e+02  |grad|_K:  6.021e-03  alpha:  1.000e+00  linmin: -7.160e-02  t[s]:    172.70
WannierMinimize: Iter: 316  Omega:  1.098384448332021e+02  |grad|_K:  7.493e-03  alpha:  1.000e+00  linmin: -5.497e-02  t[s]:    172.86
WannierMinimize: Iter: 317  Omega:  1.098383143973210e+02  |grad|_K:  1.301e-02  alpha:  1.000e+00  linmin:  1.810e-02  t[s]:    173.08
WannierMinimize: Iter: 318  Omega:  1.098381445938137e+02  |grad|_K:  6.372e-03  alpha:  1.000e+00  linmin: -2.017e-01  t[s]:    173.27
WannierMinimize: Iter: 319  Omega:  1.098380191330085e+02  |grad|_K:  5.583e-03  alpha:  1.000e+00  linmin: -1.556e-01  t[s]:    173.44
WannierMinimize: Iter: 320  Omega:  1.098379022763630e+02  |grad|_K:  6.574e-03  alpha:  1.000e+00  linmin: -1.391e-01  t[s]:    173.62
WannierMinimize: Iter: 321  Omega:  1.098378093553466e+02  |grad|_K:  1.297e-02  alpha:  1.000e+00  linmin:  4.321e-02  t[s]:    174.04
WannierMinimize: Iter: 322  Omega:  1.098376673266622e+02  |grad|_K:  5.449e-03  alpha:  1.000e+00  linmin: -1.106e-01  t[s]:    174.21
WannierMinimize: Iter: 323  Omega:  1.098375852428540e+02  |grad|_K:  4.929e-03  alpha:  1.000e+00  linmin: -8.457e-02  t[s]:    175.14
WannierMinimize: Iter: 324  Omega:  1.098374906114949e+02  |grad|_K:  5.623e-03  alpha:  1.000e+00  linmin: -7.192e-02  t[s]:    175.47
WannierMinimize: Iter: 325  Omega:  1.098373839816919e+02  |grad|_K:  1.040e-02  alpha:  1.000e+00  linmin:  2.711e-03  t[s]:    175.65
WannierMinimize: Iter: 326  Omega:  1.098372666479105e+02  |grad|_K:  4.897e-03  alpha:  1.000e+00  linmin: -4.389e-02  t[s]:    175.95
WannierMinimize: Iter: 327  Omega:  1.098372007325729e+02  |grad|_K:  4.051e-03  alpha:  1.000e+00  linmin: -2.377e-01  t[s]:    176.13
WannierMinimize: Iter: 328  Omega:  1.098371067770583e+02  |grad|_K:  6.151e-03  alpha:  1.000e+00  linmin: -6.042e-02  t[s]:    176.30
WannierMinimize: Iter: 329  Omega:  1.098370494127846e+02  |grad|_K:  8.806e-03  alpha:  1.000e+00  linmin:  4.511e-02  t[s]:    176.48
WannierMinimize: Iter: 330  Omega:  1.098369793923247e+02  |grad|_K:  4.620e-03  alpha:  1.000e+00  linmin: -1.971e-01  t[s]:    176.67
WannierMinimize: Iter: 331  Omega:  1.098369053947389e+02  |grad|_K:  4.108e-03  alpha:  1.000e+00  linmin: -5.644e-02  t[s]:    176.84
WannierMinimize: Iter: 332  Omega:  1.098368558064544e+02  |grad|_K:  4.679e-03  alpha:  1.000e+00  linmin: -8.957e-02  t[s]:    177.66
WannierMinimize: Iter: 333  Omega:  1.098367955203386e+02  |grad|_K:  1.268e-02  alpha:  1.000e+00  linmin:  3.216e-02  t[s]:    178.11
WannierMinimize: Iter: 334  Omega:  1.098366849313202e+02  |grad|_K:  4.115e-03  alpha:  1.000e+00  linmin: -7.648e-02  t[s]:    178.27
WannierMinimize: Iter: 335  Omega:  1.098366479827589e+02  |grad|_K:  3.320e-03  alpha:  1.000e+00  linmin: -2.577e-01  t[s]:    178.63
WannierMinimize: Iter: 336  Omega:  1.098365858739426e+02  |grad|_K:  4.219e-03  alpha:  1.000e+00  linmin: -1.435e-01  t[s]:    178.82
WannierMinimize: Iter: 337  Omega:  1.098365356358484e+02  |grad|_K:  8.617e-03  alpha:  1.000e+00  linmin:  1.653e-02  t[s]:    179.01
WannierMinimize: Iter: 338  Omega:  1.098364669553886e+02  |grad|_K:  4.462e-03  alpha:  1.000e+00  linmin: -1.058e-01  t[s]:    179.18
WannierMinimize: Iter: 339  Omega:  1.098364114728394e+02  |grad|_K:  3.339e-03  alpha:  1.000e+00  linmin: -7.494e-02  t[s]:    179.44
WannierMinimize: Iter: 340  Omega:  1.098363666937751e+02  |grad|_K:  4.060e-03  alpha:  1.000e+00  linmin: -6.496e-02  t[s]:    179.63
WannierMinimize: Iter: 341  Omega:  1.098363218725108e+02  |grad|_K:  8.463e-03  alpha:  1.000e+00  linmin:  1.977e-02  t[s]:    179.80
WannierMinimize: Iter: 342  Omega:  1.098362581762541e+02  |grad|_K:  4.009e-03  alpha:  1.000e+00  linmin: -1.335e-01  t[s]:    180.92
WannierMinimize: Iter: 343  Omega:  1.098362157979209e+02  |grad|_K:  3.361e-03  alpha:  1.000e+00  linmin: -2.186e-01  t[s]:    181.48
WannierMinimize: Iter: 344  Omega:  1.098361728747424e+02  |grad|_K:  3.808e-03  alpha:  1.000e+00  linmin: -1.299e-01  t[s]:    181.65
WannierMinimize: Iter: 345  Omega:  1.098361235454608e+02  |grad|_K:  7.365e-03  alpha:  1.000e+00  linmin:  3.532e-03  t[s]:    181.81
WannierMinimize: Iter: 346  Omega:  1.098360650280203e+02  |grad|_K:  3.847e-03  alpha:  1.000e+00  linmin: -5.418e-02  t[s]:    181.99
WannierMinimize: Iter: 347  Omega:  1.098360262273895e+02  |grad|_K:  3.039e-03  alpha:  1.000e+00  linmin: -1.149e-01  t[s]:    182.17
WannierMinimize: Iter: 348  Omega:  1.098359811753455e+02  |grad|_K:  4.157e-03  alpha:  1.000e+00  linmin: -4.036e-02  t[s]:    182.35
WannierMinimize: Iter: 349  Omega:  1.098359500647624e+02  |grad|_K:  6.709e-03  alpha:  1.000e+00  linmin:  2.523e-02  t[s]:    183.67
WannierMinimize: Iter: 350  Omega:  1.098359103029288e+02  |grad|_K:  3.669e-03  alpha:  1.000e+00  linmin: -2.944e-01  t[s]:    183.85
WannierMinimize: Iter: 351  Omega:  1.098358674893542e+02  |grad|_K:  3.012e-03  alpha:  1.000e+00  linmin: -1.026e-01  t[s]:    184.52
WannierMinimize: Iter: 352  Omega:  1.098358405396184e+02  |grad|_K:  3.316e-03  alpha:  1.000e+00  linmin: -1.128e-01  t[s]:    184.69
WannierMinimize: Iter: 353  Omega:  1.098358075290199e+02  |grad|_K:  8.861e-03  alpha:  1.000e+00  linmin:  2.973e-02  t[s]:    184.86
WannierMinimize: Iter: 354  Omega:  1.098357526892188e+02  |grad|_K:  2.928e-03  alpha:  1.000e+00  linmin: -5.608e-02  t[s]:    186.01
WannierMinimize: Iter: 355  Omega:  1.098357340245637e+02  |grad|_K:  2.373e-03  alpha:  1.000e+00  linmin: -3.682e-01  t[s]:    186.19
WannierMinimize: Iter: 356  Omega:  1.098357029278660e+02  |grad|_K:  2.913e-03  alpha:  1.000e+00  linmin: -1.025e-01  t[s]:    188.21
WannierMinimize: Iter: 357  Omega:  1.098356844319623e+02  |grad|_K:  6.747e-03  alpha:  1.000e+00  linmin:  3.214e-02  t[s]:    188.39
WannierMinimize: Iter: 358  Omega:  1.098356518941502e+02  |grad|_K:  3.050e-03  alpha:  1.000e+00  linmin: -1.615e-01  t[s]:    188.55
WannierMinimize: Iter: 359  Omega:  1.098356304477719e+02  |grad|_K:  2.148e-03  alpha:  1.000e+00  linmin: -1.130e-01  t[s]:    188.72
WannierMinimize: Iter: 360  Omega:  1.098356137390778e+02  |grad|_K:  2.463e-03  alpha:  1.000e+00  linmin: -9.099e-02  t[s]:    188.90
WannierMinimize: Iter: 361  Omega:  1.098355842567176e+02  |grad|_K:  3.196e-03  alpha:  1.000e+00  linmin: -5.796e-02  t[s]:    189.08
WannierMinimize: Iter: 362  Omega:  1.098355833599710e+02  |grad|_K:  6.991e-03  alpha:  1.000e+00  linmin:  6.533e-02  t[s]:    189.24
WannierMinimize: Iter: 363  Omega:  1.098355486145030e+02  |grad|_K:  1.846e-03  alpha:  1.000e+00  linmin: -1.265e-01  t[s]:    189.63
WannierMinimize: Iter: 364  Omega:  1.098355410875153e+02  |grad|_K:  1.638e-03  alpha:  1.000e+00  linmin: -2.896e-01  t[s]:    189.82
WannierMinimize: Iter: 365  Omega:  1.098355260922818e+02  |grad|_K:  2.081e-03  alpha:  1.000e+00  linmin: -1.868e-01  t[s]:    190.00
WannierMinimize: Iter: 366  Omega:  1.098355124434879e+02  |grad|_K:  4.107e-03  alpha:  1.000e+00  linmin:  1.489e-02  t[s]:    190.17
WannierMinimize: Iter: 367  Omega:  1.098354959777857e+02  |grad|_K:  1.908e-03  alpha:  1.000e+00  linmin: -5.644e-02  t[s]:    190.35
WannierMinimize: Iter: 368  Omega:  1.098354866974541e+02  |grad|_K:  1.477e-03  alpha:  1.000e+00  linmin: -1.090e-01  t[s]:    190.55
WannierMinimize: Iter: 369  Omega:  1.098354760851828e+02  |grad|_K:  1.959e-03  alpha:  1.000e+00  linmin: -5.423e-02  t[s]:    191.29
WannierMinimize: Iter: 370  Omega:  1.098354683133756e+02  |grad|_K:  3.165e-03  alpha:  1.000e+00  linmin:  2.265e-02  t[s]:    191.47
WannierMinimize: Iter: 371  Omega:  1.098354587315097e+02  |grad|_K:  1.691e-03  alpha:  1.000e+00  linmin: -2.940e-01  t[s]:    191.66
WannierMinimize: Iter: 372  Omega:  1.098354497235927e+02  |grad|_K:  1.372e-03  alpha:  1.000e+00  linmin: -1.590e-01  t[s]:    193.60
WannierMinimize: Iter: 373  Omega:  1.098354437874619e+02  |grad|_K:  1.535e-03  alpha:  1.000e+00  linmin: -1.526e-01  t[s]:    193.80
WannierMinimize: Iter: 374  Omega:  1.098354378602944e+02  |grad|_K:  3.592e-03  alpha:  1.000e+00  linmin:  4.386e-02  t[s]:    193.97
WannierMinimize: Iter: 375  Omega:  1.098354280275769e+02  |grad|_K:  1.300e-03  alpha:  1.000e+00  linmin: -1.160e-01  t[s]:    194.73
WannierMinimize: Iter: 376  Omega:  1.098354241155669e+02  |grad|_K:  1.132e-03  alpha:  1.000e+00  linmin: -1.827e-01  t[s]:    194.92
WannierMinimize: Iter: 377  Omega:  1.098354180835728e+02  |grad|_K:  1.305e-03  alpha:  1.000e+00  linmin: -9.765e-02  t[s]:    195.46
WannierMinimize: Iter: 378  Omega:  1.098354153496237e+02  |grad|_K:  3.420e-03  alpha:  1.000e+00  linmin:  5.374e-02  t[s]:    195.64
WannierMinimize: Iter: 379  Omega:  1.098354080796916e+02  |grad|_K:  1.290e-03  alpha:  1.000e+00  linmin: -2.684e-01  t[s]:    195.81
WannierMinimize: Iter: 380  Omega:  1.098354045469608e+02  |grad|_K:  9.067e-04  alpha:  1.000e+00  linmin: -2.298e-01  t[s]:    196.00
WannierMinimize: Iter: 381  Omega:  1.098354011249597e+02  |grad|_K:  1.100e-03  alpha:  1.000e+00  linmin: -1.268e-01  t[s]:    197.26
WannierMinimize: Iter: 382  Omega:  1.098353954800613e+02  |grad|_K:  1.262e-03  alpha:  1.000e+00  linmin: -1.068e-01  t[s]:    197.44
WannierMinimize: 	Wolfe criterion not satisfied: alpha: 1  (E-E0)/|gdotd0|: 0.393297  gdotd/gdotd0: -1.78659 (taking cubic step)
WannierMinimize: Iter: 383  Omega:  1.098353926890626e+02  |grad|_K:  1.700e-03  alpha:  3.589e-01  linmin:  8.600e-09  t[s]:    199.06
WannierMinimize: Iter: 384  Omega:  1.098353884894347e+02  |grad|_K:  8.595e-04  alpha:  1.000e+00  linmin: -9.319e-02  t[s]:    199.27
WannierMinimize: Iter: 385  Omega:  1.098353858474845e+02  |grad|_K:  8.054e-04  alpha:  1.000e+00  linmin: -1.832e-01  t[s]:    199.44
WannierMinimize: Iter: 386  Omega:  1.098353823625343e+02  |grad|_K:  1.533e-03  alpha:  1.000e+00  linmin: -1.033e-02  t[s]:    199.61
WannierMinimize: Iter: 387  Omega:  1.098353796418188e+02  |grad|_K:  1.189e-03  alpha:  1.000e+00  linmin:  4.658e-03  t[s]:    199.78
WannierMinimize: Iter: 388  Omega:  1.098353777372682e+02  |grad|_K:  7.824e-04  alpha:  1.000e+00  linmin: -4.265e-01  t[s]:    199.98
WannierMinimize: Iter: 389  Omega:  1.098353749171803e+02  |grad|_K:  8.524e-04  alpha:  1.000e+00  linmin: -8.754e-02  t[s]:    200.54
WannierMinimize: Iter: 390  Omega:  1.098353731396802e+02  |grad|_K:  1.219e-03  alpha:  1.000e+00  linmin: -3.666e-02  t[s]:    200.89
WannierMinimize: Iter: 391  Omega:  1.098353708253584e+02  |grad|_K:  9.595e-04  alpha:  1.000e+00  linmin: -1.003e-01  t[s]:    203.16
WannierMinimize: Iter: 392  Omega:  1.098353681329135e+02  |grad|_K:  1.328e-03  alpha:  1.000e+00  linmin:  2.808e-03  t[s]:    203.46
WannierMinimize: Iter: 393  Omega:  1.098353661061789e+02  |grad|_K:  8.575e-04  alpha:  1.000e+00  linmin: -2.117e-03  t[s]:    203.64
WannierMinimize: Iter: 394  Omega:  1.098353649224682e+02  |grad|_K:  7.204e-04  alpha:  1.000e+00  linmin: -4.559e-01  t[s]:    203.85
WannierMinimize: Iter: 395  Omega:  1.098353625984669e+02  |grad|_K:  1.369e-03  alpha:  1.000e+00  linmin:  4.361e-02  t[s]:    204.04
WannierMinimize: Iter: 396  Omega:  1.098353609284562e+02  |grad|_K:  1.022e-03  alpha:  1.000e+00  linmin:  5.853e-02  t[s]:    204.35
WannierMinimize: Iter: 397  Omega:  1.098353598647155e+02  |grad|_K:  6.359e-04  alpha:  1.000e+00  linmin: -2.290e-01  t[s]:    204.52
WannierMinimize: Iter: 398  Omega:  1.098353581322827e+02  |grad|_K:  5.085e-04  alpha:  1.000e+00  linmin: -1.074e-01  t[s]:    205.58
WannierMinimize: Iter: 399  Omega:  1.098353567449747e+02  |grad|_K:  7.121e-04  alpha:  1.000e+00  linmin: -6.568e-02  t[s]:    205.75
WannierMinimize: Iter: 400  Omega:  1.098353555633660e+02  |grad|_K:  1.357e-03  alpha:  1.000e+00  linmin:  3.975e-02  t[s]:    205.93
WannierMinimize: Iter: 401  Omega:  1.098353538988115e+02  |grad|_K:  5.740e-04  alpha:  1.000e+00  linmin: -2.730e-01  t[s]:    206.10
WannierMinimize: Iter: 402  Omega:  1.098353530166893e+02  |grad|_K:  5.082e-04  alpha:  1.000e+00  linmin: -3.185e-01  t[s]:    206.28
WannierMinimize: Iter: 403  Omega:  1.098353519185808e+02  |grad|_K:  6.271e-04  alpha:  1.000e+00  linmin: -1.369e-01  t[s]:    206.45
WannierMinimize: Iter: 404  Omega:  1.098353513884404e+02  |grad|_K:  1.635e-03  alpha:  1.000e+00  linmin:  5.704e-02  t[s]:    207.38
WannierMinimize: Iter: 405  Omega:  1.098353497509929e+02  |grad|_K:  5.936e-04  alpha:  1.000e+00  linmin: -2.697e-01  t[s]:    207.55
WannierMinimize: Iter: 406  Omega:  1.098353490161435e+02  |grad|_K:  4.214e-04  alpha:  1.000e+00  linmin: -1.514e-01  t[s]:    207.73
WannierMinimize: Iter: 407  Omega:  1.098353482599433e+02  |grad|_K:  5.176e-04  alpha:  1.000e+00  linmin: -8.233e-02  t[s]:    207.90
WannierMinimize: Iter: 408  Omega:  1.098353470545372e+02  |grad|_K:  5.893e-04  alpha:  1.000e+00  linmin: -8.710e-02  t[s]:    208.07
WannierMinimize: 	Wolfe criterion not satisfied: alpha: 1  (E-E0)/|gdotd0|: 0.258482  gdotd/gdotd0: -1.51696 (taking cubic step)
WannierMinimize: Iter: 409  Omega:  1.098353463536901e+02  |grad|_K:  8.636e-04  alpha:  3.973e-01  linmin:  1.652e-08  t[s]:    208.90
WannierMinimize: Iter: 410  Omega:  1.098353453155748e+02  |grad|_K:  4.244e-04  alpha:  1.000e+00  linmin: -8.951e-02  t[s]:    209.07
WannierMinimize: Iter: 411  Omega:  1.098353446667982e+02  |grad|_K:  3.960e-04  alpha:  1.000e+00  linmin: -1.954e-01  t[s]:    209.25
WannierMinimize: Iter: 412  Omega:  1.098353438127649e+02  |grad|_K:  6.977e-04  alpha:  1.000e+00  linmin: -2.946e-02  t[s]:    209.43
WannierMinimize: Iter: 413  Omega:  1.098353431241850e+02  |grad|_K:  6.328e-04  alpha:  1.000e+00  linmin:  3.522e-03  t[s]:    209.62
WannierMinimize: Iter: 414  Omega:  1.098353425654008e+02  |grad|_K:  4.057e-04  alpha:  1.000e+00  linmin: -2.983e-01  t[s]:    209.79
WannierMinimize: Iter: 415  Omega:  1.098353418356154e+02  |grad|_K:  4.271e-04  alpha:  1.000e+00  linmin: -5.643e-02  t[s]:    211.22
WannierMinimize: Iter: 416  Omega:  1.098353414212319e+02  |grad|_K:  6.000e-04  alpha:  1.000e+00  linmin: -2.511e-02  t[s]:    211.40
WannierMinimize: Iter: 417  Omega:  1.098353409097399e+02  |grad|_K:  4.709e-04  alpha:  1.000e+00  linmin: -1.154e-01  t[s]:    211.57
WannierMinimize: Iter: 418  Omega:  1.098353402447698e+02  |grad|_K:  6.610e-04  alpha:  1.000e+00  linmin:  1.495e-02  t[s]:    212.12
WannierMinimize: Iter: 419  Omega:  1.098353397877747e+02  |grad|_K:  4.539e-04  alpha:  1.000e+00  linmin:  1.885e-02  t[s]:    212.29
WannierMinimize: Iter: 420  Omega:  1.098353395219101e+02  |grad|_K:  3.441e-04  alpha:  1.000e+00  linmin: -4.258e-01  t[s]:    213.54
WannierMinimize: Iter: 421  Omega:  1.098353389212709e+02  |grad|_K:  3.844e-04  alpha:  1.000e+00  linmin: -2.278e-02  t[s]:    213.72
WannierMinimize: Iter: 422  Omega:  1.098353386755341e+02  |grad|_K:  6.050e-04  alpha:  1.000e+00  linmin:  3.899e-02  t[s]:    214.95
WannierMinimize: Iter: 423  Omega:  1.098353384051779e+02  |grad|_K:  3.518e-04  alpha:  1.000e+00  linmin: -1.753e-01  t[s]:    216.85
WannierMinimize: Iter: 424  Omega:  1.098353380147375e+02  |grad|_K:  2.574e-04  alpha:  1.000e+00  linmin: -7.172e-02  t[s]:    217.03
WannierMinimize: Iter: 425  Omega:  1.098353377907372e+02  |grad|_K:  2.804e-04  alpha:  1.000e+00  linmin: -1.024e-01  t[s]:    217.21
WannierMinimize: Iter: 426  Omega:  1.098353374795604e+02  |grad|_K:  7.090e-04  alpha:  1.000e+00  linmin:  2.240e-02  t[s]:    217.38
WannierMinimize: Iter: 427  Omega:  1.098353370665259e+02  |grad|_K:  2.508e-04  alpha:  1.000e+00  linmin: -4.490e-02  t[s]:    217.56
WannierMinimize: Iter: 428  Omega:  1.098353369101328e+02  |grad|_K:  2.068e-04  alpha:  1.000e+00  linmin: -2.663e-01  t[s]:    217.73
WannierMinimize: Iter: 429  Omega:  1.098353366642876e+02  |grad|_K:  2.780e-04  alpha:  1.000e+00  linmin: -1.293e-01  t[s]:    217.90
WannierMinimize: Iter: 430  Omega:  1.098353365686357e+02  |grad|_K:  6.196e-04  alpha:  1.000e+00  linmin:  7.884e-02  t[s]:    218.07
WannierMinimize: Iter: 431  Omega:  1.098353363137885e+02  |grad|_K:  2.390e-04  alpha:  1.000e+00  linmin: -3.107e-01  t[s]:    218.25
WannierMinimize: Iter: 432  Omega:  1.098353361690048e+02  |grad|_K:  1.831e-04  alpha:  1.000e+00  linmin: -1.084e-01  t[s]:    220.11
WannierMinimize: Iter: 433  Omega:  1.098353360409541e+02  |grad|_K:  2.211e-04  alpha:  1.000e+00  linmin: -7.848e-02  t[s]:    220.28
WannierMinimize: Iter: 434  Omega:  1.098353357910833e+02  |grad|_K:  2.554e-04  alpha:  1.000e+00  linmin: -8.497e-02  t[s]:    220.46
WannierMinimize: 	Wolfe criterion not satisfied: alpha: 1  (E-E0)/|gdotd0|: 0.37383  gdotd/gdotd0: -1.74766 (taking cubic step)
WannierMinimize: Iter: 435  Omega:  1.098353356669518e+02  |grad|_K:  3.663e-04  alpha:  3.639e-01  linmin:  1.265e-07  t[s]:    220.77
WannierMinimize: Iter: 436  Omega:  1.098353354761897e+02  |grad|_K:  1.842e-04  alpha:  1.000e+00  linmin: -9.083e-02  t[s]:    221.99
WannierMinimize: Iter: 437  Omega:  1.098353353573301e+02  |grad|_K:  1.663e-04  alpha:  1.000e+00  linmin: -1.939e-01  t[s]:    222.16
WannierMinimize: Iter: 438  Omega:  1.098353351972570e+02  |grad|_K:  2.771e-04  alpha:  1.000e+00  linmin: -3.466e-02  t[s]:    224.38
WannierMinimize: Iter: 439  Omega:  1.098353350821885e+02  |grad|_K:  3.148e-04  alpha:  1.000e+00  linmin:  2.846e-02  t[s]:    224.57
WannierMinimize: Iter: 440  Omega:  1.098353349766563e+02  |grad|_K:  1.809e-04  alpha:  1.000e+00  linmin: -3.477e-01  t[s]:    226.48
WannierMinimize: Iter: 441  Omega:  1.098353348572223e+02  |grad|_K:  1.666e-04  alpha:  1.000e+00  linmin: -8.116e-02  t[s]:    227.85
WannierMinimize: Iter: 442  Omega:  1.098353347771461e+02  |grad|_K:  1.973e-04  alpha:  1.000e+00  linmin: -9.876e-02  t[s]:    228.02
WannierMinimize: Iter: 443  Omega:  1.098353346424162e+02  |grad|_K:  2.973e-04  alpha:  1.000e+00  linmin:  1.706e-02  t[s]:    229.46
WannierMinimize: Iter: 444  Omega:  1.098353345374361e+02  |grad|_K:  2.092e-04  alpha:  1.000e+00  linmin: -1.554e-02  t[s]:    229.66
WannierMinimize: Iter: 445  Omega:  1.098353344756201e+02  |grad|_K:  1.544e-04  alpha:  1.000e+00  linmin: -3.412e-01  t[s]:    229.83
WannierMinimize: Iter: 446  Omega:  1.098353343867084e+02  |grad|_K:  1.533e-04  alpha:  1.000e+00  linmin: -1.656e-01  t[s]:    230.00
WannierMinimize: Iter: 447  Omega:  1.098353343033530e+02  |grad|_K:  2.151e-04  alpha:  1.000e+00  linmin: -4.890e-02  t[s]:    230.23
WannierMinimize: Iter: 448  Omega:  1.098353342155695e+02  |grad|_K:  1.840e-04  alpha:  1.000e+00  linmin: -1.458e-02  t[s]:    230.40
WannierMinimize: Iter: 449  Omega:  1.098353341505653e+02  |grad|_K:  1.318e-04  alpha:  1.000e+00  linmin: -9.737e-02  t[s]:    231.06
WannierMinimize: Iter: 450  Omega:  1.098353340926132e+02  |grad|_K:  1.405e-04  alpha:  1.000e+00  linmin: -9.122e-02  t[s]:    231.25
WannierMinimize: Iter: 451  Omega:  1.098353340338117e+02  |grad|_K:  1.783e-04  alpha:  1.000e+00  linmin: -3.719e-02  t[s]:    231.42
WannierMinimize: Iter: 452  Omega:  1.098353339702486e+02  |grad|_K:  1.401e-04  alpha:  1.000e+00  linmin: -7.058e-02  t[s]:    231.64
WannierMinimize: Iter: 453  Omega:  1.098353339208386e+02  |grad|_K:  1.178e-04  alpha:  1.000e+00  linmin: -1.153e-01  t[s]:    232.59
WannierMinimize: Iter: 454  Omega:  1.098353338758720e+02  |grad|_K:  1.579e-04  alpha:  1.000e+00  linmin: -9.855e-03  t[s]:    235.09
WannierMinimize: Iter: 455  Omega:  1.098353338377420e+02  |grad|_K:  1.183e-04  alpha:  1.000e+00  linmin: -1.666e-01  t[s]:    235.31
WannierMinimize: Iter: 456  Omega:  1.098353337875043e+02  |grad|_K:  1.084e-04  alpha:  1.000e+00  linmin: -8.033e-02  t[s]:    235.49
WannierMinimize: Iter: 457  Omega:  1.098353337555936e+02  |grad|_K:  1.560e-04  alpha:  1.000e+00  linmin: -5.732e-03  t[s]:    235.66
WannierMinimize: Iter: 458  Omega:  1.098353337207090e+02  |grad|_K:  9.979e-05  alpha:  1.000e+00  linmin: -1.280e-01  t[s]:    235.85
WannierMinimize: Iter: 459  Omega:  1.098353336848632e+02  |grad|_K:  9.731e-05  alpha:  1.000e+00  linmin: -1.156e-01  t[s]:    236.93
WannierMinimize: Iter: 460  Omega:  1.098353336566091e+02  |grad|_K:  1.303e-04  alpha:  1.000e+00  linmin: -3.013e-02  t[s]:    237.26
WannierMinimize: Iter: 461  Omega:  1.098353336281215e+02  |grad|_K:  9.312e-05  alpha:  1.000e+00  linmin: -9.366e-02  t[s]:    237.62
WannierMinimize: Iter: 462  Omega:  1.098353336021979e+02  |grad|_K:  8.319e-05  alpha:  1.000e+00  linmin: -1.272e-01  t[s]:    237.80
WannierMinimize: Iter: 463  Omega:  1.098353335777731e+02  |grad|_K:  1.080e-04  alpha:  1.000e+00  linmin: -1.922e-02  t[s]:    237.97
WannierMinimize: Iter: 464  Omega:  1.098353335567083e+02  |grad|_K:  8.623e-05  alpha:  1.000e+00  linmin: -1.091e-01  t[s]:    239.35
WannierMinimize: Iter: 465  Omega:  1.098353335342344e+02  |grad|_K:  7.756e-05  alpha:  1.000e+00  linmin: -1.075e-01  t[s]:    241.77
WannierMinimize: Iter: 466  Omega:  1.098353335136841e+02  |grad|_K:  1.124e-04  alpha:  1.000e+00  linmin: -1.682e-02  t[s]:    241.98
WannierMinimize: Iter: 467  Omega:  1.098353334941901e+02  |grad|_K:  8.086e-05  alpha:  1.000e+00  linmin: -7.161e-02  t[s]:    242.15
WannierMinimize: Iter: 468  Omega:  1.098353334777199e+02  |grad|_K:  7.019e-05  alpha:  1.000e+00  linmin: -1.494e-01  t[s]:    242.33
WannierMinimize: Iter: 469  Omega:  1.098353334591892e+02  |grad|_K:  8.859e-05  alpha:  1.000e+00  linmin: -3.990e-02  t[s]:    242.50
WannierMinimize: Iter: 470  Omega:  1.098353334442508e+02  |grad|_K:  1.023e-04  alpha:  1.000e+00  linmin:  9.465e-04  t[s]:    242.67
WannierMinimize: Iter: 471  Omega:  1.098353334305010e+02  |grad|_K:  6.678e-05  alpha:  1.000e+00  linmin: -2.205e-01  t[s]:    244.32
WannierMinimize: Iter: 472  Omega:  1.098353334140157e+02  |grad|_K:  6.251e-05  alpha:  1.000e+00  linmin: -8.341e-02  t[s]:    244.52
WannierMinimize: Iter: 473  Omega:  1.098353334026632e+02  |grad|_K:  7.964e-05  alpha:  1.000e+00  linmin: -6.743e-02  t[s]:    246.14
WannierMinimize: Iter: 474  Omega:  1.098353333859615e+02  |grad|_K:  6.506e-05  alpha:  1.000e+00  linmin: -6.691e-02  t[s]:    246.31
WannierMinimize: Iter: 475  Omega:  1.098353333726869e+02  |grad|_K:  9.738e-05  alpha:  1.000e+00  linmin:  9.870e-04  t[s]:    246.48
WannierMinimize: Iter: 476  Omega:  1.098353333597505e+02  |grad|_K:  5.793e-05  alpha:  1.000e+00  linmin: -1.146e-01  t[s]:    249.31
WannierMinimize: Iter: 477  Omega:  1.098353333502510e+02  |grad|_K:  5.283e-05  alpha:  1.000e+00  linmin: -2.171e-01  t[s]:    249.50
WannierMinimize: Iter: 478  Omega:  1.098353333391492e+02  |grad|_K:  7.407e-05  alpha:  1.000e+00  linmin: -4.081e-02  t[s]:    251.71
WannierMinimize: Iter: 479  Omega:  1.098353333293379e+02  |grad|_K:  7.454e-05  alpha:  1.000e+00  linmin:  6.800e-03  t[s]:    251.87
WannierMinimize: Iter: 480  Omega:  1.098353333212874e+02  |grad|_K:  4.912e-05  alpha:  1.000e+00  linmin: -1.772e-01  t[s]:    252.04
WannierMinimize: Iter: 481  Omega:  1.098353333116475e+02  |grad|_K:  4.747e-05  alpha:  1.000e+00  linmin: -7.329e-02  t[s]:    252.21
WannierMinimize: Iter: 482  Omega:  1.098353333042005e+02  |grad|_K:  6.280e-05  alpha:  1.000e+00  linmin: -6.659e-02  t[s]:    253.14
WannierMinimize: Iter: 483  Omega:  1.098353332942475e+02  |grad|_K:  5.130e-05  alpha:  1.000e+00  linmin: -5.545e-02  t[s]:    253.56
WannierMinimize: Iter: 484  Omega:  1.098353332876562e+02  |grad|_K:  6.937e-05  alpha:  1.000e+00  linmin:  1.470e-02  t[s]:    253.74
WannierMinimize: Iter: 485  Omega:  1.098353332815220e+02  |grad|_K:  4.312e-05  alpha:  1.000e+00  linmin: -2.631e-01  t[s]:    254.14
WannierMinimize: Iter: 486  Omega:  1.098353332753217e+02  |grad|_K:  3.973e-05  alpha:  1.000e+00  linmin: -1.706e-01  t[s]:    254.32
WannierMinimize: Iter: 487  Omega:  1.098353332695622e+02  |grad|_K:  5.483e-05  alpha:  1.000e+00  linmin: -4.815e-02  t[s]:    254.49
WannierMinimize: Iter: 488  Omega:  1.098353332638356e+02  |grad|_K:  5.055e-05  alpha:  1.000e+00  linmin: -1.065e-03  t[s]:    254.67
WannierMinimize: Iter: 489  Omega:  1.098353332595036e+02  |grad|_K:  3.468e-05  alpha:  1.000e+00  linmin: -1.443e-01  t[s]:    254.99
WannierMinimize: Iter: 490  Omega:  1.098353332548329e+02  |grad|_K:  3.630e-05  alpha:  1.000e+00  linmin: -8.436e-02  t[s]:    257.47
WannierMinimize: Iter: 491  Omega:  1.098353332509890e+02  |grad|_K:  4.929e-05  alpha:  1.000e+00  linmin: -4.440e-02  t[s]:    257.65
WannierMinimize: Iter: 492  Omega:  1.098353332464027e+02  |grad|_K:  3.462e-05  alpha:  1.000e+00  linmin: -7.867e-02  t[s]:    257.87
WannierMinimize: Iter: 493  Omega:  1.098353332426777e+02  |grad|_K:  3.540e-05  alpha:  1.000e+00  linmin: -6.598e-02  t[s]:    258.06
WannierMinimize: Iter: 494  Omega:  1.098353332394610e+02  |grad|_K:  3.503e-05  alpha:  1.000e+00  linmin: -7.368e-02  t[s]:    258.24
WannierMinimize: Iter: 495  Omega:  1.098353332362026e+02  |grad|_K:  3.344e-05  alpha:  1.000e+00  linmin: -9.661e-02  t[s]:    258.41
WannierMinimize: Iter: 496  Omega:  1.098353332325600e+02  |grad|_K:  3.859e-05  alpha:  1.000e+00  linmin: -1.386e-02  t[s]:    258.59
WannierMinimize: Iter: 497  Omega:  1.098353332297298e+02  |grad|_K:  3.481e-05  alpha:  1.000e+00  linmin: -2.601e-02  t[s]:    258.76
WannierMinimize: Iter: 498  Omega:  1.098353332274029e+02  |grad|_K:  2.865e-05  alpha:  1.000e+00  linmin: -1.661e-01  t[s]:    258.93
WannierMinimize: Iter: 499  Omega:  1.098353332241436e+02  |grad|_K:  3.123e-05  alpha:  1.000e+00  linmin: -4.676e-02  t[s]:    260.67
WannierMinimize: Iter: 500  Omega:  1.098353332223290e+02  |grad|_K:  5.261e-05  alpha:  1.000e+00  linmin:  4.333e-02  t[s]:    260.84
WannierMinimize: Iter: 501  Omega:  1.098353332200279e+02  |grad|_K:  2.632e-05  alpha:  1.000e+00  linmin: -4.339e-01  t[s]:    261.01
WannierMinimize: Iter: 502  Omega:  1.098353332179370e+02  |grad|_K:  2.215e-05  alpha:  1.000e+00  linmin: -1.400e-01  t[s]:    261.19
WannierMinimize: Iter: 503  Omega:  1.098353332161931e+02  |grad|_K:  2.556e-05  alpha:  1.000e+00  linmin: -1.136e-01  t[s]:    261.38
WannierMinimize: Iter: 504  Omega:  1.098353332138259e+02  |grad|_K:  5.738e-05  alpha:  1.000e+00  linmin:  1.562e-02  t[s]:    264.03
WannierMinimize: Iter: 505  Omega:  1.098353332110296e+02  |grad|_K:  2.357e-05  alpha:  1.000e+00  linmin: -3.187e-02  t[s]:    266.88
WannierMinimize: Iter: 506  Omega:  1.098353332097382e+02  |grad|_K:  1.817e-05  alpha:  1.000e+00  linmin: -4.113e-01  t[s]:    267.06
WannierMinimize: Iter: 507  Omega:  1.098353332078368e+02  |grad|_K:  2.463e-05  alpha:  1.000e+00  linmin: -9.300e-02  t[s]:    267.23
WannierMinimize: Iter: 508  Omega:  1.098353332067372e+02  |grad|_K:  4.740e-05  alpha:  1.000e+00  linmin:  3.536e-02  t[s]:    267.40
WannierMinimize: Iter: 509  Omega:  1.098353332050655e+02  |grad|_K:  2.485e-05  alpha:  1.000e+00  linmin: -2.303e-01  t[s]:    267.56
WannierMinimize: Iter: 510  Omega:  1.098353332034128e+02  |grad|_K:  1.796e-05  alpha:  1.000e+00  linmin: -8.859e-02  t[s]:    267.73
WannierMinimize: Iter: 511  Omega:  1.098353332024209e+02  |grad|_K:  2.051e-05  alpha:  1.000e+00  linmin: -9.776e-02  t[s]:    268.24
WannierMinimize: Iter: 512  Omega:  1.098353332002392e+02  |grad|_K:  3.062e-05  alpha:  1.000e+00  linmin: -3.671e-02  t[s]:    268.42
WannierMinimize: Iter: 513  Omega:  1.098353331996317e+02  |grad|_K:  4.756e-05  alpha:  1.000e+00  linmin:  6.253e-02  t[s]:    268.59
WannierMinimize: Iter: 514  Omega:  1.098353331978002e+02  |grad|_K:  1.551e-05  alpha:  1.000e+00  linmin: -1.360e-01  t[s]:    268.77
WannierMinimize: Iter: 515  Omega:  1.098353331971532e+02  |grad|_K:  1.466e-05  alpha:  1.000e+00  linmin: -2.659e-01  t[s]:    268.95
WannierMinimize: Iter: 516  Omega:  1.098353331960626e+02  |grad|_K:  1.949e-05  alpha:  1.000e+00  linmin: -1.641e-01  t[s]:    269.12
WannierMinimize: Iter: 517  Omega:  1.098353331950638e+02  |grad|_K:  3.922e-05  alpha:  1.000e+00  linmin:  2.682e-02  t[s]:    269.31
WannierMinimize: Iter: 518  Omega:  1.098353331936909e+02  |grad|_K:  1.768e-05  alpha:  1.000e+00  linmin: -6.854e-02  t[s]:    270.10
WannierMinimize: Iter: 519  Omega:  1.098353331928812e+02  |grad|_K:  1.410e-05  alpha:  1.000e+00  linmin: -9.272e-02  t[s]:    270.47
WannierMinimize: Iter: 520  Omega:  1.098353331919696e+02  |grad|_K:  1.742e-05  alpha:  1.000e+00  linmin: -6.640e-02  t[s]:    270.74
WannierMinimize: Iter: 521  Omega:  1.098353331911775e+02  |grad|_K:  3.110e-05  alpha:  1.000e+00  linmin:  1.447e-02  t[s]:    270.97
WannierMinimize: Iter: 522  Omega:  1.098353331901659e+02  |grad|_K:  1.601e-05  alpha:  1.000e+00  linmin: -1.487e-01  t[s]:    271.15
WannierMinimize: Iter: 523  Omega:  1.098353331893834e+02  |grad|_K:  1.335e-05  alpha:  1.000e+00  linmin: -2.035e-01  t[s]:    272.64
WannierMinimize: Iter: 524  Omega:  1.098353331886631e+02  |grad|_K:  1.648e-05  alpha:  1.000e+00  linmin: -1.250e-01  t[s]:    272.83
WannierMinimize: Iter: 525  Omega:  1.098353331880498e+02  |grad|_K:  3.013e-05  alpha:  1.000e+00  linmin:  3.503e-02  t[s]:    273.00
WannierMinimize: Iter: 526  Omega:  1.098353331872262e+02  |grad|_K:  1.426e-05  alpha:  1.000e+00  linmin: -1.355e-01  t[s]:    273.24
WannierMinimize: Iter: 527  Omega:  1.098353331866764e+02  |grad|_K:  1.227e-05  alpha:  1.000e+00  linmin: -9.983e-02  t[s]:    274.07
WannierMinimize: Iter: 528  Omega:  1.098353331861270e+02  |grad|_K:  1.408e-05  alpha:  1.000e+00  linmin: -8.980e-02  t[s]:    274.25
WannierMinimize: Iter: 529  Omega:  1.098353331855961e+02  |grad|_K:  2.965e-05  alpha:  1.000e+00  linmin:  2.623e-02  t[s]:    274.44
WannierMinimize: Iter: 530  Omega:  1.098353331848547e+02  |grad|_K:  1.285e-05  alpha:  1.000e+00  linmin: -1.268e-01  t[s]:    274.63
WannierMinimize: Iter: 531  Omega:  1.098353331844409e+02  |grad|_K:  1.047e-05  alpha:  1.000e+00  linmin: -2.181e-01  t[s]:    274.79
WannierMinimize: Iter: 532  Omega:  1.098353331839782e+02  |grad|_K:  1.212e-05  alpha:  1.000e+00  linmin: -1.350e-01  t[s]:    274.96
WannierMinimize: Iter: 533  Omega:  1.098353331835772e+02  |grad|_K:  2.667e-05  alpha:  1.000e+00  linmin:  2.882e-02  t[s]:    275.14
WannierMinimize: Iter: 534  Omega:  1.098353331829844e+02  |grad|_K:  1.233e-05  alpha:  1.000e+00  linmin: -1.431e-01  t[s]:    275.33
WannierMinimize: Iter: 535  Omega:  1.098353331825914e+02  |grad|_K:  9.449e-06  alpha:  1.000e+00  linmin: -1.243e-01  t[s]:    275.49
WannierMinimize: Iter: 536  Omega:  1.098353331822405e+02  |grad|_K:  1.098e-05  alpha:  1.000e+00  linmin: -9.360e-02  t[s]:    275.65
WannierMinimize: Iter: 537  Omega:  1.098353331818270e+02  |grad|_K:  2.214e-05  alpha:  1.000e+00  linmin:  8.434e-03  t[s]:    275.84
WannierMinimize: Iter: 538  Omega:  1.098353331813254e+02  |grad|_K:  1.096e-05  alpha:  1.000e+00  linmin: -7.027e-02  t[s]:    276.02
WannierMinimize: Iter: 539  Omega:  1.098353331810124e+02  |grad|_K:  8.614e-06  alpha:  1.000e+00  linmin: -2.157e-01  t[s]:    276.19
WannierMinimize: Iter: 540  Omega:  1.098353331806536e+02  |grad|_K:  1.131e-05  alpha:  1.000e+00  linmin: -9.031e-02  t[s]:    280.01
WannierMinimize: Iter: 541  Omega:  1.098353331804132e+02  |grad|_K:  2.131e-05  alpha:  1.000e+00  linmin:  3.808e-02  t[s]:    280.32
WannierMinimize: Iter: 542  Omega:  1.098353331800561e+02  |grad|_K:  1.075e-05  alpha:  1.000e+00  linmin: -2.556e-01  t[s]:    280.88
WannierMinimize: Iter: 543  Omega:  1.098353331797407e+02  |grad|_K:  8.482e-06  alpha:  1.000e+00  linmin: -1.036e-01  t[s]:    281.07
WannierMinimize: Iter: 544  Omega:  1.098353331795179e+02  |grad|_K:  9.618e-06  alpha:  1.000e+00  linmin: -1.026e-01  t[s]:    281.26
WannierMinimize: Iter: 545  Omega:  1.098353331790318e+02  |grad|_K:  1.383e-05  alpha:  1.000e+00  linmin: -4.365e-02  t[s]:    281.43
WannierMinimize: Iter: 546  Omega:  1.098353331789476e+02  |grad|_K:  2.536e-05  alpha:  1.000e+00  linmin:  6.163e-02  t[s]:    281.74
WannierMinimize: Iter: 547  Omega:  1.098353331784589e+02  |grad|_K:  7.884e-06  alpha:  1.000e+00  linmin: -1.477e-01  t[s]:    281.90
WannierMinimize: Iter: 548  Omega:  1.098353331783040e+02  |grad|_K:  7.245e-06  alpha:  1.000e+00  linmin: -3.371e-01  t[s]:    283.34
WannierMinimize: Iter: 549  Omega:  1.098353331780265e+02  |grad|_K:  9.723e-06  alpha:  1.000e+00  linmin: -1.532e-01  t[s]:    283.51
WannierMinimize: Iter: 550  Omega:  1.098353331776738e+02  |grad|_K:  1.550e-05  alpha:  1.000e+00  linmin: -2.102e-02  t[s]:    283.70
WannierMinimize: Iter: 551  Omega:  1.098353331773190e+02  |grad|_K:  1.162e-05  alpha:  1.000e+00  linmin:  1.686e-03  t[s]:    283.88
WannierMinimize: Iter: 552  Omega:  1.098353331770608e+02  |grad|_K:  7.724e-06  alpha:  1.000e+00  linmin: -1.635e-01  t[s]:    284.05
WannierMinimize: Iter: 553  Omega:  1.098353331767264e+02  |grad|_K:  1.102e-05  alpha:  1.000e+00  linmin: -3.132e-02  t[s]:    284.22
WannierMinimize: Iter: 554  Omega:  1.098353331765084e+02  |grad|_K:  1.312e-05  alpha:  1.000e+00  linmin: -2.709e-02  t[s]:    284.40
WannierMinimize: Iter: 555  Omega:  1.098353331762294e+02  |grad|_K:  1.034e-05  alpha:  1.000e+00  linmin: -1.112e-01  t[s]:    284.58
WannierMinimize: Iter: 556  Omega:  1.098353331759061e+02  |grad|_K:  1.844e-05  alpha:  1.000e+00  linmin:  2.651e-02  t[s]:    284.91
WannierMinimize: Iter: 557  Omega:  1.098353331756062e+02  |grad|_K:  1.001e-05  alpha:  1.000e+00  linmin: -1.231e-02  t[s]:    285.09
WannierMinimize: Iter: 558  Omega:  1.098353331754599e+02  |grad|_K:  8.462e-06  alpha:  1.000e+00  linmin: -5.343e-01  t[s]:    285.56
WannierMinimize: Iter: 559  Omega:  1.098353331750388e+02  |grad|_K:  1.383e-05  alpha:  1.000e+00  linmin: -2.667e-03  t[s]:    285.93
WannierMinimize: Iter: 560  Omega:  1.098353331749008e+02  |grad|_K:  1.823e-05  alpha:  1.000e+00  linmin:  5.368e-02  t[s]:    286.26
WannierMinimize: Iter: 561  Omega:  1.098353331746747e+02  |grad|_K:  8.173e-06  alpha:  1.000e+00  linmin: -4.969e-01  t[s]:    286.45
WannierMinimize: Iter: 562  Omega:  1.098353331744996e+02  |grad|_K:  6.265e-06  alpha:  1.000e+00  linmin: -1.631e-01  t[s]:    287.84
WannierMinimize: Iter: 563  Omega:  1.098353331742727e+02  |grad|_K:  8.616e-06  alpha:  1.000e+00  linmin: -6.831e-02  t[s]:    288.14
WannierMinimize: Iter: 564  Omega:  1.098353331739661e+02  |grad|_K:  9.779e-06  alpha:  1.000e+00  linmin: -6.497e-02  t[s]:    289.55
WannierMinimize: 	Wolfe criterion not satisfied: alpha: 1  (E-E0)/|gdotd0|: 0.449951  gdotd/gdotd0: -1.90072 (taking cubic step)
WannierMinimize: Iter: 565  Omega:  1.098353331737979e+02  |grad|_K:  1.337e-05  alpha:  3.449e-01  linmin:  4.967e-05  t[s]:    289.87
WannierMinimize: Iter: 566  Omega:  1.098353331735357e+02  |grad|_K:  6.794e-06  alpha:  1.000e+00  linmin: -7.602e-02  t[s]:    290.05
WannierMinimize: Iter: 567  Omega:  1.098353331733573e+02  |grad|_K:  6.552e-06  alpha:  1.000e+00  linmin: -1.233e-01  t[s]:    290.22
WannierMinimize: Iter: 568  Omega:  1.098353331731316e+02  |grad|_K:  1.064e-05  alpha:  1.000e+00  linmin: -3.460e-02  t[s]:    291.65
WannierMinimize: Iter: 569  Omega:  1.098353331729531e+02  |grad|_K:  1.214e-05  alpha:  1.000e+00  linmin:  2.039e-02  t[s]:    291.82
WannierMinimize: Iter: 570  Omega:  1.098353331727799e+02  |grad|_K:  6.846e-06  alpha:  1.000e+00  linmin: -2.128e-01  t[s]:    292.04
WannierMinimize: Iter: 571  Omega:  1.098353331725964e+02  |grad|_K:  6.888e-06  alpha:  1.000e+00  linmin: -7.440e-02  t[s]:    294.00
WannierMinimize: Iter: 572  Omega:  1.098353331724649e+02  |grad|_K:  8.157e-06  alpha:  1.000e+00  linmin: -7.323e-02  t[s]:    294.18
WannierMinimize: Iter: 573  Omega:  1.098353331722912e+02  |grad|_K:  1.558e-05  alpha:  1.000e+00  linmin:  2.333e-02  t[s]:    294.37
WannierMinimize: Iter: 574  Omega:  1.098353331720727e+02  |grad|_K:  6.703e-06  alpha:  1.000e+00  linmin: -8.954e-02  t[s]:    294.54
WannierMinimize: Iter: 575  Omega:  1.098353331719787e+02  |grad|_K:  5.988e-06  alpha:  1.000e+00  linmin: -3.768e-01  t[s]:    294.75
WannierMinimize: Iter: 576  Omega:  1.098353331718317e+02  |grad|_K:  7.363e-06  alpha:  1.000e+00  linmin: -1.119e-01  t[s]:    298.02
WannierMinimize: Iter: 577  Omega:  1.098353331717177e+02  |grad|_K:  1.470e-05  alpha:  1.000e+00  linmin:  2.539e-02  t[s]:    298.21
WannierMinimize: Iter: 578  Omega:  1.098353331715552e+02  |grad|_K:  6.884e-06  alpha:  1.000e+00  linmin: -1.341e-01  t[s]:    298.38
WannierMinimize: Iter: 579  Omega:  1.098353331714398e+02  |grad|_K:  5.268e-06  alpha:  1.000e+00  linmin: -8.527e-02  t[s]:    298.55
WannierMinimize: Iter: 580  Omega:  1.098353331713485e+02  |grad|_K:  6.073e-06  alpha:  1.000e+00  linmin: -7.926e-02  t[s]:    299.50
WannierMinimize: Iter: 581  Omega:  1.098353331711749e+02  |grad|_K:  8.224e-06  alpha:  1.000e+00  linmin: -4.213e-02  t[s]:    305.30
WannierMinimize: Iter: 582  Omega:  1.098353331711324e+02  |grad|_K:  1.503e-05  alpha:  1.000e+00  linmin:  5.294e-02  t[s]:    305.50
WannierMinimize: Iter: 583  Omega:  1.098353331709534e+02  |grad|_K:  4.777e-06  alpha:  1.000e+00  linmin: -1.476e-01  t[s]:    305.66
WannierMinimize: Iter: 584  Omega:  1.098353331708948e+02  |grad|_K:  4.371e-06  alpha:  1.000e+00  linmin: -2.634e-01  t[s]:    305.84
WannierMinimize: Iter: 585  Omega:  1.098353331707985e+02  |grad|_K:  5.618e-06  alpha:  1.000e+00  linmin: -1.506e-01  t[s]:    306.03
WannierMinimize: Converged (|Delta Omega|<1.000000e-10 for 2 iters).

Optimum spread:
	Omega:  1.098353331707985e+02
	OmegaI: 9.923996241142699e+01

Centers in lattice coords:
	[ 0.26735 -0.0891169 -0.0891161 ] spread: 7.35526 bohr^2
	[ 0.26735 -0.0891169 -0.0891161 ] spread: 7.35526 bohr^2
	[ 0.313567 0.313565 0.0593024 ] spread: 6.37413 bohr^2
	[ 0.313567 0.313565 0.0593024 ] spread: 6.37413 bohr^2
	[ 0.313564 0.0593032 0.313567 ] spread: 6.37415 bohr^2
	[ 0.313564 0.0593032 0.313567 ] spread: 6.37415 bohr^2
	[ -0.0891158 0.267349 -0.0891168 ] spread: 7.35526 bohr^2
	[ -0.0891158 0.267349 -0.0891169 ] spread: 7.35526 bohr^2
	[ -0.0891164 -0.0891163 -0.0891164 ] spread: 7.35527 bohr^2
	[ -0.0891164 -0.0891163 -0.0891164 ] spread: 7.35527 bohr^2
	[ 0.313567 0.313564 0.313566 ] spread: 6.37417 bohr^2
	[ 0.313567 0.313564 0.313566 ] spread: 6.37417 bohr^2
	[ 0.0593031 0.313567 -0.686434 ] spread: 6.37416 bohr^2
	[ 0.0593031 0.313567 -0.686434 ] spread: 6.37416 bohr^2
	[ 0.910883 -0.0891162 0.267349 ] spread: 7.35527 bohr^2
	[ 0.910883 -0.0891161 0.267349 ] spread: 7.35527 bohr^2
Dumping 'wannier.mlwfU' ... done.
Dumping 'wannier.mlwfBandContrib' ... done.
Dumping 'wannier.mlwfCellMap' ... done.
Dumping 'wannier.mlwfCellWeights'... done.
Dumping 'wannier.mlwfH' ... done.
Dumping 'wannier.mlwfP' ... done.
Dumping 'wannier.mlwfS' ... done.
Dumping 'wannier.mlwfD' ... done.
Dumping 'wannier.mlwfCellMapPh' ... done.
Dumping 'wannier.mlwfCellWeightsPh'... done.
Reading 'totalE.phononHsub' ... done. Translation invariance correction: 2.455799e-02
Reading 'totalE.Zeff' ... done.
Reading 'totalE.epsInf' ... done.
Applying Wannier rotations ... done.
Dumping 'wannier.mlwfHePh' ... done.
Dumping 'wannier.mlwfHePhSum' ... done.
Dumping 'wannier.mlwfCellMapPhSum' ... done.
End date and time: Sun Dec  1 19:42:50 2024  (Duration: 0-0:05:33.26)
Done!

PROFILER:                    inv(matrix)     0.000448 +/-     0.000600 s,    3 calls,      0.001344 s total
PROFILER:            matrix::diagonalize     0.000093 +/-     0.000222 s, 205123 calls,     19.101183 s total
PROFILER:                    matrix::set     0.000000 +/-     0.000001 s, 453245 calls,      0.186148 s total
PROFILER:                    matrix::svd     0.002970 +/-     0.019681 s,   67 calls,      0.199012 s total
PROFILER:            orthoMatrix(matrix)     0.002939 +/-     0.005781 s,    5 calls,      0.014694 s total
PROFILER:     RadialFunctionR::transform     0.002947 +/-     0.007318 s,   30 calls,      0.088421 s total
PROFILER:                    reduceKmesh     0.012889 +/-     0.000000 s,    1 calls,      0.012889 s total
PROFILER:     WannierMinimizer::axpyWfns     0.000619 +/-     0.000183 s, 2805 calls,      1.735586 s total
PROFILER:       WannierMinimizer::bcastU     0.017843 +/-     0.050338 s,  596 calls,     10.634634 s total
PROFILER:      WannierMinimizer::compute     0.028223 +/-     0.054822 s,  597 calls,     16.849371 s total
PROFILER:      WannierMinimizer::overlap     0.000864 +/-     0.000103 s,  132 calls,      0.114001 s total
PROFILER:         WannierMinimizer::step     0.039944 +/-     0.003495 s,  596 calls,     23.806890 s total
PROFILER:   WannierMinimizerFD::getOmega     0.144569 +/-     0.346282 s,  597 calls,     86.307964 s total
PROFILER:  WannierMinimizerFD::getOmegaI     0.177668 +/-     0.000000 s,    1 calls,      0.177668 s total
PROFILER:                            Y*M     0.001135 +/-     0.000427 s,    5 calls,      0.005675 s total
PROFILER:                          Y1^Y2     0.000627 +/-     0.000403 s,  270 calls,      0.169397 s total

MEMUSAGE:                   ColumnBundle     0.014400 GB
MEMUSAGE:                    IndexArrays     0.065851 GB
MEMUSAGE:                         matrix     0.219295 GB
MEMUSAGE:                           misc     0.000589 GB
MEMUSAGE:               ScalarFieldTilde     0.000778 GB
MEMUSAGE:                          Total     0.291249 GB
