
drift-diffusion model for sz
AK = 
 [[ 2.18479e-08-1.37519e-23j -1.02993e-14-1.62449e-17j]
 [-1.02992e-14-1.64646e-17j  2.10699e-06+1.95073e-09j]]
BK = 
 [[-4.71413e-07-7.50908e-10j  6.96637e-02+5.44858e-05j]
 [ 6.96637e-02+5.44858e-05j -8.97472e-08-1.07417e-10j]]
ldiff_RR_z (from CK) in micro-meter =  [-17.1825   17.18135]
vx2_sz =  (0.06966369585467508+5.448584220160895e-05j)
taupvsz_inv =  (3.0245184317966532e-05+4.346471310909343e-09j)
vx2_sz * taupvsz_inv =  (2.1069910845742584e-06+1.9507255955515614e-09j)
ldiff_DD_z in micro-meter =  17.18192533476781

drift-diffusion model for sx
AK = 
 [[ 1.51593e-08+8.52239e-08j -1.11555e-13+3.98343e-14j]
 [-1.11555e-13+3.98343e-14j  2.10026e-06+7.77112e-09j]]
BK = 
 [[2.27380e-07+1.34941e-06j 6.95624e-02+4.88805e-05j]
 [6.95624e-02+4.88805e-05j 2.86581e-08-1.09654e-04j]]
ldiff_RR_x (from CK) in micro-meter =  [-11.27125  11.27613]
vx2_sx =  (0.06956243365075297+4.888053531386704e-05j)
taupvsx_inv =  (3.019245844485878e-05+9.049853608600759e-08j)
vx2_sx * taupvsx_inv =  (2.100256463706716e-06+7.771121943199558e-09j)
ldiff_DD_x in micro-meter =  11.273690970265756

drift-diffusion model for sy
AK = 
 [[ 1.51593e-08-8.52239e-08j -1.11215e-13-4.14318e-14j]
 [-1.11215e-13-4.14320e-14j  2.11014e-06-3.76786e-09j]]
BK = 
 [[ 2.46238e-07-1.34878e-06j  6.97264e-02+6.14686e-05j]
 [ 6.97264e-02+6.14686e-05j -1.64984e-08+1.09650e-04j]]
ldiff_RR_y (from CK) in micro-meter =  [-11.2773   11.28218]
vx2_sy =  (0.06972635024812636+6.146859270116074e-05j)
taupvsy_inv =  (3.026306852894965e-05-8.071683778837209e-08j)
vx2_sy * taupvsy_inv =  (2.1101382773830196e-06-3.767862269259912e-09j)
ldiff_DD_y in micro-meter =  11.279738380505544

sx-sz coupling
AK = 
 [[ 1.51593e-08+8.52239e-08j  2.99057e-19-2.87403e-19j
  -1.11555e-13+3.98343e-14j  2.00704e-10-6.02530e-10j]
 [ 8.40634e-19-9.12584e-20j  2.18479e-08-1.41885e-23j
   1.40993e-10-7.60442e-11j -1.02993e-14-1.62450e-17j]
 [-1.11555e-13+3.98343e-14j -1.40855e-10-7.65068e-11j
   2.10026e-06+7.77112e-09j -1.03205e-09-3.15569e-10j]
 [ 3.94462e-10+4.97222e-10j -1.02992e-14-1.64646e-17j
  -6.20177e-10+6.01609e-10j  2.10699e-06+1.95073e-09j]]
BK = 
 [[ 2.27380e-07+1.34941e-06j -6.44708e-03-3.50180e-03j
   6.95624e-02+4.88805e-05j -1.85967e-05+5.70483e-06j]
 [ 6.45342e-03-3.48063e-03j -4.71413e-07-7.50908e-10j
  -1.31147e-05-1.23239e-06j  6.96637e-02+5.44858e-05j]
 [ 6.95624e-02+4.88805e-05j -1.85967e-05+5.70483e-06j
   2.86581e-08-1.09654e-04j -8.65852e-04-4.70286e-04j]
 [-1.31147e-05-1.23239e-06j  6.96637e-02+5.44858e-05j
   8.66730e-04-4.67414e-04j -8.97472e-08-1.07417e-10j]]
CK = 
 [[-1.93148e-09+3.47258e-10j  1.87840e-09+1.01467e-09j
   3.01475e-05+9.02989e-08j -9.12549e-09-2.57544e-09j]
 [-5.27651e-09-6.62139e-09j -2.75676e-13+1.10654e-12j
  -3.21146e-09+9.17159e-09j  3.02002e-05+4.39824e-09j]
 [ 2.18628e-07+1.22411e-06j  8.36762e-11-2.57770e-11j
  -1.48125e-09+7.34746e-10j  2.80269e-06+1.51006e-06j]
 [ 1.81126e-10+1.05457e-10j  3.13394e-07-2.45262e-10j
  -2.79409e-06+1.49900e-06j  1.67925e-09+1.15546e-10j]]
ldiff_xz (from CK) in micro-meter =  [ 12.42089 -12.41633  17.72332 -17.72232]
T1xinv =  (1.51592730198992e-08+8.522385338774583e-08j)
T1zinv =  (2.1847850392843157e-08+1.2201144826063678e-19j)
vx2_sx * taupvsx_inv =  (2.100256463706716e-06+7.771121943199558e-09j)
vx2_sz * taupvsz_inv =  (2.1069910845742584e-06+1.9507255955515614e-09j)
vxz =  (-0.006447084211673691-0.0035017984262208793j)
vzx =  (0.006453423160533919-0.0034806277687141236j)
vxz0 =  (-1.5696082408886972e-05+2.0743313214486476e-05j)
vzx0 =  (-1.106736459990632e-05-1.4408348579661832e-05j)
T1xinv vxz =  (2.0070364592264423e-10-6.025300780378652e-10j)
T1zinv vzx =  (1.409934237334788e-10-7.604423476325428e-11j)
T1zinv vxz =  (-1.4085493132628071e-10-7.650676812275401e-11j)
T1xinv vzx =  (3.9446171426168385e-10+4.972218026558461e-10j)
AK_appr = 
 [[1.51593e-08+8.52239e-08j 0.00000e+00+0.00000e+00j
  0.00000e+00+0.00000e+00j 0.00000e+00+0.00000e+00j]
 [0.00000e+00+0.00000e+00j 2.18479e-08+1.22011e-19j
  0.00000e+00+0.00000e+00j 0.00000e+00+0.00000e+00j]
 [0.00000e+00+0.00000e+00j 0.00000e+00+0.00000e+00j
  2.10026e-06+7.77112e-09j 0.00000e+00+0.00000e+00j]
 [0.00000e+00+0.00000e+00j 0.00000e+00+0.00000e+00j
  0.00000e+00+0.00000e+00j 2.10699e-06+1.95073e-09j]]
BK_appr = 
 [[ 0.     +0.00000e+00j -0.00645-3.50180e-03j  0.06956+4.88805e-05j
   0.     +0.00000e+00j]
 [ 0.00645-3.48063e-03j  0.     +0.00000e+00j  0.     +0.00000e+00j
   0.06966+5.44858e-05j]
 [ 0.06956+4.88805e-05j  0.     +0.00000e+00j  0.     +0.00000e+00j
   0.     +0.00000e+00j]
 [ 0.     +0.00000e+00j  0.06966+5.44858e-05j  0.     +0.00000e+00j
   0.     +0.00000e+00j]]
1 / vx2_sx =  (14.37556815872077-0.010101507813357632j)
1 / vx2_sz =  (14.354670334519199-0.011227172103161424j)
vxz / vx2_sx / vx2_sz =  (-1.3314702251886907-0.7206432244255807j)
vzx / vx2_sx / vx2_sz =  (1.3306388871165709-0.7202272488365079j)
BK_appr_inv = 
 [[ 0.     +0.j      -0.     +0.j      14.37557-0.0101j   0.     +0.j     ]
 [ 0.     +0.j      -0.     +0.j       0.     +0.j      14.35467-0.01123j]
 [14.37557-0.0101j  -0.     +0.j       0.     +0.j       1.33147+0.72064j]
 [ 0.     +0.j      14.35467-0.01123j -1.33064+0.72023j  0.     +0.j     ]]
CK_appr = 
 [[ 0.00000e+00+0.00000e+00j  0.00000e+00+0.00000e+00j
   3.01925e-05+9.04985e-08j  0.00000e+00+0.00000e+00j]
 [ 0.00000e+00+0.00000e+00j  0.00000e+00+0.00000e+00j
   0.00000e+00+0.00000e+00j  3.02452e-05+4.34647e-09j]
 [ 2.18784e-07+1.22499e-06j  0.00000e+00+0.00000e+00j
   0.00000e+00+0.00000e+00j  2.80399e-06+1.52099e-06j]
 [ 0.00000e+00+0.00000e+00j  3.13619e-07-2.45290e-10j
  -2.80028e-06+1.50232e-06j  0.00000e+00+0.00000e+00j]]
lambda_appr_xz =  [-4.26360e-06-4.59592e-06j  4.26360e-06+4.59592e-06j
 -2.98793e-06+3.74482e-07j  2.98793e-06-3.74482e-07j]
ldiff_xz (from CK_appr) in micro-meter =  [-12.41151  12.41151 -17.71052  17.71052]
b =  (-5.843257695462728e-12-3.69524559766108e-11j)
c =  (6.182993644840788e-23+3.5097191329976823e-22j)
b*b - 4*c =  (-1.5786600880014061e-21-9.720422076959154e-22j)
sqrt(b*b - 4*c) =  (1.1731661967272624e-11-4.142815444254978e-11j)
E2_plus =  (8.787459831367676e-12-2.2378492329694928e-12j)
E2_minus =  (-2.944202135904948e-12+3.9190305209580294e-11j)

sy-sz coupling
AK = 
 [[ 1.51593e-08-8.52239e-08j  1.28068e-19-2.93691e-20j
  -1.11215e-13-4.14319e-14j  1.58693e-10+6.14941e-10j]
 [ 5.99166e-20+7.95105e-19j  2.18479e-08-1.41885e-23j
   1.45515e-10+6.69819e-11j -1.02993e-14-1.62450e-17j]
 [-1.11215e-13-4.14320e-14j -1.45796e-10+6.66159e-11j
   2.11014e-06-3.76786e-09j  4.29363e-10-4.83183e-10j]
 [ 3.62248e-10-5.21147e-10j -1.02992e-14-1.64646e-17j
   1.21363e-09+4.02447e-10j  2.10699e-06+1.95073e-09j]]
BK = 
 [[ 2.46238e-07-1.34878e-06j -6.67324e-03+3.04908e-03j
   6.97264e-02+6.14686e-05j  1.42461e-06-1.62727e-05j]
 [ 6.66037e-03+3.06583e-03j -4.71413e-07-7.50908e-10j
   1.13756e-05+1.43387e-05j  6.96637e-02+5.44858e-05j]
 [ 6.97264e-02+6.14686e-05j  1.42461e-06-1.62727e-05j
  -1.64984e-08+1.09650e-04j -8.96257e-04+4.09457e-04j]
 [ 1.13756e-05+1.43387e-05j  6.96637e-02+5.44858e-05j
   8.94488e-04+4.11736e-04j -8.97472e-08-1.07417e-10j]]
CK = 
 [[-1.92430e-09-3.36218e-10j  1.93526e-09-8.89818e-10j
   3.02182e-05-8.06498e-08j  3.45599e-09-4.42752e-09j]
 [-4.79007e-09+6.93081e-09j  2.68536e-13-1.15430e-12j
   1.24439e-08-4.41072e-10j  3.02003e-05+4.16242e-09j]
 [ 2.16179e-07-1.22158e-06j -6.29584e-12+7.30686e-11j
   1.43124e-09-6.51297e-10j  2.89165e-06-1.31397e-06j]
 [-1.17374e-10+2.71950e-10j  3.13395e-07-2.45221e-10j
  -2.89157e-06-1.31894e-06j -1.06377e-09-1.08224e-10j]]
ldiff_yz (from CK) in micro-meter =  [-12.41683  12.42098 -17.72967  17.73046]
T1yinv =  (1.5159273020094237e-08-8.522385338742343e-08j)
T1zinv =  (2.1847850392843157e-08+1.2201144826063678e-19j)
vx2_sy * taupvsy_inv =  (2.1101382773830196e-06-3.767862269259912e-09j)
vx2_sz * taupvsz_inv =  (2.1069910845742584e-06+1.9507255955515614e-09j)
vyz =  (-0.006673244254048736+0.003049082612218807j)
vzy =  (0.006660370162952393+0.0030658327404267764j)
vyz0 =  (-2.0427119149073186e-06-7.759458963546016e-06j)
vzy0 =  (-2.10486464773231e-05-4.074819696497979e-06j)
T1xinv vyz =  (-3.6101610108645904e-10-5.224977141488145e-10j)
T1zinv vzy =  (1.4551477088076622e-10+6.69818550431372e-11j)
T1zinv vyz =  (-1.4579604209772904e-10+6.661590074636169e-11j)
T1xinv vzy =  (-1.6031571026769673e-10+6.140982058210468e-10j)
AK_appr = 
 [[1.51593e-08-8.52239e-08j 0.00000e+00+0.00000e+00j
  0.00000e+00+0.00000e+00j 0.00000e+00+0.00000e+00j]
 [0.00000e+00+0.00000e+00j 2.18479e-08+1.22011e-19j
  0.00000e+00+0.00000e+00j 0.00000e+00+0.00000e+00j]
 [0.00000e+00+0.00000e+00j 0.00000e+00+0.00000e+00j
  2.11014e-06-3.76786e-09j 0.00000e+00+0.00000e+00j]
 [0.00000e+00+0.00000e+00j 0.00000e+00+0.00000e+00j
  0.00000e+00+0.00000e+00j 2.10699e-06+1.95073e-09j]]
BK_appr = 
 [[ 0.     +0.00000e+00j -0.00667+3.04908e-03j  0.06973+6.14686e-05j
   0.     +0.00000e+00j]
 [ 0.00666+3.06583e-03j  0.     +0.00000e+00j  0.     +0.00000e+00j
   0.06966+5.44858e-05j]
 [ 0.06973+6.14686e-05j  0.     +0.00000e+00j  0.     +0.00000e+00j
   0.     +0.00000e+00j]
 [ 0.     +0.00000e+00j  0.06966+5.44858e-05j  0.     +0.00000e+00j
   0.     +0.00000e+00j]]
1 / vx2_sy =  (14.341769206018013-0.012643259926866164j)
1 / vx2_sz =  (14.354670334519199-0.011227172103161424j)
vyz / vx2_sy / vx2_sz =  (-1.3727846495994993+0.6300040137912609j)
vzy / vx2_sy / vx2_sz =  (1.3722286480564987+0.6288855224403456j)
BK_appr_inv = 
 [[ 0.     +0.j      -0.     +0.j      14.34177-0.01264j  0.     +0.j     ]
 [ 0.     +0.j      -0.     +0.j       0.     +0.j      14.35467-0.01123j]
 [14.34177-0.01264j -0.     +0.j       0.     +0.j       1.37278-0.63j   ]
 [ 0.     +0.j      14.35467-0.01123j -1.37223-0.62889j  0.     +0.j     ]]
CK_appr = 
 [[ 0.00000e+00+0.00000e+00j  0.00000e+00+0.00000e+00j
   3.02631e-05-8.07168e-08j  0.00000e+00+0.00000e+00j]
 [ 0.00000e+00+0.00000e+00j  0.00000e+00+0.00000e+00j
   0.00000e+00+0.00000e+00j  3.02452e-05+4.34647e-09j]
 [ 2.16333e-07-1.22245e-06j  0.00000e+00+0.00000e+00j
   0.00000e+00+0.00000e+00j  2.89367e-06-1.32473e-06j]
 [ 0.00000e+00+0.00000e+00j  3.13619e-07-2.45290e-10j
  -2.89796e-06-1.32187e-06j  0.00000e+00+0.00000e+00j]]
lambda_appr_yz =  [-4.2635e-06+4.60028e-06j  4.2635e-06-4.60028e-06j
 -2.9867e-06-3.71961e-07j  2.9867e-06+3.71961e-07j]
ldiff_yz (from CK_appr) in micro-meter =  [-12.41181  12.41181 -17.7178   17.7178 ]
b =  (-5.796815463386497e-12+3.700469655414062e-11j)
c =  (6.094032846436468e-23-3.511206844781034e-22j)
b*b - 4*c =  (-1.5795058114049287e-21+9.754639435064788e-22j)
sqrt(b*b - 4*c) =  (1.1767198688865645e-11+4.1448435150053256e-11j)
E2_plus =  (8.782007076126071e-12+2.2218692979563175e-12j)
E2_minus =  (-2.985191612739574e-12-3.922656585209694e-11j)

sx-sy coupling
AK = 
 [[ 1.51593e-08+8.52239e-08j -4.54222e-19-4.78527e-19j
  -1.11555e-13+3.98343e-14j -1.86903e-14+1.19546e-14j]
 [ 1.64748e-19+9.40056e-19j  1.51593e-08-8.52239e-08j
  -1.86580e-14-1.20057e-14j -1.11215e-13-4.14319e-14j]
 [-1.11555e-13+3.98343e-14j  2.16663e-14-4.77606e-15j
   2.10026e-06+7.77112e-09j  6.53627e-10+9.04133e-10j]
 [ 2.16536e-14+4.83551e-15j -1.11215e-13-4.14320e-14j
   6.76221e-10-8.74982e-10j  2.11014e-06-3.76786e-09j]]
BK = 
 [[ 2.27380e-07+1.34941e-06j  9.81566e-08+2.36769e-07j
   6.95624e-02+4.88805e-05j -1.58270e-05-2.07838e-05j]
 [ 9.88061e-08-2.36503e-07j  2.46238e-07-1.34878e-06j
  -1.57840e-05+2.09869e-05j  6.97264e-02+6.14686e-05j]
 [ 6.95624e-02+4.88805e-05j -1.58270e-05-2.07838e-05j
   2.86581e-08-1.09654e-04j -2.90177e-09+3.22705e-08j]
 [-1.57840e-05+2.09869e-05j  6.97264e-02+6.14686e-05j
  -2.80795e-09-3.21721e-08j -1.64984e-08+1.09650e-04j]]
CK = 
 [[-1.93245e-09+3.46305e-10j -2.46348e-13-2.18787e-13j
   3.01925e-05+9.04984e-08j  1.63215e-08+2.20095e-08j]
 [-2.46847e-13+2.21938e-13j -1.92424e-09-3.39387e-10j
   1.65412e-08-2.16304e-08j  3.02631e-05-8.07166e-08j]
 [ 2.18784e-07+1.22499e-06j  4.14315e-10-2.13784e-10j
  -9.90877e-11-5.85357e-10j -4.31442e-11-1.02977e-10j]
 [ 4.18423e-10+2.11074e-10j  2.16333e-07-1.22245e-06j
  -4.31072e-11+1.02440e-10j -1.06530e-10+5.85205e-10j]]
ldiff_xy (from CK) in micro-meter =  [-11.27125  11.27613 -11.2773   11.28218]
T1xinv =  (1.51592730198992e-08+8.522385338774583e-08j)
T1yinv =  (1.5159273020094237e-08-8.522385338742343e-08j)
vx2_sx * taupvsx_inv =  (2.100256463706716e-06+7.771121943199558e-09j)
vx2_sy * taupvsz_inv =  (2.1088860479021982e-06+2.1621924969805165e-09j)
vxy =  (9.815661724820081e-08+2.367688140801909e-07j)
vyx =  (9.880605505132369e-08-2.3650324575862558e-07j)
vxy0 =  (-0.002804192643368336+0.0012734817484147296j)
vyx0 =  (0.0028028034585333476+0.0012847742954111546j)
T1xinv vxy =  (-1.8690367738385417e-14+1.1954528252637117e-14j)
T1zinv vyx =  (-1.86578899776214e-14-1.2005850022077148e-14j)
T1zinv vxy =  (2.166633365747867e-14-4.776042062080556e-15j)
T1xinv vyx =  (2.1653545906801335e-14+4.83541547696823e-15j)
AK_appr = 
 [[1.51593e-08+8.52239e-08j 0.00000e+00+0.00000e+00j
  0.00000e+00+0.00000e+00j 0.00000e+00+0.00000e+00j]
 [0.00000e+00+0.00000e+00j 1.51593e-08-8.52239e-08j
  0.00000e+00+0.00000e+00j 0.00000e+00+0.00000e+00j]
 [0.00000e+00+0.00000e+00j 0.00000e+00+0.00000e+00j
  2.10026e-06+7.77112e-09j 0.00000e+00+0.00000e+00j]
 [0.00000e+00+0.00000e+00j 0.00000e+00+0.00000e+00j
  0.00000e+00+0.00000e+00j 2.11014e-06-3.76786e-09j]]
BK_appr = 
 [[0.00000e+00+0.00000e+00j 9.81566e-08+2.36769e-07j
  6.95624e-02+4.88805e-05j 0.00000e+00+0.00000e+00j]
 [9.88061e-08-2.36503e-07j 0.00000e+00+0.00000e+00j
  0.00000e+00+0.00000e+00j 6.97264e-02+6.14686e-05j]
 [6.95624e-02+4.88805e-05j 0.00000e+00+0.00000e+00j
  0.00000e+00+0.00000e+00j 0.00000e+00+0.00000e+00j]
 [0.00000e+00+0.00000e+00j 6.97264e-02+6.14686e-05j
  0.00000e+00+0.00000e+00j 0.00000e+00+0.00000e+00j]]
1 / vx2_sx =  (14.37556815872077-0.010101507813357632j)
1 / vx2_sy =  (14.341769206018013-0.012643259926866164j)
vxy / vx2_sx / vx2_sy =  (2.031437853839533e-05+4.8782791390465064e-05j)
vyx / vx2_sx / vx2_sy =  (2.0293690061238542e-05-4.879237234934888e-05j)
BK_appr_inv = 
 [[ 0.00000e+00+0.00000e+00j -0.00000e+00+0.00000e+00j
   1.43756e+01-1.01015e-02j  0.00000e+00+0.00000e+00j]
 [ 0.00000e+00+0.00000e+00j -0.00000e+00+0.00000e+00j
   0.00000e+00+0.00000e+00j  1.43418e+01-1.26433e-02j]
 [ 1.43756e+01-1.01015e-02j -0.00000e+00+0.00000e+00j
   0.00000e+00+0.00000e+00j -2.03144e-05-4.87828e-05j]
 [ 0.00000e+00+0.00000e+00j  1.43418e+01-1.26433e-02j
  -2.02937e-05+4.87924e-05j  0.00000e+00+0.00000e+00j]]
CK_appr = 
 [[ 0.00000e+00+0.00000e+00j  0.00000e+00+0.00000e+00j
   3.01925e-05+9.04985e-08j  0.00000e+00+0.00000e+00j]
 [ 0.00000e+00+0.00000e+00j  0.00000e+00+0.00000e+00j
   0.00000e+00+0.00000e+00j  3.02631e-05-8.07168e-08j]
 [ 2.18784e-07+1.22499e-06j  0.00000e+00+0.00000e+00j
   0.00000e+00+0.00000e+00j -4.30500e-11-1.02862e-10j]
 [ 0.00000e+00+0.00000e+00j  2.16333e-07-1.22245e-06j
  -4.30011e-11+1.02319e-10j  0.00000e+00+0.00000e+00j]]
lambda_appr_xy =  [ 4.69391e-06+3.94183e-06j -4.69391e-06-3.94183e-06j
 -4.69139e-06+3.94474e-06j  4.69139e-06-3.94474e-06j]
ldiff_xy (from CK_appr) in micro-meter =  [ 11.27369 -11.27369 -11.27974  11.27974]
b =  (-1.2943005381615425e-11+7.421077090849488e-15j)
c =  (1.4115395772260262e-21-1.7701299222156557e-24j)
b*b - 4*c =  (-5.478636975667964e-21+6.888417607414127e-24j)
sqrt(b*b - 4*c) =  (4.653215055143678e-14+7.401782988516348e-11j)
E2_plus =  (6.494768766083431e-12+3.700520440403631e-11j)
E2_minus =  (6.448236615531995e-12-3.701262548112717e-11j)

sx-sy-sz coupling
AK = 
 [[ 1.51593e-08+8.52239e-08j -4.54222e-19-4.78527e-19j
   2.99057e-19-2.87403e-19j -1.11555e-13+3.98343e-14j
  -1.86903e-14+1.19546e-14j  2.00704e-10-6.02530e-10j]
 [ 1.64748e-19+9.40056e-19j  1.51593e-08-8.52239e-08j
   1.28068e-19-2.93691e-20j -1.86580e-14-1.20057e-14j
  -1.11215e-13-4.14318e-14j  1.58693e-10+6.14941e-10j]
 [ 8.40635e-19-9.12586e-20j  5.99164e-20+7.95105e-19j
   2.18479e-08-1.39825e-23j  1.40993e-10-7.60442e-11j
   1.45515e-10+6.69819e-11j -1.02993e-14-1.62449e-17j]
 [-1.11555e-13+3.98343e-14j  2.16663e-14-4.77606e-15j
  -1.40855e-10-7.65068e-11j  2.10026e-06+7.77112e-09j
   6.53627e-10+9.04133e-10j -1.03205e-09-3.15569e-10j]
 [ 2.16536e-14+4.83551e-15j -1.11215e-13-4.14320e-14j
  -1.45796e-10+6.66159e-11j  6.76221e-10-8.74982e-10j
   2.11014e-06-3.76786e-09j  4.29363e-10-4.83183e-10j]
 [ 3.94462e-10+4.97222e-10j  3.62248e-10-5.21147e-10j
  -1.02992e-14-1.64646e-17j -6.20177e-10+6.01609e-10j
   1.21363e-09+4.02447e-10j  2.10699e-06+1.95073e-09j]]
BK = 
 [[ 2.27380e-07+1.34941e-06j  9.81566e-08+2.36769e-07j
  -6.44708e-03-3.50180e-03j  6.95624e-02+4.88805e-05j
  -1.58270e-05-2.07838e-05j -1.85967e-05+5.70483e-06j]
 [ 9.88061e-08-2.36503e-07j  2.46238e-07-1.34878e-06j
  -6.67324e-03+3.04908e-03j -1.57840e-05+2.09869e-05j
   6.97264e-02+6.14686e-05j  1.42461e-06-1.62727e-05j]
 [ 6.45342e-03-3.48063e-03j  6.66037e-03+3.06583e-03j
  -4.71413e-07-7.50908e-10j -1.31147e-05-1.23239e-06j
   1.13756e-05+1.43387e-05j  6.96637e-02+5.44858e-05j]
 [ 6.95624e-02+4.88805e-05j -1.58270e-05-2.07838e-05j
  -1.85967e-05+5.70483e-06j  2.86581e-08-1.09654e-04j
  -2.90177e-09+3.22705e-08j -8.65852e-04-4.70286e-04j]
 [-1.57840e-05+2.09869e-05j  6.97264e-02+6.14686e-05j
   1.42461e-06-1.62727e-05j -2.80795e-09-3.21721e-08j
  -1.64984e-08+1.09650e-04j -8.96257e-04+4.09457e-04j]
 [-1.31147e-05-1.23239e-06j  1.13756e-05+1.43387e-05j
   6.96637e-02+5.44858e-05j  8.66730e-04-4.67414e-04j
   8.94488e-04+4.11736e-04j -8.97472e-08-1.07417e-10j]]
CK = 
 [[-1.93148e-09+3.47257e-10j -4.88233e-12+3.36662e-12j
   1.87632e-09+1.01354e-09j  3.01476e-05+9.02990e-08j
  -1.07703e-08-1.39306e-08j -9.14821e-09-2.58796e-09j]
 [ 3.71673e-12+6.64630e-13j -1.92430e-09-3.36223e-10j
   1.93311e-09-8.88835e-10j -1.05357e-08+1.40613e-08j
   3.02182e-05-8.06500e-08j  3.47541e-09-4.43663e-09j]
 [-5.27281e-09-6.61672e-09j -4.78664e-09+6.92594e-09j
  -2.62049e-13-4.73853e-14j -3.20118e-09+9.16727e-09j
   1.24366e-08-4.46756e-10j  3.01554e-05+4.21463e-09j]
 [ 2.18628e-07+1.22411e-06j -3.77990e-10+1.87946e-10j
   8.36466e-11-2.58554e-11j -1.47984e-09+7.34537e-10j
   2.51798e-10+3.67043e-10j  2.79960e-06+1.50836e-06j]
 [-3.76245e-10-1.91022e-10j  2.16179e-07-1.22158e-06j
  -6.28856e-12+7.31193e-11j -2.41327e-10+4.37567e-10j
   1.43031e-09-6.51147e-10j  2.88845e-06-1.31250e-06j]
 [ 1.80822e-10+1.05339e-10j -1.17165e-10+2.71423e-10j
   3.13170e-07-2.45192e-10j -2.79246e-06+1.49812e-06j
  -2.88988e-06-1.31819e-06j  4.11709e-10+7.21106e-12j]]
ldiff_xyz (from CK) in micro-meter =  [ 12.6961  -12.69266 -12.69148 -17.52515  17.52877  12.69678]
vij = 
 [[ 2.27380e-07+1.34941e-06j  9.81566e-08+2.36769e-07j
  -6.44708e-03-3.50180e-03j]
 [ 9.88061e-08-2.36503e-07j  2.46238e-07-1.34878e-06j
  -6.67324e-03+3.04908e-03j]
 [ 6.45342e-03-3.48063e-03j  6.66037e-03+3.06583e-03j
  -4.71413e-07-7.50908e-10j]]
vij0 =  [[ 1.05366e-07+1.66640e-07j -2.80419e-03+1.27348e-03j
  -1.56961e-05+2.07433e-05j]
 [ 2.79426e-03+1.29052e-03j -1.96840e-07-2.41595e-12j
  -2.04271e-06-7.75946e-06j]
 [-1.10070e-05-1.44148e-05j -2.10004e-05-4.12768e-06j
  -3.24711e-07-8.35920e-06j]]
AK_appr = 
 [[1.51593e-08+8.52239e-08j 0.00000e+00+0.00000e+00j
  0.00000e+00+0.00000e+00j 0.00000e+00+0.00000e+00j
  0.00000e+00+0.00000e+00j 0.00000e+00+0.00000e+00j]
 [0.00000e+00+0.00000e+00j 1.51593e-08-8.52239e-08j
  0.00000e+00+0.00000e+00j 0.00000e+00+0.00000e+00j
  0.00000e+00+0.00000e+00j 0.00000e+00+0.00000e+00j]
 [0.00000e+00+0.00000e+00j 0.00000e+00+0.00000e+00j
  2.18479e-08+1.22011e-19j 0.00000e+00+0.00000e+00j
  0.00000e+00+0.00000e+00j 0.00000e+00+0.00000e+00j]
 [0.00000e+00+0.00000e+00j 0.00000e+00+0.00000e+00j
  0.00000e+00+0.00000e+00j 2.10026e-06+7.77112e-09j
  0.00000e+00+0.00000e+00j 0.00000e+00+0.00000e+00j]
 [0.00000e+00+0.00000e+00j 0.00000e+00+0.00000e+00j
  0.00000e+00+0.00000e+00j 0.00000e+00+0.00000e+00j
  2.11014e-06-3.76786e-09j 0.00000e+00+0.00000e+00j]
 [0.00000e+00+0.00000e+00j 0.00000e+00+0.00000e+00j
  0.00000e+00+0.00000e+00j 0.00000e+00+0.00000e+00j
  0.00000e+00+0.00000e+00j 2.10699e-06+1.95073e-09j]]
BK_appr = 
 [[ 0.00000e+00+0.00000e+00j  9.81566e-08+2.36769e-07j
  -6.44708e-03-3.50180e-03j  6.95624e-02+4.88805e-05j
   0.00000e+00+0.00000e+00j  0.00000e+00+0.00000e+00j]
 [ 9.88061e-08-2.36503e-07j  0.00000e+00+0.00000e+00j
  -6.67324e-03+3.04908e-03j  0.00000e+00+0.00000e+00j
   6.97264e-02+6.14686e-05j  0.00000e+00+0.00000e+00j]
 [ 6.45342e-03-3.48063e-03j  6.66037e-03+3.06583e-03j
   0.00000e+00+0.00000e+00j  0.00000e+00+0.00000e+00j
   0.00000e+00+0.00000e+00j  6.96637e-02+5.44858e-05j]
 [ 6.95624e-02+4.88805e-05j  0.00000e+00+0.00000e+00j
   0.00000e+00+0.00000e+00j  0.00000e+00+0.00000e+00j
   0.00000e+00+0.00000e+00j  0.00000e+00+0.00000e+00j]
 [ 0.00000e+00+0.00000e+00j  6.97264e-02+6.14686e-05j
   0.00000e+00+0.00000e+00j  0.00000e+00+0.00000e+00j
   0.00000e+00+0.00000e+00j  0.00000e+00+0.00000e+00j]
 [ 0.00000e+00+0.00000e+00j  0.00000e+00+0.00000e+00j
   6.96637e-02+5.44858e-05j  0.00000e+00+0.00000e+00j
   0.00000e+00+0.00000e+00j  0.00000e+00+0.00000e+00j]]
BK_appr_inv = 
 [[ 0.00000e+00+0.00000e+00j  0.00000e+00+0.00000e+00j
  -0.00000e+00+0.00000e+00j  1.43756e+01-1.01015e-02j
   0.00000e+00+0.00000e+00j  0.00000e+00+0.00000e+00j]
 [ 0.00000e+00+0.00000e+00j  0.00000e+00+0.00000e+00j
  -0.00000e+00+0.00000e+00j  0.00000e+00+0.00000e+00j
   1.43418e+01-1.26433e-02j  0.00000e+00+0.00000e+00j]
 [ 0.00000e+00+0.00000e+00j  0.00000e+00+0.00000e+00j
  -0.00000e+00+0.00000e+00j  0.00000e+00+0.00000e+00j
   0.00000e+00+0.00000e+00j  1.43547e+01-1.12272e-02j]
 [ 1.43756e+01-1.01015e-02j  0.00000e+00+0.00000e+00j
  -0.00000e+00+0.00000e+00j  0.00000e+00+0.00000e+00j
  -2.03144e-05-4.87828e-05j  1.33147e+00+7.20643e-01j]
 [ 0.00000e+00+0.00000e+00j  1.43418e+01-1.26433e-02j
  -0.00000e+00+0.00000e+00j -2.02937e-05+4.87924e-05j
   0.00000e+00+0.00000e+00j  1.37278e+00-6.30004e-01j]
 [ 0.00000e+00+0.00000e+00j  0.00000e+00+0.00000e+00j
   1.43547e+01-1.12272e-02j -1.33064e+00+7.20227e-01j
  -1.37223e+00-6.28886e-01j  0.00000e+00+0.00000e+00j]]
CK_appr = 
 [[ 0.00000e+00+0.00000e+00j  0.00000e+00+0.00000e+00j
   0.00000e+00+0.00000e+00j  3.01925e-05+9.04985e-08j
   0.00000e+00+0.00000e+00j  0.00000e+00+0.00000e+00j]
 [ 0.00000e+00+0.00000e+00j  0.00000e+00+0.00000e+00j
   0.00000e+00+0.00000e+00j  0.00000e+00+0.00000e+00j
   3.02631e-05-8.07168e-08j  0.00000e+00+0.00000e+00j]
 [ 0.00000e+00+0.00000e+00j  0.00000e+00+0.00000e+00j
   0.00000e+00+0.00000e+00j  0.00000e+00+0.00000e+00j
   0.00000e+00+0.00000e+00j  3.02452e-05+4.34647e-09j]
 [ 2.18784e-07+1.22499e-06j  0.00000e+00+0.00000e+00j
   0.00000e+00+0.00000e+00j  0.00000e+00+0.00000e+00j
  -4.30500e-11-1.02862e-10j  2.80399e-06+1.52099e-06j]
 [ 0.00000e+00+0.00000e+00j  2.16333e-07-1.22245e-06j
   0.00000e+00+0.00000e+00j -4.30011e-11+1.02319e-10j
   0.00000e+00+0.00000e+00j  2.89367e-06-1.32473e-06j]
 [ 0.00000e+00+0.00000e+00j  0.00000e+00+0.00000e+00j
   3.13619e-07-2.45290e-10j -2.80028e-06+1.50232e-06j
  -2.89796e-06-1.32187e-06j  0.00000e+00+0.00000e+00j]]
lambda_appr_xyz =  [-4.17020e-06-4.56720e-06j  4.16989e-06-4.57227e-06j
  4.17019e-06+4.56717e-06j  3.02342e-06-1.07225e-09j
 -3.02341e-06+1.07228e-09j -4.16989e-06+4.57229e-06j]
ldiff_xyz (from CK_appr) in micro-meter =  [-12.68949  12.69043  12.68951  17.5026  -17.50267 -12.69042]
