
--------------------------------------------------
diffusion length analysis for gr-bn using U of -L:
--------------------------------------------------

drift-diffusion model for sz
AK = 
 [[ 2.18479e-08-4.04285e-23j -1.02998e-14-6.46840e-20j]
 [-1.02995e-14-9.56880e-20j  5.89337e-06-3.65918e-19j]]
BK = 
 [[-4.71430e-07+4.17415e-14j  1.22956e-01+1.01655e-15j]
 [ 1.22956e-01+4.02022e-16j -6.57592e-08+5.58942e-15j]]
ldiff_RR_z (from CK) in micro-meter =  [-18.13337  18.13223]
vx2_sz =  (0.12295610636946555+4.014797881930577e-16j)
taupvsz_inv =  (4.7930686338688957e-05-5.486476359389697e-18j)
vx2_sz * taupvsz_inv =  (5.893370567821329e-06-6.553525690394729e-19j)
ldiff_DD_z in micro-meter =  18.13279828341549

drift-diffusion model for sx
AK = 
 [[ 1.51593e-08+8.52239e-08j -1.11374e-13+4.06295e-14j]
 [-1.11374e-13+4.06296e-14j  5.89577e-06+1.04898e-08j]]
BK = 
 [[2.36792e-07+1.34896e-06j 1.22988e-01+3.92043e-08j]
 [1.22988e-01+3.92043e-08j 3.00776e-08-1.08619e-04j]]
ldiff_RR_x (from CK) in micro-meter =  [ 11.89487 -11.89299]
vx2_sx =  (0.12298756689859724+3.920428364209328e-08j)
taupvsx_inv =  (4.7937939038447165e-05+8.527609669037994e-08j)
vx2_sx * taupvsx_inv =  (5.895770481128709e-06+1.0489779019118631e-08j)
ldiff_DD_x in micro-meter =  11.89393033850385

drift-diffusion model for sy
AK = 
 [[ 1.51593e-08-8.52239e-08j -1.11374e-13-4.06295e-14j]
 [-1.11374e-13-4.06297e-14j  5.89577e-06-1.04898e-08j]]
BK = 
 [[2.36792e-07-1.34896e-06j 1.22988e-01-3.92043e-08j]
 [1.22988e-01-3.92043e-08j 3.00776e-08+1.08619e-04j]]
ldiff_RR_y (from CK) in micro-meter =  [ 11.89487 -11.89299]
vx2_sy =  (0.12298756689859507-3.920428393130421e-08j)
taupvsy_inv =  (4.7937939038447456e-05-8.527609670123743e-08j)
vx2_sy * taupvsy_inv =  (5.89577048112864e-06-1.0489779020467645e-08j)
ldiff_DD_y in micro-meter =  11.893930338509957

sx-sz coupling
AK = 
 [[ 1.51593e-08+8.52239e-08j  2.99187e-19-2.87494e-19j
  -1.11374e-13+4.06295e-14j  1.99838e-10-6.02822e-10j]
 [ 8.40475e-19-9.12487e-20j  2.18479e-08-4.05042e-23j
   1.40883e-10-7.62465e-11j -1.02998e-14-6.46375e-20j]
 [-1.11374e-13+4.06296e-14j -1.40966e-10-7.63045e-11j
   5.89577e-06+1.04898e-08j  1.21562e-11-4.14187e-11j]
 [ 3.95174e-10+4.96649e-10j -1.02995e-14-9.56881e-20j
  -1.23570e-10-2.06059e-10j  5.89337e-06-6.47345e-19j]]
BK = 
 [[ 2.36792e-07+1.34896e-06j -6.45216e-03-3.49254e-03j
   1.22988e-01+3.92043e-08j -3.81097e-06+6.93798e-06j]
 [ 6.44835e-03-3.48988e-03j -4.71430e-07+4.17320e-14j
  -5.71032e-06-1.04457e-05j  1.22956e-01+1.01932e-15j]
 [ 1.22988e-01+3.92043e-08j -3.81097e-06+6.93798e-06j
   3.00776e-08-1.08619e-04j -8.66556e-04-4.69035e-04j]
 [-5.71032e-06-1.04457e-05j  1.22956e-01+4.01736e-16j
   8.66042e-04-4.68682e-04j -6.57592e-08+5.58907e-15j]]
CK = 
 [[-6.13176e-10+1.09066e-10j  1.05749e-10+5.71994e-11j
   4.79151e-05+8.52343e-08j  3.85602e-10-8.15494e-10j]
 [-2.95491e-10-3.71567e-10j  1.07374e-14+1.03187e-13j
   1.21307e-09+2.40034e-09j  4.79078e-05+3.85636e-11j]
 [ 1.23254e-07+6.92919e-07j  5.50379e-12-1.00189e-11j
  -9.82194e-11-1.81192e-10j  2.51496e-06+1.35556e-06j]
 [-2.40819e-11+1.95263e-11j  1.77681e-07+1.70750e-15j
  -2.51415e-06+1.35489e-06j  1.88163e-10+3.30326e-10j]]
ldiff_xz (from CK) in micro-meter =  [ 12.96869 -12.96704  18.61627 -18.61625]
T1xinv =  (1.51592730198992e-08+8.522385338774583e-08j)
T1zinv =  (2.1847850392843157e-08+1.2201144826063678e-19j)
vx2_sx * taupvsx_inv =  (5.895770481128709e-06+1.0489779019118631e-08j)
vx2_sz * taupvsz_inv =  (5.893370567821329e-06-6.553525690394729e-19j)
vxz =  (-0.006452158762209366-0.0034925383542234257j)
vzx =  (0.00644835126200945-0.003489884686501837j)
vxz0 =  (0.004454241024566386+4.424240059301876e-16j)
vzx0 =  (-0.004453564742161084+7.922381003259022e-06j)
T1xinv vxz =  (1.9983754040734965e-10-6.02822174829133e-10j)
T1zinv vzx =  (1.4088261365330966e-10-7.62464785181797e-11j)
T1zinv vxz =  (-1.409657993471962e-10-7.630445545512731e-11j)
T1xinv vzx =  (3.951737381715847e-10+4.966492277755325e-10j)
AK_appr = 
 [[1.51593e-08+8.52239e-08j 0.00000e+00+0.00000e+00j
  0.00000e+00+0.00000e+00j 0.00000e+00+0.00000e+00j]
 [0.00000e+00+0.00000e+00j 2.18479e-08+1.22011e-19j
  0.00000e+00+0.00000e+00j 0.00000e+00+0.00000e+00j]
 [0.00000e+00+0.00000e+00j 0.00000e+00+0.00000e+00j
  5.89577e-06+1.04898e-08j 0.00000e+00+0.00000e+00j]
 [0.00000e+00+0.00000e+00j 0.00000e+00+0.00000e+00j
  0.00000e+00+0.00000e+00j 5.89337e-06-6.55353e-19j]]
BK_appr = 
 [[ 0.     +0.00000e+00j -0.00645-3.49254e-03j  0.12299+3.92043e-08j
   0.     +0.00000e+00j]
 [ 0.00645-3.48988e-03j  0.     +0.00000e+00j  0.     +0.00000e+00j
   0.12296+4.01480e-16j]
 [ 0.12299+3.92043e-08j  0.     +0.00000e+00j  0.     +0.00000e+00j
   0.     +0.00000e+00j]
 [ 0.     +0.00000e+00j  0.12296+4.01480e-16j  0.     +0.00000e+00j
   0.     +0.00000e+00j]]
1 / vx2_sx =  (8.13090318978661-2.5918573962977636e-06j)
1 / vx2_sz =  (8.132983627467372-2.6556050289374492e-14j)
vxz / vx2_sx / vx2_sz =  (-0.42667167058119687-0.23095619534666614j)
vzx / vx2_sx / vx2_sz =  (0.4264197391084117-0.23078098421079377j)
BK_appr_inv = 
 [[ 0.     +0.00000e+00j -0.     +0.00000e+00j  8.1309 -2.59186e-06j
   0.     +0.00000e+00j]
 [ 0.     +0.00000e+00j -0.     +0.00000e+00j  0.     +0.00000e+00j
   8.13298-2.65561e-14j]
 [ 8.1309 -2.59186e-06j -0.     +0.00000e+00j  0.     +0.00000e+00j
   0.42667+2.30956e-01j]
 [ 0.     +0.00000e+00j  8.13298-2.65561e-14j -0.42642+2.30781e-01j
   0.     +0.00000e+00j]]
CK_appr = 
 [[ 0.00000e+00+0.00000e+00j  0.00000e+00+0.00000e+00j
   4.79379e-05+8.52761e-08j  0.00000e+00+0.00000e+00j]
 [ 0.00000e+00+0.00000e+00j  0.00000e+00+0.00000e+00j
   0.00000e+00+0.00000e+00j  4.79307e-05-5.48648e-18j]
 [ 1.23259e-07+6.92947e-07j  0.00000e+00+0.00000e+00j
   0.00000e+00+0.00000e+00j  2.51453e-06+1.36111e-06j]
 [ 0.00000e+00+0.00000e+00j  1.77688e-07+9.91737e-19j
  -2.51649e-06+1.35616e-06j  0.00000e+00+0.00000e+00j]]
lambda_appr_xz =  [-4.08039e-06-4.29410e-06j  4.08039e-06+4.29410e-06j
 -2.84356e-06+3.21663e-07j  2.84356e-06-3.21663e-07j]
ldiff_xz (from CK_appr) in micro-meter =  [-12.96878  12.96878 -18.60966  18.60966]
b =  (-6.192707490025487e-12-3.321383696572236e-11j)
c =  (4.9820083742819317e-23+2.8300163769105904e-22j)
b*b - 4*c =  (-1.2640896748998444e-21-7.206393968640077e-22j)
sqrt(b*b - 4*c) =  (9.772039913442283e-12-3.687251603796184e-11j)
E2_plus =  (7.982373701733885e-12-1.8293395361197414e-12j)
E2_minus =  (-1.789666211708398e-12+3.50431765018421e-11j)

sy-sz coupling
AK = 
 [[ 1.51593e-08-8.52239e-08j  1.28070e-19-2.94740e-20j
  -1.11374e-13-4.06295e-14j  1.59577e-10+6.14707e-10j]
 [ 5.98205e-20+7.95129e-19j  2.18479e-08-4.05042e-23j
   1.45612e-10+6.67728e-11j -1.02998e-14-6.46375e-20j]
 [-1.11374e-13-4.06297e-14j -1.45699e-10+6.68251e-11j
   5.89577e-06-1.04898e-08j  9.39338e-12+4.21313e-11j]
 [ 3.61500e-10-5.21671e-10j -1.02995e-14-9.56881e-20j
  -1.09687e-10+2.13772e-10j  5.89337e-06-6.47345e-19j]]
BK = 
 [[ 2.36792e-07-1.34896e-06j -6.66879e-03+3.05866e-03j
   1.22988e-01-3.92043e-08j -3.34430e-06-7.17459e-06j]
 [ 6.66482e-03+3.05626e-03j -4.71430e-07+4.17320e-14j
  -5.00777e-06+1.08002e-05j  1.22956e-01+1.01932e-15j]
 [ 1.22988e-01-3.92043e-08j -3.34430e-06-7.17459e-06j
   3.00776e-08+1.08619e-04j -8.95649e-04+4.10763e-04j]
 [-5.00777e-06+1.08002e-05j  1.22956e-01+4.01736e-16j
   8.95112e-04+4.10444e-04j -6.57592e-08+5.58907e-15j]]
CK = 
 [[-6.13176e-10-1.09066e-10j  1.09297e-10-5.00883e-11j
   4.79151e-05-8.52343e-08j  3.30886e-10+8.39186e-10j]
 [-2.70298e-10+3.90277e-10j  1.07374e-14-1.03189e-13j
   1.05185e-09-2.47523e-09j  4.79078e-05-3.85636e-11j]
 [ 1.23254e-07-6.92919e-07j  4.82989e-12+1.03606e-11j
  -9.82193e-11+1.81192e-10j  2.59902e-06-1.18645e-06j]
 [-2.53193e-11-1.78927e-11j  1.77681e-07-1.70753e-15j
  -2.59816e-06-1.18584e-06j  1.88163e-10-3.30326e-10j]]
ldiff_yz (from CK) in micro-meter =  [ 12.96869 -12.96704  18.61627 -18.61625]
T1yinv =  (1.5159273020094237e-08-8.522385338742343e-08j)
T1zinv =  (2.1847850392843157e-08+1.2201144826063678e-19j)
vx2_sy * taupvsy_inv =  (5.89577048112864e-06-1.0489779020467645e-08j)
vx2_sz * taupvsz_inv =  (5.893370567821329e-06-6.553525690394729e-19j)
vyz =  (-0.006668791971316466+0.00305865828301667j)
vzy =  (0.006664817478984575+0.0030562619481325575j)
vyz0 =  (3.906021456959175e-10+3.9503646643612925e-17j)
vzy0 =  (-3.847497738192865e-10+6.843088136898798e-13j)
T1xinv vyz =  (-3.617646832811252e-10-5.219731132500252e-10j)
T1zinv vzy =  (1.4561193517608818e-10+6.677275380495268e-11j)
T1zinv vyz =  (-1.4569876929068893e-10+6.682510856936506e-11j)
T1xinv vzy =  (-1.5943263239047206e-10+6.143321369771376e-10j)
AK_appr = 
 [[1.51593e-08-8.52239e-08j 0.00000e+00+0.00000e+00j
  0.00000e+00+0.00000e+00j 0.00000e+00+0.00000e+00j]
 [0.00000e+00+0.00000e+00j 2.18479e-08+1.22011e-19j
  0.00000e+00+0.00000e+00j 0.00000e+00+0.00000e+00j]
 [0.00000e+00+0.00000e+00j 0.00000e+00+0.00000e+00j
  5.89577e-06-1.04898e-08j 0.00000e+00+0.00000e+00j]
 [0.00000e+00+0.00000e+00j 0.00000e+00+0.00000e+00j
  0.00000e+00+0.00000e+00j 5.89337e-06-6.55353e-19j]]
BK_appr = 
 [[ 0.     +0.00000e+00j -0.00667+3.05866e-03j  0.12299-3.92043e-08j
   0.     +0.00000e+00j]
 [ 0.00666+3.05626e-03j  0.     +0.00000e+00j  0.     +0.00000e+00j
   0.12296+4.01480e-16j]
 [ 0.12299-3.92043e-08j  0.     +0.00000e+00j  0.     +0.00000e+00j
   0.     +0.00000e+00j]
 [ 0.     +0.00000e+00j  0.12296+4.01480e-16j  0.     +0.00000e+00j
   0.     +0.00000e+00j]]
1 / vx2_sy =  (8.130903189786753+2.5918574154180488e-06j)
1 / vx2_sz =  (8.132983627467372-2.6556050289374492e-14j)
vyz / vx2_sy / vx2_sz =  (-0.44099729114936437+0.20226435139838j)
vzy / vx2_sy / vx2_sz =  (0.44073433502351583+0.20210616642722934j)
BK_appr_inv = 
 [[ 0.     +0.00000e+00j -0.     +0.00000e+00j  8.1309 +2.59186e-06j
   0.     +0.00000e+00j]
 [ 0.     +0.00000e+00j -0.     +0.00000e+00j  0.     +0.00000e+00j
   8.13298-2.65561e-14j]
 [ 8.1309 +2.59186e-06j -0.     +0.00000e+00j  0.     +0.00000e+00j
   0.441  -2.02264e-01j]
 [ 0.     +0.00000e+00j  8.13298-2.65561e-14j -0.44073-2.02106e-01j
   0.     +0.00000e+00j]]
CK_appr = 
 [[ 0.00000e+00+0.00000e+00j  0.00000e+00+0.00000e+00j
   4.79379e-05-8.52761e-08j  0.00000e+00+0.00000e+00j]
 [ 0.00000e+00+0.00000e+00j  0.00000e+00+0.00000e+00j
   0.00000e+00+0.00000e+00j  4.79307e-05-5.48648e-18j]
 [ 1.23259e-07-6.92947e-07j  0.00000e+00+0.00000e+00j
   0.00000e+00+0.00000e+00j  2.59896e-06-1.19202e-06j]
 [ 0.00000e+00+0.00000e+00j  1.77688e-07+9.91737e-19j
  -2.60059e-06-1.18695e-06j  0.00000e+00+0.00000e+00j]]
lambda_appr_yz =  [ 4.08039e-06-4.29410e-06j -4.08039e-06+4.29410e-06j
  2.84356e-06+3.21663e-07j -2.84356e-06-3.21663e-07j]
ldiff_yz (from CK_appr) in micro-meter =  [ 12.96878 -12.96878  18.60966 -18.60966]
b =  (-6.192707490023797e-12+3.321383696550435e-11j)
c =  (4.982008374650071e-23-2.8300163768946323e-22j)
b*b - 4*c =  (-1.2640896749001092e-21+7.206393968604368e-22j)
sqrt(b*b - 4*c) =  (9.77203991339615e-12+3.687251603795321e-11j)
E2_plus =  (7.982373701709974e-12+1.8293395362244282e-12j)
E2_minus =  (-1.7896662116861765e-12-3.504317650172878e-11j)

sx-sy coupling
AK = 
 [[ 1.51593e-08+8.52239e-08j -4.54160e-19-4.78648e-19j
  -1.11374e-13+4.06295e-14j -1.86715e-14+1.19817e-14j]
 [ 1.64870e-19+9.39874e-19j  1.51593e-08-8.52239e-08j
  -1.86715e-14-1.19818e-14j -1.11374e-13-4.06295e-14j]
 [-1.11374e-13+4.06296e-14j  2.16580e-14-4.80810e-15j
   5.89577e-06+1.04898e-08j  1.51407e-09+2.01532e-09j]
 [ 2.16581e-14+4.80801e-15j -1.11374e-13-4.06297e-14j
   1.51407e-09-2.01532e-09j  5.89577e-06-1.04898e-08j]]
BK = 
 [[ 2.36792e-07+1.34896e-06j  9.85036e-08+2.36609e-07j
   1.22988e-01+3.92043e-08j -1.03956e-05-1.37627e-05j]
 [ 9.85036e-08-2.36609e-07j  2.36792e-07-1.34896e-06j
  -1.03956e-05+1.37627e-05j  1.22988e-01-3.92043e-08j]
 [ 1.22988e-01+3.92043e-08j -1.03956e-05-1.37627e-05j
   3.00776e-08-1.08619e-04j -2.23268e-09+3.18749e-08j]
 [-1.03956e-05+1.37627e-05j  1.22988e-01-3.92043e-08j
  -2.23268e-09-3.18749e-08j  3.00776e-08+1.08619e-04j]]
CK = 
 [[-6.12927e-10+1.09020e-10j -1.33902e-15-8.37260e-14j
   4.79379e-05+8.52760e-08j  1.63724e-08+2.17435e-08j]
 [-1.33850e-15+8.37253e-14j -6.12927e-10-1.09020e-10j
   1.63724e-08-2.17435e-08j  4.79379e-05-8.52760e-08j]
 [ 1.23259e-07+6.92947e-07j  8.79617e-11-4.47774e-11j
  -9.23354e-11-5.25640e-10j -3.85702e-11-9.22469e-11j]
 [ 8.79618e-11+4.47774e-11j  1.23259e-07-6.92947e-07j
  -3.85702e-11+9.22469e-11j -9.23354e-11+5.25640e-10j]]
ldiff_xy (from CK) in micro-meter =  [-11.89299  11.89487 -11.89299  11.89487]
T1xinv =  (1.51592730198992e-08+8.522385338774583e-08j)
T1yinv =  (1.5159273020094237e-08-8.522385338742343e-08j)
vx2_sx * taupvsx_inv =  (5.895770481128709e-06+1.0489779019118631e-08j)
vx2_sy * taupvsz_inv =  (5.894878492575085e-06-1.879088911012624e-12j)
vxy =  (9.850357603308451e-08+2.366092454921388e-07j)
vyx =  (9.850357603769237e-08-2.3660931242454677e-07j)
vxy0 =  (1.6882802463355551e-07-3.4193073918829736e-16j)
vyx0 =  (3.268421783088556e-07-5.814147910123017e-10j)
T1xinv vxy =  (-1.8671509045485272e-14+1.1981678473459956e-14j)
T1zinv vyx =  (-1.8671514749557646e-14-1.198167948851369e-14j)
T1zinv vxy =  (2.1657994250472057e-14-4.808030170486677e-15j)
T1xinv vyx =  (2.16579999548367e-14+4.808029156310636e-15j)
AK_appr = 
 [[1.51593e-08+8.52239e-08j 0.00000e+00+0.00000e+00j
  0.00000e+00+0.00000e+00j 0.00000e+00+0.00000e+00j]
 [0.00000e+00+0.00000e+00j 1.51593e-08-8.52239e-08j
  0.00000e+00+0.00000e+00j 0.00000e+00+0.00000e+00j]
 [0.00000e+00+0.00000e+00j 0.00000e+00+0.00000e+00j
  5.89577e-06+1.04898e-08j 0.00000e+00+0.00000e+00j]
 [0.00000e+00+0.00000e+00j 0.00000e+00+0.00000e+00j
  0.00000e+00+0.00000e+00j 5.89577e-06-1.04898e-08j]]
BK_appr = 
 [[0.00000e+00+0.00000e+00j 9.85036e-08+2.36609e-07j
  1.22988e-01+3.92043e-08j 0.00000e+00+0.00000e+00j]
 [9.85036e-08-2.36609e-07j 0.00000e+00+0.00000e+00j
  0.00000e+00+0.00000e+00j 1.22988e-01-3.92043e-08j]
 [1.22988e-01+3.92043e-08j 0.00000e+00+0.00000e+00j
  0.00000e+00+0.00000e+00j 0.00000e+00+0.00000e+00j]
 [0.00000e+00+0.00000e+00j 1.22988e-01-3.92043e-08j
  0.00000e+00+0.00000e+00j 0.00000e+00+0.00000e+00j]]
1 / vx2_sx =  (8.13090318978661-2.5918573962977636e-06j)
1 / vx2_sy =  (8.130903189786753+2.5918574154180488e-06j)
vxy / vx2_sx / vx2_sy =  (6.512227705367667e-06+1.5642612643042807e-05j)
vyx / vx2_sx / vx2_sy =  (6.512227705672373e-06-1.564261706805047e-05j)
BK_appr_inv = 
 [[-0.00000e+00+0.00000e+00j  0.00000e+00-0.00000e+00j
   8.13090e+00-2.59186e-06j  0.00000e+00+0.00000e+00j]
 [-0.00000e+00+0.00000e+00j  0.00000e+00-0.00000e+00j
   0.00000e+00+0.00000e+00j  8.13090e+00+2.59186e-06j]
 [ 8.13090e+00-2.59186e-06j  0.00000e+00-0.00000e+00j
   0.00000e+00+0.00000e+00j -6.51223e-06-1.56426e-05j]
 [ 0.00000e+00+0.00000e+00j  8.13090e+00+2.59186e-06j
  -6.51223e-06+1.56426e-05j  0.00000e+00+0.00000e+00j]]
CK_appr = 
 [[ 0.00000e+00+0.00000e+00j  0.00000e+00+0.00000e+00j
   4.79379e-05+8.52761e-08j  0.00000e+00+0.00000e+00j]
 [ 0.00000e+00+0.00000e+00j  0.00000e+00+0.00000e+00j
   0.00000e+00+0.00000e+00j  4.79379e-05-8.52761e-08j]
 [ 1.23259e-07+6.92947e-07j  0.00000e+00+0.00000e+00j
   0.00000e+00+0.00000e+00j -3.85587e-11-9.21569e-11j]
 [ 0.00000e+00+0.00000e+00j  1.23259e-07-6.92947e-07j
  -3.85587e-11+9.21570e-11j  0.00000e+00+0.00000e+00j]]
lambda_appr_xy =  [-4.44913e-06-3.73432e-06j  4.44913e-06+3.73432e-06j
  4.44913e-06-3.73432e-06j -4.44913e-06+3.73432e-06j]
ldiff_xy (from CK_appr) in micro-meter =  [-11.89393  11.89393  11.89393 -11.89393]
b =  (-1.1699362298333468e-11-1.2341046847384535e-22j)
c =  (1.1383822504553703e-21+3.012697981609457e-33j)
b*b - 4*c =  (-4.4166539236338144e-21-9.163144362272673e-33j)
sqrt(b*b - 4*c) =  (6.893945533081776e-23-6.645791091836858e-11j)
E2_plus =  (5.849681149201203e-12-3.322895545912259e-11j)
E2_minus =  (5.8496811491322645e-12+3.322895545924599e-11j)

sx-sy-sz coupling
AK = 
 [[ 1.51593e-08+8.52239e-08j -4.54160e-19-4.78648e-19j
   2.99187e-19-2.87494e-19j -1.11374e-13+4.06295e-14j
  -1.86715e-14+1.19817e-14j  1.99838e-10-6.02822e-10j]
 [ 1.64870e-19+9.39874e-19j  1.51593e-08-8.52239e-08j
   1.28070e-19-2.94740e-20j -1.86715e-14-1.19818e-14j
  -1.11374e-13-4.06295e-14j  1.59577e-10+6.14707e-10j]
 [ 8.40475e-19-9.12491e-20j  5.98207e-20+7.95129e-19j
   2.18479e-08-4.04551e-23j  1.40883e-10-7.62465e-11j
   1.45612e-10+6.67728e-11j -1.02998e-14-6.47497e-20j]
 [-1.11374e-13+4.06296e-14j  2.16580e-14-4.80810e-15j
  -1.40966e-10-7.63045e-11j  5.89577e-06+1.04898e-08j
   1.51407e-09+2.01532e-09j  1.21562e-11-4.14187e-11j]
 [ 2.16581e-14+4.80801e-15j -1.11374e-13-4.06297e-14j
  -1.45699e-10+6.68251e-11j  1.51407e-09-2.01532e-09j
   5.89577e-06-1.04898e-08j  9.39338e-12+4.21313e-11j]
 [ 3.95174e-10+4.96649e-10j  3.61500e-10-5.21671e-10j
  -1.02995e-14-9.56880e-20j -1.23570e-10-2.06059e-10j
  -1.09687e-10+2.13772e-10j  5.89337e-06-6.51471e-19j]]
BK = 
 [[ 2.36792e-07+1.34896e-06j  9.85036e-08+2.36609e-07j
  -6.45216e-03-3.49254e-03j  1.22988e-01+3.92043e-08j
  -1.03956e-05-1.37627e-05j -3.81097e-06+6.93798e-06j]
 [ 9.85036e-08-2.36609e-07j  2.36792e-07-1.34896e-06j
  -6.66879e-03+3.05866e-03j -1.03956e-05+1.37627e-05j
   1.22988e-01-3.92043e-08j -3.34430e-06-7.17459e-06j]
 [ 6.44835e-03-3.48988e-03j  6.66482e-03+3.05626e-03j
  -4.71430e-07+4.17364e-14j -5.71032e-06-1.04457e-05j
  -5.00777e-06+1.08002e-05j  1.22956e-01+1.01795e-15j]
 [ 1.22988e-01+3.92043e-08j -1.03956e-05-1.37627e-05j
  -3.81097e-06+6.93798e-06j  3.00776e-08-1.08619e-04j
  -2.23268e-09+3.18749e-08j -8.66556e-04-4.69035e-04j]
 [-1.03956e-05+1.37627e-05j  1.22988e-01-3.92043e-08j
  -3.34430e-06-7.17459e-06j -2.23268e-09-3.18749e-08j
   3.00776e-08+1.08619e-04j -8.95649e-04+4.10763e-04j]
 [-5.71032e-06-1.04457e-05j -5.00777e-06+1.08002e-05j
   1.22956e-01+4.01992e-16j  8.66042e-04-4.68682e-04j
   8.95112e-04+4.10444e-04j -6.57592e-08+5.58922e-15j]]
CK = 
 [[-6.13176e-10+1.09066e-10j -1.09087e-13-3.01166e-13j
   1.05713e-10+5.71800e-11j  4.79151e-05+8.52343e-08j
   2.58514e-09+3.47533e-09j  3.86264e-10-8.17849e-10j]
 [-1.09086e-13+3.01165e-13j -6.13176e-10-1.09066e-10j
   1.09260e-10-5.00714e-11j  2.58514e-09-3.47533e-09j
   4.79151e-05-8.52343e-08j  3.31391e-10+8.41580e-10j]
 [-2.95840e-10-3.72009e-10j -2.70618e-10+3.90740e-10j
   1.02135e-14-7.61860e-19j  1.21359e-09+2.39957e-09j
   1.05242e-09-2.47451e-09j  4.78849e-05-5.43529e-18j]
 [ 1.23254e-07+6.92919e-07j  6.26633e-11-3.19606e-11j
   5.50554e-12-1.00227e-11j -9.81937e-11-1.81203e-10j
  -6.06234e-11-8.21452e-11j  2.51411e-06+1.35510e-06j]
 [ 6.26633e-11+3.19606e-11j  1.23254e-07-6.92919e-07j
   4.83138e-12+1.03645e-11j -6.06234e-11+8.21452e-11j
  -9.81937e-11+1.81203e-10j  2.59814e-06-1.18605e-06j]
 [-2.40632e-11+1.95085e-11j -2.52994e-11-1.78762e-11j
   1.77674e-07-2.34770e-20j -2.51437e-06+1.35502e-06j
  -2.59840e-06-1.18595e-06j  1.92701e-10-1.67042e-17j]]
ldiff_xyz (from CK) in micro-meter =  [ 13.20173 -13.20003 -13.20003 -18.45429  18.45557  13.20173]
vij = 
 [[ 2.36792e-07+1.34896e-06j  9.85036e-08+2.36609e-07j
  -6.45216e-03-3.49254e-03j]
 [ 9.85036e-08-2.36609e-07j  2.36792e-07-1.34896e-06j
  -6.66879e-03+3.05866e-03j]
 [ 6.44835e-03-3.48988e-03j  6.66482e-03+3.05626e-03j
  -4.71430e-07+4.17348e-14j]]
vij0 =  [[ 7.14951e-12-6.58691e-16j  1.68828e-07-3.41927e-16j
   4.45424e-03+4.42422e-16j]
 [ 3.26893e-07-3.35003e-17j  1.24123e-12-4.38428e-16j
   3.90602e-10+3.95117e-17j]
 [-4.45425e-03-4.22497e-16j -3.84809e-10-1.16940e-16j
   8.30248e-12+2.47912e-16j]]
AK_appr = 
 [[1.51593e-08+8.52239e-08j 0.00000e+00+0.00000e+00j
  0.00000e+00+0.00000e+00j 0.00000e+00+0.00000e+00j
  0.00000e+00+0.00000e+00j 0.00000e+00+0.00000e+00j]
 [0.00000e+00+0.00000e+00j 1.51593e-08-8.52239e-08j
  0.00000e+00+0.00000e+00j 0.00000e+00+0.00000e+00j
  0.00000e+00+0.00000e+00j 0.00000e+00+0.00000e+00j]
 [0.00000e+00+0.00000e+00j 0.00000e+00+0.00000e+00j
  2.18479e-08+1.22011e-19j 0.00000e+00+0.00000e+00j
  0.00000e+00+0.00000e+00j 0.00000e+00+0.00000e+00j]
 [0.00000e+00+0.00000e+00j 0.00000e+00+0.00000e+00j
  0.00000e+00+0.00000e+00j 5.89577e-06+1.04898e-08j
  0.00000e+00+0.00000e+00j 0.00000e+00+0.00000e+00j]
 [0.00000e+00+0.00000e+00j 0.00000e+00+0.00000e+00j
  0.00000e+00+0.00000e+00j 0.00000e+00+0.00000e+00j
  5.89577e-06-1.04898e-08j 0.00000e+00+0.00000e+00j]
 [0.00000e+00+0.00000e+00j 0.00000e+00+0.00000e+00j
  0.00000e+00+0.00000e+00j 0.00000e+00+0.00000e+00j
  0.00000e+00+0.00000e+00j 5.89337e-06-6.55353e-19j]]
BK_appr = 
 [[ 0.00000e+00+0.00000e+00j  9.85036e-08+2.36609e-07j
  -6.45216e-03-3.49254e-03j  1.22988e-01+3.92043e-08j
   0.00000e+00+0.00000e+00j  0.00000e+00+0.00000e+00j]
 [ 9.85036e-08-2.36609e-07j  0.00000e+00+0.00000e+00j
  -6.66879e-03+3.05866e-03j  0.00000e+00+0.00000e+00j
   1.22988e-01-3.92043e-08j  0.00000e+00+0.00000e+00j]
 [ 6.44835e-03-3.48988e-03j  6.66482e-03+3.05626e-03j
   0.00000e+00+0.00000e+00j  0.00000e+00+0.00000e+00j
   0.00000e+00+0.00000e+00j  1.22956e-01+4.01480e-16j]
 [ 1.22988e-01+3.92043e-08j  0.00000e+00+0.00000e+00j
   0.00000e+00+0.00000e+00j  0.00000e+00+0.00000e+00j
   0.00000e+00+0.00000e+00j  0.00000e+00+0.00000e+00j]
 [ 0.00000e+00+0.00000e+00j  1.22988e-01-3.92043e-08j
   0.00000e+00+0.00000e+00j  0.00000e+00+0.00000e+00j
   0.00000e+00+0.00000e+00j  0.00000e+00+0.00000e+00j]
 [ 0.00000e+00+0.00000e+00j  0.00000e+00+0.00000e+00j
   1.22956e-01+4.01480e-16j  0.00000e+00+0.00000e+00j
   0.00000e+00+0.00000e+00j  0.00000e+00+0.00000e+00j]]
BK_appr_inv = 
 [[ 0.00000e+00+0.00000e+00j  0.00000e+00+0.00000e+00j
  -0.00000e+00+0.00000e+00j  8.13090e+00-2.59186e-06j
   0.00000e+00+0.00000e+00j  0.00000e+00+0.00000e+00j]
 [ 0.00000e+00+0.00000e+00j  0.00000e+00+0.00000e+00j
  -0.00000e+00+0.00000e+00j  0.00000e+00+0.00000e+00j
   8.13090e+00+2.59186e-06j  0.00000e+00+0.00000e+00j]
 [ 0.00000e+00+0.00000e+00j  0.00000e+00+0.00000e+00j
  -0.00000e+00+0.00000e+00j  0.00000e+00+0.00000e+00j
   0.00000e+00+0.00000e+00j  8.13298e+00-2.65561e-14j]
 [ 8.13090e+00-2.59186e-06j  0.00000e+00+0.00000e+00j
  -0.00000e+00+0.00000e+00j  0.00000e+00+0.00000e+00j
  -6.51223e-06-1.56426e-05j  4.26672e-01+2.30956e-01j]
 [ 0.00000e+00+0.00000e+00j  8.13090e+00+2.59186e-06j
  -0.00000e+00+0.00000e+00j -6.51223e-06+1.56426e-05j
   0.00000e+00+0.00000e+00j  4.40997e-01-2.02264e-01j]
 [ 0.00000e+00+0.00000e+00j  0.00000e+00+0.00000e+00j
   8.13298e+00-2.65561e-14j -4.26420e-01+2.30781e-01j
  -4.40734e-01-2.02106e-01j  0.00000e+00+0.00000e+00j]]
CK_appr = 
 [[ 0.00000e+00+0.00000e+00j  0.00000e+00+0.00000e+00j
   0.00000e+00+0.00000e+00j  4.79379e-05+8.52761e-08j
   0.00000e+00+0.00000e+00j  0.00000e+00+0.00000e+00j]
 [ 0.00000e+00+0.00000e+00j  0.00000e+00+0.00000e+00j
   0.00000e+00+0.00000e+00j  0.00000e+00+0.00000e+00j
   4.79379e-05-8.52761e-08j  0.00000e+00+0.00000e+00j]
 [ 0.00000e+00+0.00000e+00j  0.00000e+00+0.00000e+00j
   0.00000e+00+0.00000e+00j  0.00000e+00+0.00000e+00j
   0.00000e+00+0.00000e+00j  4.79307e-05-5.48648e-18j]
 [ 1.23259e-07+6.92947e-07j  0.00000e+00+0.00000e+00j
   0.00000e+00+0.00000e+00j  0.00000e+00+0.00000e+00j
  -3.85587e-11-9.21569e-11j  2.51453e-06+1.36111e-06j]
 [ 0.00000e+00+0.00000e+00j  1.23259e-07-6.92947e-07j
   0.00000e+00+0.00000e+00j -3.85587e-11+9.21570e-11j
   0.00000e+00+0.00000e+00j  2.59896e-06-1.19202e-06j]
 [ 0.00000e+00+0.00000e+00j  0.00000e+00+0.00000e+00j
   1.77688e-07+9.91737e-19j -2.51649e-06+1.35616e-06j
  -2.60059e-06-1.18695e-06j  0.00000e+00+0.00000e+00j]]
lambda_appr_xyz =  [-4.00808e-06-4.27175e-06j  4.00808e-06+4.27173e-06j
  4.00808e-06-4.27173e-06j  2.86965e-06+1.04553e-17j
 -2.86964e-06-1.12793e-17j -4.00808e-06+4.27175e-06j]
ldiff_xyz (from CK_appr) in micro-meter =  [-13.20275  13.20277  13.20277  18.44047 -18.44053 -13.20275]

--------------------------------------------------
diffusion length analysis for gr-bn using rotated U of L:
--------------------------------------------------
<s|UR>:
 [[-0.21445+0.10691j -0.21445-0.10691j]
 [-0.10694-0.21447j -0.10694+0.21447j]]
normR_rotate =  [1.47878 1.47878]
normL_rotate =  [1.47878 1.47878]
<s|UR>:
 [[6.77797e-01+3.95324e-16j 2.85470e-16-5.16723e-16j]
 [6.26940e-16+1.64250e-16j 6.77797e-01+5.95242e-16j]]
oUs_rotate:
 [[ 1.00000e+00-1.31759e-16j -5.59687e-15-7.89955e-16j]
 [-5.48791e-15+1.14576e-15j  1.00000e+00+2.09895e-16j]]

drift-diffusion model for sz
AK = 
 [[ 2.18479e-08-4.04285e-23j -1.02998e-14-6.46840e-20j]
 [-1.02995e-14-9.56880e-20j  5.89337e-06-3.65918e-19j]]
BK = 
 [[-4.71430e-07+4.17415e-14j  1.22956e-01+1.01655e-15j]
 [ 1.22956e-01+4.02022e-16j -6.57592e-08+5.58942e-15j]]
ldiff_RR_z (from CK) in micro-meter =  [-18.13337  18.13223]
vx2_sz =  (0.12295610636946555+4.014797881930577e-16j)
taupvsz_inv =  (4.7930686338688957e-05-5.486476359389697e-18j)
vx2_sz * taupvsz_inv =  (5.893370567821329e-06-6.553525690394729e-19j)
ldiff_DD_z in micro-meter =  18.13279828341549

drift-diffusion model for sx
AK = 
 [[ 1.51521e-08-5.02926e-22j -1.13045e-13-3.36366e-20j]
 [-1.02183e-13-5.14283e-20j  5.89829e-06-9.08019e-19j]]
BK = 
 [[4.84925e-07-4.25689e-14j 1.22970e-01+3.15286e-16j]
 [1.22970e-01-3.00107e-16j 6.33242e-08-5.92946e-15j]]
ldiff_RR_x (from CK) in micro-meter =  [ 21.76801 -21.7663 ]
vx2_sx =  (0.12297031929199162-2.9930659497095473e-16j)
taupvsx_inv =  (4.796515394605092e-05-5.092217375287441e-18j)
vx2_sx * taupvsx_inv =  (5.898290295635414e-06-6.405478834481742e-19j)
ldiff_DD_x in micro-meter =  11.880867981256632

drift-diffusion model for sy
AK = 
 [[ 1.51664e-08+4.73974e-22j -1.09703e-13+6.35402e-20j]
 [-1.20565e-13-5.46610e-20j  5.89325e-06-6.36969e-19j]]
BK = 
 [[-1.13406e-08-2.29431e-15j  1.23005e-01+6.23633e-16j]
 [ 1.23005e-01+4.11997e-18j -3.16894e-09-4.53880e-16j]]
ldiff_RR_y (from CK) in micro-meter =  [-21.77229  21.77226]
vx2_sy =  (0.12300481450520079+7.40664572223735e-18j)
taupvsy_inv =  (4.791073170857673e-05-5.535618937890613e-18j)
vx2_sy * taupvsy_inv =  (5.8932506666219225e-06-6.805529228106529e-19j)
ldiff_DD_y in micro-meter =  11.889281078794298

sx-sz coupling
AK = 
 [[ 1.51521e-08-5.06939e-22j -1.88967e-19+2.54556e-19j
  -1.13045e-13-3.35905e-20j  1.56657e-10+5.18029e-12j]
 [-8.49663e-19-6.93488e-19j  2.18479e-08-4.05042e-23j
  -2.26435e-10+7.48769e-12j -1.02998e-14-6.46375e-20j]
 [-1.02183e-13-5.14286e-20j  2.26551e-10+7.49152e-12j
   5.89829e-06-6.76991e-19j  1.27209e-11+4.20652e-13j]
 [-1.57513e-10+5.20860e-12j -1.02995e-14-9.56881e-20j
   1.51330e-11-5.00414e-13j  5.89337e-06-6.47345e-19j]]
BK = 
 [[ 4.84925e-07-4.25745e-14j  1.03695e-02+3.42895e-04j
   1.22970e-01+3.17828e-16j  7.57318e-08+2.50428e-09j]
 [-1.03642e-02+3.42720e-04j -4.71430e-07+4.17320e-14j
   7.85098e-08-2.59614e-09j  1.22956e-01+1.01932e-15j]
 [ 1.22970e-01-2.99219e-16j  7.57318e-08+2.50428e-09j
   6.33242e-08-5.92941e-15j  1.39265e-03+4.60518e-05j]
 [ 7.85098e-08-2.59614e-09j  1.22956e-01+4.01736e-16j
  -1.39194e-03+4.60282e-05j -6.57592e-08+5.58907e-15j]]
CK = 
 [[-8.92735e-13-3.45462e-19j -1.69853e-10-5.61664e-12j
   4.79194e-05-5.38163e-18j  7.38576e-11+2.44230e-12j]
 [ 1.13738e-10-3.76107e-12j  1.01243e-14-7.61556e-19j
   9.23722e-11-3.05454e-12j  4.78849e-05-5.40165e-18j]
 [ 1.23208e-07-4.07756e-21j -1.09607e-13-3.62226e-15j
  -2.00173e-10+1.63711e-17j -4.03663e-06-1.33482e-07j]
 [-1.53492e-13+5.06972e-15j  1.77674e-07-2.33780e-20j
   4.03736e-06-1.33506e-07j  1.92326e-10-1.66999e-17j]]
ldiff_xz (from CK) in micro-meter =  [ 30.21074  30.21074 -30.21066 -30.21066]
T1xinv =  (1.51592730198992e-08+8.522385338774583e-08j)
T1zinv =  (2.1847850392843157e-08+1.2201144826063678e-19j)
vx2_sx * taupvsx_inv =  (5.898290295635414e-06-6.405478834481742e-19j)
vx2_sz * taupvsz_inv =  (5.893370567821329e-06-6.553525690394729e-19j)
vxz =  (0.010369482624820492+0.0003428952635064365j)
vzx =  (-0.010364175448445128+0.0003427197672234062j)
vxz0 =  (0.004454241024566386+4.424240059301876e-16j)
vzx0 =  (-0.004451051922888735-3.852443569407998e-16j)
T1xinv vxz =  (1.279709625203298e-10+8.889253098412037e-10j)
T1zinv vzx =  (-2.2643495464284912e-10+7.487690199702463e-12j)
T1zinv vxz =  (2.2655090503822283e-10+7.491524418768353e-12j)
T1xinv vzx =  (-1.8632126444404587e-10-8.780795863825065e-10j)
AK_appr = 
 [[1.51593e-08+8.52239e-08j 0.00000e+00+0.00000e+00j
  0.00000e+00+0.00000e+00j 0.00000e+00+0.00000e+00j]
 [0.00000e+00+0.00000e+00j 2.18479e-08+1.22011e-19j
  0.00000e+00+0.00000e+00j 0.00000e+00+0.00000e+00j]
 [0.00000e+00+0.00000e+00j 0.00000e+00+0.00000e+00j
  5.89829e-06-6.40548e-19j 0.00000e+00+0.00000e+00j]
 [0.00000e+00+0.00000e+00j 0.00000e+00+0.00000e+00j
  0.00000e+00+0.00000e+00j 5.89337e-06-6.55353e-19j]]
BK_appr = 
 [[ 0.     +0.00000e+00j  0.01037+3.42895e-04j  0.12297-2.99307e-16j
   0.     +0.00000e+00j]
 [-0.01036+3.42720e-04j  0.     +0.00000e+00j  0.     +0.00000e+00j
   0.12296+4.01480e-16j]
 [ 0.12297-2.99307e-16j  0.     +0.00000e+00j  0.     +0.00000e+00j
   0.     +0.00000e+00j]
 [ 0.     +0.00000e+00j  0.12296+4.01480e-16j  0.     +0.00000e+00j
   0.     +0.00000e+00j]]
1 / vx2_sx =  (8.132043616358443+1.9793185046450845e-14j)
1 / vx2_sz =  (8.132983627467372-2.6556050289374492e-14j)
vxz / vx2_sx / vx2_sz =  (0.6858145355605718+0.02267833067434757j)
vzx / vx2_sx / vx2_sz =  (-0.6854635307098285+0.02266672374021383j)
BK_appr_inv = 
 [[ 0.     +0.00000e+00j -0.     +0.00000e+00j  8.13204+1.97932e-14j
   0.     +0.00000e+00j]
 [ 0.     +0.00000e+00j -0.     +0.00000e+00j  0.     +0.00000e+00j
   8.13298-2.65561e-14j]
 [ 8.13204+1.97932e-14j -0.     +0.00000e+00j  0.     +0.00000e+00j
  -0.68581-2.26783e-02j]
 [ 0.     +0.00000e+00j  8.13298-2.65561e-14j  0.68546-2.26667e-02j
   0.     +0.00000e+00j]]
CK_appr = 
 [[ 0.00000e+00+0.00000e+00j  0.00000e+00+0.00000e+00j
   4.79652e-05-5.09222e-18j  0.00000e+00+0.00000e+00j]
 [ 0.00000e+00+0.00000e+00j  0.00000e+00+0.00000e+00j
   0.00000e+00+0.00000e+00j  4.79307e-05-5.48648e-18j]
 [ 1.23276e-07+6.93044e-07j  0.00000e+00+0.00000e+00j
   0.00000e+00+0.00000e+00j -4.04176e-06-1.33652e-07j]
 [ 0.00000e+00+0.00000e+00j  1.77688e-07+9.91737e-19j
   4.04306e-06-1.33695e-07j  0.00000e+00+0.00000e+00j]]
lambda_appr_xz =  [ 3.77432e-06+4.81618e-06j -3.77432e-06-4.81618e-06j
  2.71119e-06-5.74210e-07j -2.71119e-06+5.74210e-07j]
ldiff_xz (from CK_appr) in micro-meter =  [ 14.02048 -14.02048  19.51828 -19.51828]
b =  (1.9292913084960154e-12-3.32419666075545e-11j)
c =  (5.0358893121711756e-23+2.831124499620601e-22j)
b*b - 4*c =  (-1.3027417514715772e-21-1.2607166743547799e-21j)
sqrt(b*b - 4*c) =  (1.5970921242651303e-11-3.946912814859923e-11j)
E2_plus =  (7.020814967077644e-12-3.113580770522364e-12j)
E2_minus =  (-8.950106275573659e-12+3.635554737807687e-11j)

sy-sz coupling
AK = 
 [[ 1.51664e-08+4.72023e-22j -2.98109e-19-8.26723e-21j
  -1.09703e-13+6.35721e-20j -8.83913e-10-2.92290e-11j]
 [ 2.76660e-19+2.71321e-19j  2.18479e-08-4.05042e-23j
   1.21465e-13-4.01650e-15j -1.02998e-14-6.46375e-20j]
 [-1.20565e-13-5.46611e-20j -1.18609e-13-3.92186e-15j
   5.89325e-06-6.76991e-19j -5.96736e-11-1.97327e-12j]
 [-8.83088e-10+2.92017e-11j -1.02995e-14-9.56881e-20j
   3.39249e-10-1.12182e-11j  5.89337e-06-6.47345e-19j]]
BK = 
 [[-1.13406e-08-2.29521e-15j -5.42887e-06-1.79520e-07j
   1.23005e-01+6.24640e-16j  1.11888e-05+3.69990e-07j]
 [ 5.55956e-06-1.83842e-07j -4.71430e-07+4.17320e-14j
   1.68254e-05-5.56377e-07j  1.22956e-01+1.01932e-15j]
 [ 1.23005e-01+7.17606e-18j  1.11888e-05+3.69990e-07j
  -3.16894e-09-4.54138e-16j -6.92740e-07-2.29073e-08j]
 [ 1.68254e-05-5.56377e-07j  1.22956e-01+4.01736e-16j
   7.15614e-07-2.36637e-08j -6.57592e-08+5.58907e-15j]]
CK = 
 [[-3.22994e-13-4.43834e-19j  3.64399e-14+1.20721e-15j
   4.79107e-05-5.50656e-18j -4.84503e-09-1.60214e-10j]
 [-7.18285e-09+2.37521e-10j  1.13548e-14-7.86611e-19j
  -3.79702e-09+1.25559e-10j  4.79307e-05-5.42150e-18j]
 [ 1.23299e-07+3.00350e-21j -1.61630e-11-5.34473e-13j
   3.55476e-12+1.41088e-18j -5.07058e-09-1.67673e-10j]
 [-1.68999e-11+5.58842e-13j  1.77688e-07-1.90775e-21j
  -2.16535e-09+7.16033e-11j  1.84603e-10-1.67936e-17j]]
ldiff_yz (from CK) in micro-meter =  [ 21.77259  18.13203 -21.77254 -18.13323]
T1yinv =  (1.5159273020094237e-08-8.522385338742343e-08j)
T1zinv =  (2.1847850392843157e-08+1.2201144826063678e-19j)
vx2_sy * taupvsy_inv =  (5.8932506666219225e-06-6.805529228106529e-19j)
vx2_sz * taupvsz_inv =  (5.893370567821329e-06-6.553525690394729e-19j)
vyz =  (-5.4288665178060385e-06-1.7952029822115446e-07j)
vzy =  (5.55956429845747e-06-1.8384217530527696e-07j)
vyz0 =  (3.906021456959175e-10+3.9503646643612925e-17j)
vzy0 =  (-3.845326875909757e-10-1.1684986234299816e-16j)
T1xinv vyz =  (-6.699825815628713e-14-4.653903213884923e-13j)
T1zinv vzy =  (1.2146452904211326e-13-4.016556341286205e-15j)
T1zinv vyz =  (-1.186090634837198e-13-3.922132618676754e-15j)
T1xinv vzy =  (9.994669166670234e-14+4.710205789434605e-13j)
AK_appr = 
 [[1.51593e-08-8.52239e-08j 0.00000e+00+0.00000e+00j
  0.00000e+00+0.00000e+00j 0.00000e+00+0.00000e+00j]
 [0.00000e+00+0.00000e+00j 2.18479e-08+1.22011e-19j
  0.00000e+00+0.00000e+00j 0.00000e+00+0.00000e+00j]
 [0.00000e+00+0.00000e+00j 0.00000e+00+0.00000e+00j
  5.89325e-06-6.80553e-19j 0.00000e+00+0.00000e+00j]
 [0.00000e+00+0.00000e+00j 0.00000e+00+0.00000e+00j
  0.00000e+00+0.00000e+00j 5.89337e-06-6.55353e-19j]]
BK_appr = 
 [[ 0.00000e+00+0.00000e+00j -5.42887e-06-1.79520e-07j
   1.23005e-01+7.40665e-18j  0.00000e+00+0.00000e+00j]
 [ 5.55956e-06-1.83842e-07j  0.00000e+00+0.00000e+00j
   0.00000e+00+0.00000e+00j  1.22956e-01+4.01480e-16j]
 [ 1.23005e-01+7.40665e-18j  0.00000e+00+0.00000e+00j
   0.00000e+00+0.00000e+00j  0.00000e+00+0.00000e+00j]
 [ 0.00000e+00+0.00000e+00j  1.22956e-01+4.01480e-16j
   0.00000e+00+0.00000e+00j  0.00000e+00+0.00000e+00j]]
1 / vx2_sy =  (8.12976308303541-4.895277896559197e-16j)
1 / vx2_sz =  (8.132983627467372-2.6556050289374492e-14j)
vyz / vx2_sy / vx2_sz =  (-0.0003589524741989305-1.1869743896640974e-05j)
vzy / vx2_sy / vx2_sz =  (0.0003675941108247835-1.2155503081814215e-05j)
BK_appr_inv = 
 [[ 0.00000e+00+0.00000e+00j -0.00000e+00+0.00000e+00j
   8.12976e+00-4.89528e-16j  0.00000e+00+0.00000e+00j]
 [ 0.00000e+00+0.00000e+00j -0.00000e+00+0.00000e+00j
   0.00000e+00+0.00000e+00j  8.13298e+00-2.65561e-14j]
 [ 8.12976e+00-4.89528e-16j -0.00000e+00+0.00000e+00j
   0.00000e+00+0.00000e+00j  3.58952e-04+1.18697e-05j]
 [ 0.00000e+00+0.00000e+00j  8.13298e+00-2.65561e-14j
  -3.67594e-04+1.21555e-05j  0.00000e+00+0.00000e+00j]]
CK_appr = 
 [[ 0.00000e+00+0.00000e+00j  0.00000e+00+0.00000e+00j
   4.79107e-05-5.53562e-18j  0.00000e+00+0.00000e+00j]
 [ 0.00000e+00+0.00000e+00j  0.00000e+00+0.00000e+00j
   0.00000e+00+0.00000e+00j  4.79307e-05-5.48648e-18j]
 [ 1.23241e-07-6.92850e-07j  0.00000e+00+0.00000e+00j
   0.00000e+00+0.00000e+00j  2.11544e-09+6.99528e-11j]
 [ 0.00000e+00+0.00000e+00j  1.77688e-07+9.91737e-19j
  -2.16632e-09+7.16354e-11j  0.00000e+00+0.00000e+00j]]
lambda_appr_yz =  [-4.45087e-06+3.72904e-06j  4.45087e-06-3.72904e-06j
  2.91834e-06+2.00433e-13j -2.91834e-06-2.00433e-13j]
ldiff_yz (from CK_appr) in micro-meter =  [-11.88928  11.88928  18.1328  -18.1328 ]
b =  (-1.4421294021590071e-11+3.319493786674211e-11j)
c =  (5.028764838378834e-23-2.827119194465583e-22j)
b*b - 4*c =  (-1.0950807722548734e-21+1.734197597768294e-22j)
sqrt(b*b - 4*c) =  (2.6121414694252807e-12+3.31949402064707e-11j)
E2_plus =  (8.516717745507676e-12+1.1698642923255056e-18j)
E2_minus =  (5.904576276082395e-12-3.3194939036606405e-11j)

sx-sy coupling
AK = 
 [[ 1.51521e-08-5.06939e-22j  8.52139e-08+8.03573e-22j
  -1.13045e-13-3.35905e-20j  1.85049e-14-1.36384e-19j]
 [-8.52338e-08+1.05385e-21j  1.51664e-08+4.72023e-22j
  -6.27595e-14+7.95457e-20j -1.09703e-13+6.35721e-20j]
 [-1.02183e-13-5.14286e-20j  6.08123e-14+9.11237e-20j
   5.89829e-06-6.76991e-19j  1.04847e-08-3.54430e-20j]
 [-2.04407e-14-2.04018e-19j -1.20565e-13-5.46611e-20j
  -1.04944e-08+3.20549e-20j  5.89325e-06-6.76991e-19j]]
BK = 
 [[ 4.84925e-07-4.25745e-14j  1.28506e-06-8.55022e-14j
   1.22970e-01+3.17828e-16j  2.08317e-08-1.03879e-15j]
 [-1.41283e-06+3.20599e-14j -1.13406e-08-2.29521e-15j
  -6.04822e-08+1.08301e-15j  1.23005e-01+6.24640e-16j]
 [ 1.22970e-01-2.99219e-16j  2.08317e-08-9.78249e-16j
   6.33242e-08-5.92941e-15j -1.08627e-04-1.12264e-14j]
 [-6.04822e-08+1.02210e-15j  1.23005e-01+7.17606e-18j
   1.08611e-04+4.66756e-15j -3.16894e-09-4.54138e-16j]]
CK = 
 [[-6.13004e-10-4.75530e-19j  1.09056e-10+7.85684e-19j
   4.79652e-05-5.39973e-18j  8.52539e-08+9.43079e-20j]
 [-1.08983e-10-1.66584e-18j -6.12850e-10-4.70227e-19j
  -8.52935e-08-1.52324e-19j  4.79107e-05-5.53572e-18j]
 [ 1.23218e-07-1.05632e-20j  6.92963e-07+5.39869e-21j
  -1.89175e-10+1.62739e-17j -5.00862e-10+3.22332e-17j]
 [-6.92931e-07+1.11536e-20j  1.23300e-07-2.92085e-21j
   5.50407e-10-1.18566e-17j  4.50433e-12+1.38862e-18j]]
ldiff_xy (from CK) in micro-meter =  [-11.89299 -11.89299  11.89487  11.89487]
T1xinv =  (1.51592730198992e-08+8.522385338774583e-08j)
T1yinv =  (1.5159273020094237e-08-8.522385338742343e-08j)
vx2_sx * taupvsx_inv =  (5.898290295635414e-06-6.405478834481742e-19j)
vx2_sy * taupvsz_inv =  (5.8957051821973965e-06-6.745080012609646e-19j)
vxy =  (1.2850636820769986e-06-8.55019820580491e-14j)
vyx =  (-1.4128278597600255e-06+3.2060053051759014e-14j)
vxy0 =  (1.6882802463355551e-07-3.4193073918829736e-16j)
vyx0 =  (3.2665776528873477e-07-3.348212824668505e-17j)
T1xinv vxy =  (1.948063849137055e-14+1.0951807753909906e-13j)
T1zinv vyx =  (-2.1417440524216378e-14+1.2040663486786274e-13j)
T1zinv vxy =  (1.948062391800442e-14-1.0951808013098054e-13j)
T1xinv vyx =  (-2.1417445988503347e-14-1.2040663389630402e-13j)
AK_appr = 
 [[1.51593e-08+8.52239e-08j 0.00000e+00+0.00000e+00j
  0.00000e+00+0.00000e+00j 0.00000e+00+0.00000e+00j]
 [0.00000e+00+0.00000e+00j 1.51593e-08-8.52239e-08j
  0.00000e+00+0.00000e+00j 0.00000e+00+0.00000e+00j]
 [0.00000e+00+0.00000e+00j 0.00000e+00+0.00000e+00j
  5.89829e-06-6.40548e-19j 0.00000e+00+0.00000e+00j]
 [0.00000e+00+0.00000e+00j 0.00000e+00+0.00000e+00j
  0.00000e+00+0.00000e+00j 5.89325e-06-6.80553e-19j]]
BK_appr = 
 [[ 0.00000e+00+0.00000e+00j  1.28506e-06-8.55020e-14j
   1.22970e-01-2.99307e-16j  0.00000e+00+0.00000e+00j]
 [-1.41283e-06+3.20601e-14j  0.00000e+00+0.00000e+00j
   0.00000e+00+0.00000e+00j  1.23005e-01+7.40665e-18j]
 [ 1.22970e-01-2.99307e-16j  0.00000e+00+0.00000e+00j
   0.00000e+00+0.00000e+00j  0.00000e+00+0.00000e+00j]
 [ 0.00000e+00+0.00000e+00j  1.23005e-01+7.40665e-18j
   0.00000e+00+0.00000e+00j  0.00000e+00+0.00000e+00j]]
1 / vx2_sx =  (8.132043616358443+1.9793185046450845e-14j)
1 / vx2_sy =  (8.12976308303541-4.895277896559197e-16j)
vxy / vx2_sx / vx2_sy =  (8.495760067998383e-05-5.652671607788991e-12j)
vyx / vx2_sx / vx2_sy =  (-9.340429335381096e-05+2.1195407963165196e-12j)
BK_appr_inv = 
 [[ 0.00000e+00+0.00000e+00j -0.00000e+00+0.00000e+00j
   8.13204e+00+1.97932e-14j  0.00000e+00+0.00000e+00j]
 [ 0.00000e+00+0.00000e+00j -0.00000e+00+0.00000e+00j
   0.00000e+00+0.00000e+00j  8.12976e+00-4.89528e-16j]
 [ 8.13204e+00+1.97932e-14j -0.00000e+00+0.00000e+00j
   0.00000e+00+0.00000e+00j -8.49576e-05+5.65267e-12j]
 [ 0.00000e+00+0.00000e+00j  8.12976e+00-4.89528e-16j
   9.34043e-05-2.11954e-12j  0.00000e+00+0.00000e+00j]]
CK_appr = 
 [[ 0.00000e+00+0.00000e+00j  0.00000e+00+0.00000e+00j
   4.79652e-05-5.09222e-18j  0.00000e+00+0.00000e+00j]
 [ 0.00000e+00+0.00000e+00j  0.00000e+00+0.00000e+00j
   0.00000e+00+0.00000e+00j  4.79107e-05-5.53562e-18j]
 [ 1.23276e-07+6.93044e-07j  0.00000e+00+0.00000e+00j
   0.00000e+00+0.00000e+00j -5.00676e-10+3.33127e-17j]
 [ 0.00000e+00+0.00000e+00j  1.23241e-07-6.92850e-07j
   5.50926e-10-1.25017e-17j  0.00000e+00+0.00000e+00j]]
lambda_appr_xy =  [ 4.45403e-06+3.73168e-06j -4.45403e-06-3.73168e-06j
 -4.45087e-06+3.72904e-06j  4.45087e-06-3.72904e-06j]
ldiff_xy (from CK_appr) in micro-meter =  [ 11.88087 -11.88087 -11.88928  11.88928]
b =  (-1.1817526549065916e-11-4.7028740718083676e-14j)
c =  (1.1383784836758826e-21+3.0181052556232396e-33j)
b*b - 4*c =  (-4.413862212668106e-21+1.1115267719377613e-24j)
sqrt(b*b - 4*c) =  (8.365281163475471e-15+6.643690452335986e-11j)
E2_plus =  (5.9129459151146955e-12+3.324196663203897e-11j)
E2_minus =  (5.90458063395122e-12-3.319493789132089e-11j)

sx-sy-sz coupling
AK = 
 [[ 1.51521e-08-5.06953e-22j  8.52139e-08+8.03566e-22j
  -1.88967e-19+2.54556e-19j -1.13045e-13-3.35902e-20j
   1.85049e-14-1.36383e-19j  1.56657e-10+5.18029e-12j]
 [-8.52338e-08+1.05388e-21j  1.51664e-08+4.72021e-22j
  -2.98108e-19-8.26730e-21j -6.27595e-14+7.95470e-20j
  -1.09703e-13+6.35719e-20j -8.83913e-10-2.92290e-11j]
 [-8.49663e-19-6.93488e-19j  2.76659e-19+2.71322e-19j
   2.18479e-08-4.04551e-23j -2.26435e-10+7.48769e-12j
   1.21465e-13-4.01650e-15j -1.02998e-14-6.47497e-20j]
 [-1.02183e-13-5.14286e-20j  6.08123e-14+9.11237e-20j
   2.26551e-10+7.49152e-12j  5.89829e-06-6.78385e-19j
   1.04847e-08-3.51594e-20j  1.27209e-11+4.20652e-13j]
 [-2.04407e-14-2.04018e-19j -1.20565e-13-5.46611e-20j
  -1.18609e-13-3.92186e-15j -1.04944e-08+3.17215e-20j
   5.89325e-06-6.75092e-19j -5.96736e-11-1.97327e-12j]
 [-1.57513e-10+5.20860e-12j -8.83088e-10+2.92017e-11j
  -1.02995e-14-9.56880e-20j  1.51330e-11-5.00414e-13j
   3.39249e-10-1.12182e-11j  5.89337e-06-6.51471e-19j]]
BK = 
 [[ 4.84925e-07-4.25745e-14j  1.28506e-06-8.55022e-14j
   1.03695e-02+3.42895e-04j  1.22970e-01+3.17832e-16j
   2.08317e-08-1.03878e-15j  7.57318e-08+2.50428e-09j]
 [-1.41283e-06+3.20598e-14j -1.13406e-08-2.29516e-15j
  -5.42887e-06-1.79520e-07j -6.04822e-08+1.08301e-15j
   1.23005e-01+6.24635e-16j  1.11888e-05+3.69990e-07j]
 [-1.03642e-02+3.42720e-04j  5.55956e-06-1.83842e-07j
  -4.71430e-07+4.17364e-14j  7.85098e-08-2.59614e-09j
   1.68254e-05-5.56377e-07j  1.22956e-01+1.01795e-15j]
 [ 1.22970e-01-2.99263e-16j  2.08317e-08-9.78288e-16j
   7.57318e-08+2.50428e-09j  6.33242e-08-5.92942e-15j
  -1.08627e-04-1.12264e-14j  1.39265e-03+4.60518e-05j]
 [-6.04822e-08+1.02218e-15j  1.23005e-01+7.21562e-18j
   1.11888e-05+3.69990e-07j  1.08611e-04+4.66753e-15j
  -3.16894e-09-4.54147e-16j -6.92740e-07-2.29073e-08j]
 [ 7.85098e-08-2.59614e-09j  1.68254e-05-5.56377e-07j
   1.22956e-01+4.01992e-16j -1.39194e-03+4.60282e-05j
   7.15614e-07-2.36637e-08j -6.57592e-08+5.58922e-15j]]
CK = 
 [[-6.13492e-10-4.08618e-19j  1.09148e-10+7.59251e-19j
  -1.69867e-10-5.61711e-12j  4.79194e-05-5.40412e-18j
   8.51971e-08+1.00785e-19j  6.93709e-11+2.29394e-12j]
 [-1.08985e-10-1.66588e-18j -6.12861e-10-4.70213e-19j
   3.63725e-14+1.20498e-15j -8.52708e-08-1.56744e-19j
   4.79107e-05-5.52029e-18j -1.27661e-09-4.22145e-11j]
 [ 1.17784e-10-3.89485e-12j  6.61358e-10-2.18696e-11j
   1.02135e-14-7.61860e-19j  1.04039e-10-3.44032e-12j
  -3.79911e-09+1.25628e-10j  4.78849e-05-5.43531e-18j]
 [ 1.23208e-07-1.01375e-20j  6.92907e-07+2.71179e-20j
  -1.09612e-13-3.62243e-15j -2.00267e-10+1.63121e-17j
  -1.80154e-10+3.21875e-17j -4.03663e-06-1.33482e-07j]
 [-6.92931e-07+1.16915e-20j  1.23300e-07-3.14534e-21j
  -1.61636e-11-5.34495e-13j  1.82235e-10-1.18772e-17j
   3.87920e-12+1.38863e-18j -5.07458e-09-1.67805e-10j]
 [ 4.30354e-11-1.42309e-12j -8.08437e-12+2.67334e-13j
   1.77674e-07-2.34770e-20j  4.03737e-06-1.33507e-07j
   5.01605e-09-1.65869e-10j  1.92701e-10-1.67029e-17j]]
ldiff_xyz (from CK) in micro-meter =  [-13.20003  13.20173 -13.20003  13.20173 -18.45429  18.45557]
vij = 
 [[ 4.84925e-07-4.25741e-14j  1.28506e-06-8.55020e-14j
   1.03695e-02+3.42895e-04j]
 [-1.41283e-06+3.20601e-14j -1.13406e-08-2.29541e-15j
  -5.42887e-06-1.79520e-07j]
 [-1.03642e-02+3.42720e-04j  5.55956e-06-1.83842e-07j
  -4.71430e-07+4.17348e-14j]]
vij0 =  [[ 7.14951e-12-6.58691e-16j  1.68828e-07-3.41927e-16j
   4.45424e-03+4.42422e-16j]
 [ 3.26893e-07-3.35003e-17j  1.24123e-12-4.38428e-16j
   3.90602e-10+3.95117e-17j]
 [-4.45425e-03-4.22497e-16j -3.84809e-10-1.16940e-16j
   8.30248e-12+2.47912e-16j]]
AK_appr = 
 [[1.51593e-08+8.52239e-08j 0.00000e+00+0.00000e+00j
  0.00000e+00+0.00000e+00j 0.00000e+00+0.00000e+00j
  0.00000e+00+0.00000e+00j 0.00000e+00+0.00000e+00j]
 [0.00000e+00+0.00000e+00j 1.51593e-08-8.52239e-08j
  0.00000e+00+0.00000e+00j 0.00000e+00+0.00000e+00j
  0.00000e+00+0.00000e+00j 0.00000e+00+0.00000e+00j]
 [0.00000e+00+0.00000e+00j 0.00000e+00+0.00000e+00j
  2.18479e-08+1.22011e-19j 0.00000e+00+0.00000e+00j
  0.00000e+00+0.00000e+00j 0.00000e+00+0.00000e+00j]
 [0.00000e+00+0.00000e+00j 0.00000e+00+0.00000e+00j
  0.00000e+00+0.00000e+00j 5.89829e-06-6.40548e-19j
  0.00000e+00+0.00000e+00j 0.00000e+00+0.00000e+00j]
 [0.00000e+00+0.00000e+00j 0.00000e+00+0.00000e+00j
  0.00000e+00+0.00000e+00j 0.00000e+00+0.00000e+00j
  5.89325e-06-6.80553e-19j 0.00000e+00+0.00000e+00j]
 [0.00000e+00+0.00000e+00j 0.00000e+00+0.00000e+00j
  0.00000e+00+0.00000e+00j 0.00000e+00+0.00000e+00j
  0.00000e+00+0.00000e+00j 5.89337e-06-6.55353e-19j]]
BK_appr = 
 [[ 0.00000e+00+0.00000e+00j  1.28506e-06-8.55020e-14j
   1.03695e-02+3.42895e-04j  1.22970e-01-2.99307e-16j
   0.00000e+00+0.00000e+00j  0.00000e+00+0.00000e+00j]
 [-1.41283e-06+3.20601e-14j  0.00000e+00+0.00000e+00j
  -5.42887e-06-1.79520e-07j  0.00000e+00+0.00000e+00j
   1.23005e-01+7.40665e-18j  0.00000e+00+0.00000e+00j]
 [-1.03642e-02+3.42720e-04j  5.55956e-06-1.83842e-07j
   0.00000e+00+0.00000e+00j  0.00000e+00+0.00000e+00j
   0.00000e+00+0.00000e+00j  1.22956e-01+4.01480e-16j]
 [ 1.22970e-01-2.99307e-16j  0.00000e+00+0.00000e+00j
   0.00000e+00+0.00000e+00j  0.00000e+00+0.00000e+00j
   0.00000e+00+0.00000e+00j  0.00000e+00+0.00000e+00j]
 [ 0.00000e+00+0.00000e+00j  1.23005e-01+7.40665e-18j
   0.00000e+00+0.00000e+00j  0.00000e+00+0.00000e+00j
   0.00000e+00+0.00000e+00j  0.00000e+00+0.00000e+00j]
 [ 0.00000e+00+0.00000e+00j  0.00000e+00+0.00000e+00j
   1.22956e-01+4.01480e-16j  0.00000e+00+0.00000e+00j
   0.00000e+00+0.00000e+00j  0.00000e+00+0.00000e+00j]]
BK_appr_inv = 
 [[ 0.00000e+00+0.00000e+00j  0.00000e+00+0.00000e+00j
  -0.00000e+00+0.00000e+00j  8.13204e+00+1.97932e-14j
   0.00000e+00+0.00000e+00j  0.00000e+00+0.00000e+00j]
 [ 0.00000e+00+0.00000e+00j  0.00000e+00+0.00000e+00j
  -0.00000e+00+0.00000e+00j  0.00000e+00+0.00000e+00j
   8.12976e+00-4.89528e-16j  0.00000e+00+0.00000e+00j]
 [ 0.00000e+00+0.00000e+00j  0.00000e+00+0.00000e+00j
  -0.00000e+00+0.00000e+00j  0.00000e+00+0.00000e+00j
   0.00000e+00+0.00000e+00j  8.13298e+00-2.65561e-14j]
 [ 8.13204e+00+1.97932e-14j  0.00000e+00+0.00000e+00j
  -0.00000e+00+0.00000e+00j  0.00000e+00+0.00000e+00j
  -8.49576e-05+5.65267e-12j -6.85815e-01-2.26783e-02j]
 [ 0.00000e+00+0.00000e+00j  8.12976e+00-4.89528e-16j
  -0.00000e+00+0.00000e+00j  9.34043e-05-2.11954e-12j
   0.00000e+00+0.00000e+00j  3.58952e-04+1.18697e-05j]
 [ 0.00000e+00+0.00000e+00j  0.00000e+00+0.00000e+00j
   8.13298e+00-2.65561e-14j  6.85464e-01-2.26667e-02j
  -3.67594e-04+1.21555e-05j  0.00000e+00+0.00000e+00j]]
CK_appr = 
 [[ 0.00000e+00+0.00000e+00j  0.00000e+00+0.00000e+00j
   0.00000e+00+0.00000e+00j  4.79652e-05-5.09222e-18j
   0.00000e+00+0.00000e+00j  0.00000e+00+0.00000e+00j]
 [ 0.00000e+00+0.00000e+00j  0.00000e+00+0.00000e+00j
   0.00000e+00+0.00000e+00j  0.00000e+00+0.00000e+00j
   4.79107e-05-5.53562e-18j  0.00000e+00+0.00000e+00j]
 [ 0.00000e+00+0.00000e+00j  0.00000e+00+0.00000e+00j
   0.00000e+00+0.00000e+00j  0.00000e+00+0.00000e+00j
   0.00000e+00+0.00000e+00j  4.79307e-05-5.48648e-18j]
 [ 1.23276e-07+6.93044e-07j  0.00000e+00+0.00000e+00j
   0.00000e+00+0.00000e+00j  0.00000e+00+0.00000e+00j
  -5.00676e-10+3.33127e-17j -4.04176e-06-1.33652e-07j]
 [ 0.00000e+00+0.00000e+00j  1.23241e-07-6.92850e-07j
   0.00000e+00+0.00000e+00j  5.50926e-10-1.25017e-17j
   0.00000e+00+0.00000e+00j  2.11544e-09+6.99528e-11j]
 [ 0.00000e+00+0.00000e+00j  0.00000e+00+0.00000e+00j
   1.77688e-07+9.91737e-19j  4.04306e-06-1.33695e-07j
  -2.16632e-09+7.16354e-11j  0.00000e+00+0.00000e+00j]]
lambda_appr_xyz =  [-3.77432e-06-4.81618e-06j  3.77432e-06+4.81618e-06j
 -2.71119e-06+5.74210e-07j  2.71119e-06-5.74210e-07j
  4.45087e-06-3.72904e-06j -4.45087e-06+3.72904e-06j]
ldiff_xyz (from CK_appr) in micro-meter =  [-14.02048  14.02048 -19.51828  19.51828  11.88928 -11.88928]
