dim =  2
R = 
 [[ 4.69886 -2.34943  0.     ]
 [ 0.       4.06933  0.     ]
 [ 0.       0.      25.     ]]
volume =  478.0302990950002
area =  19.121211963800008
valley:
 [[ 0.33333  0.33333  0.     ]
 [-0.33333 -0.33333 -0.     ]]

##################################################
read and compute electronic quantities
##################################################
isMetal =  True
nb =  4
nk_full =  230400.0  nk =  926  , kmesh =  [480 480   1]
nkpair =  424737
T =  0.000950043414701698
emin =  -0.0058255018  emax =  0.013175367
k to valley:
 [[[ 0.       0.       0.     ]
  [-0.33333 -0.33333  0.     ]]

 [[ 0.33333  0.33333  0.     ]
  [ 0.       0.       0.     ]]

 [[ 0.       0.00208  0.     ]
  [-0.33333 -0.33125  0.     ]]

 [[ 0.33333  0.33542  0.     ]
  [ 0.       0.00208  0.     ]]

 [[ 0.       0.00417  0.     ]
  [-0.33333 -0.32917  0.     ]]

 [[ 0.33333  0.3375   0.     ]
  [ 0.       0.00417  0.     ]]

 [[ 0.       0.00625  0.     ]
  [-0.33333 -0.32708  0.     ]]

 [[ 0.33333  0.33958  0.     ]
  [ 0.       0.00625  0.     ]]

 [[ 0.       0.00833  0.     ]
  [-0.33333 -0.325    0.     ]]

 [[ 0.33333  0.34167  0.     ]
  [ 0.       0.00833  0.     ]]]
valley of k:
 [0 1 0 1 0 1 0 1 0 1]
valley pol. of k:
 [-1  1 -1  1 -1  1 -1  1 -1  1]
Ek: [[-0.00112 -0.00112  0.00058  0.00058]
 [-0.00112 -0.00112  0.00058  0.00058]
 [-0.00175 -0.00175  0.0012   0.0012 ]
 [-0.00175 -0.00175  0.0012   0.0012 ]
 [-0.00282 -0.00282  0.00228  0.00228]
 [-0.00282 -0.00282  0.00228  0.00228]
 [-0.00398 -0.00398  0.00343  0.00343]
 [-0.00398 -0.00398  0.00343  0.00343]
 [-0.00516 -0.00516  0.00461  0.00461]
 [-0.00516 -0.00516  0.00461  0.00461]]
vbm in eV =  -0.03055548803098156
cbm in eV =  0.015741455197003262
gap in eV =  0.046296943227984826
fk: [[0.99364 0.99363 0.963   0.963  ]
 [0.99364 0.99363 0.963   0.96299]
 [0.99669 0.99668 0.93114 0.93109]
 [0.99669 0.99668 0.93114 0.93109]
 [0.99893 0.99893 0.81301 0.81288]
 [0.99893 0.99893 0.81301 0.81288]
 [0.99968 0.99968 0.5631  0.5629 ]
 [0.99968 0.99968 0.5631  0.5629 ]
 [0.99991 0.99991 0.27176 0.2716 ]
 [0.99991 0.99991 0.27176 0.2716 ]]

electron density =  1.451e+12 in cm^-d
hole density =  1.781e+09 in cm^-d
excess density =  1.449e+12 in cm^-d

sk:
 [[[[-8.72904e-09-3.46365e-18j  1.72107e-01+4.69445e-01j
     4.67184e-09+3.99873e-08j -2.09032e-06-2.69597e-04j]
   [ 1.72107e-01-4.69445e-01j  8.72914e-09-3.98389e-18j
    -6.27074e-05+2.62210e-04j  1.78404e-11+5.31742e-12j]
   [ 4.67184e-09-3.99873e-08j -6.27074e-05-2.62210e-04j
    -6.96912e-08-6.95575e-20j  5.43464e-02-4.97038e-01j]
   [-2.09032e-06+2.69597e-04j  1.78404e-11-5.31745e-12j
     5.43464e-02+4.97038e-01j  6.96909e-08-7.50144e-20j]]

  [[ 6.67332e-09+4.34966e-18j -4.69445e-01+1.72107e-01j
     3.99858e-08-4.70052e-09j  2.69597e-04-2.09032e-06j]
   [-4.69445e-01-1.72107e-01j -6.67328e-09+9.48243e-18j
    -2.62210e-04-6.27074e-05j -5.60421e-12+1.32952e-11j]
   [ 3.99858e-08+4.70052e-09j -2.62210e-04+6.27074e-05j
     6.10446e-09-1.07174e-18j -4.97038e-01-5.43464e-02j]
   [ 2.69597e-04+2.09032e-06j -5.60420e-12-1.32952e-11j
    -4.97038e-01+5.43464e-02j -6.10468e-09+2.59032e-18j]]

  [[-5.00000e-01-2.68010e-15j -9.27016e-09-5.89875e-09j
     2.32596e-12+5.94347e-13j  3.34321e-12+4.76235e-12j]
   [-9.27016e-09+5.89875e-09j  5.00000e-01+2.65216e-15j
    -5.51060e-12+3.73991e-11j -5.07682e-04-1.81673e-04j]
   [ 2.32596e-12-5.94346e-13j -5.51062e-12-3.73991e-11j
     5.00000e-01+2.71391e-15j  1.36432e-08-6.86145e-08j]
   [ 3.34323e-12-4.76236e-12j -5.07682e-04+1.81673e-04j
     1.36432e-08+6.86145e-08j -5.00000e-01-2.63547e-15j]]]


 [[[ 1.40517e-08+6.11439e-18j -1.72105e-01+4.69446e-01j
     3.25095e-08-2.37466e-08j -9.27762e-05+2.53110e-04j]
   [-1.72105e-01-4.69446e-01j -1.40515e-08+1.86617e-18j
     1.49627e-04-2.24240e-04j -4.64221e-12+1.50771e-12j]
   [ 3.25095e-08+2.37466e-08j  1.49627e-04+2.24240e-04j
    -2.85198e-09-1.86633e-18j -2.77547e-01-4.15894e-01j]
   [-9.27762e-05-2.53110e-04j -4.64218e-12-1.50763e-12j
    -2.77547e-01+4.15894e-01j  2.85176e-09+1.65207e-18j]]

  [[-1.34429e-08+1.83837e-17j  4.69446e-01+1.72105e-01j
     2.37555e-08+3.25065e-08j  2.53110e-04+9.27762e-05j]
   [ 4.69446e-01-1.72105e-01j  1.34429e-08-1.35490e-17j
    -2.24240e-04-1.49627e-04j  9.22939e-12+4.59448e-12j]
   [ 2.37555e-08-3.25065e-08j -2.24240e-04+1.49627e-04j
     6.65518e-09-3.05229e-19j  4.15894e-01-2.77547e-01j]
   [ 2.53110e-04-9.27762e-05j  9.22944e-12-4.59454e-12j
     4.15894e-01+2.77547e-01j -6.65493e-09+1.29103e-18j]]

  [[ 5.00000e-01-5.56981e-16j  1.74580e-08-8.56568e-09j
     8.37478e-13+3.16141e-12j  9.09458e-12-4.65211e-12j]
   [ 1.74580e-08+8.56568e-09j -5.00000e-01+4.64877e-16j
    -3.85633e-12-6.55602e-13j -5.39155e-04+3.24584e-08j]
   [ 8.37479e-13-3.16141e-12j -3.85632e-12+6.55611e-13j
    -5.00000e-01+7.24728e-16j  7.11862e-09-1.32221e-09j]
   [ 9.09457e-12+4.65209e-12j -5.39155e-04-3.24584e-08j
     7.11862e-09+1.32221e-09j  5.00000e-01-4.85531e-16j]]]


 [[[-4.16679e-01-2.32678e-15j -2.74853e-01+2.88938e-02j
     9.10469e-05-4.48188e-06j  6.05685e-05-4.92570e-06j]
   [-2.74853e-01-2.88938e-02j  4.16679e-01+2.26754e-15j
     2.26723e-05-5.73839e-06j -2.08452e-04+5.46388e-06j]
   [ 9.10469e-05+4.48188e-06j  2.26723e-05+5.73839e-06j
     4.98541e-01+2.65861e-15j -2.02689e-02+3.23444e-02j]
   [ 6.05685e-05+4.92570e-06j -2.08452e-04-5.46388e-06j
    -2.02689e-02-3.23444e-02j -4.98541e-01-2.74452e-15j]]

  [[-2.43017e-02-1.21647e-16j -1.56329e-02-4.99164e-01j
    -1.19225e-05+6.56479e-05j -1.16370e-06+8.22552e-05j]
   [-1.56329e-02+4.99164e-01j  2.43017e-02+1.05141e-16j
    -2.95272e-06+8.23157e-05j  4.46387e-06-6.56484e-05j]
   [-1.19225e-05-6.56479e-05j -2.95272e-06-8.23157e-05j
     3.23030e-02-1.41692e-17j -1.67554e-03-4.98953e-01j]
   [-1.16370e-06-8.22552e-05j  4.46387e-06+6.56484e-05j
    -1.67554e-03+4.98953e-01j -3.23030e-02+7.90722e-17j]]

  [[-2.75297e-01-1.51994e-15j  4.17386e-01+3.30937e-04j
    -3.99591e-05-1.73895e-05j -1.22724e-04+6.40317e-06j]
   [ 4.17386e-01-3.30937e-04j  2.75297e-01+1.71811e-15j
    -1.75204e-04-4.61987e-06j -1.22816e-04-1.67708e-05j]
   [-3.99591e-05+1.73895e-05j -1.75204e-04+4.61987e-06j
    -2.03348e-02-6.53602e-17j -4.99586e-01+3.61157e-04j]
   [-1.22724e-04-6.40317e-06j -1.22816e-04+1.67708e-05j
    -4.99586e-01-3.61157e-04j  2.03349e-02+1.44761e-16j]]]]
mask_Ek:
 [[ True  True  True  True]
 [ True  True  True  True]
 [ True  True  True  True]
 ...
 [ True  True  True  True]
 [ True  True  True  True]
 [ True  True  True  True]]

number of states within [emin,emax]:  2168  ( 3704 )
number of elements of rho left:  5600  ( 14816 )
mask_Ek and mask_rho are right
nb_k =  [4 4 4 4 4 4 4 4 4 4 2 2 2 2 2 2 2 2 2 2 2 2 2 2 2 2 2 2 2 2 2 2 2 2 2 2 2
 2 4 4 4 4 4 4 4 4 4 4 4 4 4 4 4 4 4 2 2 2 2 2 2 2 2 2 2 2 2 2 2 2 2 2 2 2
 2 2 2 2 2 2 4 2 4 4 4 4 4 4 4 4 4 4 4 4 4 4 4 4 2 2 2 2 2 2 2 2 2 2 2 2 2
 2 2 2 2 2 2 2 2 2 2 2 2 2 4 4 4 4 4 4 4 4 4 4 4 4 4 4 4 4 2 2 2 2 2 2 2 2
 2 2 2 2 2 2 2 2 2 2 2 2 2 2 2 2 2 2 2 2 4 4 4 4 4 4 4 4 4 4 4 4 4 2 2 2 2
 2 2 2 2 2 2 2 2 2 2 2 2 2 2 2 2 2 2 2 2 2 2 2 2 2 2 2 4 2 4 4 4 4 4 4 4 4
 2 2 2 2 2 2 2 2 2 2 2 2 2 2 2 2 2 2 2 2 2 2 2 2 2 2 2 2 2 2 2 2 2 2 2 4 4
 4 4 4 2 4 2 2 2 2 2 2 2 2 2 2 2 2 2 2 2 2 2 2 2 2 2 2 2 2 2 2 2 2 2 2 2 2
 2 2 2 2 2 2 2 2 2 2 2 2 2 2 2 2 2 2 2 2 2 2 2 2 2 2 2 2 2 2 2 2 2 2 2 2 2
 2 2 2 2 2 2 2 2 2 2 2 2 2 2 2 2 2 2 2 2 2 2 2 2 2 2 2 2 2 2 2 2 2 2 2 2 2
 2 2 2 2 2 2 2 2 2 2 2 2 2 2 2 2 2 2 2 2 2 2 2 2 2 2 2 2 2 2 2 2 2 2 2 2 2
 2 2 2 2 2 2 2 2 2 2 2 2 2 2 2 2 2 2 2 2 2 2 2 2 2 2 2 2 2 2 2 2 2 2 2 2 2
 2 2 2 2 2 2 2 2 2 2 2 2 2 2 2 2 2 2 2 2 2 2 2 2 2 2 2 2 2 2 2 2 2 2 2 2 2
 2 2 2 2 2 2 2 2 2 2 2 2 2 2 2 2 2 2 2 2 2 2 2 2 2 2 2 2 2 2 2 2 2 2 2 2 2
 2 2 2 2 2 2 2 2 2 2 2 2 2 2 2 2 2 2 2 2 2 2 2 2 2 2 2 2 2 2 2 2 2 2 2 2 2
 2 2 2 2 2 2 2 2 2 2 2 2 2 2 2 2 2 2 2 2 2 2 2 2 2 2 2 2 2 2 2 2 2 2 2 2 2
 2 2 2 2 2 2 2 2 2 2 2 2 2 2 2 2 2 2 2 2 2 2 2 2 2 2 2 2 2 2 2 2 2 2 2 2 2
 2 2 2 2 2 2 2 2 2 2 2 2 2 2 2 2 2 2 2 2 2 2 2 2 2 2 2 2 2 2 2 2 2 2 2 2 2
 2 2 2 2 2 2 2 2 2 2 2 2 2 2 2 2 2 2 2 2 2 2 2 2 2 2 2 2 2 2 2 2 2 2 2 2 2
 2 2 2 2 2 2 2 4 2 4 4 4 4 4 2 2 2 2 2 2 2 2 2 2 2 2 2 2 2 2 2 2 2 2 2 2 2
 2 2 2 2 2 2 2 2 2 2 4 4 4 4 4 4 4 4 4 4 2 4 2 2 2 2 2 2 2 2 2 2 2 2 2 2 2
 2 2 2 2 2 2 2 2 2 2 2 2 2 2 2 2 4 4 4 4 4 4 4 4 4 4 4 4 4 2 2 2 2 2 2 2 2
 2 2 2 2 2 2 2 2 2 2 2 2 2 2 2 2 2 2 2 2 4 4 4 4 4 4 4 4 4 4 4 4 4 4 4 4 2
 2 2 2 2 2 2 2 2 2 2 2 2 2 2 2 2 2 2 2 2 2 2 2 2 2 4 4 4 4 4 4 4 4 4 4 4 4
 4 4 4 4 2 4 2 2 2 2 2 2 2 2 2 2 2 2 2 2 2 2 2 2 2 2 2 2 2 2 2 4 4 4 4 4 4
 4]
ind_k_state =  [   0    4    8   12   16   20   24   28   32   36   40   42   44   46
   48   50   52   54   56   58   60   62   64   66   68   70   72   74
   76   78   80   82   84   86   88   90   92   94   96  100  104  108
  112  116  120  124  128  132  136  140  144  148  152  156  160  164
  166  168  170  172  174  176  178  180  182  184  186  188  190  192
  194  196  198  200  202  204  206  208  210  212  214  218  220  224
  228  232  236  240  244  248  252  256  260  264  268  272  276  280
  284  286  288  290  292  294  296  298  300  302  304  306  308  310
  312  314  316  318  320  322  324  326  328  330  332  334  336  340
  344  348  352  356  360  364  368  372  376  380  384  388  392  396
  400  402  404  406  408  410  412  414  416  418  420  422  424  426
  428  430  432  434  436  438  440  442  444  446  448  450  452  454
  456  460  464  468  472  476  480  484  488  492  496  500  504  508
  510  512  514  516  518  520  522  524  526  528  530  532  534  536
  538  540  542  544  546  548  550  552  554  556  558  560  562  564
  566  568  570  574  576  580  584  588  592  596  600  604  608  610
  612  614  616  618  620  622  624  626  628  630  632  634  636  638
  640  642  644  646  648  650  652  654  656  658  660  662  664  666
  668  670  672  674  676  678  682  686  690  694  698  700  704  706
  708  710  712  714  716  718  720  722  724  726  728  730  732  734
  736  738  740  742  744  746  748  750  752  754  756  758  760  762
  764  766  768  770  772  774  776  778  780  782  784  786  788  790
  792  794  796  798  800  802  804  806  808  810  812  814  816  818
  820  822  824  826  828  830  832  834  836  838  840  842  844  846
  848  850  852  854  856  858  860  862  864  866  868  870  872  874
  876  878  880  882  884  886  888  890  892  894  896  898  900  902
  904  906  908  910  912  914  916  918  920  922  924  926  928  930
  932  934  936  938  940  942  944  946  948  950  952  954  956  958
  960  962  964  966  968  970  972  974  976  978  980  982  984  986
  988  990  992  994  996  998 1000 1002 1004 1006 1008 1010 1012 1014
 1016 1018 1020 1022 1024 1026 1028 1030 1032 1034 1036 1038 1040 1042
 1044 1046 1048 1050 1052 1054 1056 1058 1060 1062 1064 1066 1068 1070
 1072 1074 1076 1078 1080 1082 1084 1086 1088 1090 1092 1094 1096 1098
 1100 1102 1104 1106 1108 1110 1112 1114 1116 1118 1120 1122 1124 1126
 1128 1130 1132 1134 1136 1138 1140 1142 1144 1146 1148 1150 1152 1154
 1156 1158 1160 1162 1164 1166 1168 1170 1172 1174 1176 1178 1180 1182
 1184 1186 1188 1190 1192 1194 1196 1198 1200 1202 1204 1206 1208 1210
 1212 1214 1216 1218 1220 1222 1224 1226 1228 1230 1232 1234 1236 1238
 1240 1242 1244 1246 1248 1250 1252 1254 1256 1258 1260 1262 1264 1266
 1268 1270 1272 1274 1276 1278 1280 1282 1284 1286 1288 1290 1292 1294
 1296 1298 1300 1302 1304 1306 1308 1310 1312 1314 1316 1318 1320 1322
 1324 1326 1328 1330 1332 1334 1336 1338 1340 1342 1344 1346 1348 1350
 1352 1354 1356 1358 1360 1362 1364 1366 1368 1370 1372 1374 1376 1378
 1380 1382 1384 1386 1388 1390 1392 1394 1396 1398 1400 1402 1404 1406
 1408 1410 1412 1414 1416 1418 1420 1422 1424 1426 1428 1430 1432 1434
 1436 1438 1440 1442 1444 1446 1448 1450 1452 1454 1456 1458 1460 1462
 1464 1466 1468 1470 1472 1474 1476 1478 1480 1482 1484 1486 1488 1490
 1492 1494 1496 1498 1500 1502 1504 1506 1508 1510 1512 1514 1516 1518
 1520 1522 1524 1526 1528 1530 1532 1534 1536 1538 1540 1542 1544 1546
 1548 1550 1552 1554 1556 1558 1560 1562 1564 1566 1568 1570 1572 1574
 1576 1578 1580 1582 1584 1586 1588 1590 1592 1594 1596 1600 1602 1606
 1610 1614 1618 1622 1624 1626 1628 1630 1632 1634 1636 1638 1640 1642
 1644 1646 1648 1650 1652 1654 1656 1658 1660 1662 1664 1666 1668 1670
 1672 1674 1676 1678 1680 1682 1684 1686 1688 1692 1696 1700 1704 1708
 1712 1716 1720 1724 1728 1730 1734 1736 1738 1740 1742 1744 1746 1748
 1750 1752 1754 1756 1758 1760 1762 1764 1766 1768 1770 1772 1774 1776
 1778 1780 1782 1784 1786 1788 1790 1792 1794 1796 1800 1804 1808 1812
 1816 1820 1824 1828 1832 1836 1840 1844 1848 1850 1852 1854 1856 1858
 1860 1862 1864 1866 1868 1870 1872 1874 1876 1878 1880 1882 1884 1886
 1888 1890 1892 1894 1896 1898 1900 1902 1904 1908 1912 1916 1920 1924
 1928 1932 1936 1940 1944 1948 1952 1956 1960 1964 1968 1970 1972 1974
 1976 1978 1980 1982 1984 1986 1988 1990 1992 1994 1996 1998 2000 2002
 2004 2006 2008 2010 2012 2014 2016 2018 2020 2024 2028 2032 2036 2040
 2044 2048 2052 2056 2060 2064 2068 2072 2076 2080 2084 2086 2090 2092
 2094 2096 2098 2100 2102 2104 2106 2108 2110 2112 2114 2116 2118 2120
 2122 2124 2126 2128 2130 2132 2134 2136 2138 2140 2144 2148 2152 2156
 2160 2164 2168]

--------------------------------------------------
rule out electronic states outside the energy window [emin, emax]
--------------------------------------------------
time for electron:  0.6225734711624682

##################################################
read and compute e-ph quantities
##################################################
time for e-ph setup:  13.796351479832083

--------------------------------------------------
carrier transport from conventional method
--------------------------------------------------
carrier lifetime (rate average) in ps:  0.7242965953898246
carrier lifetime (time average) in ps:  0.8171221474596074
momentum lifetime (rate average) in ps:  0.8583154479535156
momentum lifetime (time average) in ps:  0.9463104296635765
momentum lifetime (type 2, rate average) in ps:  2.492357143251823
momentum lifetime (type 2, time average) in ps:  0.9447387401077781
average of v^2 =  [6.61302e-02 6.61302e-02 1.18819e-12]
Fermi velocity in m/s =  [5.62582e+05 5.62582e+05 2.38467e+00]
conductivity using tau in S =  [9.75027e-03 9.75022e-03 1.23517e-13]
conductivity using taum in S =  [1.13477e-02 1.13345e-02 1.53834e-13]
conductivity using taum2 in S =  [1.13508e-02 1.13381e-02 1.53714e-13]
mobility (n=|ne-nh|) using tau in cm^2/V/s =  [4.19941e+04 4.19939e+04 5.31982e-07]
mobility (n=|ne-nh|) using taum in cm^2/V/s =  [4.88743e+04 4.88175e+04 6.62557e-07]
mobility (n=|ne-nh|) using taum2 in cm^2/V/s =  [4.88876e+04 4.88330e+04 6.62042e-07]
mobility (n=ne+nh) using tau in cm^2/V/s =  [4.18912e+04 4.18909e+04 5.30678e-07]
mobility (n=ne+nh) using taum in cm^2/V/s =  [4.87544e+04 4.86978e+04 6.60932e-07]
mobility (n=ne+nh) using taum2 in cm^2/V/s =  [4.87677e+04 4.87133e+04 6.60419e-07]
time for compute_carrier_transport_conventional:  0.23328654607757926
carrier lifetime (rate average) in ps:  0.7242965953898246
effetive lifetime (single element of rho, rate average) in ps:  0.5406585233421218
time for e-ph:  0.26172619918361306

time for set up and some simple analysis:  14.744793424848467

##################################################
solving spin lifetimes via linear algebra and analysis decay modes
##################################################

--------------------------------------------------
solve -L x = x e :
--------------------------------------------------
rates:
 [-2.39456e-19-1.44015e-19j  1.51593e-08+8.52239e-08j
  1.51593e-08-8.52239e-08j  2.18479e-08+1.22011e-19j
  2.83609e-06+5.35178e-20j  2.84519e-06+8.52388e-08j
  2.84519e-06-8.52388e-08j  2.86219e-06+2.06650e-19j
  1.24603e-05-1.41749e-19j  1.24926e-05-8.53274e-08j]
spin lifetimes in ps:
 [-1.01016e+14  1.59565e+03  1.59565e+03  1.10715e+03  8.52894e+00
  8.50165e+00  8.50165e+00  8.45116e+00  1.94127e+00  1.93626e+00]
precession freq. in au:
 [-1.44015e-19  8.52239e-08 -8.52239e-08  1.22011e-19  5.35178e-20
  8.52388e-08 -8.52388e-08  2.06650e-19 -1.41749e-19 -8.53274e-08]
short lifetimes in ps:
 [0.06073 0.06072 0.06072 0.06071 0.06071 0.06071 0.06071 0.0607  0.0607
 0.06069]

time for solving lifetimes via lin. alg.:  3.846541767939925

Analyse decay mode:

The 4 observables and perturbations are:
n, sx, sy, sz
ob. proj. to VR = 
 [[ 6.77343e-01+5.94027e-13j  0.00000e+00+0.00000e+00j
   0.00000e+00+0.00000e+00j  0.00000e+00+0.00000e+00j
   0.00000e+00+0.00000e+00j  0.00000e+00+0.00000e+00j
   0.00000e+00+0.00000e+00j  0.00000e+00+0.00000e+00j]
 [ 0.00000e+00+0.00000e+00j -2.14451e-01+1.06911e-01j
  -1.06942e-01-2.14467e-01j  0.00000e+00+0.00000e+00j
   0.00000e+00+0.00000e+00j -4.00280e-03-8.02731e-03j
   8.02657e-03-4.00174e-03j  0.00000e+00+0.00000e+00j]
 [ 0.00000e+00+0.00000e+00j -2.14451e-01-1.06911e-01j
  -1.06942e-01+2.14467e-01j  0.00000e+00+0.00000e+00j
   0.00000e+00+0.00000e+00j -4.00280e-03+8.02731e-03j
   8.02657e-03+4.00174e-03j  0.00000e+00+0.00000e+00j]
 [ 0.00000e+00+0.00000e+00j  0.00000e+00+0.00000e+00j
   0.00000e+00+0.00000e+00j  3.38629e-01+1.11977e-02j
   0.00000e+00+0.00000e+00j  0.00000e+00+0.00000e+00j
   0.00000e+00+0.00000e+00j  0.00000e+00+0.00000e+00j]
 [ 0.00000e+00+0.00000e+00j  0.00000e+00+0.00000e+00j
   0.00000e+00+0.00000e+00j  0.00000e+00+0.00000e+00j
  -4.75878e-01-1.02760e-12j  0.00000e+00+0.00000e+00j
   0.00000e+00+0.00000e+00j -1.84393e-04+1.06591e-12j]
 [ 0.00000e+00+0.00000e+00j -6.50963e-03+7.55818e-05j
  -7.47460e-05-6.50869e-03j  0.00000e+00+0.00000e+00j
   0.00000e+00+0.00000e+00j -1.93440e-03-1.68586e-01j
   1.68612e-01-1.95311e-03j  0.00000e+00+0.00000e+00j]
 [ 0.00000e+00+0.00000e+00j -6.50963e-03-7.55818e-05j
  -7.47460e-05+6.50869e-03j  0.00000e+00+0.00000e+00j
   0.00000e+00+0.00000e+00j -1.93440e-03+1.68586e-01j
   1.68612e-01+1.95311e-03j  0.00000e+00+0.00000e+00j]
 [ 0.00000e+00+0.00000e+00j  0.00000e+00+0.00000e+00j
   0.00000e+00+0.00000e+00j  0.00000e+00+0.00000e+00j
  -3.73303e-04+1.16250e-05j  0.00000e+00+0.00000e+00j
   0.00000e+00+0.00000e+00j  2.38004e-01-7.41165e-03j]
 [ 0.00000e+00+0.00000e+00j  0.00000e+00+0.00000e+00j
   0.00000e+00+0.00000e+00j  0.00000e+00+0.00000e+00j
  -9.56567e-03+6.72786e-15j  0.00000e+00+0.00000e+00j
   0.00000e+00+0.00000e+00j  0.00000e+00+0.00000e+00j]
 [ 0.00000e+00+0.00000e+00j -3.83740e-04+2.05924e-04j
   2.05951e-04+3.83472e-04j  0.00000e+00+0.00000e+00j
   0.00000e+00+0.00000e+00j -1.63693e-03-3.04796e-03j
  -3.04987e-03+1.63647e-03j  0.00000e+00+0.00000e+00j]]
rhopert. proj. to VL = 
 [[-6.77343e-01+5.94027e-13j  0.00000e+00+0.00000e+00j
   0.00000e+00+0.00000e+00j  0.00000e+00+0.00000e+00j
   0.00000e+00+0.00000e+00j  0.00000e+00+0.00000e+00j
   0.00000e+00+0.00000e+00j  0.00000e+00+0.00000e+00j]
 [ 0.00000e+00+0.00000e+00j  4.29171e-01+2.14003e-01j
   2.13942e-01-4.29139e-01j  0.00000e+00+0.00000e+00j
   0.00000e+00+0.00000e+00j -8.00732e-03+1.60625e-02j
   1.60634e-02+8.00976e-03j  0.00000e+00+0.00000e+00j]
 [ 0.00000e+00+0.00000e+00j  4.29171e-01-2.14003e-01j
   2.13942e-01+4.29139e-01j  0.00000e+00+0.00000e+00j
   0.00000e+00+0.00000e+00j -8.00732e-03-1.60625e-02j
   1.60634e-02-8.00976e-03j  0.00000e+00+0.00000e+00j]
 [ 0.00000e+00+0.00000e+00j  0.00000e+00+0.00000e+00j
   0.00000e+00+0.00000e+00j -6.77285e-01+2.23963e-02j
   0.00000e+00+0.00000e+00j  0.00000e+00+0.00000e+00j
   0.00000e+00+0.00000e+00j  0.00000e+00+0.00000e+00j]
 [ 0.00000e+00+0.00000e+00j  0.00000e+00+0.00000e+00j
   0.00000e+00+0.00000e+00j  0.00000e+00+0.00000e+00j
   9.33663e-01-2.00230e-12j  0.00000e+00+0.00000e+00j
   0.00000e+00+0.00000e+00j  7.26205e-04-8.75524e-12j]
 [ 0.00000e+00+0.00000e+00j -2.54829e-02-2.92266e-04j
  -2.94666e-04+2.54872e-02j  0.00000e+00+0.00000e+00j
   0.00000e+00+0.00000e+00j  7.65088e-03-6.60160e-01j
  -6.60056e-01-7.57624e-03j  0.00000e+00+0.00000e+00j]
 [ 0.00000e+00+0.00000e+00j -2.54829e-02+2.92266e-04j
  -2.94666e-04-2.54872e-02j  0.00000e+00+0.00000e+00j
   0.00000e+00+0.00000e+00j  7.65088e-03+6.60160e-01j
  -6.60056e-01+7.57624e-03j  0.00000e+00+0.00000e+00j]
 [ 0.00000e+00+0.00000e+00j  0.00000e+00+0.00000e+00j
   0.00000e+00+0.00000e+00j  0.00000e+00+0.00000e+00j
   7.32514e-04+2.28111e-05j  0.00000e+00+0.00000e+00j
   0.00000e+00+0.00000e+00j -9.33660e-01-2.90749e-02j]
 [ 0.00000e+00+0.00000e+00j  0.00000e+00+0.00000e+00j
   0.00000e+00+0.00000e+00j  0.00000e+00+0.00000e+00j
   1.53611e-02-1.40120e-15j  0.00000e+00+0.00000e+00j
   0.00000e+00+0.00000e+00j  0.00000e+00+0.00000e+00j]
 [ 0.00000e+00+0.00000e+00j -1.22956e-03-6.59290e-04j
   6.59207e-04-1.23048e-03j  0.00000e+00+0.00000e+00j
   0.00000e+00+0.00000e+00j  5.23887e-03-9.77938e-03j
   9.77220e-03+5.24075e-03j  0.00000e+00+0.00000e+00j]]
ob. of pert:
 [[-4.58794e-01  0.00000e+00  0.00000e+00  2.43097e-06  0.00000e+00
   0.00000e+00  0.00000e+00 -5.24318e-06]
 [ 0.00000e+00 -2.29397e-01  0.00000e+00  0.00000e+00  0.00000e+00
   0.00000e+00  0.00000e+00  0.00000e+00]
 [ 0.00000e+00  0.00000e+00 -2.29397e-01  0.00000e+00  0.00000e+00
   0.00000e+00  0.00000e+00  0.00000e+00]
 [ 0.00000e+00  0.00000e+00  0.00000e+00 -2.29397e-01 -1.04864e-05
   0.00000e+00  0.00000e+00  0.00000e+00]
 [ 0.00000e+00  0.00000e+00  0.00000e+00 -5.24318e-06 -4.58794e-01
   0.00000e+00  0.00000e+00  2.43097e-06]
 [ 0.00000e+00  0.00000e+00  0.00000e+00  0.00000e+00  0.00000e+00
  -2.29397e-01  0.00000e+00  0.00000e+00]
 [ 0.00000e+00  0.00000e+00  0.00000e+00  0.00000e+00  0.00000e+00
   0.00000e+00 -2.29397e-01  0.00000e+00]
 [ 0.00000e+00  0.00000e+00  0.00000e+00  0.00000e+00  0.00000e+00
   0.00000e+00  0.00000e+00 -2.29397e-01]]

mode  0  with rate  -4.1761275991229133e+18
pert. and ob.:
 [[-4.58794e-01  0.00000e+00  0.00000e+00  2.43096e-06  0.00000e+00
   0.00000e+00  0.00000e+00 -5.24319e-06]
 [ 0.00000e+00  0.00000e+00  0.00000e+00  0.00000e+00  0.00000e+00
   0.00000e+00  0.00000e+00  0.00000e+00]
 [ 0.00000e+00  0.00000e+00  0.00000e+00  0.00000e+00  0.00000e+00
   0.00000e+00  0.00000e+00  0.00000e+00]
 [ 0.00000e+00  0.00000e+00  0.00000e+00  0.00000e+00  0.00000e+00
   0.00000e+00  0.00000e+00  0.00000e+00]
 [ 0.00000e+00  0.00000e+00  0.00000e+00  0.00000e+00  0.00000e+00
   0.00000e+00  0.00000e+00  0.00000e+00]
 [ 0.00000e+00  0.00000e+00  0.00000e+00  0.00000e+00  0.00000e+00
   0.00000e+00  0.00000e+00  0.00000e+00]
 [ 0.00000e+00  0.00000e+00  0.00000e+00  0.00000e+00  0.00000e+00
   0.00000e+00  0.00000e+00  0.00000e+00]
 [ 0.00000e+00  0.00000e+00  0.00000e+00  0.00000e+00  0.00000e+00
   0.00000e+00  0.00000e+00  0.00000e+00]]

mode  1  with rate  65966224.01927354
pert. and ob.:
 [[ 0.00000e+00  0.00000e+00  0.00000e+00  0.00000e+00  0.00000e+00
   0.00000e+00  0.00000e+00  0.00000e+00]
 [ 0.00000e+00 -1.14916e-01  4.26796e-07 -2.09745e-06  0.00000e+00
  -1.23498e-08  4.30115e-03  2.78742e-06]
 [ 0.00000e+00 -2.69360e-07 -1.14916e-01  1.12057e-06  0.00000e+00
  -4.30120e-03 -8.54849e-08 -6.63972e-07]
 [ 0.00000e+00  3.12671e-06 -2.55329e-07  0.00000e+00  0.00000e+00
   0.00000e+00 -1.17029e-07  0.00000e+00]
 [ 0.00000e+00  0.00000e+00  0.00000e+00  0.00000e+00  0.00000e+00
   0.00000e+00  0.00000e+00  0.00000e+00]
 [ 0.00000e+00 -8.24378e-08  4.30120e-03 -4.19437e-08  0.00000e+00
   1.60990e-04  0.00000e+00  2.48542e-08]
 [ 0.00000e+00 -4.30115e-03 -1.53170e-08 -7.85046e-08  0.00000e+00
   0.00000e+00  1.60987e-04  1.04330e-07]
 [ 0.00000e+00 -2.73401e-06  8.46279e-07  0.00000e+00  0.00000e+00
   3.16748e-08  1.02332e-07  0.00000e+00]]

mode  2  with rate  65966224.01842483
pert. and ob.:
 [[ 0.00000e+00  0.00000e+00  0.00000e+00  0.00000e+00  0.00000e+00
   0.00000e+00  0.00000e+00  0.00000e+00]
 [ 0.00000e+00 -1.14916e-01  4.26796e-07 -2.09745e-06  0.00000e+00
  -1.23498e-08  4.30115e-03  2.78742e-06]
 [ 0.00000e+00 -2.69360e-07 -1.14916e-01  1.12057e-06  0.00000e+00
  -4.30120e-03 -8.54849e-08 -6.63972e-07]
 [ 0.00000e+00  3.12671e-06 -2.55329e-07  0.00000e+00  0.00000e+00
   0.00000e+00 -1.17029e-07  0.00000e+00]
 [ 0.00000e+00  0.00000e+00  0.00000e+00  0.00000e+00  0.00000e+00
   0.00000e+00  0.00000e+00  0.00000e+00]
 [ 0.00000e+00 -8.24379e-08  4.30120e-03 -4.19437e-08  0.00000e+00
   1.60990e-04  0.00000e+00  2.48542e-08]
 [ 0.00000e+00 -4.30115e-03 -1.53170e-08 -7.85046e-08  0.00000e+00
   0.00000e+00  1.60987e-04  1.04330e-07]
 [ 0.00000e+00 -2.73401e-06  8.46279e-07  0.00000e+00  0.00000e+00
   3.16748e-08  1.02332e-07  0.00000e+00]]

mode  3  with rate  45771093.35788827
pert. and ob.:
 [[ 0.00000e+00  0.00000e+00  0.00000e+00  0.00000e+00  0.00000e+00
   0.00000e+00  0.00000e+00  0.00000e+00]
 [ 0.00000e+00  0.00000e+00  0.00000e+00  4.12603e-06  0.00000e+00
   0.00000e+00  0.00000e+00  0.00000e+00]
 [ 0.00000e+00  0.00000e+00  0.00000e+00 -2.45925e-06  0.00000e+00
   0.00000e+00  0.00000e+00  0.00000e+00]
 [ 0.00000e+00 -6.30771e-06  2.89076e-07 -2.29599e-01 -1.06055e-05
  -5.56381e-06  1.56780e-06 -1.82528e-07]
 [ 0.00000e+00  0.00000e+00  0.00000e+00 -5.30264e-06  0.00000e+00
   0.00000e+00  0.00000e+00  0.00000e+00]
 [ 0.00000e+00  0.00000e+00  0.00000e+00  5.55624e-06  0.00000e+00
   0.00000e+00  0.00000e+00  0.00000e+00]
 [ 0.00000e+00  0.00000e+00  0.00000e+00 -1.55450e-06  0.00000e+00
   0.00000e+00  0.00000e+00  0.00000e+00]
 [ 0.00000e+00  0.00000e+00  0.00000e+00 -1.82003e-07  0.00000e+00
   0.00000e+00  0.00000e+00  0.00000e+00]]

mode  4  with rate  352598.1527590934
pert. and ob.:
 [[ 0.00000e+00  0.00000e+00  0.00000e+00  0.00000e+00  0.00000e+00
   0.00000e+00  0.00000e+00  0.00000e+00]
 [ 0.00000e+00  0.00000e+00  0.00000e+00  0.00000e+00  1.77320e-08
   0.00000e+00  0.00000e+00  0.00000e+00]
 [ 0.00000e+00  0.00000e+00  0.00000e+00  0.00000e+00  0.00000e+00
   0.00000e+00  0.00000e+00  0.00000e+00]
 [ 0.00000e+00  0.00000e+00  0.00000e+00  0.00000e+00  1.27693e-07
   0.00000e+00  0.00000e+00  0.00000e+00]
 [ 0.00000e+00 -1.09755e-08  0.00000e+00  6.36925e-08 -4.44310e-01
   1.81852e-07  4.13549e-07 -1.72161e-04]
 [ 0.00000e+00  0.00000e+00  0.00000e+00  0.00000e+00  2.00400e-07
   0.00000e+00  0.00000e+00  0.00000e+00]
 [ 0.00000e+00  0.00000e+00  0.00000e+00  0.00000e+00  7.05869e-07
   0.00000e+00  0.00000e+00  0.00000e+00]
 [ 0.00000e+00  0.00000e+00  0.00000e+00  0.00000e+00 -3.45585e-04
   0.00000e+00  0.00000e+00 -1.33907e-07]]

mode  5  with rate  351469.9786409643
pert. and ob.:
 [[ 0.00000e+00  0.00000e+00  0.00000e+00  0.00000e+00  0.00000e+00
   0.00000e+00  0.00000e+00  0.00000e+00]
 [ 0.00000e+00  1.65906e-04  0.00000e+00  3.87704e-08 -1.36106e-08
   2.20872e-08 -4.29730e-03 -5.40472e-08]
 [ 0.00000e+00  0.00000e+00  1.65910e-04  1.20192e-07  0.00000e+00
   4.29735e-03  9.49219e-08 -1.50712e-07]
 [ 0.00000e+00  3.13245e-08  1.22391e-07  0.00000e+00  0.00000e+00
   3.17011e-06 -8.11453e-07  0.00000e+00]
 [ 0.00000e+00  0.00000e+00  0.00000e+00  0.00000e+00  0.00000e+00
  -9.06230e-08 -2.06326e-07  0.00000e+00]
 [ 0.00000e+00  9.16730e-08 -4.29735e-03 -3.11319e-06 -1.02427e-07
  -1.11308e-01  6.68209e-07  3.90372e-06]
 [ 0.00000e+00  4.29729e-03  2.51799e-08  1.00420e-06 -3.52542e-07
  -4.35843e-07 -1.11308e-01 -1.39989e-06]
 [ 0.00000e+00 -1.44300e-08 -1.31272e-07  0.00000e+00  0.00000e+00
  -3.40016e-06  3.73858e-07  0.00000e+00]]

mode  6  with rate  351469.9786409236
pert. and ob.:
 [[ 0.00000e+00  0.00000e+00  0.00000e+00  0.00000e+00  0.00000e+00
   0.00000e+00  0.00000e+00  0.00000e+00]
 [ 0.00000e+00  1.65906e-04  0.00000e+00  3.87704e-08 -1.36106e-08
   2.20872e-08 -4.29730e-03 -5.40472e-08]
 [ 0.00000e+00  0.00000e+00  1.65910e-04  1.20192e-07  0.00000e+00
   4.29735e-03  9.49219e-08 -1.50712e-07]
 [ 0.00000e+00  3.13245e-08  1.22391e-07  0.00000e+00  0.00000e+00
   3.17011e-06 -8.11453e-07  0.00000e+00]
 [ 0.00000e+00  0.00000e+00  0.00000e+00  0.00000e+00  0.00000e+00
  -9.06232e-08 -2.06327e-07  0.00000e+00]
 [ 0.00000e+00  9.16731e-08 -4.29735e-03 -3.11319e-06 -1.02426e-07
  -1.11308e-01  6.68208e-07  3.90372e-06]
 [ 0.00000e+00  4.29729e-03  2.51800e-08  1.00420e-06 -3.52542e-07
  -4.35844e-07 -1.11308e-01 -1.39989e-06]
 [ 0.00000e+00 -1.44299e-08 -1.31272e-07  0.00000e+00  0.00000e+00
  -3.40016e-06  3.73857e-07  0.00000e+00]]

mode  7  with rate  349382.35925240425
pert. and ob.:
 [[ 0.00000e+00  0.00000e+00  0.00000e+00  0.00000e+00  0.00000e+00
   0.00000e+00  0.00000e+00  0.00000e+00]
 [ 0.00000e+00  0.00000e+00  0.00000e+00  0.00000e+00  0.00000e+00
   0.00000e+00  0.00000e+00 -6.23285e-06]
 [ 0.00000e+00  0.00000e+00  0.00000e+00  0.00000e+00  0.00000e+00
   0.00000e+00  0.00000e+00  1.92105e-06]
 [ 0.00000e+00  0.00000e+00  0.00000e+00  0.00000e+00  0.00000e+00
   0.00000e+00  0.00000e+00  2.28085e-07]
 [ 0.00000e+00  0.00000e+00  0.00000e+00  0.00000e+00 -2.73715e-07
   0.00000e+00  0.00000e+00  1.74511e-04]
 [ 0.00000e+00  0.00000e+00  0.00000e+00  0.00000e+00  1.23326e-08
   0.00000e+00  0.00000e+00 -7.86284e-06]
 [ 0.00000e+00  0.00000e+00  0.00000e+00  0.00000e+00  0.00000e+00
   0.00000e+00  0.00000e+00  2.58371e-06]
 [ 0.00000e+00  6.26094e-06 -1.72501e-06  2.27546e-07  3.48876e-04
   6.73071e-06 -9.58586e-07 -2.22431e-01]]

mode  8  with rate  80254.9018921874
pert. and ob.:
 [[ 0.00000e+00  0.00000e+00  0.00000e+00  0.00000e+00  0.00000e+00
   0.00000e+00  0.00000e+00  0.00000e+00]
 [ 0.00000e+00  0.00000e+00  0.00000e+00  0.00000e+00 -1.11581e-08
   0.00000e+00  0.00000e+00  0.00000e+00]
 [ 0.00000e+00  0.00000e+00  0.00000e+00  0.00000e+00  0.00000e+00
   0.00000e+00  0.00000e+00  0.00000e+00]
 [ 0.00000e+00  0.00000e+00  0.00000e+00  0.00000e+00  6.96851e-08
   0.00000e+00  0.00000e+00  0.00000e+00]
 [ 0.00000e+00  0.00000e+00  0.00000e+00  3.47900e-08 -1.46939e-04
   2.53842e-08  3.36707e-08 -2.00145e-07]
 [ 0.00000e+00  0.00000e+00  0.00000e+00  0.00000e+00  0.00000e+00
   0.00000e+00  0.00000e+00  0.00000e+00]
 [ 0.00000e+00  0.00000e+00  0.00000e+00  0.00000e+00  8.03287e-08
   0.00000e+00  0.00000e+00  0.00000e+00]
 [ 0.00000e+00  0.00000e+00  0.00000e+00  0.00000e+00 -3.86088e-07
   0.00000e+00  0.00000e+00  0.00000e+00]]

mode  9  with rate  80047.5466472317
pert. and ob.:
 [[ 0.00000e+00  0.00000e+00  0.00000e+00  0.00000e+00  0.00000e+00
   0.00000e+00  0.00000e+00  0.00000e+00]
 [ 0.00000e+00  6.07595e-07  0.00000e+00  0.00000e+00  0.00000e+00
   0.00000e+00  4.82892e-06 -1.14863e-08]
 [ 0.00000e+00  0.00000e+00  6.07618e-07 -1.03761e-08  0.00000e+00
  -4.82952e-06  0.00000e+00 -2.24856e-08]
 [ 0.00000e+00  0.00000e+00 -1.05478e-08  0.00000e+00  0.00000e+00
   8.38374e-08 -3.78308e-08  0.00000e+00]
 [ 0.00000e+00  0.00000e+00  0.00000e+00  0.00000e+00  0.00000e+00
  -1.57504e-08 -1.52215e-08  0.00000e+00]
 [ 0.00000e+00  0.00000e+00  4.82907e-06 -8.24654e-08  0.00000e+00
  -3.83828e-05  2.57659e-08 -1.78707e-07]
 [ 0.00000e+00 -4.82918e-06  0.00000e+00  4.07302e-08 -4.28578e-08
  -2.28639e-08 -3.83803e-05  9.13059e-08]
 [ 0.00000e+00  0.00000e+00 -2.34884e-08  0.00000e+00  0.00000e+00
   1.86693e-07 -7.60296e-08  0.00000e+00]]

do real-time dynamics with tmax (in ps)  1595.6466536426192
5600  (of  5600 ) modes are considered in real-time simulation
Sxt_sxpert (exp): tau =  199.3936724338597  ps
Sxt_sxpert (exp cos phi=0): tau =  1598.5880930737492  ps  period =  1783.3760944237686 ps
Sxt_sxpert (exp cos): tau =  1598.5691849462412  ps  period =  1783.1264791207755 ps  phi =  -0.0007677169227048366
5600  (of  5600 ) modes are considered in real-time simulation
Syt_sypert (exp): tau =  199.3721079423793  ps
Syt_sypert (exp cos phi=0): tau =  1598.585005984015  ps  period =  1783.3209593666127 ps
Syt_sypert (exp cos): tau =  1598.5702275620274  ps  period =  1783.12640438205 ps  phi =  -0.0005983923404813782
5600  (of  5600 ) modes are considered in real-time simulation
Szt_szpert (exp): tau =  1108.1250705357945  ps
Szt_szpert (exp cos phi=0): tau =  1109.1000277901362  ps  period =  203404.28239960645 ps
Szt_szpert (exp cos): tau =  1109.099546500994  ps  period =  -203404.12266250467 ps  phi =  1.2705008054918584e-05
<s|UR>:
 [[-0.21445+0.10691j -0.21445-0.10691j]
 [-0.10694-0.21447j -0.10694+0.21447j]]
normR_rotate =  [1.47878 1.47878]
normL_rotate =  [1.47878 1.47878]
<s|UR>:
 [[6.77797e-01+3.33135e-16j 2.97830e-16-4.61531e-16j]
 [5.97666e-16+3.21806e-17j 6.77797e-01+5.15832e-16j]]
oUs_rotate:
 [[ 1.00000e+00+1.13140e-17j -5.72350e-15+1.37911e-16j]
 [-5.61769e-15+9.54490e-17j  1.00000e+00+9.23078e-17j]]

time for spin lifetime:  10.447424328885972

##################################################
solving lifetimes approximately
##################################################

--------------------------------------------------
Rayleigh-Ritz method (material dependent):
--------------------------------------------------
Rayleigh-Ritz ( 7  vec.,   ) lifetime in ps:
 [6.99700e+05 5.41346e+03 5.41346e+03 9.56011e+00 9.56011e+00 9.54370e+00
 9.54359e+00]

Rayleigh-Ritz ( 7  vec.,  with Left ) lifetime in ps:
 [6.40106e+05 9.09453e+03 9.09453e+03 5.21165e+00 5.21165e+00 5.20879e+00
 5.20879e+00]

Rayleigh-Ritz ( 14  vec.,   ) lifetime in ps:
 [1.87698e+03 1.87698e+03 1.12634e+03 1.10478e+01 1.10134e+01 1.02352e+01
 1.02352e+01 7.13277e-01 5.68270e-01 5.68270e-01 5.68151e-01 5.68151e-01
 5.33589e-01 5.00279e-01]

Rayleigh-Ritz ( 14  vec.,  with Left ) lifetime in ps:
 [3.21835e+03 3.21835e+03 2.58207e+03 6.98333e+00 6.98333e+00 6.95224e+00
 6.93571e+00 2.31863e-01 1.97986e-01 1.97795e-01 1.41062e-01 1.40774e-01
 1.36089e-01 1.36089e-01]

Rayleigh-Ritz ( 28  vec.,   ) lifetime in ps:
 [1.38302e+03 1.38302e+03 1.04519e+03 1.11047e+01 1.10047e+01 1.08471e+01
 1.08471e+01 9.40067e-01 6.67885e-01 6.67885e-01 6.66348e-01 6.66348e-01
 5.45372e-01 4.99880e-01 3.50843e-01 3.50843e-01 3.50686e-01 3.50686e-01
 3.29090e-01 3.29090e-01 3.29088e-01 3.29088e-01 3.28519e-01 3.28519e-01
 3.28517e-01 3.28517e-01 2.70184e-01 2.70184e-01]

Rayleigh-Ritz ( 28  vec.,  with Left ) lifetime in ps:
 [ 2.46358e+03  2.46358e+03  1.65556e+03  7.19438e+00  6.97095e+00
  6.97095e+00  6.93865e+00  5.59412e-01  5.02379e-01  5.00837e-01
  3.97501e-01  3.97501e-01  3.91060e-01  3.91060e-01  3.90313e-01
  3.90313e-01  3.66176e-01  3.66176e-01  3.36954e-01  3.36954e-01
  3.36480e-01  3.36480e-01  1.65822e-01  1.40681e-01  1.40423e-01
  1.40423e-01  5.73453e-02 -3.70914e-02]

Rayleigh-Ritz ( 70  vec.,   ) lifetime in ps:
 [1.38244e+03 1.38244e+03 1.02570e+03 1.11096e+01 1.10938e+01 1.10938e+01
 8.74255e+00 9.85523e-01 9.84837e-01 9.82189e-01 7.22647e-01 5.46478e-01
 5.24519e-01 5.24519e-01 4.73714e-01 4.73714e-01 3.83174e-01 3.83174e-01
 3.82437e-01 3.82437e-01 3.76948e-01 3.76948e-01 3.72678e-01 3.72678e-01
 3.72192e-01 3.72192e-01 3.71415e-01 3.71415e-01 3.70954e-01 3.70954e-01
 3.52436e-01 3.52436e-01 3.47317e-01 3.47317e-01 3.47282e-01 3.47282e-01
 3.47045e-01 3.47045e-01 3.39605e-01 3.39605e-01 3.39578e-01 3.39578e-01
 3.39293e-01 3.39293e-01 3.32932e-01 3.32932e-01 3.32681e-01 3.32681e-01
 3.32026e-01 3.32026e-01 3.26859e-01 3.26859e-01 3.20713e-01 3.20713e-01
 3.08918e-01 3.08918e-01 3.08790e-01 3.08790e-01 3.06003e-01 3.06003e-01
 3.05905e-01 3.05905e-01 3.04122e-01 3.04122e-01 3.02199e-01 3.02199e-01
 3.02151e-01 3.02151e-01 2.02490e-01 1.00812e-01]

Rayleigh-Ritz ( 70  vec.,  with Left ) lifetime in ps:
 [ 1.81457e+03  1.81457e+03  1.26485e+03  8.13220e+00  6.91829e+00
  6.90835e+00  6.90835e+00  8.21779e-01  8.18420e-01  8.13318e-01
  4.59720e-01  4.59720e-01  4.13737e-01  4.13737e-01  4.11924e-01
  4.11924e-01  4.07725e-01  4.07725e-01  4.06163e-01  4.06163e-01
  3.97995e-01  3.97995e-01  3.93879e-01  3.93879e-01  3.91154e-01
  3.91154e-01  3.87777e-01  3.87777e-01  3.87451e-01  3.87451e-01
  3.86864e-01  3.86864e-01  3.86441e-01  3.86441e-01  3.80026e-01
  3.80026e-01  3.79737e-01  3.79737e-01  3.78897e-01  3.78897e-01
  3.78477e-01  3.78477e-01  3.74353e-01  3.74353e-01  3.73577e-01
  3.73577e-01  3.59604e-01  3.59604e-01  3.58599e-01  3.58599e-01
  3.48609e-01  3.38508e-01  3.38508e-01  3.37447e-01  3.37447e-01
 -3.34623e-01 -3.34623e-01  2.33527e-01  2.33527e-01 -1.71245e-01
 -1.71245e-01 -1.70156e-01 -1.70156e-01  1.38790e-01  1.37234e-01
  1.37234e-01  1.24709e-01  8.67822e-02  8.67822e-02  7.28822e-02]

Rayleigh-Ritz ( 70  vec.,  with Left ) lifetime in ps:
 [ 1.81457e+03  1.81457e+03  1.26485e+03  8.13220e+00  6.91829e+00
  6.90835e+00  6.90835e+00  8.21779e-01  8.18420e-01  8.13318e-01
  4.59720e-01  4.59720e-01  4.13737e-01  4.13737e-01  4.11924e-01
  4.11924e-01  4.07725e-01  4.07725e-01  4.06163e-01  4.06163e-01
  3.97995e-01  3.97995e-01  3.93879e-01  3.93879e-01  3.91154e-01
  3.91154e-01  3.87777e-01  3.87777e-01  3.87451e-01  3.87451e-01
  3.86864e-01  3.86864e-01  3.86441e-01  3.86441e-01  3.80026e-01
  3.80026e-01  3.79737e-01  3.79737e-01  3.78897e-01  3.78897e-01
  3.78477e-01  3.78477e-01  3.74353e-01  3.74353e-01  3.73577e-01
  3.73577e-01  3.59604e-01  3.59604e-01  3.58599e-01  3.58599e-01
  3.48609e-01  3.38508e-01  3.38508e-01  3.37447e-01  3.37447e-01
 -3.34623e-01 -3.34623e-01  2.33527e-01  2.33527e-01 -1.71245e-01
 -1.71245e-01 -1.70156e-01 -1.70156e-01  1.38790e-01  1.37234e-01
  1.37234e-01  1.24709e-01  8.67822e-02  8.67822e-02  7.28822e-02]

Rayleigh-Ritz ( 140  vec.,   ) lifetime in ps:
 [1.39564e+03 1.39563e+03 1.02625e+03 1.10593e+01 1.09998e+01 1.09998e+01
 8.67022e+00 9.88491e-01 9.85834e-01 9.85147e-01 7.41131e-01 5.46029e-01
 5.24298e-01 5.24296e-01 5.21758e-01 5.21733e-01 5.13586e-01 5.13576e-01
 5.12881e-01 5.12726e-01 4.75301e-01 4.75301e-01 4.30044e-01 4.29798e-01
 4.03019e-01 4.02911e-01 4.01507e-01 4.01284e-01 3.93907e-01 3.93907e-01
 3.93888e-01 3.93888e-01 3.89756e-01 3.89756e-01 3.89697e-01 3.89697e-01
 3.88908e-01 3.88907e-01 3.88846e-01 3.88846e-01 3.85876e-01 3.85835e-01
 3.84913e-01 3.84901e-01 3.84259e-01 3.84254e-01 3.77872e-01 3.77866e-01
 3.77758e-01 3.77758e-01 3.76147e-01 3.76135e-01 3.76134e-01 3.76132e-01
 3.70271e-01 3.70257e-01 3.70245e-01 3.70205e-01 3.69094e-01 3.69030e-01
 3.66136e-01 3.65969e-01 3.65409e-01 3.65363e-01 3.63220e-01 3.63183e-01
 3.63140e-01 3.63108e-01 3.63079e-01 3.63030e-01 3.53188e-01 3.53188e-01
 3.52026e-01 3.51891e-01 3.48222e-01 3.48119e-01 3.44373e-01 3.44267e-01
 3.42365e-01 3.42229e-01 3.41670e-01 3.41662e-01 3.40373e-01 3.40298e-01
 3.39340e-01 3.39248e-01 3.38492e-01 3.38345e-01 3.35220e-01 3.35184e-01
 3.34874e-01 3.34814e-01 3.32797e-01 3.32478e-01 3.31287e-01 3.31233e-01
 3.29038e-01 3.28990e-01 3.26732e-01 3.26698e-01 3.26485e-01 3.26485e-01
 3.19952e-01 3.19921e-01 3.19670e-01 3.19624e-01 3.18961e-01 3.18927e-01
 3.18896e-01 3.18854e-01 3.15250e-01 3.15250e-01 3.15246e-01 3.15201e-01
 3.15172e-01 3.15172e-01 3.08299e-01 3.08183e-01 3.07754e-01 3.07754e-01
 3.07724e-01 3.07708e-01 3.06949e-01 3.06932e-01 3.06755e-01 3.06727e-01
 2.92936e-01 2.92936e-01 2.84338e-01 2.84338e-01 2.28136e-01 2.28072e-01
 2.22799e-01 2.22779e-01 2.21188e-01 2.21091e-01 2.09925e-01 1.69752e-01
 1.69752e-01 9.24731e-02]

Rayleigh-Ritz ( 140  vec.,  with Left ) lifetime in ps:
 [ 1.76294e+03  1.76294e+03  1.23411e+03  8.36517e+00  7.85452e+00
  7.80437e+00  7.80437e+00  1.76148e+00  1.75571e+00  1.67246e+00
  1.67048e+00  8.67312e-01  8.66257e-01  8.52588e-01  8.52181e-01
  8.48616e-01  8.45277e-01  8.39988e-01  7.46068e-01  7.45496e-01
  7.36136e-01  7.36039e-01  5.46746e-01  5.46718e-01  5.32091e-01
  5.01685e-01  5.01682e-01  4.88561e-01  4.88537e-01  4.87422e-01
  4.87409e-01  4.86435e-01  4.86288e-01  4.84918e-01  4.84714e-01
  4.83019e-01  4.83015e-01  4.82964e-01  4.82950e-01  4.78139e-01
  4.78138e-01  4.75287e-01  4.75287e-01  4.56251e-01  4.56230e-01
  4.33591e-01  4.33581e-01  4.21653e-01  4.21644e-01  4.18340e-01
  4.18337e-01  4.17035e-01  4.17033e-01  4.14002e-01  4.13966e-01
  3.96278e-01  3.96173e-01  3.95149e-01  3.95097e-01  3.94027e-01
  3.94027e-01  3.93987e-01  3.93987e-01  3.91839e-01  3.91837e-01
  3.90813e-01  3.90813e-01  3.90055e-01  3.90055e-01  3.89358e-01
  3.89357e-01  3.87987e-01  3.87986e-01  3.86819e-01  3.86818e-01
  3.86537e-01  3.86536e-01  3.80872e-01  3.80862e-01  3.80857e-01
  3.80834e-01  3.55614e-01  3.55613e-01  3.53882e-01  3.53880e-01
  3.52394e-01  3.52394e-01  3.45874e-01  3.45847e-01  3.43975e-01
  3.43975e-01  3.43937e-01  3.43933e-01  3.12210e-01  3.12210e-01
  2.62149e-01  2.51646e-01  2.51646e-01  2.34207e-01  2.34207e-01
  2.14347e-01  2.14345e-01  2.13893e-01  2.13892e-01  2.04203e-01
  1.65623e-01  1.65622e-01  1.65612e-01  1.65612e-01  1.41809e-01
  1.41809e-01  1.34354e-01  1.34351e-01  1.34260e-01  1.34258e-01
  1.24286e-01  1.24284e-01  1.24141e-01  1.24140e-01  1.10261e-01
  1.10261e-01  1.01894e-01  8.69908e-02  8.56650e-02  8.56650e-02
  7.10091e-02  7.10089e-02  7.09598e-02  7.09598e-02  6.97646e-02
  3.34526e-02  3.34526e-02 -2.89317e-02  2.84324e-02  2.42601e-02
  2.42600e-02  2.42598e-02  2.42595e-02  1.33370e-03  1.31193e-03]

Rayleigh-Ritz ( 210  vec.,   ) lifetime in ps:
 [ 1.50707e+03  1.47982e+03  1.04127e+03  9.75215e+00  9.73081e+00
  9.52572e+00  8.48533e+00  4.79709e+00 -3.54528e+00 -3.24750e+00
  2.83554e+00 -2.72212e+00  1.16851e+00  1.10876e+00  1.02464e+00
  9.89160e-01  9.85142e-01  9.79613e-01 -8.89073e-01  8.39063e-01
  8.24264e-01  7.27105e-01  7.24284e-01  7.03228e-01  6.79607e-01
  6.68081e-01  6.46036e-01  6.34725e-01  6.26468e-01 -5.71957e-01
  5.69781e-01  5.57239e-01  5.02419e-01  4.83364e-01  4.75322e-01
  4.75311e-01  4.15924e-01  4.05189e-01  3.94344e-01  3.94322e-01
  3.94302e-01  3.94297e-01  3.92756e-01  3.92688e-01  3.92264e-01
  3.91485e-01  3.90935e-01  3.90903e-01  3.90752e-01  3.90667e-01
  3.89963e-01  3.89910e-01  3.89717e-01  3.89711e-01  3.88542e-01
  3.87950e-01  3.87449e-01  3.86974e-01  3.86828e-01  3.86264e-01
  3.86043e-01  3.85617e-01  3.83650e-01  3.81102e-01  3.80640e-01
  3.80613e-01  3.80189e-01  3.80128e-01  3.79284e-01  3.79119e-01
  3.78934e-01  3.78113e-01 -3.78040e-01  3.77217e-01  3.76849e-01
  3.76004e-01  3.75159e-01  3.74312e-01  3.74230e-01  3.74166e-01
  3.72838e-01  3.66844e-01  3.58331e-01  3.57905e-01  3.56613e-01
  3.56344e-01 -3.56182e-01  3.52129e-01  3.51960e-01  3.47809e-01
  3.46340e-01  3.45959e-01  3.44842e-01  3.43670e-01  3.43631e-01
  3.43218e-01  3.42594e-01  3.41042e-01  3.41003e-01  3.39134e-01
  3.37862e-01  3.37177e-01  3.34136e-01  3.30103e-01  3.29191e-01
  3.27989e-01  3.27736e-01  3.25733e-01  3.21715e-01  3.20049e-01
  3.19749e-01  3.18929e-01  3.15880e-01  3.11533e-01  3.10246e-01
  3.07679e-01  3.07473e-01  3.04060e-01  3.02623e-01  3.01728e-01
  3.01407e-01  2.98832e-01  2.96629e-01  2.95798e-01  2.95251e-01
  2.93706e-01  2.93372e-01  2.93080e-01  2.92900e-01  2.92869e-01
  2.87766e-01  2.86823e-01  2.79941e-01  2.79239e-01 -2.77987e-01
  2.76045e-01  2.71365e-01  2.68255e-01  2.61258e-01  2.59049e-01
  2.56867e-01  2.53207e-01  2.52423e-01  2.49212e-01  2.48671e-01
  2.47065e-01  2.46781e-01 -2.45755e-01  2.43864e-01  2.41424e-01
  2.40173e-01  2.13348e-01  1.86891e-01  1.85552e-01  1.82979e-01
  1.79007e-01 -1.75418e-01  1.71403e-01 -1.68190e-01  1.49732e-01
  1.46865e-01  1.39995e-01  1.36335e-01  1.29492e-01 -1.28216e-01
  1.23012e-01  1.12315e-01  1.02802e-01  1.00006e-01  9.96452e-02
  9.26363e-02  7.96191e-02  7.29965e-02  6.09733e-02  3.71396e-02
 -3.38335e-02 -3.36180e-02 -1.92110e-02  1.65885e-02  1.43561e-02
 -1.30905e-02 -1.26680e-02 -1.16144e-02  1.08864e-02  1.02096e-02
  9.89896e-03  6.80042e-03  6.49920e-03 -6.16724e-03  5.80160e-03
  5.50353e-03 -4.34067e-03  3.80167e-03  3.48063e-03 -2.87803e-03
 -2.60999e-03  2.49741e-03  2.08301e-03 -2.00547e-03 -1.68569e-03
  1.60608e-03 -1.56369e-03 -1.52107e-03  1.27988e-03 -1.08044e-03
 -9.50042e-04  9.29815e-04  8.79364e-04  4.04338e-04 -2.79358e-04]

Rayleigh-Ritz ( 210  vec.,  with Left ) lifetime in ps:
 [ 1.81020e+03  1.74223e+03  1.25379e+03 -1.19117e+01  8.40997e+00
  7.79553e+00  7.78034e+00  7.75184e+00  7.12079e+00 -6.70765e+00
  3.68791e+00 -3.32740e+00  2.69839e+00  2.04949e+00 -1.80926e+00
  1.60033e+00  1.59231e+00  1.18539e+00  1.08931e+00  1.06147e+00
 -9.56063e-01  9.48838e-01  9.27418e-01  8.76974e-01 -8.57061e-01
  8.53163e-01  8.42959e-01  8.42764e-01  8.20943e-01 -7.97138e-01
  7.32501e-01  7.13403e-01 -6.96742e-01  6.66090e-01  6.24381e-01
  5.97583e-01  5.90935e-01  5.89807e-01  5.23119e-01  5.22744e-01
  5.21757e-01  5.01037e-01  4.75318e-01  4.75310e-01  4.73974e-01
 -4.65828e-01  4.50022e-01  4.29545e-01  4.26264e-01  3.97298e-01
  3.96769e-01  3.94910e-01  3.94294e-01  3.94260e-01  3.94062e-01
  3.94059e-01  3.92282e-01  3.91633e-01  3.91355e-01  3.91049e-01
  3.90987e-01  3.90863e-01  3.90846e-01  3.90329e-01  3.89975e-01
  3.89898e-01  3.89847e-01  3.89545e-01  3.88776e-01  3.88080e-01
  3.87484e-01  3.87123e-01  3.87099e-01  3.86914e-01 -3.86896e-01
  3.85106e-01  3.84934e-01  3.82999e-01  3.82337e-01  3.82330e-01
  3.81533e-01  3.80708e-01  3.79832e-01  3.79606e-01  3.78144e-01
  3.76119e-01  3.73387e-01 -3.70205e-01  3.69655e-01  3.67347e-01
  3.66366e-01  3.57964e-01  3.53480e-01  3.53361e-01  3.51570e-01
  3.50639e-01  3.50300e-01  3.47762e-01  3.44679e-01  3.44083e-01
  3.40247e-01  3.40123e-01  3.39756e-01  3.38442e-01  3.38293e-01
  3.35215e-01  3.31035e-01  3.26460e-01  3.24132e-01  3.23433e-01
  3.23148e-01  3.21722e-01  3.17519e-01  3.12673e-01  3.12655e-01
  3.05718e-01  2.97240e-01  2.91717e-01  2.88552e-01  2.82906e-01
  2.82876e-01  2.81606e-01  2.76865e-01  2.75293e-01  2.62452e-01
  2.50957e-01  2.50939e-01  2.50109e-01  2.48087e-01  2.43445e-01
  2.41851e-01  2.36311e-01  2.30055e-01  2.23271e-01  2.21706e-01
  2.21462e-01 -2.11982e-01 -2.07715e-01  2.07255e-01  2.06410e-01
  2.05572e-01  2.05195e-01 -1.98133e-01  1.94178e-01  1.78978e-01
  1.69181e-01  1.67288e-01  1.61191e-01  1.59998e-01 -1.47389e-01
  1.43853e-01  1.43376e-01  1.36218e-01  1.35036e-01  1.32329e-01
  1.24313e-01  1.21157e-01  1.10977e-01 -1.06056e-01  9.89057e-02
  9.87137e-02  9.57841e-02  9.28185e-02  8.83791e-02  8.55303e-02
  8.39465e-02  8.29074e-02  7.56804e-02  7.44448e-02  6.59984e-02
 -6.58891e-02  6.35903e-02  6.00472e-02  5.61782e-02  5.24956e-02
  4.68250e-02 -4.26870e-02  3.82723e-02  3.46207e-02  2.48991e-02
  2.11964e-02  2.00320e-02  1.88042e-02 -1.75283e-02 -1.68204e-02
 -1.55701e-02  1.49134e-02 -1.28904e-02  1.10545e-02 -1.03561e-02
  9.89152e-03  9.75148e-03  9.35341e-03 -8.87205e-03 -8.70246e-03
 -8.22357e-03  7.02139e-03  6.53448e-03 -5.96035e-03  5.77846e-03
 -5.52715e-03 -5.26799e-03  5.02161e-03  4.01246e-03 -3.62686e-03
  3.33621e-03 -3.25202e-03  2.58557e-03  2.44079e-03 -2.43494e-03]

Rayleigh-Ritz ( 280  vec.,   ) lifetime in ps:
 [ 1.48991e+03  1.46077e+03  1.02848e+03  1.02172e+01  9.77276e+00
  9.62999e+00  9.09232e+00  8.46027e+00  2.24985e+00  2.03296e+00
 -1.98412e+00 -1.77709e+00  1.60165e+00  1.36604e+00  1.14630e+00
  1.13589e+00 -1.02835e+00  9.87571e-01  9.86983e-01  9.86196e-01
  7.55650e-01  7.46131e-01  7.36091e-01  7.34414e-01  6.63992e-01
 -6.52454e-01  6.24436e-01  6.09951e-01 -5.78167e-01  5.62424e-01
 -5.20582e-01  5.15407e-01  4.75084e-01  4.72174e-01  4.57998e-01
  4.44664e-01  4.39514e-01 -4.35521e-01  4.32370e-01  4.19907e-01
  4.14739e-01  4.13078e-01  4.12480e-01  4.07404e-01  4.06184e-01
  4.02404e-01  3.94380e-01  3.94327e-01  3.94324e-01  3.93169e-01
  3.92600e-01  3.92531e-01  3.92524e-01  3.91137e-01  3.90883e-01
  3.90879e-01  3.90705e-01  3.90702e-01  3.90490e-01  3.89921e-01
  3.89915e-01  3.89744e-01  3.89742e-01  3.88972e-01  3.88397e-01
  3.87545e-01  3.87269e-01  3.87090e-01  3.86958e-01  3.86368e-01
  3.86102e-01  3.85393e-01  3.84462e-01  3.83722e-01  3.81919e-01
  3.81891e-01  3.81437e-01  3.81056e-01  3.80946e-01  3.80932e-01
  3.80268e-01  3.78962e-01  3.78890e-01  3.78493e-01  3.78054e-01
  3.78022e-01  3.77700e-01  3.75070e-01  3.74602e-01  3.73781e-01
  3.71419e-01  3.62645e-01  3.59357e-01  3.57319e-01  3.56193e-01
  3.55534e-01  3.55384e-01  3.51827e-01  3.48962e-01  3.47962e-01
 -3.47496e-01  3.47232e-01  3.46668e-01  3.45225e-01  3.45000e-01
  3.44976e-01  3.41962e-01  3.41759e-01  3.41607e-01  3.41530e-01
  3.40100e-01  3.38708e-01  3.37822e-01  3.37699e-01  3.35551e-01
  3.35178e-01  3.34061e-01  3.30505e-01  3.28018e-01  3.27486e-01
  3.23268e-01  3.23267e-01  3.22485e-01  3.20932e-01  3.20881e-01
  3.19389e-01  3.18849e-01  3.18311e-01  3.16709e-01  3.15183e-01
  3.15167e-01  3.14457e-01  3.12261e-01  3.05641e-01  3.04836e-01
  3.03381e-01  3.02243e-01  3.02023e-01  3.00950e-01  3.00487e-01
  2.99153e-01  2.91065e-01  2.90631e-01  2.88172e-01 -2.83860e-01
  2.81361e-01 -2.79734e-01  2.78416e-01  2.77497e-01  2.69885e-01
  2.52626e-01  2.48727e-01  2.35706e-01  2.27420e-01  2.20318e-01
  2.02289e-01  1.87130e-01  1.86651e-01  1.78585e-01  1.72765e-01
  1.70227e-01  1.69474e-01  1.67810e-01  1.64431e-01  1.55639e-01
  1.46304e-01 -1.45349e-01  1.45037e-01  1.44744e-01  1.35394e-01
  1.29795e-01  1.20312e-01 -1.11365e-01  1.10479e-01  1.10371e-01
  1.05515e-01  9.41104e-02  9.17357e-02 -9.13289e-02  8.33044e-02
  7.30795e-02 -7.00161e-02  6.99867e-02  6.35701e-02  5.97564e-02
  5.27687e-02 -5.12954e-02  4.60984e-02 -3.36051e-02  3.14820e-02
  3.12439e-02  3.10119e-02 -2.22708e-02  2.04901e-02  1.89738e-02
 -1.83335e-02 -1.58617e-02  1.56784e-02 -1.50493e-02 -1.47857e-02
 -1.33003e-02 -1.32687e-02 -1.32562e-02  1.27102e-02  1.23195e-02
 -1.13808e-02  1.06982e-02 -9.74603e-03 -9.00255e-03 -8.92427e-03
  8.51531e-03  8.37673e-03 -8.27344e-03  7.89606e-03 -7.76026e-03
 -7.46091e-03  7.04314e-03  6.86460e-03 -6.72996e-03  6.57660e-03
  6.55447e-03  6.52075e-03 -6.37108e-03  6.29400e-03 -6.06336e-03
 -5.93030e-03 -5.55095e-03 -5.30538e-03 -4.74204e-03  4.70963e-03
 -4.28975e-03  4.19489e-03  4.16150e-03  4.13241e-03  3.88486e-03
  3.82729e-03 -3.71019e-03 -3.54946e-03  3.32794e-03 -3.24467e-03
 -3.22350e-03 -3.22106e-03 -3.13507e-03  2.94522e-03  2.85581e-03
  2.76360e-03  2.61457e-03 -2.46792e-03 -2.31329e-03  2.30304e-03
 -2.25612e-03 -2.14190e-03 -2.09841e-03 -1.92832e-03 -1.90820e-03
  1.86964e-03  1.86540e-03  1.80238e-03  1.64317e-03 -1.60892e-03
 -1.38383e-03  1.22691e-03  1.18863e-03  1.17274e-03 -1.11481e-03
  1.01613e-03  1.01020e-03 -9.92365e-04 -9.62195e-04  9.03377e-04
 -7.83133e-04 -7.17763e-04 -7.13492e-04 -6.60519e-04  5.56903e-04
 -4.97103e-04  4.93610e-04  4.76398e-04 -3.61451e-04  1.37807e-04]

Rayleigh-Ritz ( 280  vec.,  with Left ) lifetime in ps:
 [ 1.76103e+03  1.75397e+03  1.29332e+03  8.40540e+00  7.82161e+00
  7.79061e+00  7.78862e+00 -4.51562e+00  1.94457e+00 -1.77777e+00
 -1.63680e+00 -1.55668e+00  9.45924e-01  8.58313e-01  8.53461e-01
  8.50150e-01  8.24692e-01  8.13587e-01  7.72601e-01 -6.65475e-01
  6.46284e-01  6.43912e-01  6.14930e-01  6.12088e-01  5.62524e-01
  5.19257e-01  5.14419e-01  4.95439e-01  4.75483e-01  4.75272e-01
  4.33003e-01  4.19487e-01  4.18782e-01  4.05019e-01  3.98353e-01
  3.94259e-01  3.93574e-01  3.93417e-01  3.93292e-01  3.93281e-01
  3.92949e-01  3.92469e-01  3.92363e-01  3.90874e-01  3.90823e-01
  3.90813e-01  3.90601e-01  3.90323e-01  3.89906e-01  3.89844e-01
  3.89834e-01  3.89675e-01  3.89355e-01  3.88628e-01  3.87538e-01
  3.87518e-01  3.87350e-01  3.87028e-01  3.86729e-01  3.86495e-01
  3.86123e-01  3.82564e-01  3.82250e-01  3.81765e-01  3.81709e-01
  3.81538e-01  3.80922e-01  3.80727e-01  3.79783e-01  3.79214e-01
  3.79202e-01  3.78962e-01  3.78650e-01  3.78484e-01  3.78104e-01
  3.71451e-01  3.67138e-01  3.64795e-01  3.57838e-01 -3.54992e-01
  3.49041e-01  3.48405e-01  3.48383e-01  3.47465e-01  3.44218e-01
  3.44105e-01  3.42803e-01  3.42404e-01  3.42365e-01  3.42300e-01
  3.42133e-01  3.42120e-01  3.41420e-01  3.40577e-01  3.39389e-01
  3.37836e-01  3.37611e-01  3.37142e-01  3.35671e-01  3.33970e-01
  3.32809e-01  3.31801e-01  3.31304e-01  3.28074e-01  3.26812e-01
  3.26380e-01  3.22916e-01  3.21259e-01  3.15904e-01  3.15566e-01
  3.15409e-01  3.14660e-01  3.14554e-01  3.09389e-01  3.08959e-01
  3.07418e-01  3.03530e-01  2.94449e-01  2.91565e-01  2.90108e-01
  2.88873e-01  2.86858e-01  2.83326e-01 -2.79664e-01  2.75642e-01
  2.75337e-01  2.66216e-01  2.59870e-01  2.56783e-01  2.54435e-01
  2.50709e-01  2.50023e-01  2.49150e-01  2.41468e-01  2.37219e-01
  2.37064e-01  2.35747e-01  2.27785e-01 -2.25129e-01  2.17695e-01
  2.13711e-01  2.04269e-01 -1.90463e-01  1.85552e-01  1.81110e-01
  1.80736e-01  1.56906e-01  1.54661e-01  1.49873e-01  1.48968e-01
 -1.45032e-01  1.38308e-01  1.35670e-01  1.25350e-01  1.23846e-01
  1.23754e-01  1.01237e-01  8.67369e-02  8.55443e-02  8.50713e-02
  8.29293e-02  8.23531e-02 -8.08418e-02  8.07298e-02  7.94321e-02
 -7.05218e-02  6.95343e-02  6.60244e-02  6.52610e-02 -6.03369e-02
  5.50509e-02  5.22977e-02  4.91371e-02  4.64787e-02  4.02107e-02
 -3.89481e-02  3.87419e-02 -3.86490e-02 -3.74157e-02  3.54872e-02
  3.50976e-02  3.23504e-02  3.04994e-02 -2.91204e-02 -2.87920e-02
 -2.62405e-02  2.61885e-02 -2.51641e-02 -2.41285e-02 -2.39813e-02
  2.30602e-02  2.28167e-02 -2.20647e-02 -2.17271e-02  2.07393e-02
 -2.06779e-02  1.93310e-02  1.85688e-02  1.84959e-02  1.84559e-02
  1.84402e-02 -1.78064e-02 -1.68594e-02 -1.57703e-02 -1.44798e-02
  1.43833e-02  1.42443e-02 -1.38620e-02  1.32150e-02 -1.23735e-02
  1.22494e-02  1.20875e-02  1.18605e-02 -1.17425e-02 -1.15101e-02
 -1.14230e-02  1.11238e-02  1.10853e-02  1.04480e-02 -1.02188e-02
 -9.79217e-03  9.24474e-03 -9.04422e-03  8.77442e-03  8.50659e-03
 -8.31880e-03 -8.30329e-03 -7.91229e-03  7.84032e-03  7.79002e-03
 -7.56638e-03  7.52481e-03 -7.02621e-03 -6.67486e-03 -6.43473e-03
 -5.97324e-03  5.62957e-03 -5.48912e-03  5.29876e-03  5.15222e-03
  5.02651e-03 -4.88334e-03 -4.72561e-03  4.68647e-03  4.66579e-03
  4.60447e-03  4.54390e-03 -4.02182e-03 -3.88420e-03  3.73911e-03
  3.63315e-03 -3.41794e-03  3.41308e-03  3.24064e-03  3.07546e-03
  2.79137e-03  2.63264e-03 -2.33187e-03  2.17603e-03 -2.12776e-03
 -1.69941e-03 -1.61442e-03 -1.54590e-03  1.51717e-03 -1.44562e-03
  1.43542e-03  1.18434e-03  0.00000e+00  0.00000e+00  0.00000e+00
  0.00000e+00  0.00000e+00  0.00000e+00  0.00000e+00  0.00000e+00
  0.00000e+00  0.00000e+00  0.00000e+00  0.00000e+00  0.00000e+00]

Rayleigh-Ritz ( 350  vec.,   ) lifetime in ps:
 [ 1.48203e+03  1.46034e+03  1.02682e+03  1.37989e+02  1.29351e+01
  9.89443e+00  9.58512e+00  9.00650e+00  8.48140e+00 -3.68396e+00
 -3.24656e+00 -2.88651e+00 -1.96702e+00 -1.64176e+00 -1.63141e+00
  1.35062e+00  1.14859e+00  1.11949e+00  1.03147e+00 -1.01860e+00
  9.93975e-01  9.88685e-01  9.81953e-01  9.81632e-01  8.89373e-01
  7.65741e-01  7.11316e-01  7.04326e-01  6.92026e-01 -6.75886e-01
  6.35970e-01  6.31004e-01 -6.29438e-01 -6.15201e-01 -5.95061e-01
  5.80296e-01  5.53827e-01  5.04471e-01  5.00403e-01  4.75364e-01
  4.75201e-01 -4.74898e-01  4.70770e-01  4.57254e-01  4.40965e-01
  4.38539e-01  4.35839e-01  4.12833e-01  4.11767e-01  3.99719e-01
  3.96109e-01  3.94325e-01  3.93488e-01  3.92540e-01  3.92467e-01
  3.92398e-01  3.90883e-01  3.90714e-01  3.90681e-01  3.90625e-01
  3.90105e-01  3.89888e-01  3.89794e-01  3.89758e-01  3.88687e-01
  3.87949e-01  3.87777e-01  3.87540e-01  3.87415e-01  3.86819e-01
  3.86484e-01  3.86324e-01  3.85698e-01  3.85451e-01  3.85429e-01
  3.85413e-01  3.83427e-01  3.81775e-01  3.81770e-01  3.81511e-01
  3.80299e-01  3.80197e-01  3.79994e-01  3.79325e-01  3.79026e-01
  3.79022e-01  3.78904e-01  3.78805e-01  3.78085e-01  3.77976e-01
  3.77413e-01  3.77043e-01  3.72969e-01  3.72912e-01  3.71871e-01
  3.69975e-01  3.66587e-01  3.64000e-01  3.58905e-01  3.56426e-01
  3.55825e-01  3.55703e-01  3.54950e-01  3.50608e-01  3.49196e-01
  3.48291e-01  3.46103e-01  3.45834e-01  3.44755e-01  3.44249e-01
  3.43202e-01  3.41926e-01  3.41403e-01  3.41379e-01  3.41339e-01
  3.41338e-01  3.40913e-01  3.40704e-01  3.40384e-01  3.36192e-01
  3.34709e-01  3.34411e-01  3.30691e-01  3.28691e-01  3.26978e-01
  3.23750e-01  3.22925e-01  3.22728e-01  3.20536e-01  3.20459e-01
  3.20453e-01  3.20111e-01  3.19181e-01  3.17256e-01  3.15240e-01
  3.15213e-01  3.11877e-01  3.10486e-01  3.08084e-01  3.07190e-01
  3.06979e-01  3.06811e-01  3.03890e-01  3.03035e-01  3.01326e-01
  2.96688e-01  2.96505e-01  2.94951e-01  2.81550e-01  2.78654e-01
  2.76964e-01  2.64548e-01  2.62144e-01  2.60579e-01  2.58984e-01
  2.58095e-01  2.51402e-01 -2.46016e-01 -2.40269e-01  2.27513e-01
  2.26534e-01  2.23132e-01  2.21170e-01  2.10315e-01  1.98643e-01
  1.94946e-01  1.94402e-01 -1.86835e-01  1.83990e-01 -1.69332e-01
  1.58517e-01  1.53649e-01  1.52272e-01  1.37810e-01  1.32122e-01
  1.30507e-01  1.28166e-01  1.27833e-01 -1.22862e-01  1.21955e-01
  1.17289e-01  1.14181e-01 -1.08540e-01 -8.25167e-02  7.95244e-02
  7.51777e-02  6.89961e-02  6.44411e-02 -6.24223e-02  6.11042e-02
  5.96892e-02  5.78388e-02  5.20645e-02 -5.07274e-02  4.90836e-02
 -4.70023e-02  4.49120e-02 -4.46885e-02  4.45619e-02 -4.35428e-02
  4.17230e-02  4.14623e-02 -3.99383e-02  3.94161e-02 -3.81108e-02
  3.68450e-02  3.68441e-02  3.61942e-02 -3.53105e-02  3.39783e-02
 -3.05542e-02 -2.90745e-02  2.72606e-02  2.50799e-02  2.49881e-02
 -2.39754e-02 -2.29807e-02  2.27021e-02  2.14906e-02 -2.11133e-02
 -1.90202e-02  1.69045e-02  1.67734e-02 -1.63967e-02 -1.62163e-02
  1.61109e-02 -1.45686e-02 -1.44151e-02  1.41441e-02  1.40761e-02
  1.37482e-02 -1.32520e-02  1.28031e-02  1.27676e-02  1.25665e-02
  1.14937e-02 -1.12059e-02  1.11608e-02  1.07682e-02  1.04263e-02
  1.01763e-02  1.00443e-02 -9.88614e-03  9.84672e-03  9.45766e-03
 -9.19396e-03  8.85349e-03 -8.75153e-03 -8.62824e-03  8.55887e-03
 -8.35295e-03  8.34343e-03  8.07192e-03 -8.06509e-03 -7.99187e-03
  7.90911e-03 -7.87483e-03  7.84722e-03 -7.79828e-03  7.43350e-03
  7.21315e-03  6.78655e-03 -6.69615e-03 -6.46674e-03 -6.42162e-03
  6.36507e-03 -6.32773e-03 -6.29349e-03 -6.21065e-03  6.01297e-03
  5.97890e-03 -5.88858e-03  5.66246e-03 -5.59076e-03 -5.57310e-03
 -5.45430e-03  5.44362e-03 -5.28843e-03  5.28219e-03  5.13812e-03
 -4.68542e-03  4.66572e-03  4.43675e-03  4.40608e-03  4.37013e-03
 -4.22357e-03  4.14450e-03 -4.12827e-03  4.05840e-03 -3.85178e-03
 -3.85100e-03 -3.77179e-03 -3.50187e-03 -3.45829e-03  3.42856e-03
 -3.42334e-03 -3.40172e-03 -3.32933e-03  3.27147e-03 -3.14829e-03
  3.10563e-03 -2.85811e-03 -2.71940e-03  2.63365e-03  2.45471e-03
  2.36622e-03 -2.26282e-03 -2.15329e-03  1.86499e-03  1.78844e-03
  1.55655e-03  1.51379e-03 -1.50475e-03 -1.38101e-03 -1.37369e-03
  1.30440e-03  1.29146e-03  1.28989e-03 -1.25252e-03 -1.24342e-03
 -1.22345e-03  1.19348e-03 -1.19333e-03 -1.14834e-03 -1.10650e-03
 -1.09449e-03  1.01557e-03  1.00915e-03 -9.76250e-04  9.12128e-04
 -9.03994e-04 -8.14915e-04 -7.31528e-04 -7.17523e-04  6.94233e-04
  6.16415e-04  6.16298e-04  5.47403e-04  5.01124e-04 -4.31269e-04
  4.28308e-04  4.19323e-04 -3.82220e-04 -3.41905e-04 -1.27626e-04
  1.14042e-04  0.00000e+00  0.00000e+00  0.00000e+00  0.00000e+00]

Rayleigh-Ritz ( 350  vec.,  with Left ) lifetime in ps:
 [-2.03195e+04  1.22221e+03  1.75597e+01  8.60070e+00  8.40787e+00
  7.76634e+00  7.07998e+00  2.98564e+00  1.93457e+00 -1.13536e+00
 -1.12073e+00 -9.18595e-01 -8.86157e-01  8.57462e-01  8.38613e-01
  6.49830e-01  6.20525e-01  5.98767e-01 -5.32660e-01  5.17987e-01
 -5.16898e-01  5.09345e-01  5.03026e-01  4.75372e-01  4.75317e-01
  4.60179e-01  4.57739e-01  4.54484e-01  4.40580e-01  4.33890e-01
  4.27062e-01 -4.11355e-01  4.08728e-01  4.08272e-01  4.05923e-01
  3.99583e-01  3.93880e-01  3.93752e-01  3.92938e-01  3.92489e-01
  3.90678e-01  3.90581e-01  3.90194e-01  3.90093e-01  3.89701e-01
  3.88588e-01  3.88579e-01  3.87426e-01  3.87403e-01  3.87227e-01
  3.86979e-01  3.86482e-01  3.86310e-01  3.85994e-01  3.85221e-01
  3.84225e-01  3.81141e-01  3.79819e-01  3.79640e-01  3.79447e-01
  3.78942e-01  3.78841e-01  3.78471e-01  3.77937e-01  3.77618e-01
  3.77021e-01  3.74383e-01  3.73764e-01  3.70105e-01  3.70044e-01
  3.67236e-01  3.64494e-01  3.63770e-01  3.58295e-01  3.58139e-01
  3.54685e-01  3.45082e-01  3.44323e-01  3.44124e-01  3.42349e-01
 -3.41758e-01  3.41306e-01  3.41200e-01  3.41084e-01  3.41027e-01
  3.40729e-01  3.39025e-01  3.31137e-01  3.29988e-01  3.29591e-01
  3.28420e-01  3.26530e-01  3.24938e-01  3.24601e-01  3.23396e-01
  3.21442e-01  3.21201e-01  3.15371e-01  3.15101e-01  3.14905e-01
  3.13963e-01  3.12387e-01  3.10005e-01  3.05423e-01  3.02281e-01
  3.01382e-01  2.96754e-01  2.94842e-01 -2.93385e-01  2.89126e-01
  2.82859e-01  2.68727e-01  2.66954e-01  2.54285e-01  2.53492e-01
  2.52250e-01  2.48886e-01  2.48818e-01  2.40935e-01  2.36158e-01
  2.33039e-01  2.29181e-01  2.26132e-01  2.02714e-01  1.72669e-01
  1.65090e-01  1.55028e-01  1.42896e-01  1.40711e-01  1.40473e-01
  1.36286e-01  1.34772e-01  1.24811e-01  1.05275e-01  1.03854e-01
 -9.54648e-02 -9.43080e-02 -9.09431e-02  9.09282e-02  8.87263e-02
  8.64311e-02  8.42452e-02  8.15034e-02  7.65070e-02  7.30770e-02
  6.60993e-02  6.60240e-02 -6.43179e-02 -5.92820e-02  5.06681e-02
 -4.93945e-02  4.25776e-02 -3.48934e-02  3.29469e-02  3.13069e-02
  2.88771e-02 -2.80067e-02  2.49983e-02  2.41877e-02 -2.33778e-02
 -1.96673e-02  1.53920e-02  1.53693e-02 -1.39790e-02 -1.29181e-02
 -1.07949e-02  5.38026e-03 -3.73682e-03  2.49590e-03 -2.29290e-03
 -2.84729e-04  0.00000e+00  0.00000e+00  0.00000e+00  0.00000e+00
  0.00000e+00  0.00000e+00  0.00000e+00  0.00000e+00  0.00000e+00
  0.00000e+00  0.00000e+00  0.00000e+00  0.00000e+00  0.00000e+00
  0.00000e+00  0.00000e+00  0.00000e+00  0.00000e+00  0.00000e+00
  0.00000e+00  0.00000e+00  0.00000e+00  0.00000e+00  0.00000e+00
  0.00000e+00  0.00000e+00  0.00000e+00  0.00000e+00  0.00000e+00
  0.00000e+00  0.00000e+00  0.00000e+00  0.00000e+00  0.00000e+00
  0.00000e+00  0.00000e+00  0.00000e+00  0.00000e+00  0.00000e+00
  0.00000e+00  0.00000e+00  0.00000e+00  0.00000e+00  0.00000e+00
  0.00000e+00  0.00000e+00  0.00000e+00  0.00000e+00  0.00000e+00
  0.00000e+00  0.00000e+00  0.00000e+00  0.00000e+00  0.00000e+00
  0.00000e+00  0.00000e+00  0.00000e+00  0.00000e+00  0.00000e+00
  0.00000e+00  0.00000e+00  0.00000e+00  0.00000e+00  0.00000e+00
  0.00000e+00  0.00000e+00  0.00000e+00  0.00000e+00  0.00000e+00
  0.00000e+00  0.00000e+00  0.00000e+00  0.00000e+00  0.00000e+00
  0.00000e+00  0.00000e+00  0.00000e+00  0.00000e+00  0.00000e+00
  0.00000e+00  0.00000e+00  0.00000e+00  0.00000e+00  0.00000e+00
  0.00000e+00  0.00000e+00  0.00000e+00  0.00000e+00  0.00000e+00
  0.00000e+00  0.00000e+00  0.00000e+00  0.00000e+00  0.00000e+00
  0.00000e+00  0.00000e+00  0.00000e+00  0.00000e+00  0.00000e+00
  0.00000e+00  0.00000e+00  0.00000e+00  0.00000e+00  0.00000e+00
  0.00000e+00  0.00000e+00  0.00000e+00  0.00000e+00  0.00000e+00
  0.00000e+00  0.00000e+00  0.00000e+00  0.00000e+00  0.00000e+00
  0.00000e+00  0.00000e+00  0.00000e+00  0.00000e+00  0.00000e+00
  0.00000e+00  0.00000e+00  0.00000e+00  0.00000e+00  0.00000e+00
  0.00000e+00  0.00000e+00  0.00000e+00  0.00000e+00  0.00000e+00
  0.00000e+00  0.00000e+00  0.00000e+00  0.00000e+00  0.00000e+00
  0.00000e+00  0.00000e+00  0.00000e+00  0.00000e+00  0.00000e+00
  0.00000e+00  0.00000e+00  0.00000e+00  0.00000e+00  0.00000e+00
  0.00000e+00  0.00000e+00  0.00000e+00  0.00000e+00  0.00000e+00
  0.00000e+00  0.00000e+00  0.00000e+00  0.00000e+00  0.00000e+00
  0.00000e+00  0.00000e+00  0.00000e+00  0.00000e+00  0.00000e+00
  0.00000e+00  0.00000e+00  0.00000e+00  0.00000e+00  0.00000e+00
  0.00000e+00  0.00000e+00  0.00000e+00  0.00000e+00  0.00000e+00
  0.00000e+00  0.00000e+00  0.00000e+00  0.00000e+00  0.00000e+00
  0.00000e+00  0.00000e+00  0.00000e+00  0.00000e+00  0.00000e+00]

Warning!!! oU is singular
Rayleigh-Ritz ( 351  vec.,  with Left ) lifetime in ps:
 [-3.34751e+12  5.44701e+06 -4.85201e+06  3.46093e+06  1.77243e+06
  1.58700e+06 -1.20935e+06  1.20285e+06  7.63264e+05 -6.18344e+05
  6.04589e+05  5.56275e+05 -5.22337e+05  4.92597e+05  4.88871e+05
 -4.61228e+05 -3.82290e+05  3.72957e+05  3.58413e+05  3.39219e+05
 -2.96275e+05 -2.93604e+05  2.66662e+05  2.64966e+05 -2.49484e+05
  2.37352e+05 -2.29823e+05  2.27894e+05  2.22638e+05  2.03630e+05
 -1.96698e+05 -1.82225e+05 -1.81545e+05  1.63295e+05 -1.62260e+05
 -1.60123e+05 -1.55387e+05 -1.50832e+05  1.46832e+05  1.42747e+05
  1.38513e+05 -1.28472e+05  1.21509e+05 -1.20714e+05  1.16269e+05
  1.08140e+05  1.02984e+05 -9.99614e+04 -9.53191e+04 -9.21462e+04
 -9.03615e+04  8.99401e+04  8.82519e+04 -8.71695e+04 -8.32690e+04
 -7.96972e+04 -7.75770e+04  7.39856e+04 -7.39223e+04 -7.29816e+04
  7.27340e+04  7.00169e+04  6.97148e+04 -6.40049e+04 -5.58168e+04
 -5.57224e+04  5.53991e+04 -5.45672e+04  5.25818e+04  5.11408e+04
  4.86715e+04  4.80185e+04  4.67282e+04 -4.39969e+04  4.19208e+04
 -3.95284e+04 -3.76094e+04  3.71978e+04  3.06318e+04 -2.96692e+04
  2.96378e+04 -2.82026e+04  2.64430e+04 -2.45554e+04 -2.33303e+04
  2.24439e+04  2.06252e+04  1.88480e+04 -1.72018e+04 -1.62849e+04
  1.62706e+04 -1.34433e+04 -1.33916e+04  1.26681e+04  1.24368e+04
 -1.00583e+04 -9.33120e+03  9.17792e+03  5.27951e+03 -4.79287e+03
  4.09687e+03 -2.58127e+03  2.50112e+03 -1.91698e+03 -1.82693e+03
  1.72486e+03  1.72006e+03  1.16505e+03 -1.08419e+03  5.03714e+02
  4.50082e+02 -4.49983e+02  4.28482e+02 -4.15386e+02 -1.61147e+02
  1.47859e+02 -1.14215e+02 -7.81952e+01  7.78459e+01  6.96194e+01
  6.79858e+01  6.35356e+01 -2.01528e+01  1.98763e+01  1.94005e+01
  1.72282e+01 -1.30299e+01 -1.14253e+01  1.10589e+01 -1.02952e+01
 -8.79880e+00  8.47992e+00  8.40660e+00  8.12552e+00  8.12259e+00
  7.92809e+00  6.54560e+00 -5.31200e+00  4.62053e+00 -3.58936e+00
  3.50619e+00 -2.05120e+00  1.92029e+00  1.70226e+00  1.31451e+00
 -1.19090e+00  1.17719e+00  1.16662e+00  1.12485e+00 -1.11636e+00
 -1.11065e+00  9.99525e-01  8.89154e-01 -8.80990e-01  8.53566e-01
  8.49914e-01  8.48696e-01 -8.18118e-01  7.00644e-01  6.91311e-01
  6.17432e-01 -6.13716e-01 -6.09154e-01  5.99122e-01 -5.82747e-01
  5.76498e-01  5.69389e-01  5.66348e-01 -5.24201e-01  5.02131e-01
  4.97084e-01  4.96970e-01 -4.84455e-01  4.76168e-01  4.71238e-01
 -4.69784e-01 -4.66512e-01  4.60944e-01 -4.58748e-01 -4.57871e-01
  4.48606e-01  4.44877e-01  4.30934e-01  4.12998e-01  4.12982e-01
  4.06670e-01  4.05885e-01 -3.97626e-01  3.96315e-01  3.95347e-01
  3.93037e-01  3.86842e-01  3.67768e-01  3.65754e-01  3.64673e-01
  3.61731e-01  3.60784e-01  3.60237e-01  3.58960e-01  3.55913e-01
  3.54126e-01  3.51621e-01  3.50327e-01  3.43212e-01  3.41424e-01
  3.34157e-01  3.33528e-01  3.22434e-01  3.21389e-01  3.14985e-01
  3.12806e-01  3.10280e-01 -3.08204e-01  3.02870e-01  3.02850e-01
  3.00061e-01  2.99926e-01  2.99530e-01  2.99070e-01  2.96208e-01
  2.89156e-01  2.87780e-01  2.77869e-01 -2.77484e-01  2.76497e-01
  2.74936e-01  2.74618e-01  2.73517e-01  2.71001e-01  2.61709e-01
 -2.58874e-01  2.57477e-01  2.53484e-01  2.51061e-01 -2.48948e-01
  2.48399e-01  2.43365e-01  2.43231e-01  2.40885e-01  2.31506e-01
  2.27396e-01  2.22438e-01 -2.17028e-01  2.16983e-01  2.16023e-01
  2.13963e-01  2.10458e-01  2.08281e-01  2.08009e-01  2.06102e-01
  2.00143e-01  1.96747e-01  1.96544e-01  1.93941e-01  1.93402e-01
  1.92060e-01  1.89004e-01  1.85673e-01  1.80669e-01  1.67746e-01
  1.64615e-01  1.63200e-01  1.62417e-01  1.61986e-01  1.56434e-01
  1.53392e-01 -1.49019e-01  1.47381e-01 -1.47277e-01 -1.45019e-01
  1.40359e-01  1.37828e-01 -1.36361e-01  1.35217e-01  1.33858e-01
  1.28658e-01  1.28592e-01  1.26241e-01  1.25921e-01  1.24652e-01
 -1.21116e-01  1.17633e-01  1.15658e-01  1.05416e-01  1.02440e-01
  9.98338e-02  9.24491e-02  8.48879e-02  8.37625e-02  8.32030e-02
 -7.80733e-02  7.66512e-02  7.60986e-02  7.00672e-02  6.91020e-02
  6.79415e-02 -6.69484e-02  6.61320e-02  6.41822e-02 -5.69158e-02
  4.86662e-02  4.20633e-02 -3.90184e-02 -3.64081e-02  3.36166e-02
  3.23914e-02 -2.58880e-02 -2.57558e-02 -2.56409e-02  2.51903e-02
 -2.13476e-02 -2.06214e-02 -1.97613e-02 -1.72717e-02  1.70618e-02
  1.52663e-02  1.35791e-02  1.19176e-02  1.13667e-02  1.12074e-02
  1.10349e-02 -1.10130e-02  7.15410e-03 -4.91981e-03  4.81563e-03
  4.43990e-03 -3.97547e-03 -3.91478e-03 -3.86042e-03  3.29799e-03
  2.94991e-03  2.68012e-03  2.24468e-03 -1.77458e-03 -1.30205e-03
 -1.20311e-03  1.02422e-03  9.21185e-04  7.22605e-04 -4.95541e-04
 -4.09365e-04  3.96953e-04  3.31832e-04  2.65653e-04 -2.30442e-04
 -2.25482e-04  2.13004e-04 -1.97893e-04 -1.38475e-04  1.35888e-04
  9.83970e-05]


time for Rayleigh-Ritz lifetime:  84.20493912417442

##################################################
solving spin diffusion length
##################################################

--------------------------------------------------
solving -L^(-1) Lv x = x lambda^(-1)
--------------------------------------------------

--------------------------------------------------
carrier transport from linearized DMME
--------------------------------------------------
conductivity in S =  0.011368973157185299
mobility (n=|ne-nh|) in cm^2/V/s =  48965.84377049818
mobility (n=ne+nh) in cm^2/V/s =  48845.76523102034
effective lifetime in ps:  0.855007365562972
spin diffusion length using pinv of L in micro-meter:
 [-93.72924 -93.72351  80.87654  64.48941 -46.29684  18.51067 -18.50718
 -17.21863 -13.69327  13.23071  13.23071 -13.23021 -13.23021 -12.80111
 -10.71435   4.03661   3.62037  -2.48039  -2.12791   1.75133]
precession freq. in au:
 [ 1.04519e-01 -1.04519e-01  3.07823e+00 -3.07823e+00  1.52008e+01
  4.17249e-18 -1.77219e-17  7.72209e+00 -7.72210e+00  4.25563e-06
 -4.25563e-06  4.25469e-06 -4.25469e-06  3.97421e+00 -3.97422e+00
  5.00210e+00 -5.00209e+00 -1.52008e+01  3.24182e+01 -1.06605e+01]
short diffusion length using pinv of L in micro-meter:
 [-1.45830e-06 -1.30968e-06  1.29781e-06 -1.22107e-06  1.21722e-06
  1.21407e-06  1.14739e-06 -9.92940e-07  9.50978e-07  8.08913e-07
  7.94764e-07 -7.60563e-07 -7.51922e-07 -6.59654e-07  6.33472e-07
  5.70465e-07 -5.11694e-07  5.06282e-07  4.46761e-07 -1.95826e-07]

time for solving diffusion lengths via lin. alg.:  20.03957864502445

Analyse decay mode:

The 4 observables and perturbations are:
n, sx, sy, sz
ob. proj. to VR = 
 [[ 0.00000e+00+0.00000e+00j  0.00000e+00+0.00000e+00j
   0.00000e+00+0.00000e+00j  0.00000e+00+0.00000e+00j
   5.92773e-02+4.11423e-01j  0.00000e+00+0.00000e+00j
   1.14771e-03-1.65363e-04j  0.00000e+00+0.00000e+00j]
 [ 0.00000e+00+0.00000e+00j  0.00000e+00+0.00000e+00j
   0.00000e+00+0.00000e+00j  0.00000e+00+0.00000e+00j
   5.92773e-02-4.11423e-01j  0.00000e+00+0.00000e+00j
   1.14771e-03+1.65363e-04j  0.00000e+00+0.00000e+00j]
 [ 0.00000e+00+0.00000e+00j  0.00000e+00+0.00000e+00j
  -2.12692e-04+2.16807e-04j  0.00000e+00+0.00000e+00j
   5.35121e-03-5.45458e-03j  0.00000e+00+0.00000e+00j
  -4.90081e-04-4.80798e-04j  0.00000e+00+0.00000e+00j]
 [ 0.00000e+00+0.00000e+00j  0.00000e+00+0.00000e+00j
  -2.12692e-04-2.16807e-04j  0.00000e+00+0.00000e+00j
   5.35121e-03+5.45459e-03j  0.00000e+00+0.00000e+00j
  -4.90081e-04+4.80798e-04j  0.00000e+00+0.00000e+00j]
 [ 0.00000e+00+0.00000e+00j  0.00000e+00+0.00000e+00j
   0.00000e+00+0.00000e+00j  0.00000e+00+0.00000e+00j
   1.09595e-03+1.51580e-03j  0.00000e+00+0.00000e+00j
   4.19701e-04-3.03444e-04j  0.00000e+00+0.00000e+00j]
 [ 0.00000e+00+0.00000e+00j -3.41868e-02-6.94833e-03j
   4.81138e-01+9.77893e-02j  1.38988e+00+2.82487e-01j
   0.00000e+00+0.00000e+00j  1.79434e-02+3.64692e-03j
   1.75711e-03+3.57125e-04j -1.76458e-04-3.58643e-05j]
 [ 0.00000e+00+0.00000e+00j  3.34827e-02-9.25507e-03j
  -4.73407e-01+1.30856e-01j  1.36731e+00-3.77943e-01j
   0.00000e+00+0.00000e+00j -1.77906e-02+4.91757e-03j
  -1.81529e-03+5.01771e-04j -2.37727e-04+6.57108e-05j]
 [ 0.00000e+00+0.00000e+00j  0.00000e+00+0.00000e+00j
   0.00000e+00+0.00000e+00j  0.00000e+00+0.00000e+00j
  -1.63433e-03-1.01852e-02j  0.00000e+00+0.00000e+00j
  -2.06857e-04+3.31903e-05j  0.00000e+00+0.00000e+00j]
 [ 0.00000e+00+0.00000e+00j  0.00000e+00+0.00000e+00j
   0.00000e+00+0.00000e+00j  0.00000e+00+0.00000e+00j
  -1.63436e-03+1.01852e-02j  0.00000e+00+0.00000e+00j
  -2.06857e-04-3.31909e-05j  0.00000e+00+0.00000e+00j]
 [ 0.00000e+00+0.00000e+00j  5.27526e-01+5.54002e-01j
  -3.96833e-01+6.03924e-01j  4.87696e-01-1.22776e-01j
   0.00000e+00+0.00000e+00j -1.49772e-02+2.25613e-02j
  -1.92187e-02-2.06025e-02j  4.70869e-04+4.51987e-05j]]
rhopert. proj. to VL = 
 [[-8.69533e+00-1.25281e+00j  0.00000e+00+0.00000e+00j
   0.00000e+00+0.00000e+00j  0.00000e+00+0.00000e+00j
  -1.69292e-04+1.17504e-03j  0.00000e+00+0.00000e+00j
   0.00000e+00+0.00000e+00j  0.00000e+00+0.00000e+00j]
 [-8.69533e+00+1.25281e+00j  0.00000e+00+0.00000e+00j
   0.00000e+00+0.00000e+00j  0.00000e+00+0.00000e+00j
  -1.69292e-04-1.17504e-03j  0.00000e+00+0.00000e+00j
   0.00000e+00+0.00000e+00j  0.00000e+00+0.00000e+00j]
 [ 8.60121e+00-8.43807e+00j  0.00000e+00+0.00000e+00j
   0.00000e+00+0.00000e+00j  0.00000e+00+0.00000e+00j
   0.00000e+00+0.00000e+00j  0.00000e+00+0.00000e+00j
   0.00000e+00+0.00000e+00j  0.00000e+00+0.00000e+00j]
 [ 8.60122e+00+8.43806e+00j  0.00000e+00+0.00000e+00j
   0.00000e+00+0.00000e+00j  0.00000e+00+0.00000e+00j
   0.00000e+00+0.00000e+00j  0.00000e+00+0.00000e+00j
   0.00000e+00+0.00000e+00j  0.00000e+00+0.00000e+00j]
 [-7.06398e+00-5.10812e+00j  0.00000e+00+0.00000e+00j
   0.00000e+00+0.00000e+00j  0.00000e+00+0.00000e+00j
   0.00000e+00+0.00000e+00j  0.00000e+00+0.00000e+00j
   0.00000e+00+0.00000e+00j  0.00000e+00+0.00000e+00j]
 [ 0.00000e+00+0.00000e+00j  4.64398e-02-9.43870e-03j
  -2.39671e-02+4.87121e-03j -6.98415e-02+1.41950e-02j
   0.00000e+00+0.00000e+00j  5.58809e-04-1.13576e-04j
  -9.09059e-04+1.84762e-04j  1.10633e-03-2.24857e-04j]
 [ 0.00000e+00+0.00000e+00j -4.56869e-02-1.26285e-02j
   2.35597e-02+6.51222e-03j -6.87094e-02-1.89922e-02j
   9.65388e-05+2.66846e-05j -1.47079e-03-4.06545e-04j
   1.12786e-03+3.11755e-04j  9.84649e-04+2.72170e-04j]
 [ 2.21853e+01+3.55995e+00j  0.00000e+00+0.00000e+00j
   0.00000e+00+0.00000e+00j  0.00000e+00+0.00000e+00j
   0.00000e+00+0.00000e+00j  0.00000e+00+0.00000e+00j
   0.00000e+00+0.00000e+00j  0.00000e+00+0.00000e+00j]
 [ 2.21854e+01-3.55997e+00j  0.00000e+00+0.00000e+00j
   0.00000e+00+0.00000e+00j  0.00000e+00+0.00000e+00j
   0.00000e+00+0.00000e+00j  0.00000e+00+0.00000e+00j
   0.00000e+00+0.00000e+00j  0.00000e+00+0.00000e+00j]
 [ 0.00000e+00+0.00000e+00j -5.14444e-02+5.32048e-02j
   5.25416e-02+5.06440e-02j -7.76797e-03-2.46470e-02j
   0.00000e+00+0.00000e+00j -2.24732e-03-2.36470e-03j
  -3.21681e-03+1.49035e-03j -1.15592e-03-2.26513e-04j]]
ob. of pert:
 [[-4.58794e-01  0.00000e+00  0.00000e+00  2.43097e-06  0.00000e+00
   0.00000e+00  0.00000e+00 -5.24318e-06]
 [ 0.00000e+00 -2.29397e-01  0.00000e+00  0.00000e+00  0.00000e+00
   0.00000e+00  0.00000e+00  0.00000e+00]
 [ 0.00000e+00  0.00000e+00 -2.29397e-01  0.00000e+00  0.00000e+00
   0.00000e+00  0.00000e+00  0.00000e+00]
 [ 0.00000e+00  0.00000e+00  0.00000e+00 -2.29397e-01 -1.04864e-05
   0.00000e+00  0.00000e+00  0.00000e+00]
 [ 0.00000e+00  0.00000e+00  0.00000e+00 -5.24318e-06 -4.58794e-01
   0.00000e+00  0.00000e+00  2.43097e-06]
 [ 0.00000e+00  0.00000e+00  0.00000e+00  0.00000e+00  0.00000e+00
  -2.29397e-01  0.00000e+00  0.00000e+00]
 [ 0.00000e+00  0.00000e+00  0.00000e+00  0.00000e+00  0.00000e+00
   0.00000e+00 -2.29397e-01  0.00000e+00]
 [ 0.00000e+00  0.00000e+00  0.00000e+00  0.00000e+00  0.00000e+00
   0.00000e+00  0.00000e+00 -2.29397e-01]]

mode  0  with rate  -1771226.7337358044
pert. and ob.:
 [[ 0.00000e+00 -2.26282e-05 -8.80207e-08  7.02244e-07 -6.34644e-08
   8.28907e-06 -1.01869e-02 -6.70639e-05]
 [ 0.00000e+00  0.00000e+00  0.00000e+00  0.00000e+00  0.00000e+00
   0.00000e+00  0.00000e+00  0.00000e+00]
 [ 0.00000e+00  0.00000e+00  0.00000e+00  0.00000e+00  4.61156e-08
   0.00000e+00  0.00000e+00  0.00000e+00]
 [ 0.00000e+00  0.00000e+00  0.00000e+00  0.00000e+00 -2.16050e-07
   0.00000e+00  0.00000e+00  0.00000e+00]
 [ 0.00000e+00  0.00000e+00 -6.97715e-08  2.71455e-08 -4.93474e-04
   0.00000e+00  0.00000e+00  0.00000e+00]
 [ 0.00000e+00  0.00000e+00  0.00000e+00  0.00000e+00  1.20688e-07
   0.00000e+00  0.00000e+00  0.00000e+00]
 [ 0.00000e+00  0.00000e+00  0.00000e+00  0.00000e+00  0.00000e+00
   0.00000e+00  1.14502e-08  0.00000e+00]
 [ 0.00000e+00  0.00000e+00  0.00000e+00  0.00000e+00 -1.67196e-08
   0.00000e+00  0.00000e+00  0.00000e+00]]

mode  1  with rate  -1771118.3371939543
pert. and ob.:
 [[ 0.00000e+00 -2.26282e-05 -8.80175e-08  7.02240e-07 -6.14851e-08
   8.28906e-06 -1.01869e-02 -6.70639e-05]
 [ 0.00000e+00  0.00000e+00  0.00000e+00  0.00000e+00  0.00000e+00
   0.00000e+00  0.00000e+00  0.00000e+00]
 [ 0.00000e+00  0.00000e+00  0.00000e+00  0.00000e+00  4.61415e-08
   0.00000e+00  0.00000e+00  0.00000e+00]
 [ 0.00000e+00  0.00000e+00  0.00000e+00  0.00000e+00 -2.16004e-07
   0.00000e+00  0.00000e+00  0.00000e+00]
 [ 0.00000e+00  0.00000e+00 -6.97715e-08  2.71455e-08 -4.93474e-04
   0.00000e+00  0.00000e+00  0.00000e+00]
 [ 0.00000e+00  0.00000e+00  0.00000e+00  0.00000e+00  1.20686e-07
   0.00000e+00  0.00000e+00  0.00000e+00]
 [ 0.00000e+00  0.00000e+00  0.00000e+00  0.00000e+00  0.00000e+00
   0.00000e+00  1.14502e-08  0.00000e+00]
 [ 0.00000e+00  0.00000e+00  0.00000e+00  0.00000e+00 -1.67196e-08
   0.00000e+00  0.00000e+00  0.00000e+00]]

mode  2  with rate  1528345.744257131
pert. and ob.:
 [[ 0.00000e+00 -1.84533e-05  2.17447e-08 -1.07588e-06  6.97949e-07
   3.64025e-06 -8.27229e-03  3.72605e-05]
 [ 0.00000e+00  0.00000e+00  0.00000e+00  0.00000e+00  0.00000e+00
   0.00000e+00  0.00000e+00  0.00000e+00]
 [ 0.00000e+00  0.00000e+00  0.00000e+00  0.00000e+00  0.00000e+00
   0.00000e+00  0.00000e+00  0.00000e+00]
 [ 0.00000e+00  0.00000e+00  0.00000e+00  0.00000e+00  0.00000e+00
   0.00000e+00  0.00000e+00  0.00000e+00]
 [ 0.00000e+00  0.00000e+00  0.00000e+00  0.00000e+00  1.37378e-07
   0.00000e+00  0.00000e+00  0.00000e+00]
 [ 0.00000e+00  0.00000e+00  0.00000e+00  0.00000e+00  0.00000e+00
   0.00000e+00  0.00000e+00  0.00000e+00]
 [ 0.00000e+00  0.00000e+00  0.00000e+00  0.00000e+00  0.00000e+00
   0.00000e+00  0.00000e+00  0.00000e+00]
 [ 0.00000e+00  0.00000e+00  0.00000e+00  0.00000e+00  0.00000e+00
   0.00000e+00  0.00000e+00  0.00000e+00]]

mode  3  with rate  1218673.7478373689
pert. and ob.:
 [[-3.04665e-08 -1.84533e-05  2.04694e-08 -1.07584e-06  7.70395e-07
   3.64025e-06 -8.27230e-03  3.72605e-05]
 [ 0.00000e+00  0.00000e+00  0.00000e+00  0.00000e+00  0.00000e+00
   0.00000e+00  0.00000e+00  0.00000e+00]
 [ 0.00000e+00  0.00000e+00  0.00000e+00  0.00000e+00  0.00000e+00
   0.00000e+00  0.00000e+00  0.00000e+00]
 [ 0.00000e+00  0.00000e+00  0.00000e+00  0.00000e+00  0.00000e+00
   0.00000e+00  0.00000e+00  0.00000e+00]
 [ 0.00000e+00  0.00000e+00  0.00000e+00  0.00000e+00  1.37378e-07
   0.00000e+00  0.00000e+00  0.00000e+00]
 [ 0.00000e+00  0.00000e+00  0.00000e+00  0.00000e+00  0.00000e+00
   0.00000e+00  0.00000e+00  0.00000e+00]
 [ 0.00000e+00  0.00000e+00  0.00000e+00  0.00000e+00  0.00000e+00
   0.00000e+00  0.00000e+00  0.00000e+00]
 [ 0.00000e+00  0.00000e+00  0.00000e+00  0.00000e+00  0.00000e+00
   0.00000e+00  0.00000e+00  0.00000e+00]]

mode  4  with rate  -874883.8218371924
pert. and ob.:
 [[ 2.39916e-07  6.02548e-06  7.99172e-08  3.02708e-06  1.15639e-06
  -3.53347e-06 -4.51479e-03 -2.31857e-05]
 [ 0.00000e+00  0.00000e+00  0.00000e+00  0.00000e+00  0.00000e+00
   0.00000e+00  0.00000e+00  0.00000e+00]
 [ 0.00000e+00  0.00000e+00  0.00000e+00  0.00000e+00  0.00000e+00
   0.00000e+00  0.00000e+00  0.00000e+00]
 [ 0.00000e+00  0.00000e+00  0.00000e+00  0.00000e+00  0.00000e+00
   0.00000e+00  0.00000e+00  0.00000e+00]
 [ 0.00000e+00  0.00000e+00  0.00000e+00  0.00000e+00  0.00000e+00
   0.00000e+00  0.00000e+00  0.00000e+00]
 [ 0.00000e+00  0.00000e+00  0.00000e+00  0.00000e+00  0.00000e+00
   0.00000e+00  0.00000e+00  0.00000e+00]
 [ 0.00000e+00  0.00000e+00  0.00000e+00  0.00000e+00  0.00000e+00
   0.00000e+00  0.00000e+00  0.00000e+00]
 [ 0.00000e+00  0.00000e+00  0.00000e+00  0.00000e+00  0.00000e+00
   0.00000e+00  0.00000e+00  0.00000e+00]]

mode  5  with rate  349801.1392562337
pert. and ob.:
 [[ 0.00000e+00  3.05492e-08 -4.29942e-07 -1.24199e-06  0.00000e+00
  -1.60341e-08  0.00000e+00  0.00000e+00]
 [ 0.00000e+00 -1.65321e-03  2.32669e-02  6.72120e-02  1.67882e-06
   8.67710e-04  8.49705e-05 -8.53318e-06]
 [ 0.00000e+00  8.53206e-04 -1.20078e-02 -3.46874e-02 -8.66422e-07
  -4.47816e-04 -4.38524e-05  4.40388e-06]
 [ 0.00000e+00  2.48629e-03 -3.49915e-02 -1.01081e-01 -2.52481e-06
  -1.30496e-03 -1.27788e-04  1.28332e-05]
 [ 0.00000e+00 -3.42361e-06  4.81831e-05  1.39188e-04  0.00000e+00
   1.79693e-06  1.75964e-07 -1.76712e-08]
 [ 0.00000e+00 -1.98931e-05  2.79971e-04  8.08761e-04  2.02012e-08
   1.04411e-05  1.02245e-06 -1.02680e-07]
 [ 0.00000e+00  3.23616e-05 -4.55450e-04 -1.31568e-03 -3.28629e-08
  -1.69854e-05 -1.66330e-06  1.67037e-07]
 [ 0.00000e+00 -3.93843e-05  5.54285e-04  1.60118e-03  3.99944e-08
   2.06713e-05  2.02424e-06 -2.03285e-07]]

mode  6  with rate  -349735.10517395276
pert. and ob.:
 [[ 0.00000e+00 -1.98723e-08  2.80972e-07 -8.11511e-07  0.00000e+00
   1.05589e-08  0.00000e+00  0.00000e+00]
 [ 0.00000e+00 -1.64660e-03  2.32810e-02 -6.72410e-02 -1.65384e-06
   8.74901e-04  8.92717e-05  1.16908e-05]
 [ 0.00000e+00  8.49115e-04 -1.20055e-02  3.46747e-02  8.52849e-07
  -4.51167e-04 -4.60354e-05 -6.02870e-06]
 [ 0.00000e+00 -2.47635e-03  3.50128e-02 -1.01125e-01 -2.48724e-06
   1.31578e-03  1.34257e-04  1.75821e-05]
 [ 0.00000e+00  3.47935e-06 -4.91940e-05  1.42084e-04  0.00000e+00
  -1.84871e-06 -1.88636e-07 -2.47033e-08]
 [ 0.00000e+00 -5.30086e-05  7.49480e-04 -2.16467e-03 -5.32417e-08
   2.81655e-05  2.87390e-06  3.76360e-07]
 [ 0.00000e+00  4.06490e-05 -5.74731e-04  1.65996e-03  4.08278e-08
  -2.15984e-05 -2.20382e-06 -2.88607e-07]
 [ 0.00000e+00  3.54877e-05 -5.01755e-04  1.44918e-03  3.56437e-08
  -1.88560e-05 -1.92399e-06 -2.51962e-07]]

mode  7  with rate  -325384.9849269541
pert. and ob.:
 [[-3.71239e-07 -7.05727e-06 -9.22470e-08 -1.71593e-06  7.37812e-07
  -1.55666e-06 -4.70733e-03 -6.26775e-05]
 [ 0.00000e+00  0.00000e+00  0.00000e+00  0.00000e+00  0.00000e+00
   0.00000e+00  0.00000e+00  0.00000e+00]
 [ 0.00000e+00  0.00000e+00  0.00000e+00  0.00000e+00  0.00000e+00
   0.00000e+00  0.00000e+00  0.00000e+00]
 [ 0.00000e+00  0.00000e+00  0.00000e+00  0.00000e+00  0.00000e+00
   0.00000e+00  0.00000e+00  0.00000e+00]
 [ 0.00000e+00  0.00000e+00  0.00000e+00  0.00000e+00 -5.03371e-08
   0.00000e+00  0.00000e+00  0.00000e+00]
 [ 0.00000e+00  0.00000e+00  0.00000e+00  0.00000e+00  0.00000e+00
   0.00000e+00  0.00000e+00  0.00000e+00]
 [ 0.00000e+00  0.00000e+00  0.00000e+00  0.00000e+00  0.00000e+00
   0.00000e+00  0.00000e+00  0.00000e+00]
 [ 0.00000e+00  0.00000e+00  0.00000e+00  0.00000e+00  0.00000e+00
   0.00000e+00  0.00000e+00  0.00000e+00]]

mode  8  with rate  -258765.44797296153
pert. and ob.:
 [[ 2.15671e-07 -7.05705e-06 -1.08920e-07 -1.71586e-06  3.13818e-07
  -1.55669e-06 -4.70736e-03 -6.26777e-05]
 [ 0.00000e+00  0.00000e+00  0.00000e+00  0.00000e+00  0.00000e+00
   0.00000e+00  0.00000e+00  0.00000e+00]
 [ 0.00000e+00  0.00000e+00  0.00000e+00  0.00000e+00  0.00000e+00
   0.00000e+00  0.00000e+00  0.00000e+00]
 [ 0.00000e+00  0.00000e+00  0.00000e+00  0.00000e+00  0.00000e+00
   0.00000e+00  0.00000e+00  0.00000e+00]
 [ 0.00000e+00  0.00000e+00  0.00000e+00  0.00000e+00 -5.03373e-08
   0.00000e+00  0.00000e+00  0.00000e+00]
 [ 0.00000e+00  0.00000e+00  0.00000e+00  0.00000e+00  0.00000e+00
   0.00000e+00  0.00000e+00  0.00000e+00]
 [ 0.00000e+00  0.00000e+00  0.00000e+00  0.00000e+00  0.00000e+00
   0.00000e+00  0.00000e+00  0.00000e+00]
 [ 0.00000e+00  0.00000e+00  0.00000e+00  0.00000e+00  0.00000e+00
   0.00000e+00  0.00000e+00  0.00000e+00]]

mode  9  with rate  250024.2468548938
pert. and ob.:
 [[ 0.00000e+00 -2.23299e-07  0.00000e+00 -1.06851e-07  0.00000e+00
   0.00000e+00  0.00000e+00  0.00000e+00]
 [ 0.00000e+00 -5.66138e-02 -1.17168e-02 -1.85569e-02  7.79798e-07
  -4.29878e-04  2.08485e-03 -2.66284e-05]
 [ 0.00000e+00 -3.39829e-04 -5.14354e-02  3.18422e-02  2.01545e-06
  -1.92952e-03  3.36125e-05  2.24512e-05]
 [ 0.00000e+00  9.55668e-03  1.79675e-02 -6.81447e-03 -7.57575e-07
   6.72411e-04 -3.58500e-04 -2.54368e-06]
 [ 0.00000e+00 -1.37590e-05 -2.62778e-05  1.00657e-05  0.00000e+00
  -9.83450e-07  5.16310e-07  0.00000e+00]
 [ 0.00000e+00  1.24527e-04  2.31991e-03 -1.38634e-03 -9.15231e-08
   8.70092e-05 -5.52812e-06 -9.51312e-07]
 [ 0.00000e+00 -2.52261e-03  3.76477e-04 -1.38585e-03  0.00000e+00
   1.45545e-05  9.25282e-05 -1.58206e-06]
 [ 0.00000e+00 -4.84289e-04  5.95504e-04 -5.91547e-04 -2.05651e-08
   2.24229e-05  1.75485e-05 -5.34048e-07]]

do real-space simulations with xmax (in micro-meter)  18.510679124258548
2801  (of  5600 ) modes are considered in real-space simulation
Sxx_jxsxpert (exp): tau =  4.365872161847377  micro-meter
Sxx_jxsxpert (exp cos phi=0): tau =  9.30823580301744  micro-meter  period =  -48.21135729710144
Sxx_jxsxpert (exp cos): tau =  13.378870928328624  micro-meter  period =  -75.20203792335502 micro-meter  phi =  -0.5381483060368809
2801  (of  5600 ) modes are considered in real-space simulation
jxSx_jxsxpert (exp): tau =  7.94312708144728  micro-meter
jxSx_jxsxpert (exp cos phi=0): tau =  13.21854025946094  micro-meter  period =  79.82360672583891
jxSx_jxsxpert (exp cos): tau =  13.009940705858767  micro-meter  period =  77.63815592539241 micro-meter  phi =  -0.03943679899203871
2801  (of  5600 ) modes are considered in real-space simulation
Sxx_sxpert (exp): tau =  7.939529951749831  micro-meter
Sxx_sxpert (exp cos phi=0): tau =  13.215546571784122  micro-meter  period =  -79.78710929106911
Sxx_sxpert (exp cos): tau =  13.011421148979363  micro-meter  period =  77.64994139813612 micro-meter  phi =  -0.038562600225151566
3  (of  5600 ) modes are considered in real-space simulation
Sxx_sxpert_thrrel0.01 (exp): tau =  7.931093726749254  micro-meter
Sxx_sxpert_thrrel0.01 (exp cos phi=0): tau =  13.192325111846092  micro-meter  period =  79.76713668181074
Sxx_sxpert_thrrel0.01 (exp cos): tau =  13.006343070687153  micro-meter  period =  77.82177579183558 micro-meter  phi =  -0.03503246290092038
2801  (of  5600 ) modes are considered in real-space simulation
Syx_sypert (exp): tau =  7.282864803380558  micro-meter
Syx_sypert (exp cos phi=0): tau =  11.613902850593156  micro-meter  period =  -75.19122360343562
Syx_sypert (exp cos): tau =  11.613563085987346  micro-meter  period =  -75.18763766128784 micro-meter  phi =  6.783739830362382e-05
2801  (of  5600 ) modes are considered in real-space simulation
Szx_szpert (exp): tau =  18.41255913755638  micro-meter
Szx_szpert (exp cos phi=0): tau =  20.005317484190087  micro-meter  period =  358.43154411330323
Szx_szpert (exp cos): tau =  19.87593026808835  micro-meter  period =  353.0349529206144 micro-meter  phi =  -0.024468777863327937

time for diffusion length:  70.12760397884995

##################################################
solving approximate diffusion lengths
##################################################

--------------------------------------------------
Rayleigh-Ritz method:
--------------------------------------------------

##################################################
diffusion length analysis for grbn based on RR method:
##################################################
time for Rayleigh-Ritz method:  564.6460334099829

##################################################
more diffusion length analysis for gr-bn:
##################################################
time for more diffusion length analysis for grbn:  9.830311994068325

time for approximate diffusion length:  574.4763558539562
total time:  754.001116710715
