
drift-diffusion model for sz
AK = 
 [[2.18481e-08-2.96751e-23j 1.13888e-14+1.69369e-17j]
 [1.13886e-14+1.65205e-17j 2.10699e-06+1.94935e-09j]]
BK = 
 [[5.21268e-07+7.53482e-10j 6.96637e-02+5.44660e-05j]
 [6.96637e-02+5.44660e-05j 4.61793e-08+1.10503e-10j]]
ldiff_RR_z (from CK) in micro-meter =  [ 17.18245 -17.18119]
vx2_sz =  (0.06966371799463957+5.446601841521986e-05j)
taupvsz_inv =  (3.0245195143603875e-05+4.335326851199088e-09j)
vx2_sz * taupvsz_inv =  (2.10699250904887e-06+1.949350342839969e-09j)
ldiff_DD_z in micro-meter =  17.18182111015327

drift-diffusion model for sx
AK = 
 [[ 1.51471e-08+4.48228e-23j -2.83980e-16+2.22587e-18j]
 [-2.84009e-16+1.98094e-18j  2.10585e-06+2.11797e-09j]]
BK = 
 [[-1.87478e-08+1.28563e-10j  6.96289e-02+5.68548e-05j]
 [ 6.96289e-02+5.68548e-05j -2.18976e-06-2.72429e-09j]]
ldiff_RR_x (from CK) in micro-meter =  [-20.63068  20.63056]
vx2_sx =  (0.06962888052376376+5.685484626940483e-05j)
taupvsx_inv =  (3.0243855942094635e-05+5.722598300573848e-09j)
vx2_sx * taupvsx_inv =  (2.1058455066125835e-06+2.1179678935379662e-09j)
ldiff_DD_x in micro-meter =  20.630619653932886

drift-diffusion model for sy
AK = 
 [[ 1.51717e-08+4.75112e-23j -7.64318e-15-1.30721e-17j]
 [-7.64312e-15-1.32440e-17j  2.10455e-06+1.89644e-09j]]
BK = 
 [[-5.03776e-07-8.71560e-10j  6.96599e-02+5.34510e-05j]
 [ 6.96599e-02+5.34510e-05j  2.07190e-06-2.01013e-09j]]
ldiff_RR_y (from CK) in micro-meter =  [-20.63028  20.62858]
vx2_sy =  (0.06965992000145768+5.345101031411366e-05j)
taupvsy_inv =  (3.021178951828845e-05+4.0423079970226085e-09j)
vx2_sy * taupvsy_inv =  (2.1045506248794046e-06+1.8964375248437143e-09j)
ldiff_DD_y in micro-meter =  20.629430468766678

sx-sz coupling
AK = 
 [[ 1.51471e-08+4.51174e-23j  5.93986e-21-9.73757e-20j
  -2.83984e-16+2.22588e-18j  7.10983e-12+1.40512e-10j]
 [-2.28070e-20+1.36542e-19j  2.18481e-08-3.01917e-23j
  -1.07232e-11+2.00514e-10j  1.13888e-14+1.69369e-17j]
 [-2.84009e-16+1.98094e-18j  1.02552e-11+2.02673e-10j
   2.10585e-06+2.11797e-09j -5.26968e-10+4.76542e-10j]
 [-7.43430e-12+1.39015e-10j  1.13886e-14+1.65205e-17j
  -7.69972e-10+3.57993e-10j  2.10699e-06+1.94935e-09j]]
BK = 
 [[-1.87478e-08+1.28563e-10j  4.69385e-04+9.27646e-03j
   6.96289e-02+5.68548e-05j -6.45505e-06+1.28231e-05j]
 [-4.90806e-04+9.17763e-03j  5.21268e-07+7.53482e-10j
  -9.49216e-06-2.20330e-06j  6.96637e-02+5.44660e-05j]
 [ 6.96289e-02+5.68548e-05j -6.45505e-06+1.28231e-05j
  -2.18976e-06-2.72429e-09j  6.30191e-05+1.24583e-03j]
 [-9.49216e-06-2.20330e-06j  6.96637e-02+5.44660e-05j
  -6.59366e-05+1.23256e-03j  4.61793e-08+1.10503e-10j]]
CK = 
 [[ 6.57717e-12-7.25691e-13j -1.42829e-10-2.69401e-09j
   3.01726e-05+5.61935e-09j -4.77403e-09+1.16506e-09j]
 [ 9.43647e-11-1.84932e-09j -9.71064e-13-9.35572e-13j
  -6.92848e-09+6.09967e-09j  3.01739e-05+4.23340e-09j]
 [ 2.17293e-07-1.77539e-10j  2.88315e-11-5.76036e-11j
   1.55787e-10+4.74824e-10j -2.06024e-07-4.01783e-06j]
 [ 2.95680e-11+5.96740e-12j  3.13266e-07-2.45095e-10j
   2.10058e-07-3.97224e-06j -6.69688e-12+8.28226e-11j]]
ldiff_xz (from CK) in micro-meter =  [-26.67491 -26.63131  26.63028  26.67386]
T1xinv =  (1.5147110948097952e-08-7.612163262190767e-19j)
T1zinv =  (2.1848114571362284e-08-6.891365113552519e-20j)
vx2_sx * taupvsx_inv =  (2.1058455066125835e-06+2.1179678935379662e-09j)
vx2_sz * taupvsz_inv =  (2.10699250904887e-06+1.949350342839969e-09j)
vxz =  (0.00046938533628126613+0.009276463132872953j)
vzx =  (-0.0004908061636031942+0.009177634187809987j)
vxz0 =  (2.168467490357686e-05-2.4832955669372616e-07j)
vzx0 =  (1.4556332326089591e-05-4.3734364280314986e-07j)
T1xinv vxz =  (7.1098317731240004e-12+1.405116162792096e-10j)
T1zinv vzx =  (-1.0723189294100905e-11+2.0051400322935785e-10j)
T1zinv vxz =  (1.025518460582979e-11+2.0267322934399426e-10j)
T1xinv vzx =  (-7.434295407121733e-12+1.390146432841883e-10j)
AK_appr = 
 [[1.51471e-08-7.61216e-19j 0.00000e+00+0.00000e+00j
  0.00000e+00+0.00000e+00j 0.00000e+00+0.00000e+00j]
 [0.00000e+00+0.00000e+00j 2.18481e-08-6.89137e-20j
  0.00000e+00+0.00000e+00j 0.00000e+00+0.00000e+00j]
 [0.00000e+00+0.00000e+00j 0.00000e+00+0.00000e+00j
  2.10585e-06+2.11797e-09j 0.00000e+00+0.00000e+00j]
 [0.00000e+00+0.00000e+00j 0.00000e+00+0.00000e+00j
  0.00000e+00+0.00000e+00j 2.10699e-06+1.94935e-09j]]
BK_appr = 
 [[ 0.     +0.00000e+00j  0.00047+9.27646e-03j  0.06963+5.68548e-05j
   0.     +0.00000e+00j]
 [-0.00049+9.17763e-03j  0.     +0.00000e+00j  0.     +0.00000e+00j
   0.06966+5.44660e-05j]
 [ 0.06963+5.68548e-05j  0.     +0.00000e+00j  0.     +0.00000e+00j
   0.     +0.00000e+00j]
 [ 0.     +0.00000e+00j  0.06966+5.44660e-05j  0.     +0.00000e+00j
   0.     +0.00000e+00j]]
1 / vx2_sx =  (14.361847063155082-0.011727039136320838j)
1 / vx2_sz =  (14.354665778827037-0.011223080150761984j)
vxz / vx2_sx / vx2_sz =  (0.0998249889372933+1.9122752426402805j)
vzx / vx2_sx / vx2_sz =  (-0.09816006448822599+1.8922171324249826j)
BK_appr_inv = 
 [[ 0.     +0.j      -0.     +0.j      14.36185-0.01173j  0.     +0.j     ]
 [ 0.     +0.j      -0.     +0.j       0.     +0.j      14.35467-0.01122j]
 [14.36185-0.01173j -0.     +0.j       0.     +0.j      -0.09982-1.91228j]
 [ 0.     +0.j      14.35467-0.01122j  0.09816-1.89222j  0.     +0.j     ]]
CK_appr = 
 [[ 0.00000e+00+0.00000e+00j  0.00000e+00+0.00000e+00j
   3.02439e-05+5.72260e-09j  0.00000e+00+0.00000e+00j]
 [ 0.00000e+00+0.00000e+00j  0.00000e+00+0.00000e+00j
   0.00000e+00+0.00000e+00j  3.02452e-05+4.33533e-09j]
 [ 2.17540e-07-1.77631e-10j  0.00000e+00+0.00000e+00j
   0.00000e+00+0.00000e+00j -2.06603e-07-4.02934e-06j]
 [ 0.00000e+00+0.00000e+00j  3.13622e-07-2.45203e-10j
   2.10718e-07-3.98451e-06j  0.00000e+00+0.00000e+00j]]
lambda_appr_xz =  [ 1.98369e-06+1.98666e-06j  1.98696e-06-1.99246e-06j
 -1.98696e-06+1.99246e-06j -1.98369e-06-1.98666e-06j]
ldiff_xz (from CK_appr) in micro-meter =  [ 26.67634  26.63243 -26.63243 -26.67634]
b =  (3.3657771238239057e-14+3.602682420056184e-14j)
c =  (6.240805498205407e-23-7.899792079179571e-26j)
b*b - 4*c =  (-2.4963238501471352e-22+3.1841684838194836e-25j)
sqrt(b*b - 4*c) =  (1.0076634183741818e-14+1.5799762230909363e-11j)
E2_plus =  (-1.179056852724862e-14+7.8818677033544e-12j)
E2_minus =  (-2.1867202710990436e-14-7.917894527554963e-12j)

sy-sz coupling
AK = 
 [[ 1.51717e-08+4.72805e-23j  1.25168e-19-1.20136e-19j
  -7.64318e-15-1.30722e-17j -4.06620e-12-7.28231e-11j]
 [-1.10640e-19+9.15552e-19j  2.18481e-08-3.01917e-23j
   5.92420e-12-1.00831e-10j  1.13888e-14+1.69369e-17j]
 [-7.64312e-15-1.32440e-17j -5.85556e-12-1.04869e-10j
   2.10455e-06+1.89644e-09j -1.00212e-09+1.99257e-10j]
 [ 4.11386e-12-7.00186e-11j  1.13886e-14+1.65205e-17j
  -1.29695e-09+2.42113e-11j  2.10699e-06+1.94935e-09j]]
BK = 
 [[-5.03776e-07-8.71560e-10j -2.68012e-04-4.79993e-03j
   6.96599e-02+5.34510e-05j -1.24829e-05+1.64512e-05j]
 [ 2.71154e-04-4.61508e-03j  5.21268e-07+7.53482e-10j
  -1.61510e-05-1.25629e-05j  6.96637e-02+5.44660e-05j]
 [ 6.96599e-02+5.34510e-05j -1.24829e-05+1.64512e-05j
   2.07190e-06-2.01013e-09j -3.59681e-05-6.44585e-04j]
 [-1.61510e-05-1.25629e-05j  6.96637e-02+5.44660e-05j
   3.64364e-05-6.19751e-04j  4.61793e-08+1.10503e-10j]]
CK = 
 [[-6.70685e-12+6.83144e-13j  8.11667e-11+1.39555e-09j
   3.01932e-05+4.01776e-09j -8.97464e-09-4.33464e-09j]
 [-5.26141e-11+9.32049e-10j  3.53343e-13+8.74853e-13j
  -1.16100e-08+5.80335e-09j  3.02266e-05+4.30411e-09j]
 [ 2.17732e-07-1.67113e-10j  5.60105e-11-7.40935e-11j
   2.24644e-10-3.91808e-10j  1.17537e-07+2.08165e-06j]
 [ 5.05213e-11+3.87327e-11j  3.13530e-07-2.45193e-10j
  -1.16140e-07+1.99887e-06j -2.52121e-10-7.40296e-11j]]
ldiff_yz (from CK) in micro-meter =  [ 20.12874  20.11318 -20.11508 -20.12658]
T1yinv =  (1.5171695990927414e-08+2.4907199411047227e-19j)
T1zinv =  (2.1848114571362284e-08-6.891365113552519e-20j)
vx2_sy * taupvsy_inv =  (2.1045506248794046e-06+1.8964375248437143e-09j)
vx2_sz * taupvsz_inv =  (2.10699250904887e-06+1.949350342839969e-09j)
vyz =  (-0.00026801191996429427-0.0047999296004121944j)
vzy =  (0.00027115382538819664-0.004615082897640728j)
vyz0 =  (2.2308870924422104e-06-5.948136973918228e-06j)
vzy0 =  (-1.0592511700622996e-05+8.08583201009266e-06j)
T1xinv vyz =  (-4.059606290765699e-12-7.270506620029896e-11j)
T1zinv vzy =  (5.924199843226442e-12-1.0083085990400795e-10j)
T1zinv vyz =  (-5.855555134201461e-12-1.0486941184426034e-10j)
T1xinv vzy =  (4.107197073643118e-12-6.990517268543989e-11j)
AK_appr = 
 [[1.51717e-08+2.49072e-19j 0.00000e+00+0.00000e+00j
  0.00000e+00+0.00000e+00j 0.00000e+00+0.00000e+00j]
 [0.00000e+00+0.00000e+00j 2.18481e-08-6.89137e-20j
  0.00000e+00+0.00000e+00j 0.00000e+00+0.00000e+00j]
 [0.00000e+00+0.00000e+00j 0.00000e+00+0.00000e+00j
  2.10455e-06+1.89644e-09j 0.00000e+00+0.00000e+00j]
 [0.00000e+00+0.00000e+00j 0.00000e+00+0.00000e+00j
  0.00000e+00+0.00000e+00j 2.10699e-06+1.94935e-09j]]
BK_appr = 
 [[ 0.     +0.00000e+00j -0.00027-4.79993e-03j  0.06966+5.34510e-05j
   0.     +0.00000e+00j]
 [ 0.00027-4.61508e-03j  0.     +0.00000e+00j  0.     +0.00000e+00j
   0.06966+5.44660e-05j]
 [ 0.06966+5.34510e-05j  0.     +0.00000e+00j  0.     +0.00000e+00j
   0.     +0.00000e+00j]
 [ 0.     +0.00000e+00j  0.06966+5.44660e-05j  0.     +0.00000e+00j
   0.     +0.00000e+00j]]
1 / vx2_sy =  (14.355448745980773-0.011015132359742757j)
1 / vx2_sz =  (14.354665778827037-0.011223080150761984j)
vyz / vx2_sy / vx2_sz =  (-0.05676084426364483-0.9890241523481925j)
vzy / vx2_sy / vx2_sz =  (0.05440272613164371-0.9511053644278943j)
BK_appr_inv = 
 [[ 0.     +0.j      -0.     +0.j      14.35545-0.01102j  0.     +0.j     ]
 [ 0.     +0.j      -0.     +0.j       0.     +0.j      14.35467-0.01122j]
 [14.35545-0.01102j -0.     +0.j       0.     +0.j       0.05676+0.98902j]
 [ 0.     +0.j      14.35467-0.01122j -0.0544 +0.95111j  0.     +0.j     ]]
CK_appr = 
 [[ 0.00000e+00+0.00000e+00j  0.00000e+00+0.00000e+00j
   3.02118e-05+4.04231e-09j  0.00000e+00+0.00000e+00j]
 [ 0.00000e+00+0.00000e+00j  0.00000e+00+0.00000e+00j
   0.00000e+00+0.00000e+00j  3.02452e-05+4.33533e-09j]
 [ 2.17797e-07-1.67118e-10j  0.00000e+00+0.00000e+00j
   0.00000e+00+0.00000e+00j  1.17667e-07+2.08398e-06j]
 [ 0.00000e+00+0.00000e+00j  3.13622e-07-2.45203e-10j
  -1.16297e-07+2.00155e-06j  0.00000e+00+0.00000e+00j]]
lambda_appr_yz =  [ 2.63154e-06-9.91230e-07j  2.62977e-06+9.88653e-07j
 -2.62977e-06-9.88653e-07j -2.63154e-06+9.91230e-07j]
ldiff_yz (from CK_appr) in micro-meter =  [ 20.109    20.12256 -20.12256 -20.109  ]
b =  (-1.1880733220001108e-11+1.7070019766402218e-14j)
c =  (6.241524985566536e-23-7.93932988578814e-26j)
b*b - 4*c =  (-1.0850946896339838e-22-8.803550637801517e-26j)
sqrt(b*b - 4*c) =  (4.225654801770939e-15-1.0416788699957242e-11j)
E2_plus =  (5.942479437401439e-12-5.216929359861822e-12j)
E2_minus =  (5.938253782599669e-12+5.19985934009542e-12j)

sx-sy coupling
AK = 
 [[ 1.51471e-08+4.51174e-23j  1.02420e-18+4.19044e-19j
  -2.83984e-16+2.22588e-18j -1.71562e-14-1.25793e-18j]
 [ 8.47621e-19-6.31520e-19j  1.51717e-08+4.72805e-23j
   3.30016e-14-2.38961e-16j -7.64318e-15-1.30722e-17j]
 [-2.84009e-16+1.98094e-18j -1.71840e-14-1.46524e-18j
   2.10585e-06+2.11797e-09j -1.07807e-09+4.92151e-09j]
 [ 3.29482e-14-2.38659e-16j -7.64312e-15-1.32440e-17j
  -7.72607e-10-4.94623e-09j  2.10455e-06+1.89644e-09j]]
BK = 
 [[-1.87478e-08+1.28563e-10j -1.13264e-06-8.90062e-11j
   6.96289e-02+5.68548e-05j  1.42859e-05+8.20423e-05j]
 [ 2.17521e-06-1.57562e-08j -5.03776e-07-8.71560e-10j
   2.72256e-05-8.21574e-05j  6.96599e-02+5.34510e-05j]
 [ 6.96289e-02+5.68548e-05j  1.42859e-05+8.20423e-05j
  -2.18976e-06-2.72429e-09j -1.10005e-04-5.99350e-07j]
 [ 2.72256e-05-8.21574e-05j  6.96599e-02+5.34510e-05j
   1.10145e-04-5.54085e-07j  2.07190e-06-2.01013e-09j]]
CK = 
 [[ 6.77528e-12+8.06524e-13j  3.43849e-10+1.32960e-12j
   3.02438e-05+5.75692e-09j -2.16480e-08+3.51010e-08j]
 [-3.43497e-10+2.27133e-12j -6.64965e-12+8.26486e-13j
  -2.29454e-08-3.53203e-08j  3.02118e-05+4.00309e-09j]
 [ 2.17541e-07-1.77584e-10j -4.50923e-11-2.56554e-10j
   7.96847e-12+4.75595e-13j  4.91149e-10-5.45649e-13j]
 [-8.46191e-11+2.56703e-10j  2.17797e-07-1.67071e-10j
  -9.44089e-10+7.13548e-12j  2.18856e-10-2.82659e-13j]]
ldiff_xy (from CK) in micro-meter =  [ 20.63987  20.6193  -20.63977 -20.62123]
T1xinv =  (1.5147110948097952e-08-7.612163262190767e-19j)
T1yinv =  (1.5171695990927414e-08+2.4907199411047227e-19j)
vx2_sx * taupvsx_inv =  (2.1058455066125835e-06+2.1179678935379662e-09j)
vx2_sy * taupvsz_inv =  (2.106877642404322e-06+1.918634759207851e-09j)
vxy =  (-1.1326350325270942e-06-8.90062218666654e-11j)
vyx =  (2.175211217106697e-06-1.57561984331312e-08j)
vxy0 =  (-0.00011560461941109135-0.002012727750077714j)
vyx0 =  (0.0001105506944151608-0.0019355646808698315j)
T1xinv vxy =  (-1.7156148501390496e-14-1.3481862555051244e-18j)
T1zinv vyx =  (3.300164330200194e-14-2.3904825205840925e-16j)
T1zinv vxy =  (-1.7183994382175236e-14-1.3503756215697496e-18j)
T1xinv vyx =  (3.2948165641050324e-14-2.386608874426917e-16j)
AK_appr = 
 [[1.51471e-08-7.61216e-19j 0.00000e+00+0.00000e+00j
  0.00000e+00+0.00000e+00j 0.00000e+00+0.00000e+00j]
 [0.00000e+00+0.00000e+00j 1.51717e-08+2.49072e-19j
  0.00000e+00+0.00000e+00j 0.00000e+00+0.00000e+00j]
 [0.00000e+00+0.00000e+00j 0.00000e+00+0.00000e+00j
  2.10585e-06+2.11797e-09j 0.00000e+00+0.00000e+00j]
 [0.00000e+00+0.00000e+00j 0.00000e+00+0.00000e+00j
  0.00000e+00+0.00000e+00j 2.10455e-06+1.89644e-09j]]
BK_appr = 
 [[ 0.00000e+00+0.00000e+00j -1.13264e-06-8.90062e-11j
   6.96289e-02+5.68548e-05j  0.00000e+00+0.00000e+00j]
 [ 2.17521e-06-1.57562e-08j  0.00000e+00+0.00000e+00j
   0.00000e+00+0.00000e+00j  6.96599e-02+5.34510e-05j]
 [ 6.96289e-02+5.68548e-05j  0.00000e+00+0.00000e+00j
   0.00000e+00+0.00000e+00j  0.00000e+00+0.00000e+00j]
 [ 0.00000e+00+0.00000e+00j  6.96599e-02+5.34510e-05j
   0.00000e+00+0.00000e+00j  0.00000e+00+0.00000e+00j]]
1 / vx2_sx =  (14.361847063155082-0.011727039136320838j)
1 / vx2_sy =  (14.355448745980773-0.011015132359742757j)
vxy / vx2_sx / vx2_sy =  (-0.00023351610755007477+3.515053344900956e-07j)
vyx / vx2_sx / vx2_sy =  (0.00044845952243051097-3.958768741325765e-06j)
BK_appr_inv = 
 [[ 0.00000e+00+0.00000e+00j -0.00000e+00+0.00000e+00j
   1.43618e+01-1.17270e-02j  0.00000e+00+0.00000e+00j]
 [ 0.00000e+00+0.00000e+00j -0.00000e+00+0.00000e+00j
   0.00000e+00+0.00000e+00j  1.43554e+01-1.10151e-02j]
 [ 1.43618e+01-1.17270e-02j -0.00000e+00+0.00000e+00j
   0.00000e+00+0.00000e+00j  2.33516e-04-3.51505e-07j]
 [ 0.00000e+00+0.00000e+00j  1.43554e+01-1.10151e-02j
  -4.48460e-04+3.95877e-06j  0.00000e+00+0.00000e+00j]]
CK_appr = 
 [[ 0.00000e+00+0.00000e+00j  0.00000e+00+0.00000e+00j
   3.02439e-05+5.72260e-09j  0.00000e+00+0.00000e+00j]
 [ 0.00000e+00+0.00000e+00j  0.00000e+00+0.00000e+00j
   0.00000e+00+0.00000e+00j  3.02118e-05+4.04231e-09j]
 [ 2.17540e-07-1.77631e-10j  0.00000e+00+0.00000e+00j
   0.00000e+00+0.00000e+00j  4.91447e-10-2.96912e-13j]
 [ 0.00000e+00+0.00000e+00j  2.17797e-07-1.67118e-10j
  -9.44395e-10+7.38673e-12j  0.00000e+00+0.00000e+00j]]
lambda_appr_xy =  [ 2.56508e-06-4.76004e-10j  2.56508e-06-1.14108e-09j
 -2.56508e-06+4.76004e-10j -2.56508e-06+1.14108e-09j]
ldiff_xy (from CK_appr) in micro-meter =  [ 20.63002  20.63003 -20.63002 -20.63003]
b =  (-1.3159286638167658e-11+8.295879197013987e-15j)
c =  (4.329169191125703e-23-5.458393816505946e-26j)
b*b - 4*c =  (-1.1641181915607075e-29+4.812199945348505e-32j)
sqrt(b*b - 4*c) =  (7.052030834297287e-18+3.4119249180991603e-15j)
E2_plus =  (6.579646845099246e-12-2.4419771394574132e-15j)
E2_minus =  (6.579639793068412e-12-5.853902057556574e-15j)

sx-sy-sz coupling
AK = 
 [[ 1.51471e-08+4.51036e-23j  1.02419e-18+4.19044e-19j
   5.93988e-21-9.73759e-20j -2.83983e-16+2.22587e-18j
  -1.71562e-14-1.25791e-18j  7.10983e-12+1.40512e-10j]
 [ 8.47622e-19-6.31520e-19j  1.51717e-08+4.72704e-23j
   1.25168e-19-1.20136e-19j  3.30016e-14-2.38961e-16j
  -7.64318e-15-1.30722e-17j -4.06620e-12-7.28231e-11j]
 [-2.28070e-20+1.36542e-19j -1.10640e-19+9.15552e-19j
   2.18481e-08-3.02030e-23j -1.07232e-11+2.00514e-10j
   5.92420e-12-1.00831e-10j  1.13888e-14+1.69369e-17j]
 [-2.84009e-16+1.98094e-18j -1.71840e-14-1.46524e-18j
   1.02552e-11+2.02673e-10j  2.10585e-06+2.11797e-09j
  -1.07807e-09+4.92151e-09j -5.26968e-10+4.76542e-10j]
 [ 3.29482e-14-2.38659e-16j -7.64312e-15-1.32440e-17j
  -5.85556e-12-1.04869e-10j -7.72607e-10-4.94623e-09j
   2.10455e-06+1.89644e-09j -1.00212e-09+1.99257e-10j]
 [-7.43430e-12+1.39015e-10j  4.11386e-12-7.00186e-11j
   1.13886e-14+1.65205e-17j -7.69972e-10+3.57993e-10j
  -1.29695e-09+2.42113e-11j  2.10699e-06+1.94935e-09j]]
BK = 
 [[-1.87478e-08+1.28563e-10j -1.13264e-06-8.90062e-11j
   4.69385e-04+9.27646e-03j  6.96289e-02+5.68548e-05j
   1.42859e-05+8.20423e-05j -6.45505e-06+1.28231e-05j]
 [ 2.17521e-06-1.57562e-08j -5.03776e-07-8.71560e-10j
  -2.68012e-04-4.79993e-03j  2.72256e-05-8.21574e-05j
   6.96599e-02+5.34510e-05j -1.24829e-05+1.64512e-05j]
 [-4.90806e-04+9.17763e-03j  2.71154e-04-4.61508e-03j
   5.21268e-07+7.53482e-10j -9.49216e-06-2.20330e-06j
  -1.61510e-05-1.25629e-05j  6.96637e-02+5.44660e-05j]
 [ 6.96289e-02+5.68548e-05j  1.42859e-05+8.20423e-05j
  -6.45505e-06+1.28231e-05j -2.18976e-06-2.72429e-09j
  -1.10005e-04-5.99350e-07j  6.30191e-05+1.24583e-03j]
 [ 2.72256e-05-8.21574e-05j  6.96599e-02+5.34510e-05j
  -1.24829e-05+1.64512e-05j  1.10145e-04-5.54085e-07j
   2.07190e-06-2.01013e-09j -3.59681e-05-6.44585e-04j]
 [-9.49216e-06-2.20330e-06j -1.61510e-05-1.25629e-05j
   6.96637e-02+5.44660e-05j -6.59366e-05+1.23256e-03j
   3.64364e-05-6.19751e-04j  4.61793e-08+1.10503e-10j]]
CK = 
 [[ 6.31045e-12+8.14622e-14j  3.43752e-10+4.84196e-13j
  -1.41031e-10-2.69286e-09j  3.01726e-05+5.56634e-09j
   1.41925e-08+3.52812e-08j -4.59518e-09+4.46256e-09j]
 [-3.43359e-10+2.19203e-12j -6.54513e-12+1.49221e-12j
   8.41661e-11+1.39324e-09j  1.39388e-08-3.55161e-08j
   3.01932e-05+4.06109e-09j -8.63309e-09+2.02537e-09j]
 [ 9.19929e-11-1.84913e-09j -5.70092e-11+9.30423e-10j
  -5.74639e-13-6.02024e-14j -6.90695e-09+6.07426e-09j
  -1.15774e-08+5.78016e-09j  3.01554e-05+4.20319e-09j]
 [ 2.17294e-07-1.77330e-10j  7.92674e-11-2.55267e-10j
   2.88396e-11-5.76735e-11j  1.51941e-10+4.74172e-10j
   1.69740e-09+1.70768e-09j -2.03479e-07-4.01593e-06j]
 [ 4.32464e-11+2.55528e-10j  2.17732e-07-1.67238e-10j
   5.60695e-11-7.39365e-11j -2.28806e-09-1.20619e-09j
   2.23705e-10-3.90826e-10j  1.22083e-07+2.07807e-06j]
 [ 3.08100e-11-1.66811e-11j  5.29363e-11-6.57703e-12j
   3.13174e-07-2.45106e-10j  2.12350e-07-3.97118e-06j
  -1.11396e-07+1.99724e-06j -1.76722e-11+6.83365e-12j]]
ldiff_xyz (from CK) in micro-meter =  [-31.10339 -20.63833 -31.03705  31.03355  31.10038  20.63833]
vij = 
 [[-1.87478e-08+1.28563e-10j -1.13264e-06-8.90062e-11j
   4.69385e-04+9.27646e-03j]
 [ 2.17521e-06-1.57562e-08j -5.03776e-07-8.71560e-10j
  -2.68012e-04-4.79993e-03j]
 [-4.90806e-04+9.17763e-03j  2.71154e-04-4.61508e-03j
   5.21268e-07+7.53482e-10j]]
vij0 =  [[-2.02211e-07-2.40762e-09j -1.15605e-04-2.01273e-03j
   2.16847e-05-2.48330e-07j]
 [ 1.10635e-04-1.93547e-03j  2.19557e-07-2.83001e-11j
   2.23089e-06-5.94814e-06j]
 [ 1.45557e-05-4.36657e-07j -1.05924e-05+8.08499e-06j
  -2.80637e-07-2.49260e-08j]]
AK_appr = 
 [[1.51471e-08-7.61216e-19j 0.00000e+00+0.00000e+00j
  0.00000e+00+0.00000e+00j 0.00000e+00+0.00000e+00j
  0.00000e+00+0.00000e+00j 0.00000e+00+0.00000e+00j]
 [0.00000e+00+0.00000e+00j 1.51717e-08+2.49072e-19j
  0.00000e+00+0.00000e+00j 0.00000e+00+0.00000e+00j
  0.00000e+00+0.00000e+00j 0.00000e+00+0.00000e+00j]
 [0.00000e+00+0.00000e+00j 0.00000e+00+0.00000e+00j
  2.18481e-08-6.89137e-20j 0.00000e+00+0.00000e+00j
  0.00000e+00+0.00000e+00j 0.00000e+00+0.00000e+00j]
 [0.00000e+00+0.00000e+00j 0.00000e+00+0.00000e+00j
  0.00000e+00+0.00000e+00j 2.10585e-06+2.11797e-09j
  0.00000e+00+0.00000e+00j 0.00000e+00+0.00000e+00j]
 [0.00000e+00+0.00000e+00j 0.00000e+00+0.00000e+00j
  0.00000e+00+0.00000e+00j 0.00000e+00+0.00000e+00j
  2.10455e-06+1.89644e-09j 0.00000e+00+0.00000e+00j]
 [0.00000e+00+0.00000e+00j 0.00000e+00+0.00000e+00j
  0.00000e+00+0.00000e+00j 0.00000e+00+0.00000e+00j
  0.00000e+00+0.00000e+00j 2.10699e-06+1.94935e-09j]]
BK_appr = 
 [[ 0.00000e+00+0.00000e+00j -1.13264e-06-8.90062e-11j
   4.69385e-04+9.27646e-03j  6.96289e-02+5.68548e-05j
   0.00000e+00+0.00000e+00j  0.00000e+00+0.00000e+00j]
 [ 2.17521e-06-1.57562e-08j  0.00000e+00+0.00000e+00j
  -2.68012e-04-4.79993e-03j  0.00000e+00+0.00000e+00j
   6.96599e-02+5.34510e-05j  0.00000e+00+0.00000e+00j]
 [-4.90806e-04+9.17763e-03j  2.71154e-04-4.61508e-03j
   0.00000e+00+0.00000e+00j  0.00000e+00+0.00000e+00j
   0.00000e+00+0.00000e+00j  6.96637e-02+5.44660e-05j]
 [ 6.96289e-02+5.68548e-05j  0.00000e+00+0.00000e+00j
   0.00000e+00+0.00000e+00j  0.00000e+00+0.00000e+00j
   0.00000e+00+0.00000e+00j  0.00000e+00+0.00000e+00j]
 [ 0.00000e+00+0.00000e+00j  6.96599e-02+5.34510e-05j
   0.00000e+00+0.00000e+00j  0.00000e+00+0.00000e+00j
   0.00000e+00+0.00000e+00j  0.00000e+00+0.00000e+00j]
 [ 0.00000e+00+0.00000e+00j  0.00000e+00+0.00000e+00j
   6.96637e-02+5.44660e-05j  0.00000e+00+0.00000e+00j
   0.00000e+00+0.00000e+00j  0.00000e+00+0.00000e+00j]]
BK_appr_inv = 
 [[ 0.00000e+00+0.00000e+00j  0.00000e+00+0.00000e+00j
  -0.00000e+00+0.00000e+00j  1.43618e+01-1.17270e-02j
   0.00000e+00+0.00000e+00j  0.00000e+00+0.00000e+00j]
 [ 0.00000e+00+0.00000e+00j  0.00000e+00+0.00000e+00j
  -0.00000e+00+0.00000e+00j  0.00000e+00+0.00000e+00j
   1.43554e+01-1.10151e-02j  0.00000e+00+0.00000e+00j]
 [ 0.00000e+00+0.00000e+00j  0.00000e+00+0.00000e+00j
  -0.00000e+00+0.00000e+00j  0.00000e+00+0.00000e+00j
   0.00000e+00+0.00000e+00j  1.43547e+01-1.12231e-02j]
 [ 1.43618e+01-1.17270e-02j  0.00000e+00+0.00000e+00j
  -0.00000e+00+0.00000e+00j  0.00000e+00+0.00000e+00j
   2.33516e-04-3.51505e-07j -9.98250e-02-1.91228e+00j]
 [ 0.00000e+00+0.00000e+00j  1.43554e+01-1.10151e-02j
  -0.00000e+00+0.00000e+00j -4.48460e-04+3.95877e-06j
   0.00000e+00+0.00000e+00j  5.67608e-02+9.89024e-01j]
 [ 0.00000e+00+0.00000e+00j  0.00000e+00+0.00000e+00j
   1.43547e+01-1.12231e-02j  9.81601e-02-1.89222e+00j
  -5.44027e-02+9.51105e-01j  0.00000e+00+0.00000e+00j]]
CK_appr = 
 [[ 0.00000e+00+0.00000e+00j  0.00000e+00+0.00000e+00j
   0.00000e+00+0.00000e+00j  3.02439e-05+5.72260e-09j
   0.00000e+00+0.00000e+00j  0.00000e+00+0.00000e+00j]
 [ 0.00000e+00+0.00000e+00j  0.00000e+00+0.00000e+00j
   0.00000e+00+0.00000e+00j  0.00000e+00+0.00000e+00j
   3.02118e-05+4.04231e-09j  0.00000e+00+0.00000e+00j]
 [ 0.00000e+00+0.00000e+00j  0.00000e+00+0.00000e+00j
   0.00000e+00+0.00000e+00j  0.00000e+00+0.00000e+00j
   0.00000e+00+0.00000e+00j  3.02452e-05+4.33533e-09j]
 [ 2.17540e-07-1.77631e-10j  0.00000e+00+0.00000e+00j
   0.00000e+00+0.00000e+00j  0.00000e+00+0.00000e+00j
   4.91447e-10-2.96912e-13j -2.06603e-07-4.02934e-06j]
 [ 0.00000e+00+0.00000e+00j  2.17797e-07-1.67118e-10j
   0.00000e+00+0.00000e+00j -9.44395e-10+7.38673e-12j
   0.00000e+00+0.00000e+00j  1.17667e-07+2.08398e-06j]
 [ 0.00000e+00+0.00000e+00j  0.00000e+00+0.00000e+00j
   3.13622e-07-2.45203e-10j  2.10718e-07-3.98451e-06j
  -1.16297e-07+2.00155e-06j  0.00000e+00+0.00000e+00j]]
lambda_appr_xyz =  [ 1.69980e-06+2.23327e-06j  2.56504e-06-8.10975e-10j
  1.70347e-06-2.24104e-06j -1.70338e-06+2.24091e-06j
 -1.69971e-06-2.23314e-06j -2.56521e-06+8.10796e-10j]
ldiff_xyz (from CK_appr) in micro-meter =  [ 31.13177  20.63038  31.06463 -31.06623 -31.13336 -20.62897]
