dim =  2
R = 
 [[ 4.69886 -2.34943  0.     ]
 [ 0.       4.06933  0.     ]
 [ 0.       0.      25.     ]]
volume =  478.0302990950002
area =  19.121211963800008
valley:
 [[ 0.33333  0.33333  0.     ]
 [-0.33333 -0.33333 -0.     ]]

##################################################
read and compute electronic quantities
##################################################
isMetal =  True
nb =  4
nk_full =  230400.0  nk =  926  , kmesh =  [480 480   1]
nkpair =  424737
T =  0.000950043414701698
emin =  -0.0058255018  emax =  0.013175367
k to valley:
 [[[ 0.       0.       0.     ]
  [-0.33333 -0.33333  0.     ]]

 [[ 0.33333  0.33333  0.     ]
  [ 0.       0.       0.     ]]

 [[ 0.       0.00208  0.     ]
  [-0.33333 -0.33125  0.     ]]

 [[ 0.33333  0.33542  0.     ]
  [ 0.       0.00208  0.     ]]

 [[ 0.       0.00417  0.     ]
  [-0.33333 -0.32917  0.     ]]

 [[ 0.33333  0.3375   0.     ]
  [ 0.       0.00417  0.     ]]

 [[ 0.       0.00625  0.     ]
  [-0.33333 -0.32708  0.     ]]

 [[ 0.33333  0.33958  0.     ]
  [ 0.       0.00625  0.     ]]

 [[ 0.       0.00833  0.     ]
  [-0.33333 -0.325    0.     ]]

 [[ 0.33333  0.34167  0.     ]
  [ 0.       0.00833  0.     ]]]
valley of k:
 [0 1 0 1 0 1 0 1 0 1]
valley pol. of k:
 [-1  1 -1  1 -1  1 -1  1 -1  1]
Ek: [[-0.00112 -0.00112  0.00058  0.00058]
 [-0.00112 -0.00112  0.00058  0.00058]
 [-0.00175 -0.00175  0.0012   0.0012 ]
 [-0.00175 -0.00175  0.0012   0.0012 ]
 [-0.00282 -0.00282  0.00228  0.00228]
 [-0.00282 -0.00282  0.00228  0.00228]
 [-0.00398 -0.00398  0.00343  0.00343]
 [-0.00398 -0.00398  0.00343  0.00343]
 [-0.00516 -0.00516  0.00461  0.00461]
 [-0.00516 -0.00516  0.00461  0.00461]]
vbm in eV =  -0.03055664704875417
cbm in eV =  0.015742614215494888
gap in eV =  0.04629926126424906
fk: [[0.99364 0.99363 0.963   0.96299]
 [0.99364 0.99363 0.963   0.96299]
 [0.99669 0.99668 0.93114 0.93109]
 [0.99669 0.99668 0.93114 0.93109]
 [0.99893 0.99893 0.81301 0.81288]
 [0.99893 0.99893 0.81301 0.81288]
 [0.99968 0.99968 0.5631  0.5629 ]
 [0.99968 0.99968 0.5631  0.5629 ]
 [0.99991 0.99991 0.27176 0.2716 ]
 [0.99991 0.99991 0.27176 0.2716 ]]

electron density =  1.451e+12 in cm^-d
hole density =  1.781e+09 in cm^-d
excess density =  1.449e+12 in cm^-d

sk:
 [[[[-9.87257e-09-3.56299e-18j  1.72108e-01+4.69445e-01j
    -4.67855e-09-3.99858e-08j -2.09245e-06-2.69583e-04j]
   [ 1.72108e-01-4.69445e-01j  9.87267e-09-3.83687e-18j
     6.27048e-05-2.62197e-04j  1.16435e-11+2.31418e-12j]
   [-4.67855e-09+3.99858e-08j  6.27048e-05+2.62197e-04j
    -4.54503e-08-1.92158e-20j -5.43423e-02+4.97038e-01j]
   [-2.09245e-06+2.69583e-04j  1.16435e-11-2.31421e-12j
    -5.43423e-02-4.97038e-01j  4.54500e-08-4.40610e-19j]]

  [[ 7.54909e-09-1.72596e-18j -4.69445e-01+1.72108e-01j
    -3.99873e-08+4.69381e-09j  2.69583e-04-2.09246e-06j]
   [-4.69445e-01-1.72108e-01j -7.54905e-09+8.52717e-18j
     2.62197e-04+6.27048e-05j -2.62670e-12+7.09378e-12j]
   [-3.99873e-08-4.69381e-09j  2.62197e-04-6.27048e-05j
     4.28417e-09-1.35212e-18j  4.97038e-01+5.43423e-02j]
   [ 2.69583e-04+2.09246e-06j -2.62668e-12-7.09382e-12j
     4.97038e-01-5.43423e-02j -4.28439e-09+2.67728e-18j]]

  [[-5.00000e-01-2.64113e-15j -1.04861e-08-6.67093e-09j
    -2.32430e-12-5.92426e-13j  3.82004e-12+5.37497e-12j]
   [-1.04861e-08+6.67093e-09j  5.00000e-01+2.61957e-15j
     3.42203e-12-2.44572e-11j -5.07658e-04-1.81660e-04j]
   [-2.32430e-12+5.92426e-13j  3.42206e-12+2.44572e-11j
     5.00000e-01+2.77586e-15j -9.19854e-09+4.47151e-08j]
   [ 3.82006e-12-5.37498e-12j -5.07658e-04+1.81660e-04j
    -9.19854e-09-4.47151e-08j -5.00000e-01-2.72903e-15j]]]


 [[[ 1.21815e-08+6.42067e-18j -1.72103e-01+4.69447e-01j
    -3.25092e-08+2.37468e-08j -9.27800e-05+2.53123e-04j]
   [-1.72103e-01-4.69447e-01j -1.21814e-08+1.55145e-18j
    -1.49635e-04+2.24251e-04j -4.42901e-12+1.65681e-12j]
   [-3.25092e-08-2.37468e-08j -1.49635e-04-2.24251e-04j
    -3.91742e-09-2.05170e-18j  2.77547e-01+4.15894e-01j]
   [-9.27800e-05-2.53123e-04j -4.42898e-12-1.65673e-12j
     2.77547e-01-4.15894e-01j  3.91720e-09+8.41536e-19j]]

  [[-1.16752e-08+1.85338e-17j  4.69447e-01+1.72103e-01j
    -2.37556e-08-3.25067e-08j  2.53123e-04+9.27800e-05j]
   [ 4.69447e-01-1.72103e-01j  1.16751e-08-1.52039e-17j
     2.24251e-04+1.49635e-04j  9.39698e-12+4.37421e-12j]
   [-2.37556e-08+3.25067e-08j  2.24251e-04-1.49635e-04j
     9.00932e-09-2.99527e-19j -4.15894e-01+2.77547e-01j]
   [ 2.53123e-04-9.27800e-05j  9.39703e-12-4.37428e-12j
    -4.15894e-01-2.77547e-01j -9.00907e-09+1.05675e-18j]]

  [[ 5.00000e-01-5.94734e-16j  1.51546e-08-7.41832e-09j
    -8.39546e-13-3.15790e-12j  7.85307e-12-4.03363e-12j]
   [ 1.51546e-08+7.41832e-09j -5.00000e-01+4.19413e-16j
     5.23122e-12+8.82311e-13j -5.39182e-04+3.24589e-08j]
   [-8.39546e-13+3.15790e-12j  5.23121e-12-8.82319e-13j
    -5.00000e-01+7.19032e-16j -9.66818e-09+1.74276e-09j]
   [ 7.85306e-12+4.03361e-12j -5.39182e-04-3.24589e-08j
    -9.66818e-09-1.74276e-09j  5.00000e-01-5.27740e-16j]]]


 [[[-4.36154e-01-2.33653e-15j -2.42760e-01+2.89278e-02j
     8.85445e-05-4.40245e-06j  5.80434e-05-4.99381e-06j]
   [-2.42760e-01-2.89278e-02j  4.36154e-01+2.44476e-15j
     3.16952e-05-5.87639e-06j -2.09068e-04+5.28673e-06j]
   [ 8.85445e-05+4.40245e-06j  3.16952e-05+5.87639e-06j
     4.97434e-01+2.66791e-15j  3.89382e-02+3.23016e-02j]
   [ 5.80434e-05+4.99381e-06j -2.09068e-04-5.28673e-06j
     3.89382e-02-3.23016e-02j -4.97434e-01-2.67755e-15j]]

  [[-2.54375e-02-7.04731e-17j -1.37790e-02-4.99162e-01j
    -1.19480e-05+6.38394e-05j -1.70704e-06+8.36638e-05j]
   [-1.37790e-02+4.99162e-01j  2.54375e-02+1.24575e-16j
    -2.77803e-06+8.37227e-05j  4.35507e-06-6.38343e-05j]
   [-1.19480e-05-6.38394e-05j -2.77803e-06-8.37227e-05j
     3.22313e-02-5.36409e-17j  2.16000e-03-4.98955e-01j]
   [-1.70704e-06-8.36638e-05j  4.35507e-06+6.38343e-05j
     2.16000e-03+4.98955e-01j -3.22313e-02-1.72998e-17j]]

  [[-2.43151e-01-1.30671e-15j  4.36895e-01+3.30952e-04j
    -3.88803e-05-1.78643e-05j -1.29791e-04+4.70729e-06j]
   [ 4.36895e-01-3.30952e-04j  2.43151e-01+1.39208e-15j
    -1.66259e-04-2.95824e-06j -1.28200e-04-1.72131e-05j]
   [-3.88803e-05+1.78643e-05j -1.66259e-04+2.95824e-06j
     3.89964e-02+3.21591e-16j -4.98477e-01+3.61138e-04j]
   [-1.29791e-04-4.70729e-06j -1.28200e-04+1.72131e-05j
    -4.98477e-01-3.61138e-04j -3.89964e-02-1.41822e-16j]]]]
mask_Ek:
 [[ True  True  True  True]
 [ True  True  True  True]
 [ True  True  True  True]
 ...
 [ True  True  True  True]
 [ True  True  True  True]
 [ True  True  True  True]]

number of states within [emin,emax]:  2168  ( 3704 )
number of elements of rho left:  5600  ( 14816 )
mask_Ek and mask_rho are right
nb_k =  [4 4 4 4 4 4 4 4 4 4 2 2 2 2 2 2 2 2 2 2 2 2 2 2 2 2 2 2 2 2 2 2 2 2 2 2 2
 2 4 4 4 4 4 4 4 4 4 4 4 4 4 4 4 4 4 2 2 2 2 2 2 2 2 2 2 2 2 2 2 2 2 2 2 2
 2 2 2 2 2 2 4 2 4 4 4 4 4 4 4 4 4 4 4 4 4 4 4 4 2 2 2 2 2 2 2 2 2 2 2 2 2
 2 2 2 2 2 2 2 2 2 2 2 2 2 4 4 4 4 4 4 4 4 4 4 4 4 4 4 4 4 2 2 2 2 2 2 2 2
 2 2 2 2 2 2 2 2 2 2 2 2 2 2 2 2 2 2 2 2 4 4 4 4 4 4 4 4 4 4 4 4 4 2 2 2 2
 2 2 2 2 2 2 2 2 2 2 2 2 2 2 2 2 2 2 2 2 2 2 2 2 2 2 2 4 2 4 4 4 4 4 4 4 4
 2 2 2 2 2 2 2 2 2 2 2 2 2 2 2 2 2 2 2 2 2 2 2 2 2 2 2 2 2 2 2 2 2 2 2 4 4
 4 4 4 2 4 2 2 2 2 2 2 2 2 2 2 2 2 2 2 2 2 2 2 2 2 2 2 2 2 2 2 2 2 2 2 2 2
 2 2 2 2 2 2 2 2 2 2 2 2 2 2 2 2 2 2 2 2 2 2 2 2 2 2 2 2 2 2 2 2 2 2 2 2 2
 2 2 2 2 2 2 2 2 2 2 2 2 2 2 2 2 2 2 2 2 2 2 2 2 2 2 2 2 2 2 2 2 2 2 2 2 2
 2 2 2 2 2 2 2 2 2 2 2 2 2 2 2 2 2 2 2 2 2 2 2 2 2 2 2 2 2 2 2 2 2 2 2 2 2
 2 2 2 2 2 2 2 2 2 2 2 2 2 2 2 2 2 2 2 2 2 2 2 2 2 2 2 2 2 2 2 2 2 2 2 2 2
 2 2 2 2 2 2 2 2 2 2 2 2 2 2 2 2 2 2 2 2 2 2 2 2 2 2 2 2 2 2 2 2 2 2 2 2 2
 2 2 2 2 2 2 2 2 2 2 2 2 2 2 2 2 2 2 2 2 2 2 2 2 2 2 2 2 2 2 2 2 2 2 2 2 2
 2 2 2 2 2 2 2 2 2 2 2 2 2 2 2 2 2 2 2 2 2 2 2 2 2 2 2 2 2 2 2 2 2 2 2 2 2
 2 2 2 2 2 2 2 2 2 2 2 2 2 2 2 2 2 2 2 2 2 2 2 2 2 2 2 2 2 2 2 2 2 2 2 2 2
 2 2 2 2 2 2 2 2 2 2 2 2 2 2 2 2 2 2 2 2 2 2 2 2 2 2 2 2 2 2 2 2 2 2 2 2 2
 2 2 2 2 2 2 2 2 2 2 2 2 2 2 2 2 2 2 2 2 2 2 2 2 2 2 2 2 2 2 2 2 2 2 2 2 2
 2 2 2 2 2 2 2 2 2 2 2 2 2 2 2 2 2 2 2 2 2 2 2 2 2 2 2 2 2 2 2 2 2 2 2 2 2
 2 2 2 2 2 2 2 4 2 4 4 4 4 4 2 2 2 2 2 2 2 2 2 2 2 2 2 2 2 2 2 2 2 2 2 2 2
 2 2 2 2 2 2 2 2 2 2 4 4 4 4 4 4 4 4 4 4 2 4 2 2 2 2 2 2 2 2 2 2 2 2 2 2 2
 2 2 2 2 2 2 2 2 2 2 2 2 2 2 2 2 4 4 4 4 4 4 4 4 4 4 4 4 4 2 2 2 2 2 2 2 2
 2 2 2 2 2 2 2 2 2 2 2 2 2 2 2 2 2 2 2 2 4 4 4 4 4 4 4 4 4 4 4 4 4 4 4 4 2
 2 2 2 2 2 2 2 2 2 2 2 2 2 2 2 2 2 2 2 2 2 2 2 2 2 4 4 4 4 4 4 4 4 4 4 4 4
 4 4 4 4 2 4 2 2 2 2 2 2 2 2 2 2 2 2 2 2 2 2 2 2 2 2 2 2 2 2 2 4 4 4 4 4 4
 4]
ind_k_state =  [   0    4    8   12   16   20   24   28   32   36   40   42   44   46
   48   50   52   54   56   58   60   62   64   66   68   70   72   74
   76   78   80   82   84   86   88   90   92   94   96  100  104  108
  112  116  120  124  128  132  136  140  144  148  152  156  160  164
  166  168  170  172  174  176  178  180  182  184  186  188  190  192
  194  196  198  200  202  204  206  208  210  212  214  218  220  224
  228  232  236  240  244  248  252  256  260  264  268  272  276  280
  284  286  288  290  292  294  296  298  300  302  304  306  308  310
  312  314  316  318  320  322  324  326  328  330  332  334  336  340
  344  348  352  356  360  364  368  372  376  380  384  388  392  396
  400  402  404  406  408  410  412  414  416  418  420  422  424  426
  428  430  432  434  436  438  440  442  444  446  448  450  452  454
  456  460  464  468  472  476  480  484  488  492  496  500  504  508
  510  512  514  516  518  520  522  524  526  528  530  532  534  536
  538  540  542  544  546  548  550  552  554  556  558  560  562  564
  566  568  570  574  576  580  584  588  592  596  600  604  608  610
  612  614  616  618  620  622  624  626  628  630  632  634  636  638
  640  642  644  646  648  650  652  654  656  658  660  662  664  666
  668  670  672  674  676  678  682  686  690  694  698  700  704  706
  708  710  712  714  716  718  720  722  724  726  728  730  732  734
  736  738  740  742  744  746  748  750  752  754  756  758  760  762
  764  766  768  770  772  774  776  778  780  782  784  786  788  790
  792  794  796  798  800  802  804  806  808  810  812  814  816  818
  820  822  824  826  828  830  832  834  836  838  840  842  844  846
  848  850  852  854  856  858  860  862  864  866  868  870  872  874
  876  878  880  882  884  886  888  890  892  894  896  898  900  902
  904  906  908  910  912  914  916  918  920  922  924  926  928  930
  932  934  936  938  940  942  944  946  948  950  952  954  956  958
  960  962  964  966  968  970  972  974  976  978  980  982  984  986
  988  990  992  994  996  998 1000 1002 1004 1006 1008 1010 1012 1014
 1016 1018 1020 1022 1024 1026 1028 1030 1032 1034 1036 1038 1040 1042
 1044 1046 1048 1050 1052 1054 1056 1058 1060 1062 1064 1066 1068 1070
 1072 1074 1076 1078 1080 1082 1084 1086 1088 1090 1092 1094 1096 1098
 1100 1102 1104 1106 1108 1110 1112 1114 1116 1118 1120 1122 1124 1126
 1128 1130 1132 1134 1136 1138 1140 1142 1144 1146 1148 1150 1152 1154
 1156 1158 1160 1162 1164 1166 1168 1170 1172 1174 1176 1178 1180 1182
 1184 1186 1188 1190 1192 1194 1196 1198 1200 1202 1204 1206 1208 1210
 1212 1214 1216 1218 1220 1222 1224 1226 1228 1230 1232 1234 1236 1238
 1240 1242 1244 1246 1248 1250 1252 1254 1256 1258 1260 1262 1264 1266
 1268 1270 1272 1274 1276 1278 1280 1282 1284 1286 1288 1290 1292 1294
 1296 1298 1300 1302 1304 1306 1308 1310 1312 1314 1316 1318 1320 1322
 1324 1326 1328 1330 1332 1334 1336 1338 1340 1342 1344 1346 1348 1350
 1352 1354 1356 1358 1360 1362 1364 1366 1368 1370 1372 1374 1376 1378
 1380 1382 1384 1386 1388 1390 1392 1394 1396 1398 1400 1402 1404 1406
 1408 1410 1412 1414 1416 1418 1420 1422 1424 1426 1428 1430 1432 1434
 1436 1438 1440 1442 1444 1446 1448 1450 1452 1454 1456 1458 1460 1462
 1464 1466 1468 1470 1472 1474 1476 1478 1480 1482 1484 1486 1488 1490
 1492 1494 1496 1498 1500 1502 1504 1506 1508 1510 1512 1514 1516 1518
 1520 1522 1524 1526 1528 1530 1532 1534 1536 1538 1540 1542 1544 1546
 1548 1550 1552 1554 1556 1558 1560 1562 1564 1566 1568 1570 1572 1574
 1576 1578 1580 1582 1584 1586 1588 1590 1592 1594 1596 1600 1602 1606
 1610 1614 1618 1622 1624 1626 1628 1630 1632 1634 1636 1638 1640 1642
 1644 1646 1648 1650 1652 1654 1656 1658 1660 1662 1664 1666 1668 1670
 1672 1674 1676 1678 1680 1682 1684 1686 1688 1692 1696 1700 1704 1708
 1712 1716 1720 1724 1728 1730 1734 1736 1738 1740 1742 1744 1746 1748
 1750 1752 1754 1756 1758 1760 1762 1764 1766 1768 1770 1772 1774 1776
 1778 1780 1782 1784 1786 1788 1790 1792 1794 1796 1800 1804 1808 1812
 1816 1820 1824 1828 1832 1836 1840 1844 1848 1850 1852 1854 1856 1858
 1860 1862 1864 1866 1868 1870 1872 1874 1876 1878 1880 1882 1884 1886
 1888 1890 1892 1894 1896 1898 1900 1902 1904 1908 1912 1916 1920 1924
 1928 1932 1936 1940 1944 1948 1952 1956 1960 1964 1968 1970 1972 1974
 1976 1978 1980 1982 1984 1986 1988 1990 1992 1994 1996 1998 2000 2002
 2004 2006 2008 2010 2012 2014 2016 2018 2020 2024 2028 2032 2036 2040
 2044 2048 2052 2056 2060 2064 2068 2072 2076 2080 2084 2086 2090 2092
 2094 2096 2098 2100 2102 2104 2106 2108 2110 2112 2114 2116 2118 2120
 2122 2124 2126 2128 2130 2132 2134 2136 2138 2140 2144 2148 2152 2156
 2160 2164 2168]

--------------------------------------------------
rule out electronic states outside the energy window [emin, emax]
--------------------------------------------------
time for electron:  0.5218369741924107

##################################################
read and compute e-ph quantities
##################################################
time for e-ph setup:  9.846380202099681

--------------------------------------------------
carrier transport from conventional method
--------------------------------------------------
carrier lifetime (rate average) in ps:  0.7242965954516231
carrier lifetime (time average) in ps:  0.8171221298115419
momentum lifetime (rate average) in ps:  0.8583154479676987
momentum lifetime (time average) in ps:  0.9463104094409314
momentum lifetime (type 2, rate average) in ps:  2.496621989742764
momentum lifetime (type 2, time average) in ps:  0.9447387427903121
average of v^2 =  [6.61302e-02 6.61302e-02 1.18842e-12]
Fermi velocity in m/s =  [5.62582e+05 5.62582e+05 2.38491e+00]
conductivity using tau in S =  [9.75027e-03 9.75022e-03 1.23545e-13]
conductivity using taum in S =  [1.13477e-02 1.13345e-02 1.53868e-13]
conductivity using taum2 in S =  [1.13508e-02 1.13381e-02 1.53749e-13]
mobility (n=|ne-nh|) using tau in cm^2/V/s =  [4.19941e+04 4.19939e+04 5.32103e-07]
mobility (n=|ne-nh|) using taum in cm^2/V/s =  [4.88743e+04 4.88175e+04 6.62705e-07]
mobility (n=|ne-nh|) using taum2 in cm^2/V/s =  [4.88876e+04 4.88330e+04 6.62191e-07]
mobility (n=ne+nh) using tau in cm^2/V/s =  [4.18912e+04 4.18909e+04 5.30798e-07]
mobility (n=ne+nh) using taum in cm^2/V/s =  [4.87544e+04 4.86978e+04 6.61080e-07]
mobility (n=ne+nh) using taum2 in cm^2/V/s =  [4.87677e+04 4.87133e+04 6.60568e-07]
time for compute_carrier_transport_conventional:  0.23248783219605684
carrier lifetime (rate average) in ps:  0.7242965954516231
effetive lifetime (single element of rho, rate average) in ps:  0.540658523352149
time for e-ph:  0.2644717679359019

time for set up and some simple analysis:  10.695808994118124

##################################################
solving spin lifetimes via linear algebra and analysis decay modes
##################################################

--------------------------------------------------
solve -L x = x e :
--------------------------------------------------
rates:
 [-2.78724e-18-8.18466e-20j  1.51471e-08-7.61216e-19j
  1.51717e-08+2.49072e-19j  2.18481e-08-6.89137e-20j
  2.83609e-06+3.24984e-21j  2.84518e-06-2.03398e-19j
  2.84521e-06-5.82192e-20j  2.86219e-06+7.20488e-20j
  1.24603e-05+4.27281e-19j  1.24925e-05+2.09204e-20j]
spin lifetimes in ps:
 [-8.67843e+12  1.59693e+03  1.59434e+03  1.10714e+03  8.52894e+00
  8.50170e+00  8.50160e+00  8.45115e+00  1.94127e+00  1.93627e+00]
precession freq. in au:
 [-8.18466e-20 -7.61216e-19  2.49072e-19 -6.89137e-20  3.24984e-21
 -2.03398e-19 -5.82192e-20  7.20488e-20  4.27281e-19  2.09204e-20]
short lifetimes in ps:
 [0.06073 0.06072 0.06072 0.06071 0.06071 0.06071 0.06071 0.0607  0.0607
 0.06069]

time for solving lifetimes via lin. alg.:  3.628199860919267

Analyse decay mode:

The 4 observables and perturbations are:
n, sx, sy, sz
ob. proj. to VR = 
 [[ 6.77343e-01-3.54400e-12j  0.00000e+00+0.00000e+00j
   0.00000e+00+0.00000e+00j  0.00000e+00+0.00000e+00j
   0.00000e+00+0.00000e+00j  0.00000e+00+0.00000e+00j
   0.00000e+00+0.00000e+00j  0.00000e+00+0.00000e+00j]
 [ 0.00000e+00+0.00000e+00j  5.21312e-03-3.00398e-01j
   2.72191e-03-1.56847e-01j  0.00000e+00+0.00000e+00j
   0.00000e+00+0.00000e+00j  1.01878e-04-5.87056e-03j
  -1.95120e-04+1.12435e-02j  0.00000e+00+0.00000e+00j]
 [ 0.00000e+00+0.00000e+00j -3.40946e-03+1.50886e-01j
   6.85562e-03-3.03397e-01j  0.00000e+00+0.00000e+00j
   0.00000e+00+0.00000e+00j  2.56601e-04-1.13559e-02j
   1.27614e-04-5.64755e-03j  0.00000e+00+0.00000e+00j]
 [ 0.00000e+00+0.00000e+00j  0.00000e+00+0.00000e+00j
   1.17164e-04-4.06014e-06j  3.38611e-01-1.17341e-02j
   0.00000e+00+0.00000e+00j  0.00000e+00+0.00000e+00j
   0.00000e+00+0.00000e+00j  0.00000e+00+0.00000e+00j]
 [ 0.00000e+00+0.00000e+00j  0.00000e+00+0.00000e+00j
   0.00000e+00+0.00000e+00j  0.00000e+00+0.00000e+00j
  -4.75878e-01+1.13132e-11j  0.00000e+00+0.00000e+00j
   0.00000e+00+0.00000e+00j  0.00000e+00+0.00000e+00j]
 [ 0.00000e+00+0.00000e+00j -4.32550e-03-6.59391e-11j
   8.12715e-03-3.47601e-11j  0.00000e+00+0.00000e+00j
   0.00000e+00+0.00000e+00j  2.10505e-01-9.00364e-10j
   1.12037e-01+1.70714e-09j  0.00000e+00+0.00000e+00j]
 [ 0.00000e+00+0.00000e+00j  2.64062e-04-8.18509e-03j
   1.35624e-04-4.20394e-03j  0.00000e+00+0.00000e+00j
   0.00000e+00+0.00000e+00j  3.51295e-03-1.08891e-01j
  -6.83975e-03+2.12011e-01j  0.00000e+00+0.00000e+00j]
 [ 0.00000e+00+0.00000e+00j  0.00000e+00+0.00000e+00j
   0.00000e+00+0.00000e+00j  0.00000e+00+0.00000e+00j
   0.00000e+00+0.00000e+00j  0.00000e+00+0.00000e+00j
   0.00000e+00+0.00000e+00j  2.38000e-01+7.54212e-03j]
 [ 0.00000e+00+0.00000e+00j  0.00000e+00+0.00000e+00j
   0.00000e+00+0.00000e+00j  0.00000e+00+0.00000e+00j
   9.56572e-03-9.53215e-14j  0.00000e+00+0.00000e+00j
   0.00000e+00+0.00000e+00j  0.00000e+00+0.00000e+00j]
 [ 0.00000e+00+0.00000e+00j -2.61796e-05-2.96104e-04j
   4.74851e-05+5.37079e-04j  0.00000e+00+0.00000e+00j
   0.00000e+00+0.00000e+00j -3.77290e-04-4.26733e-03j
  -2.07818e-04-2.35052e-03j  1.51580e-05+1.71444e-04j]]
rhopert. proj. to VL = 
 [[-6.77343e-01-3.54400e-12j  0.00000e+00+0.00000e+00j
   0.00000e+00+0.00000e+00j  0.00000e+00+0.00000e+00j
   0.00000e+00+0.00000e+00j  0.00000e+00+0.00000e+00j
   0.00000e+00+0.00000e+00j  0.00000e+00+0.00000e+00j]
 [ 0.00000e+00+0.00000e+00j -1.05372e-02-6.07191e-01j
  -5.24037e-03-3.01969e-01j  2.38758e-06+1.37581e-04j
   0.00000e+00+0.00000e+00j  1.96140e-04+1.13023e-02j
  -3.94394e-04-2.27263e-02j  0.00000e+00+0.00000e+00j]
 [ 0.00000e+00+0.00000e+00j  7.09149e-03+3.13834e-01j
  -1.35818e-02-6.01065e-01j  4.29061e-06+1.89882e-04j
   0.00000e+00+0.00000e+00j  5.08358e-04+2.24975e-02j
   2.65430e-04+1.17466e-02j  0.00000e+00+0.00000e+00j]
 [ 0.00000e+00+0.00000e+00j  0.00000e+00+0.00000e+00j
  -1.65020e-04-5.71853e-06j -6.77249e-01-2.34691e-02j
   0.00000e+00+0.00000e+00j  0.00000e+00+0.00000e+00j
   0.00000e+00+0.00000e+00j  0.00000e+00+0.00000e+00j]
 [ 0.00000e+00+0.00000e+00j  0.00000e+00+0.00000e+00j
   0.00000e+00+0.00000e+00j  0.00000e+00+0.00000e+00j
   9.33663e-01+2.21964e-11j  0.00000e+00+0.00000e+00j
   0.00000e+00+0.00000e+00j  0.00000e+00+0.00000e+00j]
 [ 0.00000e+00+0.00000e+00j -1.64684e-02+3.23259e-10j
   3.20641e-02+1.75619e-10j  0.00000e+00+0.00000e+00j
   0.00000e+00+0.00000e+00j -8.30508e-01-4.54897e-09j
  -4.26556e-01+8.37237e-09j -1.03217e-04+2.62815e-12j]
 [ 0.00000e+00+0.00000e+00j  1.02599e-03+3.18027e-02j
   5.46064e-04+1.69263e-02j  0.00000e+00+0.00000e+00j
   0.00000e+00+0.00000e+00j -1.41442e-02-4.38426e-01j
   2.65754e-02+8.23755e-01j  3.31250e-06+1.02678e-04j]
 [ 0.00000e+00+0.00000e+00j  0.00000e+00+0.00000e+00j
   0.00000e+00+0.00000e+00j  0.00000e+00+0.00000e+00j
   0.00000e+00+0.00000e+00j  0.00000e+00+0.00000e+00j
   1.75236e-04-5.55315e-06j -9.33644e-01+2.95868e-02j]
 [ 0.00000e+00+0.00000e+00j  0.00000e+00+0.00000e+00j
   0.00000e+00+0.00000e+00j  0.00000e+00+0.00000e+00j
  -1.53612e-02-1.63096e-13j  0.00000e+00+0.00000e+00j
   0.00000e+00+0.00000e+00j  0.00000e+00+0.00000e+00j]
 [ 0.00000e+00+0.00000e+00j -8.33209e-05+9.42399e-04j
   1.52530e-04-1.72519e-03j  0.00000e+00+0.00000e+00j
   0.00000e+00+0.00000e+00j  1.21190e-03-1.37072e-02j
   6.61399e-04-7.48073e-03j -4.84487e-05+5.47977e-04j]]
ob. of pert:
 [[-4.58794e-01  0.00000e+00  0.00000e+00  0.00000e+00  0.00000e+00
   0.00000e+00  0.00000e+00 -5.24318e-06]
 [ 0.00000e+00 -2.29397e-01  0.00000e+00  0.00000e+00  0.00000e+00
   0.00000e+00  0.00000e+00  0.00000e+00]
 [ 0.00000e+00  0.00000e+00 -2.29397e-01  0.00000e+00  0.00000e+00
   0.00000e+00  0.00000e+00  0.00000e+00]
 [ 0.00000e+00  0.00000e+00  0.00000e+00 -2.29397e-01 -1.04864e-05
   0.00000e+00  0.00000e+00  0.00000e+00]
 [ 0.00000e+00  0.00000e+00  0.00000e+00 -5.24318e-06 -4.58794e-01
   0.00000e+00  0.00000e+00  0.00000e+00]
 [ 0.00000e+00  0.00000e+00  0.00000e+00  0.00000e+00  0.00000e+00
  -2.29397e-01  0.00000e+00  0.00000e+00]
 [ 0.00000e+00  0.00000e+00  0.00000e+00  0.00000e+00  0.00000e+00
   0.00000e+00 -2.29397e-01  0.00000e+00]
 [ 0.00000e+00  0.00000e+00  0.00000e+00  0.00000e+00  0.00000e+00
   0.00000e+00  0.00000e+00 -2.29397e-01]]

mode  0  with rate  -3.587782138451117e+17
pert. and ob.:
 [[-4.58794e-01  0.00000e+00  0.00000e+00  0.00000e+00  0.00000e+00
   0.00000e+00  0.00000e+00 -5.24319e-06]
 [ 0.00000e+00  0.00000e+00  0.00000e+00  0.00000e+00  0.00000e+00
   0.00000e+00  0.00000e+00  0.00000e+00]
 [ 0.00000e+00  0.00000e+00  0.00000e+00  0.00000e+00  0.00000e+00
   0.00000e+00  0.00000e+00  0.00000e+00]
 [ 0.00000e+00  0.00000e+00  0.00000e+00  0.00000e+00  0.00000e+00
   0.00000e+00  0.00000e+00  0.00000e+00]
 [ 0.00000e+00  0.00000e+00  0.00000e+00  0.00000e+00  0.00000e+00
   0.00000e+00  0.00000e+00  0.00000e+00]
 [ 0.00000e+00  0.00000e+00  0.00000e+00  0.00000e+00  0.00000e+00
   0.00000e+00  0.00000e+00  0.00000e+00]
 [ 0.00000e+00  0.00000e+00  0.00000e+00  0.00000e+00  0.00000e+00
   0.00000e+00  0.00000e+00  0.00000e+00]
 [ 0.00000e+00  0.00000e+00  0.00000e+00  0.00000e+00  0.00000e+00
   0.00000e+00  0.00000e+00  0.00000e+00]]

mode  1  with rate  66019190.28826891
pert. and ob.:
 [[ 0.00000e+00  0.00000e+00  0.00000e+00  0.00000e+00  0.00000e+00
   0.00000e+00  0.00000e+00  0.00000e+00]
 [ 0.00000e+00 -1.82454e-01 -9.52646e-02  4.23205e-05  0.00000e+00
  -3.56563e-03  6.82900e-03  3.76218e-06]
 [ 0.00000e+00 -9.07382e-02 -4.73771e-02  2.10469e-05  0.00000e+00
  -1.77326e-03  3.39621e-03  1.87101e-06]
 [ 0.00000e+00  4.13415e-05  2.15856e-05  0.00000e+00  0.00000e+00
   8.07920e-07 -1.54735e-06  0.00000e+00]
 [ 0.00000e+00  0.00000e+00  0.00000e+00  0.00000e+00  0.00000e+00
   0.00000e+00  0.00000e+00  0.00000e+00]
 [ 0.00000e+00  3.39621e-03  1.77326e-03 -7.87756e-07  0.00000e+00
   6.63707e-05 -1.27115e-04 -7.00294e-08]
 [ 0.00000e+00 -6.82900e-03 -3.56562e-03  1.58400e-06  0.00000e+00
  -1.33456e-04  2.55600e-04  1.40813e-07]
 [ 0.00000e+00 -3.78940e-06 -1.97856e-06  0.00000e+00  0.00000e+00
  -7.40548e-08  1.41832e-07  0.00000e+00]]

mode  2  with rate  65912209.195200995
pert. and ob.:
 [[ 0.00000e+00  0.00000e+00  0.00000e+00  0.00000e+00  0.00000e+00
   0.00000e+00  0.00000e+00  0.00000e+00]
 [ 0.00000e+00 -4.73772e-02  9.52648e-02 -1.81060e-05  0.00000e+00
   3.56570e-03  1.77330e-03  1.76589e-06]
 [ 0.00000e+00  9.07384e-02 -1.82454e-01  3.46772e-05  0.00000e+00
  -6.82914e-03 -3.39628e-03 -3.38209e-06]
 [ 0.00000e+00 -2.86651e-05  5.76390e-05 -1.09549e-08  0.00000e+00
   2.15739e-06  1.07292e-06  0.00000e+00]
 [ 0.00000e+00  0.00000e+00  0.00000e+00  0.00000e+00  0.00000e+00
   0.00000e+00  0.00000e+00  0.00000e+00]
 [ 0.00000e+00 -3.39628e-03  6.82914e-03 -1.29794e-06  0.00000e+00
   2.55610e-04  1.27120e-04  1.26589e-07]
 [ 0.00000e+00 -1.77330e-03  3.56570e-03 -6.77695e-07  0.00000e+00
   1.33462e-04  6.63734e-05  6.60960e-08]
 [ 0.00000e+00 -1.73643e-06  3.49157e-06  0.00000e+00  0.00000e+00
   1.30687e-07  6.49935e-08  0.00000e+00]]

mode  3  with rate  45770539.91243545
pert. and ob.:
 [[ 0.00000e+00  0.00000e+00  0.00000e+00  0.00000e+00  0.00000e+00
   0.00000e+00  0.00000e+00  0.00000e+00]
 [ 0.00000e+00  0.00000e+00  0.00000e+00 -2.42762e-05  0.00000e+00
   0.00000e+00  0.00000e+00  0.00000e+00]
 [ 0.00000e+00  0.00000e+00 -1.93575e-08 -5.59445e-05  0.00000e+00
   0.00000e+00  0.00000e+00  0.00000e+00]
 [ 0.00000e+00 -1.27380e-05 -7.94443e-05 -2.29599e-01 -1.06055e-05
  -8.49949e-06  1.99857e-06  0.00000e+00]
 [ 0.00000e+00  0.00000e+00  0.00000e+00 -5.30264e-06  0.00000e+00
   0.00000e+00  0.00000e+00  0.00000e+00]
 [ 0.00000e+00  0.00000e+00  0.00000e+00  7.61836e-06  0.00000e+00
   0.00000e+00  0.00000e+00  0.00000e+00]
 [ 0.00000e+00  0.00000e+00  0.00000e+00 -2.43116e-06  0.00000e+00
   0.00000e+00  0.00000e+00  0.00000e+00]
 [ 0.00000e+00  0.00000e+00  0.00000e+00  0.00000e+00  0.00000e+00
   0.00000e+00  0.00000e+00  0.00000e+00]]

mode  4  with rate  352598.1508043077
pert. and ob.:
 [[ 0.00000e+00  0.00000e+00  0.00000e+00  0.00000e+00  0.00000e+00
   0.00000e+00  0.00000e+00  0.00000e+00]
 [ 0.00000e+00  0.00000e+00  0.00000e+00  0.00000e+00  1.03855e-07
   0.00000e+00  0.00000e+00  0.00000e+00]
 [ 0.00000e+00  0.00000e+00  0.00000e+00  0.00000e+00  2.48348e-07
   0.00000e+00  0.00000e+00  0.00000e+00]
 [ 0.00000e+00  0.00000e+00  0.00000e+00  0.00000e+00  1.27538e-07
   0.00000e+00  0.00000e+00  0.00000e+00]
 [ 0.00000e+00  4.81307e-08  1.57951e-07  6.36380e-08 -4.44310e-01
   4.07045e-06 -1.24285e-06 -4.78285e-08]
 [ 0.00000e+00  0.00000e+00  0.00000e+00  0.00000e+00 -6.40209e-06
   0.00000e+00  0.00000e+00  0.00000e+00]
 [ 0.00000e+00  0.00000e+00  0.00000e+00  0.00000e+00  2.68177e-06
   0.00000e+00  0.00000e+00  0.00000e+00]
 [ 0.00000e+00  0.00000e+00  0.00000e+00  0.00000e+00  4.99253e-08
   0.00000e+00  0.00000e+00  0.00000e+00]]

mode  5  with rate  351471.98608282226
pert. and ob.:
 [[ 0.00000e+00  0.00000e+00  0.00000e+00  0.00000e+00  0.00000e+00
   0.00000e+00  0.00000e+00  0.00000e+00]
 [ 0.00000e+00  7.12341e-05 -1.33841e-04 -8.28602e-08  7.75643e-08
  -3.46669e-03 -1.84507e-03 -4.43979e-07]
 [ 0.00000e+00 -1.38693e-04  2.60589e-04  1.61329e-07 -1.51018e-07
   6.74966e-03  3.59236e-03  8.64428e-07]
 [ 0.00000e+00 -8.64359e-08  1.62404e-07  0.00000e+00  0.00000e+00
   4.20650e-06  2.23882e-06  0.00000e+00]
 [ 0.00000e+00  5.54461e-08 -1.04177e-07  0.00000e+00  0.00000e+00
  -2.69835e-06 -1.43614e-06  0.00000e+00]
 [ 0.00000e+00  3.59236e-03 -6.74966e-03 -4.17867e-06  3.91159e-06
  -1.74826e-01 -9.30476e-02 -2.23900e-05]
 [ 0.00000e+00  1.84507e-03 -3.46669e-03 -2.14620e-06  2.00903e-06
  -8.97924e-02 -4.77901e-02 -1.14997e-05]
 [ 0.00000e+00  4.46465e-07 -8.38859e-07  0.00000e+00  0.00000e+00
  -2.17277e-05 -1.15641e-05  0.00000e+00]]

mode  6  with rate  351467.9191782439
pert. and ob.:
 [[ 0.00000e+00  0.00000e+00  0.00000e+00  0.00000e+00  0.00000e+00
   0.00000e+00  0.00000e+00  0.00000e+00]
 [ 0.00000e+00  2.60579e-04  1.33835e-04  1.53039e-07 -1.81226e-07
   3.46662e-03 -6.74953e-03 -1.17606e-06]
 [ 0.00000e+00  1.38687e-04  7.12311e-05  8.14519e-08 -9.64537e-08
   1.84503e-03 -3.59229e-03 -6.25934e-07]
 [ 0.00000e+00  1.56591e-07  8.04263e-08  0.00000e+00  0.00000e+00
   2.08321e-06 -4.05602e-06  0.00000e+00]
 [ 0.00000e+00 -1.03490e-07 -5.31535e-08  0.00000e+00  0.00000e+00
  -1.37679e-06  2.68061e-06  0.00000e+00]
 [ 0.00000e+00 -3.59229e-03 -1.84503e-03 -2.10977e-06  2.49835e-06
  -4.77902e-02  9.30478e-02  1.62130e-05]
 [ 0.00000e+00  6.74952e-03  3.46662e-03  3.96404e-06 -4.69413e-06
   8.97926e-02 -1.74827e-01 -3.04624e-05]
 [ 0.00000e+00  8.41301e-07  4.32100e-07  0.00000e+00  0.00000e+00
   1.11923e-05 -2.17915e-05  0.00000e+00]]

mode  7  with rate  349382.3090881379
pert. and ob.:
 [[ 0.00000e+00  0.00000e+00  0.00000e+00  0.00000e+00  0.00000e+00
   0.00000e+00  0.00000e+00  0.00000e+00]
 [ 0.00000e+00  0.00000e+00  0.00000e+00  0.00000e+00  0.00000e+00
   0.00000e+00  0.00000e+00 -4.67314e-06]
 [ 0.00000e+00  0.00000e+00  0.00000e+00  0.00000e+00  0.00000e+00
   0.00000e+00  0.00000e+00  1.56587e-06]
 [ 0.00000e+00  0.00000e+00  0.00000e+00  0.00000e+00  0.00000e+00
   0.00000e+00  0.00000e+00  0.00000e+00]
 [ 0.00000e+00  0.00000e+00  0.00000e+00  0.00000e+00  0.00000e+00
   0.00000e+00  0.00000e+00  4.77452e-08]
 [ 0.00000e+00  0.00000e+00  0.00000e+00  0.00000e+00  0.00000e+00
   0.00000e+00  0.00000e+00  6.11459e-06]
 [ 0.00000e+00  0.00000e+00  0.00000e+00  0.00000e+00  0.00000e+00
   0.00000e+00  0.00000e+00  4.17482e-05]
 [ 0.00000e+00  5.00310e-06 -1.39963e-06  0.00000e+00 -4.97953e-08
   1.04729e-05  3.31428e-05 -2.22431e-01]]

mode  8  with rate  80254.89961125464
pert. and ob.:
 [[ 0.00000e+00  0.00000e+00  0.00000e+00  0.00000e+00  0.00000e+00
   0.00000e+00  0.00000e+00  0.00000e+00]
 [ 0.00000e+00  0.00000e+00  0.00000e+00  0.00000e+00 -1.10981e-08
   0.00000e+00  0.00000e+00  0.00000e+00]
 [ 0.00000e+00  0.00000e+00  0.00000e+00  0.00000e+00 -2.69207e-08
   0.00000e+00  0.00000e+00  0.00000e+00]
 [ 0.00000e+00  0.00000e+00  0.00000e+00  0.00000e+00  7.01780e-08
   0.00000e+00  0.00000e+00  0.00000e+00]
 [ 0.00000e+00  0.00000e+00 -1.39214e-08  3.50543e-08 -1.46941e-04
   1.09795e-07 -4.27526e-08  0.00000e+00]
 [ 0.00000e+00  0.00000e+00  0.00000e+00  0.00000e+00 -2.11958e-07
   0.00000e+00  0.00000e+00  0.00000e+00]
 [ 0.00000e+00  0.00000e+00  0.00000e+00  0.00000e+00  8.61040e-08
   0.00000e+00  0.00000e+00  0.00000e+00]
 [ 0.00000e+00  0.00000e+00  0.00000e+00  0.00000e+00  0.00000e+00
   0.00000e+00  0.00000e+00  0.00000e+00]]

mode  9  with rate  80047.95111083139
pert. and ob.:
 [[ 0.00000e+00  0.00000e+00  0.00000e+00  0.00000e+00  0.00000e+00
   0.00000e+00  0.00000e+00  0.00000e+00]
 [ 0.00000e+00  2.81230e-07 -5.10099e-07  0.00000e+00  0.00000e+00
   4.05297e-06  2.23245e-06 -1.62831e-07]
 [ 0.00000e+00 -5.14830e-07  9.33808e-07 -1.18769e-08  1.66785e-08
  -7.41952e-06 -4.08680e-06  2.98086e-07]
 [ 0.00000e+00  0.00000e+00 -1.19220e-08  0.00000e+00  0.00000e+00
   9.47260e-08  5.21768e-08  0.00000e+00]
 [ 0.00000e+00  0.00000e+00  0.00000e+00  0.00000e+00  0.00000e+00
  -6.94540e-08 -3.82565e-08  0.00000e+00]
 [ 0.00000e+00 -4.09049e-06  7.41940e-06 -9.43660e-08  1.32516e-07
  -5.89504e-05 -3.24710e-05  2.36839e-06]
 [ 0.00000e+00 -2.23239e-06  4.04915e-06 -5.15004e-08  7.23209e-08
  -3.21723e-05 -1.77211e-05  1.29255e-06]
 [ 0.00000e+00  1.63527e-07 -2.96608e-07  0.00000e+00  0.00000e+00
   2.35668e-06  1.29810e-06 -9.46817e-08]]

do real-time dynamics with tmax (in ps)  1596.9278464217252
5600  (of  5600 ) modes are considered in real-time simulation
Sxt_sxpert (exp): tau =  1599.4138147957588  ps
Sxt_sxpert (exp cos phi=0): tau =  1602.439944117087  ps  period =  200301.93069657218 ps
Sxt_sxpert (exp cos): tau =  1602.437802614486  ps  period =  200305.35621118353 ps  phi =  -2.522377923928107e-05
5600  (of  5600 ) modes are considered in real-time simulation
Syt_sypert (exp): tau =  1597.8911009689143  ps
Syt_sypert (exp cos phi=0): tau =  1600.9153318059389  ps  period =  200079.20803186108 ps
Syt_sypert (exp cos): tau =  1600.9127381417222  ps  period =  200081.96717888073 ps  phi =  -3.112135764552693e-05
5600  (of  5600 ) modes are considered in real-time simulation
Szt_szpert (exp): tau =  1108.1117464591973  ps
Szt_szpert (exp cos phi=0): tau =  1109.0867161321914  ps  period =  203399.35184769367 ps
Szt_szpert (exp cos): tau =  1109.086199351025  ps  period =  -203401.15862748175 ps  phi =  1.3131834322351427e-05
<s|UR>:
 [[ 0.00521-0.3004j  -0.00341+0.15089j]
 [ 0.00272-0.15685j  0.00686-0.3034j ]]
normR_rotate =  [1.47878 1.47878]
normL_rotate =  [1.47878 1.47878]
<s|UR>:
 [[ 6.77797e-01+1.18678e-17j -9.05309e-16+2.84696e-17j]
 [ 6.40005e-16-1.99258e-17j  6.77797e-01+6.45098e-17j]]
oUs_rotate:
 [[1.00000e+00-1.24660e-17j 4.87566e-16+7.54033e-15j]
 [4.28260e-16-7.89472e-15j 1.00000e+00+1.59733e-17j]]

time for spin lifetime:  8.942377110011876

##################################################
solving lifetimes approximately
##################################################

--------------------------------------------------
Rayleigh-Ritz method (material dependent):
--------------------------------------------------
Rayleigh-Ritz ( 7  vec.,   ) lifetime in ps:
 [6.99779e+05 5.41346e+03 5.41346e+03 9.56011e+00 9.56011e+00 9.54371e+00
 9.54359e+00]

Rayleigh-Ritz ( 7  vec.,  with Left ) lifetime in ps:
 [6.40106e+05 9.09453e+03 9.09453e+03 5.21165e+00 5.21165e+00 5.20881e+00
 5.20877e+00]

Rayleigh-Ritz ( 14  vec.,   ) lifetime in ps:
 [1.87751e+03 1.87644e+03 1.12633e+03 1.10478e+01 1.10134e+01 1.02356e+01
 1.02347e+01 7.13287e-01 5.68443e-01 5.68443e-01 5.67978e-01 5.67978e-01
 5.33589e-01 5.00279e-01]

Rayleigh-Ritz ( 14  vec.,  with Left ) lifetime in ps:
 [3.21933e+03 3.21737e+03 2.58207e+03 6.98335e+00 6.98330e+00 6.95224e+00
 6.93570e+00 2.31863e-01 1.97996e-01 1.97785e-01 1.41062e-01 1.40774e-01
 1.36096e-01 1.36083e-01]

Rayleigh-Ritz ( 28  vec.,   ) lifetime in ps:
 [1.38425e+03 1.38179e+03 1.04517e+03 1.11047e+01 1.10047e+01 1.08475e+01
 1.08466e+01 9.40088e-01 6.67456e-01 6.67456e-01 6.66776e-01 6.66776e-01
 5.45372e-01 4.99880e-01 3.50843e-01 3.50843e-01 3.50686e-01 3.50686e-01
 3.29099e-01 3.29099e-01 3.29079e-01 3.29079e-01 3.28528e-01 3.28528e-01
 3.28509e-01 3.28509e-01 2.70184e-01 2.70184e-01]

Rayleigh-Ritz ( 28  vec.,  with Left ) lifetime in ps:
 [ 2.46605e+03  2.46112e+03  1.65556e+03  7.19438e+00  6.97099e+00
  6.97092e+00  6.93865e+00  5.59412e-01  5.02382e-01  5.00834e-01
  3.97501e-01  3.97501e-01  3.91079e-01  3.91079e-01  3.90294e-01
  3.90294e-01  3.66176e-01  3.66176e-01  3.36977e-01  3.36977e-01
  3.36457e-01  3.36457e-01  1.65822e-01  1.40681e-01  1.40423e-01
  1.40423e-01  5.73453e-02 -3.70914e-02]

Rayleigh-Ritz ( 70  vec.,   ) lifetime in ps:
 [1.38404e+03 1.38083e+03 1.02567e+03 1.11096e+01 1.10940e+01 1.10937e+01
 8.74255e+00 9.85523e-01 9.84860e-01 9.82189e-01 7.22647e-01 5.46478e-01
 5.24562e-01 5.24476e-01 4.73714e-01 4.73714e-01 3.83174e-01 3.83174e-01
 3.82437e-01 3.82437e-01 3.76949e-01 3.76949e-01 3.72710e-01 3.72710e-01
 3.72160e-01 3.72160e-01 3.71454e-01 3.71454e-01 3.70915e-01 3.70915e-01
 3.52436e-01 3.52436e-01 3.47324e-01 3.47324e-01 3.47275e-01 3.47275e-01
 3.47045e-01 3.47045e-01 3.39619e-01 3.39619e-01 3.39578e-01 3.39578e-01
 3.39279e-01 3.39279e-01 3.32957e-01 3.32957e-01 3.32655e-01 3.32655e-01
 3.32026e-01 3.32026e-01 3.26859e-01 3.26859e-01 3.20713e-01 3.20713e-01
 3.08936e-01 3.08936e-01 3.08772e-01 3.08772e-01 3.06028e-01 3.06028e-01
 3.05880e-01 3.05880e-01 3.04122e-01 3.04122e-01 3.02202e-01 3.02202e-01
 3.02148e-01 3.02148e-01 2.02490e-01 1.00812e-01]

Rayleigh-Ritz ( 70  vec.,  with Left ) lifetime in ps:
 [ 1.81733e+03  1.81180e+03  1.26485e+03  8.13220e+00  6.91829e+00
  6.90845e+00  6.90825e+00  8.21779e-01  8.18420e-01  8.13318e-01
  4.59720e-01  4.59720e-01  4.13744e-01  4.13744e-01  4.11916e-01
  4.11916e-01  4.07734e-01  4.07734e-01  4.06154e-01  4.06154e-01
  3.97995e-01  3.97995e-01  3.93879e-01  3.93879e-01  3.91154e-01
  3.91154e-01  3.87777e-01  3.87777e-01  3.87451e-01  3.87451e-01
  3.86864e-01  3.86864e-01  3.86441e-01  3.86441e-01  3.80034e-01
  3.80034e-01  3.79759e-01  3.79759e-01  3.78875e-01  3.78875e-01
  3.78469e-01  3.78469e-01  3.74378e-01  3.74378e-01  3.73552e-01
  3.73552e-01  3.59615e-01  3.59615e-01  3.58588e-01  3.58588e-01
  3.48609e-01  3.38515e-01  3.38515e-01  3.37440e-01  3.37440e-01
 -3.34623e-01 -3.34623e-01  2.33527e-01  2.33527e-01 -1.71254e-01
 -1.71254e-01 -1.70146e-01 -1.70146e-01  1.38790e-01  1.37239e-01
  1.37229e-01  1.24709e-01  8.67822e-02  8.67822e-02  7.28822e-02]

Rayleigh-Ritz ( 70  vec.,  with Left ) lifetime in ps:
 [ 1.81733e+03  1.81180e+03  1.26485e+03  8.13220e+00  6.91829e+00
  6.90845e+00  6.90825e+00  8.21779e-01  8.18420e-01  8.13318e-01
  4.59720e-01  4.59720e-01  4.13744e-01  4.13744e-01  4.11916e-01
  4.11916e-01  4.07734e-01  4.07734e-01  4.06154e-01  4.06154e-01
  3.97995e-01  3.97995e-01  3.93879e-01  3.93879e-01  3.91154e-01
  3.91154e-01  3.87777e-01  3.87777e-01  3.87451e-01  3.87451e-01
  3.86864e-01  3.86864e-01  3.86441e-01  3.86441e-01  3.80034e-01
  3.80034e-01  3.79759e-01  3.79759e-01  3.78875e-01  3.78875e-01
  3.78469e-01  3.78469e-01  3.74378e-01  3.74378e-01  3.73552e-01
  3.73552e-01  3.59615e-01  3.59615e-01  3.58588e-01  3.58588e-01
  3.48609e-01  3.38515e-01  3.38515e-01  3.37440e-01  3.37440e-01
 -3.34623e-01 -3.34623e-01  2.33527e-01  2.33527e-01 -1.71254e-01
 -1.71254e-01 -1.70146e-01 -1.70146e-01  1.38790e-01  1.37239e-01
  1.37229e-01  1.24709e-01  8.67822e-02  8.67822e-02  7.28822e-02]

Rayleigh-Ritz ( 140  vec.,   ) lifetime in ps:
 [1.39724e+03 1.39409e+03 1.02623e+03 1.10590e+01 1.09997e+01 1.09992e+01
 8.67022e+00 9.88496e-01 9.85856e-01 9.85146e-01 7.41131e-01 5.46038e-01
 5.24356e-01 5.24280e-01 5.21091e-01 5.21027e-01 5.14372e-01 5.14141e-01
 5.13836e-01 5.13607e-01 4.75301e-01 4.75301e-01 4.29522e-01 4.29462e-01
 4.01938e-01 4.01859e-01 4.01809e-01 4.01652e-01 3.93906e-01 3.93906e-01
 3.93888e-01 3.93888e-01 3.89783e-01 3.89783e-01 3.89722e-01 3.89722e-01
 3.88888e-01 3.88887e-01 3.88821e-01 3.88820e-01 3.85273e-01 3.85203e-01
 3.84882e-01 3.84881e-01 3.84258e-01 3.84257e-01 3.77890e-01 3.77873e-01
 3.77818e-01 3.77817e-01 3.76144e-01 3.76140e-01 3.76139e-01 3.76138e-01
 3.70733e-01 3.70430e-01 3.70424e-01 3.70169e-01 3.68917e-01 3.68911e-01
 3.66435e-01 3.66223e-01 3.66159e-01 3.65867e-01 3.63424e-01 3.63400e-01
 3.63126e-01 3.63122e-01 3.62929e-01 3.62909e-01 3.53188e-01 3.53188e-01
 3.51839e-01 3.51811e-01 3.47876e-01 3.47857e-01 3.43422e-01 3.43315e-01
 3.42649e-01 3.42314e-01 3.42187e-01 3.41935e-01 3.40330e-01 3.40319e-01
 3.38891e-01 3.38851e-01 3.38693e-01 3.38613e-01 3.35211e-01 3.35200e-01
 3.34968e-01 3.34952e-01 3.33136e-01 3.33106e-01 3.32431e-01 3.32278e-01
 3.29015e-01 3.29007e-01 3.26583e-01 3.26571e-01 3.26485e-01 3.26485e-01
 3.19945e-01 3.19935e-01 3.19698e-01 3.19678e-01 3.18931e-01 3.18924e-01
 3.18628e-01 3.18601e-01 3.15420e-01 3.15298e-01 3.15250e-01 3.15250e-01
 3.15250e-01 3.15162e-01 3.08460e-01 3.08378e-01 3.08127e-01 3.08113e-01
 3.07755e-01 3.07755e-01 3.06890e-01 3.06887e-01 3.06795e-01 3.06779e-01
 2.92936e-01 2.92936e-01 2.84338e-01 2.84338e-01 2.27624e-01 2.27615e-01
 2.21697e-01 2.21475e-01 2.21394e-01 2.21174e-01 2.09925e-01 1.69751e-01
 1.69751e-01 9.24731e-02]

Rayleigh-Ritz ( 140  vec.,  with Left ) lifetime in ps:
 [ 1.76545e+03  1.76041e+03  1.23409e+03  8.36517e+00  7.85442e+00
  7.80438e+00  7.80436e+00  1.73588e+00  1.73586e+00  1.71209e+00
  1.70938e+00  8.64223e-01  8.64200e-01  8.57524e-01  8.57236e-01
  8.48626e-01  8.45271e-01  8.40001e-01  7.41418e-01  7.41261e-01
  7.37428e-01  7.37362e-01  5.46161e-01  5.46154e-01  5.32091e-01
  5.01373e-01  5.01371e-01  4.88129e-01  4.88128e-01  4.88056e-01
  4.88036e-01  4.86202e-01  4.86179e-01  4.83815e-01  4.83807e-01
  4.83756e-01  4.83734e-01  4.83127e-01  4.83087e-01  4.78108e-01
  4.78104e-01  4.75287e-01  4.75287e-01  4.55818e-01  4.55716e-01
  4.33425e-01  4.33423e-01  4.21450e-01  4.21428e-01  4.18038e-01
  4.18029e-01  4.16950e-01  4.16949e-01  4.14639e-01  4.14613e-01
  3.95999e-01  3.95991e-01  3.95735e-01  3.95708e-01  3.94026e-01
  3.94026e-01  3.93987e-01  3.93987e-01  3.91814e-01  3.91814e-01
  3.90831e-01  3.90831e-01  3.90044e-01  3.90044e-01  3.89346e-01
  3.89344e-01  3.87997e-01  3.87995e-01  3.87420e-01  3.87406e-01
  3.86525e-01  3.86525e-01  3.80963e-01  3.80959e-01  3.80858e-01
  3.80855e-01  3.55574e-01  3.55572e-01  3.53886e-01  3.53884e-01
  3.52394e-01  3.52394e-01  3.46609e-01  3.46589e-01  3.43962e-01
  3.43960e-01  3.43935e-01  3.43935e-01  3.12211e-01  3.12211e-01
  2.62132e-01  2.51647e-01  2.51645e-01  2.34207e-01  2.34207e-01
  2.14393e-01  2.14393e-01  2.13915e-01  2.13901e-01  2.04203e-01
  1.65655e-01  1.65652e-01  1.65617e-01  1.65610e-01  1.41809e-01
  1.41809e-01  1.34383e-01  1.34380e-01  1.34289e-01  1.34281e-01
  1.24331e-01  1.24327e-01  1.24159e-01  1.24145e-01  1.10261e-01
  1.10261e-01  1.01894e-01  8.69887e-02  8.56651e-02  8.56649e-02
  7.09925e-02  7.09903e-02  7.09865e-02  7.09828e-02  6.97646e-02
  3.34526e-02  3.34526e-02 -2.89373e-02  2.84324e-02  2.42668e-02
  2.42664e-02  2.42588e-02  2.42581e-02  1.30947e-03  1.30546e-03]

Rayleigh-Ritz ( 210  vec.,   ) lifetime in ps:
 [ 1.48612e+03  1.47730e+03  1.03933e+03  9.98089e+00  9.57281e+00
  9.22062e+00  8.54136e+00 -4.09118e+00  3.25762e+00  3.21261e+00
  1.51460e+00  1.05779e+00  1.00326e+00  9.89709e-01  9.85490e-01
 -9.33631e-01  8.62125e-01  8.25641e-01  7.52174e-01  7.31333e-01
  7.05798e-01  6.74494e-01  6.56214e-01  6.48855e-01  6.31538e-01
  5.93415e-01  5.75575e-01  5.61937e-01  4.93874e-01  4.77618e-01
  4.76400e-01  4.75317e-01  4.75314e-01  4.62710e-01  4.38742e-01
  4.38568e-01  4.23389e-01  4.19209e-01  4.11027e-01  3.96569e-01
  3.94497e-01  3.94333e-01  3.94331e-01  3.94306e-01  3.93582e-01
  3.92986e-01  3.90996e-01  3.90900e-01  3.90832e-01  3.90825e-01
  3.90818e-01  3.89833e-01  3.89827e-01  3.89790e-01  3.89758e-01
  3.89180e-01  3.88516e-01  3.86547e-01  3.86319e-01  3.85539e-01
  3.84977e-01  3.84968e-01  3.84784e-01  3.84534e-01  3.84125e-01
  3.84012e-01  3.83652e-01  3.81878e-01  3.81486e-01  3.80899e-01
  3.80138e-01  3.79275e-01  3.78432e-01  3.77237e-01  3.76774e-01
  3.76543e-01  3.75808e-01  3.75764e-01  3.75255e-01  3.74056e-01
  3.71669e-01  3.71347e-01  3.70823e-01  3.63998e-01  3.61517e-01
  3.60118e-01  3.59721e-01  3.57848e-01  3.56302e-01  3.54960e-01
  3.54626e-01  3.53657e-01  3.51190e-01  3.50562e-01  3.50373e-01
  3.49172e-01  3.49116e-01  3.47940e-01  3.47791e-01  3.47120e-01
  3.46633e-01  3.44149e-01  3.42872e-01  3.42165e-01  3.40695e-01
  3.40241e-01  3.38926e-01  3.38499e-01  3.37459e-01  3.33903e-01
  3.31431e-01  3.30002e-01  3.29192e-01  3.27833e-01  3.27278e-01
 -3.26870e-01  3.25233e-01  3.24646e-01  3.21108e-01  3.19993e-01
  3.17352e-01  3.16378e-01  3.16290e-01  3.14825e-01  3.13758e-01
  3.11501e-01  3.06730e-01  2.98731e-01  2.97736e-01  2.97590e-01
  2.93989e-01  2.93857e-01  2.93125e-01  2.93121e-01  2.92692e-01
  2.91565e-01  2.90082e-01  2.87179e-01  2.83449e-01  2.82399e-01
  2.78493e-01  2.76974e-01  2.74466e-01  2.73634e-01  2.70956e-01
  2.69698e-01  2.64079e-01 -2.61753e-01  2.53625e-01  2.53433e-01
 -2.51634e-01  2.47156e-01 -2.38626e-01  2.27162e-01  2.25178e-01
  2.08001e-01  2.01218e-01  1.99615e-01  1.96388e-01 -1.89821e-01
 -1.81702e-01  1.80992e-01  1.79028e-01  1.71799e-01  1.52114e-01
  1.49997e-01  1.49135e-01 -1.24308e-01  1.08409e-01 -1.03207e-01
  1.00380e-01 -7.96466e-02  7.31030e-02 -7.01403e-02  6.90394e-02
  5.50274e-02  3.72717e-02 -1.67878e-02  1.48721e-02 -1.45656e-02
 -1.31526e-02 -1.02494e-02 -1.02239e-02 -9.12400e-03  8.46204e-03
  8.27177e-03  7.67691e-03 -6.89919e-03 -5.47983e-03 -5.03236e-03
 -4.90557e-03  4.56885e-03 -4.38404e-03  3.92408e-03 -3.14928e-03
 -2.76927e-03  2.73466e-03  2.63070e-03 -1.98334e-03  1.88761e-03
  1.75340e-03 -1.57713e-03  1.53345e-03  1.41448e-03  1.02186e-03
 -8.34195e-04 -8.02584e-04  5.03624e-04 -4.80344e-04 -2.72564e-04]

Rayleigh-Ritz ( 210  vec.,  with Left ) lifetime in ps:
 [ 1.83460e+03  1.77096e+03  1.27472e+03  8.05400e+01 -1.94429e+01
  8.40528e+00  7.84838e+00  7.82469e+00  7.77463e+00 -2.58171e+00
  1.67049e+00  1.39662e+00  1.07483e+00  9.24395e-01  8.46895e-01
  8.25078e-01  8.12288e-01  8.00504e-01  7.18779e-01  7.04911e-01
  6.92450e-01  6.13607e-01 -5.94182e-01  5.81580e-01  5.69999e-01
  5.13215e-01  4.99457e-01  4.91678e-01  4.75300e-01  4.75284e-01
  4.70884e-01  4.69692e-01  4.66890e-01  4.31545e-01  4.12461e-01
  4.02404e-01  3.96936e-01  3.96823e-01  3.96623e-01  3.94348e-01
  3.94090e-01  3.93974e-01  3.93185e-01  3.91112e-01  3.90874e-01
  3.90821e-01  3.90568e-01  3.89868e-01  3.89845e-01  3.89610e-01
  3.89510e-01  3.88886e-01  3.86892e-01  3.86480e-01  3.86167e-01
  3.85402e-01  3.83215e-01  3.83042e-01  3.82096e-01 -3.81812e-01
  3.80651e-01  3.80016e-01  3.79900e-01  3.79261e-01  3.77996e-01
  3.77816e-01  3.74390e-01  3.72251e-01  3.67985e-01  3.67369e-01
  3.66662e-01  3.61311e-01  3.59526e-01  3.54705e-01  3.54064e-01
  3.48704e-01  3.45848e-01  3.42747e-01  3.41723e-01  3.39995e-01
  3.39452e-01  3.39227e-01  3.38570e-01  3.38068e-01  3.37189e-01
  3.35533e-01  3.35071e-01  3.32888e-01  3.32469e-01  3.31205e-01
  3.30477e-01  3.29281e-01  3.28859e-01  3.25574e-01  3.21568e-01
  3.21184e-01 -3.21166e-01  3.19456e-01  3.16071e-01  3.12970e-01
  3.12964e-01  3.04725e-01  2.96276e-01  2.95530e-01  2.91173e-01
  2.82997e-01  2.82431e-01  2.80887e-01  2.79868e-01  2.79599e-01
 -2.76836e-01  2.73505e-01  2.71660e-01  2.68406e-01  2.59445e-01
  2.57146e-01  2.57129e-01  2.54469e-01  2.49543e-01  2.41539e-01
  2.40507e-01  2.37533e-01  2.36714e-01  2.34793e-01  2.30964e-01
  2.28457e-01  2.24805e-01 -2.18463e-01  2.17341e-01  2.14078e-01
  2.10875e-01  2.06125e-01  2.05717e-01  2.01583e-01  2.01581e-01
  1.94780e-01  1.87595e-01  1.86342e-01  1.84383e-01  1.80691e-01
  1.72019e-01  1.62353e-01  1.61874e-01 -1.55601e-01  1.52604e-01
  1.50858e-01  1.43456e-01  1.41985e-01 -1.36004e-01  1.29970e-01
  1.26522e-01  1.25338e-01  1.22455e-01  1.20512e-01  1.11784e-01
  9.88207e-02  9.05252e-02  8.72245e-02  8.71268e-02  8.69856e-02
  8.65976e-02  8.53443e-02  8.25253e-02 -8.24707e-02  7.82735e-02
  7.42755e-02  7.08835e-02  6.57424e-02  6.03512e-02  4.69796e-02
  4.69096e-02  3.99756e-02 -3.96250e-02 -3.91359e-02 -3.78063e-02
 -3.40563e-02  2.87767e-02  2.78523e-02  2.53127e-02  2.09532e-02
  1.93029e-02  1.86439e-02  1.84323e-02  1.83806e-02  1.78316e-02
 -1.75022e-02 -1.73615e-02  1.60158e-02  1.51468e-02 -1.41939e-02
 -1.24193e-02  1.15052e-02 -1.01672e-02  9.94109e-03 -8.32209e-03
 -8.28878e-03 -8.13792e-03  7.84756e-03 -6.88775e-03 -6.53382e-03
 -5.91531e-03  5.20653e-03  4.93250e-03  4.78838e-03  3.92125e-03
 -3.62243e-03 -3.03093e-03  2.86233e-03  2.51858e-03 -2.34057e-03]

Rayleigh-Ritz ( 280  vec.,   ) lifetime in ps:
 [ 1.48369e+03  1.44972e+03  1.06246e+03  1.00697e+01  9.56753e+00
  9.52351e+00  8.51412e+00  5.55816e+00 -3.53918e+00  2.98503e+00
  2.00861e+00  1.95226e+00  1.52318e+00  9.89921e-01  9.84533e-01
  9.78606e-01 -9.20637e-01  9.08609e-01  8.97800e-01  8.40011e-01
  7.75469e-01  7.73875e-01  7.17970e-01  6.80479e-01  6.67701e-01
  6.62599e-01  6.38442e-01  5.53392e-01 -5.49805e-01 -5.37712e-01
  5.30892e-01  5.24948e-01  5.23906e-01  4.75383e-01  4.75353e-01
  4.56313e-01  4.19762e-01  3.94327e-01  3.94326e-01  3.93129e-01
  3.92870e-01  3.92552e-01  3.92551e-01  3.91730e-01  3.91718e-01
  3.90841e-01  3.90839e-01  3.90804e-01  3.90800e-01  3.89812e-01
  3.89812e-01  3.89796e-01  3.89795e-01  3.87218e-01  3.87178e-01
  3.86589e-01  3.86461e-01  3.86146e-01  3.86054e-01  3.85827e-01
  3.84838e-01  3.82845e-01  3.81831e-01  3.81783e-01  3.81763e-01
  3.81441e-01  3.81207e-01  3.81159e-01  3.81133e-01  3.80981e-01
  3.80527e-01  3.80223e-01  3.79558e-01  3.78879e-01  3.78674e-01
  3.78299e-01  3.77216e-01  3.77150e-01  3.72993e-01  3.72832e-01
  3.69933e-01  3.69749e-01  3.67786e-01  3.67722e-01  3.67400e-01
  3.63578e-01  3.63135e-01  3.61984e-01  3.58450e-01  3.56055e-01
  3.55017e-01  3.51813e-01  3.51442e-01  3.46208e-01  3.45026e-01
  3.44953e-01  3.44513e-01  3.44484e-01  3.44368e-01  3.42947e-01
  3.42469e-01  3.41161e-01  3.39581e-01  3.39052e-01  3.37652e-01
  3.33858e-01  3.33110e-01  3.27227e-01  3.25188e-01  3.22499e-01
  3.21742e-01  3.20248e-01  3.17703e-01  3.16700e-01  3.16477e-01
  3.15441e-01  3.15239e-01  3.15223e-01  3.13965e-01  3.11002e-01
  3.10908e-01  3.07411e-01  3.06460e-01  3.05067e-01  3.05001e-01
  3.04878e-01  3.03784e-01  3.03299e-01  3.02654e-01  2.99888e-01
  2.96524e-01  2.95255e-01  2.91740e-01  2.88956e-01  2.86819e-01
  2.82839e-01  2.75561e-01  2.74189e-01  2.72607e-01 -2.72259e-01
 -2.71724e-01  2.69593e-01 -2.65030e-01  2.62288e-01  2.53673e-01
  2.53243e-01  2.46442e-01  2.44657e-01  2.37602e-01  2.32603e-01
  2.28677e-01  2.26567e-01  2.25756e-01  2.21452e-01  2.10101e-01
 -2.00620e-01 -1.98602e-01  1.94588e-01  1.92323e-01  1.91610e-01
  1.90471e-01  1.90430e-01  1.86196e-01  1.79071e-01  1.66487e-01
  1.66476e-01  1.63057e-01  1.61833e-01  1.51396e-01  1.44775e-01
  1.41283e-01 -1.38484e-01  1.28403e-01  1.22403e-01  1.21368e-01
  1.15816e-01  1.08779e-01 -9.85126e-02 -8.19932e-02  7.87478e-02
  7.83080e-02 -7.65077e-02  7.37303e-02  7.25291e-02  5.93677e-02
  5.59070e-02 -5.22180e-02  5.02661e-02 -4.70659e-02  4.04842e-02
 -3.73878e-02 -3.22155e-02 -2.92038e-02  2.84219e-02 -2.33258e-02
  1.94697e-02 -1.84428e-02 -1.70680e-02  1.61513e-02  1.53631e-02
 -1.37795e-02  1.36604e-02  1.33840e-02  1.29643e-02  1.28700e-02
  1.23754e-02  1.22727e-02  1.13640e-02 -1.13548e-02 -1.10599e-02
 -1.09171e-02  9.86127e-03  8.72007e-03  7.77486e-03  7.73267e-03
  7.07021e-03 -6.98545e-03  6.79370e-03  6.47895e-03  5.80984e-03
 -5.40446e-03 -5.17164e-03 -5.02012e-03  4.95181e-03 -4.94778e-03
 -4.91556e-03  4.53822e-03 -4.42170e-03  4.40970e-03 -4.09739e-03
  3.82698e-03 -3.63735e-03  3.56554e-03 -3.52945e-03 -3.37027e-03
 -3.32936e-03 -3.25033e-03  3.22050e-03  3.21286e-03 -2.99591e-03
 -2.76555e-03  2.73827e-03 -2.59133e-03  2.58291e-03  2.54626e-03
 -2.47234e-03  2.46801e-03 -2.43400e-03 -2.38624e-03  2.37464e-03
  2.37089e-03 -2.30805e-03  2.07660e-03  2.01384e-03 -1.96741e-03
 -1.85375e-03  1.85166e-03 -1.81901e-03  1.67996e-03  1.62030e-03
 -1.57936e-03 -1.49560e-03  1.29888e-03 -1.11023e-03  1.04389e-03
 -9.59584e-04 -9.57504e-04  9.17840e-04  9.01709e-04 -7.01497e-04
  6.91913e-04  6.75551e-04 -5.25446e-04 -5.13280e-04  4.66273e-04
 -4.41748e-04  4.31602e-04 -3.20271e-04  2.67778e-04  1.23687e-04]

Rayleigh-Ritz ( 280  vec.,  with Left ) lifetime in ps:
 [ 2.07030e+03  1.80743e+03  1.22666e+03 -1.32768e+01  8.40848e+00
  8.27173e+00  7.80513e+00  7.76895e+00  5.67121e+00 -4.17632e+00
  1.11736e+00  9.34534e-01  9.33684e-01  9.21364e-01  9.14672e-01
  8.43203e-01  8.20318e-01  6.18648e-01  5.78738e-01  5.76418e-01
 -5.27520e-01  4.78039e-01  4.75094e-01  4.75021e-01  4.73518e-01
  4.65068e-01  4.54358e-01  4.48903e-01  4.40281e-01  4.22600e-01
  4.20251e-01  4.14561e-01  4.00025e-01  3.93628e-01  3.93430e-01
  3.93109e-01  3.92877e-01  3.92486e-01  3.91982e-01  3.91783e-01
  3.91594e-01  3.91326e-01  3.90928e-01  3.90879e-01  3.90818e-01
  3.89832e-01  3.89798e-01  3.87539e-01  3.87404e-01  3.87268e-01
  3.87112e-01  3.86797e-01  3.86510e-01  3.86467e-01  3.83118e-01
  3.81924e-01  3.81876e-01  3.81506e-01  3.81278e-01  3.81196e-01
  3.80708e-01  3.80329e-01  3.79501e-01  3.79328e-01  3.78575e-01
  3.78363e-01  3.77949e-01  3.77393e-01  3.74197e-01  3.73693e-01
  3.59722e-01  3.58235e-01  3.56939e-01  3.51441e-01  3.51038e-01
  3.50988e-01  3.49865e-01  3.49094e-01  3.48101e-01  3.46291e-01
  3.46044e-01  3.45036e-01  3.44913e-01  3.44730e-01  3.44527e-01
  3.44081e-01  3.42640e-01  3.42619e-01  3.42372e-01  3.42046e-01
  3.42032e-01  3.41911e-01  3.41329e-01  3.39724e-01  3.39579e-01
  3.37044e-01  3.35535e-01  3.31276e-01  3.31202e-01  3.30316e-01
  3.29078e-01  3.24742e-01  3.24731e-01  3.24642e-01  3.24141e-01
  3.21363e-01  3.17968e-01  3.17641e-01  3.14805e-01  3.14804e-01
  3.13152e-01  3.12573e-01  3.11646e-01  3.11261e-01  3.08925e-01
  3.08617e-01  3.04740e-01  3.02746e-01  2.90106e-01  2.85183e-01
 -2.84909e-01  2.83735e-01  2.80324e-01  2.75088e-01  2.73934e-01
  2.73049e-01  2.66749e-01  2.65667e-01  2.59711e-01  2.57726e-01
  2.57662e-01  2.56884e-01  2.55945e-01  2.55698e-01  2.51370e-01
  2.49915e-01  2.49686e-01  2.47129e-01  2.46237e-01  2.44255e-01
  2.43919e-01  2.34249e-01  2.30813e-01 -2.30344e-01  2.23535e-01
  2.14393e-01  2.11881e-01  2.11868e-01  2.03335e-01  1.94286e-01
  1.70512e-01  1.64680e-01  1.61778e-01  1.61319e-01  1.46848e-01
 -1.37341e-01  1.24684e-01  1.24061e-01  1.12397e-01  1.11973e-01
  1.11601e-01  1.00663e-01 -9.53378e-02  8.99349e-02  8.54480e-02
  8.49721e-02  8.45758e-02  8.31171e-02 -7.27767e-02  7.09262e-02
  6.59945e-02  6.24213e-02  6.18567e-02 -5.53877e-02  5.48320e-02
  5.37763e-02  5.26894e-02  4.68535e-02  3.87308e-02 -3.78960e-02
  3.28145e-02 -3.12145e-02 -3.02824e-02 -2.97455e-02 -2.87106e-02
 -2.56061e-02  2.48680e-02  2.40110e-02  2.26071e-02  2.21978e-02
 -2.21304e-02 -2.19880e-02  2.14370e-02  2.13921e-02  2.11074e-02
 -2.06951e-02  1.94356e-02  1.88196e-02 -1.86154e-02  1.76318e-02
 -1.75083e-02  1.52139e-02 -1.45779e-02 -1.42972e-02 -1.31304e-02
 -1.27887e-02  1.25855e-02  1.24085e-02  1.14095e-02 -1.06534e-02
  1.05666e-02 -1.04078e-02  1.01405e-02  9.93048e-03  9.72143e-03
 -9.54982e-03  9.27085e-03  8.27583e-03 -7.86156e-03  7.41376e-03
 -7.22909e-03 -6.80147e-03  6.64606e-03  6.55977e-03 -6.13865e-03
  5.73274e-03  5.65057e-03 -5.32822e-03 -5.27865e-03 -5.15289e-03
 -4.90048e-03  4.81910e-03  4.64373e-03 -4.48149e-03 -4.28066e-03
 -4.17055e-03 -4.12058e-03  4.04475e-03 -4.01694e-03  3.97543e-03
 -3.93831e-03 -3.91381e-03 -3.77901e-03 -3.73806e-03  3.71043e-03
 -3.57835e-03 -3.42387e-03  3.36516e-03 -3.14656e-03 -2.79182e-03
  2.58909e-03  2.35812e-03  2.07922e-03 -2.05365e-03 -1.74649e-03
  1.56059e-03  9.77027e-04  0.00000e+00  0.00000e+00  0.00000e+00
  0.00000e+00  0.00000e+00  0.00000e+00  0.00000e+00  0.00000e+00
  0.00000e+00  0.00000e+00  0.00000e+00  0.00000e+00  0.00000e+00
  0.00000e+00  0.00000e+00  0.00000e+00  0.00000e+00  0.00000e+00
  0.00000e+00  0.00000e+00  0.00000e+00  0.00000e+00  0.00000e+00]

Rayleigh-Ritz ( 350  vec.,   ) lifetime in ps:
 [ 1.56098e+03  1.50856e+03  1.02380e+03  5.00814e+02  1.41046e+01
  1.02652e+01  9.68947e+00  9.46937e+00  8.47958e+00 -3.63432e+00
  2.72886e+00  2.59545e+00 -1.63514e+00  1.36705e+00  1.33074e+00
  1.04836e+00  1.00808e+00  9.94128e-01  9.86012e-01  9.73552e-01
  9.18931e-01  8.12142e-01  7.44647e-01  7.26697e-01  6.84609e-01
 -6.62891e-01  6.45258e-01  6.06304e-01  5.71524e-01  5.70565e-01
  5.55496e-01 -5.48649e-01 -5.38069e-01  5.21716e-01  4.84539e-01
  4.75303e-01  4.75270e-01  4.58328e-01  4.56416e-01  4.54104e-01
  4.53368e-01  4.48674e-01  4.45804e-01  4.27109e-01  4.21273e-01
  4.18955e-01  4.01336e-01 -3.98121e-01  3.96479e-01  3.94337e-01
  3.93606e-01  3.93268e-01  3.93035e-01  3.92657e-01  3.92540e-01
  3.91142e-01  3.90990e-01  3.90833e-01  3.90797e-01  3.89826e-01
  3.89825e-01  3.89764e-01  3.87530e-01  3.87430e-01  3.86696e-01
  3.86668e-01  3.86606e-01  3.86207e-01  3.86206e-01  3.85797e-01
  3.85344e-01  3.85288e-01  3.84522e-01  3.84330e-01  3.81761e-01
  3.81513e-01  3.81421e-01  3.81394e-01  3.79825e-01  3.79090e-01
  3.78875e-01  3.78773e-01  3.78504e-01  3.77742e-01  3.77731e-01
  3.77614e-01  3.71228e-01  3.69583e-01  3.69350e-01  3.60492e-01
  3.59112e-01  3.55837e-01  3.51663e-01  3.50770e-01  3.47366e-01
  3.46756e-01  3.46110e-01  3.46103e-01  3.45886e-01  3.43676e-01
  3.42967e-01  3.42546e-01  3.41559e-01  3.41250e-01  3.41245e-01
  3.40915e-01  3.40623e-01  3.40121e-01  3.39422e-01  3.37480e-01
 -3.37426e-01  3.35451e-01  3.30577e-01  3.30027e-01  3.28783e-01
  3.28345e-01  3.27704e-01  3.27353e-01  3.27093e-01  3.25787e-01
  3.23352e-01  3.23344e-01  3.21917e-01  3.21325e-01  3.18828e-01
  3.17158e-01  3.16395e-01  3.15757e-01  3.15362e-01  3.15190e-01
  3.15158e-01  3.13943e-01  3.13835e-01  3.13473e-01  3.12772e-01
  3.11902e-01  3.08654e-01  3.08602e-01  3.08297e-01  3.08042e-01
  3.06771e-01  3.05734e-01  3.05691e-01  3.03237e-01  2.99578e-01
  2.97714e-01  2.95274e-01  2.94918e-01  2.94541e-01 -2.84685e-01
  2.83488e-01  2.76962e-01  2.74747e-01  2.68339e-01  2.67020e-01
  2.61126e-01  2.60253e-01 -2.52933e-01  2.51859e-01  2.50917e-01
  2.46744e-01  2.45873e-01  2.34804e-01  2.30761e-01  2.22984e-01
  2.11219e-01  2.11050e-01  2.09317e-01  1.98115e-01  1.91877e-01
  1.85953e-01  1.81459e-01  1.79322e-01 -1.74137e-01 -1.71971e-01
  1.68309e-01 -1.48987e-01  1.47720e-01  1.39680e-01 -1.31609e-01
  1.27753e-01  1.27749e-01  1.24596e-01 -1.22389e-01 -1.09944e-01
  1.01914e-01  9.97867e-02  9.23588e-02  9.22301e-02  8.67493e-02
 -7.92868e-02  7.39064e-02  7.11084e-02  6.96496e-02  6.29146e-02
  6.24948e-02  6.00517e-02 -5.77977e-02 -5.45740e-02 -4.99636e-02
 -4.96255e-02  4.68197e-02  4.40566e-02  4.22825e-02 -3.98832e-02
  3.94074e-02  3.92258e-02  3.90737e-02 -3.82842e-02 -3.77066e-02
 -3.47508e-02  3.44313e-02  3.34225e-02  3.31157e-02  3.26519e-02
  2.88814e-02  2.77390e-02 -2.70951e-02  2.68368e-02  2.52561e-02
  2.33235e-02  2.29212e-02 -2.24343e-02 -2.06313e-02 -2.06041e-02
  1.92450e-02 -1.88450e-02  1.81555e-02  1.81337e-02 -1.73045e-02
  1.65302e-02  1.57666e-02  1.53159e-02  1.50839e-02  1.42659e-02
  1.41596e-02 -1.27000e-02 -1.25508e-02  1.25014e-02 -1.23026e-02
 -1.22951e-02 -1.22566e-02  1.21606e-02 -1.19381e-02 -1.12736e-02
  1.10606e-02  9.93024e-03  9.36349e-03 -9.25334e-03  9.09694e-03
 -8.88192e-03 -8.85947e-03  8.84988e-03  8.84060e-03  8.46772e-03
 -8.38950e-03 -8.12712e-03 -7.92637e-03 -7.77492e-03 -7.76496e-03
  7.74997e-03  7.70032e-03 -7.56798e-03  7.54911e-03 -7.36298e-03
 -7.34506e-03  7.18321e-03  7.01703e-03 -6.69192e-03 -6.68333e-03
  6.65679e-03 -6.47657e-03 -6.47224e-03 -6.41740e-03  6.17781e-03
 -5.73321e-03  5.73268e-03  5.65489e-03  5.52126e-03  5.51390e-03
  5.42590e-03  5.36817e-03 -5.17728e-03  4.98132e-03 -4.91010e-03
 -4.65218e-03 -4.56397e-03 -4.32989e-03  4.25253e-03  4.21760e-03
  4.01734e-03 -3.93620e-03  3.76902e-03 -3.71477e-03  3.71464e-03
  3.70264e-03  3.60341e-03  3.52932e-03 -3.40512e-03  3.28065e-03
 -3.15600e-03 -3.06154e-03 -2.55384e-03  2.51911e-03 -2.47338e-03
 -2.24898e-03 -2.02873e-03  1.99795e-03 -1.76129e-03 -1.74349e-03
 -1.63048e-03  1.51621e-03 -1.50847e-03 -1.46845e-03  1.46391e-03
  1.46204e-03 -1.45122e-03 -1.37518e-03  1.35227e-03 -1.34057e-03
 -1.29122e-03  1.29119e-03 -1.25313e-03 -1.20188e-03  1.18541e-03
 -1.12548e-03  1.11963e-03 -1.09588e-03  1.01785e-03  9.90468e-04
  9.49648e-04  8.84645e-04 -8.62902e-04 -8.20774e-04 -7.88892e-04
  7.63716e-04 -7.27777e-04  6.75009e-04 -6.35477e-04  6.24985e-04
 -5.96650e-04 -5.95047e-04  5.15747e-04  4.70347e-04 -4.42776e-04
 -4.41673e-04  4.06703e-04  1.56010e-04 -9.07657e-05  0.00000e+00]

Rayleigh-Ritz ( 350  vec.,  with Left ) lifetime in ps:
 [ 1.77766e+03  1.73489e+03  1.23287e+03  8.40759e+00  7.84532e+00
  7.81720e+00  7.79034e+00 -3.04627e+00  2.84658e+00 -2.81087e+00
 -1.64628e+00 -1.45174e+00 -1.25546e+00 -1.19758e+00 -9.99934e-01
  9.86109e-01  8.58088e-01  8.41896e-01  8.40411e-01  7.70134e-01
 -6.90978e-01 -6.58058e-01  6.48458e-01 -6.25927e-01  6.18825e-01
  6.09318e-01  5.89666e-01  5.65509e-01  5.54219e-01  4.79252e-01
  4.75276e-01  4.75267e-01  4.63292e-01  4.34733e-01  4.16079e-01
  4.14008e-01  4.04056e-01  3.95112e-01  3.94683e-01  3.94316e-01
  3.93289e-01  3.92529e-01  3.92057e-01  3.92001e-01  3.91190e-01
  3.90921e-01  3.90821e-01  3.89941e-01  3.89679e-01  3.87886e-01
  3.87794e-01  3.87098e-01  3.86993e-01  3.86181e-01  3.85658e-01
  3.85212e-01  3.84903e-01  3.83635e-01  3.83574e-01  3.83219e-01
  3.81839e-01  3.81804e-01  3.81734e-01  3.81555e-01  3.80185e-01
  3.80175e-01  3.80015e-01  3.79747e-01  3.79214e-01  3.79076e-01
  3.77459e-01  3.77209e-01  3.76911e-01  3.72102e-01  3.71644e-01
  3.64249e-01  3.59863e-01  3.58854e-01  3.57770e-01  3.54327e-01
  3.48688e-01  3.46430e-01  3.45098e-01  3.44438e-01  3.44299e-01
  3.42554e-01  3.42274e-01  3.41426e-01  3.41406e-01  3.40370e-01
  3.39593e-01  3.36373e-01  3.35918e-01  3.35503e-01  3.34884e-01
  3.32564e-01  3.29039e-01  3.28038e-01  3.26942e-01  3.24699e-01
  3.20006e-01  3.18050e-01  3.17412e-01  3.14636e-01  3.14624e-01
  3.13935e-01  3.13919e-01  3.13534e-01  3.12940e-01  3.10490e-01
  3.09812e-01  3.09544e-01  3.08645e-01  3.08257e-01  3.05304e-01
  3.05238e-01  3.03818e-01  2.94968e-01  2.94486e-01  2.91228e-01
  2.84174e-01  2.80655e-01  2.77613e-01  2.76996e-01  2.75127e-01
  2.74466e-01  2.73615e-01  2.72360e-01  2.71312e-01 -2.67896e-01
  2.61592e-01  2.60173e-01  2.55432e-01 -2.53461e-01  2.53038e-01
  2.52614e-01  2.49249e-01  2.43828e-01  2.42783e-01  2.41540e-01
 -2.36505e-01  2.23703e-01  2.21504e-01  2.19028e-01  2.14845e-01
  2.13925e-01  2.08780e-01 -1.98311e-01  1.80963e-01  1.74484e-01
  1.72269e-01  1.72151e-01  1.70853e-01 -1.62886e-01  1.60500e-01
  1.55876e-01  1.50843e-01  1.45370e-01  1.40400e-01  1.35561e-01
  1.35520e-01  1.24189e-01  1.22366e-01  1.18524e-01 -1.11757e-01
  1.10971e-01  1.00807e-01  9.42026e-02  9.24032e-02  8.77291e-02
  8.59333e-02 -8.58645e-02  8.52427e-02  8.37234e-02  8.32920e-02
  8.31594e-02  8.23859e-02 -7.31502e-02  7.21645e-02 -7.20466e-02
 -7.10935e-02 -6.95250e-02  6.60341e-02  6.55013e-02 -6.40509e-02
 -5.99796e-02  4.87659e-02 -4.84290e-02  4.73956e-02  4.27077e-02
 -4.04252e-02 -3.75878e-02  3.68764e-02 -3.48598e-02  3.38276e-02
  3.12035e-02 -3.05828e-02  3.04902e-02 -3.03435e-02  2.99117e-02
  2.59624e-02 -2.49919e-02 -2.48639e-02 -2.41624e-02 -2.37357e-02
  2.35178e-02  2.34365e-02 -2.31917e-02  2.25696e-02  2.17999e-02
  2.16844e-02 -2.15828e-02 -2.15580e-02  2.06118e-02 -2.03601e-02
 -2.02312e-02 -1.95998e-02  1.85924e-02 -1.83291e-02 -1.75007e-02
  1.74029e-02 -1.73248e-02  1.72097e-02  1.69713e-02  1.68635e-02
 -1.66766e-02  1.62870e-02 -1.61943e-02  1.57742e-02  1.50071e-02
 -1.49709e-02  1.48183e-02  1.46453e-02  1.42195e-02 -1.17693e-02
  1.13958e-02  1.11199e-02 -1.05710e-02  1.04812e-02 -1.00392e-02
 -9.83926e-03 -9.80201e-03 -9.77471e-03  9.75728e-03 -9.74022e-03
  9.62544e-03 -9.51907e-03  9.50574e-03  9.37123e-03 -9.33332e-03
 -9.33193e-03  9.32111e-03  9.07493e-03  9.02766e-03  8.83564e-03
 -8.79448e-03  8.57842e-03 -8.12859e-03  7.81999e-03  7.66495e-03
 -7.52746e-03  7.52425e-03 -7.44620e-03  7.01541e-03  6.96097e-03
 -6.90877e-03  6.79146e-03  6.73560e-03 -6.73138e-03  6.64937e-03
  6.52544e-03  6.49055e-03  6.25877e-03 -6.21556e-03 -5.98101e-03
  5.84156e-03 -5.65917e-03 -5.62770e-03 -5.61845e-03 -5.26086e-03
  5.24414e-03  5.20574e-03  5.15185e-03  4.93190e-03  4.86665e-03
 -4.79681e-03 -4.76538e-03 -4.69266e-03 -4.62959e-03 -4.35982e-03
  4.34767e-03 -4.13568e-03 -3.95297e-03 -3.87560e-03  3.87326e-03
  3.84767e-03 -3.84501e-03 -3.83585e-03  3.76142e-03  3.65496e-03
 -3.56755e-03 -3.51224e-03 -3.40275e-03  3.36769e-03 -2.38383e-03
  2.07655e-03 -1.93975e-03  1.87741e-03  1.70755e-03  1.46782e-03
  1.38906e-03 -1.35272e-03 -1.03295e-03 -8.74164e-04  8.63842e-04
  8.18126e-04  8.10342e-04  7.58631e-04  7.27751e-04  6.18709e-04
  5.24399e-04  0.00000e+00  0.00000e+00  0.00000e+00  0.00000e+00
  0.00000e+00  0.00000e+00  0.00000e+00  0.00000e+00  0.00000e+00
  0.00000e+00  0.00000e+00  0.00000e+00  0.00000e+00  0.00000e+00
  0.00000e+00  0.00000e+00  0.00000e+00  0.00000e+00  0.00000e+00
  0.00000e+00  0.00000e+00  0.00000e+00  0.00000e+00  0.00000e+00
  0.00000e+00  0.00000e+00  0.00000e+00  0.00000e+00  0.00000e+00]

Warning!!! oU is singular
Rayleigh-Ritz ( 351  vec.,  with Left ) lifetime in ps:
 [-1.46021e+13  2.82411e+07  7.25365e+06 -6.93017e+06 -3.72827e+06
 -2.74363e+06 -2.47478e+06  1.98303e+06  1.73173e+06  1.71470e+06
 -1.68393e+06 -1.15335e+06  9.24192e+05  8.40815e+05  6.70467e+05
  6.40467e+05 -6.23943e+05  5.13680e+05 -5.08529e+05  4.74194e+05
 -3.79173e+05 -3.77091e+05 -3.47785e+05  3.46366e+05 -3.41028e+05
 -3.38191e+05  3.25916e+05 -3.06433e+05 -2.94376e+05  2.81665e+05
  2.80912e+05  2.70554e+05  2.64691e+05 -2.56808e+05 -2.55040e+05
 -2.51473e+05 -2.38568e+05  2.35740e+05  2.32271e+05 -2.32149e+05
  2.12903e+05  1.93975e+05 -1.91799e+05 -1.85862e+05 -1.81049e+05
  1.80726e+05 -1.80527e+05  1.79458e+05 -1.73699e+05  1.61351e+05
  1.58756e+05 -1.55856e+05  1.49873e+05 -1.49517e+05  1.38708e+05
  1.35342e+05 -1.33882e+05 -1.31545e+05  1.26636e+05 -1.15023e+05
 -1.12640e+05  1.07757e+05  9.67389e+04  9.26797e+04 -9.05506e+04
  8.17740e+04 -8.10067e+04 -8.07296e+04 -8.03054e+04 -8.00297e+04
  7.94917e+04 -7.28970e+04  7.16567e+04 -7.07650e+04 -6.42885e+04
  6.36247e+04  6.27370e+04  6.03909e+04 -6.00537e+04  5.59322e+04
 -5.46253e+04 -5.26720e+04  5.18294e+04 -4.64534e+04  4.40370e+04
 -4.39398e+04  3.87505e+04  3.82912e+04  3.65794e+04 -3.47485e+04
  3.18315e+04  3.05513e+04 -2.97036e+04 -2.78273e+04  2.55545e+04
 -2.11095e+04 -1.99531e+04  1.42893e+04 -1.06792e+04  8.15291e+03
  5.73453e+03  5.67886e+03 -5.41071e+03 -5.10600e+03  3.54098e+03
  1.73631e+03  1.72487e+03  1.13934e+03 -1.08213e+03 -8.55838e+02
  7.99378e+02  5.64824e+02 -1.54049e+02  1.10305e+02 -8.99705e+01
  8.49488e+01  7.58785e+01  6.82973e+01 -5.99361e+01 -5.46585e+01
 -3.76528e+01  3.70345e+01  3.30444e+01  2.86419e+01 -2.79703e+01
  2.53407e+01 -2.52640e+01  2.47849e+01  1.85919e+01  1.59878e+01
  1.58802e+01 -1.11267e+01  9.31558e+00 -8.80705e+00  8.45296e+00
  8.44294e+00  8.12222e+00  8.08755e+00  7.89221e+00  7.80870e+00
 -7.05184e+00 -6.56945e+00 -6.38770e+00 -6.18171e+00 -4.28479e+00
  2.57340e+00  1.69573e+00 -1.55447e+00  1.27221e+00  1.21092e+00
  8.53672e-01  8.49595e-01  8.47066e-01 -7.88523e-01  7.74557e-01
  7.48461e-01 -6.97966e-01 -6.61404e-01  6.40794e-01  6.22632e-01
  6.01364e-01  5.99978e-01 -5.96358e-01 -5.52899e-01  5.40105e-01
  5.38615e-01  5.25228e-01 -4.82120e-01 -4.78828e-01  4.54362e-01
  4.33444e-01 -4.31534e-01  4.28774e-01  4.25888e-01 -4.24438e-01
  4.24078e-01  4.21423e-01  4.16841e-01 -4.16772e-01 -4.03151e-01
  4.02503e-01  4.01646e-01  3.99032e-01  3.98754e-01  3.93613e-01
  3.80860e-01  3.79887e-01  3.78582e-01 -3.76668e-01 -3.75205e-01
  3.63242e-01  3.61306e-01  3.55263e-01  3.54223e-01  3.46985e-01
  3.43110e-01  3.43072e-01  3.41205e-01  3.39063e-01  3.38946e-01
  3.38033e-01  3.30022e-01  3.22262e-01  3.16336e-01  3.15877e-01
  3.12856e-01  3.11525e-01 -3.08675e-01  3.08058e-01  3.07905e-01
  3.03605e-01  2.93528e-01  2.92810e-01  2.84843e-01  2.83412e-01
  2.80659e-01  2.77552e-01  2.76392e-01 -2.74621e-01  2.71089e-01
  2.71054e-01  2.69279e-01  2.64010e-01  2.63716e-01  2.61580e-01
  2.55776e-01  2.52662e-01  2.51787e-01 -2.51509e-01  2.49362e-01
  2.48271e-01  2.47837e-01  2.45076e-01  2.42916e-01  2.25942e-01
  2.24410e-01  2.23318e-01  2.22985e-01  2.15377e-01  2.13972e-01
  2.03718e-01  2.00998e-01 -2.00876e-01  1.96914e-01 -1.91859e-01
  1.90681e-01  1.85336e-01 -1.84948e-01  1.82546e-01  1.80910e-01
  1.80787e-01  1.78967e-01  1.70893e-01  1.64622e-01  1.63700e-01
  1.61958e-01 -1.61575e-01 -1.54991e-01 -1.52155e-01  1.47115e-01
 -1.45607e-01  1.42348e-01 -1.41654e-01  1.39066e-01 -1.36869e-01
  1.36014e-01  1.32217e-01 -1.25901e-01  1.24050e-01  1.23070e-01
  1.22063e-01 -1.20669e-01  1.19590e-01 -1.16387e-01  1.05617e-01
  1.04984e-01  1.02864e-01  9.58097e-02  9.55788e-02  8.87810e-02
  8.66319e-02  8.53779e-02  8.30640e-02  8.21680e-02  7.59546e-02
 -7.29418e-02  7.14443e-02  7.05109e-02 -7.04437e-02  6.82078e-02
  6.59613e-02  6.57701e-02  6.50342e-02  6.03751e-02  5.93118e-02
 -5.67008e-02 -4.96489e-02  4.83458e-02  4.71476e-02 -4.55799e-02
  4.53721e-02 -4.42419e-02  4.00691e-02  3.96956e-02  3.82223e-02
 -3.81526e-02  3.66102e-02 -3.31759e-02  3.20326e-02 -2.87295e-02
 -2.53148e-02 -2.46855e-02  2.44161e-02 -2.07941e-02  1.77969e-02
  1.31478e-02  1.29684e-02  1.28589e-02 -1.15004e-02 -1.10822e-02
  8.57003e-03  7.46358e-03  6.82579e-03 -5.94406e-03  5.61835e-03
  5.46062e-03 -5.23902e-03  4.91038e-03 -4.40784e-03 -4.03079e-03
 -3.15293e-03  2.71140e-03  2.64511e-03 -1.89183e-03 -1.86666e-03
  1.39665e-03 -1.32190e-03  1.25396e-03 -1.17039e-03  9.66202e-04
 -8.42598e-04  7.95225e-04 -5.91894e-04  5.34898e-04 -3.82129e-04
  3.67278e-04  3.39435e-04  2.60987e-04 -2.60150e-04 -2.43384e-04
 -1.68465e-04]


time for Rayleigh-Ritz lifetime:  77.44493470387533

##################################################
solving spin diffusion length
##################################################

--------------------------------------------------
solving -L^(-1) Lv x = x lambda^(-1)
--------------------------------------------------

--------------------------------------------------
carrier transport from linearized DMME
--------------------------------------------------
conductivity in S =  0.011368973162345622
mobility (n=|ne-nh|) in cm^2/V/s =  48965.84379764771
mobility (n=ne+nh) in cm^2/V/s =  48845.76525821077
effective lifetime in ps:  0.855007366062701
spin diffusion length using pinv of L in micro-meter:
 [-30.23026  30.23026 -30.13031  30.1303  -21.83326  21.83326  -1.68511
   1.68511   1.68394  -1.68394  -1.68369   1.68369  -1.68284   1.68284
  -0.85183   0.85183  -0.8512    0.8512   -0.85012   0.85012]
precession freq. in au:
 [-1.98947e-06  1.98951e-06  1.99609e-06 -1.99612e-06  6.35674e-12
 -6.35678e-12  2.26458e-10 -2.26041e-10  2.01188e-06 -2.01187e-06
  2.01268e-06 -2.01269e-06  2.77111e-10 -2.76946e-10 -3.69098e-11
  3.71418e-11  7.77133e-11 -7.76981e-11 -2.01304e-06  2.01304e-06]
short diffusion length using pinv of L in micro-meter:
 [ 1.46936e-06 -1.22583e-06  1.17739e-06  1.17374e-06 -1.15956e-06
 -1.13750e-06 -1.13567e-06  1.03506e-06  1.01543e-06 -9.85676e-07
 -9.55548e-07  7.83546e-07  6.80934e-07 -5.95994e-07 -5.72526e-07
  3.04651e-07  2.95089e-07 -2.87359e-07 -2.41935e-07 -2.10487e-08]

time for solving diffusion lengths via lin. alg.:  6.069310357794166

Analyse decay mode:

The 4 observables and perturbations are:
n, sx, sy, sz
ob. proj. to VR = 
 [[ 0.00000e+00+0.00000e+00j -4.93165e-02+1.35610e+00j
  -2.12520e-04-4.88520e-04j -1.23596e+00+5.39674e-02j
   0.00000e+00+0.00000e+00j  0.00000e+00+0.00000e+00j
   2.20191e-03-5.04376e-02j  0.00000e+00+0.00000e+00j]
 [ 0.00000e+00+0.00000e+00j -5.00301e-02+1.35608e+00j
  -5.33302e-04-2.02771e-04j  1.23603e+00-5.33496e-02j
   0.00000e+00+0.00000e+00j -1.00065e-04+1.40983e-05j
   2.21171e-03-5.04362e-02j  0.00000e+00+0.00000e+00j]
 [ 0.00000e+00+0.00000e+00j -4.91685e-02-1.35575e+00j
  -2.32277e-04+4.90952e-04j -1.23629e+00-5.41039e-02j
   0.00000e+00+0.00000e+00j  0.00000e+00+0.00000e+00j
   2.19867e-03+5.04240e-02j  0.00000e+00+0.00000e+00j]
 [ 0.00000e+00+0.00000e+00j -4.98818e-02-1.35571e+00j
  -5.52184e-04+2.07047e-04j  1.23635e+00+5.34853e-02j
   0.00000e+00+0.00000e+00j -1.01318e-04-1.37767e-05j
   2.20845e-03+5.04222e-02j  0.00000e+00+0.00000e+00j]
 [ 0.00000e+00+0.00000e+00j  6.49725e-04+1.01481e-05j
   1.55316e+00-1.34809e-06j  4.20708e-04-1.90206e-06j
   0.00000e+00+0.00000e+00j  5.81806e-02-7.67450e-08j
   0.00000e+00+0.00000e+00j  5.84827e-04+6.34561e-07j]
 [ 0.00000e+00+0.00000e+00j -1.30888e-03-1.18040e-05j
  -1.55318e+00+4.54168e-07j  7.78289e-04+4.43569e-07j
   0.00000e+00+0.00000e+00j -5.81826e-02+4.06115e-08j
   1.42309e-04+5.03266e-07j  5.63455e-04+6.36718e-07j]
 [ 0.00000e+00+0.00000e+00j  6.29399e-04+8.04252e-07j
   1.20559e-04+1.05670e-07j -5.62164e-04-1.96976e-07j
  -5.90987e-01+3.79923e-05j  0.00000e+00+0.00000e+00j
  -1.45516e-02-1.95250e-05j  0.00000e+00+0.00000e+00j]
 [ 0.00000e+00+0.00000e+00j  6.29707e-04+7.84240e-07j
  -1.21194e-04-1.82257e-07j  5.64557e-04+2.11517e-07j
   5.90957e-01-3.79968e-05j  0.00000e+00+0.00000e+00j
  -1.45510e-02-1.93280e-05j  0.00000e+00+0.00000e+00j]
 [ 0.00000e+00+0.00000e+00j  1.90844e-03+1.24698e-03j
   1.16693e-03+9.47999e-03j  1.52438e-03-2.03532e-03j
   0.00000e+00+0.00000e+00j -1.66401e-03+2.09569e-01j
   8.11571e-04-6.49301e-04j  2.09046e-01-3.25861e-03j]
 [ 0.00000e+00+0.00000e+00j  1.90740e-03+1.23429e-03j
  -1.14074e-03-9.48429e-03j -1.52241e-03+2.03652e-03j
   0.00000e+00+0.00000e+00j  1.54077e-03-2.09576e-01j
   8.21385e-04-4.09024e-04j  2.09058e-01-3.38360e-03j]]
rhopert. proj. to VL = 
 [[ 0.00000e+00+0.00000e+00j -6.36266e-03+4.26550e-02j
   0.00000e+00+0.00000e+00j  4.67662e-02-6.48894e-03j
   0.00000e+00+0.00000e+00j  2.83334e-04-1.86026e-05j
  -3.31883e-03+1.92808e-03j  3.70898e-04-2.59165e-04j]
 [ 0.00000e+00+0.00000e+00j -6.34149e-03+4.26595e-02j
   0.00000e+00+0.00000e+00j -4.67599e-02+6.51342e-03j
   0.00000e+00+0.00000e+00j -2.81073e-04+2.17979e-05j
  -3.32374e-03+1.93691e-03j  3.71808e-04-2.57704e-04j]
 [ 0.00000e+00+0.00000e+00j -6.37335e-03-4.25325e-02j
   0.00000e+00+0.00000e+00j  4.65946e-02+6.48953e-03j
   0.00000e+00+0.00000e+00j  2.85796e-04+2.14149e-05j
  -3.31918e-03-1.94740e-03j  3.68138e-04+2.63668e-04j]
 [ 0.00000e+00+0.00000e+00j -6.35226e-03-4.25373e-02j
   0.00000e+00+0.00000e+00j -4.65885e-02-6.51397e-03j
   0.00000e+00+0.00000e+00j -2.83510e-04-2.25999e-05j
  -3.32407e-03-1.95623e-03j  3.70993e-04+2.62068e-04j]
 [-1.74422e-04+1.16499e-08j  0.00000e+00+0.00000e+00j
  -7.39680e-02+5.42691e-08j  0.00000e+00+0.00000e+00j
   0.00000e+00+0.00000e+00j  3.20130e-03+1.01514e-07j
  -4.32626e-04-2.89806e-07j -3.83525e-03-4.90362e-06j]
 [-1.74398e-04+1.13750e-08j  0.00000e+00+0.00000e+00j
   7.39664e-02-8.69284e-08j  0.00000e+00+0.00000e+00j
   0.00000e+00+0.00000e+00j -3.20713e-03-8.09440e-08j
  -4.27997e-04-2.06703e-07j -3.84510e-03-4.89206e-06j]
 [ 1.97047e-03+4.66901e-07j  6.68185e-04+1.25628e-06j
   0.00000e+00+0.00000e+00j  0.00000e+00+0.00000e+00j
   3.53898e-01+2.27442e-05j  0.00000e+00+0.00000e+00j
   1.74656e-02+3.34094e-05j  0.00000e+00+0.00000e+00j]
 [ 1.96893e-03-2.91176e-07j  6.68572e-04+1.23213e-06j
   0.00000e+00+0.00000e+00j  0.00000e+00+0.00000e+00j
  -3.53916e-01-2.27734e-05j  0.00000e+00+0.00000e+00j
   1.74790e-02+3.30558e-05j  0.00000e+00+0.00000e+00j]
 [ 3.84769e-04+3.56358e-06j  6.18029e-04+2.12279e-05j
  -8.13604e-04-9.65929e-03j -2.11707e-04+6.82285e-04j
   0.00000e+00+0.00000e+00j -3.98294e-03+2.50615e-01j
  -1.07756e-03+4.89864e-04j -2.50769e-01+1.99249e-03j]
 [ 3.84740e-04+4.25553e-06j  6.18696e-04+3.26615e-05j
   8.12148e-04+9.66065e-03j  2.12197e-04-6.81164e-04j
   0.00000e+00+0.00000e+00j  4.13074e-03-2.50605e-01j
  -1.06585e-03+7.79058e-04j -2.50753e-01+1.84245e-03j]]
ob. of pert:
 [[-4.58794e-01  0.00000e+00  0.00000e+00  0.00000e+00  0.00000e+00
   0.00000e+00  0.00000e+00 -5.24318e-06]
 [ 0.00000e+00 -2.29397e-01  0.00000e+00  0.00000e+00  0.00000e+00
   0.00000e+00  0.00000e+00  0.00000e+00]
 [ 0.00000e+00  0.00000e+00 -2.29397e-01  0.00000e+00  0.00000e+00
   0.00000e+00  0.00000e+00  0.00000e+00]
 [ 0.00000e+00  0.00000e+00  0.00000e+00 -2.29397e-01 -1.04864e-05
   0.00000e+00  0.00000e+00  0.00000e+00]
 [ 0.00000e+00  0.00000e+00  0.00000e+00 -5.24318e-06 -4.58794e-01
   0.00000e+00  0.00000e+00  0.00000e+00]
 [ 0.00000e+00  0.00000e+00  0.00000e+00  0.00000e+00  0.00000e+00
  -2.29397e-01  0.00000e+00  0.00000e+00]
 [ 0.00000e+00  0.00000e+00  0.00000e+00  0.00000e+00  0.00000e+00
   0.00000e+00 -2.29397e-01  0.00000e+00]
 [ 0.00000e+00  0.00000e+00  0.00000e+00  0.00000e+00  0.00000e+00
   0.00000e+00  0.00000e+00 -2.29397e-01]]

mode  0  with rate  -571269.405437125
pert. and ob.:
 [[ 0.00000e+00 -1.90743e-06  0.00000e+00  1.24855e-06  0.00000e+00
   0.00000e+00  7.05486e-08  0.00000e+00]
 [ 0.00000e+00 -5.75307e-02  2.21900e-05  5.56205e-03 -2.36204e-07
   1.26396e-06  2.13740e-03  1.52988e-06]
 [ 0.00000e+00  2.58929e-05  0.00000e+00  3.51444e-05  0.00000e+00
   0.00000e+00 -9.73200e-07  0.00000e+00]
 [ 0.00000e+00  6.49332e-03 -1.31088e-05 -5.74512e-02 -1.95720e-06
   3.12408e-06 -2.24312e-04 -2.82224e-06]
 [ 0.00000e+00 -1.76312e-05  2.12341e-08  7.90479e-05  0.00000e+00
   0.00000e+00  6.31998e-07  0.00000e+00]
 [ 0.00000e+00  1.12539e-05 -6.93021e-08 -3.49187e-04 -1.21069e-08
   1.97648e-08 -3.14392e-07 -1.65304e-08]
 [ 0.00000e+00 -2.45100e-03  1.64722e-06  3.99790e-03  1.21241e-07
  -1.62365e-07  8.99398e-05  2.40543e-07]
 [ 0.00000e+00  3.33162e-04 -2.05431e-07 -4.44430e-04 -1.30238e-08
   1.63786e-08 -1.22550e-05 -2.80806e-08]]

mode  1  with rate  571269.3784998015
pert. and ob.:
 [[ 0.00000e+00  2.93175e-07  0.00000e+00 -1.14826e-06  0.00000e+00
   0.00000e+00 -1.12272e-08  0.00000e+00]
 [ 0.00000e+00 -5.75323e-02  1.20320e-05 -5.56238e-03  2.36567e-07
   3.31390e-08  2.13756e-03  1.52201e-06]
 [ 0.00000e+00  4.76119e-05  0.00000e+00 -2.56520e-05  0.00000e+00
   0.00000e+00 -1.77758e-06  0.00000e+00]
 [ 0.00000e+00 -6.49329e-03  2.62579e-05 -5.74491e-02 -1.95763e-06
   4.58722e-06  2.25093e-04  2.79615e-06]
 [ 0.00000e+00  1.77353e-05 -3.75893e-08  7.90289e-05  0.00000e+00
   0.00000e+00 -6.36950e-07  0.00000e+00]
 [ 0.00000e+00 -1.54975e-05  1.54317e-07 -3.46251e-04 -1.19758e-08
   2.78184e-08  4.77752e-07  1.63329e-08]
 [ 0.00000e+00 -2.46031e-03  2.16531e-06 -4.00490e-03 -1.21437e-07
   3.05284e-07  9.03392e-05  2.39073e-07]
 [ 0.00000e+00  3.30864e-04 -2.50541e-07  4.45817e-04  1.30913e-08
  -3.35720e-08 -1.21753e-05 -2.78662e-08]]

mode  2  with rate  -569380.4844698778
pert. and ob.:
 [[ 0.00000e+00 -1.91945e-06  0.00000e+00  1.23864e-06  0.00000e+00
   0.00000e+00  7.09956e-08  0.00000e+00]
 [ 0.00000e+00 -5.73499e-02  2.23618e-05  5.57814e-03 -2.39736e-07
   1.25911e-06  2.13064e-03  1.50967e-06]
 [ 0.00000e+00  2.49067e-05  0.00000e+00  3.58939e-05  0.00000e+00
   0.00000e+00 -9.36807e-07  0.00000e+00]
 [ 0.00000e+00  6.50717e-03 -1.40089e-05 -5.72534e-02 -1.94681e-06
   3.10834e-06 -2.24782e-04 -2.83031e-06]
 [ 0.00000e+00 -1.76205e-05  2.25854e-08  7.92773e-05  0.00000e+00
   0.00000e+00  6.31384e-07  0.00000e+00]
 [ 0.00000e+00  1.49810e-05 -7.68976e-08 -3.52168e-04 -1.21646e-08
   1.98093e-08 -4.51452e-07 -1.68645e-08]
 [ 0.00000e+00 -2.47699e-03  1.72705e-06  3.99812e-03  1.20636e-07
  -1.61360e-07  9.08981e-05  2.41649e-07]
 [ 0.00000e+00  3.39366e-04 -2.14958e-07 -4.40861e-04 -1.28007e-08
   1.59686e-08 -1.24858e-05 -2.80870e-08]]

mode  3  with rate  569380.4118026502
pert. and ob.:
 [[ 0.00000e+00  2.85488e-07  0.00000e+00 -1.15432e-06  0.00000e+00
   0.00000e+00 -1.09451e-08  0.00000e+00]
 [ 0.00000e+00 -5.73515e-02  1.23148e-05 -5.57848e-03  2.40108e-07
   5.75757e-08  2.13080e-03  1.50787e-06]
 [ 0.00000e+00  4.66522e-05  0.00000e+00 -2.62704e-05  0.00000e+00
   0.00000e+00 -1.74210e-06  0.00000e+00]
 [ 0.00000e+00 -6.50716e-03  2.70742e-05 -5.72512e-02 -1.94725e-06
   4.63053e-06  2.25560e-04  2.80848e-06]
 [ 0.00000e+00  1.77243e-05 -3.89685e-08  7.92586e-05  0.00000e+00
   0.00000e+00 -6.36330e-07  0.00000e+00]
 [ 0.00000e+00 -1.64969e-05  1.61229e-07 -3.49309e-04 -1.20567e-08
   2.84134e-08  5.13415e-07  1.66305e-08]
 [ 0.00000e+00 -2.48627e-03  2.24053e-06 -4.00507e-03 -1.20829e-07
   3.09838e-07  9.12962e-05  2.40668e-07]
 [ 0.00000e+00  3.36782e-04 -2.59117e-07  4.44660e-04  1.29546e-08
  -3.39779e-08 -1.23947e-05 -2.80418e-08]]

mode  4  with rate  -412589.04709652124
pert. and ob.:
 [[ 0.00000e+00 -1.13326e-07 -2.70905e-04 -7.33808e-08  0.00000e+00
  -1.01480e-05 -1.21185e-08 -1.02007e-07]
 [ 0.00000e+00 -2.86505e-08 -6.85035e-05 -1.85569e-08  0.00000e+00
  -2.56611e-06  0.00000e+00 -2.57939e-08]
 [ 0.00000e+00 -4.80588e-05 -1.14884e-01 -3.11189e-05 -8.63988e-08
  -4.30350e-03 -5.13914e-06 -4.32585e-05]
 [ 0.00000e+00  3.08286e-08  7.36820e-05  1.99574e-08  0.00000e+00
   2.76009e-06  0.00000e+00  2.77446e-08]
 [ 0.00000e+00  0.00000e+00 -8.56713e-06  0.00000e+00  0.00000e+00
  -3.20921e-07  0.00000e+00  0.00000e+00]
 [ 0.00000e+00  2.07997e-06  4.97213e-03  1.34681e-06  0.00000e+00
   1.86254e-04  2.22420e-07  1.87221e-06]
 [ 0.00000e+00 -2.81085e-07 -6.71937e-04 -1.82010e-07  0.00000e+00
  -2.51704e-05 -3.00580e-08 -2.53011e-07]
 [ 0.00000e+00 -2.49181e-06 -5.95675e-03 -1.61353e-06  0.00000e+00
  -2.23137e-04 -2.66466e-07 -2.24295e-06]]

mode  5  with rate  412589.02174595214
pert. and ob.:
 [[ 0.00000e+00  2.28267e-07  2.70872e-04 -1.35732e-07  0.00000e+00
   1.01470e-05 -2.48185e-08 -9.82657e-08]
 [ 0.00000e+00  0.00000e+00 -6.41962e-07  0.00000e+00  0.00000e+00
  -2.40481e-08  0.00000e+00  0.00000e+00]
 [ 0.00000e+00 -9.68135e-05 -1.14883e-01  5.75672e-05 -7.32094e-08
  -4.30356e-03  1.05261e-05  4.16768e-05]
 [ 0.00000e+00 -3.34114e-08 -3.96381e-05  1.98627e-08  0.00000e+00
  -1.48486e-06  0.00000e+00  1.43802e-08]
 [ 0.00000e+00  0.00000e+00 -6.33163e-06  0.00000e+00  0.00000e+00
  -2.37185e-07  0.00000e+00  0.00000e+00]
 [ 0.00000e+00  4.19776e-06  4.98125e-03 -2.49607e-06  0.00000e+00
   1.86599e-04 -4.56404e-07 -1.80707e-06]
 [ 0.00000e+00  5.60196e-07  6.64757e-04 -3.33105e-07  0.00000e+00
   2.49020e-05 -6.09078e-08 -2.41157e-07]
 [ 0.00000e+00  5.03274e-06  5.97214e-03 -2.99260e-06  0.00000e+00
   2.23718e-04 -5.47191e-07 -2.16654e-06]]

mode  6  with rate  -31843.89891138071
pert. and ob.:
 [[ 0.00000e+00  1.24021e-06  2.37558e-07 -1.10773e-06 -1.16452e-03
  -1.22972e-07 -2.86736e-05  1.20062e-07]
 [ 0.00000e+00  4.20554e-07  8.05554e-08 -3.75629e-07 -3.94889e-04
  -4.16985e-08 -9.72315e-06  4.07127e-08]
 [ 0.00000e+00  0.00000e+00  0.00000e+00  0.00000e+00  6.99745e-06
   0.00000e+00  1.72296e-07  0.00000e+00]
 [ 0.00000e+00  4.42383e-08  0.00000e+00 -3.95126e-08 -4.15385e-05
   0.00000e+00 -1.02278e-06  0.00000e+00]
 [ 0.00000e+00  2.22743e-04  4.26656e-05 -1.98949e-04 -2.09149e-01
  -2.20858e-05 -5.14979e-03  2.15632e-05]
 [ 0.00000e+00 -3.33031e-08  0.00000e+00  2.97461e-08  3.12714e-05
   0.00000e+00  7.69962e-07  0.00000e+00]
 [ 0.00000e+00  1.09928e-05  2.10563e-06 -9.81853e-06 -1.03220e-02
  -1.08995e-06 -2.54152e-04  1.06418e-06]
 [ 0.00000e+00 -5.19724e-08  0.00000e+00  4.64206e-08  4.88008e-05
   0.00000e+00  1.20159e-06  0.00000e+00]]

mode  7  with rate  31843.89876889208
pert. and ob.:
 [[ 0.00000e+00  1.23985e-06 -2.38623e-07  1.11157e-06  1.16355e-03
   9.03717e-08 -2.86498e-05  1.23110e-07]
 [ 0.00000e+00  4.21003e-07 -8.10270e-08  3.77447e-07  3.95098e-04
   3.06880e-08 -9.72835e-06  4.18034e-08]
 [ 0.00000e+00  0.00000e+00  0.00000e+00  0.00000e+00  6.53630e-06
   0.00000e+00 -1.60940e-07  0.00000e+00]
 [ 0.00000e+00 -4.40726e-08  0.00000e+00 -3.95129e-08 -4.13606e-05
   0.00000e+00  1.01841e-06  0.00000e+00]
 [ 0.00000e+00 -2.22863e-04  4.28926e-05 -1.99806e-04 -2.09149e-01
  -1.62444e-05  5.14981e-03 -2.21291e-05]
 [ 0.00000e+00  4.65598e-08  0.00000e+00  4.17423e-08  4.36941e-05
   0.00000e+00 -1.07588e-06  0.00000e+00]
 [ 0.00000e+00  1.10066e-05 -2.11836e-06  9.86792e-06  1.03294e-02
   8.02302e-07 -2.54336e-04  1.09290e-06]
 [ 0.00000e+00 -5.09865e-08  0.00000e+00 -4.57115e-08 -4.78490e-05
   0.00000e+00  1.17817e-06  0.00000e+00]]

mode  8  with rate  31821.822065518118
pert. and ob.:
 [[ 0.00000e+00  7.29865e-07  4.15216e-07  5.93787e-07  0.00000e+00
  -1.38707e-06  3.14581e-07  8.04460e-05]
 [ 0.00000e+00  1.15300e-06  5.19957e-07  9.85316e-07  0.00000e+00
  -5.47710e-06  5.15357e-07  1.29265e-04]
 [ 0.00000e+00  1.04923e-05  9.06206e-05 -2.09000e-05  2.68022e-07
   2.02564e-03 -6.93208e-06 -2.01556e-04]
 [ 0.00000e+00 -1.25483e-06 -6.71511e-06  1.06595e-06 -1.66912e-08
  -1.42633e-04  2.71193e-07 -4.20332e-05]
 [ 0.00000e+00  2.66957e-08  1.62155e-07 -2.93870e-08  0.00000e+00
   3.50070e-06  0.00000e+00  5.84681e-07]
 [ 0.00000e+00 -3.20114e-04 -2.38048e-03  5.04010e-04 -6.74509e-06
  -5.25144e-02  1.59492e-04 -1.59588e-05]
 [ 0.00000e+00 -2.66731e-06 -5.90135e-06 -6.45581e-07  0.00000e+00
  -1.00867e-04 -5.56448e-07 -2.23663e-04]
 [ 0.00000e+00 -4.81062e-04 -3.11519e-04 -3.78212e-04  2.03347e-06
  -2.80636e-07 -2.02223e-04 -5.24157e-02]]

mode  9  with rate  -31821.821752124848
pert. and ob.:
 [[ 0.00000e+00  7.28602e-07 -3.98528e-07 -5.94399e-07  0.00000e+00
   1.48465e-06  3.17760e-07  8.04475e-05]
 [ 0.00000e+00  1.13979e-06 -3.96001e-07 -1.00842e-06  0.00000e+00
   7.79833e-06  5.21547e-07  1.29454e-04]
 [ 0.00000e+00 -1.03749e-05  9.06979e-05 -2.09105e-05  2.63709e-07
   2.02589e-03  4.61852e-06  2.02474e-04]
 [ 0.00000e+00  1.24550e-06 -6.70241e-06  1.06415e-06 -1.54748e-08
  -1.42429e-04 -1.04316e-07  4.20568e-05]
 [ 0.00000e+00 -2.83127e-08  1.60085e-07 -2.68595e-08  0.00000e+00
   3.42370e-06  0.00000e+00 -8.33545e-07]
 [ 0.00000e+00  3.17197e-04 -2.38152e-03  5.04073e-04 -6.54915e-06
  -5.25144e-02 -9.91104e-05  1.56194e-05]
 [ 0.00000e+00 -2.99459e-06  8.60467e-06  3.60993e-08  0.00000e+00
   1.61629e-04 -5.56822e-07 -2.20189e-04]
 [ 0.00000e+00 -4.80560e-04  3.03518e-04  3.77996e-04 -2.85400e-06
  -2.19008e-07 -2.05211e-04 -5.24156e-02]]

do real-space simulations with xmax (in micro-meter)  30.230275064388994
2799  (of  5600 ) modes are considered in real-space simulation
Sxx_jxsxpert (exp): tau =  17.960962681417744  micro-meter
Sxx_jxsxpert (exp cos phi=0): tau =  31.097198409258507  micro-meter  period =  176.3330266242079
Sxx_jxsxpert (exp cos): tau =  30.18265689524229  micro-meter  period =  -166.85535139885363 micro-meter  phi =  0.07995188605169665
2799  (of  5600 ) modes are considered in real-space simulation
jxSx_jxsxpert (exp): tau =  13.989280753168874  micro-meter
jxSx_jxsxpert (exp cos phi=0): tau =  15.901398139396862  micro-meter  period =  254.62692596039375
jxSx_jxsxpert (exp cos): tau =  16.97804586298959  micro-meter  period =  -125.68159801924932 micro-meter  phi =  0.8803175647575296
2799  (of  5600 ) modes are considered in real-space simulation
Sxx_sxpert (exp): tau =  19.430043160043898  micro-meter
Sxx_sxpert (exp cos phi=0): tau =  32.847332674551424  micro-meter  period =  189.5593503699454
Sxx_sxpert (exp cos): tau =  30.94255049098883  micro-meter  period =  167.5182060891632 micro-meter  phi =  -0.18119348047426567
2  (of  5600 ) modes are considered in real-space simulation
Sxx_sxpert_thrrel0.01 (exp): tau =  19.40726465727249  micro-meter
Sxx_sxpert_thrrel0.01 (exp cos phi=0): tau =  32.78841062318032  micro-meter  period =  189.50839767242917
Sxx_sxpert_thrrel0.01 (exp cos): tau =  30.889114042297262  micro-meter  period =  -167.574155174399 micro-meter  phi =  0.18039070014772116
2799  (of  5600 ) modes are considered in real-space simulation
Syx_sypert (exp): tau =  21.86777409420817  micro-meter
Syx_sypert (exp cos phi=0): tau =  21.901098312722986  micro-meter  period =  3051.34259365115
Syx_sypert (exp cos): tau =  21.901057894079557  micro-meter  period =  -3051.779676622846 micro-meter  phi =  3.0050277729409032e-05
2799  (of  5600 ) modes are considered in real-space simulation
Szx_szpert (exp): tau =  14.817451404716278  micro-meter
Szx_szpert (exp cos phi=0): tau =  28.332136526476127  micro-meter  period =  146.42886504917863
Szx_szpert (exp cos): tau =  30.268859617601297  micro-meter  period =  -162.962209915946 micro-meter  phi =  -0.14773624717660663

time for diffusion length:  107.4488167008385

##################################################
solving approximate diffusion lengths
##################################################

--------------------------------------------------
Rayleigh-Ritz method:
--------------------------------------------------

##################################################
diffusion length analysis for grbn based on RR method:
##################################################
time for Rayleigh-Ritz method:  715.7206705682911

##################################################
more diffusion length analysis for gr-bn:
##################################################
time for more diffusion length analysis for grbn:  9.200108604039997

time for approximate diffusion length:  724.9207858620211
total time:  929.452723370865
