
*************** jdftx 1.7  ***************

Start date and time: Sun Dec  1 03:28:33 2024
Executable /data/groups/ping/jxu153/codes/jdftx/jdftx-202306/build-test2/jdftx with command-line: -i scf.in
Running on hosts (process indices):  node001 (0-9)  node002 (10-19)  node003 (20-29)  node004 (30-39)  node005 (40-49)  node006 (50-59)  node007 (60-69)  node008 (70-79)  node009 (80-89)  node010 (90-99)  node011 (100-109)  node012 (110-119)  node013 (120-129)  node014 (130-139)  node015 (140-149)  node016 (150-159)
Divided in process groups (process indices):  0 (0)  1 (1)  2 (2)  3 (3)  4 (4)  5 (5)  6 (6)  7 (7)  8 (8)  9 (9)  10 (10)  11 (11)  12 (12)  13 (13)  14 (14)  15 (15)  16 (16)  17 (17)  18 (18)  19 (19)  20 (20)  21 (21)  22 (22)  23 (23)  24 (24)  25 (25)  26 (26)  27 (27)  28 (28)  29 (29)  30 (30)  31 (31)  32 (32)  33 (33)  34 (34)  35 (35)  36 (36)  37 (37)  38 (38)  39 (39)  40 (40)  41 (41)  42 (42)  43 (43)  44 (44)  45 (45)  46 (46)  47 (47)  48 (48)  49 (49)  50 (50)  51 (51)  52 (52)  53 (53)  54 (54)  55 (55)  56 (56)  57 (57)  58 (58)  59 (59)  60 (60)  61 (61)  62 (62)  63 (63)  64 (64)  65 (65)  66 (66)  67 (67)  68 (68)  69 (69)  70 (70)  71 (71)  72 (72)  73 (73)  74 (74)  75 (75)  76 (76)  77 (77)  78 (78)  79 (79)  80 (80)  81 (81)  82 (82)  83 (83)  84 (84)  85 (85)  86 (86)  87 (87)  88 (88)  89 (89)  90 (90)  91 (91)  92 (92)  93 (93)  94 (94)  95 (95)  96 (96)  97 (97)  98 (98)  99 (99)  100 (100)  101 (101)  102 (102)  103 (103)  104 (104)  105 (105)  106 (106)  107 (107)  108 (108)  109 (109)  110 (110)  111 (111)  112 (112)  113 (113)  114 (114)  115 (115)  116 (116)  117 (117)  118 (118)  119 (119)  120 (120)  121 (121)  122 (122)  123 (123)  124 (124)  125 (125)  126 (126)  127 (127)  128 (128)  129 (129)  130 (130)  131 (131)  132 (132)  133 (133)  134 (134)  135 (135)  136 (136)  137 (137)  138 (138)  139 (139)  140 (140)  141 (141)  142 (142)  143 (143)  144 (144)  145 (145)  146 (146)  147 (147)  148 (148)  149 (149)  150 (150)  151 (151)  152 (152)  153 (153)  154 (154)  155 (155)  156 (156)  157 (157)  158 (158)  159 (159)
Resource initialization completed at t[s]:      0.05
Run totals: 160 processes, 640 threads, 0 GPUs


Input parsed successfully to the following command list (including defaults):

basis kpoint-dependent
converge-empty-states yes
coords-type Lattice
core-overlap-check vector
coulomb-interaction Periodic
davidson-band-ratio 1.1
dump End State EigStats
dump Init Symmetries
dump-name totalE.$VAR
elec-cutoff 17
elec-eigen-algo Davidson
elec-ex-corr mgga-x-scan mgga-c-scan
elec-n-bands 34
electronic-minimize  \
	dirUpdateScheme      FletcherReeves \
	linminMethod         DirUpdateRecommended \
	nIterations          100 \
	history              15 \
	knormThreshold       0 \
	maxThreshold         no \
	energyDiffThreshold  1e-08 \
	nEnergyDiff          2 \
	alphaTstart          1 \
	alphaTmin            1e-10 \
	updateTestStepSize   yes \
	alphaTreduceFactor   0.1 \
	alphaTincreaseFactor 3 \
	nAlphaAdjustMax      3 \
	wolfeEnergy          0.0001 \
	wolfeGradient        0.9 \
	fdTest               no
electronic-scf  \
	nIterations	300 \
	energyDiffThreshold	1e-06 \
	residualThreshold	1e-07 \
	mixFraction	0.5 \
	qMetric	0.8 \
	history	10 \
	nEigSteps	2 \
	eigDiffThreshold	1e-08 \
	mixedVariable	Density \
	qKerker	0.8 \
	qKappa	-1 \
	verbose	no \
	mixFractionMag	1.5
exchange-regularization WignerSeitzTruncated
fluid None
fluid-ex-corr (null) lda-PZ
fluid-gummel-loop 10 1.000000e-05
fluid-minimize  \
	dirUpdateScheme      PolakRibiere \
	linminMethod         DirUpdateRecommended \
	nIterations          100 \
	history              15 \
	knormThreshold       0 \
	maxThreshold         no \
	energyDiffThreshold  0 \
	nEnergyDiff          2 \
	alphaTstart          1 \
	alphaTmin            1e-10 \
	updateTestStepSize   yes \
	alphaTreduceFactor   0.1 \
	alphaTincreaseFactor 3 \
	nAlphaAdjustMax      3 \
	wolfeEnergy          0.0001 \
	wolfeGradient        0.9 \
	fdTest               no
fluid-solvent H2O 55.338 ScalarEOS \
	epsBulk 78.4 \
	pMol 0.92466 \
	epsInf 1.77 \
	Pvap 1.06736e-10 \
	sigmaBulk 4.62e-05 \
	Rvdw 2.61727 \
	Res 1.42 \
	tauNuc 343133 \
	poleEl 15 7 1
forces-output-coords Positions
initial-state totalE.$VAR
ion Ga   0.000000000000000   0.000000000000000   0.000000000000000 0
ion As   0.250000000000000   0.250000000000000   0.250000000000000 0
ion-species Ga_nv3_nocorecorr.upf
ion-species As_nv5_nocorecorr.upf
ion-width 0
ionic-minimize  \
	dirUpdateScheme      L-BFGS \
	linminMethod         DirUpdateRecommended \
	nIterations          0 \
	history              15 \
	knormThreshold       0.0001 \
	maxThreshold         no \
	energyDiffThreshold  1e-06 \
	nEnergyDiff          2 \
	alphaTstart          1 \
	alphaTmin            1e-10 \
	updateTestStepSize   yes \
	alphaTreduceFactor   0.1 \
	alphaTincreaseFactor 3 \
	nAlphaAdjustMax      3 \
	wolfeEnergy          0.0001 \
	wolfeGradient        0.9 \
	fdTest               no
kpoint   0.000000000000   0.000000000000   0.000000000000  1.00000000000000
kpoint-folding 16 16 16 
latt-move-scale 1 1 1
latt-scale 1 1 1 
lattice Face-Centered Cubic 10.6829
lattice-minimize  \
	dirUpdateScheme      L-BFGS \
	linminMethod         DirUpdateRecommended \
	nIterations          0 \
	history              15 \
	knormThreshold       0 \
	maxThreshold         no \
	energyDiffThreshold  1e-06 \
	nEnergyDiff          2 \
	alphaTstart          1 \
	alphaTmin            1e-10 \
	updateTestStepSize   yes \
	alphaTreduceFactor   0.1 \
	alphaTincreaseFactor 3 \
	nAlphaAdjustMax      3 \
	wolfeEnergy          0.0001 \
	wolfeGradient        0.9 \
	fdTest               no
lcao-params -1 1e-06 0.001
pcm-variant GLSSA13
perturb-minimize  \
	nIterations            0 \
	algorithm              MINRES \
	residualTol            0.0001 \
	residualDiffThreshold  0.0001 \
	CGBypass               no \
	recomputeResidual      no
spintype spin-orbit
subspace-rotation-factor 1 yes
symmetries automatic
symmetry-threshold 0.0001



---------- Setting up symmetries ----------

Found 48 point-group symmetries of the bravais lattice
Found 24 space-group symmetries with basis
Applied RMS atom displacement 0 bohrs to make symmetries exact.

---------- Initializing the Grid ----------
R = 
[            0      5.34145      5.34145  ]
[      5.34145            0      5.34145  ]
[      5.34145      5.34145            0  ]
unit cell volume = 304.795
G =
[  -0.588154   0.588154   0.588154  ]
[   0.588154  -0.588154   0.588154  ]
[   0.588154   0.588154  -0.588154  ]
Minimum fftbox size, Smin = [  32  32  32  ]
Chosen fftbox size, S = [  32  32  32  ]

---------- Exchange Correlation functional ----------
Initialized LibXC exchange functional 'SCAN exchange of Sun, Ruzsinszky, and Perdew'
Initialized LibXC correlation functional 'SCAN correlation of Sun, Ruzsinszky, and Perdew'

---------- Setting up pseudopotentials ----------
Width of ionic core gaussian charges (only for fluid interactions / plotting) set to 0

Reading pseudopotential file 'Ga_nv3_nocorecorr.upf':
  'Ga' pseudopotential, 'PBE' functional
  Generated using ONCVPSP code by D. R. Hamann
  Author: anonymous  Date: 200814.
  3 valence electrons, 3 orbitals, 8 projectors, 1926 radial grid points, with lMax = 2
  Transforming local potential to a uniform radial grid of dG=0.02 with 1566 points.
  Transforming nonlocal projectors to a uniform radial grid of dG=0.02 with 399 points.
    4S    l: 0   occupation:  2.0   eigenvalue: -0.328808
    4P    l: 1   occupation:  0.7   eigenvalue: -0.093403
    4P    l: 1   occupation:  0.3   eigenvalue: -0.097652
  Transforming atomic orbitals to a uniform radial grid of dG=0.02 with 399 points.
  Core radius for overlap checks: 2.08 bohrs.

Reading pseudopotential file 'As_nv5_nocorecorr.upf':
  'As' pseudopotential, 'PBE' functional
  Generated using ONCVPSP code by D. R. Hamann
  Author: anonymous  Date: 200814.
  5 valence electrons, 3 orbitals, 8 projectors, 1358 radial grid points, with lMax = 2
  Transforming local potential to a uniform radial grid of dG=0.02 with 1566 points.
  Transforming nonlocal projectors to a uniform radial grid of dG=0.02 with 399 points.
    4S    l: 0   occupation:  2.0   eigenvalue: -0.532523
    4P    l: 1   occupation:  2.0   eigenvalue: -0.187649
    4P    l: 1   occupation:  1.0   eigenvalue: -0.197670
  Transforming atomic orbitals to a uniform radial grid of dG=0.02 with 399 points.
  Core radius for overlap checks: 2.07 bohrs.

Initialized 2 species with 2 total atoms.

Folded 1 k-points by 16x16x16 to 4096 k-points.

---------- Setting up k-points, bands, fillings ----------
Adding inversion symmetry to k-mesh for non-inversion-symmetric unit cell.
Reduced to 145 k-points under symmetry. 
Computing the number of bands and number of electrons
Calculating initial fillings.
nElectrons:   8.000000   nBands: 34   nStates: 145

----- Setting up reduced wavefunction bases (one per k-point) -----
average nbasis = 1020.294 , ideal nbasis = 1020.410

---------- Setting up ewald sum ----------
Optimum gaussian width for ewald sums = 2.425994 bohr.
Real space sum over 1331 unit cells with max indices [  5  5  5  ]
Reciprocal space sum over 2197 terms with max indices [  6  6  6  ]

---------- Allocating electronic variables ----------
Initializing wave functions:  linear combination of atomic orbitals
Note: number of bands (34) exceeds available atomic orbitals (16)
Initializing semi-local functional for LCAO:
Initalized PBE GGA exchange.
Initalized PBE GGA correlation.
Ga pseudo-atom occupations:   s ( 2 )  p- ( 1 )  p+ ( 0 )
As pseudo-atom occupations:   s ( 2 )  p- ( 2 )  p+ ( 1 )
	FillingsUpdate:  mu: +0.201976970  nElectrons: 8.000000
LCAOMinimize: Iter:   0  Etot: -8.5322865686379252  |grad|_K:  2.826e-04  alpha:  1.000e+00
	FillingsUpdate:  mu: +0.195607629  nElectrons: 8.000000
LCAOMinimize: Iter:   1  Etot: -8.5357833668683458  |grad|_K:  6.763e-06  alpha:  5.163e-01  linmin: -1.404e-01  cgtest:  2.170e-01  t[s]:      1.61
LCAOMinimize: Encountered beta<0, resetting CG.
	FillingsUpdate:  mu: +0.195545842  nElectrons: 8.000000
LCAOMinimize: Iter:   2  Etot: -8.5357871987975731  |grad|_K:  1.125e-06  alpha:  9.987e-01  linmin: -1.314e-03  cgtest:  1.292e-02  t[s]:      2.08
	FillingsUpdate:  mu: +0.195576017  nElectrons: 8.000000
LCAOMinimize: Iter:   3  Etot: -8.5357872583265699  |grad|_K:  1.627e-07  alpha:  5.599e-01  linmin:  1.049e-04  cgtest: -1.312e-02  t[s]:      2.56
LCAOMinimize: None of the convergence criteria satisfied after 3 iterations.


Dumping 'totalE.sym' ... done

---- Citations for features of the code used in this run ----

   Software package:
      R. Sundararaman, K. Letchworth-Weaver, K.A. Schwarz, D. Gunceler, Y. Ozhabes and T.A. Arias, 'JDFTx: software for joint density-functional theory', SoftwareX 6, 278 (2017)

   LibXC library of exchange-correlation functions:
      M. A. L. Marques, M. J. T. Oliveira and T. Burnus, Comput. Phys. Commun. 183, 2272 (2012)

   SCAN exchange of Sun, Ruzsinszky, and Perdew exchange functional:
   SCAN correlation of Sun, Ruzsinszky, and Perdew correlation functional:
      J. Sun, A. Ruzsinszky, and J. P. Perdew, Phys. Rev. Lett. 115, 036402 (2015)

   gga-PBE exchange-correlation functional:
      J.P. Perdew, K. Burke and M. Ernzerhof, Phys. Rev. Lett. 77, 3865 (1996)

This list may not be complete. Please suggest additional citations or
report any other bugs at https://github.com/shankar1729/jdftx/issues

Initialization completed successfully at t[s]:      2.59


-------- Electronic minimization -----------
Will mix electronic and kinetic density at each iteration.
SCF: Cycle:  0   Etot: -8.559534569879645   dEtot: -2.539e-02   |Residual|: 3.603e-02   |deigs|: 6.852e-01  t[s]:      3.45
SCF: Cycle:  1   Etot: -8.559741933678268   dEtot: -2.074e-04   |Residual|: 2.123e-02   |deigs|: 4.976e-03  t[s]:      4.09
SCF: Cycle:  2   Etot: -8.559830715649762   dEtot: -8.878e-05   |Residual|: 2.326e-03   |deigs|: 2.183e-03  t[s]:      4.75
SCF: Cycle:  3   Etot: -8.559832725984482   dEtot: -2.010e-06   |Residual|: 9.728e-04   |deigs|: 1.669e-04  t[s]:      5.26
SCF: Cycle:  4   Etot: -8.559833278910249   dEtot: -5.529e-07   |Residual|: 2.525e-04   |deigs|: 1.248e-04  t[s]:      5.77
SCF: Cycle:  5   Etot: -8.559833381033574   dEtot: -1.021e-07   |Residual|: 7.839e-05   |deigs|: 4.698e-05  t[s]:      6.30
SCF: Converged (|Delta E|<1.000000e-06 for 2 iters).

Setting wave functions to eigenvectors of Hamiltonian
Converging empty states (this may take a while): |deigs|: 6.125e-04

# Ionic positions in lattice coordinates:
ion Ga   0.000000000000000   0.000000000000000   0.000000000000000 0
ion As   0.250000000000000   0.250000000000000   0.250000000000000 0

# Forces in Lattice coordinates:
force Ga   0.000000000000000  -0.000000000000000  -0.000000000000000 0
force As   0.000000000000000   0.000000000000000  -0.000000000000000 0

# Energy components:
   Eewald =       -8.4220291129144371
       EH =        0.7936905828141304
     Eloc =       -3.3313237946341250
      Enl =        1.6676088717132838
      Exc =       -2.4103981669721617
       KE =        3.1426182389597352
-------------------------------------
     Etot =       -8.5598333810335738

IonicMinimize: Iter:   0  Etot: -8.559833381033574  |grad|_K:  0.000e+00  t[s]:      9.30
IonicMinimize: Converged (|grad|_K<1.000000e-04).

#--- Lowdin population analysis ---
# oxidation-state Ga +0.105
# oxidation-state As -0.070


Dumping 'totalE.wfns' ... done
Dumping 'totalE.eigStats' ... 
	eMin: -0.307009 at state 0 ( [ +0.000000 +0.000000 +0.000000 ] spin 0 )
	HOMO: +0.180244 at state 0 ( [ +0.000000 +0.000000 +0.000000 ] spin 0 )
	mu  : +0.199256
	LUMO: +0.217200 at state 0 ( [ +0.000000 +0.000000 +0.000000 ] spin 0 )
	eMax: +1.184069 at state 0 ( [ +0.000000 +0.000000 +0.000000 ] spin 0 )
	HOMO-LUMO gap: +0.036956
	Optical gap  : +0.036956 at state 0 ( [ +0.000000 +0.000000 +0.000000 ] spin 0 )
End date and time: Sun Dec  1 03:28:42 2024  (Duration: 0-0:00:09.53)
Done!

PROFILER:              EdensityAndVscloc     0.052493 +/-     0.040745 s,   20 calls,      1.049868 s total
PROFILER:            ExCorrCommunication     0.012451 +/-     0.010628 s,   60 calls,      0.747088 s total
PROFILER:               ExCorrFunctional     0.000274 +/-     0.000237 s,   32 calls,      0.008762 s total
PROFILER:                    ExCorrTotal     0.039628 +/-     0.011086 s,   20 calls,      0.792559 s total
PROFILER:                    inv(matrix)     0.000241 +/-     0.000427 s,    5 calls,      0.001206 s total
PROFILER:                    matrix::set     0.000000 +/-     0.000000 s,   79 calls,      0.000024 s total
PROFILER:     RadialFunctionR::transform     0.005961 +/-     0.016338 s,   32 calls,      0.190754 s total
PROFILER:                    reduceKmesh     0.012116 +/-     0.000000 s,    1 calls,      0.012116 s total
PROFILER:               WavefunctionDrag     0.021436 +/-     0.000000 s,    1 calls,      0.021436 s total

MEMUSAGE:             complexScalarField     0.000977 GB
MEMUSAGE:        complexScalarFieldTilde     0.000488 GB
MEMUSAGE:                    IndexArrays     0.002354 GB
MEMUSAGE:                         matrix     0.000150 GB
MEMUSAGE:                           misc     0.001565 GB
MEMUSAGE:                     RealKernel     0.000259 GB
MEMUSAGE:                    ScalarField     0.008545 GB
MEMUSAGE:               ScalarFieldTilde     0.002075 GB
MEMUSAGE:                          Total     0.013198 GB
