
drift-diffusion model for sz
AK = 
 [[ 2.18415e-08+4.94240e-23j -2.01332e-15-1.06040e-17j]
 [-2.01330e-15-1.03181e-17j  2.10699e-06+1.95530e-09j]]
BK = 
 [[-9.21778e-08-4.73115e-10j  6.96637e-02+5.45540e-05j]
 [ 6.96637e-02+5.45540e-05j -4.92719e-08-1.16878e-10j]]
ldiff_RR_z (from CK) in micro-meter =  [-17.18454  17.18432]
vx2_sz =  (0.06966366864931536+5.455397087932183e-05j)
taupvsz_inv =  (3.0245112314980236e-05+4.382651747586332e-09j)
vx2_sz * taupvsz_inv =  (2.106985243481055e-06+1.955302575622447e-09j)
ldiff_DD_z in micro-meter =  17.184429711185576

drift-diffusion model for sx
AK = 
 [[ 1.51561e-08+4.26118e-07j -5.88874e-13+3.99552e-14j]
 [-5.88875e-13+3.99554e-14j  2.10024e-06+3.14888e-08j]]
BK = 
 [[ 4.45563e-08+1.38354e-06j  6.95624e-02+4.84707e-05j]
 [ 6.95624e-02+4.84707e-05j -2.72394e-09-1.09650e-04j]]
ldiff_RR_x (from CK) in micro-meter =  [-5.43874  5.44416]
vx2_sx =  (0.06956244474992371+4.8470745567797585e-05j)
taupvsx_inv =  (3.0192443464684118e-05+4.316323090738257e-07j)
vx2_sx * taupvsx_inv =  (2.1002392588374523e-06+3.148884889747681e-08j)
ldiff_DD_x in micro-meter =  5.441446185515707

drift-diffusion model for sy
AK = 
 [[ 1.51561e-08-4.26118e-07j -5.88667e-13-4.80347e-14j]
 [-5.88667e-13-4.80346e-14j  2.11015e-06-2.75291e-08j]]
BK = 
 [[ 6.35098e-08-1.38372e-06j  6.97263e-02+6.20667e-05j]
 [ 6.97263e-02+6.20667e-05j -4.92542e-08+1.09645e-04j]]
ldiff_RR_y (from CK) in micro-meter =  [-5.44208  5.44748]
vx2_sy =  (0.06972626853883707+6.206669856419786e-05j)
taupvsy_inv =  (3.0262975816842382e-05-4.217547309525967e-07j)
vx2_sy * taupvsy_inv =  (2.1101505555132376e-06-2.7529060630246167e-08j)
ldiff_DD_y in micro-meter =  5.444781564961461

sx-sz coupling
AK = 
 [[ 1.51561e-08+4.26118e-07j  2.41088e-20-4.66829e-20j
  -5.88874e-13+3.99552e-14j  1.20932e-09-2.88393e-09j]
 [ 6.00061e-19-2.23464e-19j  2.18415e-08+5.05897e-23j
   1.45547e-10-6.67125e-11j -2.01332e-15-1.06040e-17j]
 [-5.88875e-13+3.99554e-14j -1.45433e-10-6.71589e-11j
   2.10024e-06+3.14888e-08j -1.05395e-09-2.42372e-10j]
 [ 1.40253e-09+2.79325e-09j -2.01330e-15-1.03181e-17j
  -6.76017e-10+5.54238e-10j  2.10699e-06+1.95530e-09j]]
BK = 
 [[ 4.45563e-08+1.38354e-06j -6.65855e-03-3.07483e-03j
   6.95624e-02+4.84707e-05j -1.81243e-05+7.15792e-06j]
 [ 6.66375e-03-3.05439e-03j -9.21778e-08-4.73115e-10j
  -1.33835e-05-2.12777e-06j  6.96637e-02+5.45540e-05j]
 [ 6.95624e-02+4.84707e-05j -1.81243e-05+7.15792e-06j
  -2.72394e-09-1.09650e-04j -8.94249e-04-4.12944e-04j]
 [-1.33835e-05-2.12777e-06j  6.96637e-02+5.45540e-05j
   8.94973e-04-4.10166e-04j -4.92719e-08-1.16878e-10j]]
CK = 
 [[-9.66004e-09+3.63542e-10j  1.93907e-09+8.90039e-10j
   3.01476e-05+4.30931e-07j -9.30065e-09-1.98819e-09j]
 [-1.87902e-08-3.72209e-08j -3.18155e-13+1.12566e-12j
  -3.90646e-09+8.94594e-09j  3.02001e-05+4.94669e-09j]
 [ 2.21990e-07+6.12115e-06j  8.15189e-11-3.23049e-11j
  -1.41164e-09+7.17671e-10j  2.90884e-06+1.29191e-06j]
 [ 7.64332e-10+7.23789e-10j  3.13304e-07-2.45473e-10j
  -2.89960e-06+1.28190e-06j  1.53624e-09+1.18449e-10j]]
ldiff_xz (from CK) in micro-meter =  [  5.59294  -5.58734  17.22329 -17.22296]
T1xinv =  (1.5156136434081725e-08+4.261182476293727e-07j)
T1zinv =  (2.1841526333551466e-08+1.480637856320247e-19j)
vx2_sx * taupvsx_inv =  (2.1002392588374523e-06+3.148884889747681e-08j)
vx2_sz * taupvsz_inv =  (2.106985243481055e-06+1.955302575622447e-09j)
vxz =  (-0.006658548513814469-0.0030748262752183578j)
vzx =  (0.006663752360194428-0.003054387301982347j)
vxz0 =  (-1.5415285402798316e-05+2.092960175633623e-05j)
vzx0 =  (-1.1108891249418699e-05-1.4350073370332469e-05j)
T1xinv vxz =  (1.2093217144324737e-09-2.883931511000094e-09j)
T1zinv vzx =  (1.4554652265590457e-10-6.671248068812599e-11j)
T1zinv vxz =  (-1.4543286270725343e-10-6.715889906226362e-11j)
T1xinv vzx =  (1.4025269046361663e-09+2.793253767690775e-09j)
AK_appr = 
 [[1.51561e-08+4.26118e-07j 0.00000e+00+0.00000e+00j
  0.00000e+00+0.00000e+00j 0.00000e+00+0.00000e+00j]
 [0.00000e+00+0.00000e+00j 2.18415e-08+1.48064e-19j
  0.00000e+00+0.00000e+00j 0.00000e+00+0.00000e+00j]
 [0.00000e+00+0.00000e+00j 0.00000e+00+0.00000e+00j
  2.10024e-06+3.14888e-08j 0.00000e+00+0.00000e+00j]
 [0.00000e+00+0.00000e+00j 0.00000e+00+0.00000e+00j
  0.00000e+00+0.00000e+00j 2.10699e-06+1.95530e-09j]]
BK_appr = 
 [[ 0.     +0.00000e+00j -0.00666-3.07483e-03j  0.06956+4.84707e-05j
   0.     +0.00000e+00j]
 [ 0.00666-3.05439e-03j  0.     +0.00000e+00j  0.     +0.00000e+00j
   0.06966+5.45540e-05j]
 [ 0.06956+4.84707e-05j  0.     +0.00000e+00j  0.     +0.00000e+00j
   0.     +0.00000e+00j]
 [ 0.     +0.00000e+00j  0.06966+5.45540e-05j  0.     +0.00000e+00j
   0.     +0.00000e+00j]]
1 / vx2_sx =  (14.375565983517616-0.010016818754503772j)
1 / vx2_sz =  (14.354675918387494-0.011241219235466001j)
vxz / vx2_sx / vx2_sz =  (-1.374973633676019-0.6324768866803839j)
vzx / vx2_sx / vx2_sz =  (1.3741756984769173-0.6323276306516085j)
BK_appr_inv = 
 [[ 0.     +0.j      -0.     +0.j      14.37557-0.01002j  0.     +0.j     ]
 [ 0.     +0.j      -0.     +0.j       0.     +0.j      14.35468-0.01124j]
 [14.37557-0.01002j -0.     +0.j       0.     +0.j       1.37497+0.63248j]
 [ 0.     +0.j      14.35468-0.01124j -1.37418+0.63233j  0.     +0.j     ]]
CK_appr = 
 [[ 0.00000e+00+0.00000e+00j  0.00000e+00+0.00000e+00j
   3.01924e-05+4.31632e-07j  0.00000e+00+0.00000e+00j]
 [ 0.00000e+00+0.00000e+00j  0.00000e+00+0.00000e+00j
   0.00000e+00+0.00000e+00j  3.02451e-05+4.38265e-09j]
 [ 2.22146e-07+6.12554e-06j  0.00000e+00+0.00000e+00j
   0.00000e+00+0.00000e+00j  2.89581e-06+1.33531e-06j]
 [ 0.00000e+00+0.00000e+00j  3.13528e-07-2.45525e-10j
  -2.90601e-06+1.28477e-06j  0.00000e+00+0.00000e+00j]]
lambda_appr_xz =  [-9.47264e-06-9.78587e-06j  9.47264e-06+9.78587e-06j
 -3.07484e-06+8.47628e-08j  3.07484e-06-8.47628e-08j]
ldiff_xz (from CK_appr) in micro-meter =  [ -5.58637   5.58637 -17.20993  17.20993]
b =  (-3.415035047807651e-12-1.848748592924674e-10j)
c =  (3.9649550306555686e-23+1.7546610183638596e-21j)
b*b - 4*c =  (-3.432564933525809e-20-5.7559358255708695e-21j)
sqrt(b*b - 4*c) =  (1.547982135269735e-11-1.8591738542796236e-10j)
E2_plus =  (9.447428200252499e-12-5.212630677474758e-13j)
E2_minus =  (-6.032393152444849e-12+1.853961223602149e-10j)

sy-sz coupling
AK = 
 [[ 1.51561e-08-4.26118e-07j -1.34373e-19+2.31890e-20j
  -5.88667e-13-4.80347e-14j  1.42313e-09+2.78469e-09j]
 [ 6.82004e-19+3.99350e-20j  2.18415e-08+5.05897e-23j
   1.39657e-10+7.82905e-11j -2.01332e-15-1.06040e-17j]
 [-5.88667e-13-4.80346e-14j -1.39963e-10+7.79238e-11j
   2.11015e-06-2.75291e-08j  4.18606e-10-5.22041e-10j]
 [ 1.62432e-09-2.67033e-09j -2.01330e-15-1.03181e-17j
   1.19886e-09+4.90780e-10j  2.10699e-06+1.95530e-09j]]
BK = 
 [[ 6.35098e-08-1.38372e-06j -6.40812e-03+3.56769e-03j
   6.97263e-02+6.20667e-05j  6.57537e-07-1.64271e-05j]
 [ 6.39412e-03+3.58448e-03j -9.21778e-08-4.73115e-10j
   1.03583e-05+1.49599e-05j  6.96637e-02+5.45540e-05j]
 [ 6.97263e-02+6.20667e-05j  6.57537e-07-1.64271e-05j
  -4.92542e-08+1.09645e-04j -8.60651e-04+4.79109e-04j]
 [ 1.03583e-05+1.49599e-05j  6.96637e-02+5.45540e-05j
   8.58730e-04+4.81389e-04j -4.92719e-08-1.16878e-10j]]
CK = 
 [[-9.61659e-09-3.14468e-10j  1.85738e-09-1.03991e-09j
   3.02181e-05-4.21187e-07j  3.32895e-09-4.76364e-09j]
 [-2.14661e-08+3.55052e-08j  2.36979e-13-1.13350e-12j
   1.26008e-08+6.04686e-10j  3.02002e-05+3.68759e-09j]
 [ 2.11774e-07-6.10713e-06j -2.84834e-12+7.37389e-11j
   1.54361e-09-6.35259e-10j  2.79478e-06-1.50747e-06j]
 [-4.75417e-10+1.38669e-09j  3.13304e-07-2.45481e-10j
  -2.79444e-06-1.51287e-06j -1.25009e-09-1.08882e-10j]]
ldiff_yz (from CK) in micro-meter =  [ -5.59027   5.59575 -17.22476  17.22505]
T1yinv =  (1.515613643419941e-08-4.261182476295116e-07j)
T1zinv =  (2.1841526333551466e-08+1.480637856320247e-19j)
vx2_sy * taupvsy_inv =  (2.1101505555132376e-06-2.7529060630246167e-08j)
vx2_sz * taupvsz_inv =  (2.106985243481055e-06+1.955302575622447e-09j)
vyz =  (-0.00640812340629522+0.0035676884663675833j)
vzy =  (0.00639412365035018+0.0035844786682710447j)
vyz0 =  (-1.6534336857530968e-06-7.846085891557925e-06j)
vzy0 =  (-2.1245678378439822e-05-2.1997675846946266e-06j)
T1xinv vyz =  (-1.6173795500083216e-09-2.676545943332719e-09j)
T1zinv vzy =  (1.3965742008857693e-10+7.829048522604225e-11j)
T1zinv vyz =  (-1.3996319612777282e-10+7.79237615871266e-11j)
T1xinv vzy =  (-1.430501558367429e-09+2.7789796127541177e-09j)
AK_appr = 
 [[1.51561e-08-4.26118e-07j 0.00000e+00+0.00000e+00j
  0.00000e+00+0.00000e+00j 0.00000e+00+0.00000e+00j]
 [0.00000e+00+0.00000e+00j 2.18415e-08+1.48064e-19j
  0.00000e+00+0.00000e+00j 0.00000e+00+0.00000e+00j]
 [0.00000e+00+0.00000e+00j 0.00000e+00+0.00000e+00j
  2.11015e-06-2.75291e-08j 0.00000e+00+0.00000e+00j]
 [0.00000e+00+0.00000e+00j 0.00000e+00+0.00000e+00j
  0.00000e+00+0.00000e+00j 2.10699e-06+1.95530e-09j]]
BK_appr = 
 [[ 0.     +0.00000e+00j -0.00641+3.56769e-03j  0.06973+6.20667e-05j
   0.     +0.00000e+00j]
 [ 0.00639+3.58448e-03j  0.     +0.00000e+00j  0.     +0.00000e+00j
   0.06966+5.45540e-05j]
 [ 0.06973+6.20667e-05j  0.     +0.00000e+00j  0.     +0.00000e+00j
   0.     +0.00000e+00j]
 [ 0.     +0.00000e+00j  0.06966+5.45540e-05j  0.     +0.00000e+00j
   0.     +0.00000e+00j]]
1 / vx2_sy =  (14.34178579454845-0.012766311957260804j)
1 / vx2_sz =  (14.354675918387494-0.011241219235466001j)
vyz / vx2_sy / vx2_sz =  (-1.3180212766199164+0.7366929729394571j)
vzy / vx2_sy / vx2_sz =  (1.3176028710957675+0.735739538174629j)
BK_appr_inv = 
 [[ 0.     +0.j      -0.     +0.j      14.34179-0.01277j  0.     +0.j     ]
 [ 0.     +0.j      -0.     +0.j       0.     +0.j      14.35468-0.01124j]
 [14.34179-0.01277j -0.     +0.j       0.     +0.j       1.31802-0.73669j]
 [ 0.     +0.j      14.35468-0.01124j -1.3176 -0.73574j  0.     +0.j     ]]
CK_appr = 
 [[ 0.00000e+00+0.00000e+00j  0.00000e+00+0.00000e+00j
   3.02630e-05-4.21755e-07j  0.00000e+00+0.00000e+00j]
 [ 0.00000e+00+0.00000e+00j  0.00000e+00+0.00000e+00j
   0.00000e+00+0.00000e+00j  3.02451e-05+4.38265e-09j]
 [ 2.11926e-07-6.11149e-06j  0.00000e+00+0.00000e+00j
   0.00000e+00+0.00000e+00j  2.77849e-06-1.54962e-06j]
 [ 0.00000e+00+0.00000e+00j  3.13528e-07-2.45525e-10j
  -2.80059e-06-1.51625e-06j  0.00000e+00+0.00000e+00j]]
lambda_appr_yz =  [ 9.46775e-06-9.79268e-06j -9.46775e-06+9.79268e-06j
  3.07452e-06+8.27646e-08j -3.07452e-06-8.27646e-08j]
ldiff_yz (from CK_appr) in micro-meter =  [  5.58926  -5.58926  17.21172 -17.21172]
b =  (-3.1876112175088414e-12+1.8492032640606484e-10j)
c =  (3.5255426603310715e-23-1.7547124061058565e-21j)
b*b - 4*c =  (-3.432638795926481e-20+5.839941410828689e-21j)
sqrt(b*b - 4*c) =  (1.570398751551801e-11+1.85938170323235e-10j)
E2_plus =  (9.445799366513427e-12+5.089219585850876e-13j)
E2_minus =  (-6.258188149004585e-12-1.8542924836464994e-10j)

sx-sy coupling
AK = 
 [[ 1.51561e-08+4.26118e-07j -2.84271e-18+7.94041e-19j
  -5.88874e-13+3.99552e-14j -4.02398e-14+2.38739e-14j]
 [-3.77971e-18-3.13386e-19j  1.51561e-08-4.26118e-07j
  -4.02064e-14-2.39051e-14j -5.88667e-13-4.80347e-14j]
 [-5.88875e-13+3.99554e-14j  4.18341e-14-2.09546e-14j
   2.10024e-06+3.14888e-08j  6.31300e-10+9.19533e-10j]
 [ 4.18036e-14+2.09883e-14j -5.88667e-13-4.80346e-14j
   6.53694e-10-8.91681e-10j  2.11015e-06-2.75291e-08j]]
BK = 
 [[ 4.45563e-08+1.38354e-06j  5.26009e-08+9.63036e-08j
   6.95624e-02+4.84707e-05j -1.56470e-05-2.08853e-05j]
 [ 5.26771e-08-9.62292e-08j  6.35098e-08-1.38372e-06j
  -1.56111e-05+2.10715e-05j  6.97263e-02+6.20667e-05j]
 [ 6.95624e-02+4.84707e-05j -1.56470e-05-2.08853e-05j
  -2.72394e-09-1.09650e-04j  3.80809e-09+1.30136e-08j]
 [-1.56111e-05+2.10715e-05j  6.97263e-02+6.20667e-05j
   3.81397e-09-1.29444e-08j -4.92542e-08+1.09645e-04j]]
CK = 
 [[-9.66378e-09+3.57712e-10j -5.49476e-13-2.09449e-15j
   3.01925e-05+4.31632e-07j  1.60246e-08+2.21989e-08j]
 [-5.55597e-13+1.81074e-14j -9.61896e-09-3.29699e-10j
   1.62460e-08-2.18303e-08j  3.02630e-05-4.21755e-07j]
 [ 2.22146e-07+6.12554e-06j  1.88167e-09-1.31235e-09j
  -1.96980e-11-6.00193e-10j -2.38302e-11-4.14240e-11j]
 [ 1.90206e-09+1.30261e-09j  2.11926e-07-6.11149e-06j
  -2.37129e-11+4.12346e-11j -2.71639e-11+6.00294e-10j]]
ldiff_xy (from CK) in micro-meter =  [-5.43874  5.44416 -5.44208  5.44748]
T1xinv =  (1.5156136434081725e-08+4.261182476293727e-07j)
T1yinv =  (1.515613643419941e-08-4.261182476295116e-07j)
vx2_sx * taupvsx_inv =  (2.1002392588374523e-06+3.148884889747681e-08j)
vx2_sy * taupvsz_inv =  (2.108878551244875e-06+2.182800221758595e-09j)
vxy =  (5.260086357669348e-08+9.630356893390005e-08j)
vyx =  (5.26770641344658e-08-9.622923074482611e-08j)
vxy0 =  (-0.002713625470818181+0.001455362466791063j)
vyx0 =  (0.0026879922529293677+0.0015088142400942319j)
T1xinv vxy =  (-4.02394821696491e-14+2.3873777840943504e-14j)
T1zinv vyx =  (-4.020665040474618e-14-2.3905121609372605e-14j)
T1zinv vxy =  (4.1833933899506437e-14-2.095459778123711e-14j)
T1xinv vyx =  (4.180341194667669e-14+2.098819490912333e-14j)
AK_appr = 
 [[1.51561e-08+4.26118e-07j 0.00000e+00+0.00000e+00j
  0.00000e+00+0.00000e+00j 0.00000e+00+0.00000e+00j]
 [0.00000e+00+0.00000e+00j 1.51561e-08-4.26118e-07j
  0.00000e+00+0.00000e+00j 0.00000e+00+0.00000e+00j]
 [0.00000e+00+0.00000e+00j 0.00000e+00+0.00000e+00j
  2.10024e-06+3.14888e-08j 0.00000e+00+0.00000e+00j]
 [0.00000e+00+0.00000e+00j 0.00000e+00+0.00000e+00j
  0.00000e+00+0.00000e+00j 2.11015e-06-2.75291e-08j]]
BK_appr = 
 [[0.00000e+00+0.00000e+00j 5.26009e-08+9.63036e-08j
  6.95624e-02+4.84707e-05j 0.00000e+00+0.00000e+00j]
 [5.26771e-08-9.62292e-08j 0.00000e+00+0.00000e+00j
  0.00000e+00+0.00000e+00j 6.97263e-02+6.20667e-05j]
 [6.95624e-02+4.84707e-05j 0.00000e+00+0.00000e+00j
  0.00000e+00+0.00000e+00j 0.00000e+00+0.00000e+00j]
 [0.00000e+00+0.00000e+00j 6.97263e-02+6.20667e-05j
  0.00000e+00+0.00000e+00j 0.00000e+00+0.00000e+00j]]
1 / vx2_sx =  (14.375565983517616-0.010016818754503772j)
1 / vx2_sy =  (14.34178579454845-0.012766311957260804j)
vxy / vx2_sx / vx2_sy =  (1.0876289864680843e-05+1.983780847480414e-05j)
vyx / vx2_sx / vx2_sy =  (1.0829006950064799e-05-1.9856927130099877e-05j)
BK_appr_inv = 
 [[ 0.00000e+00+0.00000e+00j -0.00000e+00+0.00000e+00j
   1.43756e+01-1.00168e-02j  0.00000e+00+0.00000e+00j]
 [ 0.00000e+00+0.00000e+00j -0.00000e+00+0.00000e+00j
   0.00000e+00+0.00000e+00j  1.43418e+01-1.27663e-02j]
 [ 1.43756e+01-1.00168e-02j -0.00000e+00+0.00000e+00j
   0.00000e+00+0.00000e+00j -1.08763e-05-1.98378e-05j]
 [ 0.00000e+00+0.00000e+00j  1.43418e+01-1.27663e-02j
  -1.08290e-05+1.98569e-05j  0.00000e+00+0.00000e+00j]]
CK_appr = 
 [[ 0.00000e+00+0.00000e+00j  0.00000e+00+0.00000e+00j
   3.01924e-05+4.31632e-07j  0.00000e+00+0.00000e+00j]
 [ 0.00000e+00+0.00000e+00j  0.00000e+00+0.00000e+00j
   0.00000e+00+0.00000e+00j  3.02630e-05-4.21755e-07j]
 [ 2.22146e-07+6.12554e-06j  0.00000e+00+0.00000e+00j
   0.00000e+00+0.00000e+00j -2.34967e-11-4.15613e-11j]
 [ 0.00000e+00+0.00000e+00j  2.11926e-07-6.11149e-06j
  -2.33688e-11+4.13633e-11j  0.00000e+00+0.00000e+00j]]
lambda_appr_xy =  [-9.72493e-06-9.51374e-06j  9.72493e-06+9.51374e-06j
  9.71898e-06-9.51959e-06j -9.71898e-06+9.51959e-06j]
ldiff_xy (from CK_appr) in micro-meter =  [-5.44145  5.44145  5.44478 -5.44478]
b =  (-7.899126347038535e-12+3.7788279839823827e-16j)
c =  (3.4255783568518865e-20-4.2042264975049e-23j)
b*b - 4*c =  (-1.3696073807717178e-19+1.6816309001225816e-22j)
sqrt(b*b - 4*c) =  (2.2719698174589244e-13+3.700821391200071e-10j)
E2_plus =  (4.0631616643922136e-12+1.8504088061860436e-10j)
E2_minus =  (3.835964682646321e-12-1.8504125850140274e-10j)

sx-sy-sz coupling
AK = 
 [[ 1.51561e-08+4.26118e-07j -2.84271e-18+7.94041e-19j
   2.41087e-20-4.66829e-20j -5.88874e-13+3.99552e-14j
  -4.02398e-14+2.38739e-14j  1.20932e-09-2.88393e-09j]
 [-3.77971e-18-3.13385e-19j  1.51561e-08-4.26118e-07j
  -1.34373e-19+2.31889e-20j -4.02064e-14-2.39051e-14j
  -5.88667e-13-4.80347e-14j  1.42313e-09+2.78469e-09j]
 [ 6.00061e-19-2.23463e-19j  6.82004e-19+3.99347e-20j
   2.18415e-08+5.07708e-23j  1.45547e-10-6.67125e-11j
   1.39657e-10+7.82905e-11j -2.01332e-15-1.06040e-17j]
 [-5.88875e-13+3.99554e-14j  4.18341e-14-2.09546e-14j
  -1.45433e-10-6.71589e-11j  2.10024e-06+3.14888e-08j
   6.31300e-10+9.19533e-10j -1.05395e-09-2.42372e-10j]
 [ 4.18036e-14+2.09883e-14j -5.88667e-13-4.80346e-14j
  -1.39963e-10+7.79238e-11j  6.53694e-10-8.91681e-10j
   2.11015e-06-2.75291e-08j  4.18606e-10-5.22041e-10j]
 [ 1.40253e-09+2.79325e-09j  1.62432e-09-2.67033e-09j
  -2.01330e-15-1.03181e-17j -6.76017e-10+5.54238e-10j
   1.19886e-09+4.90780e-10j  2.10699e-06+1.95530e-09j]]
BK = 
 [[ 4.45563e-08+1.38354e-06j  5.26009e-08+9.63036e-08j
  -6.65855e-03-3.07483e-03j  6.95624e-02+4.84707e-05j
  -1.56470e-05-2.08853e-05j -1.81243e-05+7.15792e-06j]
 [ 5.26771e-08-9.62292e-08j  6.35098e-08-1.38372e-06j
  -6.40812e-03+3.56769e-03j -1.56111e-05+2.10715e-05j
   6.97263e-02+6.20667e-05j  6.57537e-07-1.64271e-05j]
 [ 6.66375e-03-3.05439e-03j  6.39412e-03+3.58448e-03j
  -9.21778e-08-4.73115e-10j -1.33835e-05-2.12777e-06j
   1.03583e-05+1.49599e-05j  6.96637e-02+5.45540e-05j]
 [ 6.95624e-02+4.84707e-05j -1.56470e-05-2.08853e-05j
  -1.81243e-05+7.15792e-06j -2.72394e-09-1.09650e-04j
   3.80809e-09+1.30136e-08j -8.94249e-04-4.12944e-04j]
 [-1.56111e-05+2.10715e-05j  6.97263e-02+6.20667e-05j
   6.57537e-07-1.64271e-05j  3.81397e-09-1.29444e-08j
  -4.92542e-08+1.09645e-04j -8.60651e-04+4.79109e-04j]
 [-1.33835e-05-2.12777e-06j  1.03583e-05+1.49599e-05j
   6.96637e-02+5.45540e-05j  8.94973e-04-4.10166e-04j
   8.58730e-04+4.81389e-04j -4.92719e-08-1.16878e-10j]]
CK = 
 [[-9.66005e-09+3.63534e-10j -2.06596e-11+2.07327e-11j
   1.93692e-09+8.89037e-10j  3.01476e-05+4.30931e-07j
  -1.09345e-08-1.38129e-08j -9.32414e-09-1.99832e-09j]
 [ 1.89127e-11+5.31933e-12j -9.61660e-09-3.14492e-10j
   1.85532e-09-1.03876e-09j -1.07002e-08+1.39325e-08j
   3.02181e-05-4.21187e-07j  3.34819e-09-4.77542e-09j]
 [-1.87769e-08-3.71948e-08j -2.14505e-08+3.54803e-08j
  -2.72974e-13-7.86805e-15j -3.89690e-09+8.94301e-09j
   1.25929e-08+5.97318e-10j  3.01554e-05+4.25205e-09j]
 [ 2.21990e-07+6.12115e-06j -1.73951e-09+1.13954e-09j
   8.14894e-11-3.23743e-11j -1.41036e-09+7.17475e-10j
   2.72338e-10+4.66415e-10j  2.90566e-06+1.29036e-06j]
 [-1.73048e-09-1.15251e-09j  2.11774e-07-6.10713e-06j
  -2.82972e-12+7.37857e-11j -1.99048e-10+3.67959e-10j
   1.54252e-09-6.35131e-10j  2.79173e-06-1.50571e-06j]
 [ 7.62880e-10+7.22872e-10j -4.74722e-10+1.38397e-09j
   3.13080e-07-2.45427e-10j -2.89790e-06+1.28118e-06j
  -2.79279e-06-1.51203e-06j  2.46745e-10+9.41618e-12j]]
ldiff_xyz (from CK) in micro-meter =  [ -5.59175   5.59735  -5.59472 -17.22511  17.22598   5.6002 ]
vij = 
 [[ 4.45563e-08+1.38354e-06j  5.26009e-08+9.63036e-08j
  -6.65855e-03-3.07483e-03j]
 [ 5.26771e-08-9.62292e-08j  6.35098e-08-1.38372e-06j
  -6.40812e-03+3.56769e-03j]
 [ 6.66375e-03-3.05439e-03j  6.39412e-03+3.58448e-03j
  -9.21778e-08-4.73115e-10j]]
vij0 =  [[ 4.44635e-08+1.51097e-07j -2.71363e-03+1.45536e-03j
  -1.54153e-05+2.09296e-05j]
 [ 2.66200e-03+1.54416e-03j -3.79768e-08-1.25487e-10j
  -1.65343e-06-7.84609e-06j]
 [-1.08869e-05-1.44820e-05j -2.11776e-05-2.49607e-06j
  -1.56756e-06-8.35796e-06j]]
AK_appr = 
 [[1.51561e-08+4.26118e-07j 0.00000e+00+0.00000e+00j
  0.00000e+00+0.00000e+00j 0.00000e+00+0.00000e+00j
  0.00000e+00+0.00000e+00j 0.00000e+00+0.00000e+00j]
 [0.00000e+00+0.00000e+00j 1.51561e-08-4.26118e-07j
  0.00000e+00+0.00000e+00j 0.00000e+00+0.00000e+00j
  0.00000e+00+0.00000e+00j 0.00000e+00+0.00000e+00j]
 [0.00000e+00+0.00000e+00j 0.00000e+00+0.00000e+00j
  2.18415e-08+1.48064e-19j 0.00000e+00+0.00000e+00j
  0.00000e+00+0.00000e+00j 0.00000e+00+0.00000e+00j]
 [0.00000e+00+0.00000e+00j 0.00000e+00+0.00000e+00j
  0.00000e+00+0.00000e+00j 2.10024e-06+3.14888e-08j
  0.00000e+00+0.00000e+00j 0.00000e+00+0.00000e+00j]
 [0.00000e+00+0.00000e+00j 0.00000e+00+0.00000e+00j
  0.00000e+00+0.00000e+00j 0.00000e+00+0.00000e+00j
  2.11015e-06-2.75291e-08j 0.00000e+00+0.00000e+00j]
 [0.00000e+00+0.00000e+00j 0.00000e+00+0.00000e+00j
  0.00000e+00+0.00000e+00j 0.00000e+00+0.00000e+00j
  0.00000e+00+0.00000e+00j 2.10699e-06+1.95530e-09j]]
BK_appr = 
 [[ 0.00000e+00+0.00000e+00j  5.26009e-08+9.63036e-08j
  -6.65855e-03-3.07483e-03j  6.95624e-02+4.84707e-05j
   0.00000e+00+0.00000e+00j  0.00000e+00+0.00000e+00j]
 [ 5.26771e-08-9.62292e-08j  0.00000e+00+0.00000e+00j
  -6.40812e-03+3.56769e-03j  0.00000e+00+0.00000e+00j
   6.97263e-02+6.20667e-05j  0.00000e+00+0.00000e+00j]
 [ 6.66375e-03-3.05439e-03j  6.39412e-03+3.58448e-03j
   0.00000e+00+0.00000e+00j  0.00000e+00+0.00000e+00j
   0.00000e+00+0.00000e+00j  6.96637e-02+5.45540e-05j]
 [ 6.95624e-02+4.84707e-05j  0.00000e+00+0.00000e+00j
   0.00000e+00+0.00000e+00j  0.00000e+00+0.00000e+00j
   0.00000e+00+0.00000e+00j  0.00000e+00+0.00000e+00j]
 [ 0.00000e+00+0.00000e+00j  6.97263e-02+6.20667e-05j
   0.00000e+00+0.00000e+00j  0.00000e+00+0.00000e+00j
   0.00000e+00+0.00000e+00j  0.00000e+00+0.00000e+00j]
 [ 0.00000e+00+0.00000e+00j  0.00000e+00+0.00000e+00j
   6.96637e-02+5.45540e-05j  0.00000e+00+0.00000e+00j
   0.00000e+00+0.00000e+00j  0.00000e+00+0.00000e+00j]]
BK_appr_inv = 
 [[ 0.00000e+00+0.00000e+00j  0.00000e+00+0.00000e+00j
  -0.00000e+00+0.00000e+00j  1.43756e+01-1.00168e-02j
   0.00000e+00+0.00000e+00j  0.00000e+00+0.00000e+00j]
 [ 0.00000e+00+0.00000e+00j  0.00000e+00+0.00000e+00j
  -0.00000e+00+0.00000e+00j  0.00000e+00+0.00000e+00j
   1.43418e+01-1.27663e-02j  0.00000e+00+0.00000e+00j]
 [ 0.00000e+00+0.00000e+00j  0.00000e+00+0.00000e+00j
  -0.00000e+00+0.00000e+00j  0.00000e+00+0.00000e+00j
   0.00000e+00+0.00000e+00j  1.43547e+01-1.12412e-02j]
 [ 1.43756e+01-1.00168e-02j  0.00000e+00+0.00000e+00j
  -0.00000e+00+0.00000e+00j  0.00000e+00+0.00000e+00j
  -1.08763e-05-1.98378e-05j  1.37497e+00+6.32477e-01j]
 [ 0.00000e+00+0.00000e+00j  1.43418e+01-1.27663e-02j
  -0.00000e+00+0.00000e+00j -1.08290e-05+1.98569e-05j
   0.00000e+00+0.00000e+00j  1.31802e+00-7.36693e-01j]
 [ 0.00000e+00+0.00000e+00j  0.00000e+00+0.00000e+00j
   1.43547e+01-1.12412e-02j -1.37418e+00+6.32328e-01j
  -1.31760e+00-7.35740e-01j  0.00000e+00+0.00000e+00j]]
CK_appr = 
 [[ 0.00000e+00+0.00000e+00j  0.00000e+00+0.00000e+00j
   0.00000e+00+0.00000e+00j  3.01924e-05+4.31632e-07j
   0.00000e+00+0.00000e+00j  0.00000e+00+0.00000e+00j]
 [ 0.00000e+00+0.00000e+00j  0.00000e+00+0.00000e+00j
   0.00000e+00+0.00000e+00j  0.00000e+00+0.00000e+00j
   3.02630e-05-4.21755e-07j  0.00000e+00+0.00000e+00j]
 [ 0.00000e+00+0.00000e+00j  0.00000e+00+0.00000e+00j
   0.00000e+00+0.00000e+00j  0.00000e+00+0.00000e+00j
   0.00000e+00+0.00000e+00j  3.02451e-05+4.38265e-09j]
 [ 2.22146e-07+6.12554e-06j  0.00000e+00+0.00000e+00j
   0.00000e+00+0.00000e+00j  0.00000e+00+0.00000e+00j
  -2.34967e-11-4.15613e-11j  2.89581e-06+1.33531e-06j]
 [ 0.00000e+00+0.00000e+00j  2.11926e-07-6.11149e-06j
   0.00000e+00+0.00000e+00j -2.33688e-11+4.13633e-11j
   0.00000e+00+0.00000e+00j  2.77849e-06-1.54962e-06j]
 [ 0.00000e+00+0.00000e+00j  0.00000e+00+0.00000e+00j
   3.13528e-07-2.45525e-10j -2.90601e-06+1.28477e-06j
  -2.80059e-06-1.51625e-06j  0.00000e+00+0.00000e+00j]]
lambda_appr_xyz =  [ 9.46472e-06+9.77958e-06j -9.46472e-06-9.77958e-06j
  9.45978e-06-9.78645e-06j  3.07677e-06-9.87416e-10j
 -3.07676e-06+9.87417e-10j -9.45978e-06+9.78645e-06j]
ldiff_xyz (from CK_appr) in micro-meter =  [  5.59105  -5.59105   5.59397  17.19914 -17.19914  -5.59397]
