
--------------------------------------------------
diffusion length analysis for gr-bn using U of -L:
--------------------------------------------------

drift-diffusion model for sz
AK = 
 [[ 2.18415e-08+4.80799e-23j -2.01353e-15-4.43433e-21j]
 [-2.01350e-15+9.16643e-20j  5.89337e-06-7.99599e-19j]]
BK = 
 [[-9.21929e-08-1.76267e-15j  1.22956e-01+1.11933e-15j]
 [ 1.22956e-01+5.05672e-16j -2.45180e-08-3.00805e-16j]]
ldiff_RR_z (from CK) in micro-meter =  [-18.13554  18.13531]
vx2_sz =  (0.12295609408586926+5.099875790530591e-16j)
taupvsz_inv =  (4.7930664251320205e-05-5.592538585818385e-18j)
vx2_sz * taupvsz_inv =  (5.893367263283537e-06-6.631926571128037e-19j)
ldiff_DD_z in micro-meter =  18.135426477784826

drift-diffusion model for sx
AK = 
 [[ 1.51561e-08+4.26118e-07j -5.88714e-13+4.39843e-14j]
 [-5.88714e-13+4.39844e-14j  5.89577e-06+5.24507e-08j]]
BK = 
 [[ 5.40129e-08+1.38350e-06j  1.22988e-01+2.42454e-07j]
 [ 1.22988e-01+2.42454e-07j -1.26521e-09-1.08615e-04j]]
ldiff_RR_x (from CK) in micro-meter =  [-5.7281   5.73001]
vx2_sx =  (0.12298756091491816+2.424535398773846e-07j)
taupvsx_inv =  (4.793792825371901e-05+4.263771173239766e-07j)
vx2_sx * taupvsx_inv =  (5.895768767862602e-06+5.2450704410009285e-08j)
ldiff_DD_x in micro-meter =  5.729057527038571

drift-diffusion model for sy
AK = 
 [[ 1.51561e-08-4.26118e-07j -5.88714e-13-4.39842e-14j]
 [-5.88714e-13-4.39845e-14j  5.89577e-06-5.24507e-08j]]
BK = 
 [[ 5.40129e-08-1.38350e-06j  1.22988e-01-2.42454e-07j]
 [ 1.22988e-01-2.42454e-07j -1.26521e-09+1.08615e-04j]]
ldiff_RR_y (from CK) in micro-meter =  [-5.7281   5.73001]
vx2_sy =  (0.1229875609149183-2.424535417297474e-07j)
taupvsy_inv =  (4.7937928253719806e-05-4.263771173352213e-07j)
vx2_sy * taupvsy_inv =  (5.895768767862705e-06-5.24507044114811e-08j)
ldiff_DD_y in micro-meter =  5.729057527037435

sx-sz coupling
AK = 
 [[ 1.51561e-08+4.26118e-07j  2.41088e-20-4.66829e-20j
  -5.88714e-13+4.39843e-14j  1.20518e-09-2.88569e-09j]
 [ 6.00127e-19-2.23458e-19j  2.18415e-08+4.96385e-23j
   1.45449e-10-6.69214e-11j -2.01353e-15-4.59132e-21j]
 [-5.88714e-13+4.39844e-14j -1.45530e-10-6.69499e-11j
   5.89577e-06+5.24507e-08j  2.73017e-12-4.52218e-11j]
 [ 1.40654e-09+2.79121e-09j -2.01350e-15+9.16641e-20j
  -1.02740e-10-2.16806e-10j  5.89337e-06-6.38028e-19j]]
BK = 
 [[ 5.40129e-08+1.38350e-06j -6.66301e-03-3.06526e-03j
   1.22988e-01+2.42454e-07j -3.32408e-06+7.18295e-06j]
 [ 6.65929e-03-3.06395e-03j -9.21929e-08-1.75927e-15j
  -5.05393e-06-1.07728e-05j  1.22956e-01+1.12539e-15j]
 [ 1.22988e-01+2.42454e-07j -3.32408e-06+7.18295e-06j
  -1.26521e-09-1.08615e-04j -8.94869e-04-4.11649e-04j]
 [-5.05393e-06-1.07728e-05j  1.22956e-01+5.10477e-16j
   8.94369e-04-4.11476e-04j -2.45180e-08-3.01613e-16j]]
CK = 
 [[-3.06586e-09+1.09301e-10j  1.09166e-10+5.01819e-11j
   4.79151e-05+4.26175e-07j  2.82544e-10-8.62319e-10j]
 [-1.05154e-09-2.08802e-09j  1.89227e-14+1.03117e-13j
   1.09687e-09+2.45389e-09j  4.79078e-05+2.04043e-10j]
 [ 1.23235e-07+3.46459e-06j  4.79988e-12-1.03695e-11j
  -2.48106e-11-1.94803e-10j  2.60526e-06+1.17056e-06j]
 [-1.35163e-10+7.08845e-11j  1.77630e-07+2.46645e-15j
  -2.60451e-06+1.17037e-06j  4.66173e-11+3.30119e-10j]]
ldiff_xz (from CK) in micro-meter =  [  5.86596  -5.86398  18.1665  -18.16646]
T1xinv =  (1.5156136434081725e-08+4.261182476293727e-07j)
T1zinv =  (2.1841526333551466e-08+1.480637856320247e-19j)
vx2_sx * taupvsx_inv =  (5.895768767862602e-06+5.2450704410009285e-08j)
vx2_sz * taupvsz_inv =  (5.893367263283537e-06-6.631926571128037e-19j)
vxz =  (-0.006663011853956531-0.003065256121057322j)
vzx =  (0.006659290614370985-0.003063954516238995j)
vxz0 =  (0.0044542430707459404+4.802288894195322e-16j)
vzx0 =  (-0.004453227543471171+3.9608602038899904e-05j)
T1xinv vxz =  (1.2051760501196853e-09-2.8856883751178436e-09j)
T1zinv vzx =  (1.4544907131700964e-10-6.692144325025195e-11j)
T1zinv vxz =  (-1.4553034886850328e-10-6.694987228813986e-11j)
T1xinv vzx =  (1.4065360463814694e-09+2.7912075343745532e-09j)
AK_appr = 
 [[1.51561e-08+4.26118e-07j 0.00000e+00+0.00000e+00j
  0.00000e+00+0.00000e+00j 0.00000e+00+0.00000e+00j]
 [0.00000e+00+0.00000e+00j 2.18415e-08+1.48064e-19j
  0.00000e+00+0.00000e+00j 0.00000e+00+0.00000e+00j]
 [0.00000e+00+0.00000e+00j 0.00000e+00+0.00000e+00j
  5.89577e-06+5.24507e-08j 0.00000e+00+0.00000e+00j]
 [0.00000e+00+0.00000e+00j 0.00000e+00+0.00000e+00j
  0.00000e+00+0.00000e+00j 5.89337e-06-6.63193e-19j]]
BK_appr = 
 [[ 0.     +0.00000e+00j -0.00666-3.06526e-03j  0.12299+2.42454e-07j
   0.     +0.00000e+00j]
 [ 0.00666-3.06395e-03j  0.     +0.00000e+00j  0.     +0.00000e+00j
   0.12296+5.09988e-16j]
 [ 0.12299+2.42454e-07j  0.     +0.00000e+00j  0.     +0.00000e+00j
   0.     +0.00000e+00j]
 [ 0.     +0.00000e+00j  0.12296+5.09988e-16j  0.     +0.00000e+00j
   0.     +0.00000e+00j]]
1 / vx2_sx =  (8.130903585346374-1.6028989777533052e-05j)
1 / vx2_sz =  (8.132984439971123-3.3733350720464615e-14j)
vxz / vx2_sx / vx2_sz =  (-0.44061546122036344-0.20269995862063644j)
vzx / vx2_sx / vx2_sz =  (0.4403685821569987-0.20261562217264983j)
BK_appr_inv = 
 [[ 0.     +0.00000e+00j -0.     +0.00000e+00j  8.1309 -1.60290e-05j
   0.     +0.00000e+00j]
 [ 0.     +0.00000e+00j -0.     +0.00000e+00j  0.     +0.00000e+00j
   8.13298-3.37334e-14j]
 [ 8.1309 -1.60290e-05j -0.     +0.00000e+00j  0.     +0.00000e+00j
   0.44062+2.02700e-01j]
 [ 0.     +0.00000e+00j  8.13298-3.37334e-14j -0.44037+2.02616e-01j
   0.     +0.00000e+00j]]
CK_appr = 
 [[ 0.00000e+00+0.00000e+00j  0.00000e+00+0.00000e+00j
   4.79379e-05+4.26377e-07j  0.00000e+00+0.00000e+00j]
 [ 0.00000e+00+0.00000e+00j  0.00000e+00+0.00000e+00j
   0.00000e+00+0.00000e+00j  4.79307e-05-5.59254e-18j]
 [ 1.23240e-07+3.46473e-06j  0.00000e+00+0.00000e+00j
   0.00000e+00+0.00000e+00j  2.59671e-06+1.19459e-06j]
 [ 0.00000e+00+0.00000e+00j  1.77637e-07+1.20346e-18j
  -2.60694e-06+1.17148e-06j  0.00000e+00+0.00000e+00j]]
lambda_appr_xz =  [-9.02269e-06-9.22607e-06j  9.02269e-06+9.22607e-06j
 -2.91419e-06+7.13387e-08j  2.91419e-06-7.13387e-08j]
ldiff_xz (from CK_appr) in micro-meter =  [ -5.86496   5.86496 -18.15863  18.15863]
b =  (-4.775945884301113e-12-1.6607211452078513e-10j)
c =  (3.7723116641282125e-23+1.4145943677169769e-21j)
b*b - 4*c =  (-2.770803002888013e-20-4.072074607182454e-21j)
sqrt(b*b - 4*c) =  (1.2198875127413782e-11-1.6690369253930353e-10j)
E2_plus =  (8.487410505857448e-12-4.157890092592037e-13j)
E2_minus =  (-3.711464621556335e-12+1.6648790353004433e-10j)

sy-sz coupling
AK = 
 [[ 1.51561e-08-4.26118e-07j -1.34373e-19+2.31890e-20j
  -5.88714e-13-4.39842e-14j  1.42713e-09+2.78262e-09j]
 [ 6.81725e-19+4.00460e-20j  2.18415e-08+4.96385e-23j
   1.39771e-10+7.80898e-11j -2.01353e-15-4.59132e-21j]
 [-5.88714e-13-4.39845e-14j -1.39850e-10+7.81245e-11j
   5.89577e-06-5.24507e-08j  6.25789e-12+4.48699e-11j]
 [ 1.62049e-09-2.67268e-09j -2.01350e-15+9.16641e-20j
  -1.19379e-10+2.08108e-10j  5.89337e-06-6.38028e-19j]]
BK = 
 [[ 5.40129e-08-1.38350e-06j -6.40293e-03+3.57688e-03j
   1.22988e-01-2.42454e-07j -3.87556e-06-6.90103e-06j]
 [ 6.39932e-03+3.57529e-03j -9.21929e-08-1.75927e-15j
  -5.88083e-06+1.03446e-05j  1.22956e-01+1.12539e-15j]
 [ 1.22988e-01-2.42454e-07j -3.87556e-06-6.90103e-06j
  -1.26521e-09+1.08615e-04j -8.59941e-04+4.80363e-04j]
 [-5.88083e-06+1.03446e-05j  1.22956e-01+5.10477e-16j
   8.59455e-04+4.80151e-04j -2.45180e-08-3.01613e-16j]]
CK = 
 [[-3.06586e-09-1.09301e-10j  1.04908e-10-5.85644e-11j
   4.79151e-05-4.26175e-07j  3.49108e-10+8.37586e-10j]
 [-1.21159e-09+1.99940e-09j  1.89227e-14-1.03116e-13j
   1.28539e-09-2.36061e-09j  4.79078e-05-2.04043e-10j]
 [ 1.23235e-07-3.46459e-06j  5.59602e-12+9.96239e-12j
  -2.48106e-11+1.94803e-10j  2.50576e-06-1.37070e-06j]
 [-1.29206e-10-8.12364e-11j  1.77630e-07-2.46646e-15j
  -2.50502e-06-1.37045e-06j  4.66173e-11-3.30119e-10j]]
ldiff_yz (from CK) in micro-meter =  [  5.86596  -5.86398  18.1665  -18.16646]
T1yinv =  (1.515613643419941e-08-4.261182476295116e-07j)
T1zinv =  (2.1841526333551466e-08+1.480637856320247e-19j)
vx2_sy * taupvsy_inv =  (5.895768767862705e-06-5.24507044114811e-08j)
vx2_sz * taupvsz_inv =  (5.893367263283537e-06-6.631926571128037e-19j)
vyz =  (-0.006402925431080999+0.0035768796425920783j)
vzy =  (0.006399317363337571+0.0035752910437386242j)
vyz0 =  (3.9058216601803955e-10+9.618063439735849e-17j)
vzy0 =  (-3.847009480527635e-10+3.4215102865596275e-12j)
T1xinv vyz =  (-1.6212172966932285e-09-2.674191688522366e-09j)
T1zinv vzy =  (1.3977085870756132e-10+7.808981348287538e-11j)
T1zinv vyz =  (-1.3984966441525162e-10+7.8124510904671e-11j)
T1xinv vzy =  (-1.4265078272791611e-09+2.781053499740076e-09j)
AK_appr = 
 [[1.51561e-08-4.26118e-07j 0.00000e+00+0.00000e+00j
  0.00000e+00+0.00000e+00j 0.00000e+00+0.00000e+00j]
 [0.00000e+00+0.00000e+00j 2.18415e-08+1.48064e-19j
  0.00000e+00+0.00000e+00j 0.00000e+00+0.00000e+00j]
 [0.00000e+00+0.00000e+00j 0.00000e+00+0.00000e+00j
  5.89577e-06-5.24507e-08j 0.00000e+00+0.00000e+00j]
 [0.00000e+00+0.00000e+00j 0.00000e+00+0.00000e+00j
  0.00000e+00+0.00000e+00j 5.89337e-06-6.63193e-19j]]
BK_appr = 
 [[ 0.     +0.00000e+00j -0.0064 +3.57688e-03j  0.12299-2.42454e-07j
   0.     +0.00000e+00j]
 [ 0.0064 +3.57529e-03j  0.     +0.00000e+00j  0.     +0.00000e+00j
   0.12296+5.09988e-16j]
 [ 0.12299-2.42454e-07j  0.     +0.00000e+00j  0.     +0.00000e+00j
   0.     +0.00000e+00j]
 [ 0.     +0.00000e+00j  0.12296+5.09988e-16j  0.     +0.00000e+00j
   0.     +0.00000e+00j]]
1 / vx2_sy =  (8.130903585346365+1.602898989999567e-05j)
1 / vx2_sz =  (8.132984439971123-3.3733350720464615e-14j)
vyz / vx2_sy / vx2_sz =  (-0.4234163996921618+0.23653289488495466j)
vzy / vx2_sy / vx2_sz =  (0.4231768711576745+0.2364295121515675j)
BK_appr_inv = 
 [[ 0.     +0.00000e+00j -0.     +0.00000e+00j  8.1309 +1.60290e-05j
   0.     +0.00000e+00j]
 [ 0.     +0.00000e+00j -0.     +0.00000e+00j  0.     +0.00000e+00j
   8.13298-3.37334e-14j]
 [ 8.1309 +1.60290e-05j -0.     +0.00000e+00j  0.     +0.00000e+00j
   0.42342-2.36533e-01j]
 [ 0.     +0.00000e+00j  8.13298-3.37334e-14j -0.42318-2.36430e-01j
   0.     +0.00000e+00j]]
CK_appr = 
 [[ 0.00000e+00+0.00000e+00j  0.00000e+00+0.00000e+00j
   4.79379e-05-4.26377e-07j  0.00000e+00+0.00000e+00j]
 [ 0.00000e+00+0.00000e+00j  0.00000e+00+0.00000e+00j
   0.00000e+00+0.00000e+00j  4.79307e-05-5.59254e-18j]
 [ 1.23240e-07-3.46473e-06j  0.00000e+00+0.00000e+00j
   0.00000e+00+0.00000e+00j  2.49535e-06-1.39398e-06j]
 [ 0.00000e+00+0.00000e+00j  1.77637e-07+1.20346e-18j
  -2.50735e-06-1.37174e-06j  0.00000e+00+0.00000e+00j]]
lambda_appr_yz =  [ 9.02269e-06-9.22607e-06j -9.02269e-06+9.22607e-06j
  2.91419e-06+7.13387e-08j -2.91419e-06-7.13387e-08j]
ldiff_yz (from CK_appr) in micro-meter =  [  5.86496  -5.86496  18.15863 -18.15863]
b =  (-4.775945884321503e-12+1.660721145207232e-10j)
c =  (3.7723116660196206e-23-1.414594367716972e-21j)
b*b - 4*c =  (-2.770803002893502e-20+4.0720746071762535e-21j)
sqrt(b*b - 4*c) =  (1.2198875127383351e-11+1.6690369253946574e-10j)
E2_plus =  (8.487410505852428e-12+4.1578900937127377e-13j)
E2_minus =  (-3.711464621530924e-12-1.6648790353009445e-10j)

sx-sy coupling
AK = 
 [[ 1.51561e-08+4.26118e-07j -2.84277e-18+7.94023e-19j
  -5.88714e-13+4.39843e-14j -4.02187e-14+2.39082e-14j]
 [-3.77972e-18-3.13392e-19j  1.51561e-08-4.26118e-07j
  -4.02188e-14-2.39083e-14j -5.88714e-13-4.39842e-14j]
 [-5.88714e-13+4.39844e-14j  4.18158e-14-2.09903e-14j
   5.89577e-06+5.24507e-08j  1.49147e-09+2.03006e-09j]
 [ 4.18157e-14+2.09901e-14j -5.88714e-13-4.39845e-14j
   1.49147e-09-2.03006e-09j  5.89577e-06-5.24507e-08j]]
BK = 
 [[ 5.40129e-08+1.38350e-06j  5.26829e-08+9.62577e-08j
   1.22988e-01+2.42454e-07j -1.00590e-05-1.39942e-05j]
 [ 5.26829e-08-9.62577e-08j  5.40129e-08-1.38350e-06j
  -1.00590e-05+1.39942e-05j  1.22988e-01-2.42454e-07j]
 [ 1.22988e-01+2.42454e-07j -1.00590e-05-1.39942e-05j
  -1.26521e-09-1.08615e-04j  4.31163e-09+1.26304e-08j]
 [-1.00590e-05+1.39942e-05j  1.22988e-01-2.42454e-07j
   4.31163e-09-1.26304e-08j -1.26521e-09+1.08615e-04j]]
CK = 
 [[-3.06461e-09+1.09237e-10j -2.04782e-14-6.24416e-14j
   4.79379e-05+4.26377e-07j  1.60964e-08+2.19259e-08j]
 [-2.04786e-14+6.24400e-14j -3.06461e-09-1.09237e-10j
   1.60964e-08-2.19259e-08j  4.79379e-05-4.26377e-07j]
 [ 1.23240e-07+3.46473e-06j  4.04317e-10-2.69351e-10j
  -2.10746e-11-5.39089e-10j -2.10190e-11-3.72911e-11j]
 [ 4.04317e-10+2.69351e-10j  1.23240e-07-3.46473e-06j
  -2.10190e-11+3.72911e-11j -2.10746e-11+5.39089e-10j]]
ldiff_xy (from CK) in micro-meter =  [-5.7281   5.73001 -5.7281   5.73001]
T1xinv =  (1.5156136434081725e-08+4.261182476293727e-07j)
T1yinv =  (1.515613643419941e-08-4.261182476295116e-07j)
vx2_sx * taupvsx_inv =  (5.895768767862602e-06+5.2450704410009285e-08j)
vx2_sy * taupvsz_inv =  (5.894875489301741e-06-1.1620959993004656e-11j)
vxy =  (5.268290058928649e-08+9.625771485925305e-08j)
vyx =  (5.268289613524844e-08-9.625770744503136e-08j)
vxy0 =  (1.6882879799894893e-07-3.88157206637605e-16j)
vyx0 =  (3.268167369775e-07-2.9068253303011695e-09j)
T1xinv vxy =  (-4.021869954755835e-14+2.390804033837898e-14j)
T1zinv vyx =  (-4.0218696455736373e-14-2.390803832807978e-14j)
T1zinv vxy =  (4.18156380057267e-14-2.099025021989542e-14j)
T1xinv vyx =  (4.1815634778865964e-14+2.09902484343235e-14j)
AK_appr = 
 [[1.51561e-08+4.26118e-07j 0.00000e+00+0.00000e+00j
  0.00000e+00+0.00000e+00j 0.00000e+00+0.00000e+00j]
 [0.00000e+00+0.00000e+00j 1.51561e-08-4.26118e-07j
  0.00000e+00+0.00000e+00j 0.00000e+00+0.00000e+00j]
 [0.00000e+00+0.00000e+00j 0.00000e+00+0.00000e+00j
  5.89577e-06+5.24507e-08j 0.00000e+00+0.00000e+00j]
 [0.00000e+00+0.00000e+00j 0.00000e+00+0.00000e+00j
  0.00000e+00+0.00000e+00j 5.89577e-06-5.24507e-08j]]
BK_appr = 
 [[0.00000e+00+0.00000e+00j 5.26829e-08+9.62577e-08j
  1.22988e-01+2.42454e-07j 0.00000e+00+0.00000e+00j]
 [5.26829e-08-9.62577e-08j 0.00000e+00+0.00000e+00j
  0.00000e+00+0.00000e+00j 1.22988e-01-2.42454e-07j]
 [1.22988e-01+2.42454e-07j 0.00000e+00+0.00000e+00j
  0.00000e+00+0.00000e+00j 0.00000e+00+0.00000e+00j]
 [0.00000e+00+0.00000e+00j 1.22988e-01-2.42454e-07j
  0.00000e+00+0.00000e+00j 0.00000e+00+0.00000e+00j]]
1 / vx2_sx =  (8.130903585346374-1.6028989777533052e-05j)
1 / vx2_sy =  (8.130903585346365+1.602898989999567e-05j)
vxy / vx2_sx / vx2_sy =  (3.482950487848114e-06+6.363750878902255e-06j)
vyx / vx2_sx / vx2_sy =  (3.482950193384754e-06-6.363750388736143e-06j)
BK_appr_inv = 
 [[-0.00000e+00+0.00000e+00j  0.00000e+00-0.00000e+00j
   8.13090e+00-1.60290e-05j  0.00000e+00+0.00000e+00j]
 [-0.00000e+00+0.00000e+00j  0.00000e+00-0.00000e+00j
   0.00000e+00+0.00000e+00j  8.13090e+00+1.60290e-05j]
 [ 8.13090e+00-1.60290e-05j  0.00000e+00-0.00000e+00j
   0.00000e+00+0.00000e+00j -3.48295e-06-6.36375e-06j]
 [ 0.00000e+00+0.00000e+00j  8.13090e+00+1.60290e-05j
  -3.48295e-06+6.36375e-06j  0.00000e+00+0.00000e+00j]]
CK_appr = 
 [[ 0.00000e+00+0.00000e+00j  0.00000e+00+0.00000e+00j
   4.79379e-05+4.26377e-07j  0.00000e+00+0.00000e+00j]
 [ 0.00000e+00+0.00000e+00j  0.00000e+00+0.00000e+00j
   0.00000e+00+0.00000e+00j  4.79379e-05-4.26377e-07j]
 [ 1.23240e-07+3.46473e-06j  0.00000e+00+0.00000e+00j
   0.00000e+00+0.00000e+00j -2.08685e-11-3.73365e-11j]
 [ 0.00000e+00+0.00000e+00j  1.23240e-07-3.46473e-06j
  -2.08685e-11+3.73365e-11j  0.00000e+00+0.00000e+00j]]
lambda_appr_xy =  [ 9.23672e-06+8.99369e-06j -9.23672e-06-8.99369e-06j
 -9.23672e-06+8.99369e-06j  9.23672e-06-8.99369e-06j]
ldiff_xy (from CK_appr) in micro-meter =  [ 5.72906 -5.72906 -5.72906  5.72906]
b =  (-8.86117245126306e-12+5.841963655583772e-23j)
c =  (2.7623571812634984e-20+1.2407577971799409e-33j)
b*b - 4*c =  (-1.1041576687332892e-19-5.9983641368425425e-33j)
sqrt(b*b - 4*c) =  (9.025832803536538e-24-3.3228868002586083e-10j)
E2_plus =  (4.430586225636043e-12-1.6614434001295962e-10j)
E2_minus =  (4.430586225627017e-12+1.661443400129012e-10j)

sx-sy-sz coupling
AK = 
 [[ 1.51561e-08+4.26118e-07j -2.84277e-18+7.94023e-19j
   2.41087e-20-4.66829e-20j -5.88714e-13+4.39843e-14j
  -4.02187e-14+2.39082e-14j  1.20518e-09-2.88569e-09j]
 [-3.77972e-18-3.13391e-19j  1.51561e-08-4.26118e-07j
  -1.34373e-19+2.31890e-20j -4.02188e-14-2.39083e-14j
  -5.88714e-13-4.39842e-14j  1.42713e-09+2.78262e-09j]
 [ 6.00127e-19-2.23458e-19j  6.81727e-19+4.00467e-20j
   2.18415e-08+4.97900e-23j  1.45449e-10-6.69214e-11j
   1.39771e-10+7.80898e-11j -2.01353e-15-4.54396e-21j]
 [-5.88714e-13+4.39844e-14j  4.18158e-14-2.09903e-14j
  -1.45530e-10-6.69499e-11j  5.89577e-06+5.24507e-08j
   1.49147e-09+2.03006e-09j  2.73017e-12-4.52218e-11j]
 [ 4.18157e-14+2.09901e-14j -5.88714e-13-4.39845e-14j
  -1.39850e-10+7.81245e-11j  1.49147e-09-2.03006e-09j
   5.89577e-06-5.24507e-08j  6.25789e-12+4.48699e-11j]
 [ 1.40654e-09+2.79121e-09j  1.62049e-09-2.67268e-09j
  -2.01350e-15+9.16641e-20j -1.02740e-10-2.16806e-10j
  -1.19379e-10+2.08108e-10j  5.89337e-06-6.35847e-19j]]
BK = 
 [[ 5.40129e-08+1.38350e-06j  5.26829e-08+9.62577e-08j
  -6.66301e-03-3.06526e-03j  1.22988e-01+2.42454e-07j
  -1.00590e-05-1.39942e-05j -3.32408e-06+7.18295e-06j]
 [ 5.26829e-08-9.62577e-08j  5.40129e-08-1.38350e-06j
  -6.40293e-03+3.57688e-03j -1.00590e-05+1.39942e-05j
   1.22988e-01-2.42454e-07j -3.87556e-06-6.90103e-06j]
 [ 6.65929e-03-3.06395e-03j  6.39932e-03+3.57529e-03j
  -9.21929e-08-1.75986e-15j -5.05393e-06-1.07728e-05j
  -5.88083e-06+1.03446e-05j  1.22956e-01+1.12575e-15j]
 [ 1.22988e-01+2.42454e-07j -1.00590e-05-1.39942e-05j
  -3.32408e-06+7.18295e-06j -1.26521e-09-1.08615e-04j
   4.31163e-09+1.26304e-08j -8.94869e-04-4.11649e-04j]
 [-1.00590e-05+1.39942e-05j  1.22988e-01-2.42454e-07j
  -3.87556e-06-6.90103e-06j  4.31163e-09-1.26304e-08j
  -1.26521e-09+1.08615e-04j -8.59941e-04+4.80363e-04j]
 [-5.05393e-06-1.07728e-05j -5.88083e-06+1.03446e-05j
   1.22956e-01+5.09498e-16j  8.94369e-04-4.11476e-04j
   8.59455e-04+4.80151e-04j -2.45180e-08-3.01844e-16j]]
CK = 
 [[-3.06585e-09+1.09301e-10j -6.73266e-13-1.06258e-12j
   1.09129e-10+5.01651e-11j  4.79151e-05+4.26175e-07j
   2.45341e-09+3.56548e-09j  2.83162e-10-8.64227e-10j]
 [-6.73267e-13+1.06258e-12j -3.06585e-09-1.09301e-10j
   1.04873e-10-5.85448e-11j  2.45341e-09-3.56548e-09j
   4.79151e-05-4.26175e-07j  3.49873e-10+8.39439e-10j]
 [-1.05281e-09-2.09048e-09j -1.21305e-09+2.00175e-09j
   1.88015e-14+7.51495e-19j  1.09706e-09+2.45350e-09j
   1.28555e-09-2.36021e-09j  4.78849e-05-5.34355e-18j]
 [ 1.23235e-07+3.46459e-06j  2.88683e-10-1.91120e-10j
   4.80148e-12-1.03732e-11j -2.48000e-11-1.94805e-10j
  -4.04583e-11-2.36953e-11j  2.60439e-06+1.17016e-06j]
 [ 2.88683e-10+1.91120e-10j  1.23235e-07-3.46459e-06j
   5.59791e-12+9.96603e-12j -4.04583e-11+2.36953e-11j
  -2.48000e-11+1.94805e-10j  2.50492e-06-1.37022e-06j]
 [-1.35067e-10+7.08336e-11j -1.29115e-10-8.11782e-11j
   1.77622e-07-1.21407e-20j -2.60474e-06+1.17049e-06j
  -2.50524e-06-1.37058e-06j  5.73403e-11+6.90619e-19j]]
ldiff_xyz (from CK) in micro-meter =  [  5.86985  -5.86787  -5.86787 -18.165    18.1653    5.86985]
vij = 
 [[ 5.40129e-08+1.38350e-06j  5.26829e-08+9.62577e-08j
  -6.66301e-03-3.06526e-03j]
 [ 5.26829e-08-9.62577e-08j  5.40129e-08-1.38350e-06j
  -6.40293e-03+3.57688e-03j]
 [ 6.65929e-03-3.06395e-03j  6.39932e-03+3.57529e-03j
  -9.21929e-08-1.76153e-15j]]
vij0 =  [[ 7.14639e-12-6.76935e-16j  1.68829e-07-3.88151e-16j
   4.45424e-03+4.80231e-16j]
 [ 3.26892e-07-1.23565e-16j  1.23807e-12-4.96687e-16j
   3.90582e-10+9.61806e-17j]
 [-4.45425e-03-5.63096e-16j -3.84790e-10-1.57859e-16j
   8.29926e-12-4.79000e-17j]]
AK_appr = 
 [[1.51561e-08+4.26118e-07j 0.00000e+00+0.00000e+00j
  0.00000e+00+0.00000e+00j 0.00000e+00+0.00000e+00j
  0.00000e+00+0.00000e+00j 0.00000e+00+0.00000e+00j]
 [0.00000e+00+0.00000e+00j 1.51561e-08-4.26118e-07j
  0.00000e+00+0.00000e+00j 0.00000e+00+0.00000e+00j
  0.00000e+00+0.00000e+00j 0.00000e+00+0.00000e+00j]
 [0.00000e+00+0.00000e+00j 0.00000e+00+0.00000e+00j
  2.18415e-08+1.48064e-19j 0.00000e+00+0.00000e+00j
  0.00000e+00+0.00000e+00j 0.00000e+00+0.00000e+00j]
 [0.00000e+00+0.00000e+00j 0.00000e+00+0.00000e+00j
  0.00000e+00+0.00000e+00j 5.89577e-06+5.24507e-08j
  0.00000e+00+0.00000e+00j 0.00000e+00+0.00000e+00j]
 [0.00000e+00+0.00000e+00j 0.00000e+00+0.00000e+00j
  0.00000e+00+0.00000e+00j 0.00000e+00+0.00000e+00j
  5.89577e-06-5.24507e-08j 0.00000e+00+0.00000e+00j]
 [0.00000e+00+0.00000e+00j 0.00000e+00+0.00000e+00j
  0.00000e+00+0.00000e+00j 0.00000e+00+0.00000e+00j
  0.00000e+00+0.00000e+00j 5.89337e-06-6.63193e-19j]]
BK_appr = 
 [[ 0.00000e+00+0.00000e+00j  5.26829e-08+9.62577e-08j
  -6.66301e-03-3.06526e-03j  1.22988e-01+2.42454e-07j
   0.00000e+00+0.00000e+00j  0.00000e+00+0.00000e+00j]
 [ 5.26829e-08-9.62577e-08j  0.00000e+00+0.00000e+00j
  -6.40293e-03+3.57688e-03j  0.00000e+00+0.00000e+00j
   1.22988e-01-2.42454e-07j  0.00000e+00+0.00000e+00j]
 [ 6.65929e-03-3.06395e-03j  6.39932e-03+3.57529e-03j
   0.00000e+00+0.00000e+00j  0.00000e+00+0.00000e+00j
   0.00000e+00+0.00000e+00j  1.22956e-01+5.09988e-16j]
 [ 1.22988e-01+2.42454e-07j  0.00000e+00+0.00000e+00j
   0.00000e+00+0.00000e+00j  0.00000e+00+0.00000e+00j
   0.00000e+00+0.00000e+00j  0.00000e+00+0.00000e+00j]
 [ 0.00000e+00+0.00000e+00j  1.22988e-01-2.42454e-07j
   0.00000e+00+0.00000e+00j  0.00000e+00+0.00000e+00j
   0.00000e+00+0.00000e+00j  0.00000e+00+0.00000e+00j]
 [ 0.00000e+00+0.00000e+00j  0.00000e+00+0.00000e+00j
   1.22956e-01+5.09988e-16j  0.00000e+00+0.00000e+00j
   0.00000e+00+0.00000e+00j  0.00000e+00+0.00000e+00j]]
BK_appr_inv = 
 [[ 0.00000e+00+0.00000e+00j  0.00000e+00+0.00000e+00j
  -0.00000e+00+0.00000e+00j  8.13090e+00-1.60290e-05j
   0.00000e+00+0.00000e+00j  0.00000e+00+0.00000e+00j]
 [ 0.00000e+00+0.00000e+00j  0.00000e+00+0.00000e+00j
  -0.00000e+00+0.00000e+00j  0.00000e+00+0.00000e+00j
   8.13090e+00+1.60290e-05j  0.00000e+00+0.00000e+00j]
 [ 0.00000e+00+0.00000e+00j  0.00000e+00+0.00000e+00j
  -0.00000e+00+0.00000e+00j  0.00000e+00+0.00000e+00j
   0.00000e+00+0.00000e+00j  8.13298e+00-3.37334e-14j]
 [ 8.13090e+00-1.60290e-05j  0.00000e+00+0.00000e+00j
  -0.00000e+00+0.00000e+00j  0.00000e+00+0.00000e+00j
  -3.48295e-06-6.36375e-06j  4.40615e-01+2.02700e-01j]
 [ 0.00000e+00+0.00000e+00j  8.13090e+00+1.60290e-05j
  -0.00000e+00+0.00000e+00j -3.48295e-06+6.36375e-06j
   0.00000e+00+0.00000e+00j  4.23416e-01-2.36533e-01j]
 [ 0.00000e+00+0.00000e+00j  0.00000e+00+0.00000e+00j
   8.13298e+00-3.37334e-14j -4.40369e-01+2.02616e-01j
  -4.23177e-01-2.36430e-01j  0.00000e+00+0.00000e+00j]]
CK_appr = 
 [[ 0.00000e+00+0.00000e+00j  0.00000e+00+0.00000e+00j
   0.00000e+00+0.00000e+00j  4.79379e-05+4.26377e-07j
   0.00000e+00+0.00000e+00j  0.00000e+00+0.00000e+00j]
 [ 0.00000e+00+0.00000e+00j  0.00000e+00+0.00000e+00j
   0.00000e+00+0.00000e+00j  0.00000e+00+0.00000e+00j
   4.79379e-05-4.26377e-07j  0.00000e+00+0.00000e+00j]
 [ 0.00000e+00+0.00000e+00j  0.00000e+00+0.00000e+00j
   0.00000e+00+0.00000e+00j  0.00000e+00+0.00000e+00j
   0.00000e+00+0.00000e+00j  4.79307e-05-5.59254e-18j]
 [ 1.23240e-07+3.46473e-06j  0.00000e+00+0.00000e+00j
   0.00000e+00+0.00000e+00j  0.00000e+00+0.00000e+00j
  -2.08685e-11-3.73365e-11j  2.59671e-06+1.19459e-06j]
 [ 0.00000e+00+0.00000e+00j  1.23240e-07-3.46473e-06j
   0.00000e+00+0.00000e+00j -2.08685e-11+3.73365e-11j
   0.00000e+00+0.00000e+00j  2.49535e-06-1.39398e-06j]
 [ 0.00000e+00+0.00000e+00j  0.00000e+00+0.00000e+00j
   1.77637e-07+1.20346e-18j -2.60694e-06+1.17148e-06j
  -2.50735e-06-1.37174e-06j  0.00000e+00+0.00000e+00j]]
lambda_appr_xyz =  [-9.01664e-06-9.22125e-06j  9.01664e-06+9.22125e-06j
  9.01664e-06-9.22125e-06j  2.91568e-06+9.53596e-18j
 -2.91568e-06-9.53717e-18j -9.01664e-06+9.22125e-06j]
ldiff_xyz (from CK_appr) in micro-meter =  [ -5.8689    5.8689    5.8689   18.14937 -18.14938  -5.8689 ]

--------------------------------------------------
diffusion length analysis for gr-bn using rotated U of L:
--------------------------------------------------
<s|UR>:
 [[-0.21367+0.10848j -0.21367-0.10848j]
 [-0.10849-0.21368j -0.10849+0.21368j]]
normR_rotate =  [1.47878 1.47878]
normL_rotate =  [1.47878 1.47878]
<s|UR>:
 [[ 6.77797e-01-1.06302e-16j  6.30680e-16+9.19509e-16j]
 [-7.20398e-16-4.00234e-16j  6.77797e-01+5.05747e-17j]]
oUs_rotate:
 [[ 1.00000e+00-5.50463e-17j -1.67130e-15+7.43638e-18j]
 [-1.95211e-15-1.13671e-17j  1.00000e+00-2.20495e-17j]]

drift-diffusion model for sz
AK = 
 [[ 2.18415e-08+4.80799e-23j -2.01353e-15-4.43433e-21j]
 [-2.01350e-15+9.16643e-20j  5.89337e-06-7.99599e-19j]]
BK = 
 [[-9.21929e-08-1.76267e-15j  1.22956e-01+1.11933e-15j]
 [ 1.22956e-01+5.05672e-16j -2.45180e-08-3.00805e-16j]]
ldiff_RR_z (from CK) in micro-meter =  [-18.13554  18.13531]
vx2_sz =  (0.12295609408586926+5.099875790530591e-16j)
taupvsz_inv =  (4.7930664251320205e-05-5.592538585818385e-18j)
vx2_sz * taupvsz_inv =  (5.893367263283537e-06-6.631926571128037e-19j)
ldiff_DD_z in micro-meter =  18.135426477784826

drift-diffusion model for sx
AK = 
 [[ 1.51492e-08+2.22346e-21j -5.93146e-13-2.46017e-20j]
 [-5.80985e-13-1.05292e-19j  5.89829e-06-8.26704e-19j]]
BK = 
 [[1.62790e-07+1.85674e-15j 1.22970e-01-6.60930e-16j]
 [1.22970e-01-1.27958e-15j 1.32426e-08-1.00390e-17j]]
ldiff_RR_x (from CK) in micro-meter =  [ 21.76957 -21.76892]
vx2_sx =  (0.12297032713837852-1.2788685938341841e-15j)
taupvsx_inv =  (4.7965123745986994e-05-5.7429153167889636e-18j)
vx2_sx * taupvsx_inv =  (5.898286958276828e-06-7.675492655916567e-19j)
ldiff_DD_x in micro-meter =  5.702514846364279

drift-diffusion model for sy
AK = 
 [[ 1.51631e-08-2.14405e-21j -5.84281e-13+7.43298e-20j]
 [-5.96444e-13+5.36228e-20j  5.89325e-06-7.58942e-19j]]
BK = 
 [[-5.47643e-08+1.07615e-15j  1.23005e-01+4.29344e-17j]
 [ 1.23005e-01-5.78313e-16j -1.57730e-08+9.47322e-18j]]
ldiff_RR_y (from CK) in micro-meter =  [-21.77474  21.77464]
vx2_sy =  (0.12300479469145799-5.765249656143784e-16j)
taupvsy_inv =  (4.791073870112905e-05-5.592697251238589e-18j)
vx2_sy * taupvsy_inv =  (5.893250577448469e-06-7.15550314142312e-19j)
ldiff_DD_y in micro-meter =  5.706550064881071

sx-sz coupling
AK = 
 [[ 1.51492e-08+2.23010e-21j  9.18869e-20+6.55432e-20j
  -5.93147e-13-2.45943e-20j  1.54791e-10-6.06115e-12j]
 [-8.93053e-19+1.41609e-19j  2.18415e-08+4.96385e-23j
  -2.26253e-10-8.85941e-12j -2.01353e-15-4.59132e-21j]
 [-5.80985e-13-1.05298e-19j  2.26369e-10-8.86394e-12j
   5.89829e-06-7.49412e-19j  2.31717e-11-9.07336e-13j]
 [-1.59442e-10-6.24326e-12j -2.01350e-15+9.16641e-20j
   4.02259e-12+1.57513e-13j  5.89337e-06-6.38028e-19j]]
BK = 
 [[ 1.62790e-07+1.85628e-15j  1.03642e-02-4.05830e-04j
   1.22970e-01-6.62602e-16j  3.09981e-08-1.21379e-09j]
 [-1.03589e-02-4.05622e-04j -9.21929e-08-1.75927e-15j
   1.34261e-07+5.25726e-09j  1.22956e-01+1.12539e-15j]
 [ 1.22970e-01-1.27900e-15j  3.09981e-08-1.21379e-09j
   1.32426e-08-9.79906e-18j  1.39193e-03-5.45040e-05j]
 [ 1.34261e-07+5.25726e-09j  1.22956e-01+5.10477e-16j
  -1.39122e-03-5.44761e-05j -2.45180e-08-3.01613e-16j]]
CK = 
 [[-4.73184e-12-8.71694e-19j -1.69711e-10+6.64538e-12j
   4.79194e-05-5.59271e-18j  1.76173e-10-6.89841e-12j]
 [ 9.70834e-11+3.80150e-12j  1.87058e-14+7.51580e-19j
  -1.95700e-11-7.66302e-13j  4.78849e-05-5.36166e-18j]
 [ 1.23186e-07+9.87857e-20j -4.61258e-14+1.80665e-15j
  -6.76268e-11-9.51372e-19j -4.03457e-06+1.57982e-07j]
 [-5.33096e-13-2.08731e-14j  1.77622e-07-1.21570e-20j
   4.03529e-06+1.58010e-07j  5.51652e-11+6.89304e-19j]]
ldiff_xz (from CK) in micro-meter =  [ 30.20759  30.20759 -30.20744 -30.20744]
T1xinv =  (1.5156136434081725e-08+4.261182476293727e-07j)
T1zinv =  (2.1841526333551466e-08+1.480637856320247e-19j)
vx2_sx * taupvsx_inv =  (5.898286958276828e-06-7.675492655916567e-19j)
vx2_sz * taupvsz_inv =  (5.893367263283537e-06-6.631926571128037e-19j)
vxz =  (0.010364159815279706-0.0004058298939340059j)
vzx =  (-0.010358855212337348-0.00040562218134468716j)
vxz0 =  (0.0044542430707459404+4.802288894195322e-16j)
vzx0 =  (-0.00445105472485781-5.762832935010331e-16j)
T1xinv vxz =  (3.3001214342377924e-10+4.410206805396258e-09j)
T1zinv vzx =  (-2.2625320890565297e-10-8.859407556846344e-12j)
T1zinv vxz =  (2.263690695306277e-10-8.86394431376743e-12j)
T1xinv vzx =  (1.584279021511826e-11-4.420244895648733e-09j)
AK_appr = 
 [[1.51561e-08+4.26118e-07j 0.00000e+00+0.00000e+00j
  0.00000e+00+0.00000e+00j 0.00000e+00+0.00000e+00j]
 [0.00000e+00+0.00000e+00j 2.18415e-08+1.48064e-19j
  0.00000e+00+0.00000e+00j 0.00000e+00+0.00000e+00j]
 [0.00000e+00+0.00000e+00j 0.00000e+00+0.00000e+00j
  5.89829e-06-7.67549e-19j 0.00000e+00+0.00000e+00j]
 [0.00000e+00+0.00000e+00j 0.00000e+00+0.00000e+00j
  0.00000e+00+0.00000e+00j 5.89337e-06-6.63193e-19j]]
BK_appr = 
 [[ 0.     +0.00000e+00j  0.01036-4.05830e-04j  0.12297-1.27887e-15j
   0.     +0.00000e+00j]
 [-0.01036-4.05622e-04j  0.     +0.00000e+00j  0.     +0.00000e+00j
   0.12296+5.09988e-16j]
 [ 0.12297-1.27887e-15j  0.     +0.00000e+00j  0.     +0.00000e+00j
   0.     +0.00000e+00j]
 [ 0.     +0.00000e+00j  0.12296+5.09988e-16j  0.     +0.00000e+00j
   0.     +0.00000e+00j]]
1 / vx2_sx =  (8.132043097475865+8.457173989107982e-14j)
1 / vx2_sz =  (8.132984439971123-3.3733350720464615e-14j)
vxz / vx2_sx / vx2_sz =  (0.6854625215088724-0.02684068823307024j)
vzx / vx2_sx / vx2_sz =  (-0.6851116868466054-0.026826950583548007j)
BK_appr_inv = 
 [[ 0.     +0.00000e+00j -0.     +0.00000e+00j  8.13204+8.45717e-14j
   0.     +0.00000e+00j]
 [ 0.     +0.00000e+00j -0.     +0.00000e+00j  0.     +0.00000e+00j
   8.13298-3.37334e-14j]
 [ 8.13204+8.45717e-14j -0.     +0.00000e+00j  0.     +0.00000e+00j
  -0.68546+2.68407e-02j]
 [ 0.     +0.00000e+00j  8.13298-3.37334e-14j  0.68511+2.68270e-02j
   0.     +0.00000e+00j]]
CK_appr = 
 [[ 0.00000e+00+0.00000e+00j  0.00000e+00+0.00000e+00j
   4.79651e-05-5.74292e-18j  0.00000e+00+0.00000e+00j]
 [ 0.00000e+00+0.00000e+00j  0.00000e+00+0.00000e+00j
   0.00000e+00+0.00000e+00j  4.79307e-05-5.59254e-18j]
 [ 1.23250e-07+3.46521e-06j  0.00000e+00+0.00000e+00j
   0.00000e+00+0.00000e+00j -4.03968e-06+1.58182e-07j]
 [ 0.00000e+00+0.00000e+00j  1.77637e-07+1.20346e-18j
   4.04099e-06+1.58233e-07j  0.00000e+00+0.00000e+00j]]
lambda_appr_xz =  [ 8.86024e-06+9.42595e-06j -8.86024e-06-9.42595e-06j
  2.90541e-06-1.41614e-07j -2.90541e-06+1.41614e-07j]
ldiff_xz (from CK_appr) in micro-meter =  [  5.97249  -5.97249  18.21352 -18.21352]
b =  (1.9233588326573443e-12-1.6620932019619624e-10j)
c =  (5.0333846526011174e-23+1.4151476252109396e-21j)
b*b - 4*c =  (-2.782317419698657e-20-6.299950828982412e-21j)
sqrt(b*b - 4*c) =  (1.8766038105433156e-11-1.6785511128101265e-10j)
E2_plus =  (8.421339636387906e-12-8.228955424082037e-13j)
E2_minus =  (-1.034469846904525e-11+1.6703221573860444e-10j)

sy-sz coupling
AK = 
 [[ 1.51631e-08-2.32521e-21j -8.75654e-21-9.24023e-20j
  -5.84281e-13+7.42954e-20j -4.41654e-09+1.72939e-10j]
 [-2.44807e-19+7.30424e-21j  2.18415e-08+4.96385e-23j
   1.28812e-13+5.04391e-15j -2.01353e-15-4.59132e-21j]
 [-5.96444e-13+5.36423e-20j -1.13690e-13+4.45185e-15j
   5.89325e-06-7.33107e-19j -5.96803e-11+2.33691e-12j]
 [-4.41390e-09-1.72835e-10j -2.01350e-15+9.16641e-20j
   3.39007e-10+1.32745e-11j  5.89337e-06-6.38028e-19j]]
BK = 
 [[-5.47643e-08+1.07711e-15j -5.20522e-06+2.03821e-07j
   1.23005e-01+3.98200e-17j  1.11848e-05-4.37962e-07j]
 [ 5.89756e-06+2.30931e-07j -9.21929e-08-1.75927e-15j
   1.68147e-05+6.58413e-07j  1.22956e-01+1.12539e-15j]
 [ 1.23005e-01-5.76564e-16j  1.11848e-05-4.37962e-07j
  -1.57730e-08+9.29770e-18j -6.64672e-07+2.60266e-08j]
 [ 1.68147e-05+6.58413e-07j  1.22956e-01+5.10477e-16j
   7.60445e-07+2.97768e-08j -2.45180e-08-3.01613e-16j]]
CK = 
 [[-1.56395e-12+4.35965e-19j  3.56058e-14-1.39356e-15j
   4.79107e-05-5.73544e-18j -4.84350e-09+1.89657e-10j]
 [-3.58990e-08-1.40570e-09j  1.91409e-14+7.45853e-19j
  -3.79482e-09-1.48594e-10j  4.79307e-05-5.38800e-18j]
 [ 1.23271e-07-1.88045e-20j -1.61524e-11+6.32480e-13j
   1.66292e-11+1.84499e-19j -3.38771e-08+1.32653e-09j]
 [-1.68845e-11-6.61148e-13j  1.77637e-07-1.14983e-21j
  -2.29698e-09-8.99431e-11j  4.07948e-11+6.49120e-19j]]
ldiff_yz (from CK) in micro-meter =  [ 21.7826   18.13067 -21.78235 -18.13119]
T1yinv =  (1.515613643419941e-08-4.261182476295116e-07j)
T1zinv =  (2.1841526333551466e-08+1.480637856320247e-19j)
vx2_sy * taupvsy_inv =  (5.893250577448469e-06-7.15550314142312e-19j)
vx2_sz * taupvsz_inv =  (5.893367263283537e-06-6.631926571128037e-19j)
vyz =  (-5.205221387307468e-06+2.0382109947927204e-07j)
vzy =  (5.897557463300661e-06+2.309309362176199e-07j)
vyz0 =  (3.9058216601803955e-10+9.618063439735849e-17j)
vzy0 =  (-3.8451324337773636e-10-1.577527106876077e-16j)
T1xinv vyz =  (-1.657429352556316e-13-2.2149506756905382e-12j)
T1zinv vzy =  (1.2881165663828017e-13+5.0438841255020534e-15j)
T1zinv vyz =  (-1.1368998000287153e-13+4.4517639108392286e-15j)
T1xinv vzy =  (-9.019700322840883e-15+2.5165568723313705e-12j)
AK_appr = 
 [[1.51561e-08-4.26118e-07j 0.00000e+00+0.00000e+00j
  0.00000e+00+0.00000e+00j 0.00000e+00+0.00000e+00j]
 [0.00000e+00+0.00000e+00j 2.18415e-08+1.48064e-19j
  0.00000e+00+0.00000e+00j 0.00000e+00+0.00000e+00j]
 [0.00000e+00+0.00000e+00j 0.00000e+00+0.00000e+00j
  5.89325e-06-7.15550e-19j 0.00000e+00+0.00000e+00j]
 [0.00000e+00+0.00000e+00j 0.00000e+00+0.00000e+00j
  0.00000e+00+0.00000e+00j 5.89337e-06-6.63193e-19j]]
BK_appr = 
 [[ 0.00000e+00+0.00000e+00j -5.20522e-06+2.03821e-07j
   1.23005e-01-5.76525e-16j  0.00000e+00+0.00000e+00j]
 [ 5.89756e-06+2.30931e-07j  0.00000e+00+0.00000e+00j
   0.00000e+00+0.00000e+00j  1.22956e-01+5.09988e-16j]
 [ 1.23005e-01-5.76525e-16j  0.00000e+00+0.00000e+00j
   0.00000e+00+0.00000e+00j  0.00000e+00+0.00000e+00j]
 [ 0.00000e+00+0.00000e+00j  1.22956e-01+5.09988e-16j
   0.00000e+00+0.00000e+00j  0.00000e+00+0.00000e+00j]]
1 / vx2_sy =  (8.12976439258627+3.810430437809824e-14j)
1 / vx2_sz =  (8.132984439971123-3.3733350720464615e-14j)
vyz / vx2_sy / vx2_sz =  (-0.0003441653201874447+1.3476497682555941e-05j)
vzy / vx2_sy / vx2_sz =  (0.00038994206041458257+1.5268979682271847e-05j)
BK_appr_inv = 
 [[ 0.00000e+00+0.00000e+00j -0.00000e+00+0.00000e+00j
   8.12976e+00+3.81043e-14j  0.00000e+00+0.00000e+00j]
 [ 0.00000e+00+0.00000e+00j -0.00000e+00+0.00000e+00j
   0.00000e+00+0.00000e+00j  8.13298e+00-3.37334e-14j]
 [ 8.12976e+00+3.81043e-14j -0.00000e+00+0.00000e+00j
   0.00000e+00+0.00000e+00j  3.44165e-04-1.34765e-05j]
 [ 0.00000e+00+0.00000e+00j  8.13298e+00-3.37334e-14j
  -3.89942e-04-1.52690e-05j  0.00000e+00+0.00000e+00j]]
CK_appr = 
 [[ 0.00000e+00+0.00000e+00j  0.00000e+00+0.00000e+00j
   4.79107e-05-5.59270e-18j  0.00000e+00+0.00000e+00j]
 [ 0.00000e+00+0.00000e+00j  0.00000e+00+0.00000e+00j
   0.00000e+00+0.00000e+00j  4.79307e-05-5.59254e-18j]
 [ 1.23216e-07-3.46424e-06j  0.00000e+00+0.00000e+00j
   0.00000e+00+0.00000e+00j  2.02829e-09-7.94220e-11j]
 [ 0.00000e+00+0.00000e+00j  1.77637e-07+1.20346e-18j
  -2.29803e-09-8.99839e-11j  0.00000e+00+0.00000e+00j]]
lambda_appr_yz =  [-9.27315e-06+8.94919e-06j  9.27315e-06-8.94919e-06j
  2.91792e-06+4.10344e-14j -2.91792e-06-4.10344e-14j]
ldiff_yz (from CK_appr) in micro-meter =  [ -5.70655   5.70655  18.13543 -18.13543]
b =  (-1.4417605729829184e-11+1.6597434326981887e-10j)
c =  (5.0262687523666354e-23-1.413146973027953e-21j)
b*b - 4*c =  (-2.7540666018961527e-20+8.666826070486591e-22j)
sqrt(b*b - 4*c) =  (2.610893308789288e-12+1.6597434374875958e-10j)
E2_plus =  (8.514249519309236e-12+2.394703512224471e-19j)
E2_minus =  (5.903356210519948e-12-1.6597434350928924e-10j)

sx-sy coupling
AK = 
 [[ 1.51492e-08+2.23010e-21j  4.26108e-07+1.79421e-21j
  -5.93147e-13-2.45943e-20j -2.59359e-15-9.83714e-21j]
 [-4.26128e-07+1.88396e-21j  1.51631e-08-2.32521e-21j
  -9.05644e-14-4.44025e-20j -5.84281e-13+7.42954e-20j]
 [-5.80985e-13-1.05298e-19j  9.01275e-14-2.40534e-19j
   5.89829e-06-7.49412e-19j  5.24556e-08+1.20967e-20j]
 [ 2.16109e-15+1.12149e-19j -5.96444e-13+5.36423e-20j
  -5.24458e-08-8.49018e-20j  5.89325e-06-7.33107e-19j]]
BK = 
 [[ 1.62790e-07+1.85628e-15j  1.36919e-06+5.55398e-15j
   1.22970e-01-6.62602e-16j  3.80062e-07-6.17263e-16j]
 [-1.39780e-06+3.05582e-15j -5.47643e-08+1.07711e-15j
  -1.05399e-07-4.84733e-16j  1.23005e-01+3.98200e-17j]
 [ 1.22970e-01-1.27900e-15j  3.80062e-07-5.56792e-16j
   1.32426e-08-9.79906e-18j -1.08616e-04+1.04030e-15j]
 [-1.05399e-07-5.45218e-16j  1.23005e-01-5.76564e-16j
   1.08613e-04+6.14815e-16j -1.57730e-08+9.29770e-18j]]
CK = 
 [[-3.06467e-09-8.26989e-19j  1.09255e-10-1.95682e-18j
   4.79651e-05-5.59867e-18j  4.26423e-07+3.19910e-19j]
 [-1.09219e-10+9.11374e-19j -3.06454e-09+4.18725e-19j
  -4.26330e-07-4.78831e-19j  4.79107e-05-5.73153e-18j]
 [ 1.23205e-07+1.45170e-21j  3.46513e-06+3.40153e-20j
  -6.35753e-11-9.04778e-19j -5.34039e-10-2.25027e-18j]
 [-3.46432e-06+1.69912e-20j  1.23275e-07-5.28597e-21j
   5.44138e-10-1.54892e-18j  2.14261e-11+1.73871e-19j]]
ldiff_xy (from CK) in micro-meter =  [-5.7281  -5.7281   5.73001  5.73001]
T1xinv =  (1.5156136434081725e-08+4.261182476293727e-07j)
T1yinv =  (1.515613643419941e-08-4.261182476295116e-07j)
vx2_sx * taupvsx_inv =  (5.898286958276828e-06-7.675492655916567e-19j)
vx2_sy * taupvsz_inv =  (5.895701515658847e-06-7.1554228511201395e-19j)
vxy =  (1.3691905973158637e-06+5.55441442016577e-15j)
vyx =  (-1.3977968983360298e-06+3.056035917130242e-15j)
vxy0 =  (1.6882879799894893e-07-3.88157206637605e-16j)
vyx0 =  (3.2665727656874287e-07-1.234751292311218e-16j)
T1xinv vxy =  (2.0751637130343742e-14+5.834370980830334e-13j)
T1zinv vyx =  (-2.118519919624896e-14+5.956267649072333e-13j)
T1zinv vxy =  (2.075164186417955e-14-5.834370979148566e-13j)
T1xinv vyx =  (-2.1185201800549797e-14-5.956267648144038e-13j)
AK_appr = 
 [[1.51561e-08+4.26118e-07j 0.00000e+00+0.00000e+00j
  0.00000e+00+0.00000e+00j 0.00000e+00+0.00000e+00j]
 [0.00000e+00+0.00000e+00j 1.51561e-08-4.26118e-07j
  0.00000e+00+0.00000e+00j 0.00000e+00+0.00000e+00j]
 [0.00000e+00+0.00000e+00j 0.00000e+00+0.00000e+00j
  5.89829e-06-7.67549e-19j 0.00000e+00+0.00000e+00j]
 [0.00000e+00+0.00000e+00j 0.00000e+00+0.00000e+00j
  0.00000e+00+0.00000e+00j 5.89325e-06-7.15550e-19j]]
BK_appr = 
 [[ 0.00000e+00+0.00000e+00j  1.36919e-06+5.55441e-15j
   1.22970e-01-1.27887e-15j  0.00000e+00+0.00000e+00j]
 [-1.39780e-06+3.05604e-15j  0.00000e+00+0.00000e+00j
   0.00000e+00+0.00000e+00j  1.23005e-01-5.76525e-16j]
 [ 1.22970e-01-1.27887e-15j  0.00000e+00+0.00000e+00j
   0.00000e+00+0.00000e+00j  0.00000e+00+0.00000e+00j]
 [ 0.00000e+00+0.00000e+00j  1.23005e-01-5.76525e-16j
   0.00000e+00+0.00000e+00j  0.00000e+00+0.00000e+00j]]
1 / vx2_sx =  (8.132043097475865+8.457173989107982e-14j)
1 / vx2_sy =  (8.12976439258627+3.810430437809824e-14j)
vxy / vx2_sx / vx2_sy =  (9.051937344361538e-05+3.6721255899690477e-13j)
vyx / vx2_sx / vx2_sy =  (-9.241058161431211e-05+2.0203801288194846e-13j)
BK_appr_inv = 
 [[ 0.00000e+00+0.00000e+00j  0.00000e+00-0.00000e+00j
   8.13204e+00+8.45717e-14j  0.00000e+00+0.00000e+00j]
 [ 0.00000e+00+0.00000e+00j  0.00000e+00-0.00000e+00j
   0.00000e+00+0.00000e+00j  8.12976e+00+3.81043e-14j]
 [ 8.13204e+00+8.45717e-14j  0.00000e+00-0.00000e+00j
   0.00000e+00+0.00000e+00j -9.05194e-05-3.67213e-13j]
 [ 0.00000e+00+0.00000e+00j  8.12976e+00+3.81043e-14j
   9.24106e-05-2.02038e-13j  0.00000e+00+0.00000e+00j]]
CK_appr = 
 [[ 0.00000e+00+0.00000e+00j  0.00000e+00+0.00000e+00j
   4.79651e-05-5.74292e-18j  0.00000e+00+0.00000e+00j]
 [ 0.00000e+00+0.00000e+00j  0.00000e+00+0.00000e+00j
   0.00000e+00+0.00000e+00j  4.79107e-05-5.59270e-18j]
 [ 1.23250e-07+3.46521e-06j  0.00000e+00+0.00000e+00j
   0.00000e+00+0.00000e+00j -5.33453e-10-2.16401e-18j]
 [ 0.00000e+00+0.00000e+00j  1.23216e-07-3.46424e-06j
   5.45064e-10-1.19175e-18j  0.00000e+00+0.00000e+00j]]
lambda_appr_xy =  [ 9.27971e-06+8.95552e-06j -9.27971e-06-8.95552e-06j
 -9.27315e-06+8.94919e-06j  9.27315e-06-8.94919e-06j]
ldiff_xy (from CK_appr) in micro-meter =  [ 5.70251 -5.70251 -5.70655  5.70655]
b =  (-1.1815079097857853e-11-2.3497692625690535e-13j)
c =  (2.762138177266289e-20+1.1841459892443395e-33j)
b*b - 4*c =  (-1.103459862107188e-19+5.552541935057113e-24j)
sqrt(b*b - 4*c) =  (8.357638477685748e-15+3.3218366347635e-10j)
E2_plus =  (5.91171836816777e-12+1.6620932020130343e-10j)
E2_minus =  (5.903360729690083e-12-1.6597434327504655e-10j)

sx-sy-sz coupling
AK = 
 [[ 1.51492e-08+2.23022e-21j  4.26108e-07+1.79412e-21j
   9.18870e-20+6.55432e-20j -5.93147e-13-2.45970e-20j
  -2.59359e-15-9.83436e-21j  1.54791e-10-6.06115e-12j]
 [-4.26128e-07+1.88394e-21j  1.51631e-08-2.32529e-21j
  -8.75654e-21-9.24023e-20j -9.05644e-14-4.44028e-20j
  -5.84281e-13+7.42951e-20j -4.41654e-09+1.72939e-10j]
 [-8.93054e-19+1.41609e-19j -2.44809e-19+7.30345e-21j
   2.18415e-08+4.97900e-23j -2.26253e-10-8.85941e-12j
   1.28812e-13+5.04391e-15j -2.01353e-15-4.54396e-21j]
 [-5.80985e-13-1.05298e-19j  9.01275e-14-2.40534e-19j
   2.26369e-10-8.86394e-12j  5.89829e-06-7.48266e-19j
   5.24556e-08+1.50906e-20j  2.31717e-11-9.07336e-13j]
 [ 2.16109e-15+1.12149e-19j -5.96444e-13+5.36424e-20j
  -1.13690e-13+4.45185e-15j -5.24458e-08-8.51222e-20j
   5.89325e-06-7.29358e-19j -5.96803e-11+2.33691e-12j]
 [-1.59442e-10-6.24326e-12j -4.41390e-09-1.72835e-10j
  -2.01350e-15+9.16641e-20j  4.02259e-12+1.57513e-13j
   3.39007e-10+1.32745e-11j  5.89337e-06-6.35847e-19j]]
BK = 
 [[ 1.62790e-07+1.85618e-15j  1.36919e-06+5.55399e-15j
   1.03642e-02-4.05830e-04j  1.22970e-01-6.62644e-16j
   3.80062e-07-6.17394e-16j  3.09981e-08-1.21379e-09j]
 [-1.39780e-06+3.05549e-15j -5.47643e-08+1.07718e-15j
  -5.20522e-06+2.03821e-07j -1.05399e-07-4.84860e-16j
   1.23005e-01+3.98878e-17j  1.11848e-05-4.37962e-07j]
 [-1.03589e-02-4.05622e-04j  5.89756e-06+2.30931e-07j
  -9.21929e-08-1.75986e-15j  1.34261e-07+5.25726e-09j
   1.68147e-05+6.58413e-07j  1.22956e-01+1.12575e-15j]
 [ 1.22970e-01-1.27912e-15j  3.80062e-07-5.56723e-16j
   3.09981e-08-1.21379e-09j  1.32426e-08-9.83305e-18j
  -1.08616e-04+1.04031e-15j  1.39193e-03-5.45040e-05j]
 [-1.05399e-07-5.45098e-16j  1.23005e-01-5.76412e-16j
   1.11848e-05-4.37962e-07j  1.08613e-04+6.14790e-16j
  -1.57730e-08+9.38084e-18j -6.64672e-07+2.60266e-08j]
 [ 1.34261e-07+5.25726e-09j  1.68147e-05+6.58413e-07j
   1.22956e-01+5.09498e-16j -1.39122e-03-5.44761e-05j
   7.60445e-07+2.97768e-08j -2.45180e-08-3.01844e-16j]]
CK = 
 [[-3.06711e-09-8.42919e-19j  1.09382e-10-1.95633e-18j
  -1.69725e-10+6.64594e-12j  4.79194e-05-5.58667e-18j
   4.26042e-07+3.46030e-19j  1.46225e-10-5.72573e-12j]
 [-1.09220e-10+9.11400e-19j -3.06460e-09+4.18736e-19j
   3.54237e-14-1.38643e-15j -4.26309e-07-4.84391e-19j
   4.79107e-05-5.70116e-18j -1.27682e-09+4.99963e-11j]
 [ 1.18628e-10+4.64512e-12j  3.30544e-09+1.29431e-10j
   1.88015e-14+7.51495e-19j  3.87261e-11+1.51640e-12j
  -3.79770e-09-1.48707e-10j  4.78849e-05-5.34355e-18j]
 [ 1.23195e-07+8.18098e-20j  3.46485e-06+2.62519e-20j
  -4.60844e-14+1.80503e-15j -6.78015e-11-9.32400e-19j
  -2.13479e-10-2.26419e-18j -4.03457e-06+1.57982e-07j]
 [-3.46432e-06+1.68249e-20j  1.23275e-07-5.28986e-21j
  -1.61530e-11+6.32504e-13j  1.76129e-10-1.53480e-18j
   1.82015e-11+1.73998e-19j -3.38825e-08+1.32674e-09j]
 [ 2.15230e-10+8.42775e-12j -1.12770e-11-4.41575e-13j
   1.77622e-07-1.21408e-20j  4.03531e-06+1.58011e-07j
   3.35964e-08+1.31554e-09j  5.73403e-11+6.90533e-19j]]
ldiff_xyz (from CK) in micro-meter =  [ -5.86787  -5.86787   5.86985   5.86985 -18.165    18.1653 ]
vij = 
 [[ 1.62790e-07+1.85658e-15j  1.36919e-06+5.55441e-15j
   1.03642e-02-4.05830e-04j]
 [-1.39780e-06+3.05604e-15j -5.47643e-08+1.07725e-15j
  -5.20522e-06+2.03821e-07j]
 [-1.03589e-02-4.05622e-04j  5.89756e-06+2.30931e-07j
  -9.21929e-08-1.76153e-15j]]
vij0 =  [[ 7.14639e-12-6.76935e-16j  1.68829e-07-3.88151e-16j
   4.45424e-03+4.80231e-16j]
 [ 3.26892e-07-1.23565e-16j  1.23807e-12-4.96687e-16j
   3.90582e-10+9.61806e-17j]
 [-4.45425e-03-5.63096e-16j -3.84790e-10-1.57859e-16j
   8.29926e-12-4.79000e-17j]]
AK_appr = 
 [[1.51561e-08+4.26118e-07j 0.00000e+00+0.00000e+00j
  0.00000e+00+0.00000e+00j 0.00000e+00+0.00000e+00j
  0.00000e+00+0.00000e+00j 0.00000e+00+0.00000e+00j]
 [0.00000e+00+0.00000e+00j 1.51561e-08-4.26118e-07j
  0.00000e+00+0.00000e+00j 0.00000e+00+0.00000e+00j
  0.00000e+00+0.00000e+00j 0.00000e+00+0.00000e+00j]
 [0.00000e+00+0.00000e+00j 0.00000e+00+0.00000e+00j
  2.18415e-08+1.48064e-19j 0.00000e+00+0.00000e+00j
  0.00000e+00+0.00000e+00j 0.00000e+00+0.00000e+00j]
 [0.00000e+00+0.00000e+00j 0.00000e+00+0.00000e+00j
  0.00000e+00+0.00000e+00j 5.89829e-06-7.67549e-19j
  0.00000e+00+0.00000e+00j 0.00000e+00+0.00000e+00j]
 [0.00000e+00+0.00000e+00j 0.00000e+00+0.00000e+00j
  0.00000e+00+0.00000e+00j 0.00000e+00+0.00000e+00j
  5.89325e-06-7.15550e-19j 0.00000e+00+0.00000e+00j]
 [0.00000e+00+0.00000e+00j 0.00000e+00+0.00000e+00j
  0.00000e+00+0.00000e+00j 0.00000e+00+0.00000e+00j
  0.00000e+00+0.00000e+00j 5.89337e-06-6.63193e-19j]]
BK_appr = 
 [[ 0.00000e+00+0.00000e+00j  1.36919e-06+5.55441e-15j
   1.03642e-02-4.05830e-04j  1.22970e-01-1.27887e-15j
   0.00000e+00+0.00000e+00j  0.00000e+00+0.00000e+00j]
 [-1.39780e-06+3.05604e-15j  0.00000e+00+0.00000e+00j
  -5.20522e-06+2.03821e-07j  0.00000e+00+0.00000e+00j
   1.23005e-01-5.76525e-16j  0.00000e+00+0.00000e+00j]
 [-1.03589e-02-4.05622e-04j  5.89756e-06+2.30931e-07j
   0.00000e+00+0.00000e+00j  0.00000e+00+0.00000e+00j
   0.00000e+00+0.00000e+00j  1.22956e-01+5.09988e-16j]
 [ 1.22970e-01-1.27887e-15j  0.00000e+00+0.00000e+00j
   0.00000e+00+0.00000e+00j  0.00000e+00+0.00000e+00j
   0.00000e+00+0.00000e+00j  0.00000e+00+0.00000e+00j]
 [ 0.00000e+00+0.00000e+00j  1.23005e-01-5.76525e-16j
   0.00000e+00+0.00000e+00j  0.00000e+00+0.00000e+00j
   0.00000e+00+0.00000e+00j  0.00000e+00+0.00000e+00j]
 [ 0.00000e+00+0.00000e+00j  0.00000e+00+0.00000e+00j
   1.22956e-01+5.09988e-16j  0.00000e+00+0.00000e+00j
   0.00000e+00+0.00000e+00j  0.00000e+00+0.00000e+00j]]
BK_appr_inv = 
 [[ 0.00000e+00+0.00000e+00j  0.00000e+00+0.00000e+00j
  -0.00000e+00+0.00000e+00j  8.13204e+00+8.45717e-14j
   0.00000e+00+0.00000e+00j  0.00000e+00+0.00000e+00j]
 [ 0.00000e+00+0.00000e+00j  0.00000e+00+0.00000e+00j
  -0.00000e+00+0.00000e+00j  0.00000e+00+0.00000e+00j
   8.12976e+00+3.81043e-14j  0.00000e+00+0.00000e+00j]
 [ 0.00000e+00+0.00000e+00j  0.00000e+00+0.00000e+00j
  -0.00000e+00+0.00000e+00j  0.00000e+00+0.00000e+00j
   0.00000e+00+0.00000e+00j  8.13298e+00-3.37334e-14j]
 [ 8.13204e+00+8.45717e-14j  0.00000e+00+0.00000e+00j
  -0.00000e+00+0.00000e+00j  0.00000e+00+0.00000e+00j
  -9.05194e-05-3.67213e-13j -6.85463e-01+2.68407e-02j]
 [ 0.00000e+00+0.00000e+00j  8.12976e+00+3.81043e-14j
  -0.00000e+00+0.00000e+00j  9.24106e-05-2.02038e-13j
   0.00000e+00+0.00000e+00j  3.44165e-04-1.34765e-05j]
 [ 0.00000e+00+0.00000e+00j  0.00000e+00+0.00000e+00j
   8.13298e+00-3.37334e-14j  6.85112e-01+2.68270e-02j
  -3.89942e-04-1.52690e-05j  0.00000e+00+0.00000e+00j]]
CK_appr = 
 [[ 0.00000e+00+0.00000e+00j  0.00000e+00+0.00000e+00j
   0.00000e+00+0.00000e+00j  4.79651e-05-5.74292e-18j
   0.00000e+00+0.00000e+00j  0.00000e+00+0.00000e+00j]
 [ 0.00000e+00+0.00000e+00j  0.00000e+00+0.00000e+00j
   0.00000e+00+0.00000e+00j  0.00000e+00+0.00000e+00j
   4.79107e-05-5.59270e-18j  0.00000e+00+0.00000e+00j]
 [ 0.00000e+00+0.00000e+00j  0.00000e+00+0.00000e+00j
   0.00000e+00+0.00000e+00j  0.00000e+00+0.00000e+00j
   0.00000e+00+0.00000e+00j  4.79307e-05-5.59254e-18j]
 [ 1.23250e-07+3.46521e-06j  0.00000e+00+0.00000e+00j
   0.00000e+00+0.00000e+00j  0.00000e+00+0.00000e+00j
  -5.33453e-10-2.16401e-18j -4.03968e-06+1.58182e-07j]
 [ 0.00000e+00+0.00000e+00j  1.23216e-07-3.46424e-06j
   0.00000e+00+0.00000e+00j  5.45064e-10-1.19175e-18j
   0.00000e+00+0.00000e+00j  2.02829e-09-7.94220e-11j]
 [ 0.00000e+00+0.00000e+00j  0.00000e+00+0.00000e+00j
   1.77637e-07+1.20346e-18j  4.04099e-06+1.58233e-07j
  -2.29803e-09-8.99839e-11j  0.00000e+00+0.00000e+00j]]
lambda_appr_xyz =  [-8.86024e-06-9.42595e-06j  8.86024e-06+9.42595e-06j
 -2.90541e-06+1.41614e-07j  2.90541e-06-1.41614e-07j
  9.27315e-06-8.94919e-06j -9.27315e-06+8.94919e-06j]
ldiff_xyz (from CK_appr) in micro-meter =  [ -5.97249   5.97249 -18.21352  18.21352   5.70655  -5.70655]
