dim =  2
R = 
 [[ 4.69886 -2.34943  0.     ]
 [ 0.       4.06933  0.     ]
 [ 0.       0.      25.     ]]
volume =  478.0302990950002
area =  19.121211963800008
valley:
 [[ 0.33333  0.33333  0.     ]
 [-0.33333 -0.33333 -0.     ]]

##################################################
read and compute electronic quantities
##################################################
isMetal =  True
nb =  4
nk_full =  230400.0  nk =  926  , kmesh =  [480 480   1]
nkpair =  424737
T =  0.000950043414701698
emin =  -0.0058255018  emax =  0.013175367
k to valley:
 [[[ 0.       0.       0.     ]
  [-0.33333 -0.33333  0.     ]]

 [[ 0.33333  0.33333  0.     ]
  [ 0.       0.       0.     ]]

 [[ 0.       0.00208  0.     ]
  [-0.33333 -0.33125  0.     ]]

 [[ 0.33333  0.33542  0.     ]
  [ 0.       0.00208  0.     ]]

 [[ 0.       0.00417  0.     ]
  [-0.33333 -0.32917  0.     ]]

 [[ 0.33333  0.3375   0.     ]
  [ 0.       0.00417  0.     ]]

 [[ 0.       0.00625  0.     ]
  [-0.33333 -0.32708  0.     ]]

 [[ 0.33333  0.33958  0.     ]
  [ 0.       0.00625  0.     ]]

 [[ 0.       0.00833  0.     ]
  [-0.33333 -0.325    0.     ]]

 [[ 0.33333  0.34167  0.     ]
  [ 0.       0.00833  0.     ]]]
valley of k:
 [0 1 0 1 0 1 0 1 0 1]
valley pol. of k:
 [-1  1 -1  1 -1  1 -1  1 -1  1]
Ek: [[-0.00112 -0.00112  0.00058  0.00058]
 [-0.00112 -0.00112  0.00058  0.00058]
 [-0.00175 -0.00175  0.0012   0.0012 ]
 [-0.00175 -0.00175  0.0012   0.0012 ]
 [-0.00282 -0.00282  0.00228  0.00228]
 [-0.00282 -0.00282  0.00228  0.00228]
 [-0.00398 -0.00398  0.00343  0.00343]
 [-0.00398 -0.00398  0.00343  0.00343]
 [-0.00516 -0.00516  0.00461  0.00461]
 [-0.00516 -0.00516  0.00461  0.00461]]
vbm in eV =  -0.030550851959853357
cbm in eV =  0.015736819123110025
gap in eV =  0.04628767108296338
fk: [[0.99364 0.99363 0.963   0.963  ]
 [0.99364 0.99363 0.96301 0.96299]
 [0.99669 0.99668 0.93115 0.93109]
 [0.99669 0.99668 0.93115 0.93109]
 [0.99893 0.99893 0.81302 0.81287]
 [0.99893 0.99893 0.81302 0.81288]
 [0.99968 0.99968 0.56312 0.56288]
 [0.99968 0.99968 0.56311 0.56289]
 [0.99991 0.99991 0.27177 0.27158]
 [0.99991 0.99991 0.27176 0.27159]]

electron density =  1.451e+12 in cm^-d
hole density =  1.781e+09 in cm^-d
excess density =  1.449e+12 in cm^-d

sk:
 [[[[-5.96913e-09-2.65881e-18j -1.72104e-01-4.69446e-01j
    -2.08183e-06-2.69651e-04j  4.70586e-09+3.99808e-08j]
   [-1.72104e-01+4.69446e-01j  5.96923e-09-2.53827e-18j
     1.38617e-11+8.75047e-12j  6.27184e-05-2.62263e-04j]
   [-2.08183e-06+2.69651e-04j  1.38618e-11-8.75044e-12j
    -6.12673e-08+7.34077e-21j  5.43629e-02+4.97036e-01j]
   [ 4.70586e-09-3.99808e-08j  6.27184e-05+2.62263e-04j
     5.43629e-02-4.97036e-01j  6.12671e-08-3.23698e-19j]]

  [[ 4.55556e-09+9.11368e-19j  4.69446e-01-1.72104e-01j
     2.69651e-04-2.08183e-06j  3.99923e-08-4.66652e-09j]
   [ 4.69446e-01+1.72104e-01j -4.55553e-09+6.17704e-18j
    -8.31579e-12+1.84131e-11j  2.62263e-04+6.27184e-05j]
   [ 2.69651e-04+2.08183e-06j -8.31580e-12-1.84131e-11j
     5.25793e-09+1.87740e-18j -4.97036e-01+5.43629e-02j]
   [ 3.99923e-08+4.66652e-09j  2.62263e-04-6.27184e-05j
    -4.97036e-01-5.43629e-02j -5.25816e-09-9.45440e-19j]]

  [[-5.00000e-01-2.69116e-15j  6.33180e-09+4.03650e-09j
     2.19018e-12+3.28378e-12j  2.32411e-12+5.93111e-13j]
   [ 6.33180e-09-4.03650e-09j  5.00000e-01+2.92052e-15j
     5.07779e-04+1.81723e-04j -4.96043e-12+3.27098e-11j]
   [ 2.19020e-12-3.28379e-12j  5.07779e-04-1.81723e-04j
    -5.00000e-01-2.74466e-15j -1.18883e-08-6.03324e-08j]
   [ 2.32411e-12-5.93111e-13j -4.96041e-12-3.27098e-11j
    -1.18883e-08+6.03324e-08j  5.00000e-01+2.68277e-15j]]]


 [[[ 3.56431e-08+7.35203e-18j -1.72123e-01+4.69439e-01j
    -3.25099e-08+2.37382e-08j -9.27675e-05+2.53056e-04j]
   [-1.72123e-01-4.69439e-01j -3.56429e-08-1.49623e-18j
    -1.49597e-04+2.24195e-04j -1.00743e-11+6.13844e-12j]
   [-3.25099e-08-2.37382e-08j -1.49597e-04-2.24195e-04j
    -1.42584e-09-1.75448e-18j  2.77547e-01+4.15894e-01j]
   [-9.27675e-05-2.53056e-04j -1.00743e-11-6.13837e-12j
     2.77547e-01-4.15894e-01j  1.42562e-09+9.32508e-19j]]

  [[-3.40747e-08+1.38544e-17j  4.69439e-01+1.72123e-01j
    -2.37614e-08-3.25079e-08j  2.53056e-04+9.27675e-05j]
   [ 4.69439e-01-1.72123e-01j  3.40746e-08-1.64330e-17j
     2.24195e-04+1.49597e-04j  1.38733e-11+1.00300e-11j]
   [-2.37614e-08+3.25079e-08j  2.24195e-04-1.49597e-04j
     3.23185e-09-8.96091e-19j -4.15894e-01+2.77547e-01j]
   [ 2.53056e-04-9.27675e-05j  1.38734e-11-1.00301e-11j
    -4.15894e-01-2.77547e-01j -3.23160e-09+1.21389e-18j]]

  [[ 5.00000e-01-5.80844e-16j  4.42618e-08-2.17343e-08j
    -8.35157e-13-3.16082e-12j  2.35408e-11-1.17506e-11j]
   [ 4.42618e-08+2.17343e-08j -5.00000e-01+4.60866e-16j
     1.89387e-12+2.70680e-13j -5.39047e-04+3.24562e-08j]
   [-8.35157e-13+3.16082e-12j  1.89387e-12-2.70688e-13j
    -5.00000e-01+6.41781e-16j -3.47950e-09+6.08182e-10j]
   [ 2.35408e-11+1.17505e-11j -5.39047e-04-3.24562e-08j
    -3.47950e-09-6.08182e-10j  5.00000e-01-4.94634e-16j]]]


 [[[-3.40536e-01-1.92831e-15j -3.64977e-01+2.87577e-02j
     1.03999e-04-4.88236e-06j -6.37984e-05+4.57336e-06j]
   [-3.64977e-01-2.87577e-02j  3.40536e-01+1.90347e-15j
    -1.07382e-05-5.06970e-06j  2.02306e-04-6.16581e-06j]
   [ 1.03999e-04+4.88236e-06j -1.07382e-05+5.06970e-06j
     4.43324e-01+2.40498e-15j  2.28924e-01-3.25159e-02j]
   [-6.37984e-05-4.57336e-06j  2.02306e-04+6.16581e-06j
     2.28924e-01+3.25159e-02j -4.43324e-01-2.38158e-15j]]

  [[-1.98609e-02-9.12356e-17j -2.08005e-02-4.99172e-01j
    -1.15763e-05+7.35112e-05j -8.45628e-07-7.53250e-05j]
   [-2.08005e-02+4.99172e-01j  1.98609e-02+1.22081e-16j
    -3.26625e-06+7.53873e-05j -5.09128e-06+7.35328e-05j]
   [-1.15763e-05-7.35112e-05j -3.26625e-06-7.53873e-05j
     2.87252e-02+4.69731e-17j  1.52406e-02+4.98941e-01j]
   [-8.45628e-07+7.53250e-05j -5.09128e-06-7.35328e-05j
     1.52406e-02-4.98941e-01j -2.87252e-02+5.49555e-18j]]

  [[-3.65569e-01-2.10549e-15j  3.41114e-01+3.30877e-04j
    -4.17605e-05-1.45124e-05j  1.00699e-04-1.17889e-05j]
   [ 3.41114e-01-3.30877e-04j  3.65569e-01+2.21175e-15j
    -2.04007e-04-9.86912e-06j  9.45974e-05+1.40595e-05j]
   [-4.17605e-05+1.45124e-05j -2.04007e-04+9.86912e-06j
    -2.29431e-01-1.23707e-15j  4.44253e-01-3.61231e-04j]
   [ 1.00699e-04+1.17889e-05j  9.45974e-05-1.40595e-05j
     4.44253e-01+3.61231e-04j  2.29431e-01+1.32185e-15j]]]]
mask_Ek:
 [[ True  True  True  True]
 [ True  True  True  True]
 [ True  True  True  True]
 ...
 [ True  True  True  True]
 [ True  True  True  True]
 [ True  True  True  True]]

number of states within [emin,emax]:  2168  ( 3704 )
number of elements of rho left:  5600  ( 14816 )
mask_Ek and mask_rho are right
nb_k =  [4 4 4 4 4 4 4 4 4 4 2 2 2 2 2 2 2 2 2 2 2 2 2 2 2 2 2 2 2 2 2 2 2 2 2 2 2
 2 4 4 4 4 4 4 4 4 4 4 4 4 4 4 4 4 4 2 2 2 2 2 2 2 2 2 2 2 2 2 2 2 2 2 2 2
 2 2 2 2 2 2 4 2 4 4 4 4 4 4 4 4 4 4 4 4 4 4 4 4 2 2 2 2 2 2 2 2 2 2 2 2 2
 2 2 2 2 2 2 2 2 2 2 2 2 2 4 4 4 4 4 4 4 4 4 4 4 4 4 4 4 4 2 2 2 2 2 2 2 2
 2 2 2 2 2 2 2 2 2 2 2 2 2 2 2 2 2 2 2 2 4 4 4 4 4 4 4 4 4 4 4 4 4 2 2 2 2
 2 2 2 2 2 2 2 2 2 2 2 2 2 2 2 2 2 2 2 2 2 2 2 2 2 2 2 4 2 4 4 4 4 4 4 4 4
 2 2 2 2 2 2 2 2 2 2 2 2 2 2 2 2 2 2 2 2 2 2 2 2 2 2 2 2 2 2 2 2 2 2 2 4 4
 4 4 4 2 4 2 2 2 2 2 2 2 2 2 2 2 2 2 2 2 2 2 2 2 2 2 2 2 2 2 2 2 2 2 2 2 2
 2 2 2 2 2 2 2 2 2 2 2 2 2 2 2 2 2 2 2 2 2 2 2 2 2 2 2 2 2 2 2 2 2 2 2 2 2
 2 2 2 2 2 2 2 2 2 2 2 2 2 2 2 2 2 2 2 2 2 2 2 2 2 2 2 2 2 2 2 2 2 2 2 2 2
 2 2 2 2 2 2 2 2 2 2 2 2 2 2 2 2 2 2 2 2 2 2 2 2 2 2 2 2 2 2 2 2 2 2 2 2 2
 2 2 2 2 2 2 2 2 2 2 2 2 2 2 2 2 2 2 2 2 2 2 2 2 2 2 2 2 2 2 2 2 2 2 2 2 2
 2 2 2 2 2 2 2 2 2 2 2 2 2 2 2 2 2 2 2 2 2 2 2 2 2 2 2 2 2 2 2 2 2 2 2 2 2
 2 2 2 2 2 2 2 2 2 2 2 2 2 2 2 2 2 2 2 2 2 2 2 2 2 2 2 2 2 2 2 2 2 2 2 2 2
 2 2 2 2 2 2 2 2 2 2 2 2 2 2 2 2 2 2 2 2 2 2 2 2 2 2 2 2 2 2 2 2 2 2 2 2 2
 2 2 2 2 2 2 2 2 2 2 2 2 2 2 2 2 2 2 2 2 2 2 2 2 2 2 2 2 2 2 2 2 2 2 2 2 2
 2 2 2 2 2 2 2 2 2 2 2 2 2 2 2 2 2 2 2 2 2 2 2 2 2 2 2 2 2 2 2 2 2 2 2 2 2
 2 2 2 2 2 2 2 2 2 2 2 2 2 2 2 2 2 2 2 2 2 2 2 2 2 2 2 2 2 2 2 2 2 2 2 2 2
 2 2 2 2 2 2 2 2 2 2 2 2 2 2 2 2 2 2 2 2 2 2 2 2 2 2 2 2 2 2 2 2 2 2 2 2 2
 2 2 2 2 2 2 2 4 2 4 4 4 4 4 2 2 2 2 2 2 2 2 2 2 2 2 2 2 2 2 2 2 2 2 2 2 2
 2 2 2 2 2 2 2 2 2 2 4 4 4 4 4 4 4 4 4 4 2 4 2 2 2 2 2 2 2 2 2 2 2 2 2 2 2
 2 2 2 2 2 2 2 2 2 2 2 2 2 2 2 2 4 4 4 4 4 4 4 4 4 4 4 4 4 2 2 2 2 2 2 2 2
 2 2 2 2 2 2 2 2 2 2 2 2 2 2 2 2 2 2 2 2 4 4 4 4 4 4 4 4 4 4 4 4 4 4 4 4 2
 2 2 2 2 2 2 2 2 2 2 2 2 2 2 2 2 2 2 2 2 2 2 2 2 2 4 4 4 4 4 4 4 4 4 4 4 4
 4 4 4 4 2 4 2 2 2 2 2 2 2 2 2 2 2 2 2 2 2 2 2 2 2 2 2 2 2 2 2 4 4 4 4 4 4
 4]
ind_k_state =  [   0    4    8   12   16   20   24   28   32   36   40   42   44   46
   48   50   52   54   56   58   60   62   64   66   68   70   72   74
   76   78   80   82   84   86   88   90   92   94   96  100  104  108
  112  116  120  124  128  132  136  140  144  148  152  156  160  164
  166  168  170  172  174  176  178  180  182  184  186  188  190  192
  194  196  198  200  202  204  206  208  210  212  214  218  220  224
  228  232  236  240  244  248  252  256  260  264  268  272  276  280
  284  286  288  290  292  294  296  298  300  302  304  306  308  310
  312  314  316  318  320  322  324  326  328  330  332  334  336  340
  344  348  352  356  360  364  368  372  376  380  384  388  392  396
  400  402  404  406  408  410  412  414  416  418  420  422  424  426
  428  430  432  434  436  438  440  442  444  446  448  450  452  454
  456  460  464  468  472  476  480  484  488  492  496  500  504  508
  510  512  514  516  518  520  522  524  526  528  530  532  534  536
  538  540  542  544  546  548  550  552  554  556  558  560  562  564
  566  568  570  574  576  580  584  588  592  596  600  604  608  610
  612  614  616  618  620  622  624  626  628  630  632  634  636  638
  640  642  644  646  648  650  652  654  656  658  660  662  664  666
  668  670  672  674  676  678  682  686  690  694  698  700  704  706
  708  710  712  714  716  718  720  722  724  726  728  730  732  734
  736  738  740  742  744  746  748  750  752  754  756  758  760  762
  764  766  768  770  772  774  776  778  780  782  784  786  788  790
  792  794  796  798  800  802  804  806  808  810  812  814  816  818
  820  822  824  826  828  830  832  834  836  838  840  842  844  846
  848  850  852  854  856  858  860  862  864  866  868  870  872  874
  876  878  880  882  884  886  888  890  892  894  896  898  900  902
  904  906  908  910  912  914  916  918  920  922  924  926  928  930
  932  934  936  938  940  942  944  946  948  950  952  954  956  958
  960  962  964  966  968  970  972  974  976  978  980  982  984  986
  988  990  992  994  996  998 1000 1002 1004 1006 1008 1010 1012 1014
 1016 1018 1020 1022 1024 1026 1028 1030 1032 1034 1036 1038 1040 1042
 1044 1046 1048 1050 1052 1054 1056 1058 1060 1062 1064 1066 1068 1070
 1072 1074 1076 1078 1080 1082 1084 1086 1088 1090 1092 1094 1096 1098
 1100 1102 1104 1106 1108 1110 1112 1114 1116 1118 1120 1122 1124 1126
 1128 1130 1132 1134 1136 1138 1140 1142 1144 1146 1148 1150 1152 1154
 1156 1158 1160 1162 1164 1166 1168 1170 1172 1174 1176 1178 1180 1182
 1184 1186 1188 1190 1192 1194 1196 1198 1200 1202 1204 1206 1208 1210
 1212 1214 1216 1218 1220 1222 1224 1226 1228 1230 1232 1234 1236 1238
 1240 1242 1244 1246 1248 1250 1252 1254 1256 1258 1260 1262 1264 1266
 1268 1270 1272 1274 1276 1278 1280 1282 1284 1286 1288 1290 1292 1294
 1296 1298 1300 1302 1304 1306 1308 1310 1312 1314 1316 1318 1320 1322
 1324 1326 1328 1330 1332 1334 1336 1338 1340 1342 1344 1346 1348 1350
 1352 1354 1356 1358 1360 1362 1364 1366 1368 1370 1372 1374 1376 1378
 1380 1382 1384 1386 1388 1390 1392 1394 1396 1398 1400 1402 1404 1406
 1408 1410 1412 1414 1416 1418 1420 1422 1424 1426 1428 1430 1432 1434
 1436 1438 1440 1442 1444 1446 1448 1450 1452 1454 1456 1458 1460 1462
 1464 1466 1468 1470 1472 1474 1476 1478 1480 1482 1484 1486 1488 1490
 1492 1494 1496 1498 1500 1502 1504 1506 1508 1510 1512 1514 1516 1518
 1520 1522 1524 1526 1528 1530 1532 1534 1536 1538 1540 1542 1544 1546
 1548 1550 1552 1554 1556 1558 1560 1562 1564 1566 1568 1570 1572 1574
 1576 1578 1580 1582 1584 1586 1588 1590 1592 1594 1596 1600 1602 1606
 1610 1614 1618 1622 1624 1626 1628 1630 1632 1634 1636 1638 1640 1642
 1644 1646 1648 1650 1652 1654 1656 1658 1660 1662 1664 1666 1668 1670
 1672 1674 1676 1678 1680 1682 1684 1686 1688 1692 1696 1700 1704 1708
 1712 1716 1720 1724 1728 1730 1734 1736 1738 1740 1742 1744 1746 1748
 1750 1752 1754 1756 1758 1760 1762 1764 1766 1768 1770 1772 1774 1776
 1778 1780 1782 1784 1786 1788 1790 1792 1794 1796 1800 1804 1808 1812
 1816 1820 1824 1828 1832 1836 1840 1844 1848 1850 1852 1854 1856 1858
 1860 1862 1864 1866 1868 1870 1872 1874 1876 1878 1880 1882 1884 1886
 1888 1890 1892 1894 1896 1898 1900 1902 1904 1908 1912 1916 1920 1924
 1928 1932 1936 1940 1944 1948 1952 1956 1960 1964 1968 1970 1972 1974
 1976 1978 1980 1982 1984 1986 1988 1990 1992 1994 1996 1998 2000 2002
 2004 2006 2008 2010 2012 2014 2016 2018 2020 2024 2028 2032 2036 2040
 2044 2048 2052 2056 2060 2064 2068 2072 2076 2080 2084 2086 2090 2092
 2094 2096 2098 2100 2102 2104 2106 2108 2110 2112 2114 2116 2118 2120
 2122 2124 2126 2128 2130 2132 2134 2136 2138 2140 2144 2148 2152 2156
 2160 2164 2168]

--------------------------------------------------
rule out electronic states outside the energy window [emin, emax]
--------------------------------------------------
time for electron:  0.6457914570346475

##################################################
read and compute e-ph quantities
##################################################
time for e-ph setup:  47.10056297108531

--------------------------------------------------
carrier transport from conventional method
--------------------------------------------------
carrier lifetime (rate average) in ps:  0.7242965939287178
carrier lifetime (time average) in ps:  0.8171224677554675
momentum lifetime (rate average) in ps:  0.8583154483011363
momentum lifetime (time average) in ps:  0.9463108648162185
momentum lifetime (type 2, rate average) in ps:  2.546741700944143
momentum lifetime (type 2, time average) in ps:  0.9447392793281989
average of v^2 =  [6.61302e-02 6.61302e-02 1.18346e-12]
Fermi velocity in m/s =  [5.62582e+05 5.62582e+05 2.37993e+00]
conductivity using tau in S =  [9.75027e-03 9.75022e-03 1.22985e-13]
conductivity using taum in S =  [1.13477e-02 1.13345e-02 1.53180e-13]
conductivity using taum2 in S =  [1.13508e-02 1.13381e-02 1.53059e-13]
mobility (n=|ne-nh|) using tau in cm^2/V/s =  [4.19942e+04 4.19939e+04 5.29692e-07]
mobility (n=|ne-nh|) using taum in cm^2/V/s =  [4.88743e+04 4.88175e+04 6.59740e-07]
mobility (n=|ne-nh|) using taum2 in cm^2/V/s =  [4.88876e+04 4.88331e+04 6.59219e-07]
mobility (n=ne+nh) using tau in cm^2/V/s =  [4.18912e+04 4.18909e+04 5.28393e-07]
mobility (n=ne+nh) using taum in cm^2/V/s =  [4.87545e+04 4.86978e+04 6.58122e-07]
mobility (n=ne+nh) using taum2 in cm^2/V/s =  [4.87677e+04 4.87133e+04 6.57602e-07]
time for compute_carrier_transport_conventional:  0.28791358694434166
carrier lifetime (rate average) in ps:  0.7242965939287178
effetive lifetime (single element of rho, rate average) in ps:  0.5406585231043222
time for e-ph:  0.38781189592555165

time for set up and some simple analysis:  48.40217784792185

##################################################
solving spin lifetimes via linear algebra and analysis decay modes
##################################################

--------------------------------------------------
solve -L x = x e :
--------------------------------------------------
rates:
 [-1.07678e-19+2.36354e-19j  1.51561e-08+4.26118e-07j
  1.51561e-08-4.26118e-07j  2.18415e-08+1.48064e-19j
  2.83609e-06-1.74675e-19j  2.84519e-06-4.26193e-07j
  2.84519e-06+4.26193e-07j  2.86218e-06-2.62436e-19j
  1.24603e-05-4.15085e-20j  1.24925e-05+4.26639e-07j]
spin lifetimes in ps:
 [-2.24640e+14  1.59598e+03  1.59598e+03  1.10747e+03  8.52894e+00
  8.50167e+00  8.50167e+00  8.45118e+00  1.94127e+00  1.93626e+00]
precession freq. in au:
 [ 2.36354e-19  4.26118e-07 -4.26118e-07  1.48064e-19 -1.74675e-19
 -4.26193e-07  4.26193e-07 -2.62436e-19 -4.15085e-20  4.26639e-07]
short lifetimes in ps:
 [0.06072 0.06072 0.06072 0.06071 0.06071 0.06071 0.06071 0.0607  0.0607
 0.06069]

time for solving lifetimes via lin. alg.:  14.093055692967027

Analyse decay mode:

The 4 observables and perturbations are:
n, sx, sy, sz
ob. proj. to VR = 
 [[ 6.77343e-01+3.42048e-12j  0.00000e+00+0.00000e+00j
   0.00000e+00+0.00000e+00j  0.00000e+00+0.00000e+00j
   0.00000e+00+0.00000e+00j  0.00000e+00+0.00000e+00j
   0.00000e+00+0.00000e+00j  0.00000e+00+0.00000e+00j]
 [ 0.00000e+00+0.00000e+00j -2.13673e-01+1.08483e-01j
  -1.08489e-01-2.13677e-01j  0.00000e+00+0.00000e+00j
   0.00000e+00+0.00000e+00j -4.06114e-03-7.99747e-03j
   7.99724e-03-4.06103e-03j  0.00000e+00+0.00000e+00j]
 [ 0.00000e+00+0.00000e+00j -2.13673e-01-1.08483e-01j
  -1.08489e-01+2.13677e-01j  0.00000e+00+0.00000e+00j
   0.00000e+00+0.00000e+00j -4.06114e-03+7.99747e-03j
   7.99724e-03+4.06103e-03j  0.00000e+00+0.00000e+00j]
 [ 0.00000e+00+0.00000e+00j  0.00000e+00+0.00000e+00j
   0.00000e+00+0.00000e+00j  3.38554e-01-1.32568e-02j
   0.00000e+00+0.00000e+00j  0.00000e+00+0.00000e+00j
   0.00000e+00+0.00000e+00j  0.00000e+00+0.00000e+00j]
 [ 0.00000e+00+0.00000e+00j  0.00000e+00+0.00000e+00j
   0.00000e+00+0.00000e+00j  0.00000e+00+0.00000e+00j
  -4.75875e-01+4.79270e-12j  0.00000e+00+0.00000e+00j
   0.00000e+00+0.00000e+00j -9.22107e-04-3.56038e-12j]
 [ 0.00000e+00+0.00000e+00j -6.50831e-03-1.32517e-04j
  -1.32289e-04+6.50821e-03j  0.00000e+00+0.00000e+00j
   0.00000e+00+0.00000e+00j -3.41199e-03+1.68573e-01j
   1.68578e-01+3.41564e-03j  0.00000e+00+0.00000e+00j]
 [ 0.00000e+00+0.00000e+00j -6.50831e-03+1.32517e-04j
  -1.32289e-04-6.50821e-03j  0.00000e+00+0.00000e+00j
   0.00000e+00+0.00000e+00j -3.41199e-03-1.68573e-01j
   1.68578e-01-3.41564e-03j  0.00000e+00+0.00000e+00j]
 [ 0.00000e+00+0.00000e+00j  0.00000e+00+0.00000e+00j
   0.00000e+00+0.00000e+00j  0.00000e+00+0.00000e+00j
   1.86637e-03-8.55098e-05j  0.00000e+00+0.00000e+00j
   0.00000e+00+0.00000e+00j -2.37868e-01+1.08982e-02j]
 [ 0.00000e+00+0.00000e+00j  0.00000e+00+0.00000e+00j
   0.00000e+00+0.00000e+00j  0.00000e+00+0.00000e+00j
  -9.56492e-03+3.40107e-15j  0.00000e+00+0.00000e+00j
   0.00000e+00+0.00000e+00j  0.00000e+00+0.00000e+00j]
 [ 0.00000e+00+0.00000e+00j -3.87945e-04-1.97602e-04j
   1.97613e-04-3.87901e-04j  0.00000e+00+0.00000e+00j
   0.00000e+00+0.00000e+00j -1.57094e-03+3.08288e-03j
  -3.08315e-03-1.57083e-03j  0.00000e+00+0.00000e+00j]]
rhopert. proj. to VL = 
 [[-6.77343e-01+3.42048e-12j  0.00000e+00+0.00000e+00j
   0.00000e+00+0.00000e+00j  0.00000e+00+0.00000e+00j
   0.00000e+00+0.00000e+00j  0.00000e+00+0.00000e+00j
   0.00000e+00+0.00000e+00j  0.00000e+00+0.00000e+00j]
 [ 0.00000e+00+0.00000e+00j  4.27585e-01+2.17104e-01j
   2.17091e-01-4.27579e-01j  0.00000e+00+0.00000e+00j
   0.00000e+00+0.00000e+00j -8.12433e-03+1.60046e-02j
   1.60045e-02+8.12485e-03j  0.00000e+00+0.00000e+00j]
 [ 0.00000e+00+0.00000e+00j  4.27585e-01-2.17104e-01j
   2.17091e-01+4.27579e-01j  0.00000e+00+0.00000e+00j
   0.00000e+00+0.00000e+00j -8.12433e-03-1.60046e-02j
   1.60045e-02-8.12485e-03j  0.00000e+00+0.00000e+00j]
 [ 0.00000e+00+0.00000e+00j  0.00000e+00+0.00000e+00j
   0.00000e+00+0.00000e+00j -6.77136e-01-2.65146e-02j
   0.00000e+00+0.00000e+00j  0.00000e+00+0.00000e+00j
   0.00000e+00+0.00000e+00j  0.00000e+00+0.00000e+00j]
 [ 0.00000e+00+0.00000e+00j  0.00000e+00+0.00000e+00j
   0.00000e+00+0.00000e+00j  0.00000e+00+0.00000e+00j
   9.33656e-01+9.32055e-12j  0.00000e+00+0.00000e+00j
   0.00000e+00+0.00000e+00j  3.63280e-03+8.51694e-12j]
 [ 0.00000e+00+0.00000e+00j -2.54811e-02+5.14245e-04j
  -5.14337e-04-2.54821e-02j  0.00000e+00+0.00000e+00j
   0.00000e+00+0.00000e+00j  1.33901e-02+6.60026e-01j
  -6.60006e-01+1.33745e-02j  0.00000e+00+0.00000e+00j]
 [ 0.00000e+00+0.00000e+00j -2.54811e-02-5.14245e-04j
  -5.14337e-04+2.54821e-02j  0.00000e+00+0.00000e+00j
   0.00000e+00+0.00000e+00j  1.33901e-02-6.60026e-01j
  -6.60006e-01-1.33745e-02j  0.00000e+00+0.00000e+00j]
 [ 0.00000e+00+0.00000e+00j  0.00000e+00+0.00000e+00j
   0.00000e+00+0.00000e+00j  0.00000e+00+0.00000e+00j
  -3.66106e-03-1.67736e-04j  0.00000e+00+0.00000e+00j
   0.00000e+00+0.00000e+00j  9.33127e-01+4.27523e-02j]
 [ 0.00000e+00+0.00000e+00j  0.00000e+00+0.00000e+00j
   0.00000e+00+0.00000e+00j  0.00000e+00+0.00000e+00j
   1.53599e-02+6.85855e-15j  0.00000e+00+0.00000e+00j
   0.00000e+00+0.00000e+00j  2.01408e-04-3.82442e-14j]
 [ 0.00000e+00+0.00000e+00j -1.24518e-03+6.29706e-04j
   6.29697e-04+1.24537e-03j  0.00000e+00+0.00000e+00j
   0.00000e+00+0.00000e+00j  5.00341e-03+9.89845e-03j
   9.89691e-03-5.00399e-03j  0.00000e+00+0.00000e+00j]]
ob. of pert:
 [[-4.58794e-01  0.00000e+00  0.00000e+00  1.21548e-05  0.00000e+00
   0.00000e+00  0.00000e+00 -5.24318e-06]
 [ 0.00000e+00 -2.29397e-01  0.00000e+00  0.00000e+00  0.00000e+00
   0.00000e+00  0.00000e+00  0.00000e+00]
 [ 0.00000e+00  0.00000e+00 -2.29397e-01  0.00000e+00  0.00000e+00
   0.00000e+00  0.00000e+00  0.00000e+00]
 [ 0.00000e+00  0.00000e+00  0.00000e+00 -2.29397e-01 -1.04864e-05
   0.00000e+00  0.00000e+00  0.00000e+00]
 [ 0.00000e+00  0.00000e+00  0.00000e+00 -5.24318e-06 -4.58794e-01
   0.00000e+00  0.00000e+00  1.21548e-05]
 [ 0.00000e+00  0.00000e+00  0.00000e+00  0.00000e+00  0.00000e+00
  -2.29397e-01  0.00000e+00  0.00000e+00]
 [ 0.00000e+00  0.00000e+00  0.00000e+00  0.00000e+00  0.00000e+00
   0.00000e+00 -2.29397e-01  0.00000e+00]
 [ 0.00000e+00  0.00000e+00  0.00000e+00  0.00000e+00  0.00000e+00
   0.00000e+00  0.00000e+00 -2.29397e-01]]

mode  0  with rate  -9.286915527098434e+18
pert. and ob.:
 [[-4.58794e-01  0.00000e+00  0.00000e+00  1.21546e-05  0.00000e+00
   0.00000e+00  0.00000e+00 -5.24319e-06]
 [ 0.00000e+00  0.00000e+00  0.00000e+00  0.00000e+00  0.00000e+00
   0.00000e+00  0.00000e+00  0.00000e+00]
 [ 0.00000e+00  0.00000e+00  0.00000e+00  0.00000e+00  0.00000e+00
   0.00000e+00  0.00000e+00  0.00000e+00]
 [ 0.00000e+00  0.00000e+00  0.00000e+00  0.00000e+00  0.00000e+00
   0.00000e+00  0.00000e+00  0.00000e+00]
 [ 0.00000e+00  0.00000e+00  0.00000e+00  0.00000e+00  0.00000e+00
   0.00000e+00  0.00000e+00  0.00000e+00]
 [ 0.00000e+00  0.00000e+00  0.00000e+00  0.00000e+00  0.00000e+00
   0.00000e+00  0.00000e+00  0.00000e+00]
 [ 0.00000e+00  0.00000e+00  0.00000e+00  0.00000e+00  0.00000e+00
   0.00000e+00  0.00000e+00  0.00000e+00]
 [ 0.00000e+00  0.00000e+00  0.00000e+00  0.00000e+00  0.00000e+00
   0.00000e+00  0.00000e+00  0.00000e+00]]

mode  1  with rate  65979875.83110508
pert. and ob.:
 [[ 0.00000e+00  0.00000e+00  0.00000e+00  0.00000e+00  0.00000e+00
   0.00000e+00  0.00000e+00  0.00000e+00]
 [ 0.00000e+00 -1.14916e-01  1.81783e-06 -4.33429e-07  0.00000e+00
  -2.05142e-07  4.30117e-03  2.82475e-06]
 [ 0.00000e+00 -1.66093e-06 -1.14916e-01  1.99074e-07  0.00000e+00
  -4.30119e-03 -2.83427e-07 -2.91884e-07]
 [ 0.00000e+00  6.23442e-07 -8.92078e-08  0.00000e+00  0.00000e+00
   0.00000e+00 -2.33350e-08  0.00000e+00]
 [ 0.00000e+00  0.00000e+00  0.00000e+00  0.00000e+00  0.00000e+00
   0.00000e+00  0.00000e+00  0.00000e+00]
 [ 0.00000e+00 -2.69788e-07  4.30121e-03  0.00000e+00  0.00000e+00
   1.60991e-04  2.30332e-08  1.09332e-08]
 [ 0.00000e+00 -4.30115e-03 -2.19152e-07 -1.62222e-08  0.00000e+00
  -1.84276e-08  1.60987e-04  1.05726e-07]
 [ 0.00000e+00 -2.56789e-06  1.18026e-06  0.00000e+00  0.00000e+00
   4.41699e-08  9.61170e-08  0.00000e+00]]

mode  2  with rate  65979875.83059277
pert. and ob.:
 [[ 0.00000e+00  0.00000e+00  0.00000e+00  0.00000e+00  0.00000e+00
   0.00000e+00  0.00000e+00  0.00000e+00]
 [ 0.00000e+00 -1.14916e-01  1.81783e-06 -4.33429e-07  0.00000e+00
  -2.05142e-07  4.30117e-03  2.82475e-06]
 [ 0.00000e+00 -1.66093e-06 -1.14916e-01  1.99074e-07  0.00000e+00
  -4.30119e-03 -2.83427e-07 -2.91884e-07]
 [ 0.00000e+00  6.23442e-07 -8.92078e-08  0.00000e+00  0.00000e+00
   0.00000e+00 -2.33350e-08  0.00000e+00]
 [ 0.00000e+00  0.00000e+00  0.00000e+00  0.00000e+00  0.00000e+00
   0.00000e+00  0.00000e+00  0.00000e+00]
 [ 0.00000e+00 -2.69788e-07  4.30121e-03  0.00000e+00  0.00000e+00
   1.60991e-04  2.30332e-08  1.09332e-08]
 [ 0.00000e+00 -4.30115e-03 -2.19152e-07 -1.62222e-08  0.00000e+00
  -1.84276e-08  1.60987e-04  1.05726e-07]
 [ 0.00000e+00 -2.56789e-06  1.18026e-06  0.00000e+00  0.00000e+00
   4.41699e-08  9.61170e-08  0.00000e+00]]

mode  3  with rate  45784346.05386841
pert. and ob.:
 [[ 0.00000e+00  0.00000e+00  0.00000e+00  0.00000e+00  0.00000e+00
   0.00000e+00  0.00000e+00  0.00000e+00]
 [ 0.00000e+00  0.00000e+00  0.00000e+00  7.71188e-07  0.00000e+00
   0.00000e+00  0.00000e+00  0.00000e+00]
 [ 0.00000e+00  0.00000e+00  0.00000e+00 -6.02849e-07  0.00000e+00
   0.00000e+00  0.00000e+00  0.00000e+00]
 [ 0.00000e+00 -1.27131e-06 -4.61544e-08 -2.29599e-01 -1.06055e-05
  -5.65279e-06  6.06650e-07 -9.13003e-07]
 [ 0.00000e+00  0.00000e+00  0.00000e+00 -5.30264e-06  0.00000e+00
   0.00000e+00  0.00000e+00  0.00000e+00]
 [ 0.00000e+00  0.00000e+00  0.00000e+00  5.13974e-06  0.00000e+00
   0.00000e+00  0.00000e+00  0.00000e+00]
 [ 0.00000e+00  0.00000e+00  0.00000e+00 -2.37251e-06  0.00000e+00
   0.00000e+00  0.00000e+00  0.00000e+00]
 [ 0.00000e+00  0.00000e+00  0.00000e+00 -9.12249e-07  0.00000e+00
   0.00000e+00  0.00000e+00  0.00000e+00]]

mode  4  with rate  352598.19965318975
pert. and ob.:
 [[ 0.00000e+00  0.00000e+00  0.00000e+00  0.00000e+00  0.00000e+00
   0.00000e+00  0.00000e+00  0.00000e+00]
 [ 0.00000e+00  0.00000e+00  0.00000e+00  0.00000e+00 -4.42084e-08
   0.00000e+00  0.00000e+00  0.00000e+00]
 [ 0.00000e+00  0.00000e+00  0.00000e+00  0.00000e+00  0.00000e+00
   0.00000e+00  0.00000e+00  0.00000e+00]
 [ 0.00000e+00  0.00000e+00  0.00000e+00  0.00000e+00  1.36266e-07
   0.00000e+00  0.00000e+00  0.00000e+00]
 [ 0.00000e+00  1.97991e-08  0.00000e+00  6.79782e-08 -4.44303e-01
   3.23209e-08  8.39873e-08 -8.60930e-04]
 [ 0.00000e+00  0.00000e+00  0.00000e+00  0.00000e+00  4.25948e-08
   0.00000e+00  0.00000e+00  0.00000e+00]
 [ 0.00000e+00  0.00000e+00  0.00000e+00  0.00000e+00  1.37321e-07
   0.00000e+00  0.00000e+00  0.00000e+00]
 [ 0.00000e+00  0.00000e+00  0.00000e+00  0.00000e+00 -1.72876e-03
   0.00000e+00  0.00000e+00 -3.34983e-06]]

mode  5  with rate  351470.60365609516
pert. and ob.:
 [[ 0.00000e+00  0.00000e+00  0.00000e+00  0.00000e+00  0.00000e+00
   0.00000e+00  0.00000e+00  0.00000e+00]
 [ 0.00000e+00  1.65907e-04  2.40648e-08  5.24655e-08  0.00000e+00
   2.53660e-07 -4.29732e-03  0.00000e+00]
 [ 0.00000e+00 -2.93541e-08  1.65911e-04  1.13341e-07  0.00000e+00
   4.29734e-03  3.31527e-07 -3.20334e-08]
 [ 0.00000e+00  1.60777e-08  1.24004e-07  0.00000e+00  0.00000e+00
   3.21186e-06 -4.16764e-07  0.00000e+00]
 [ 0.00000e+00  0.00000e+00  0.00000e+00  0.00000e+00  0.00000e+00
  -1.60184e-08 -4.22196e-08  0.00000e+00]
 [ 0.00000e+00  3.17835e-07 -4.29736e-03 -2.93586e-06 -2.39270e-08
  -1.11308e-01  2.87415e-06  8.29735e-07]
 [ 0.00000e+00  4.29729e-03  2.67674e-07  1.35871e-06 -6.97978e-08
  -2.64161e-06 -1.11308e-01 -1.58455e-07]
 [ 0.00000e+00  0.00000e+00 -2.59926e-08  0.00000e+00  0.00000e+00
  -6.73233e-07  1.82464e-07  0.00000e+00]]

mode  6  with rate  351470.6036560892
pert. and ob.:
 [[ 0.00000e+00  0.00000e+00  0.00000e+00  0.00000e+00  0.00000e+00
   0.00000e+00  0.00000e+00  0.00000e+00]
 [ 0.00000e+00  1.65907e-04  2.40648e-08  5.24655e-08  0.00000e+00
   2.53660e-07 -4.29732e-03  0.00000e+00]
 [ 0.00000e+00 -2.93541e-08  1.65911e-04  1.13341e-07  0.00000e+00
   4.29734e-03  3.31527e-07 -3.20334e-08]
 [ 0.00000e+00  1.60777e-08  1.24004e-07  0.00000e+00  0.00000e+00
   3.21186e-06 -4.16764e-07  0.00000e+00]
 [ 0.00000e+00  0.00000e+00  0.00000e+00  0.00000e+00  0.00000e+00
  -1.60183e-08 -4.22196e-08  0.00000e+00]
 [ 0.00000e+00  3.17835e-07 -4.29736e-03 -2.93586e-06 -2.39271e-08
  -1.11308e-01  2.87415e-06  8.29734e-07]
 [ 0.00000e+00  4.29729e-03  2.67674e-07  1.35871e-06 -6.97978e-08
  -2.64161e-06 -1.11308e-01 -1.58455e-07]
 [ 0.00000e+00  0.00000e+00 -2.59926e-08  0.00000e+00  0.00000e+00
  -6.73233e-07  1.82464e-07  0.00000e+00]]

mode  7  with rate  349383.5611455157
pert. and ob.:
 [[ 0.00000e+00  0.00000e+00  0.00000e+00  0.00000e+00  0.00000e+00
   0.00000e+00  0.00000e+00  0.00000e+00]
 [ 0.00000e+00  0.00000e+00  0.00000e+00  0.00000e+00  5.02711e-08
   0.00000e+00  0.00000e+00 -6.40705e-06]
 [ 0.00000e+00  0.00000e+00  0.00000e+00  0.00000e+00  0.00000e+00
   0.00000e+00  0.00000e+00  9.33005e-07]
 [ 0.00000e+00  0.00000e+00  0.00000e+00  0.00000e+00  0.00000e+00
   0.00000e+00  0.00000e+00  1.13872e-06]
 [ 0.00000e+00 -2.31865e-08  1.02398e-08  0.00000e+00 -6.84722e-06
   0.00000e+00  0.00000e+00  8.72678e-04]
 [ 0.00000e+00  0.00000e+00  0.00000e+00  0.00000e+00  1.32291e-08
   0.00000e+00  0.00000e+00 -1.68605e-06]
 [ 0.00000e+00  0.00000e+00  0.00000e+00  0.00000e+00  0.00000e+00
   0.00000e+00  0.00000e+00  9.76926e-08]
 [ 0.00000e+00  5.90976e-06 -2.60992e-06  1.13871e-06  1.74521e-03
   1.25090e-06 -5.63000e-07 -2.22427e-01]]

mode  8  with rate  80254.94551336966
pert. and ob.:
 [[ 0.00000e+00  0.00000e+00  0.00000e+00  0.00000e+00  0.00000e+00
   0.00000e+00  0.00000e+00  0.00000e+00]
 [ 0.00000e+00  0.00000e+00  0.00000e+00  0.00000e+00  0.00000e+00
   0.00000e+00  0.00000e+00  0.00000e+00]
 [ 0.00000e+00  0.00000e+00  0.00000e+00  0.00000e+00  0.00000e+00
   0.00000e+00  0.00000e+00  0.00000e+00]
 [ 0.00000e+00  0.00000e+00  0.00000e+00  0.00000e+00  6.95131e-08
   0.00000e+00  0.00000e+00  0.00000e+00]
 [ 0.00000e+00  0.00000e+00  0.00000e+00  3.47148e-08 -1.46916e-04
   0.00000e+00  1.01121e-08 -1.00004e-06]
 [ 0.00000e+00  0.00000e+00  0.00000e+00  0.00000e+00  1.27815e-08
   0.00000e+00  0.00000e+00  0.00000e+00]
 [ 0.00000e+00  0.00000e+00  0.00000e+00  0.00000e+00  1.38793e-08
   0.00000e+00  0.00000e+00  0.00000e+00]
 [ 0.00000e+00  0.00000e+00  0.00000e+00  0.00000e+00 -1.92645e-06
   0.00000e+00  0.00000e+00 -1.31130e-08]]

mode  9  with rate  80047.71125736067
pert. and ob.:
 [[ 0.00000e+00  0.00000e+00  0.00000e+00  0.00000e+00  0.00000e+00
   0.00000e+00  0.00000e+00  0.00000e+00]
 [ 0.00000e+00  6.07494e-07  0.00000e+00  0.00000e+00  0.00000e+00
   1.47990e-08  4.82824e-06  0.00000e+00]
 [ 0.00000e+00  0.00000e+00  6.07518e-07 -1.03158e-08  0.00000e+00
  -4.82855e-06  1.48240e-08  0.00000e+00]
 [ 0.00000e+00  0.00000e+00 -1.10352e-08  0.00000e+00  0.00000e+00
   8.77039e-08 -3.39230e-08  0.00000e+00]
 [ 0.00000e+00  0.00000e+00  0.00000e+00  0.00000e+00  0.00000e+00
   0.00000e+00  0.00000e+00  0.00000e+00]
 [ 0.00000e+00  1.49100e-08  4.82836e-06 -8.19927e-08  0.00000e+00
  -3.83758e-05  1.22541e-07 -4.28824e-08]
 [ 0.00000e+00 -4.82826e-06  1.47010e-08  4.61855e-08  0.00000e+00
  -1.20773e-07 -3.83741e-05  0.00000e+00]
 [ 0.00000e+00  0.00000e+00  0.00000e+00  0.00000e+00  0.00000e+00
   3.17579e-08 -3.03683e-08  0.00000e+00]]

do real-time dynamics with tmax (in ps)  1595.9768751793072
5600  (of  5600 ) modes are considered in real-time simulation
Sxt_sxpert (exp): tau =  38.990661298687904  ps
Sxt_sxpert (exp cos phi=0): tau =  1598.9910543789492  ps  period =  356.6689759598763 ps
Sxt_sxpert (exp cos): tau =  1598.9910166839766  ps  period =  356.6669708645954 ps  phi =  -0.00015799267266459086
5600  (of  5600 ) modes are considered in real-time simulation
Syt_sypert (exp): tau =  38.99050805613976  ps
Syt_sypert (exp cos phi=0): tau =  1598.9921265440726  ps  period =  356.6685457984959 ps
Syt_sypert (exp cos): tau =  1598.9920939688682  ps  period =  356.6669699581772 ps  phi =  -0.00012417207390209893
5600  (of  5600 ) modes are considered in real-time simulation
Szt_szpert (exp): tau =  1108.4450425647508  ps
Szt_szpert (exp cos phi=0): tau =  1109.4194040411296  ps  period =  203554.51012509092 ps
Szt_szpert (exp cos): tau =  1109.4188093010357  ps  period =  -203561.95943633464 ps  phi =  1.4017977106951729e-05
<s|UR>:
 [[-0.21367+0.10848j -0.21367-0.10848j]
 [-0.10849-0.21368j -0.10849+0.21368j]]
normR_rotate =  [1.47878 1.47878]
normL_rotate =  [1.47878 1.47878]
<s|UR>:
 [[ 6.77797e-01-2.85743e-16j  6.65375e-16+8.57812e-16j]
 [-7.10966e-16-3.96991e-16j  6.77797e-01+1.44787e-16j]]
oUs_rotate:
 [[ 1.00000e+00-1.27865e-16j -1.70442e-15+6.38248e-16j]
 [-1.76833e-15-5.88291e-16j  1.00000e+00+2.04036e-17j]]

time for spin lifetime:  25.086273873224854

##################################################
solving lifetimes approximately
##################################################

--------------------------------------------------
Rayleigh-Ritz method (material dependent):
--------------------------------------------------
Rayleigh-Ritz ( 7  vec.,   ) lifetime in ps:
 [6.97653e+05 5.41346e+03 5.41346e+03 9.56011e+00 9.56011e+00 9.54365e+00
 9.54365e+00]

Rayleigh-Ritz ( 7  vec.,  with Left ) lifetime in ps:
 [6.40104e+05 9.09453e+03 9.09453e+03 5.21165e+00 5.21165e+00 5.20879e+00
 5.20879e+00]

Rayleigh-Ritz ( 14  vec.,   ) lifetime in ps:
 [1.87699e+03 1.87699e+03 1.12673e+03 1.10478e+01 1.10133e+01 1.02352e+01
 1.02352e+01 7.13058e-01 5.68431e-01 5.68431e-01 5.67990e-01 5.67990e-01
 5.33589e-01 5.00269e-01]

Rayleigh-Ritz ( 14  vec.,  with Left ) lifetime in ps:
 [3.21836e+03 3.21836e+03 2.58207e+03 6.98333e+00 6.98333e+00 6.95217e+00
 6.93577e+00 2.31863e-01 1.97890e-01 1.97890e-01 1.41058e-01 1.40777e-01
 1.36090e-01 1.36090e-01]

Rayleigh-Ritz ( 28  vec.,   ) lifetime in ps:
 [1.38318e+03 1.38318e+03 1.04578e+03 1.11047e+01 1.10047e+01 1.08471e+01
 1.08471e+01 9.39584e-01 6.70599e-01 6.70599e-01 6.63668e-01 6.63668e-01
 5.45369e-01 4.99872e-01 3.50842e-01 3.50842e-01 3.50686e-01 3.50686e-01
 3.29094e-01 3.29094e-01 3.29084e-01 3.29084e-01 3.28523e-01 3.28523e-01
 3.28513e-01 3.28513e-01 2.70184e-01 2.70184e-01]

Rayleigh-Ritz ( 28  vec.,  with Left ) lifetime in ps:
 [ 2.46369e+03  2.46369e+03  1.65556e+03  7.19438e+00  6.97095e+00
  6.97095e+00  6.93865e+00  5.59412e-01  5.02292e-01  5.00923e-01
  3.97502e-01  3.97502e-01  3.90722e-01  3.90722e-01  3.90650e-01
  3.90650e-01  3.66176e-01  3.66176e-01  3.36726e-01  3.36726e-01
  3.36708e-01  3.36708e-01  1.65822e-01  1.40681e-01  1.40423e-01
  1.40423e-01  5.73453e-02 -3.70914e-02]

Rayleigh-Ritz ( 70  vec.,   ) lifetime in ps:
 [1.38272e+03 1.38272e+03 1.02633e+03 1.11096e+01 1.10938e+01 1.10938e+01
 8.74255e+00 9.85522e-01 9.84284e-01 9.82189e-01 7.22648e-01 5.46475e-01
 5.24519e-01 5.24519e-01 4.73714e-01 4.73714e-01 3.83173e-01 3.83173e-01
 3.82437e-01 3.82437e-01 3.76914e-01 3.76914e-01 3.72451e-01 3.72451e-01
 3.72419e-01 3.72419e-01 3.71201e-01 3.71201e-01 3.71167e-01 3.71167e-01
 3.52432e-01 3.52432e-01 3.47305e-01 3.47305e-01 3.47294e-01 3.47294e-01
 3.47045e-01 3.47045e-01 3.39578e-01 3.39578e-01 3.39460e-01 3.39460e-01
 3.39438e-01 3.39438e-01 3.32808e-01 3.32808e-01 3.32804e-01 3.32804e-01
 3.32024e-01 3.32024e-01 3.26852e-01 3.26852e-01 3.20713e-01 3.20713e-01
 3.08861e-01 3.08861e-01 3.08847e-01 3.08847e-01 3.05962e-01 3.05962e-01
 3.05946e-01 3.05946e-01 3.04122e-01 3.04122e-01 3.02176e-01 3.02176e-01
 3.02175e-01 3.02175e-01 2.02490e-01 1.00812e-01]

Rayleigh-Ritz ( 70  vec.,  with Left ) lifetime in ps:
 [ 1.81484e+03  1.81484e+03  1.26485e+03  8.13220e+00  6.91828e+00
  6.90835e+00  6.90835e+00  8.21773e-01  8.18426e-01  8.13318e-01
  4.59720e-01  4.59720e-01  4.13539e-01  4.13539e-01  4.12120e-01
  4.12120e-01  4.07472e-01  4.07472e-01  4.06414e-01  4.06414e-01
  3.97995e-01  3.97995e-01  3.93879e-01  3.93879e-01  3.91153e-01
  3.91153e-01  3.87777e-01  3.87777e-01  3.87450e-01  3.87450e-01
  3.86864e-01  3.86864e-01  3.86441e-01  3.86441e-01  3.79795e-01
  3.79795e-01  3.79354e-01  3.79354e-01  3.79278e-01  3.79278e-01
  3.78706e-01  3.78706e-01  3.73998e-01  3.73998e-01  3.73931e-01
  3.73931e-01  3.59269e-01  3.59269e-01  3.58933e-01  3.58933e-01
  3.48609e-01  3.38321e-01  3.38321e-01  3.37632e-01  3.37632e-01
 -3.34622e-01 -3.34622e-01  2.33527e-01  2.33527e-01 -1.71043e-01
 -1.71043e-01 -1.70354e-01 -1.70354e-01  1.38790e-01  1.37234e-01
  1.37234e-01  1.24709e-01  8.67822e-02  8.67822e-02  7.28822e-02]

Rayleigh-Ritz ( 70  vec.,  with Left ) lifetime in ps:
 [ 1.81484e+03  1.81484e+03  1.26485e+03  8.13220e+00  6.91828e+00
  6.90835e+00  6.90835e+00  8.21773e-01  8.18426e-01  8.13318e-01
  4.59720e-01  4.59720e-01  4.13539e-01  4.13539e-01  4.12120e-01
  4.12120e-01  4.07472e-01  4.07472e-01  4.06414e-01  4.06414e-01
  3.97995e-01  3.97995e-01  3.93879e-01  3.93879e-01  3.91153e-01
  3.91153e-01  3.87777e-01  3.87777e-01  3.87450e-01  3.87450e-01
  3.86864e-01  3.86864e-01  3.86441e-01  3.86441e-01  3.79795e-01
  3.79795e-01  3.79354e-01  3.79354e-01  3.79278e-01  3.79278e-01
  3.78706e-01  3.78706e-01  3.73998e-01  3.73998e-01  3.73931e-01
  3.73931e-01  3.59269e-01  3.59269e-01  3.58933e-01  3.58933e-01
  3.48609e-01  3.38321e-01  3.38321e-01  3.37632e-01  3.37632e-01
 -3.34622e-01 -3.34622e-01  2.33527e-01  2.33527e-01 -1.71043e-01
 -1.71043e-01 -1.70354e-01 -1.70354e-01  1.38790e-01  1.37234e-01
  1.37234e-01  1.24709e-01  8.67822e-02  8.67822e-02  7.28822e-02]

Rayleigh-Ritz ( 140  vec.,   ) lifetime in ps:
 [1.39599e+03 1.39596e+03 1.02690e+03 1.10595e+01 1.09996e+01 1.09995e+01
 8.67022e+00 9.88491e-01 9.85264e-01 9.85143e-01 7.41132e-01 5.46011e-01
 5.24318e-01 5.24311e-01 5.18891e-01 5.18764e-01 5.13844e-01 5.13743e-01
 5.12960e-01 5.12916e-01 4.75301e-01 4.75301e-01 4.31144e-01 4.31087e-01
 4.02440e-01 4.02432e-01 4.01296e-01 4.01278e-01 3.93908e-01 3.93907e-01
 3.93888e-01 3.93888e-01 3.89379e-01 3.89379e-01 3.89317e-01 3.89317e-01
 3.89288e-01 3.89287e-01 3.89222e-01 3.89222e-01 3.85246e-01 3.85082e-01
 3.84944e-01 3.84926e-01 3.84273e-01 3.84272e-01 3.77844e-01 3.77827e-01
 3.77748e-01 3.77734e-01 3.76180e-01 3.76177e-01 3.76100e-01 3.76100e-01
 3.70239e-01 3.70234e-01 3.70166e-01 3.70120e-01 3.69244e-01 3.69146e-01
 3.66069e-01 3.65912e-01 3.65377e-01 3.65272e-01 3.63220e-01 3.63215e-01
 3.63213e-01 3.63182e-01 3.62920e-01 3.62905e-01 3.53190e-01 3.53190e-01
 3.52444e-01 3.52418e-01 3.48477e-01 3.48306e-01 3.44033e-01 3.43722e-01
 3.41949e-01 3.41932e-01 3.41853e-01 3.41756e-01 3.40551e-01 3.40541e-01
 3.38942e-01 3.38918e-01 3.38251e-01 3.38250e-01 3.35075e-01 3.35028e-01
 3.34681e-01 3.34667e-01 3.32576e-01 3.32118e-01 3.31400e-01 3.31079e-01
 3.29157e-01 3.29150e-01 3.26835e-01 3.26772e-01 3.26485e-01 3.26485e-01
 3.19886e-01 3.19860e-01 3.19538e-01 3.19529e-01 3.19048e-01 3.19043e-01
 3.18904e-01 3.18803e-01 3.15250e-01 3.15250e-01 3.15191e-01 3.15138e-01
 3.15120e-01 3.15092e-01 3.08159e-01 3.07983e-01 3.07853e-01 3.07754e-01
 3.07754e-01 3.07733e-01 3.06864e-01 3.06849e-01 3.06691e-01 3.06686e-01
 2.92936e-01 2.92936e-01 2.84338e-01 2.84338e-01 2.29001e-01 2.28994e-01
 2.21926e-01 2.21815e-01 2.21232e-01 2.21187e-01 2.09925e-01 1.69751e-01
 1.69751e-01 9.24731e-02]

Rayleigh-Ritz ( 140  vec.,  with Left ) lifetime in ps:
 [ 1.76319e+03  1.76319e+03  1.23410e+03  8.36517e+00  7.85451e+00
  7.80437e+00  7.80437e+00  1.77879e+00  1.77875e+00  1.72900e+00
  1.72815e+00  8.67602e-01  8.67363e-01  8.59877e-01  8.59643e-01
  8.48630e-01  8.45288e-01  8.39997e-01  7.47556e-01  7.47331e-01
  7.40723e-01  7.40235e-01  5.46446e-01  5.46413e-01  5.32093e-01
  5.02081e-01  5.02036e-01  4.88851e-01  4.88802e-01  4.88766e-01
  4.88698e-01  4.86109e-01  4.86015e-01  4.84633e-01  4.84557e-01
  4.84543e-01  4.84467e-01  4.83757e-01  4.83662e-01  4.78537e-01
  4.78514e-01  4.75287e-01  4.75287e-01  4.56581e-01  4.56421e-01
  4.33528e-01  4.33517e-01  4.21880e-01  4.21816e-01  4.18069e-01
  4.18068e-01  4.17147e-01  4.17138e-01  4.14521e-01  4.14514e-01
  3.96347e-01  3.96326e-01  3.96073e-01  3.96047e-01  3.94025e-01
  3.94025e-01  3.93990e-01  3.93990e-01  3.91828e-01  3.91827e-01
  3.90318e-01  3.90315e-01  3.90071e-01  3.90070e-01  3.89879e-01
  3.89876e-01  3.87550e-01  3.87548e-01  3.87304e-01  3.87284e-01
  3.86953e-01  3.86952e-01  3.81021e-01  3.81016e-01  3.80855e-01
  3.80854e-01  3.55697e-01  3.55685e-01  3.53898e-01  3.53894e-01
  3.52394e-01  3.52394e-01  3.46446e-01  3.46443e-01  3.44093e-01
  3.44091e-01  3.43805e-01  3.43804e-01  3.12211e-01  3.12211e-01
  2.62147e-01  2.51646e-01  2.51646e-01  2.34207e-01  2.34207e-01
  2.14268e-01  2.14266e-01  2.14032e-01  2.14025e-01  2.04203e-01
  1.65667e-01  1.65667e-01  1.65592e-01  1.65591e-01  1.41809e-01
  1.41809e-01  1.34360e-01  1.34358e-01  1.34316e-01  1.34314e-01
  1.24300e-01  1.24298e-01  1.24180e-01  1.24174e-01  1.10261e-01
  1.10261e-01  1.01894e-01  8.69905e-02  8.56650e-02  8.56650e-02
  7.10064e-02  7.10057e-02  7.09635e-02  7.09624e-02  6.97646e-02
  3.34527e-02  3.34527e-02 -2.89328e-02  2.84325e-02  2.42711e-02
  2.42710e-02  2.42521e-02  2.42520e-02  1.32563e-03  1.31901e-03]

Rayleigh-Ritz ( 210  vec.,   ) lifetime in ps:
 [ 1.52106e+03  1.48304e+03  1.03348e+03  1.09885e+01  9.76013e+00
  9.46563e+00  8.98826e+00  8.49175e+00 -7.34222e+00  2.53160e+00
 -2.24237e+00  2.16506e+00  1.50907e+00  1.05668e+00  9.92134e-01
  9.86604e-01  9.86596e-01  9.81362e-01 -7.88952e-01  7.62700e-01
  7.05331e-01  6.54085e-01  6.36438e-01  6.34650e-01  6.30309e-01
  6.10213e-01  6.02177e-01 -5.57350e-01  5.45431e-01  5.36903e-01
  5.24067e-01 -4.87521e-01 -4.80552e-01  4.75313e-01  4.75306e-01
  4.69852e-01 -4.47951e-01  4.44648e-01  4.32860e-01  4.30342e-01
  4.29415e-01  4.21655e-01  4.15557e-01  4.13883e-01  4.11054e-01
  3.99707e-01  3.96056e-01  3.95775e-01  3.94858e-01  3.94510e-01
  3.94346e-01  3.94283e-01  3.94250e-01  3.94226e-01  3.92309e-01
  3.91809e-01  3.90979e-01  3.90685e-01  3.90469e-01  3.90452e-01
  3.90388e-01  3.90224e-01  3.90189e-01  3.89969e-01  3.89320e-01
  3.87271e-01  3.87120e-01  3.87028e-01  3.86710e-01  3.86566e-01
  3.86179e-01  3.85312e-01  3.84151e-01  3.83809e-01  3.83700e-01
  3.82752e-01  3.81326e-01  3.80698e-01  3.80253e-01  3.79083e-01
  3.78788e-01  3.77918e-01  3.76975e-01  3.76519e-01  3.75574e-01
  3.74089e-01  3.73419e-01  3.73309e-01  3.71391e-01  3.67341e-01
  3.63633e-01  3.62510e-01  3.60464e-01  3.59273e-01  3.57025e-01
  3.56494e-01  3.56458e-01  3.56089e-01  3.55017e-01  3.54215e-01
  3.52870e-01  3.51966e-01  3.48747e-01  3.46158e-01  3.46041e-01
 -3.46017e-01  3.42110e-01  3.41256e-01  3.39895e-01  3.38437e-01
  3.36994e-01  3.36339e-01  3.32722e-01  3.31609e-01  3.27455e-01
  3.26614e-01  3.25234e-01  3.25142e-01  3.24724e-01  3.23044e-01
  3.18169e-01  3.17055e-01  3.15672e-01  3.13629e-01  3.09283e-01
  3.08447e-01  3.08377e-01  3.04519e-01  3.03543e-01  3.00278e-01
  2.93622e-01  2.93318e-01  2.92164e-01  2.91029e-01  2.88397e-01
 -2.86827e-01  2.81767e-01  2.67658e-01 -2.62745e-01  2.61981e-01
 -2.60112e-01  2.48779e-01  2.45510e-01  2.40757e-01  2.40729e-01
  2.24182e-01  2.20725e-01  2.13481e-01  2.12186e-01 -1.95369e-01
  1.94234e-01  1.91195e-01  1.85860e-01  1.83793e-01 -1.77791e-01
  1.77603e-01  1.71267e-01  1.70963e-01  1.68442e-01 -1.66016e-01
  1.62945e-01  1.49055e-01  1.47482e-01  1.46904e-01  1.46261e-01
  1.30139e-01 -1.09333e-01  9.60099e-02 -9.51266e-02  9.50560e-02
  9.16945e-02 -8.39609e-02  7.71230e-02  7.38893e-02 -7.05380e-02
 -6.94460e-02  4.78995e-02 -3.50524e-02  3.47325e-02 -2.22417e-02
 -2.11398e-02  1.41270e-02 -1.33750e-02  1.18639e-02 -9.22607e-03
  9.11381e-03  8.49199e-03  8.39024e-03 -8.22904e-03 -6.06462e-03
  5.06937e-03 -4.90762e-03  3.24174e-03 -3.13425e-03 -2.94914e-03
 -2.78385e-03  2.44403e-03  2.30108e-03  2.26172e-03 -2.01015e-03
  1.97881e-03 -1.58176e-03 -1.52301e-03 -1.48228e-03  9.73574e-04
 -7.69014e-04 -6.44571e-04 -6.43150e-04  4.38491e-04 -1.46765e-04]

Rayleigh-Ritz ( 210  vec.,  with Left ) lifetime in ps:
 [ 1.74942e+03  1.74505e+03  1.22984e+03 -2.58290e+01 -1.96809e+01
  8.40808e+00  7.88469e+00  7.81318e+00  7.76793e+00 -4.56271e+00
 -4.07823e+00  1.18257e+00  1.10259e+00  1.04775e+00  8.65189e-01
  8.56956e-01  8.41038e-01  8.26229e-01  8.21284e-01  7.69274e-01
  7.58367e-01  7.29362e-01  6.66393e-01  6.33931e-01  6.24937e-01
  6.20692e-01  5.94185e-01  5.35096e-01  5.34551e-01  5.31335e-01
  5.25018e-01  4.75317e-01  4.75313e-01 -4.72394e-01  4.69261e-01
 -4.64589e-01  4.63570e-01  4.52661e-01  4.42438e-01  4.25799e-01
  4.22625e-01  4.20707e-01  4.16743e-01  4.14816e-01 -4.13948e-01
 -4.03723e-01  3.96354e-01  3.96196e-01  3.95013e-01  3.94515e-01
  3.94187e-01  3.94163e-01  3.94044e-01  3.93672e-01  3.93361e-01
  3.92694e-01  3.91837e-01  3.91346e-01  3.90905e-01  3.90888e-01
  3.90611e-01  3.90323e-01  3.90251e-01  3.90067e-01  3.89872e-01
  3.89672e-01  3.89237e-01  3.87230e-01  3.86376e-01  3.85333e-01
  3.82878e-01  3.82854e-01  3.81863e-01  3.81587e-01  3.81513e-01
  3.81431e-01  3.81361e-01  3.80304e-01  3.80183e-01  3.79910e-01
  3.79670e-01  3.71049e-01  3.64218e-01  3.60392e-01  3.57429e-01
  3.55669e-01  3.49736e-01  3.48577e-01  3.47307e-01  3.46960e-01
  3.45519e-01  3.45175e-01  3.44779e-01  3.44455e-01  3.44062e-01
  3.43589e-01  3.42133e-01  3.42089e-01  3.41807e-01  3.40993e-01
  3.39257e-01  3.38908e-01  3.37859e-01  3.36621e-01  3.36226e-01
  3.30361e-01  3.26320e-01  3.23456e-01  3.21011e-01  3.20844e-01
  3.20567e-01  3.15637e-01  3.13415e-01  3.12823e-01  3.12796e-01
  3.10624e-01  3.09596e-01  3.07869e-01  3.00958e-01  2.99080e-01
  2.90775e-01 -2.88312e-01  2.87117e-01  2.85209e-01  2.82898e-01
  2.82836e-01  2.81690e-01  2.81395e-01  2.71079e-01  2.70118e-01
  2.67565e-01  2.57041e-01  2.55129e-01  2.50983e-01  2.48625e-01
  2.47425e-01  2.43051e-01  2.29766e-01  2.19206e-01  2.06925e-01
  2.05033e-01  1.98825e-01  1.93809e-01  1.87552e-01  1.78784e-01
  1.75235e-01  1.72743e-01  1.70702e-01  1.70304e-01 -1.55004e-01
 -1.44845e-01  1.44220e-01  1.44180e-01  1.39301e-01  1.34148e-01
 -1.33402e-01  1.33070e-01  1.32802e-01  1.31734e-01 -1.31052e-01
  1.23802e-01 -1.21003e-01  1.05282e-01  8.94894e-02 -8.68101e-02
  8.64019e-02  8.51923e-02  8.42432e-02 -8.32056e-02  8.28533e-02
  8.15237e-02  7.56995e-02  7.53999e-02  6.59472e-02 -6.58394e-02
  5.59933e-02  4.96089e-02 -4.59930e-02  4.53594e-02  4.41433e-02
  3.79574e-02  2.84668e-02 -2.53295e-02 -2.21897e-02 -2.11778e-02
 -2.01271e-02  2.00243e-02  1.77996e-02 -1.57073e-02 -1.47975e-02
  1.45456e-02  1.28464e-02  1.19153e-02 -1.17977e-02 -8.82362e-03
 -5.25554e-03 -4.85155e-03 -3.96522e-03  3.92784e-03  3.56812e-03
  3.30573e-03  2.43983e-03 -2.28249e-03  2.23429e-03  1.31608e-03
  1.00633e-03 -9.75656e-04  8.67739e-04  0.00000e+00  0.00000e+00]

Rayleigh-Ritz ( 280  vec.,   ) lifetime in ps:
 [ 1.50627e+03  1.43866e+03  1.02795e+03  9.77215e+00  9.69021e+00
  9.32297e+00  8.47750e+00  5.77313e+00 -4.63080e+00 -3.06205e+00
  2.72461e+00  2.39117e+00 -1.70964e+00  1.49673e+00  1.22751e+00
  1.06544e+00  9.88705e-01  9.84867e-01  9.82232e-01  9.68080e-01
  8.50873e-01  8.35270e-01  8.31924e-01  8.00521e-01  7.88356e-01
  7.02289e-01  6.96398e-01  6.63281e-01  6.36461e-01 -5.87087e-01
  5.82643e-01  5.80705e-01  5.76393e-01  5.70933e-01 -5.47356e-01
  5.01280e-01  4.75382e-01  4.75319e-01 -4.63766e-01  4.61694e-01
  4.49940e-01  4.46726e-01  4.42234e-01  4.26865e-01  4.07147e-01
  4.02215e-01  3.94295e-01  3.94294e-01  3.93009e-01  3.92828e-01
  3.92572e-01  3.92459e-01  3.92380e-01  3.91805e-01  3.90816e-01
  3.90765e-01  3.90585e-01  3.90532e-01  3.90354e-01  3.90353e-01
  3.90268e-01  3.90262e-01  3.89849e-01  3.89823e-01  3.89205e-01
 -3.88989e-01  3.87510e-01  3.87505e-01  3.87432e-01  3.87000e-01
  3.86845e-01  3.86109e-01  3.85050e-01  3.84948e-01  3.84183e-01
 -3.84081e-01  3.82833e-01  3.82574e-01  3.82555e-01  3.81819e-01
  3.81538e-01  3.80986e-01  3.80770e-01  3.80563e-01  3.80455e-01
  3.79195e-01  3.78763e-01  3.78456e-01  3.78085e-01  3.78032e-01
  3.77436e-01  3.77223e-01  3.76009e-01  3.72083e-01  3.71838e-01
  3.66911e-01  3.66594e-01  3.65752e-01  3.57538e-01  3.56562e-01
  3.53143e-01  3.52063e-01  3.46951e-01  3.46642e-01  3.45815e-01
  3.45292e-01  3.45036e-01  3.43439e-01  3.43433e-01  3.42916e-01
  3.42323e-01  3.40772e-01  3.40434e-01  3.37682e-01  3.34862e-01
  3.34388e-01  3.34333e-01  3.34305e-01  3.34264e-01  3.34022e-01
  3.33787e-01  3.33531e-01 -3.32397e-01  3.29306e-01  3.29198e-01
  3.26812e-01  3.24582e-01  3.23853e-01  3.23377e-01  3.20015e-01
  3.19288e-01  3.16127e-01  3.15246e-01  3.15239e-01  3.13645e-01
  3.09329e-01  3.04041e-01  3.03379e-01  3.03178e-01  3.03170e-01
  2.99551e-01  2.94026e-01  2.93819e-01  2.89999e-01  2.87376e-01
  2.76229e-01  2.72087e-01  2.64993e-01  2.61724e-01  2.55146e-01
  2.45084e-01  2.37450e-01  2.31898e-01 -2.14886e-01  2.12775e-01
  2.05245e-01  1.96069e-01  1.92893e-01  1.90113e-01  1.89164e-01
  1.89136e-01  1.87465e-01  1.86955e-01  1.83042e-01  1.79854e-01
  1.70949e-01  1.63716e-01  1.58270e-01  1.53457e-01  1.52498e-01
  1.46092e-01  1.45246e-01  1.43073e-01  1.42682e-01  1.24369e-01
  1.17802e-01  1.13703e-01  1.12305e-01  1.11440e-01 -9.98470e-02
 -9.65199e-02  9.49592e-02  7.28594e-02  6.58906e-02  6.50641e-02
  5.79885e-02  5.39557e-02  5.24031e-02 -5.11543e-02  4.71091e-02
  4.45287e-02  3.60849e-02  2.91262e-02  2.87457e-02  2.79230e-02
  2.39410e-02  2.34626e-02  2.29233e-02 -1.96735e-02 -1.94345e-02
 -1.86984e-02  1.48149e-02  1.32357e-02  1.28987e-02 -1.24391e-02
 -1.20847e-02  9.97888e-03 -8.25099e-03 -8.15291e-03 -7.60680e-03
 -7.48061e-03  6.24812e-03 -5.94891e-03 -5.62573e-03  5.49064e-03
 -5.33264e-03  5.15380e-03 -5.10287e-03  5.02078e-03  5.01165e-03
 -4.97710e-03 -4.94541e-03  4.92025e-03 -4.91882e-03 -4.77351e-03
 -4.63303e-03  4.34660e-03  4.25430e-03  4.19738e-03  3.98553e-03
  3.67363e-03  3.67060e-03  3.52046e-03 -3.40603e-03 -3.21500e-03
  3.09341e-03  3.07124e-03 -3.01197e-03 -2.97211e-03  2.93774e-03
 -2.92212e-03  2.89717e-03  2.84252e-03 -2.82985e-03 -2.54177e-03
 -2.47613e-03  2.38110e-03  2.35767e-03 -2.31635e-03 -2.29695e-03
  2.23269e-03  2.14075e-03 -1.96555e-03 -1.86606e-03  1.79954e-03
 -1.76153e-03  1.60717e-03  1.57517e-03  1.56083e-03 -1.52640e-03
 -1.48042e-03 -1.35682e-03  1.35651e-03  1.32825e-03  1.23620e-03
 -1.22518e-03 -1.20879e-03 -1.17153e-03  1.16139e-03  1.11990e-03
 -9.69986e-04  8.57120e-04  8.28503e-04 -7.86591e-04 -7.81277e-04
  5.90110e-04 -5.85017e-04  5.61381e-04  4.88572e-04  1.39983e-04]

Rayleigh-Ritz ( 280  vec.,  with Left ) lifetime in ps:
 [ 1.73505e+03  1.67363e+03  1.17972e+03  3.12170e+01 -8.60282e+00
  8.41235e+00  7.82348e+00  7.81732e+00  7.76856e+00 -1.82894e+00
  1.38772e+00  1.27788e+00 -1.09114e+00  9.39305e-01  9.36535e-01
  8.60609e-01  8.52084e-01  7.34851e-01  7.18127e-01  6.71741e-01
  6.28417e-01  5.31401e-01  5.25059e-01  5.10433e-01 -5.03765e-01
  4.91977e-01  4.91484e-01  4.91279e-01  4.84090e-01  4.80702e-01
  4.74821e-01  4.74817e-01  4.39407e-01  4.37406e-01  4.32317e-01
  4.28620e-01  4.16841e-01  4.12717e-01  4.06547e-01 -4.03033e-01
  3.97682e-01  3.94824e-01  3.93963e-01  3.93910e-01  3.92887e-01
  3.92854e-01  3.92431e-01  3.92307e-01  3.91727e-01  3.91375e-01
  3.90984e-01  3.90820e-01  3.90796e-01  3.90544e-01  3.89586e-01
  3.88447e-01  3.86973e-01  3.86484e-01  3.85919e-01 -3.84854e-01
  3.83557e-01  3.83174e-01  3.82113e-01  3.82095e-01  3.81525e-01
  3.81523e-01  3.80013e-01  3.79593e-01  3.78767e-01  3.78744e-01
  3.78111e-01  3.76912e-01  3.74617e-01  3.73031e-01  3.70386e-01
  3.61057e-01  3.60846e-01  3.55473e-01  3.52404e-01  3.52269e-01
  3.50576e-01  3.50076e-01  3.48986e-01  3.46113e-01  3.45820e-01
  3.45384e-01  3.43461e-01  3.43300e-01  3.43076e-01  3.42991e-01
  3.42953e-01  3.42625e-01  3.41444e-01  3.41280e-01  3.41194e-01
  3.40671e-01  3.39168e-01  3.38284e-01  3.34506e-01  3.32913e-01
  3.32827e-01  3.32238e-01  3.31211e-01  3.30837e-01  3.27349e-01
  3.26187e-01  3.22267e-01  3.21752e-01  3.19668e-01  3.16933e-01
  3.16583e-01  3.16558e-01  3.15431e-01  3.14884e-01  3.14850e-01
  3.14757e-01  3.14391e-01  3.13465e-01  3.13005e-01  3.11362e-01
  3.08100e-01 -3.02778e-01  3.00095e-01  2.99262e-01  2.95195e-01
  2.92941e-01  2.92295e-01  2.89130e-01  2.80492e-01  2.79464e-01
  2.77499e-01  2.76744e-01  2.71780e-01  2.71511e-01  2.66180e-01
  2.58543e-01  2.58059e-01  2.57676e-01  2.53869e-01  2.50604e-01
  2.50314e-01 -2.49879e-01  2.49702e-01  2.49176e-01  2.48181e-01
  2.47546e-01  2.46191e-01  2.44311e-01 -2.41198e-01  2.40223e-01
  2.39726e-01 -2.32032e-01  1.99212e-01  1.97208e-01  1.93142e-01
  1.88723e-01  1.76121e-01  1.68757e-01 -1.53998e-01  1.41079e-01
  1.26067e-01  1.25617e-01  1.25377e-01 -1.25133e-01 -1.24761e-01
  1.10626e-01 -1.05876e-01  9.47285e-02 -9.36049e-02 -9.13495e-02
  8.68148e-02  8.67045e-02  8.52792e-02  8.35647e-02 -7.66490e-02
  7.24034e-02 -7.05276e-02  7.00440e-02 -6.84375e-02  6.61171e-02
  6.57478e-02 -6.36044e-02  6.17690e-02 -6.15910e-02  6.00741e-02
  5.91575e-02  5.89478e-02 -5.62660e-02  5.41400e-02  5.22857e-02
 -4.72816e-02 -4.72261e-02  4.33811e-02  4.07544e-02 -4.03732e-02
  3.93110e-02  3.65455e-02  3.62867e-02  3.40985e-02  3.28824e-02
 -3.26433e-02  3.02318e-02  2.93530e-02  2.62126e-02 -2.57774e-02
 -2.48859e-02 -2.40599e-02 -2.33117e-02  2.19792e-02  2.13983e-02
  2.11128e-02 -1.98988e-02 -1.81723e-02  1.72642e-02  1.56556e-02
  1.53753e-02  1.51321e-02  1.46576e-02 -1.41023e-02 -1.39530e-02
 -1.37872e-02 -1.34029e-02  1.33075e-02 -1.30801e-02  1.29780e-02
 -1.28686e-02 -1.12013e-02  1.09974e-02  1.07417e-02  1.06689e-02
 -1.05039e-02  1.04378e-02 -1.04158e-02 -1.03589e-02  9.48967e-03
  9.31176e-03 -9.26896e-03 -9.22290e-03  9.12067e-03 -8.19290e-03
  8.08309e-03  7.86032e-03 -7.82549e-03  7.67080e-03  7.63730e-03
  7.62957e-03  7.25281e-03 -7.12247e-03 -6.92912e-03  6.83827e-03
  6.65975e-03 -6.60183e-03  6.48203e-03  6.24316e-03 -6.11402e-03
 -5.84781e-03 -5.70360e-03 -5.58823e-03 -5.43156e-03 -5.33608e-03
  5.06835e-03 -4.75786e-03 -4.68339e-03  4.51214e-03  4.47526e-03
  4.45373e-03 -4.19433e-03 -4.18661e-03 -3.87577e-03  3.64395e-03
  3.46705e-03  3.07956e-03  3.01504e-03 -2.22034e-03  0.00000e+00
  0.00000e+00  0.00000e+00  0.00000e+00  0.00000e+00  0.00000e+00]

Rayleigh-Ritz ( 350  vec.,   ) lifetime in ps:
 [ 1.48332e+03  1.48299e+03  1.02637e+03  9.81523e+00  9.65172e+00
  9.64072e+00  8.48240e+00  5.54893e+00 -4.45118e+00  4.38759e+00
  1.96195e+00  1.39050e+00  1.38675e+00 -1.26166e+00 -1.22552e+00
  1.07218e+00  1.01686e+00  9.90117e-01  9.86920e-01  9.86915e-01
  9.83540e-01  9.22403e-01 -8.86555e-01  7.94829e-01  7.66877e-01
 -7.31690e-01 -6.94448e-01  6.71640e-01 -6.66432e-01  6.65599e-01
  6.11965e-01  6.09995e-01 -5.85368e-01 -5.47696e-01 -5.32868e-01
  5.18567e-01  4.88481e-01  4.75327e-01  4.75326e-01  4.72423e-01
  4.72403e-01  4.39402e-01  4.28088e-01  3.98464e-01  3.95690e-01
  3.94178e-01  3.93805e-01  3.93502e-01  3.93182e-01  3.92876e-01
  3.92779e-01  3.92573e-01  3.90939e-01  3.90886e-01  3.90671e-01
  3.90230e-01  3.90127e-01  3.89941e-01  3.89913e-01  3.88500e-01
  3.88467e-01  3.88039e-01  3.87483e-01  3.86043e-01  3.85922e-01
  3.85808e-01  3.85116e-01  3.83799e-01  3.81965e-01  3.81767e-01
  3.81293e-01  3.80020e-01  3.79224e-01  3.79069e-01  3.78975e-01
  3.78761e-01  3.78134e-01  3.78090e-01  3.77900e-01  3.77461e-01
  3.77422e-01  3.76755e-01  3.74646e-01  3.74318e-01  3.73673e-01
  3.73240e-01  3.71100e-01  3.69933e-01  3.65145e-01  3.54621e-01
  3.51414e-01  3.46309e-01  3.46283e-01  3.45985e-01  3.44279e-01
  3.44154e-01  3.43373e-01  3.42398e-01  3.41731e-01  3.41544e-01
  3.41337e-01  3.41129e-01  3.40992e-01  3.40786e-01  3.36404e-01
  3.32252e-01  3.30840e-01  3.30712e-01  3.30092e-01  3.29142e-01
  3.28946e-01  3.28792e-01  3.28745e-01  3.28112e-01  3.26849e-01
  3.25801e-01  3.25136e-01  3.23823e-01  3.23591e-01  3.23437e-01
  3.22156e-01  3.21816e-01  3.20522e-01  3.19336e-01  3.17894e-01
  3.17614e-01  3.17148e-01  3.16807e-01  3.16235e-01  3.15306e-01
  3.15241e-01  3.13867e-01  3.13706e-01  3.11270e-01  3.10718e-01
  3.08722e-01  3.08288e-01  3.08136e-01  3.08133e-01  3.07160e-01
  3.05179e-01  3.04449e-01  3.03732e-01  3.03603e-01  3.01805e-01
  2.97759e-01 -2.97652e-01 -2.97427e-01  2.92594e-01  2.90599e-01
  2.89831e-01  2.89610e-01  2.87421e-01  2.86987e-01  2.85663e-01
  2.81158e-01  2.79893e-01  2.78834e-01  2.78604e-01 -2.69637e-01
  2.66444e-01  2.56956e-01  2.56063e-01  2.52144e-01  2.43614e-01
  2.40948e-01  2.09466e-01  2.06440e-01  2.02995e-01  2.01752e-01
 -1.96945e-01  1.88066e-01  1.82150e-01  1.56036e-01  1.48575e-01
  1.47764e-01  1.46152e-01  1.44912e-01  1.37675e-01  1.35419e-01
  1.32696e-01  1.26210e-01 -1.21263e-01 -1.16434e-01  1.13179e-01
  1.01045e-01 -9.99246e-02  9.40337e-02  8.15197e-02  8.11586e-02
 -7.74770e-02  7.43093e-02  7.42008e-02  6.78123e-02 -6.71016e-02
 -6.09193e-02  5.78042e-02  5.62255e-02  5.60343e-02  5.55177e-02
 -5.39450e-02 -4.71616e-02 -4.58887e-02 -4.54813e-02  4.43350e-02
 -4.16390e-02  3.41496e-02 -3.38758e-02  3.09302e-02  2.97171e-02
  2.91964e-02 -2.68751e-02 -2.63807e-02 -2.57824e-02  2.40028e-02
  2.40023e-02 -2.38904e-02 -2.24869e-02  2.18351e-02  1.95034e-02
  1.91132e-02 -1.88745e-02  1.86597e-02 -1.86074e-02  1.77922e-02
  1.75370e-02  1.63956e-02  1.62564e-02 -1.48295e-02  1.47909e-02
  1.42302e-02 -1.41203e-02  1.28523e-02 -1.25874e-02 -1.16710e-02
 -1.11573e-02 -1.09800e-02 -1.07181e-02 -1.05810e-02 -1.03393e-02
  1.02811e-02  1.01323e-02  9.95315e-03  9.49522e-03 -9.40486e-03
 -9.06806e-03  8.60046e-03 -8.47840e-03  8.47219e-03 -8.46949e-03
  8.08158e-03 -7.99706e-03 -7.93505e-03 -7.84310e-03  7.81414e-03
 -7.79109e-03  7.66763e-03  7.47938e-03  7.44238e-03  7.19642e-03
 -7.18747e-03  7.14032e-03 -7.04662e-03 -6.77851e-03 -6.65287e-03
  6.37676e-03 -6.33721e-03  6.16256e-03  6.03506e-03  5.93993e-03
  5.87023e-03 -5.84939e-03  5.78608e-03 -5.75182e-03  5.73873e-03
 -5.65966e-03 -5.32680e-03  5.29280e-03  4.96590e-03  4.75277e-03
 -4.66312e-03 -4.63014e-03  4.52433e-03  4.44312e-03 -4.36739e-03
 -4.21407e-03 -4.17302e-03 -4.16031e-03  3.99065e-03 -3.84866e-03
 -3.46993e-03  3.40459e-03 -3.40144e-03 -3.19845e-03 -3.19116e-03
  3.12725e-03  2.88543e-03  2.69631e-03  2.66435e-03 -2.47627e-03
 -2.33134e-03 -2.27179e-03  2.24939e-03  2.24772e-03  2.08465e-03
  1.89550e-03 -1.71849e-03 -1.68132e-03  1.55989e-03  1.53687e-03
  1.52563e-03 -1.48768e-03 -1.45654e-03  1.35060e-03  1.33124e-03
  1.32954e-03  1.29229e-03 -1.26023e-03 -1.24837e-03 -1.22431e-03
 -1.21856e-03  1.15073e-03  1.07644e-03  9.92234e-04  9.64309e-04
 -9.52149e-04  9.34636e-04 -9.16860e-04 -9.10867e-04  8.50667e-04
  8.32935e-04 -8.19196e-04 -7.50101e-04  7.35310e-04  7.21935e-04
 -6.53084e-04  5.96591e-04 -4.88439e-04 -4.35709e-04 -4.22850e-04
  3.99555e-04 -3.81161e-04 -1.68676e-04  1.39880e-04  0.00000e+00
  0.00000e+00  0.00000e+00  0.00000e+00  0.00000e+00  0.00000e+00]

Rayleigh-Ritz ( 350  vec.,  with Left ) lifetime in ps:
 [ 1.71358e+03  1.71355e+03  1.21304e+03 -2.31110e+02  8.42286e+00
  7.92924e+00  7.78313e+00  7.78301e+00 -5.14118e+00 -4.69472e+00
 -3.61521e+00  2.39184e+00  2.28791e+00 -1.97266e+00  1.79697e+00
  1.74913e+00  1.51613e+00  1.44022e+00  1.25320e+00  1.12704e+00
  9.14096e-01  8.71265e-01 -8.66576e-01  8.43374e-01 -8.24937e-01
  8.24296e-01  6.82887e-01  6.51120e-01  5.85998e-01 -5.23818e-01
  5.15303e-01  5.00526e-01  4.75302e-01  4.75278e-01  4.69959e-01
  4.63773e-01 -4.58534e-01  4.56509e-01  4.53264e-01  4.42183e-01
 -4.29495e-01  4.14140e-01  3.97757e-01  3.96977e-01  3.94123e-01
  3.93386e-01  3.93295e-01  3.92567e-01  3.92460e-01  3.91894e-01
  3.91148e-01  3.91115e-01  3.90820e-01  3.90700e-01  3.90678e-01
  3.90115e-01  3.89765e-01  3.88682e-01  3.87971e-01  3.87397e-01
  3.86523e-01  3.85919e-01  3.85845e-01  3.85784e-01  3.85357e-01
  3.82049e-01  3.81820e-01  3.81715e-01  3.81496e-01  3.81055e-01
  3.80822e-01  3.80654e-01  3.80563e-01  3.80367e-01  3.78973e-01
  3.78808e-01  3.78721e-01  3.78584e-01  3.78178e-01  3.78139e-01
  3.77172e-01  3.72271e-01  3.68619e-01  3.64822e-01  3.64782e-01
  3.62441e-01  3.56237e-01  3.53427e-01  3.52441e-01  3.51992e-01
  3.50129e-01  3.50122e-01  3.49819e-01  3.46089e-01  3.45537e-01
  3.44729e-01  3.44266e-01  3.42161e-01  3.41765e-01  3.41343e-01
  3.41320e-01  3.41128e-01  3.40965e-01  3.39733e-01 -3.37367e-01
  3.35400e-01 -3.35258e-01  3.35132e-01  3.34218e-01  3.32037e-01
  3.31283e-01  3.27697e-01  3.27257e-01  3.26127e-01  3.24969e-01
  3.24851e-01  3.24671e-01  3.24549e-01  3.23344e-01  3.22355e-01
  3.21751e-01  3.21264e-01  3.19929e-01  3.19197e-01  3.17617e-01
  3.17556e-01  3.14852e-01  3.14774e-01  3.14435e-01  3.09721e-01
  3.08418e-01  3.08398e-01  3.06794e-01  3.06040e-01  3.04756e-01
  3.01177e-01  2.99947e-01  2.97796e-01  2.97436e-01  2.96587e-01
  2.95764e-01  2.92932e-01  2.92130e-01  2.90855e-01  2.85283e-01
  2.84068e-01  2.77118e-01  2.63048e-01  2.60936e-01 -2.57629e-01
  2.54620e-01  2.52797e-01  2.40785e-01  2.40112e-01  2.34959e-01
 -2.32835e-01 -2.18670e-01  2.16947e-01  2.13397e-01 -2.08350e-01
  2.02017e-01 -1.95594e-01  1.89577e-01 -1.77866e-01  1.71147e-01
  1.68949e-01  1.64204e-01  1.59849e-01 -1.49569e-01  1.40435e-01
 -1.38286e-01 -1.35983e-01  1.28147e-01 -1.19747e-01 -1.19315e-01
  1.07541e-01  1.03150e-01  9.97536e-02 -9.60177e-02  9.16809e-02
  8.59483e-02  8.58285e-02 -8.53883e-02  8.40251e-02 -8.01899e-02
  8.00762e-02  7.08586e-02 -6.98136e-02 -6.92506e-02  6.62979e-02
  6.57327e-02 -6.54889e-02  6.48139e-02  6.30905e-02 -6.06692e-02
  5.90750e-02 -5.84250e-02 -5.48470e-02  4.80234e-02 -4.75076e-02
  4.63471e-02 -4.33350e-02  4.28731e-02  4.28632e-02  4.04113e-02
 -4.01760e-02 -3.94673e-02  3.94459e-02  3.84665e-02 -3.27346e-02
  3.26116e-02 -3.19250e-02  2.96398e-02  2.95755e-02 -2.76983e-02
 -2.69293e-02  2.38583e-02 -2.35140e-02 -2.30606e-02 -2.29998e-02
  2.28345e-02  2.18709e-02  2.18674e-02 -2.09109e-02  2.07909e-02
  1.92320e-02  1.87382e-02  1.72245e-02  1.71120e-02  1.68495e-02
 -1.66893e-02  1.53675e-02 -1.46478e-02 -1.46047e-02  1.40296e-02
 -1.37690e-02 -1.36840e-02  1.32165e-02  1.30924e-02 -1.28944e-02
  1.15008e-02  1.12576e-02 -1.12111e-02 -1.09143e-02 -1.06369e-02
  1.02683e-02 -1.02295e-02  1.02094e-02  9.85535e-03 -9.10153e-03
  8.93508e-03  8.82999e-03  8.71172e-03 -8.63904e-03 -8.27481e-03
 -8.22786e-03 -8.20940e-03 -8.15446e-03 -7.86968e-03  7.63875e-03
 -7.63270e-03  7.44318e-03  7.41420e-03 -7.39914e-03  7.33271e-03
  7.28935e-03 -7.12888e-03  7.06637e-03  7.05245e-03  7.01689e-03
 -6.80893e-03  6.74513e-03 -6.38516e-03 -6.33627e-03 -6.12731e-03
 -5.91267e-03  5.70547e-03  5.66764e-03  5.57653e-03  5.55692e-03
  5.54340e-03  5.48331e-03 -5.40775e-03  5.32497e-03  5.29807e-03
 -5.01904e-03 -4.91843e-03  4.82242e-03 -4.68438e-03  4.53877e-03
 -4.49902e-03 -4.35550e-03 -4.33420e-03  4.31139e-03  4.26094e-03
 -4.19624e-03 -4.16925e-03  4.10616e-03  4.06229e-03 -4.01846e-03
 -3.85599e-03 -3.83945e-03 -3.64690e-03 -3.61516e-03 -3.48284e-03
 -3.35879e-03 -3.25617e-03 -3.14841e-03  2.41787e-03  2.38503e-03
 -1.69740e-03  1.66567e-03 -1.63269e-03  1.62384e-03 -1.48597e-03
 -1.09202e-03  5.37450e-04  0.00000e+00  0.00000e+00  0.00000e+00
  0.00000e+00  0.00000e+00  0.00000e+00  0.00000e+00  0.00000e+00
  0.00000e+00  0.00000e+00  0.00000e+00  0.00000e+00  0.00000e+00
  0.00000e+00  0.00000e+00  0.00000e+00  0.00000e+00  0.00000e+00
  0.00000e+00  0.00000e+00  0.00000e+00  0.00000e+00  0.00000e+00
  0.00000e+00  0.00000e+00  0.00000e+00  0.00000e+00  0.00000e+00
  0.00000e+00  0.00000e+00  0.00000e+00  0.00000e+00  0.00000e+00]

Warning!!! oU is singular
Rayleigh-Ritz ( 351  vec.,  with Left ) lifetime in ps:
 [ 1.88266e+12 -4.68255e+06 -4.10247e+06 -3.32991e+06  3.11839e+06
  2.97914e+06  2.93960e+06  2.63306e+06  2.52834e+06 -1.52535e+06
  1.35975e+06 -1.27222e+06 -1.07819e+06 -1.06194e+06  1.02441e+06
  9.57348e+05  9.13352e+05 -8.49607e+05 -8.04626e+05 -7.86811e+05
  7.66624e+05 -7.42134e+05  7.33409e+05  7.11072e+05  6.93552e+05
 -5.88791e+05  5.64465e+05 -5.09520e+05  4.93983e+05 -4.69795e+05
  4.60297e+05  4.38691e+05 -4.31730e+05  4.21987e+05 -4.18465e+05
 -4.14282e+05 -4.11661e+05 -3.81017e+05  3.39374e+05 -3.39328e+05
  3.37048e+05  3.18064e+05 -3.09099e+05  3.06572e+05 -3.02228e+05
 -2.82374e+05  2.77960e+05  2.40246e+05 -2.39632e+05 -2.38647e+05
  2.36887e+05 -2.18905e+05 -2.10647e+05 -2.07992e+05  2.07909e+05
  2.07852e+05  2.04372e+05 -1.97083e+05  1.75516e+05  1.73032e+05
 -1.72206e+05  1.66886e+05 -1.61895e+05 -1.61890e+05  1.61819e+05
 -1.56573e+05  1.54881e+05  1.46584e+05 -1.41061e+05  1.40790e+05
 -1.33735e+05  1.28743e+05 -1.20751e+05  1.18886e+05 -1.14339e+05
 -1.12764e+05  1.07233e+05 -1.06648e+05  1.04009e+05 -1.03022e+05
  9.69910e+04 -9.31903e+04  8.13611e+04  7.94222e+04 -7.67570e+04
  7.35288e+04 -6.32532e+04 -6.10619e+04 -5.69097e+04  5.54677e+04
  5.15830e+04 -4.80235e+04  3.07051e+04 -2.19899e+04  2.07038e+04
 -1.94639e+04 -1.69955e+04 -1.29306e+04  1.10417e+04  1.06801e+04
 -8.71965e+03  6.77061e+03 -5.65102e+03  3.12343e+03  1.72191e+03
  1.72080e+03 -1.60374e+03  1.26347e+03  1.04102e+03 -1.01737e+03
  3.20143e+02  2.67988e+02 -2.36652e+02 -1.83979e+02  1.63884e+02
 -1.51843e+02  1.08104e+02 -9.90159e+01  8.08484e+01 -7.55413e+01
  7.53068e+01  5.41671e+01  4.84134e+01 -3.28667e+01  2.48797e+01
 -2.30909e+01  1.89148e+01  1.80056e+01 -1.10864e+01  1.09675e+01
  1.08349e+01 -9.54942e+00  8.42743e+00  8.11513e+00  8.10353e+00
  7.77288e+00 -6.09212e+00 -5.20819e+00  4.69144e+00  3.55853e+00
  2.43237e+00  2.35349e+00  2.07814e+00  1.66997e+00  1.30976e+00
 -1.28444e+00  1.10594e+00  1.05535e+00  1.04489e+00  1.03432e+00
 -9.85161e-01  9.81448e-01  8.53174e-01  8.49465e-01  8.46753e-01
 -8.35721e-01  8.25027e-01  7.80162e-01  7.45851e-01  6.98420e-01
  6.76732e-01  6.52711e-01  6.35459e-01  6.34593e-01  5.93927e-01
  5.57595e-01  5.51781e-01  5.50447e-01  5.39701e-01  5.15971e-01
  5.05129e-01  4.95423e-01  4.91222e-01  4.80903e-01  4.76291e-01
  4.67604e-01  4.66268e-01  4.53707e-01 -4.25941e-01 -4.15991e-01
  4.03642e-01  4.03450e-01  4.02965e-01  4.02686e-01  4.02462e-01
  4.01823e-01 -3.96591e-01  3.96438e-01 -3.86955e-01  3.81843e-01
  3.78257e-01  3.69323e-01  3.68639e-01  3.62318e-01 -3.56179e-01
 -3.51452e-01  3.44960e-01  3.42924e-01 -3.38766e-01  3.38353e-01
  3.32182e-01  3.31242e-01  3.29418e-01  3.06179e-01  3.04147e-01
  3.00779e-01  2.91367e-01  2.83491e-01  2.81594e-01  2.78701e-01
  2.78423e-01  2.77643e-01  2.76572e-01  2.74503e-01  2.66622e-01
  2.60617e-01  2.57665e-01  2.56298e-01  2.53329e-01  2.49016e-01
  2.39691e-01  2.37033e-01  2.35019e-01  2.30214e-01  2.23520e-01
  2.20909e-01 -2.20779e-01  2.17421e-01  2.16584e-01  2.15403e-01
  2.14414e-01  2.13859e-01 -2.11980e-01  2.03571e-01 -2.01307e-01
  2.00836e-01 -1.91703e-01  1.90948e-01  1.90055e-01 -1.85998e-01
  1.84186e-01  1.83150e-01  1.78172e-01 -1.78066e-01  1.77972e-01
 -1.74570e-01  1.71811e-01  1.69029e-01  1.67101e-01 -1.67078e-01
  1.63250e-01  1.56422e-01  1.55954e-01  1.50103e-01  1.42872e-01
  1.42204e-01  1.37032e-01  1.35344e-01  1.33955e-01  1.33427e-01
 -1.30024e-01  1.29521e-01  1.27866e-01 -1.25982e-01 -1.23455e-01
  1.18687e-01  1.17370e-01  1.15978e-01  1.15075e-01  1.11199e-01
  1.09577e-01  1.08092e-01  1.06238e-01 -1.01511e-01 -1.01317e-01
  9.79797e-02 -8.78274e-02  8.69026e-02  8.58815e-02  8.57741e-02
 -8.49580e-02  8.42117e-02  8.35972e-02 -8.31073e-02  8.18300e-02
  8.07713e-02  7.90148e-02 -7.70698e-02  7.60373e-02  7.12237e-02
  7.09863e-02  6.61244e-02 -6.11632e-02  5.26862e-02  4.59373e-02
  4.40918e-02 -4.16692e-02  4.13532e-02  3.57170e-02 -3.07325e-02
  2.53142e-02 -2.44614e-02  2.20073e-02 -2.04469e-02 -2.03241e-02
  1.97135e-02  1.82769e-02  1.65491e-02  1.45056e-02 -1.43645e-02
  1.27195e-02 -1.20318e-02  1.16062e-02  1.11565e-02 -1.11215e-02
 -1.09998e-02 -9.93602e-03 -6.70843e-03  6.01832e-03 -5.43359e-03
 -3.69060e-03  3.44753e-03 -2.72146e-03 -1.70839e-03  1.60400e-03
  1.32784e-03  1.32405e-03  1.19294e-03 -1.18971e-03  1.17986e-03
  1.11325e-03 -1.06433e-03 -8.30168e-04 -6.46216e-04 -5.32615e-04
  4.87310e-04  4.26696e-04 -3.86429e-04  3.80111e-04  2.85375e-04
 -1.87221e-04  1.60130e-04  1.50394e-04 -1.24614e-04  1.05944e-04
  1.03030e-04 -9.26540e-05 -7.37674e-05 -7.32928e-05 -6.81913e-05
  4.26598e-05]


time for Rayleigh-Ritz lifetime:  75.81585467187688

##################################################
solving spin diffusion length
##################################################

--------------------------------------------------
solving -L^(-1) Lv x = x lambda^(-1)
--------------------------------------------------

--------------------------------------------------
carrier transport from linearized DMME
--------------------------------------------------
conductivity in S =  0.011368973149121433
mobility (n=|ne-nh|) in cm^2/V/s =  48965.84361758898
mobility (n=ne+nh) in cm^2/V/s =  48845.765075906565
effective lifetime in ps:  0.8550073638892594
spin diffusion length using pinv of L in micro-meter:
 [2252.42728 -521.59174  121.83157  -94.90375  -94.89414   40.2425
  -31.65282   30.17904   22.95633   18.22066  -18.21988   -8.78252
    8.19306   -6.86589    5.88734    5.88734   -5.88599   -5.88599
   -4.84063   -3.37462]
precession freq. in au:
 [-3.07823e+00  3.07823e+00 -3.97421e+00 -1.04519e-01  1.04519e-01
  3.97422e+00  5.00209e+00 -7.72208e+00 -5.00211e+00  9.99207e-18
 -9.31999e-18 -1.06605e+01  7.72211e+00  1.52008e+01  9.19534e-06
 -9.19534e-06 -9.19435e-06  9.19435e-06  1.06605e+01 -1.52008e+01]
short diffusion length using pinv of L in micro-meter:
 [ 1.43884e-06 -1.37362e-06 -1.19611e-06  1.19066e-06  1.17668e-06
 -1.15348e-06  1.08850e-06 -1.04094e-06  8.52737e-07 -8.40051e-07
 -7.92662e-07 -7.25801e-07 -7.05484e-07  6.73155e-07 -6.66333e-07
  6.59714e-07  6.49234e-07  5.88863e-07  2.87107e-07  2.41467e-07]

time for solving diffusion lengths via lin. alg.:  4.602964844089001

Analyse decay mode:

The 4 observables and perturbations are:
n, sx, sy, sz
ob. proj. to VR = 
 [[ 0.00000e+00+0.00000e+00j  0.00000e+00+0.00000e+00j
  -2.13083e-04-2.16440e-04j  0.00000e+00+0.00000e+00j
   5.36068e-03+5.44529e-03j  0.00000e+00+0.00000e+00j
  -4.89228e-04+4.81658e-04j  0.00000e+00+0.00000e+00j]
 [ 0.00000e+00+0.00000e+00j  0.00000e+00+0.00000e+00j
  -2.13083e-04+2.16440e-04j  0.00000e+00+0.00000e+00j
   5.36069e-03-5.44530e-03j  0.00000e+00+0.00000e+00j
  -4.89227e-04-4.81658e-04j  0.00000e+00+0.00000e+00j]
 [ 0.00000e+00+0.00000e+00j  0.00000e+00+0.00000e+00j
  -2.78499e-04-2.16033e-04j  0.00000e+00+0.00000e+00j
  -3.95820e-03-3.07018e-03j  0.00000e+00+0.00000e+00j
  -1.85247e-04+2.38880e-04j  0.00000e+00+0.00000e+00j]
 [ 0.00000e+00+0.00000e+00j  0.00000e+00+0.00000e+00j
   0.00000e+00+0.00000e+00j  0.00000e+00+0.00000e+00j
  -5.92282e-02-4.11430e-01j  0.00000e+00+0.00000e+00j
   1.14770e-03-1.65172e-04j  0.00000e+00+0.00000e+00j]
 [ 0.00000e+00+0.00000e+00j  0.00000e+00+0.00000e+00j
   0.00000e+00+0.00000e+00j  0.00000e+00+0.00000e+00j
  -5.92282e-02+4.11430e-01j  0.00000e+00+0.00000e+00j
   1.14770e-03+1.65172e-04j  0.00000e+00+0.00000e+00j]
 [ 0.00000e+00+0.00000e+00j  0.00000e+00+0.00000e+00j
  -2.78500e-04+2.16032e-04j  0.00000e+00+0.00000e+00j
  -3.95824e-03+3.07019e-03j  0.00000e+00+0.00000e+00j
  -1.85254e-04-2.38888e-04j  0.00000e+00+0.00000e+00j]
 [ 0.00000e+00+0.00000e+00j  0.00000e+00+0.00000e+00j
  -1.94160e-04+1.19883e-04j  0.00000e+00+0.00000e+00j
   4.38122e-04-2.70376e-04j  0.00000e+00+0.00000e+00j
  -3.45455e-04-5.59692e-04j  0.00000e+00+0.00000e+00j]
 [ 0.00000e+00+0.00000e+00j  0.00000e+00+0.00000e+00j
   0.00000e+00+0.00000e+00j  0.00000e+00+0.00000e+00j
   2.20854e-03-1.00762e-02j  0.00000e+00+0.00000e+00j
   2.04645e-04+4.48502e-05j  0.00000e+00+0.00000e+00j]
 [ 0.00000e+00+0.00000e+00j  0.00000e+00+0.00000e+00j
  -1.94165e-04-1.19887e-04j  0.00000e+00+0.00000e+00j
   4.38228e-04+2.70468e-04j  0.00000e+00+0.00000e+00j
  -3.45449e-04+5.59684e-04j  0.00000e+00+0.00000e+00j]
 [ 0.00000e+00+0.00000e+00j  2.54683e-03+2.70886e-04j
  -1.05786e-01-1.12517e-02j -1.49765e+00-1.59293e-01j
   0.00000e+00+0.00000e+00j -3.80229e-03-4.04420e-04j
  -6.24409e-04-6.64135e-05j  0.00000e+00+0.00000e+00j]]
rhopert. proj. to VL = 
 [[ 8.58654e+00+8.45303e+00j  0.00000e+00+0.00000e+00j
   0.00000e+00+0.00000e+00j  0.00000e+00+0.00000e+00j
   0.00000e+00+0.00000e+00j  0.00000e+00+0.00000e+00j
   0.00000e+00+0.00000e+00j  0.00000e+00+0.00000e+00j]
 [ 8.58656e+00-8.45306e+00j  0.00000e+00+0.00000e+00j
   0.00000e+00+0.00000e+00j  0.00000e+00+0.00000e+00j
   0.00000e+00+0.00000e+00j  0.00000e+00+0.00000e+00j
   0.00000e+00+0.00000e+00j  0.00000e+00+0.00000e+00j]
 [-1.35933e+01-1.75252e+01j  0.00000e+00+0.00000e+00j
   0.00000e+00+0.00000e+00j  0.00000e+00+0.00000e+00j
   0.00000e+00+0.00000e+00j  0.00000e+00+0.00000e+00j
   0.00000e+00+0.00000e+00j  0.00000e+00+0.00000e+00j]
 [-8.69548e+00-1.25177e+00j  0.00000e+00+0.00000e+00j
   0.00000e+00+0.00000e+00j  0.00000e+00+0.00000e+00j
   1.69164e-04-1.17506e-03j  0.00000e+00+0.00000e+00j
   0.00000e+00+0.00000e+00j  0.00000e+00+0.00000e+00j]
 [-8.69548e+00+1.25177e+00j  0.00000e+00+0.00000e+00j
   0.00000e+00+0.00000e+00j  0.00000e+00+0.00000e+00j
   1.69164e-04+1.17506e-03j  0.00000e+00+0.00000e+00j
   0.00000e+00+0.00000e+00j  0.00000e+00+0.00000e+00j]
 [-1.35934e+01+1.75256e+01j  0.00000e+00+0.00000e+00j
   0.00000e+00+0.00000e+00j  0.00000e+00+0.00000e+00j
   0.00000e+00+0.00000e+00j  0.00000e+00+0.00000e+00j
   0.00000e+00+0.00000e+00j  0.00000e+00+0.00000e+00j]
 [ 1.80331e+01-2.92151e+01j  0.00000e+00+0.00000e+00j
   0.00000e+00+0.00000e+00j  0.00000e+00+0.00000e+00j
   0.00000e+00+0.00000e+00j  0.00000e+00+0.00000e+00j
   0.00000e+00+0.00000e+00j  0.00000e+00+0.00000e+00j]
 [-2.19479e+01+4.81067e+00j  0.00000e+00+0.00000e+00j
   0.00000e+00+0.00000e+00j  0.00000e+00+0.00000e+00j
   0.00000e+00+0.00000e+00j  0.00000e+00+0.00000e+00j
   0.00000e+00+0.00000e+00j  0.00000e+00+0.00000e+00j]
 [ 1.80330e+01+2.92145e+01j  0.00000e+00+0.00000e+00j
   0.00000e+00+0.00000e+00j  0.00000e+00+0.00000e+00j
   0.00000e+00+0.00000e+00j  0.00000e+00+0.00000e+00j
   0.00000e+00+0.00000e+00j  0.00000e+00+0.00000e+00j]
 [ 0.00000e+00+0.00000e+00j -5.17308e-02+5.50221e-03j
   6.24949e-03-6.64710e-04j  7.52327e-02-8.00192e-03j
  -1.04390e-04+1.11032e-05j  2.93636e-04-3.12317e-05j
   9.99353e-04-1.06293e-04j -2.73569e-04+2.90975e-05j]]
ob. of pert:
 [[-4.58794e-01  0.00000e+00  0.00000e+00  1.21548e-05  0.00000e+00
   0.00000e+00  0.00000e+00 -5.24318e-06]
 [ 0.00000e+00 -2.29397e-01  0.00000e+00  0.00000e+00  0.00000e+00
   0.00000e+00  0.00000e+00  0.00000e+00]
 [ 0.00000e+00  0.00000e+00 -2.29397e-01  0.00000e+00  0.00000e+00
   0.00000e+00  0.00000e+00  0.00000e+00]
 [ 0.00000e+00  0.00000e+00  0.00000e+00 -2.29397e-01 -1.04864e-05
   0.00000e+00  0.00000e+00  0.00000e+00]
 [ 0.00000e+00  0.00000e+00  0.00000e+00 -5.24318e-06 -4.58794e-01
   0.00000e+00  0.00000e+00  1.21548e-05]
 [ 0.00000e+00  0.00000e+00  0.00000e+00  0.00000e+00  0.00000e+00
  -2.29397e-01  0.00000e+00  0.00000e+00]
 [ 0.00000e+00  0.00000e+00  0.00000e+00  0.00000e+00  0.00000e+00
   0.00000e+00 -2.29397e-01  0.00000e+00]
 [ 0.00000e+00  0.00000e+00  0.00000e+00  0.00000e+00  0.00000e+00
   0.00000e+00  0.00000e+00 -2.29397e-01]]

mode  0  with rate  42564723.74080019
pert. and ob.:
 [[ 8.80101e-08 -1.84542e-05 -7.25789e-08 -6.65065e-06  4.65847e-07
   1.72663e-05 -8.27224e-03  3.72611e-05]
 [ 0.00000e+00  0.00000e+00  0.00000e+00  0.00000e+00  0.00000e+00
   0.00000e+00  0.00000e+00  0.00000e+00]
 [ 0.00000e+00  0.00000e+00  0.00000e+00  0.00000e+00  0.00000e+00
   0.00000e+00  0.00000e+00  0.00000e+00]
 [ 0.00000e+00  0.00000e+00  0.00000e+00  0.00000e+00  0.00000e+00
   0.00000e+00  0.00000e+00  0.00000e+00]
 [ 0.00000e+00  0.00000e+00  0.00000e+00  0.00000e+00  1.37378e-07
   0.00000e+00  0.00000e+00  0.00000e+00]
 [ 0.00000e+00  0.00000e+00  0.00000e+00  0.00000e+00  0.00000e+00
   0.00000e+00  0.00000e+00  0.00000e+00]
 [ 0.00000e+00  0.00000e+00  0.00000e+00  0.00000e+00  0.00000e+00
   0.00000e+00  0.00000e+00  0.00000e+00]
 [ 0.00000e+00  0.00000e+00  0.00000e+00  0.00000e+00  0.00000e+00
   0.00000e+00  0.00000e+00  0.00000e+00]]

mode  1  with rate  -9856659.357363006
pert. and ob.:
 [[-5.28091e-08 -1.84542e-05 -7.19613e-08 -6.65071e-06  4.20178e-07
   1.72664e-05 -8.27226e-03  3.72613e-05]
 [ 0.00000e+00  0.00000e+00  0.00000e+00  0.00000e+00  0.00000e+00
   0.00000e+00  0.00000e+00  0.00000e+00]
 [ 0.00000e+00  0.00000e+00  0.00000e+00  0.00000e+00  0.00000e+00
   0.00000e+00  0.00000e+00  0.00000e+00]
 [ 0.00000e+00  0.00000e+00  0.00000e+00  0.00000e+00  0.00000e+00
   0.00000e+00  0.00000e+00  0.00000e+00]
 [ 0.00000e+00  0.00000e+00  0.00000e+00  0.00000e+00  1.37379e-07
   0.00000e+00  0.00000e+00  0.00000e+00]
 [ 0.00000e+00  0.00000e+00  0.00000e+00  0.00000e+00  0.00000e+00
   0.00000e+00  0.00000e+00  0.00000e+00]
 [ 0.00000e+00  0.00000e+00  0.00000e+00  0.00000e+00  0.00000e+00
   0.00000e+00  0.00000e+00  0.00000e+00]
 [ 0.00000e+00  0.00000e+00  0.00000e+00  0.00000e+00  0.00000e+00
   0.00000e+00  0.00000e+00  0.00000e+00]]

mode  2  with rate  2302283.9027172336
pert. and ob.:
 [[-3.48491e-07  3.10517e-05 -3.13065e-07 -8.58494e-06 -6.47326e-07
  -5.09251e-05  6.70453e-03 -1.31457e-04]
 [ 0.00000e+00  0.00000e+00  0.00000e+00  0.00000e+00  0.00000e+00
   0.00000e+00  0.00000e+00  0.00000e+00]
 [ 0.00000e+00  0.00000e+00  0.00000e+00  0.00000e+00  0.00000e+00
   0.00000e+00  0.00000e+00  0.00000e+00]
 [ 0.00000e+00  0.00000e+00  0.00000e+00  0.00000e+00  0.00000e+00
   0.00000e+00  0.00000e+00  0.00000e+00]
 [ 0.00000e+00  0.00000e+00  0.00000e+00  0.00000e+00  3.02453e-08
   0.00000e+00  0.00000e+00  0.00000e+00]
 [ 0.00000e+00  0.00000e+00  0.00000e+00  0.00000e+00  0.00000e+00
   0.00000e+00  0.00000e+00  0.00000e+00]
 [ 0.00000e+00  0.00000e+00  0.00000e+00  0.00000e+00  0.00000e+00
   0.00000e+00  0.00000e+00  0.00000e+00]
 [ 0.00000e+00  0.00000e+00  0.00000e+00  0.00000e+00  0.00000e+00
   0.00000e+00  0.00000e+00  0.00000e+00]]

mode  3  with rate  -1793421.7062639762
pert. and ob.:
 [[ 0.00000e+00 -2.26248e-05 -3.09003e-07  3.55672e-06 -1.27983e-07
   4.23997e-05 -1.01866e-02 -6.70639e-05]
 [ 0.00000e+00  0.00000e+00  0.00000e+00  0.00000e+00  2.55863e-08
   0.00000e+00  0.00000e+00  0.00000e+00]
 [ 0.00000e+00  0.00000e+00  0.00000e+00  0.00000e+00  4.58946e-08
   0.00000e+00  0.00000e+00  0.00000e+00]
 [ 0.00000e+00  0.00000e+00  0.00000e+00  0.00000e+00 -2.15934e-07
   0.00000e+00  0.00000e+00  0.00000e+00]
 [ 0.00000e+00  0.00000e+00 -6.97620e-08  2.71455e-08 -4.93474e-04
   0.00000e+00  0.00000e+00 -1.51193e-08]
 [ 0.00000e+00  0.00000e+00  0.00000e+00  0.00000e+00  1.20661e-07
   0.00000e+00  0.00000e+00  0.00000e+00]
 [ 0.00000e+00  0.00000e+00  0.00000e+00  0.00000e+00  0.00000e+00
   0.00000e+00  1.14545e-08  0.00000e+00]
 [ 0.00000e+00  0.00000e+00  0.00000e+00  0.00000e+00 -8.52102e-08
   0.00000e+00  0.00000e+00  0.00000e+00]]

mode  4  with rate  -1793240.09964875
pert. and ob.:
 [[ 0.00000e+00 -2.26248e-05 -3.09001e-07  3.55672e-06 -1.27123e-07
   4.23997e-05 -1.01866e-02 -6.70639e-05]
 [ 0.00000e+00  0.00000e+00  0.00000e+00  0.00000e+00  2.55872e-08
   0.00000e+00  0.00000e+00  0.00000e+00]
 [ 0.00000e+00  0.00000e+00  0.00000e+00  0.00000e+00  4.58925e-08
   0.00000e+00  0.00000e+00  0.00000e+00]
 [ 0.00000e+00  0.00000e+00  0.00000e+00  0.00000e+00 -2.16093e-07
   0.00000e+00  0.00000e+00  0.00000e+00]
 [ 0.00000e+00  0.00000e+00 -6.97620e-08  2.71455e-08 -4.93474e-04
   0.00000e+00  0.00000e+00 -1.51193e-08]
 [ 0.00000e+00  0.00000e+00  0.00000e+00  0.00000e+00  1.20661e-07
   0.00000e+00  0.00000e+00  0.00000e+00]
 [ 0.00000e+00  0.00000e+00  0.00000e+00  0.00000e+00  0.00000e+00
   0.00000e+00  1.14544e-08  0.00000e+00]
 [ 0.00000e+00  0.00000e+00  0.00000e+00  0.00000e+00 -8.52100e-08
   0.00000e+00  0.00000e+00  0.00000e+00]]

mode  5  with rate  760473.3588423767
pert. and ob.:
 [[ 2.28958e-07  3.10524e-05 -3.38581e-07 -8.58469e-06 -1.12598e-06
  -5.09264e-05  6.70489e-03 -1.31461e-04]
 [ 0.00000e+00  0.00000e+00  0.00000e+00  0.00000e+00  0.00000e+00
   0.00000e+00  0.00000e+00  0.00000e+00]
 [ 0.00000e+00  0.00000e+00  0.00000e+00  0.00000e+00  0.00000e+00
   0.00000e+00  0.00000e+00  0.00000e+00]
 [ 0.00000e+00  0.00000e+00  0.00000e+00  0.00000e+00  0.00000e+00
   0.00000e+00  0.00000e+00  0.00000e+00]
 [ 0.00000e+00  0.00000e+00  0.00000e+00  0.00000e+00  3.02462e-08
   0.00000e+00  0.00000e+00  0.00000e+00]
 [ 0.00000e+00  0.00000e+00  0.00000e+00  0.00000e+00  0.00000e+00
   0.00000e+00  0.00000e+00  0.00000e+00]
 [ 0.00000e+00  0.00000e+00  0.00000e+00  0.00000e+00  0.00000e+00
   0.00000e+00  0.00000e+00  0.00000e+00]
 [ 0.00000e+00  0.00000e+00  0.00000e+00  0.00000e+00  0.00000e+00
   0.00000e+00  0.00000e+00  0.00000e+00]]

mode  6  with rate  -598151.8897057296
pert. and ob.:
 [[-9.80293e-07 -1.59823e-05  1.07081e-06  3.61204e-05  1.65265e-06
   2.11089e-05 -2.25811e-02  2.28444e-04]
 [ 0.00000e+00  0.00000e+00  0.00000e+00  0.00000e+00  0.00000e+00
   0.00000e+00  0.00000e+00  0.00000e+00]
 [ 0.00000e+00  0.00000e+00  0.00000e+00  0.00000e+00  0.00000e+00
   0.00000e+00  0.00000e+00  0.00000e+00]
 [ 0.00000e+00  0.00000e+00  0.00000e+00  0.00000e+00  0.00000e+00
   0.00000e+00  0.00000e+00  0.00000e+00]
 [ 0.00000e+00  0.00000e+00  0.00000e+00  0.00000e+00  0.00000e+00
   0.00000e+00  0.00000e+00  0.00000e+00]
 [ 0.00000e+00  0.00000e+00  0.00000e+00  0.00000e+00  0.00000e+00
   0.00000e+00  0.00000e+00  0.00000e+00]
 [ 0.00000e+00  0.00000e+00  0.00000e+00  0.00000e+00  0.00000e+00
   0.00000e+00  0.00000e+00  0.00000e+00]
 [ 0.00000e+00  0.00000e+00  0.00000e+00  0.00000e+00  0.00000e+00
   0.00000e+00  0.00000e+00  0.00000e+00]]

mode  7  with rate  570301.4419267469
pert. and ob.:
 [[-1.00328e-06 -7.05706e-06 -9.28651e-08 -7.37177e-06  6.72949e-07
  -1.23320e-05 -4.70729e-03 -6.26778e-05]
 [ 0.00000e+00  0.00000e+00  0.00000e+00  0.00000e+00  0.00000e+00
   0.00000e+00  0.00000e+00  0.00000e+00]
 [ 0.00000e+00  0.00000e+00  0.00000e+00  0.00000e+00  0.00000e+00
   0.00000e+00  0.00000e+00  0.00000e+00]
 [ 0.00000e+00  0.00000e+00  0.00000e+00  0.00000e+00  0.00000e+00
   0.00000e+00  0.00000e+00  0.00000e+00]
 [ 0.00000e+00  0.00000e+00  0.00000e+00  0.00000e+00 -5.03364e-08
   0.00000e+00  0.00000e+00  0.00000e+00]
 [ 0.00000e+00  0.00000e+00  0.00000e+00  0.00000e+00  0.00000e+00
   0.00000e+00  0.00000e+00  0.00000e+00]
 [ 0.00000e+00  0.00000e+00  0.00000e+00  0.00000e+00  0.00000e+00
   0.00000e+00  0.00000e+00  0.00000e+00]
 [ 0.00000e+00  0.00000e+00  0.00000e+00  0.00000e+00  0.00000e+00
   0.00000e+00  0.00000e+00  0.00000e+00]]

mode  8  with rate  433811.9237415437
pert. and ob.:
 [[ 1.29513e-06 -1.59814e-05  1.08356e-06  3.61207e-05  9.49604e-07
   2.11067e-05 -2.25804e-02  2.28433e-04]
 [ 0.00000e+00  0.00000e+00  0.00000e+00  0.00000e+00  0.00000e+00
   0.00000e+00  0.00000e+00  0.00000e+00]
 [ 0.00000e+00  0.00000e+00  0.00000e+00  0.00000e+00  0.00000e+00
   0.00000e+00  0.00000e+00  0.00000e+00]
 [ 0.00000e+00  0.00000e+00  0.00000e+00  0.00000e+00  0.00000e+00
   0.00000e+00  0.00000e+00  0.00000e+00]
 [ 0.00000e+00  0.00000e+00  0.00000e+00  0.00000e+00  0.00000e+00
   0.00000e+00  0.00000e+00  0.00000e+00]
 [ 0.00000e+00  0.00000e+00  0.00000e+00  0.00000e+00  0.00000e+00
   0.00000e+00  0.00000e+00  0.00000e+00]
 [ 0.00000e+00  0.00000e+00  0.00000e+00  0.00000e+00  0.00000e+00
   0.00000e+00  0.00000e+00  0.00000e+00]
 [ 0.00000e+00  0.00000e+00  0.00000e+00  0.00000e+00  0.00000e+00
   0.00000e+00  0.00000e+00  0.00000e+00]]

mode  9  with rate  344320.75004170556
pert. and ob.:
 [[ 0.00000e+00  0.00000e+00 -2.00192e-07 -2.83417e-06  0.00000e+00
   0.00000e+00  0.00000e+00  0.00000e+00]
 [ 0.00000e+00 -1.33240e-04  5.53431e-03  7.83509e-02  1.91829e-06
   1.98921e-04  3.26666e-05 -3.05236e-07]
 [ 0.00000e+00  1.60964e-05 -6.68588e-04 -9.46540e-03 -2.31745e-07
  -2.40312e-05 -3.94638e-06  3.68749e-08]
 [ 0.00000e+00  1.93772e-04 -8.04861e-03 -1.13947e-01 -2.78979e-06
  -2.89292e-04 -4.75074e-05  4.43908e-07]
 [ 0.00000e+00 -2.68872e-07  1.11680e-05  1.58108e-04  0.00000e+00
   4.01412e-07  6.59196e-08  0.00000e+00]
 [ 0.00000e+00  7.56299e-07 -3.14140e-05 -4.44737e-04 -1.08887e-08
  -1.12912e-06 -1.85423e-07  0.00000e+00]
 [ 0.00000e+00  2.57397e-06 -1.06914e-04 -1.51361e-03 -3.70582e-08
  -3.84281e-06 -6.31064e-07  0.00000e+00]
 [ 0.00000e+00 -7.04616e-07  2.92672e-05  4.14345e-04  1.01446e-08
   1.05196e-06  1.72752e-07  0.00000e+00]]

do real-space simulations with xmax (in micro-meter)  18.220669416337422
2800  (of  5600 ) modes are considered in real-space simulation
Sxx_jxsxpert (exp): tau =  1.4563173069704205  micro-meter
Sxx_jxsxpert (exp cos phi=0): tau =  2.6981256962415117  micro-meter  period =  -17.951689467565373
Sxx_jxsxpert (exp cos): tau =  1.9112100376567966  micro-meter  period =  13.401280733409902 micro-meter  phi =  -0.7795762669555371
2800  (of  5600 ) modes are considered in real-space simulation
jxSx_jxsxpert (exp): tau =  3.5622372063140304  micro-meter
jxSx_jxsxpert (exp cos phi=0): tau =  5.87665566799607  micro-meter  period =  -36.11301237065284
jxSx_jxsxpert (exp cos): tau =  5.870800045125212  micro-meter  period =  -36.05241878971499 micro-meter  phi =  0.0023555640908220175
2800  (of  5600 ) modes are considered in real-space simulation
Sxx_sxpert (exp): tau =  3.556288611729196  micro-meter
Sxx_sxpert (exp cos phi=0): tau =  5.869214073215529  micro-meter  period =  36.0556064151511
Sxx_sxpert (exp cos): tau =  5.869021586192985  micro-meter  period =  -36.0536175698673 micro-meter  phi =  7.732770107244227e-05
2  (of  5600 ) modes are considered in real-space simulation
Sxx_sxpert_thrrel0.01 (exp): tau =  3.5482797852537638  micro-meter
Sxx_sxpert_thrrel0.01 (exp cos phi=0): tau =  5.868997532220692  micro-meter  period =  35.968362305781696
Sxx_sxpert_thrrel0.01 (exp cos): tau =  5.887341748729377  micro-meter  period =  -36.15682551631737 micro-meter  phi =  -0.007308779462106785
2800  (of  5600 ) modes are considered in real-space simulation
Syx_sypert (exp): tau =  3.4586904143260657  micro-meter
Syx_sypert (exp cos phi=0): tau =  5.72629578052269  micro-meter  period =  35.12442693015149
Syx_sypert (exp cos): tau =  5.789098163222207  micro-meter  period =  35.76301825732308 micro-meter  phi =  0.02510660711786591
2800  (of  5600 ) modes are considered in real-space simulation
Szx_szpert (exp): tau =  18.2317844421846  micro-meter
Szx_szpert (exp cos phi=0): tau =  18.41554975050464  micro-meter  period =  -993.3287810034795
Szx_szpert (exp cos): tau =  18.414519031532993  micro-meter  period =  993.2432535832228 micro-meter  phi =  -0.0004907490159748653

time for diffusion length:  33.07604087283835

##################################################
solving approximate diffusion lengths
##################################################

--------------------------------------------------
Rayleigh-Ritz method:
--------------------------------------------------

##################################################
diffusion length analysis for grbn based on RR method:
##################################################
time for Rayleigh-Ritz method:  506.502707215026

##################################################
more diffusion length analysis for gr-bn:
##################################################
time for more diffusion length analysis for grbn:  9.275428041350096

time for approximate diffusion length:  515.7781449244358
total time:  698.1584921902977
