
--------------------------------------------------
diffusion length analysis for gr-bn using U of -L:
--------------------------------------------------

drift-diffusion model for sz
AK = 
 [[3.67676e-08+9.30578e-24j 1.01992e-14+3.54181e-21j]
 [1.01994e-14-1.12017e-19j 5.65101e-06-8.94467e-19j]]
BK = 
 [[2.77396e-07+2.59644e-13j 1.34565e-01+1.14492e-15j]
 [1.34565e-01+4.49293e-16j 3.85081e-08+3.58561e-14j]]
ldiff_RR_z (from CK) in micro-meter =  [ 15.62223 -15.62184]
vx2_sz =  (0.13456509507241216+4.552265072387346e-16j)
taupvsz_inv =  (4.1994636274265295e-05-6.602999416919183e-18j)
vx2_sz * taupvsz_inv =  (5.651012222777878e-06-8.69416172706917e-19j)
ldiff_DD_z in micro-meter =  15.622035537939741

drift-diffusion model for sx
AK = 
 [[2.17033e-08+1.08567e-23j 1.48153e-15+3.95471e-20j]
 [1.48121e-15-4.38212e-20j 5.65093e-06-1.35444e-16j]]
BK = 
 [[ 6.82423e-08-4.31140e-13j  1.34561e-01+8.65568e-13j]
 [ 1.34561e-01+8.64881e-13j -2.49291e-06+1.27629e-12j]]
ldiff_RR_x (from CK) in micro-meter =  [ 20.33294 -20.3328 ]
vx2_sx =  (0.13456148906020843+8.648833958177027e-13j)
taupvsx_inv =  (4.1995117413443904e-05-1.2779224971112718e-15j)
vx2_sx * taupvsx_inv =  (5.6509255324113e-06-1.3563827435853012e-16j)
ldiff_DD_x in micro-meter =  20.332869911059387

drift-diffusion model for sy
AK = 
 [[ 2.17183e-08-2.62526e-22j -7.52469e-15-1.31703e-19j]
 [-7.52479e-15-7.41450e-20j  5.64825e-06+1.33980e-16j]]
BK = 
 [[-3.46468e-07+1.61604e-13j  1.34579e-01-8.63935e-13j]
 [ 1.34579e-01-8.64617e-13j  2.45422e-06-1.31355e-12j]]
ldiff_RR_y (from CK) in micro-meter =  [-20.33372  20.3329 ]
vx2_sy =  (0.1345788502435043-8.646161382881191e-13j)
taupvsy_inv =  (4.196980693458566e-05+1.2649093445950586e-15j)
vx2_sy * taupvsy_inv =  (5.648248362198392e-06+1.3394227286138817e-16j)
ldiff_DD_y in micro-meter =  20.333311090015496

sx-sz coupling
AK = 
 [[ 2.17033e-08+1.02840e-23j -3.74272e-19+6.27037e-19j
   1.48152e-15+3.95761e-20j -9.07521e-12+2.59409e-10j]
 [-2.66097e-19-1.41552e-18j  3.67676e-08+8.35650e-24j
   1.50524e-11+4.30263e-10j  1.01992e-14+3.48627e-21j]
 [ 1.48121e-15-4.38213e-20j -1.53743e-11+4.39465e-10j
   5.65093e-06-1.35622e-16j  6.23071e-13-1.78101e-11j]
 [ 8.88519e-12+2.53977e-10j  1.01994e-14-1.12017e-19j
  -7.29178e-12-2.08431e-10j  5.65101e-06-8.86738e-19j]]
BK = 
 [[ 6.82423e-08-4.31136e-13j -4.18148e-04+1.19525e-02j
   1.34561e-01+8.65569e-13j -2.04142e-07+5.83526e-06j]
 [ 4.09393e-04+1.17022e-02j  2.77396e-07+2.59661e-13j
  -3.37658e-07-9.65173e-06j  1.34565e-01+1.14231e-15j]
 [ 1.34561e-01+8.64883e-13j -2.04142e-07+5.83526e-06j
  -2.49291e-06+1.27629e-12j -5.80757e-05+1.66006e-03j]
 [-3.37658e-07-9.65173e-06j  1.34565e-01+4.55248e-16j
   5.68599e-05+1.62530e-03j  3.85081e-08+3.58575e-14j]]
CK = 
 [[ 3.13587e-12-1.83469e-18j  3.66650e-12-1.04805e-10j
   4.19501e-05-2.73343e-16j  7.06876e-11-2.02056e-09j]
 [-2.12085e-12-6.06233e-11j -1.37999e-13-8.76186e-19j
   5.11331e-11+1.46161e-09j  4.19496e-05+9.96762e-16j]
 [ 1.61284e-07-1.13929e-18j  4.14071e-13-1.18360e-11j
  -4.95323e-11+1.30175e-16j  1.30290e-07-3.72427e-06j]
 [ 3.95164e-13+1.12956e-11j  2.73224e-07+1.70272e-19j
  -1.27515e-07-3.64492e-06j  5.12176e-12-8.38138e-17j]]
ldiff_xz (from CK) in micro-meter =  [-22.43743 -22.43743  22.43763  22.43763]
T1xinv =  (2.170333830849856e-08+7.368446758573146e-19j)
T1zinv =  (3.676759941490515e-08+1.61064761379232e-19j)
vx2_sx * taupvsx_inv =  (5.6509255324113e-06-1.3563827435853012e-16j)
vx2_sz * taupvsz_inv =  (5.651012222777878e-06-8.69416172706917e-19j)
vxz =  (-0.0004181479763519603+0.011952497921735522j)
vzx =  (0.00040939275979182436+0.011702228074094394j)
vxz0 =  (-0.0036606798151021577-2.800316532637157e-16j)
vzx0 =  (0.0036606513615536807+1.1137778842593408e-13j)
T1xinv vxz =  (-9.075207002587783e-12+2.5940910602674386e-10j)
T1zinv vzx =  (1.505238899350347e-11+4.302628340902256e-10j)
T1zinv vxz =  (-1.5374297292587234e-11+4.3946465559379063e-10j)
T1xinv vzx =  (8.885189558189125e-12+2.5397741485558186e-10j)
AK_appr = 
 [[2.17033e-08+7.36845e-19j 0.00000e+00+0.00000e+00j
  0.00000e+00+0.00000e+00j 0.00000e+00+0.00000e+00j]
 [0.00000e+00+0.00000e+00j 3.67676e-08+1.61065e-19j
  0.00000e+00+0.00000e+00j 0.00000e+00+0.00000e+00j]
 [0.00000e+00+0.00000e+00j 0.00000e+00+0.00000e+00j
  5.65093e-06-1.35638e-16j 0.00000e+00+0.00000e+00j]
 [0.00000e+00+0.00000e+00j 0.00000e+00+0.00000e+00j
  0.00000e+00+0.00000e+00j 5.65101e-06-8.69416e-19j]]
BK_appr = 
 [[ 0.     +0.00000e+00j -0.00042+1.19525e-02j  0.13456+8.64883e-13j
   0.     +0.00000e+00j]
 [ 0.00041+1.17022e-02j  0.     +0.00000e+00j  0.     +0.00000e+00j
   0.13457+4.55227e-16j]
 [ 0.13456+8.64883e-13j  0.     +0.00000e+00j  0.     +0.00000e+00j
   0.     +0.00000e+00j]
 [ 0.     +0.00000e+00j  0.13457+4.55227e-16j  0.     +0.00000e+00j
   0.     +0.00000e+00j]]
1 / vx2_sx =  (7.431546774519998-4.7765682851867484e-11j)
1 / vx2_sz =  (7.431347627420618-2.5139850885455212e-14j)
vxz / vx2_sx / vx2_sz =  (-0.02309281052926136+0.6600935207599845j)
vzx / vx2_sx / vx2_sz =  (0.02260929138024125+0.6462720161711776j)
BK_appr_inv = 
 [[ 0.     +0.00000e+00j -0.     +0.00000e+00j  7.43155-4.77657e-11j
   0.     +0.00000e+00j]
 [ 0.     +0.00000e+00j -0.     +0.00000e+00j  0.     +0.00000e+00j
   7.43135-2.51399e-14j]
 [ 7.43155-4.77657e-11j -0.     +0.00000e+00j  0.     +0.00000e+00j
   0.02309-6.60094e-01j]
 [ 0.     +0.00000e+00j  7.43135-2.51399e-14j -0.02261-6.46272e-01j
   0.     +0.00000e+00j]]
CK_appr = 
 [[ 0.00000e+00+0.00000e+00j  0.00000e+00+0.00000e+00j
   4.19951e-05-1.27792e-15j  0.00000e+00+0.00000e+00j]
 [ 0.00000e+00+0.00000e+00j  0.00000e+00+0.00000e+00j
   0.00000e+00+0.00000e+00j  4.19946e-05-6.60300e-18j]
 [ 1.61289e-07+4.43922e-18j  0.00000e+00+0.00000e+00j
   0.00000e+00+0.00000e+00j  1.30498e-07-3.73020e-06j]
 [ 0.00000e+00+0.00000e+00j  2.73233e-07+1.19600e-18j
  -1.27763e-07-3.65204e-06j  0.00000e+00+0.00000e+00j]]
lambda_appr_xz =  [ 2.35796e-06-1.80441e-06j  2.35796e-06+1.80441e-06j
 -2.35796e-06-1.80441e-06j -2.35796e-06+1.80441e-06j]
ldiff_xz (from CK_appr) in micro-meter =  [ 22.44213  22.44213 -22.44213 -22.44213]
b =  (-4.608197427004063e-12-3.04660583304776e-19j)
c =  (7.771972093207649e-23+1.0205121777401656e-34j)
b*b - 4*c =  (-2.8964340020205915e-22+2.8074640273181552e-30j)
sqrt(b*b - 4*c) =  (8.248070910558661e-20+1.701891301470394e-11j)
E2_plus =  (2.304098754742386e-12+8.509456659682262e-12j)
E2_minus =  (2.304098672261677e-12-8.509456355021677e-12j)

sy-sz coupling
AK = 
 [[ 2.17183e-08-2.62879e-22j -5.38295e-20+1.17663e-19j
  -7.52469e-15-1.31519e-19j -1.68685e-10-9.82601e-11j]
 [ 4.76222e-19-4.95535e-19j  3.67676e-08+8.35650e-24j
   2.74991e-10-1.60184e-10j  1.01992e-14+3.48627e-21j]
 [-7.52479e-15-7.41452e-20j -2.85572e-10-1.66348e-10j
   5.64825e-06+1.33939e-16j -3.73499e-11-2.17566e-11j]
 [ 1.62435e-10-9.46193e-11j  1.01994e-14-1.12017e-19j
   2.07307e-10-1.20758e-10j  5.65101e-06-8.86738e-19j]]
BK = 
 [[-3.46468e-07+1.61612e-13j -7.76695e-03-4.52430e-03j
   1.34579e-01-8.63930e-13j  6.73873e-06+3.92536e-06j]
 [ 7.47916e-03-4.35667e-03j  2.77396e-07+2.59661e-13j
   1.10424e-05-6.43229e-06j  1.34565e-01+1.14231e-15j]
 [ 1.34579e-01-8.64615e-13j  6.73873e-06+3.92536e-06j
   2.45422e-06-1.31355e-12j -1.07875e-03-6.28381e-04j]
 [ 1.10424e-05-6.43229e-06j  1.34565e-01+4.55248e-16j
   1.03878e-03-6.05099e-04j  3.85081e-08+3.58575e-14j]]
CK = 
 [[-3.13653e-12+1.01168e-18j  6.81624e-11+3.97051e-11j
   4.19448e-05+2.60907e-16j -2.42459e-09-1.41234e-09j]
 [-3.86489e-11+2.25132e-11j  1.31484e-13-9.09832e-19j
  -1.90166e-09+1.10773e-09j  4.19696e-05-1.01083e-15j]
 [ 1.61377e-07+8.84665e-19j -1.36735e-11-7.96491e-12j
   1.17146e-10-4.68096e-17j  2.42094e-06+1.41021e-06j]
 [-1.30682e-11+7.61230e-12j  2.73228e-07-2.64920e-19j
  -2.32926e-06+1.35681e-06j -1.72028e-10-7.63742e-17j]]
ldiff_yz (from CK) in micro-meter =  [ 19.89319  19.89319 -19.89297 -19.89297]
T1yinv =  (2.1718286184006243e-08+3.6901752477712287e-19j)
T1zinv =  (3.676759941490515e-08+1.61064761379232e-19j)
vx2_sy * taupvsy_inv =  (5.648248362198392e-06+1.3394227286138817e-16j)
vx2_sz * taupvsz_inv =  (5.651012222777878e-06-8.69416172706917e-19j)
vyz =  (-0.007766946947111525-0.004524303903506392j)
vzy =  (0.00747916074117029-0.004356665913142365j)
vyz0 =  (-1.3369236355951442e-09-2.0929798473668283e-16j)
vzy0 =  (1.3303594362015702e-09+1.478865507326205e-16j)
T1xinv vyz =  (-1.6856867721398777e-10-9.819249823398287e-11j)
T1zinv vzy =  (2.7499078609173606e-10-1.601841470777858e-10j)
T1zinv vyz =  (-2.8557199402748833e-10-1.6634779355666568e-10j)
T1xinv vzy =  (1.6232275583246982e-10-9.455419420452156e-11j)
AK_appr = 
 [[2.17183e-08+3.69018e-19j 0.00000e+00+0.00000e+00j
  0.00000e+00+0.00000e+00j 0.00000e+00+0.00000e+00j]
 [0.00000e+00+0.00000e+00j 3.67676e-08+1.61065e-19j
  0.00000e+00+0.00000e+00j 0.00000e+00+0.00000e+00j]
 [0.00000e+00+0.00000e+00j 0.00000e+00+0.00000e+00j
  5.64825e-06+1.33942e-16j 0.00000e+00+0.00000e+00j]
 [0.00000e+00+0.00000e+00j 0.00000e+00+0.00000e+00j
  0.00000e+00+0.00000e+00j 5.65101e-06-8.69416e-19j]]
BK_appr = 
 [[ 0.     +0.00000e+00j -0.00777-4.52430e-03j  0.13458-8.64616e-13j
   0.     +0.00000e+00j]
 [ 0.00748-4.35667e-03j  0.     +0.00000e+00j  0.     +0.00000e+00j
   0.13457+4.55227e-16j]
 [ 0.13458-8.64616e-13j  0.     +0.00000e+00j  0.     +0.00000e+00j
   0.     +0.00000e+00j]
 [ 0.     +0.00000e+00j  0.13457+4.55227e-16j  0.     +0.00000e+00j
   0.     +0.00000e+00j]]
1 / vx2_sy =  (7.430588076734344+4.773860347663274e-11j)
1 / vx2_sz =  (7.431347627420618-2.5139850885455212e-14j)
vyz / vx2_sy / vx2_sz =  (-0.4288852420946363-0.24982881796499445j)
vzy / vx2_sy / vx2_sz =  (0.41299389412701454-0.24057196831565722j)
BK_appr_inv = 
 [[ 0.     +0.00000e+00j -0.     +0.00000e+00j  7.43059+4.77386e-11j
   0.     +0.00000e+00j]
 [ 0.     +0.00000e+00j -0.     +0.00000e+00j  0.     +0.00000e+00j
   7.43135-2.51399e-14j]
 [ 7.43059+4.77386e-11j -0.     +0.00000e+00j  0.     +0.00000e+00j
   0.42889+2.49829e-01j]
 [ 0.     +0.00000e+00j  7.43135-2.51399e-14j -0.41299+2.40572e-01j
   0.     +0.00000e+00j]]
CK_appr = 
 [[ 0.00000e+00+0.00000e+00j  0.00000e+00+0.00000e+00j
   4.19698e-05+1.26491e-15j  0.00000e+00+0.00000e+00j]
 [ 0.00000e+00+0.00000e+00j  0.00000e+00+0.00000e+00j
   0.00000e+00+0.00000e+00j  4.19946e-05-6.60300e-18j]
 [ 1.61380e-07+3.77882e-18j  0.00000e+00+0.00000e+00j
   0.00000e+00+0.00000e+00j  2.42364e-06+1.41179e-06j]
 [ 0.00000e+00+0.00000e+00j  2.73233e-07+1.19600e-18j
  -2.33269e-06+1.35881e-06j  0.00000e+00+0.00000e+00j]]
lambda_appr_yz =  [-2.66021e-06+1.31871e-06j -2.66021e-06-1.31871e-06j
  2.66021e-06+1.31871e-06j  2.66021e-06-1.31871e-06j]
ldiff_yz (from CK_appr) in micro-meter =  [-19.89232 -19.89232  19.89232  19.89232]
b =  (-1.067544007801827e-11+3.037658948927127e-19j)
c =  (7.771634834477724e-23+4.490004426324319e-33j)
b*b - 4*c =  (-1.969003725197503e-22-6.503629235050798e-30j)
sqrt(b*b - 4*c) =  (2.317408043731315e-19-1.4032119316758619e-11j)
E2_plus =  (5.337720154879537e-12-7.016059810262257e-12j)
E2_minus =  (5.337719923138733e-12+7.016059506496362e-12j)

sx-sy coupling
AK = 
 [[ 2.17033e-08+1.02840e-23j -7.52418e-20+5.92722e-19j
   1.48152e-15+3.95761e-20j -5.23163e-15-9.74987e-15j]
 [ 6.80537e-19-1.03239e-18j  2.17183e-08-2.62879e-22j
   9.60064e-15-1.78917e-14j -7.52469e-15-1.31519e-19j]
 [ 1.48121e-15-4.38213e-20j -5.23541e-15-9.75700e-15j
   5.65093e-06-1.35622e-16j -2.11329e-09-3.93838e-09j]
 [ 9.59384e-15-1.78793e-14j -7.52479e-15-7.41452e-20j
  -2.14788e-09+4.00285e-09j  5.64825e-06+1.33939e-16j]]
BK = 
 [[ 6.82423e-08-4.31136e-13j -2.41061e-07-4.49247e-07j
   1.34561e-01+8.65569e-13j  1.35414e-05+2.52361e-05j]
 [ 4.42047e-07-8.23811e-07j -3.46468e-07+1.61612e-13j
   1.37795e-05-2.56798e-05j  1.34579e-01-8.63930e-13j]
 [ 1.34561e-01+8.64883e-13j  1.35414e-05+2.52361e-05j
  -2.49291e-06+1.27629e-12j -4.25515e-05-7.93001e-05j]
 [ 1.37795e-05-2.56798e-05j  1.34579e-01-8.64615e-13j
   4.25795e-05-7.93523e-05j  2.45422e-06-1.31355e-12j]]
CK = 
 [[ 2.99866e-12-1.85469e-18j  5.09931e-11+9.50321e-11j
   4.19951e-05-1.27762e-15j -1.99286e-08-3.71394e-08j]
 [-5.09592e-11+9.49689e-11j -2.99925e-12+1.02286e-18j
  -2.02599e-08+3.77569e-08j  4.19698e-05+1.26506e-15j]
 [ 1.61289e-07-1.03739e-18j -1.62403e-11-3.02658e-11j
  -2.13869e-11+1.34864e-16j  7.51474e-11+1.40047e-10j]
 [-1.65145e-11+3.07768e-11j  1.61380e-07+1.03361e-18j
  -1.37919e-10+2.57029e-10j  1.08252e-10-5.13582e-17j]]
ldiff_xy (from CK) in micro-meter =  [ 20.32027  20.34558 -20.3211  -20.34543]
T1xinv =  (2.170333830849856e-08+7.368446758573146e-19j)
T1yinv =  (2.1718286184006243e-08+3.6901752477712287e-19j)
vx2_sx * taupvsx_inv =  (5.6509255324113e-06-1.3563827435853012e-16j)
vx2_sy * taupvsz_inv =  (5.6515898661847825e-06-3.719786431395694e-17j)
vxy =  (-2.410609846210937e-07-4.492474483441453e-07j)
vyx =  (4.420474064046145e-07-8.23811035125698e-07j)
vxy0 =  (-2.2205308958514864e-07+7.263072825785701e-16j)
vyx0 =  (-2.988481878258804e-07+1.8761598988226745e-16j)
T1xinv vxy =  (-5.23182810188034e-15-9.750169355820341e-15j)
T1zinv vyx =  (9.600512079497132e-15-1.7891763822239205e-14j)
T1zinv vxy =  (-5.235431451633462e-15-9.756884650661663e-15j)
T1xinv vyx =  (9.593904410200722e-15-1.7879449597281693e-14j)
AK_appr = 
 [[2.17033e-08+7.36845e-19j 0.00000e+00+0.00000e+00j
  0.00000e+00+0.00000e+00j 0.00000e+00+0.00000e+00j]
 [0.00000e+00+0.00000e+00j 2.17183e-08+3.69018e-19j
  0.00000e+00+0.00000e+00j 0.00000e+00+0.00000e+00j]
 [0.00000e+00+0.00000e+00j 0.00000e+00+0.00000e+00j
  5.65093e-06-1.35638e-16j 0.00000e+00+0.00000e+00j]
 [0.00000e+00+0.00000e+00j 0.00000e+00+0.00000e+00j
  0.00000e+00+0.00000e+00j 5.64825e-06+1.33942e-16j]]
BK_appr = 
 [[ 0.00000e+00+0.00000e+00j -2.41061e-07-4.49247e-07j
   1.34561e-01+8.64883e-13j  0.00000e+00+0.00000e+00j]
 [ 4.42047e-07-8.23811e-07j  0.00000e+00+0.00000e+00j
   0.00000e+00+0.00000e+00j  1.34579e-01-8.64616e-13j]
 [ 1.34561e-01+8.64883e-13j  0.00000e+00+0.00000e+00j
   0.00000e+00+0.00000e+00j  0.00000e+00+0.00000e+00j]
 [ 0.00000e+00+0.00000e+00j  1.34579e-01-8.64616e-13j
   0.00000e+00+0.00000e+00j  0.00000e+00+0.00000e+00j]]
1 / vx2_sx =  (7.431546774519998-4.7765682851867484e-11j)
1 / vx2_sy =  (7.430588076734344+4.773860347663274e-11j)
vxy / vx2_sx / vx2_sy =  (-1.3311571465219745e-05-2.4807786807975135e-05j)
vyx / vx2_sx / vx2_sy =  (2.4410194999490183e-05-4.549147380754852e-05j)
BK_appr_inv = 
 [[-0.00000e+00+0.00000e+00j  0.00000e+00-0.00000e+00j
   7.43155e+00-4.77657e-11j  0.00000e+00+0.00000e+00j]
 [-0.00000e+00+0.00000e+00j  0.00000e+00-0.00000e+00j
   0.00000e+00+0.00000e+00j  7.43059e+00+4.77386e-11j]
 [ 7.43155e+00-4.77657e-11j  0.00000e+00-0.00000e+00j
   0.00000e+00+0.00000e+00j  1.33116e-05+2.48078e-05j]
 [ 0.00000e+00+0.00000e+00j  7.43059e+00+4.77386e-11j
  -2.44102e-05+4.54915e-05j  0.00000e+00+0.00000e+00j]]
CK_appr = 
 [[ 0.00000e+00+0.00000e+00j  0.00000e+00+0.00000e+00j
   4.19951e-05-1.27792e-15j  0.00000e+00+0.00000e+00j]
 [ 0.00000e+00+0.00000e+00j  0.00000e+00+0.00000e+00j
   0.00000e+00+0.00000e+00j  4.19698e-05+1.26491e-15j]
 [ 1.61289e-07+4.43922e-18j  0.00000e+00+0.00000e+00j
   0.00000e+00+0.00000e+00j  7.51871e-11+1.40121e-10j]
 [ 0.00000e+00+0.00000e+00j  1.61380e-07+3.77882e-18j
  -1.37940e-10+2.57069e-10j  0.00000e+00+0.00000e+00j]]
lambda_appr_xy =  [ 2.60254e-06-1.03927e-10j  2.60254e-06+1.03927e-10j
 -2.60254e-06+1.03927e-10j -2.60254e-06-1.03927e-10j]
ldiff_xy (from CK_appr) in micro-meter =  [ 20.33309  20.33309 -20.33309 -20.33309]
b =  (-1.3546438409392578e-11-3.430400623152787e-22j)
c =  (4.587649868749155e-23+2.3235220394967243e-33j)
b*b - 4*c =  (-1.1704996988355306e-30-1.4600577066728682e-37j)
sqrt(b*b - 4*c) =  (6.747678347250182e-23-1.0818963438497863e-15j)
E2_plus =  (6.773219204730027e-12-5.40948000404862e-16j)
E2_minus =  (6.7732192046625506e-12+5.409483434449244e-16j)

sx-sy-sz coupling
AK = 
 [[ 2.17033e-08+1.03308e-23j -7.52430e-20+5.92723e-19j
  -3.74272e-19+6.27037e-19j  1.48152e-15+3.95792e-20j
  -5.23163e-15-9.74987e-15j -9.07521e-12+2.59409e-10j]
 [ 6.80538e-19-1.03239e-18j  2.17183e-08-2.62626e-22j
  -5.38296e-20+1.17663e-19j  9.60064e-15-1.78917e-14j
  -7.52469e-15-1.31442e-19j -1.68685e-10-9.82601e-11j]
 [-2.66097e-19-1.41552e-18j  4.76222e-19-4.95535e-19j
   3.67676e-08+8.35982e-24j  1.50524e-11+4.30263e-10j
   2.74991e-10-1.60184e-10j  1.01992e-14+3.48572e-21j]
 [ 1.48121e-15-4.38213e-20j -5.23541e-15-9.75700e-15j
  -1.53743e-11+4.39465e-10j  5.65093e-06-1.35621e-16j
  -2.11329e-09-3.93838e-09j  6.23071e-13-1.78101e-11j]
 [ 9.59384e-15-1.78793e-14j -7.52479e-15-7.41450e-20j
  -2.85572e-10-1.66348e-10j -2.14788e-09+4.00285e-09j
   5.64825e-06+1.33938e-16j -3.73499e-11-2.17566e-11j]
 [ 8.88519e-12+2.53977e-10j  1.62435e-10-9.46193e-11j
   1.01994e-14-1.12017e-19j -7.29178e-12-2.08431e-10j
   2.07307e-10-1.20758e-10j  5.65101e-06-8.87925e-19j]]
BK = 
 [[ 6.82423e-08-4.31137e-13j -2.41061e-07-4.49247e-07j
  -4.18148e-04+1.19525e-02j  1.34561e-01+8.65569e-13j
   1.35414e-05+2.52361e-05j -2.04142e-07+5.83526e-06j]
 [ 4.42047e-07-8.23811e-07j -3.46468e-07+1.61612e-13j
  -7.76695e-03-4.52430e-03j  1.37795e-05-2.56798e-05j
   1.34579e-01-8.63928e-13j  6.73873e-06+3.92536e-06j]
 [ 4.09393e-04+1.17022e-02j  7.47916e-03-4.35667e-03j
   2.77396e-07+2.59661e-13j -3.37658e-07-9.65173e-06j
   1.10424e-05-6.43229e-06j  1.34565e-01+1.14237e-15j]
 [ 1.34561e-01+8.64883e-13j  1.35414e-05+2.52361e-05j
  -2.04142e-07+5.83526e-06j -2.49291e-06+1.27629e-12j
  -4.25515e-05-7.93001e-05j -5.80757e-05+1.66006e-03j]
 [ 1.37795e-05-2.56798e-05j  1.34579e-01-8.64614e-13j
   6.73873e-06+3.92536e-06j  4.25795e-05-7.93523e-05j
   2.45422e-06-1.31355e-12j -1.07875e-03-6.28381e-04j]
 [-3.37658e-07-9.65173e-06j  1.10424e-05-6.43229e-06j
   1.34565e-01+4.55314e-16j  5.68599e-05+1.62530e-03j
   1.03878e-03-6.05099e-04j  3.85081e-08+3.58576e-14j]]
CK = 
 [[ 3.05261e-12-1.83474e-18j  5.10266e-11+9.50945e-11j
   3.66527e-12-1.04770e-10j  4.19501e-05-2.73425e-16j
  -4.18808e-09-7.80501e-09j  5.14871e-12-1.47172e-10j]
 [-5.09784e-11+9.50046e-11j -3.05249e-12+1.01017e-18j
   6.81158e-11+3.96780e-11j -4.25579e-09+7.93119e-09j
   4.19448e-05+2.60814e-16j -2.67727e-10-1.55953e-10j]
 [-2.13084e-12-6.09088e-11j -3.89722e-11+2.27016e-11j
  -4.16682e-15-8.80775e-19j  5.09160e-11+1.45540e-09j
  -1.89619e-09+1.10455e-09j  4.19246e-05-6.66406e-18j]
 [ 1.61284e-07-1.13896e-18j -1.43445e-11-2.67327e-11j
   4.14351e-13-1.18440e-11j -5.00157e-11+1.30171e-16j
   2.22633e-10+4.14905e-10j  1.30234e-07-3.72264e-06j]
 [-1.45891e-11+2.71887e-11j  1.61377e-07+8.85813e-19j
  -1.36780e-11-7.96754e-12j -2.83661e-10+5.28638e-10j
   1.17573e-10-4.68122e-17j  2.41904e-06+1.40911e-06j]
 [ 1.52845e-13+4.36903e-12j -4.95646e-12+2.88717e-12j
   2.73219e-07-9.20459e-20j -1.27535e-07-3.64550e-06j
  -2.32992e-06+1.35720e-06j -7.77611e-11-8.09104e-17j]]
ldiff_xyz (from CK) in micro-meter =  [ 27.60349  20.34511  27.60349 -27.60341 -27.60341 -20.34511]
vij = 
 [[ 6.82423e-08-4.31136e-13j -2.41061e-07-4.49247e-07j
  -4.18148e-04+1.19525e-02j]
 [ 4.42047e-07-8.23811e-07j -3.46468e-07+1.61609e-13j
  -7.76695e-03-4.52430e-03j]
 [ 4.09393e-04+1.17022e-02j  7.47916e-03-4.35667e-03j
   2.77396e-07+2.59661e-13j]]
vij0 =  [[-7.89503e-12+7.52129e-16j -2.22053e-07+7.26309e-16j
  -3.66068e-03-2.80032e-16j]
 [-2.98852e-07+1.96666e-16j -1.30095e-12+4.91196e-16j
  -1.33692e-09-2.09296e-16j]
 [ 3.66069e-03+5.58789e-16j  1.33037e-09+1.47850e-16j
  -9.05575e-12-4.07054e-17j]]
AK_appr = 
 [[2.17033e-08+7.36845e-19j 0.00000e+00+0.00000e+00j
  0.00000e+00+0.00000e+00j 0.00000e+00+0.00000e+00j
  0.00000e+00+0.00000e+00j 0.00000e+00+0.00000e+00j]
 [0.00000e+00+0.00000e+00j 2.17183e-08+3.69018e-19j
  0.00000e+00+0.00000e+00j 0.00000e+00+0.00000e+00j
  0.00000e+00+0.00000e+00j 0.00000e+00+0.00000e+00j]
 [0.00000e+00+0.00000e+00j 0.00000e+00+0.00000e+00j
  3.67676e-08+1.61065e-19j 0.00000e+00+0.00000e+00j
  0.00000e+00+0.00000e+00j 0.00000e+00+0.00000e+00j]
 [0.00000e+00+0.00000e+00j 0.00000e+00+0.00000e+00j
  0.00000e+00+0.00000e+00j 5.65093e-06-1.35638e-16j
  0.00000e+00+0.00000e+00j 0.00000e+00+0.00000e+00j]
 [0.00000e+00+0.00000e+00j 0.00000e+00+0.00000e+00j
  0.00000e+00+0.00000e+00j 0.00000e+00+0.00000e+00j
  5.64825e-06+1.33942e-16j 0.00000e+00+0.00000e+00j]
 [0.00000e+00+0.00000e+00j 0.00000e+00+0.00000e+00j
  0.00000e+00+0.00000e+00j 0.00000e+00+0.00000e+00j
  0.00000e+00+0.00000e+00j 5.65101e-06-8.69416e-19j]]
BK_appr = 
 [[ 0.00000e+00+0.00000e+00j -2.41061e-07-4.49247e-07j
  -4.18148e-04+1.19525e-02j  1.34561e-01+8.64883e-13j
   0.00000e+00+0.00000e+00j  0.00000e+00+0.00000e+00j]
 [ 4.42047e-07-8.23811e-07j  0.00000e+00+0.00000e+00j
  -7.76695e-03-4.52430e-03j  0.00000e+00+0.00000e+00j
   1.34579e-01-8.64616e-13j  0.00000e+00+0.00000e+00j]
 [ 4.09393e-04+1.17022e-02j  7.47916e-03-4.35667e-03j
   0.00000e+00+0.00000e+00j  0.00000e+00+0.00000e+00j
   0.00000e+00+0.00000e+00j  1.34565e-01+4.55227e-16j]
 [ 1.34561e-01+8.64883e-13j  0.00000e+00+0.00000e+00j
   0.00000e+00+0.00000e+00j  0.00000e+00+0.00000e+00j
   0.00000e+00+0.00000e+00j  0.00000e+00+0.00000e+00j]
 [ 0.00000e+00+0.00000e+00j  1.34579e-01-8.64616e-13j
   0.00000e+00+0.00000e+00j  0.00000e+00+0.00000e+00j
   0.00000e+00+0.00000e+00j  0.00000e+00+0.00000e+00j]
 [ 0.00000e+00+0.00000e+00j  0.00000e+00+0.00000e+00j
   1.34565e-01+4.55227e-16j  0.00000e+00+0.00000e+00j
   0.00000e+00+0.00000e+00j  0.00000e+00+0.00000e+00j]]
BK_appr_inv = 
 [[ 0.00000e+00+0.00000e+00j  0.00000e+00+0.00000e+00j
  -0.00000e+00+0.00000e+00j  7.43155e+00-4.77657e-11j
   0.00000e+00+0.00000e+00j  0.00000e+00+0.00000e+00j]
 [ 0.00000e+00+0.00000e+00j  0.00000e+00+0.00000e+00j
  -0.00000e+00+0.00000e+00j  0.00000e+00+0.00000e+00j
   7.43059e+00+4.77386e-11j  0.00000e+00+0.00000e+00j]
 [ 0.00000e+00+0.00000e+00j  0.00000e+00+0.00000e+00j
  -0.00000e+00+0.00000e+00j  0.00000e+00+0.00000e+00j
   0.00000e+00+0.00000e+00j  7.43135e+00-2.51399e-14j]
 [ 7.43155e+00-4.77657e-11j  0.00000e+00+0.00000e+00j
  -0.00000e+00+0.00000e+00j  0.00000e+00+0.00000e+00j
   1.33116e-05+2.48078e-05j  2.30928e-02-6.60094e-01j]
 [ 0.00000e+00+0.00000e+00j  7.43059e+00+4.77386e-11j
  -0.00000e+00+0.00000e+00j -2.44102e-05+4.54915e-05j
   0.00000e+00+0.00000e+00j  4.28885e-01+2.49829e-01j]
 [ 0.00000e+00+0.00000e+00j  0.00000e+00+0.00000e+00j
   7.43135e+00-2.51399e-14j -2.26093e-02-6.46272e-01j
  -4.12994e-01+2.40572e-01j  0.00000e+00+0.00000e+00j]]
CK_appr = 
 [[ 0.00000e+00+0.00000e+00j  0.00000e+00+0.00000e+00j
   0.00000e+00+0.00000e+00j  4.19951e-05-1.27792e-15j
   0.00000e+00+0.00000e+00j  0.00000e+00+0.00000e+00j]
 [ 0.00000e+00+0.00000e+00j  0.00000e+00+0.00000e+00j
   0.00000e+00+0.00000e+00j  0.00000e+00+0.00000e+00j
   4.19698e-05+1.26491e-15j  0.00000e+00+0.00000e+00j]
 [ 0.00000e+00+0.00000e+00j  0.00000e+00+0.00000e+00j
   0.00000e+00+0.00000e+00j  0.00000e+00+0.00000e+00j
   0.00000e+00+0.00000e+00j  4.19946e-05-6.60300e-18j]
 [ 1.61289e-07+4.43922e-18j  0.00000e+00+0.00000e+00j
   0.00000e+00+0.00000e+00j  0.00000e+00+0.00000e+00j
   7.51871e-11+1.40121e-10j  1.30498e-07-3.73020e-06j]
 [ 0.00000e+00+0.00000e+00j  1.61380e-07+3.77882e-18j
   0.00000e+00+0.00000e+00j -1.37940e-10+2.57069e-10j
   0.00000e+00+0.00000e+00j  2.42364e-06+1.41179e-06j]
 [ 0.00000e+00+0.00000e+00j  0.00000e+00+0.00000e+00j
   2.73233e-07+1.19600e-18j -1.27763e-07-3.65204e-06j
  -2.33269e-06+1.35881e-06j  0.00000e+00+0.00000e+00j]]
lambda_appr_xyz =  [ 1.91494e-06+2.26913e-06j  2.60250e-06+3.79306e-17j
  1.91494e-06-2.26913e-06j -1.91491e-06+2.26909e-06j
 -1.91491e-06-2.26909e-06j -2.60256e-06-5.06119e-17j]
ldiff_xyz (from CK_appr) in micro-meter =  [ 27.63411  20.33339  27.63411 -27.63455 -27.63455 -20.33291]

--------------------------------------------------
diffusion length analysis for gr-bn using rotated U of L:
--------------------------------------------------
<s|UR>:
 [[-0.00911-0.26047j -0.16639+0.09692j]
 [-0.00699-0.19977j  0.22993-0.13393j]]
normR_rotate =  [1.52671 1.52671]
normL_rotate =  [1.52671 1.52671]
<s|UR>:
 [[ 6.56790e-01+2.57468e-16j -6.50630e-16-3.43188e-16j]
 [ 1.07228e-16-1.53494e-17j  6.56790e-01-6.42077e-18j]]
oUs_rotate:
 [[ 1.00000e+00-2.80403e-13j -2.28305e-13+3.71440e-13j]
 [ 1.41372e-13-2.21277e-13j  1.00000e+00+2.80428e-13j]]

drift-diffusion model for sz
AK = 
 [[3.67676e-08+9.30578e-24j 1.01992e-14+3.54181e-21j]
 [1.01994e-14-1.12017e-19j 5.65101e-06-8.94467e-19j]]
BK = 
 [[2.77396e-07+2.59644e-13j 1.34565e-01+1.14492e-15j]
 [1.34565e-01+4.49293e-16j 3.85081e-08+3.58561e-14j]]
ldiff_RR_z (from CK) in micro-meter =  [ 15.62223 -15.62184]
vx2_sz =  (0.13456509507241216+4.552265072387346e-16j)
taupvsz_inv =  (4.1994636274265295e-05-6.602999416919183e-18j)
vx2_sz * taupvsz_inv =  (5.651012222777878e-06-8.69416172706917e-19j)
ldiff_DD_z in micro-meter =  15.622035537939741

drift-diffusion model for sx
AK = 
 [[ 2.17087e-08-6.06375e-21j -6.03506e-15-6.88717e-20j]
 [-6.02465e-15-3.85595e-20j  5.65429e-06-2.19551e-18j]]
BK = 
 [[-2.77684e-07-2.66177e-13j  1.34540e-01-3.67202e-14j]
 [ 1.34540e-01-3.74084e-14j -3.86419e-08-3.69032e-14j]]
ldiff_RR_x (from CK) in micro-meter =  [-20.32142  20.32074]
vx2_sx =  (0.1345400034193286-3.7415971663869466e-14j)
taupvsx_inv =  (4.2026812860668275e-05-6.303833809508975e-18j)
vx2_sx * taupvsx_inv =  (5.654287545977792e-06-2.4205918614037257e-18j)
ldiff_DD_x in micro-meter =  20.32357848098922

drift-diffusion model for sy
AK = 
 [[ 2.17130e-08+6.03625e-21j -8.10441e-18-2.33027e-20j]
 [-1.89238e-17-7.93527e-20j  5.64489e-06+6.77626e-19j]]
BK = 
 [[-5.41347e-10-3.35769e-15j  1.34600e-01+3.83710e-14j]
 [ 1.34600e-01+3.76853e-14j -4.66191e-11-3.54054e-16j]]
ldiff_RR_y (from CK) in micro-meter =  [-20.34511  20.34511]
vx2_sy =  (0.13460033588438522+3.7686774423378683e-14j)
taupvsy_inv =  (4.1938129734539176e-05-6.311352502146739e-18j)
vx2_sy * taupvsy_inv =  (5.644886348631896e-06+7.31002668370262e-19j)
ldiff_DD_y in micro-meter =  20.342612502251857

sx-sz coupling
AK = 
 [[ 2.17087e-08-6.06538e-21j  5.00274e-19+2.03955e-19j
  -6.03506e-15-6.88602e-20j  3.20475e-10+1.62030e-19j]
 [ 7.51706e-19-6.08254e-20j  3.67676e-08+8.35650e-24j
  -5.42561e-10+5.83767e-20j  1.01992e-14+3.48627e-21j]
 [-6.02465e-15-3.85594e-20j  5.42783e-10-1.04164e-19j
   5.65429e-06-2.40536e-18j  1.12022e-11-4.47190e-20j]
 [-3.20344e-10+3.10175e-19j  1.01994e-14-1.12017e-19j
   2.29560e-11+1.13009e-20j  5.65101e-06-8.86738e-19j]]
BK = 
 [[-2.77684e-07-2.66170e-13j  1.47625e-02+1.53170e-13j
   1.34540e-01-3.67290e-14j  6.10585e-08+5.74315e-16j]
 [-1.47565e-02+1.55217e-13j  2.77396e-07+2.59661e-13j
   4.67159e-08+6.09735e-16j  1.34565e-01+1.14231e-15j]
 [ 1.34540e-01-3.74163e-14j  6.10585e-08+5.66316e-16j
  -3.86419e-08-3.69035e-14j  2.05035e-03+2.27636e-14j]
 [ 4.67159e-08+6.18785e-16j  1.34565e-01+4.55248e-16j
  -2.04951e-03+2.32023e-14j  3.85081e-08+3.58575e-14j]]
CK = 
 [[ 2.37854e-15-2.35052e-19j -1.29411e-10-8.19083e-19j
   4.19568e-05-6.24578e-18j  6.41000e-11-5.36933e-19j]
 [ 7.68241e-11+2.27338e-18j -4.23140e-15-8.80705e-19j
   1.55739e-10-7.76318e-20j  4.19246e-05-6.65528e-18j]
 [ 1.61346e-07-2.50572e-19j -1.23794e-13+1.61115e-18j
   6.73770e-11+8.24831e-17j -4.59784e-06-4.70503e-17j]
 [-5.59053e-14-4.78675e-19j  2.73219e-07-9.19278e-20j
   4.59697e-06-4.86862e-17j -7.77232e-11-8.09112e-17j]]
ldiff_xz (from CK) in micro-meter =  [-27.60341 -27.60341  27.60349  27.60349]
T1xinv =  (2.170333830849856e-08+7.368446758573146e-19j)
T1zinv =  (3.676759941490515e-08+1.61064761379232e-19j)
vx2_sx * taupvsx_inv =  (5.654287545977792e-06-2.4205918614037257e-18j)
vx2_sz * taupvsz_inv =  (5.651012222777878e-06-8.69416172706917e-19j)
vxz =  (0.014762534499787216+1.5316806189359703e-13j)
vzx =  (-0.014756487599613547+1.5521471808555907e-13j)
vxz0 =  (-0.0036606798151021577-2.800316532637157e-16j)
vzx0 =  (0.0036578906006455997+5.318820558746939e-16j)
T1xinv vxz =  (3.203962805397635e-10+1.4201953213661918e-20j)
T1zinv vzx =  (-5.425606248336061e-10+3.3301224238399174e-21j)
T1zinv vxz =  (5.427829548368935e-10+8.009346039422082e-21j)
T1xinv vzx =  (-3.202650426195766e-10-7.504561785060609e-21j)
AK_appr = 
 [[2.17033e-08+7.36845e-19j 0.00000e+00+0.00000e+00j
  0.00000e+00+0.00000e+00j 0.00000e+00+0.00000e+00j]
 [0.00000e+00+0.00000e+00j 3.67676e-08+1.61065e-19j
  0.00000e+00+0.00000e+00j 0.00000e+00+0.00000e+00j]
 [0.00000e+00+0.00000e+00j 0.00000e+00+0.00000e+00j
  5.65429e-06-2.42059e-18j 0.00000e+00+0.00000e+00j]
 [0.00000e+00+0.00000e+00j 0.00000e+00+0.00000e+00j
  0.00000e+00+0.00000e+00j 5.65101e-06-8.69416e-19j]]
BK_appr = 
 [[ 0.     +0.00000e+00j  0.01476+1.53168e-13j  0.13454-3.74160e-14j
   0.     +0.00000e+00j]
 [-0.01476+1.55215e-13j  0.     +0.00000e+00j  0.     +0.00000e+00j
   0.13457+4.55227e-16j]
 [ 0.13454-3.74160e-14j  0.     +0.00000e+00j  0.     +0.00000e+00j
   0.     +0.00000e+00j]
 [ 0.     +0.00000e+00j  0.13457+4.55227e-16j  0.     +0.00000e+00j
   0.     +0.00000e+00j]]
1 / vx2_sx =  (7.432733570574116+2.0670651225934113e-12j)
1 / vx2_sz =  (7.431347627420618-2.5139850885455212e-14j)
vxz / vx2_sx / vx2_sz =  (0.8154119439686887+8.68428263660679e-12j)
vzx / vx2_sx / vx2_sz =  (-0.8150779420650408+8.349401970791045e-12j)
BK_appr_inv = 
 [[ 0.     +0.00000e+00j -0.     +0.00000e+00j  7.43273+2.06707e-12j
   0.     +0.00000e+00j]
 [ 0.     +0.00000e+00j -0.     +0.00000e+00j  0.     +0.00000e+00j
   7.43135-2.51399e-14j]
 [ 7.43273+2.06707e-12j -0.     +0.00000e+00j  0.     +0.00000e+00j
  -0.81541-8.68428e-12j]
 [ 0.     +0.00000e+00j  7.43135-2.51399e-14j  0.81508-8.34940e-12j
   0.     +0.00000e+00j]]
CK_appr = 
 [[ 0.00000e+00+0.00000e+00j  0.00000e+00+0.00000e+00j
   4.20268e-05-6.30383e-18j  0.00000e+00+0.00000e+00j]
 [ 0.00000e+00+0.00000e+00j  0.00000e+00+0.00000e+00j
   0.00000e+00+0.00000e+00j  4.19946e-05-6.60300e-18j]
 [ 1.61315e-07+5.52163e-18j  0.00000e+00+0.00000e+00j
   0.00000e+00+0.00000e+00j -4.60790e-06-4.83661e-17j]
 [ 0.00000e+00+0.00000e+00j  2.73233e-07+1.19600e-18j
   4.60869e-06-4.91829e-17j  0.00000e+00+0.00000e+00j]]
lambda_appr_xz =  [-1.91424e-06+2.27059e-06j -1.91424e-06-2.27059e-06j
  1.91424e-06+2.27059e-06j  1.91424e-06-2.27059e-06j]
ldiff_xz (from CK_appr) in micro-meter =  [-27.64418 -27.64418  27.64418  27.64418]
b =  (2.982499644436266e-12-2.8318736679575636e-22j)
c =  (7.779080018832469e-23+2.9792989467403825e-33j)
b*b - 4*c =  (-3.022678966242363e-22-1.36064082285159e-32j)
sqrt(b*b - 4*c) =  (3.913068848701228e-22-1.7385853347599486e-11j)
E2_plus =  (-1.4912498220224796e-12-8.69292667365815e-12j)
E2_minus =  (-1.4912498224137865e-12+8.692926673941336e-12j)

sy-sz coupling
AK = 
 [[ 2.17130e-08+6.03601e-21j  3.99706e-19+3.18671e-19j
  -8.10539e-18-2.33123e-20j -1.82533e-13+3.17152e-20j]
 [ 1.35948e-18-2.76617e-19j  3.67676e-08+8.35650e-24j
   1.24436e-13-4.18173e-20j  1.01992e-14+3.48627e-21j]
 [-1.89238e-17-7.93527e-20j -1.24794e-13+7.05890e-20j
   5.64489e-06+7.29931e-19j -4.58716e-11+1.08655e-19j]
 [ 1.76137e-13+1.54538e-19j  1.01994e-14-1.12017e-19j
   3.12700e-10-1.36022e-19j  5.65101e-06-8.86738e-19j]]
BK = 
 [[-5.41347e-10-3.35757e-15j -3.39411e-06-5.75291e-15j
   1.34600e-01+3.83742e-14j  9.87317e-06-1.13531e-15j]
 [ 3.38440e-06+1.54117e-15j  2.77396e-07+2.59661e-13j
   1.58052e-05+1.25996e-15j  1.34565e-01+1.14231e-15j]
 [ 1.34600e-01+3.76868e-14j  9.87317e-06-1.14913e-15j
  -4.66191e-11-3.54576e-16j -4.87406e-07-2.16635e-15j]
 [ 1.58052e-05+1.27334e-15j  1.34565e-01+4.55248e-16j
   4.84370e-07-1.56678e-16j  3.85081e-08+3.58575e-14j]]
CK = 
 [[-2.06751e-16-5.89210e-19j  6.22711e-14+5.28898e-19j
   4.19381e-05-6.31925e-18j -3.42118e-09+1.16693e-18j]
 [ 7.28283e-13+1.14868e-18j -2.33010e-15-9.05319e-19j
  -2.60201e-09-1.40664e-18j  4.19946e-05-6.73179e-18j]
 [ 1.61314e-07-9.66566e-22j -2.00421e-11+2.36982e-18j
   1.80298e-13+8.72842e-19j  1.05760e-09+2.03589e-18j]
 [-1.89470e-11-2.05713e-18j  2.73233e-07-2.54693e-21j
  -1.05384e-09-7.85986e-19j -8.65312e-11-8.10084e-17j]]
ldiff_yz (from CK) in micro-meter =  [-20.34511  20.34511  15.62224 -15.62184]
T1yinv =  (2.1718286184006243e-08+3.6901752477712287e-19j)
T1zinv =  (3.676759941490515e-08+1.61064761379232e-19j)
vx2_sy * taupvsy_inv =  (5.644886348631896e-06+7.31002668370262e-19j)
vx2_sz * taupvsz_inv =  (5.651012222777878e-06-8.69416172706917e-19j)
vyz =  (-3.3941137411006004e-06-5.750680069513347e-15j)
vzy =  (3.3844011973955163e-06+1.5414947345754827e-15j)
vyz0 =  (-1.3369236355951442e-09-2.0929798473668283e-16j)
vzy0 =  (1.3293561163105432e-09+1.477347655711374e-16j)
T1xinv vyz =  (-7.366359878063003e-14-1.273098896919723e-22j)
T1zinv vzy =  (1.2443630748516368e-13+5.722216867232698e-23j)
T1zinv vyz =  (-1.2479341440141196e-13-2.1198537327895e-22j)
T1xinv vzy =  (7.34528041587625e-14+3.5949359728526896e-23j)
AK_appr = 
 [[2.17183e-08+3.69018e-19j 0.00000e+00+0.00000e+00j
  0.00000e+00+0.00000e+00j 0.00000e+00+0.00000e+00j]
 [0.00000e+00+0.00000e+00j 3.67676e-08+1.61065e-19j
  0.00000e+00+0.00000e+00j 0.00000e+00+0.00000e+00j]
 [0.00000e+00+0.00000e+00j 0.00000e+00+0.00000e+00j
  5.64489e-06+7.31003e-19j 0.00000e+00+0.00000e+00j]
 [0.00000e+00+0.00000e+00j 0.00000e+00+0.00000e+00j
  0.00000e+00+0.00000e+00j 5.65101e-06-8.69416e-19j]]
BK_appr = 
 [[ 0.00000e+00+0.00000e+00j -3.39411e-06-5.75068e-15j
   1.34600e-01+3.76868e-14j  0.00000e+00+0.00000e+00j]
 [ 3.38440e-06+1.54149e-15j  0.00000e+00+0.00000e+00j
   0.00000e+00+0.00000e+00j  1.34565e-01+4.55227e-16j]
 [ 1.34600e-01+3.76868e-14j  0.00000e+00+0.00000e+00j
   0.00000e+00+0.00000e+00j  0.00000e+00+0.00000e+00j]
 [ 0.00000e+00+0.00000e+00j  1.34565e-01+4.55227e-16j
   0.00000e+00+0.00000e+00j  0.00000e+00+0.00000e+00j]]
1 / vx2_sy =  (7.429401965675247-2.0801597123911075e-12j)
1 / vx2_sz =  (7.431347627420618-2.5139850885455212e-14j)
vyz / vx2_sy / vx2_sz =  (-0.00018739061036808104-3.174446403473985e-13j)
vzy / vx2_sy / vx2_sz =  (0.00018685437627813796+8.505369723766589e-14j)
BK_appr_inv = 
 [[ 0.00000e+00+0.00000e+00j -0.00000e+00+0.00000e+00j
   7.42940e+00-2.08016e-12j  0.00000e+00+0.00000e+00j]
 [ 0.00000e+00+0.00000e+00j -0.00000e+00+0.00000e+00j
   0.00000e+00+0.00000e+00j  7.43135e+00-2.51399e-14j]
 [ 7.42940e+00-2.08016e-12j -0.00000e+00+0.00000e+00j
   0.00000e+00+0.00000e+00j  1.87391e-04+3.17445e-13j]
 [ 0.00000e+00+0.00000e+00j  7.43135e+00-2.51399e-14j
  -1.86854e-04-8.50537e-14j  0.00000e+00+0.00000e+00j]]
CK_appr = 
 [[ 0.00000e+00+0.00000e+00j  0.00000e+00+0.00000e+00j
   4.19381e-05-6.31135e-18j  0.00000e+00+0.00000e+00j]
 [ 0.00000e+00+0.00000e+00j  0.00000e+00+0.00000e+00j
   0.00000e+00+0.00000e+00j  4.19946e-05-6.60300e-18j]
 [ 1.61354e-07+2.69640e-18j  0.00000e+00+0.00000e+00j
   0.00000e+00+0.00000e+00j  1.05895e-09+1.79372e-18j]
 [ 0.00000e+00+0.00000e+00j  2.73233e-07+1.19600e-18j
  -1.05477e-09-4.80255e-19j  0.00000e+00+0.00000e+00j]]
lambda_appr_yz =  [-2.60132e-06-2.15404e-17j  2.60132e-06+2.15404e-17j
  3.38738e-06+7.14649e-18j -3.38738e-06-7.14649e-18j]
ldiff_yz (from CK_appr) in micro-meter =  [-20.34261  20.34261  15.62204 -15.62204]
b =  (-1.8241191341182353e-11-1.604828886750009e-22j)
c =  (7.764529488188401e-23+1.6135169844139966e-33j)
b*b - 4*c =  (2.2159882018089977e-23-5.99269779043271e-34j)
sqrt(b*b - 4*c) =  (4.707428386931656e-12-6.365150245375059e-23j)
E2_plus =  (1.1474309864057004e-11+4.8415693110625156e-23j)
E2_minus =  (6.7668814771253485e-12+1.1206719556437574e-22j)

sx-sy coupling
AK = 
 [[ 2.17087e-08-6.06538e-21j -6.95634e-12+8.09057e-21j
  -6.03506e-15-6.88602e-20j -9.75967e-15+1.14680e-20j]
 [-7.37251e-12-4.78957e-21j  2.17130e-08+6.03601e-21j
   2.18729e-14+1.85130e-19j -8.10539e-18-2.33123e-20j]
 [-6.02465e-15-3.85594e-20j -9.75998e-15-4.29918e-20j
   5.65429e-06-2.40536e-18j -7.44542e-12+2.14806e-18j]
 [ 2.18664e-14+6.47881e-20j -1.89238e-17-7.93527e-20j
  -6.10404e-12-1.30801e-18j  5.64489e-06+7.29931e-19j]]
BK = 
 [[-2.77684e-07-2.66170e-13j -4.49594e-07-2.66833e-13j
   1.34540e-01-3.67290e-14j -6.03340e-08+5.00957e-14j]
 [ 1.00727e-06-3.09922e-13j -5.41347e-10-3.35757e-15j
  -4.00274e-08-2.93126e-14j  1.34600e-01+3.83742e-14j]
 [ 1.34540e-01-3.74163e-14j -6.03340e-08+5.01561e-14j
  -3.86419e-08-3.69035e-14j -8.99517e-05-3.69520e-14j]
 [-4.00274e-08-2.93732e-14j  1.34600e-01+3.76868e-14j
   9.00299e-05-4.33559e-14j -4.66191e-11-3.54576e-16j]]
CK = 
 [[-3.50732e-14-2.42318e-19j  1.07780e-10-2.75226e-19j
   4.20268e-05-6.12493e-18j -3.65326e-11+3.32148e-19j]
 [-1.07763e-10+5.33341e-19j  3.44824e-14-5.89111e-19j
  -3.29094e-11-6.01646e-19j  4.19381e-05-6.37496e-18j]
 [ 1.61355e-07-1.22512e-21j -5.16320e-11+2.66688e-22j
   8.66961e-11+8.26330e-17j  1.40073e-10+8.32610e-17j]
 [-5.47254e-11-4.29955e-22j  1.61314e-07-9.07312e-22j
  -3.14340e-10+9.81439e-17j  1.68925e-13+8.72908e-19j]]
ldiff_xy (from CK) in micro-meter =  [ 20.32027  20.34558 -20.3211  -20.34543]
T1xinv =  (2.170333830849856e-08+7.368446758573146e-19j)
T1yinv =  (2.1718286184006243e-08+3.6901752477712287e-19j)
vx2_sx * taupvsx_inv =  (5.654287545977792e-06-2.4205918614037257e-18j)
vx2_sy * taupvsz_inv =  (5.652492147858696e-06+6.938764448983502e-19j)
vxy =  (-4.495944956801369e-07-2.6683274902948016e-13j)
vyx =  (1.0072661516489774e-06-3.099218495825764e-13j)
vxy0 =  (-2.2205308958514864e-07+7.263072825785701e-16j)
vyx0 =  (-2.986228048781718e-07+1.9651687376428724e-16j)
T1xinv vxy =  (-9.757701441384806e-15-5.7914927052839355e-21j)
T1zinv vyx =  (2.1876094544975122e-14-6.730599725048857e-21j)
T1zinv vxy =  (-9.764421923935171e-15-5.795315914935314e-21j)
T1xinv vyx =  (2.186103805593717e-14-6.725596551985245e-21j)
AK_appr = 
 [[2.17033e-08+7.36845e-19j 0.00000e+00+0.00000e+00j
  0.00000e+00+0.00000e+00j 0.00000e+00+0.00000e+00j]
 [0.00000e+00+0.00000e+00j 2.17183e-08+3.69018e-19j
  0.00000e+00+0.00000e+00j 0.00000e+00+0.00000e+00j]
 [0.00000e+00+0.00000e+00j 0.00000e+00+0.00000e+00j
  5.65429e-06-2.42059e-18j 0.00000e+00+0.00000e+00j]
 [0.00000e+00+0.00000e+00j 0.00000e+00+0.00000e+00j
  0.00000e+00+0.00000e+00j 5.64489e-06+7.31003e-19j]]
BK_appr = 
 [[ 0.00000e+00+0.00000e+00j -4.49594e-07-2.66833e-13j
   1.34540e-01-3.74160e-14j  0.00000e+00+0.00000e+00j]
 [ 1.00727e-06-3.09922e-13j  0.00000e+00+0.00000e+00j
   0.00000e+00+0.00000e+00j  1.34600e-01+3.76868e-14j]
 [ 1.34540e-01-3.74160e-14j  0.00000e+00+0.00000e+00j
   0.00000e+00+0.00000e+00j  0.00000e+00+0.00000e+00j]
 [ 0.00000e+00+0.00000e+00j  1.34600e-01+3.76868e-14j
   0.00000e+00+0.00000e+00j  0.00000e+00+0.00000e+00j]]
1 / vx2_sx =  (7.432733570574116+2.0670651225934113e-12j)
1 / vx2_sy =  (7.429401965675247-2.0801597123911075e-12j)
vxy / vx2_sx / vx2_sy =  (-2.482695217088801e-05-1.4734708588222995e-11j)
vyx / vx2_sx / vx2_sy =  (5.562200785512956e-05-1.7114121852970815e-11j)
BK_appr_inv = 
 [[ 0.00000e+00+0.00000e+00j -0.00000e+00+0.00000e+00j
   7.43273e+00+2.06707e-12j  0.00000e+00+0.00000e+00j]
 [ 0.00000e+00+0.00000e+00j -0.00000e+00+0.00000e+00j
   0.00000e+00+0.00000e+00j  7.42940e+00-2.08016e-12j]
 [ 7.43273e+00+2.06707e-12j -0.00000e+00+0.00000e+00j
   0.00000e+00+0.00000e+00j  2.48270e-05+1.47347e-11j]
 [ 0.00000e+00+0.00000e+00j  7.42940e+00-2.08016e-12j
  -5.56220e-05+1.71141e-11j  0.00000e+00+0.00000e+00j]]
CK_appr = 
 [[ 0.00000e+00+0.00000e+00j  0.00000e+00+0.00000e+00j
   4.20268e-05-6.30383e-18j  0.00000e+00+0.00000e+00j]
 [ 0.00000e+00+0.00000e+00j  0.00000e+00+0.00000e+00j
   0.00000e+00+0.00000e+00j  4.19381e-05-6.31135e-18j]
 [ 1.61315e-07+5.52163e-18j  0.00000e+00+0.00000e+00j
   0.00000e+00+0.00000e+00j  1.40145e-10+8.31758e-17j]
 [ 0.00000e+00+0.00000e+00j  1.61354e-07+2.69640e-18j
  -3.14503e-10+9.67683e-17j  0.00000e+00+0.00000e+00j]]
lambda_appr_xy =  [ 2.60375e-06+4.31111e-17j  2.60133e-06+2.27941e-17j
 -2.60375e-06-4.31111e-17j -2.60133e-06-2.27941e-17j]
ldiff_xy (from CK_appr) in micro-meter =  [ 20.32361  20.34258 -20.32361 -20.34258]
b =  (-1.3546440659630024e-11-3.4309080575211757e-22j)
c =  (4.587647373306574e-23+2.32316058790806e-33j)
b*b - 4*c =  (1.596126145337975e-28+2.6761303391837806e-36j)
sqrt(b*b - 4*c) =  (1.2633788605711175e-14+1.0591163200142597e-22j)
E2_plus =  (6.779537224117868e-12+2.2450121887677177e-22j)
E2_minus =  (6.766903435512156e-12+1.185895868753458e-22j)

sx-sy-sz coupling
AK = 
 [[ 2.17087e-08-6.06539e-21j -6.95634e-12+8.09057e-21j
   5.00274e-19+2.03955e-19j -6.03506e-15-6.88599e-20j
  -9.75967e-15+1.14666e-20j  3.20475e-10+1.62065e-19j]
 [-7.37251e-12-4.78957e-21j  2.17130e-08+6.03601e-21j
   3.99706e-19+3.18671e-19j  2.18729e-14+1.85130e-19j
  -8.10520e-18-2.33116e-20j -1.82533e-13+3.17265e-20j]
 [ 7.51706e-19-6.08255e-20j  1.35948e-18-2.76617e-19j
   3.67676e-08+8.35982e-24j -5.42561e-10+5.83709e-20j
   1.24436e-13-4.18122e-20j  1.01992e-14+3.48572e-21j]
 [-6.02465e-15-3.85594e-20j -9.75998e-15-4.29918e-20j
   5.42783e-10-1.04164e-19j  5.65429e-06-2.40748e-18j
  -7.44542e-12+2.14793e-18j  1.12022e-11-4.48302e-20j]
 [ 2.18664e-14+6.47881e-20j -1.89238e-17-7.93527e-20j
  -1.24794e-13+7.05889e-20j -6.10404e-12-1.30864e-18j
   5.64489e-06+7.27073e-19j -4.58716e-11+1.08089e-19j]
 [-3.20344e-10+3.10175e-19j  1.76137e-13+1.54538e-19j
   1.01994e-14-1.12017e-19j  2.29560e-11+1.21545e-20j
   3.12700e-10-1.36619e-19j  5.65101e-06-8.87925e-19j]]
BK = 
 [[-2.77684e-07-2.66170e-13j -4.49594e-07-2.66833e-13j
   1.47625e-02+1.53170e-13j  1.34540e-01-3.67290e-14j
  -6.03340e-08+5.00957e-14j  6.10585e-08+5.73791e-16j]
 [ 1.00727e-06-3.09922e-13j -5.41347e-10-3.35758e-15j
  -3.39411e-06-5.75173e-15j -4.00274e-08-2.93126e-14j
   1.34600e-01+3.83740e-14j  9.87317e-06-1.13547e-15j]
 [-1.47565e-02+1.55216e-13j  3.38440e-06+1.54074e-15j
   2.77396e-07+2.59661e-13j  4.67159e-08+6.09540e-16j
   1.58052e-05+1.25970e-15j  1.34565e-01+1.14237e-15j]
 [ 1.34540e-01-3.74163e-14j -6.03340e-08+5.01559e-14j
   6.10585e-08+5.66356e-16j -3.86419e-08-3.69035e-14j
  -8.99517e-05-3.69521e-14j  2.05035e-03+2.27637e-14j]
 [-4.00274e-08-2.93734e-14j  1.34600e-01+3.76868e-14j
   9.87317e-06-1.14923e-15j  9.00299e-05-4.33559e-14j
  -4.66191e-11-3.54593e-16j -4.87406e-07-2.16634e-15j]
 [ 4.67159e-08+6.18858e-16j  1.58052e-05+1.27388e-15j
   1.34565e-01+4.55314e-16j -2.04951e-03+2.32023e-14j
   4.84370e-07-1.56719e-16j  3.85081e-08+3.58576e-14j]]
CK = 
 [[-3.43351e-14-2.35027e-19j  1.07889e-10-2.43466e-19j
  -1.29424e-10-8.17502e-19j  4.19568e-05-6.19607e-18j
  -2.04370e-11+3.42940e-19j  6.48054e-11-5.36664e-19j]
 [-1.07763e-10+5.33337e-19j  3.44566e-14-5.89119e-19j
   6.22642e-14+5.27789e-19j -1.62825e-11-5.47700e-19j
   4.19381e-05-6.39615e-18j -3.40693e-10-2.88234e-19j]
 [ 7.68369e-11+2.27331e-18j -5.80549e-14+1.14678e-18j
  -4.16682e-15-8.80775e-19j  1.55743e-10-7.16084e-20j
  -2.59554e-09-1.42909e-19j  4.19246e-05-6.66409e-18j]
 [ 1.61346e-07-2.50756e-19j -5.16257e-11-1.25563e-19j
  -1.23810e-13+1.61117e-18j  6.73762e-11+8.24827e-17j
   4.24872e-10+8.32798e-17j -4.59784e-06-4.70502e-17j]
 [-5.47235e-11-3.36112e-22j  1.61314e-07-7.25436e-22j
  -2.00401e-11+2.36954e-18j -6.51008e-10+9.80250e-17j
   1.80905e-13+8.72947e-19j  1.05446e-09+1.03153e-18j]
 [-5.07936e-14-4.78684e-19j -7.11584e-12-2.08396e-18j
   2.73219e-07-9.20459e-20j  4.59697e-06-4.86921e-17j
  -1.05608e-09-7.48226e-19j -7.77611e-11-8.09113e-17j]]
ldiff_xyz (from CK) in micro-meter =  [ 27.60349 -27.60341  27.60349 -27.60341  20.34511 -20.34511]
vij = 
 [[-2.77684e-07-2.66170e-13j -4.49594e-07-2.66833e-13j
   1.47625e-02+1.53168e-13j]
 [ 1.00727e-06-3.09922e-13j -5.41347e-10-3.35764e-15j
  -3.39411e-06-5.75068e-15j]
 [-1.47565e-02+1.55215e-13j  3.38440e-06+1.54149e-15j
   2.77396e-07+2.59661e-13j]]
vij0 =  [[-7.89503e-12+7.52129e-16j -2.22053e-07+7.26309e-16j
  -3.66068e-03-2.80032e-16j]
 [-2.98852e-07+1.96666e-16j -1.30095e-12+4.91196e-16j
  -1.33692e-09-2.09296e-16j]
 [ 3.66069e-03+5.58789e-16j  1.33037e-09+1.47850e-16j
  -9.05575e-12-4.07054e-17j]]
AK_appr = 
 [[2.17033e-08+7.36845e-19j 0.00000e+00+0.00000e+00j
  0.00000e+00+0.00000e+00j 0.00000e+00+0.00000e+00j
  0.00000e+00+0.00000e+00j 0.00000e+00+0.00000e+00j]
 [0.00000e+00+0.00000e+00j 2.17183e-08+3.69018e-19j
  0.00000e+00+0.00000e+00j 0.00000e+00+0.00000e+00j
  0.00000e+00+0.00000e+00j 0.00000e+00+0.00000e+00j]
 [0.00000e+00+0.00000e+00j 0.00000e+00+0.00000e+00j
  3.67676e-08+1.61065e-19j 0.00000e+00+0.00000e+00j
  0.00000e+00+0.00000e+00j 0.00000e+00+0.00000e+00j]
 [0.00000e+00+0.00000e+00j 0.00000e+00+0.00000e+00j
  0.00000e+00+0.00000e+00j 5.65429e-06-2.42059e-18j
  0.00000e+00+0.00000e+00j 0.00000e+00+0.00000e+00j]
 [0.00000e+00+0.00000e+00j 0.00000e+00+0.00000e+00j
  0.00000e+00+0.00000e+00j 0.00000e+00+0.00000e+00j
  5.64489e-06+7.31003e-19j 0.00000e+00+0.00000e+00j]
 [0.00000e+00+0.00000e+00j 0.00000e+00+0.00000e+00j
  0.00000e+00+0.00000e+00j 0.00000e+00+0.00000e+00j
  0.00000e+00+0.00000e+00j 5.65101e-06-8.69416e-19j]]
BK_appr = 
 [[ 0.00000e+00+0.00000e+00j -4.49594e-07-2.66833e-13j
   1.47625e-02+1.53168e-13j  1.34540e-01-3.74160e-14j
   0.00000e+00+0.00000e+00j  0.00000e+00+0.00000e+00j]
 [ 1.00727e-06-3.09922e-13j  0.00000e+00+0.00000e+00j
  -3.39411e-06-5.75068e-15j  0.00000e+00+0.00000e+00j
   1.34600e-01+3.76868e-14j  0.00000e+00+0.00000e+00j]
 [-1.47565e-02+1.55215e-13j  3.38440e-06+1.54149e-15j
   0.00000e+00+0.00000e+00j  0.00000e+00+0.00000e+00j
   0.00000e+00+0.00000e+00j  1.34565e-01+4.55227e-16j]
 [ 1.34540e-01-3.74160e-14j  0.00000e+00+0.00000e+00j
   0.00000e+00+0.00000e+00j  0.00000e+00+0.00000e+00j
   0.00000e+00+0.00000e+00j  0.00000e+00+0.00000e+00j]
 [ 0.00000e+00+0.00000e+00j  1.34600e-01+3.76868e-14j
   0.00000e+00+0.00000e+00j  0.00000e+00+0.00000e+00j
   0.00000e+00+0.00000e+00j  0.00000e+00+0.00000e+00j]
 [ 0.00000e+00+0.00000e+00j  0.00000e+00+0.00000e+00j
   1.34565e-01+4.55227e-16j  0.00000e+00+0.00000e+00j
   0.00000e+00+0.00000e+00j  0.00000e+00+0.00000e+00j]]
BK_appr_inv = 
 [[ 0.00000e+00+0.00000e+00j  0.00000e+00+0.00000e+00j
  -0.00000e+00+0.00000e+00j  7.43273e+00+2.06707e-12j
   0.00000e+00+0.00000e+00j  0.00000e+00+0.00000e+00j]
 [ 0.00000e+00+0.00000e+00j  0.00000e+00+0.00000e+00j
  -0.00000e+00+0.00000e+00j  0.00000e+00+0.00000e+00j
   7.42940e+00-2.08016e-12j  0.00000e+00+0.00000e+00j]
 [ 0.00000e+00+0.00000e+00j  0.00000e+00+0.00000e+00j
  -0.00000e+00+0.00000e+00j  0.00000e+00+0.00000e+00j
   0.00000e+00+0.00000e+00j  7.43135e+00-2.51399e-14j]
 [ 7.43273e+00+2.06707e-12j  0.00000e+00+0.00000e+00j
  -0.00000e+00+0.00000e+00j  0.00000e+00+0.00000e+00j
   2.48270e-05+1.47347e-11j -8.15412e-01-8.68428e-12j]
 [ 0.00000e+00+0.00000e+00j  7.42940e+00-2.08016e-12j
  -0.00000e+00+0.00000e+00j -5.56220e-05+1.71141e-11j
   0.00000e+00+0.00000e+00j  1.87391e-04+3.17445e-13j]
 [ 0.00000e+00+0.00000e+00j  0.00000e+00+0.00000e+00j
   7.43135e+00-2.51399e-14j  8.15078e-01-8.34940e-12j
  -1.86854e-04-8.50537e-14j  0.00000e+00+0.00000e+00j]]
CK_appr = 
 [[ 0.00000e+00+0.00000e+00j  0.00000e+00+0.00000e+00j
   0.00000e+00+0.00000e+00j  4.20268e-05-6.30383e-18j
   0.00000e+00+0.00000e+00j  0.00000e+00+0.00000e+00j]
 [ 0.00000e+00+0.00000e+00j  0.00000e+00+0.00000e+00j
   0.00000e+00+0.00000e+00j  0.00000e+00+0.00000e+00j
   4.19381e-05-6.31135e-18j  0.00000e+00+0.00000e+00j]
 [ 0.00000e+00+0.00000e+00j  0.00000e+00+0.00000e+00j
   0.00000e+00+0.00000e+00j  0.00000e+00+0.00000e+00j
   0.00000e+00+0.00000e+00j  4.19946e-05-6.60300e-18j]
 [ 1.61315e-07+5.52163e-18j  0.00000e+00+0.00000e+00j
   0.00000e+00+0.00000e+00j  0.00000e+00+0.00000e+00j
   1.40145e-10+8.31758e-17j -4.60790e-06-4.83661e-17j]
 [ 0.00000e+00+0.00000e+00j  1.61354e-07+2.69640e-18j
   0.00000e+00+0.00000e+00j -3.14503e-10+9.67683e-17j
   0.00000e+00+0.00000e+00j  1.05895e-09+1.79372e-18j]
 [ 0.00000e+00+0.00000e+00j  0.00000e+00+0.00000e+00j
   2.73233e-07+1.19600e-18j  4.60869e-06-4.91829e-17j
  -1.05477e-09-4.80255e-19j  0.00000e+00+0.00000e+00j]]
lambda_appr_xyz =  [ 1.91424e-06-2.27059e-06j -1.91424e-06-2.27059e-06j
  1.91424e-06+2.27059e-06j -1.91424e-06+2.27059e-06j
  2.60132e-06+2.15609e-17j -2.60132e-06-2.15197e-17j]
ldiff_xyz (from CK_appr) in micro-meter =  [ 27.64418 -27.64418  27.64418 -27.64418  20.34261 -20.34261]
