dim =  2
R = 
 [[ 4.69886 -2.34943  0.     ]
 [ 0.       4.06933  0.     ]
 [ 0.       0.      25.     ]]
volume =  478.0302990950002
area =  19.121211963800008
valley:
 [[ 0.33333  0.33333  0.     ]
 [-0.33333 -0.33333 -0.     ]]

##################################################
read and compute electronic quantities
##################################################
isMetal =  True
nb =  4
nk_full =  230400.0  nk =  800
nkpair =  319284
T =  0.000950043414701698
emin =  -0.0058255018  emax =  0.013175367
k to valley:
 [[[ 0.       0.       0.     ]
  [-0.33333 -0.33333  0.     ]]

 [[ 0.33333  0.33333  0.     ]
  [ 0.       0.       0.     ]]

 [[ 0.       0.00208  0.     ]
  [-0.33333 -0.33125  0.     ]]

 [[ 0.33333  0.33542  0.     ]
  [ 0.       0.00208  0.     ]]

 [[ 0.       0.00417  0.     ]
  [-0.33333 -0.32917  0.     ]]

 [[ 0.33333  0.3375   0.     ]
  [ 0.       0.00417  0.     ]]

 [[ 0.       0.00625  0.     ]
  [-0.33333 -0.32708  0.     ]]

 [[ 0.33333  0.33958  0.     ]
  [ 0.       0.00625  0.     ]]

 [[ 0.       0.00833  0.     ]
  [-0.33333 -0.325    0.     ]]

 [[ 0.33333  0.34167  0.     ]
  [ 0.       0.00833  0.     ]]]
valley of k:
 [0 1 0 1 0 1 0 1 0 1]
valley pol. of k:
 [-1  1 -1  1 -1  1 -1  1 -1  1]
Ek: [[-0.00035 -0.00035  0.00138  0.00138]
 [-0.00035 -0.00035  0.00138  0.00138]
 [-0.00096 -0.00096  0.002    0.002  ]
 [-0.00096 -0.00096  0.002    0.002  ]
 [-0.00204 -0.00204  0.00307  0.00307]
 [-0.00204 -0.00204  0.00307  0.00307]
 [-0.00319 -0.00319  0.00423  0.00423]
 [-0.00319 -0.00319  0.00423  0.00423]
 [-0.00437 -0.00437  0.0054   0.0054 ]
 [-0.00437 -0.00437  0.0054   0.0054 ]]
vbm in eV =  -0.009420174002118397
cbm in eV =  0.037589984743849426
gap in eV =  0.047010158745967826
fk: [[0.9857  0.98569 0.9179  0.91788]
 [0.9857  0.98569 0.9179  0.91788]
 [0.99248 0.99247 0.85387 0.85376]
 [0.99248 0.99247 0.85387 0.85376]
 [0.99756 0.99756 0.65342 0.65321]
 [0.99756 0.99756 0.65342 0.65321]
 [0.99928 0.99927 0.3589  0.35868]
 [0.99928 0.99927 0.3589  0.35868]
 [0.99979 0.99979 0.13959 0.13948]
 [0.99979 0.99979 0.13959 0.13948]]

electron density =  9.914e+11 in cm^-d
hole density =  4.052e+09 in cm^-d
excess density =  9.873e+11 in cm^-d

sk:
 [[[[ 1.16066e-08-2.60426e-18j  1.72150e-01+4.69430e-01j
    -4.57953e-09-3.93767e-08j  4.01819e-06-3.02512e-04j]
   [ 1.72150e-01-4.69430e-01j -1.16065e-08-4.89823e-18j
     7.04325e-05-2.94226e-04j  2.88905e-11+2.13171e-11j]
   [-4.57953e-09+3.93767e-08j  7.04325e-05+2.94226e-04j
    -9.47342e-08+4.33034e-19j -6.47246e-02+4.95793e-01j]
   [ 4.01819e-06+3.02512e-04j  2.88904e-11-2.13172e-11j
    -6.47246e-02-4.95793e-01j  9.47339e-08-1.40148e-19j]]

  [[-1.38054e-07+2.92454e-18j -4.69430e-01+1.72150e-01j
    -3.93504e-08+4.63647e-09j  3.02512e-04+4.01817e-06j]
   [-4.69430e-01-1.72150e-01j  1.38054e-07+5.52717e-18j
     2.94226e-04+7.04325e-05j -2.14763e-11+2.37772e-11j]
   [-3.93504e-08-4.63647e-09j  2.94226e-04-7.04325e-05j
    -1.03200e-07-8.34253e-19j  4.95793e-01+6.47246e-02j]
   [ 3.02512e-04-4.01817e-06j -2.14763e-11-2.37772e-11j
     4.95793e-01-6.47246e-02j  1.03200e-07+2.20415e-18j]]

  [[-5.00000e-01-2.59993e-15j  1.33610e-07-3.66353e-08j
     2.20161e-11-2.85793e-11j -8.37263e-11-8.05442e-12j]
   [ 1.33610e-07+3.66353e-08j  4.99999e-01+2.74339e-15j
     7.40444e-11-4.12958e-11j -5.65265e-04-2.15854e-04j]
   [ 2.20161e-11+2.85793e-11j  7.40445e-11+4.12958e-11j
     5.00000e-01+2.85302e-15j  9.00687e-08+1.07296e-07j]
   [-8.37263e-11+8.05441e-12j -5.65265e-04+2.15854e-04j
     9.00687e-08-1.07296e-07j -4.99999e-01-2.68360e-15j]]]


 [[[ 3.36885e-08+5.45680e-18j  1.72201e-01-4.69411e-01j
     3.20284e-08-2.33590e-08j  1.04179e-04-2.84036e-04j]
   [ 1.72201e-01+4.69411e-01j -3.36883e-08+1.59827e-18j
    -1.67919e-04+2.51660e-04j -2.68227e-11-9.22158e-12j]
   [ 3.20284e-08+2.33590e-08j -1.67919e-04-2.51660e-04j
    -5.36195e-08-1.92177e-18j  2.77540e-01+4.15898e-01j]
   [ 1.04179e-04+2.84036e-04j -2.68227e-11+9.22165e-12j
     2.77540e-01-4.15898e-01j  5.36193e-08+1.07589e-18j]]

  [[ 1.33917e-07+1.28070e-17j -4.69411e-01-1.72201e-01j
     2.33900e-08+3.19826e-08j -2.84036e-04-1.04179e-04j]
   [-4.69411e-01+1.72201e-01j -1.33917e-07-1.18387e-17j
     2.51660e-04+1.67919e-04j -1.87043e-12+2.61301e-11j]
   [ 2.33900e-08-3.19826e-08j  2.51660e-04-1.67919e-04j
     1.15746e-07-1.20318e-18j -4.15898e-01+2.77540e-01j]
   [-2.84036e-04+1.04179e-04j -1.87038e-12-2.61301e-11j
    -4.15898e-01-2.77540e-01j -1.15745e-07+1.17336e-18j]]

  [[ 5.00000e-01-5.73803e-16j  1.14122e-07+7.77487e-08j
    -3.55022e-11-4.28043e-12j  6.93731e-11+4.70738e-11j]
   [ 1.14122e-07-7.77487e-08j -4.99999e-01+5.15238e-16j
     7.62830e-11+1.18265e-11j -6.05077e-04+3.37036e-08j]
   [-3.55022e-11+4.28043e-12j  7.62830e-11-1.18265e-11j
    -5.00000e-01+7.19158e-16j -1.26040e-07+1.96477e-08j]
   [ 6.93731e-11-4.70738e-11j -6.05077e-04-3.37036e-08j
    -1.26040e-07-1.96477e-08j  4.99999e-01-5.42194e-16j]]]


 [[[-4.46926e-01-2.42952e-15j -2.22728e-01+2.54864e-02j
     1.10228e-04-4.64505e-06j  5.83717e-05-4.40556e-06j]
   [-2.22728e-01-2.54864e-02j  4.46926e-01+2.44465e-15j
     3.47370e-05-5.14733e-06j -2.29774e-04+5.39122e-06j]
   [ 1.10228e-04+4.64505e-06j  3.47370e-05+5.14733e-06j
     4.97908e-01+2.64605e-15j  3.61410e-02+2.79569e-02j]
   [ 5.83717e-05+4.40556e-06j -2.29774e-04-5.39122e-06j
     3.61410e-02-2.79569e-02j -4.97908e-01-2.60986e-15j]]

  [[-2.29582e-02-9.95298e-17j -1.10720e-02-4.99350e-01j
    -1.12629e-05+7.88763e-05j -1.62406e-06+8.47665e-05j]
   [-1.10720e-02+4.99350e-01j  2.29582e-02+4.74338e-17j
    -2.43179e-06+8.48072e-05j  4.67573e-06-7.88761e-05j]
   [-1.12629e-05-7.88763e-05j -2.43179e-06-8.48072e-05j
     2.79096e-02-1.01237e-17j  1.66456e-03-4.99218e-01j]
   [-1.62406e-06-8.47665e-05j  4.67573e-06+7.88761e-05j
     1.66456e-03+4.99218e-01j -2.79096e-02+4.76304e-17j]]

  [[-2.23002e-01-1.31445e-15j  4.47515e-01+3.30095e-04j
    -5.03986e-05-1.75690e-05j -1.50217e-04+4.16236e-06j]
   [ 4.47515e-01-3.30095e-04j  2.23002e-01+1.36590e-15j
    -1.88441e-04-2.67800e-06j -1.43181e-04-1.70214e-05j]
   [-5.03986e-05+1.75690e-05j -1.88441e-04+2.67800e-06j
     3.61775e-02+3.34468e-16j -4.98689e-01+3.59766e-04j]
   [-1.50217e-04-4.16236e-06j -1.43181e-04+1.70214e-05j
    -4.98689e-01-3.59766e-04j -3.61774e-02-1.18894e-16j]]]


 [[[-4.46929e-01+3.69045e-16j -2.22720e-01+2.54971e-02j
     1.10251e-04-4.09794e-06j -5.83903e-05+4.11943e-06j]
   [-2.22720e-01-2.54971e-02j  4.46929e-01-3.32654e-16j
     3.47614e-05-4.97395e-06j  2.29796e-04-4.25638e-06j]
   [ 1.10251e-04+4.09794e-06j  3.47614e-05+4.97395e-06j
     4.97908e-01-4.75898e-16j -3.61410e-02-2.79580e-02j]
   [-5.83903e-05-4.11943e-06j  2.29796e-04+4.25638e-06j
    -3.61410e-02+2.79580e-02j -4.97908e-01+4.36387e-16j]]

  [[ 2.29601e-02-3.91505e-16j  1.10921e-02+4.99349e-01j
     1.16526e-05-7.88211e-05j -2.03744e-06+8.47548e-05j]
   [ 1.10921e-02-4.99349e-01j -2.29601e-02+4.35687e-16j
     2.85082e-06-8.47915e-05j  5.06637e-06-7.88530e-05j]
   [ 1.16526e-05+7.88211e-05j  2.85082e-06+8.47915e-05j
    -2.79116e-02+2.39582e-16j  1.65197e-03-4.99217e-01j]
   [-2.03744e-06-8.47548e-05j  5.06637e-06+7.88530e-05j
     1.65197e-03+4.99217e-01j  2.79116e-02-2.09712e-16j]]

  [[ 2.22996e-01-2.41130e-16j -4.47518e-01-3.12647e-04j
     5.03128e-05+1.78178e-05j -1.50236e-04+3.42400e-06j]
   [-4.47518e-01+3.12647e-04j -2.22996e-01+2.11425e-16j
     1.88425e-04+3.61603e-06j -1.43094e-04-1.77304e-05j]
   [ 5.03128e-05-1.78178e-05j  1.88425e-04-3.61603e-06j
    -3.61769e-02+7.80993e-17j -4.98689e-01+3.72446e-04j]
   [-1.50236e-04-3.42400e-06j -1.43094e-04+1.77304e-05j
    -4.98689e-01-3.72446e-04j  3.61768e-02+5.14351e-17j]]]


 [[[-4.74815e-01-2.69014e-15j -1.48684e-01+4.94358e-02j
    -6.08428e-05+3.44191e-06j  1.98594e-05-4.19963e-06j]
   [-1.48684e-01-4.94358e-02j  4.74815e-01+2.77074e-15j
    -5.27836e-06+5.67794e-06j -1.40976e-04+4.59406e-06j]
   [-6.08428e-05-3.44191e-06j -5.27836e-06-5.67794e-06j
     4.95935e-01+2.74435e-15j  2.71391e-02-5.75490e-02j]
   [ 1.98594e-05+4.19963e-06j -1.40976e-04-4.59406e-06j
     2.71391e-02+5.75490e-02j -4.95935e-01-2.77333e-15j]]

  [[-4.72786e-02-1.68106e-16j -1.44484e-02-4.97550e-01j
     1.39087e-05-2.32976e-05j -2.88113e-07+4.38760e-05j]
   [-1.44484e-02+4.97550e-01j  4.72786e-02+1.25524e-16j
     1.39287e-06-4.40409e-05j  5.20006e-06-2.32605e-05j]
   [ 1.39087e-05+2.32976e-05j  1.39287e-06+4.40409e-05j
     5.74431e-02+1.74421e-16j  3.50721e-03+4.96677e-01j]
   [-2.88113e-07-4.38760e-05j  5.20006e-06+2.32605e-05j
     3.50721e-03-4.96677e-01j -5.74431e-02-2.56387e-16j]]

  [[-1.49384e-01-8.54321e-16j  4.77162e-01+3.38517e-04j
     1.59960e-05+2.02879e-05j -9.41640e-05+5.11349e-06j]
   [ 4.77162e-01-3.38517e-04j  1.49384e-01+9.87100e-16j
     1.04455e-04+2.16175e-06j -4.08387e-05-1.98785e-05j]
   [ 1.59960e-05-2.02879e-05j  1.04455e-04-2.16175e-06j
    -2.73624e-02-6.08014e-17j  4.99250e-01-3.60787e-04j]
   [-9.41640e-05-5.11349e-06j -4.08387e-05+1.98785e-05j
     4.99250e-01+3.60787e-04j  2.73625e-02+1.92751e-16j]]]


 [[[-4.74818e-01+1.32269e-16j -1.48670e-01+4.94492e-02j
    -6.08931e-05+2.44702e-06j -1.99229e-05+3.87644e-06j]
   [-1.48670e-01-4.94492e-02j  4.74818e-01-1.77569e-16j
    -5.37040e-06+5.58992e-06j  1.41029e-04-2.29207e-06j]
   [-6.08931e-05-2.44702e-06j -5.37040e-06-5.58992e-06j
     4.95935e-01-2.38624e-16j -2.71353e-02+5.75507e-02j]
   [-1.99229e-05-3.87644e-06j  1.41029e-04+2.29207e-06j
    -2.71353e-02-5.75507e-02j -4.95935e-01+2.01252e-16j]]

  [[ 4.72802e-02-1.60841e-16j  1.44879e-02+4.97549e-01j
    -1.42864e-05+2.30692e-05j -9.98474e-07+4.38627e-05j]
   [ 1.44879e-02-4.97549e-01j -4.72802e-02+1.60950e-16j
    -2.11014e-06+4.40095e-05j  5.58005e-06-2.31729e-05j]
   [-1.42864e-05-2.30692e-05j -2.11014e-06-4.40095e-05j
    -5.74442e-02+2.31762e-16j  3.51821e-03+4.96677e-01j]
   [-9.98474e-07-4.38627e-05j  5.58005e-06+2.31729e-05j
     3.51821e-03-4.96677e-01j  5.74442e-02-1.57372e-16j]]

  [[ 1.49374e-01-5.58363e-17j -4.77166e-01-3.00148e-04j
    -1.56645e-05-2.05459e-05j -9.42347e-05+3.58057e-06j]
   [-4.77166e-01+3.00148e-04j -1.49374e-01+4.87558e-17j
    -1.04405e-04-3.87133e-06j -4.05078e-05-2.05436e-05j]
   [-1.56645e-05+2.05459e-05j -1.04405e-04+3.87133e-06j
     2.73598e-02-9.51112e-19j  4.99251e-01-3.72082e-04j]
   [-9.42347e-05-3.58057e-06j -4.05078e-05+2.05436e-05j
     4.99251e-01+3.72082e-04j -2.73599e-02+7.00491e-17j]]]


 [[[-4.80146e-01-2.81989e-15j -1.19827e-01+7.14207e-02j
     4.10699e-05-2.72446e-06j  9.79243e-06-3.85042e-06j]
   [-1.19827e-01-7.14207e-02j  4.80146e-01+2.94027e-15j
    -3.81909e-07-6.02848e-06j -9.76993e-05+4.31592e-06j]
   [ 4.10699e-05+2.72446e-06j -3.81909e-07+6.02848e-06j
     4.89308e-01+2.89068e-15j -5.22139e-02+8.86071e-02j]
   [ 9.79243e-06+3.85042e-06j -9.76993e-05-4.31592e-06j
    -5.22139e-02-8.86071e-02j -4.89308e-01-2.87825e-15j]]

  [[-6.93792e-02-5.46546e-16j -1.69576e-02-4.94873e-01j
    -1.46086e-05+8.09512e-06j  4.85966e-07+2.92180e-05j]
   [-1.69576e-02+4.94873e-01j  6.93792e-02+5.04127e-16j
    -7.94901e-07+2.95881e-05j  5.38431e-06-7.99509e-06j]
   [-1.46086e-05-8.09512e-06j -7.94901e-07-2.95881e-05j
     8.80676e-02+6.16328e-16j -9.76951e-03-4.92086e-01j]
   [ 4.85966e-07-2.92180e-05j  5.38431e-06+7.99509e-06j
    -9.76951e-03+4.92086e-01j -8.80676e-02-6.14743e-16j]]

  [[-1.21020e-01-7.34549e-16j  4.85133e-01+3.42737e-04j
    -5.74440e-06-2.08230e-05j -6.50579e-05+5.83267e-06j]
   [ 4.85133e-01-3.42737e-04j  1.21020e-01+8.47087e-16j
    -6.87409e-05-1.49716e-06j -1.50154e-05-2.05088e-05j]
   [-5.74440e-06+2.08230e-05j -6.87409e-05+1.49716e-06j
    -5.31187e-02-1.82811e-16j -4.97170e-01+3.63894e-04j]
   [-6.50579e-05-5.83267e-06j -1.50154e-05+2.05088e-05j
    -4.97170e-01-3.63894e-04j  5.31188e-02+4.55353e-16j]]]


 [[[-4.80149e-01-9.14796e-19j -1.19805e-01+7.14359e-02j
    -4.11420e-05+1.29158e-06j -9.91822e-06+3.50809e-06j]
   [-1.19805e-01-7.14359e-02j  4.80149e-01-1.56837e-17j
     1.71394e-07+6.03700e-06j  9.77876e-05-9.10028e-07j]
   [-4.11420e-05-1.29158e-06j  1.71394e-07-6.03700e-06j
     4.89309e-01-1.46198e-17j -5.22059e-02+8.86076e-02j]
   [-9.91822e-06-3.50809e-06j  9.77876e-05+9.10028e-07j
    -5.22059e-02-8.86076e-02j -4.89309e-01+6.82370e-18j]]

  [[ 6.93805e-02-1.62522e-16j  1.70155e-02+4.94870e-01j
    -1.48811e-05+7.58367e-06j -5.26295e-07+2.92144e-05j]
   [ 1.70155e-02-4.94870e-01j -6.93805e-02+1.85290e-16j
    -1.82312e-06+2.95397e-05j  5.66052e-06-7.80278e-06j]
   [-1.48811e-05-7.58367e-06j -1.82312e-06-2.95397e-05j
    -8.80671e-02+1.74828e-16j  9.77892e-03+4.92086e-01j]
   [-5.26295e-07-2.92144e-05j  5.66052e-06+7.80278e-06j
     9.77892e-03-4.92086e-01j  8.80671e-02-1.68133e-16j]]

  [[ 1.21007e-01+2.85710e-17j -4.85136e-01-2.84321e-04j
    -5.01788e-06-2.10103e-05j -6.52210e-05+3.56802e-06j]
   [-4.85136e-01+2.84321e-04j -1.21007e-01+5.94722e-17j
    -6.86464e-05-3.89429e-06j -1.42911e-05-2.10200e-05j]
   [-5.01788e-06+2.10103e-05j -6.86464e-05+3.89429e-06j
     5.31126e-02-1.03968e-17j  4.97171e-01-3.74573e-04j]
   [-6.52210e-05-3.56802e-06j -1.42911e-05+2.10200e-05j
     4.97171e-01+3.74573e-04j -5.31126e-02+7.65391e-17j]]]


 [[[-4.80601e-01-2.99113e-15j -1.03172e-01+9.15305e-02j
     3.06924e-05-2.36105e-06j -5.67984e-06+3.48932e-06j]
   [-1.03172e-01-9.15305e-02j  4.80601e-01+3.05126e-15j
    -2.09955e-06-6.31400e-06j  7.37163e-05-4.37390e-06j]
   [ 3.06924e-05+2.36105e-06j -2.09955e-06+6.31400e-06j
     4.80671e-01+3.09941e-15j  6.60633e-02-1.20794e-01j]
   [-5.67984e-06-3.48932e-06j  7.37163e-05+4.37390e-06j
     6.60633e-02+1.20794e-01j -4.80671e-01-2.99758e-15j]]

  [[-8.95653e-02-5.47332e-16j -1.88682e-02-4.91551e-01j
    -1.49080e-05+2.33095e-06j -1.05232e-06-2.16453e-05j]
   [-1.88682e-02+4.91551e-01j  8.95653e-02+5.16297e-16j
    -4.08612e-07+2.22980e-05j -5.54651e-06+2.14692e-06j]
   [-1.49080e-05-2.33095e-06j -4.08612e-07-2.22980e-05j
     1.19618e-01+7.73334e-16j  1.68218e-02+4.85189e-01j]
   [-1.05232e-06+2.16453e-05j -5.54651e-06-2.14692e-06j
     1.68218e-02-4.85189e-01j -1.19618e-01-7.78755e-16j]]

  [[-1.04882e-01-6.11108e-16j  4.88876e-01+3.45005e-04j
    -1.85120e-06-2.08684e-05j  4.82126e-05-6.45237e-06j]
   [ 4.88876e-01-3.45005e-04j  1.04882e-01+6.80952e-16j
    -4.95114e-05-8.50444e-07j  5.51872e-06+2.06548e-05j]
   [-1.85120e-06+2.08684e-05j -4.95114e-05+8.50444e-07j
    -6.81703e-02-3.55352e-16j  4.95331e-01-3.66746e-04j]
   [ 4.82126e-05+6.45237e-06j  5.51872e-06-2.06548e-05j
     4.95331e-01+3.66746e-04j  6.81703e-02+4.77550e-16j]]]


 [[[-4.80605e-01-5.65005e-17j  1.03142e-01-9.15470e-02j
    -3.07808e-05+5.18220e-07j -5.87625e-06+3.14368e-06j]
   [ 1.03142e-01+9.15470e-02j  4.80605e-01+5.33970e-17j
    -1.71723e-06-6.42715e-06j -7.38433e-05-4.93334e-08j]
   [-3.07808e-05-5.18220e-07j -1.71723e-06+6.42715e-06j
     4.80673e-01-3.04559e-17j -6.60513e-02+1.20793e-01j]
   [-5.87625e-06-3.14368e-06j -7.38433e-05+4.93334e-08j
    -6.60513e-02-1.20793e-01j -4.80673e-01-1.47451e-17j]]

  [[ 8.95662e-02-2.72596e-16j -1.89428e-02-4.91548e-01j
    -1.50205e-05+1.43678e-06j -2.40492e-07+2.16670e-05j]
   [-1.89428e-02+4.91548e-01j -8.95662e-02+2.25731e-16j
     1.74133e-06-2.22311e-05j -5.66618e-06+1.81072e-06j]
   [-1.50205e-05-1.43678e-06j  1.74133e-06+2.22311e-05j
    -1.19615e-01+1.87743e-16j  1.68290e-02+4.85190e-01j]
   [-2.40492e-07-2.16670e-05j -5.66618e-06-1.81072e-06j
     1.68290e-02-4.85190e-01j  1.19615e-01-2.07259e-16j]]

  [[ 1.04866e-01+3.46004e-18j  4.88879e-01+2.67971e-04j
    -6.00791e-07-2.09419e-05j -4.85118e-05+3.55789e-06j]
   [ 4.88879e-01-2.67971e-04j -1.04866e-01+7.76220e-18j
     4.93711e-05+3.81723e-06j  4.27103e-06+2.09486e-05j]
   [-6.00791e-07+2.09419e-05j  4.93711e-05-3.81723e-06j
     6.81604e-02-2.57967e-17j  4.95332e-01-3.77010e-04j]
   [-4.85118e-05-3.55789e-06j  4.27103e-06-2.09486e-05j
     4.95332e-01+3.77010e-04j -6.81604e-02-1.18939e-17j]]]]

number of states within [emin,emax]:  2000  ( 3200 )
number of elements of rho left:  5600  ( 12800 )
mask_Ek and mask_rho are right
time for electron:  0.8598882537335157

##################################################
read and compute e-ph quantities
##################################################

--------------------------------------------------
rule out electronic states outside the energy window [emin, emax]
--------------------------------------------------
time for e-ph setup:  27.34727472998202

--------------------------------------------------
carrier transport from conventional method
--------------------------------------------------
carrier lifetime (rate average) in ps:  0.8819407814636869
carrier lifetime (time average) in ps:  1.0557351651017903
momentum lifetime (rate average) in ps:  1.0111609388173577
momentum lifetime (time average) in ps:  1.155759841543081
momentum lifetime (type 2, rate average) in ps:  0.6077391973780887
momentum lifetime (type 2, time average) in ps:  1.147008675393629
average of v^2 =  [6.43020e-02 6.43020e-02 8.23031e-13]
Fermi velocity in m/s =  [5.54751e+05 5.54751e+05 1.98470e+00]
conductivity using tau in S =  [9.71116e-03 9.71073e-03 7.61632e-14]
conductivity using taum in S =  [1.07158e-02 1.07087e-02 9.28628e-14]
conductivity using taum2 in S =  [1.07231e-02 1.07162e-02 9.27611e-14]
mobility (n=|ne-nh|) using tau in cm^2/V/s =  [6.13906e+04 6.13878e+04 4.81477e-07]
mobility (n=|ne-nh|) using taum in cm^2/V/s =  [6.77413e+04 6.76966e+04 5.87046e-07]
mobility (n=|ne-nh|) using taum2 in cm^2/V/s =  [6.77877e+04 6.77440e+04 5.86404e-07]
mobility (n=ne+nh) using tau in cm^2/V/s =  [6.08908e+04 6.08881e+04 4.77558e-07]
mobility (n=ne+nh) using taum in cm^2/V/s =  [6.71898e+04 6.71454e+04 5.82267e-07]
mobility (n=ne+nh) using taum2 in cm^2/V/s =  [6.72358e+04 6.71925e+04 5.81630e-07]
time for compute_carrier_transport_conventional:  0.20777356065809727
carrier lifetime (rate average) in ps:  0.881940781463687
effetive lifetime (single element of rho, rate average) in ps:  0.5517926237684387
time for e-ph:  0.27283962070941925

time for set up and some simple analysis:  28.654520709067583

##################################################
solving spin lifetimes via linear algebra and analysis decay modes
##################################################

--------------------------------------------------
solve -L x = x e :
--------------------------------------------------
rates:
 [2.50297e-18-2.19430e-19j 2.17033e-08+7.36845e-19j
 2.17183e-08+3.69018e-19j 3.67676e-08+1.61065e-19j
 2.48853e-06-6.94176e-19j 2.50793e-06+3.55882e-19j
 2.50795e-06+3.12035e-19j 2.53299e-06-5.93696e-19j
 9.99422e-06-3.27847e-19j 1.00462e-05+8.18648e-20j]
spin lifetimes in ps:
 [9.66407e+12 1.11452e+03 1.11375e+03 6.57885e+02 9.72015e+00 9.64493e+00
 9.64486e+00 9.54953e+00 2.42028e+00 2.40776e+00]
precession freq. in au:
 [-2.19430e-19  7.36845e-19  3.69018e-19  1.61065e-19 -6.94176e-19
  3.55882e-19  3.12035e-19 -5.93696e-19 -3.27847e-19  8.18648e-20]
short lifetimes in ps:
 [0.0691  0.06909 0.06909 0.06901 0.06901 0.06901 0.06901 0.06901 0.06901
 0.069  ]

time for solving lifetimes via lin. alg.:  4.543530711904168

do real-time dynamics
5600  (of  5600 ) modes are considered in real-time simulation
5600  (of  5600 ) modes are considered in real-time simulation
5600  (of  5600 ) modes are considered in real-time simulation
5600  (of  5600 ) modes are considered in real-time simulation
5600  (of  5600 ) modes are considered in real-time simulation

Analyse decay mode:

The 4 observables and perturbations are:
n, sx, sy, sz
ob. proj. to VR = 
 [[ 6.56247e-01-5.25024e-12j  0.00000e+00+0.00000e+00j
   0.00000e+00+0.00000e+00j  0.00000e+00+0.00000e+00j
   0.00000e+00+0.00000e+00j  0.00000e+00+0.00000e+00j
   0.00000e+00+0.00000e+00j  0.00000e+00+0.00000e+00j]
 [ 0.00000e+00+0.00000e+00j -9.11235e-03-2.60471e-01j
  -6.98881e-03-1.99771e-01j  0.00000e+00+0.00000e+00j
   0.00000e+00+0.00000e+00j -2.40757e-04-6.88189e-03j
   3.13911e-04+8.97294e-03j  0.00000e+00+0.00000e+00j]
 [ 0.00000e+00+0.00000e+00j -1.66391e-01+9.69238e-02j
   2.29928e-01-1.33934e-01j  0.00000e+00+0.00000e+00j
   0.00000e+00+0.00000e+00j  7.92086e-03-4.61396e-03j
   5.73206e-03-3.33897e-03j  0.00000e+00+0.00000e+00j]
 [ 0.00000e+00+0.00000e+00j  0.00000e+00+0.00000e+00j
   0.00000e+00+0.00000e+00j  3.28411e-01+3.39478e-12j
   0.00000e+00+0.00000e+00j  0.00000e+00+0.00000e+00j
   0.00000e+00+0.00000e+00j  0.00000e+00+0.00000e+00j]
 [ 0.00000e+00+0.00000e+00j  0.00000e+00+0.00000e+00j
   0.00000e+00+0.00000e+00j  0.00000e+00+0.00000e+00j
   4.57461e-01+2.92804e-12j  0.00000e+00+0.00000e+00j
   0.00000e+00+0.00000e+00j  0.00000e+00+0.00000e+00j]
 [ 0.00000e+00+0.00000e+00j  2.72625e-04+5.20785e-03j
  -3.28534e-04-6.27587e-03j  0.00000e+00+0.00000e+00j
   0.00000e+00+0.00000e+00j -9.22490e-03-1.76220e-01j
  -7.65503e-03-1.46231e-01j  0.00000e+00+0.00000e+00j]
 [ 0.00000e+00+0.00000e+00j -6.39251e-03-9.00957e-11j
  -5.08177e-03+1.08032e-10j  0.00000e+00+0.00000e+00j
   0.00000e+00+0.00000e+00j -1.42693e-01+3.03183e-09j
   1.79498e-01+2.52959e-09j  0.00000e+00+0.00000e+00j]
 [ 0.00000e+00+0.00000e+00j  0.00000e+00+0.00000e+00j
   0.00000e+00+0.00000e+00j  0.00000e+00+0.00000e+00j
   0.00000e+00+0.00000e+00j  0.00000e+00+0.00000e+00j
   0.00000e+00+0.00000e+00j -2.28792e-01+1.20908e-02j]
 [ 0.00000e+00+0.00000e+00j  0.00000e+00+0.00000e+00j
   0.00000e+00+0.00000e+00j  0.00000e+00+0.00000e+00j
   1.30437e-02+5.69467e-15j  0.00000e+00+0.00000e+00j
   0.00000e+00+0.00000e+00j  0.00000e+00+0.00000e+00j]
 [ 0.00000e+00+0.00000e+00j -7.45040e-05+3.75293e-04j
   1.78887e-04-9.01094e-04j  0.00000e+00+0.00000e+00j
   0.00000e+00+0.00000e+00j -1.22690e-03+6.18019e-03j
  -5.10996e-04+2.57400e-03j  0.00000e+00+0.00000e+00j]]
rhopert. proj. to VL = 
 [[-6.56247e-01-5.25024e-12j  0.00000e+00+0.00000e+00j
   0.00000e+00+0.00000e+00j  0.00000e+00+0.00000e+00j
   0.00000e+00+0.00000e+00j  0.00000e+00+0.00000e+00j
   0.00000e+00+0.00000e+00j  0.00000e+00+0.00000e+00j]
 [ 0.00000e+00+0.00000e+00j  1.86162e-02-5.32133e-01j
   1.34719e-02-3.85086e-01j  0.00000e+00+0.00000e+00j
   0.00000e+00+0.00000e+00j -4.64094e-04+1.32658e-02j
   6.41309e-04-1.83314e-02j  0.00000e+00+0.00000e+00j]
 [ 0.00000e+00+0.00000e+00j  3.45629e-01+2.01331e-01j
  -4.50647e-01-2.62505e-01j  0.00000e+00+0.00000e+00j
   0.00000e+00+0.00000e+00j  1.55245e-02+9.04315e-03j
   1.19067e-02+6.93574e-03j  0.00000e+00+0.00000e+00j]
 [ 0.00000e+00+0.00000e+00j  0.00000e+00+0.00000e+00j
   0.00000e+00+0.00000e+00j -6.56890e-01+6.79038e-12j
   0.00000e+00+0.00000e+00j  0.00000e+00+0.00000e+00j
   0.00000e+00+0.00000e+00j  0.00000e+00+0.00000e+00j]
 [ 0.00000e+00+0.00000e+00j  0.00000e+00+0.00000e+00j
   0.00000e+00+0.00000e+00j  0.00000e+00+0.00000e+00j
  -9.09445e-01+5.82133e-12j  0.00000e+00+0.00000e+00j
   0.00000e+00+0.00000e+00j  0.00000e+00+0.00000e+00j]
 [ 0.00000e+00+0.00000e+00j  1.05394e-03-2.01331e-02j
  -1.32579e-03+2.53260e-02j  0.00000e+00+0.00000e+00j
   0.00000e+00+0.00000e+00j  3.72267e-02-7.11129e-01j
   2.95936e-02-5.65317e-01j  0.00000e+00+0.00000e+00j]
 [ 0.00000e+00+0.00000e+00j -2.49313e-02-1.15426e-10j
  -2.06886e-02+1.47560e-10j  0.00000e+00+0.00000e+00j
   0.00000e+00+0.00000e+00j  5.80923e-01-4.14376e-09j
  -7.00057e-01-3.24062e-09j  0.00000e+00+0.00000e+00j]
 [ 0.00000e+00+0.00000e+00j  0.00000e+00+0.00000e+00j
   0.00000e+00+0.00000e+00j  0.00000e+00+0.00000e+00j
   0.00000e+00+0.00000e+00j  0.00000e+00+0.00000e+00j
   0.00000e+00+0.00000e+00j  9.09069e-01+4.80408e-02j]
 [ 0.00000e+00+0.00000e+00j  0.00000e+00+0.00000e+00j
   0.00000e+00+0.00000e+00j  0.00000e+00+0.00000e+00j
  -2.31552e-02-2.78972e-14j  0.00000e+00+0.00000e+00j
   0.00000e+00+0.00000e+00j  0.00000e+00+0.00000e+00j]
 [ 0.00000e+00+0.00000e+00j -2.61280e-04-1.31613e-03j
   6.36642e-04+3.20691e-03j  0.00000e+00+0.00000e+00j
   0.00000e+00+0.00000e+00j  4.36638e-03+2.19944e-02j
   1.79200e-03+9.02670e-03j  0.00000e+00+0.00000e+00j]]
ob. of pert:
 [[-4.30660e-01  0.00000e+00  0.00000e+00  0.00000e+00  0.00000e+00
   0.00000e+00  0.00000e+00 -5.24590e-06]
 [ 0.00000e+00 -2.15330e-01  0.00000e+00  0.00000e+00  0.00000e+00
   0.00000e+00  0.00000e+00  0.00000e+00]
 [ 0.00000e+00  0.00000e+00 -2.15330e-01  0.00000e+00  0.00000e+00
   0.00000e+00  0.00000e+00  0.00000e+00]
 [ 0.00000e+00  0.00000e+00  0.00000e+00 -2.15330e-01 -1.04918e-05
   0.00000e+00  0.00000e+00  0.00000e+00]
 [ 0.00000e+00  0.00000e+00  0.00000e+00 -5.24590e-06 -4.30660e-01
   0.00000e+00  0.00000e+00  0.00000e+00]
 [ 0.00000e+00  0.00000e+00  0.00000e+00  0.00000e+00  0.00000e+00
  -2.15330e-01  0.00000e+00  0.00000e+00]
 [ 0.00000e+00  0.00000e+00  0.00000e+00  0.00000e+00  0.00000e+00
   0.00000e+00 -2.15330e-01  0.00000e+00]
 [ 0.00000e+00  0.00000e+00  0.00000e+00  0.00000e+00  0.00000e+00
   0.00000e+00  0.00000e+00 -2.15330e-01]]

mode  0  with rate  3.995257408945902e+17
pert. and ob.:
 [[-4.30660e-01  0.00000e+00  0.00000e+00  0.00000e+00  0.00000e+00
   0.00000e+00  0.00000e+00 -5.24591e-06]
 [ 0.00000e+00  0.00000e+00  0.00000e+00  0.00000e+00  0.00000e+00
   0.00000e+00  0.00000e+00  0.00000e+00]
 [ 0.00000e+00  0.00000e+00  0.00000e+00  0.00000e+00  0.00000e+00
   0.00000e+00  0.00000e+00  0.00000e+00]
 [ 0.00000e+00  0.00000e+00  0.00000e+00  0.00000e+00  0.00000e+00
   0.00000e+00  0.00000e+00  0.00000e+00]
 [ 0.00000e+00  0.00000e+00  0.00000e+00  0.00000e+00  0.00000e+00
   0.00000e+00  0.00000e+00  0.00000e+00]
 [ 0.00000e+00  0.00000e+00  0.00000e+00  0.00000e+00  0.00000e+00
   0.00000e+00  0.00000e+00  0.00000e+00]
 [ 0.00000e+00  0.00000e+00  0.00000e+00  0.00000e+00  0.00000e+00
   0.00000e+00  0.00000e+00  0.00000e+00]
 [ 0.00000e+00  0.00000e+00  0.00000e+00  0.00000e+00  0.00000e+00
   0.00000e+00  0.00000e+00  0.00000e+00]]

mode  1  with rate  46075861.039701045
pert. and ob.:
 [[ 0.00000e+00  0.00000e+00  0.00000e+00  0.00000e+00  0.00000e+00
   0.00000e+00  0.00000e+00  0.00000e+00]
 [ 0.00000e+00 -1.38775e-01 -1.06435e-01  1.24358e-05  0.00000e+00
  -3.66656e-03  4.78064e-03  2.45955e-06]
 [ 0.00000e+00 -1.00426e-01 -7.70231e-02  8.99933e-06  0.00000e+00
  -2.65337e-03  3.45958e-03  1.77989e-06]
 [ 0.00000e+00  1.32393e-05  1.01540e-05  0.00000e+00  0.00000e+00
   3.49795e-07 -4.56079e-07  0.00000e+00]
 [ 0.00000e+00  0.00000e+00  0.00000e+00  0.00000e+00  0.00000e+00
   0.00000e+00  0.00000e+00  0.00000e+00]
 [ 0.00000e+00  3.45958e-03  2.65336e-03 -3.10017e-07  0.00000e+00
   9.14056e-05 -1.19179e-04 -6.13153e-08]
 [ 0.00000e+00 -4.78064e-03 -3.66656e-03  4.28399e-07  0.00000e+00
  -1.26309e-04  1.64688e-04  8.47288e-08]
 [ 0.00000e+00 -2.49468e-06 -1.91332e-06  0.00000e+00  0.00000e+00
  -6.59120e-08  8.59392e-08  0.00000e+00]]

mode  2  with rate  46044148.766048536
pert. and ob.:
 [[ 0.00000e+00  0.00000e+00  0.00000e+00  0.00000e+00  0.00000e+00
   0.00000e+00  0.00000e+00  0.00000e+00]
 [ 0.00000e+00 -7.70232e-02  1.06435e-01 -4.63768e-06  0.00000e+00
   3.66661e-03  2.65340e-03  2.40716e-06]
 [ 0.00000e+00  1.00427e-01 -1.38775e-01  6.04682e-06  0.00000e+00
  -4.78071e-03 -3.45963e-03 -3.13857e-06]
 [ 0.00000e+00 -9.49673e-06  1.31231e-05  0.00000e+00  0.00000e+00
   4.52082e-07  3.27157e-07  0.00000e+00]
 [ 0.00000e+00  0.00000e+00  0.00000e+00  0.00000e+00  0.00000e+00
   0.00000e+00  0.00000e+00  0.00000e+00]
 [ 0.00000e+00 -3.45963e-03  4.78071e-03 -2.08309e-07  0.00000e+00
   1.64692e-04  1.19182e-04  1.08122e-07]
 [ 0.00000e+00 -2.65340e-03  3.66661e-03 -1.59765e-07  0.00000e+00
   1.26313e-04  9.14081e-05  8.29252e-08]
 [ 0.00000e+00 -2.36928e-06  3.27399e-06  0.00000e+00  0.00000e+00
   1.12787e-07  8.16201e-08  0.00000e+00]]

mode  3  with rate  27197859.417349175
pert. and ob.:
 [[ 0.00000e+00  0.00000e+00  0.00000e+00  0.00000e+00  0.00000e+00
   0.00000e+00  0.00000e+00  0.00000e+00]
 [ 0.00000e+00  0.00000e+00  0.00000e+00 -7.84818e-06  0.00000e+00
   0.00000e+00  0.00000e+00  0.00000e+00]
 [ 0.00000e+00  0.00000e+00  0.00000e+00 -1.52215e-05  0.00000e+00
   0.00000e+00  0.00000e+00  0.00000e+00]
 [ 0.00000e+00 -3.79266e-06 -2.34515e-05 -2.15730e-01 -1.06971e-05
  -5.70698e-06  1.51146e-06  0.00000e+00]
 [ 0.00000e+00  0.00000e+00  0.00000e+00 -5.34840e-06  0.00000e+00
   0.00000e+00  0.00000e+00  0.00000e+00]
 [ 0.00000e+00  0.00000e+00  0.00000e+00  5.42268e-06  0.00000e+00
   0.00000e+00  0.00000e+00  0.00000e+00]
 [ 0.00000e+00  0.00000e+00  0.00000e+00 -1.65135e-06  0.00000e+00
   0.00000e+00  0.00000e+00  0.00000e+00]
 [ 0.00000e+00  0.00000e+00  0.00000e+00  0.00000e+00  0.00000e+00
   0.00000e+00  0.00000e+00  0.00000e+00]]

mode  4  with rate  401844.1986538325
pert. and ob.:
 [[ 0.00000e+00  0.00000e+00  0.00000e+00  0.00000e+00  0.00000e+00
   0.00000e+00  0.00000e+00  0.00000e+00]
 [ 0.00000e+00  0.00000e+00  0.00000e+00  0.00000e+00  3.65124e-08
   0.00000e+00  0.00000e+00  0.00000e+00]
 [ 0.00000e+00  0.00000e+00  0.00000e+00  0.00000e+00  8.36009e-08
   0.00000e+00  0.00000e+00  0.00000e+00]
 [ 0.00000e+00  0.00000e+00  0.00000e+00  0.00000e+00  1.99753e-07
   0.00000e+00  0.00000e+00  0.00000e+00]
 [ 0.00000e+00  1.70723e-08  5.19227e-08  9.97369e-08 -4.16036e-01
   1.44000e-06 -4.75679e-07 -1.74400e-08]
 [ 0.00000e+00  0.00000e+00  0.00000e+00  0.00000e+00 -2.32287e-06
   0.00000e+00  0.00000e+00  0.00000e+00]
 [ 0.00000e+00  0.00000e+00  0.00000e+00  0.00000e+00  1.01732e-06
   0.00000e+00  0.00000e+00  0.00000e+00]
 [ 0.00000e+00  0.00000e+00  0.00000e+00  0.00000e+00  1.72035e-08
   0.00000e+00  0.00000e+00  0.00000e+00]]

mode  5  with rate  398734.68423780374
pert. and ob.:
 [[ 0.00000e+00  0.00000e+00  0.00000e+00  0.00000e+00  0.00000e+00
   0.00000e+00  0.00000e+00  0.00000e+00]
 [ 0.00000e+00  1.05137e-04 -1.26699e-04 -7.22892e-08  2.52970e-08
  -3.55757e-03 -2.95215e-03 -3.85738e-07]
 [ 0.00000e+00 -1.32256e-04  1.59378e-04  9.09348e-08 -3.18218e-08
   4.47518e-03  3.71360e-03  4.85231e-07]
 [ 0.00000e+00 -7.64983e-08  9.21865e-08  0.00000e+00  0.00000e+00
   2.58850e-06  2.14800e-06  0.00000e+00]
 [ 0.00000e+00  1.89582e-08 -2.28462e-08  0.00000e+00  0.00000e+00
  -6.41498e-07 -5.32329e-07  0.00000e+00]
 [ 0.00000e+00  3.71360e-03 -4.47518e-03 -2.55336e-06  8.93524e-07
  -1.25659e-01 -1.04274e-01 -1.36248e-05]
 [ 0.00000e+00  2.95215e-03 -3.55757e-03 -2.02981e-06  7.10313e-07
  -9.98931e-02 -8.28935e-02 -1.08311e-05]
 [ 0.00000e+00  3.65720e-07 -4.40721e-07  0.00000e+00  0.00000e+00
  -1.23750e-05 -1.02690e-05  0.00000e+00]]

mode  6  with rate  398731.5522421864
pert. and ob.:
 [[ 0.00000e+00  0.00000e+00  0.00000e+00  0.00000e+00  0.00000e+00
   0.00000e+00  0.00000e+00  0.00000e+00]
 [ 0.00000e+00  1.59373e-04  1.26695e-04  1.31432e-07 -6.16262e-08
   3.55752e-03 -4.47512e-03 -4.35072e-07]
 [ 0.00000e+00  1.32252e-04  1.05134e-04  1.09065e-07 -5.11388e-08
   2.95212e-03 -3.71355e-03 -3.61033e-07]
 [ 0.00000e+00  1.35640e-07  1.07828e-07  0.00000e+00  0.00000e+00
   3.02775e-06 -3.80870e-06  0.00000e+00]
 [ 0.00000e+00 -3.59470e-08 -2.85763e-08  0.00000e+00  0.00000e+00
  -8.02407e-07  1.00937e-06  0.00000e+00]
 [ 0.00000e+00 -3.71355e-03 -2.95211e-03 -3.06249e-06  1.43595e-06
  -8.28937e-02  1.04274e-01  1.01376e-05]
 [ 0.00000e+00  4.47512e-03  3.55752e-03  3.69054e-06 -1.73043e-06
   9.98933e-02 -1.25659e-01 -1.22166e-05]
 [ 0.00000e+00  2.93492e-07  2.33313e-07  0.00000e+00  0.00000e+00
   6.55131e-06 -8.24108e-06  0.00000e+00]]

mode  7  with rate  394790.69686555746
pert. and ob.:
 [[ 0.00000e+00  0.00000e+00  0.00000e+00  0.00000e+00  0.00000e+00
   0.00000e+00  0.00000e+00  0.00000e+00]
 [ 0.00000e+00  0.00000e+00  0.00000e+00  0.00000e+00  0.00000e+00
   0.00000e+00  0.00000e+00 -4.76684e-06]
 [ 0.00000e+00  0.00000e+00  0.00000e+00  0.00000e+00  0.00000e+00
   0.00000e+00  0.00000e+00  1.51236e-06]
 [ 0.00000e+00  0.00000e+00  0.00000e+00  0.00000e+00  0.00000e+00
   0.00000e+00  0.00000e+00  0.00000e+00]
 [ 0.00000e+00  0.00000e+00  0.00000e+00  0.00000e+00  0.00000e+00
   0.00000e+00  0.00000e+00  1.74282e-08]
 [ 0.00000e+00  0.00000e+00  0.00000e+00  0.00000e+00  0.00000e+00
   0.00000e+00  0.00000e+00  3.43969e-06]
 [ 0.00000e+00  0.00000e+00  0.00000e+00  0.00000e+00  0.00000e+00
   0.00000e+00  0.00000e+00  2.28863e-05]
 [ 0.00000e+00  4.92549e-06 -1.43128e-06  0.00000e+00 -1.71249e-08
   5.77609e-06  1.83503e-05 -2.08568e-01]]

mode  8  with rate  100057.82127666478
pert. and ob.:
 [[ 0.00000e+00  0.00000e+00  0.00000e+00  0.00000e+00  0.00000e+00
   0.00000e+00  0.00000e+00  0.00000e+00]
 [ 0.00000e+00  0.00000e+00  0.00000e+00  0.00000e+00 -1.01341e-08
   0.00000e+00  0.00000e+00  0.00000e+00]
 [ 0.00000e+00  0.00000e+00  0.00000e+00  0.00000e+00 -2.44886e-08
   0.00000e+00  0.00000e+00  0.00000e+00]
 [ 0.00000e+00  0.00000e+00  0.00000e+00  0.00000e+00  3.82109e-07
   0.00000e+00  0.00000e+00  0.00000e+00]
 [ 0.00000e+00  0.00000e+00 -1.28231e-08  1.90959e-07 -3.02028e-04
   8.74553e-08 -3.30403e-08  0.00000e+00]
 [ 0.00000e+00  0.00000e+00  0.00000e+00  0.00000e+00 -1.66322e-07
   0.00000e+00  0.00000e+00  0.00000e+00]
 [ 0.00000e+00  0.00000e+00  0.00000e+00  0.00000e+00  6.67322e-08
   0.00000e+00  0.00000e+00  0.00000e+00]
 [ 0.00000e+00  0.00000e+00  0.00000e+00  0.00000e+00  0.00000e+00
   0.00000e+00  0.00000e+00  0.00000e+00]]

mode  9  with rate  99540.13245832777
pert. and ob.:
 [[ 0.00000e+00  0.00000e+00  0.00000e+00  0.00000e+00  0.00000e+00
   0.00000e+00  0.00000e+00  0.00000e+00]
 [ 0.00000e+00  5.13400e-07 -1.23269e-06  0.00000e+00  0.00000e+00
   8.45448e-06  3.52122e-06 -2.63167e-08]
 [ 0.00000e+00 -1.25096e-06  3.00361e-06 -1.53576e-08  1.91646e-08
  -2.06004e-05 -8.57990e-06  6.41240e-08]
 [ 0.00000e+00  0.00000e+00 -1.54232e-08  0.00000e+00  0.00000e+00
   1.05780e-07  4.40567e-08  0.00000e+00]
 [ 0.00000e+00  0.00000e+00  1.01481e-08  0.00000e+00  0.00000e+00
  -6.96012e-08 -2.89883e-08  0.00000e+00]
 [ 0.00000e+00 -8.57967e-06  2.06001e-05 -1.05329e-07  1.31439e-07
  -1.41287e-04 -5.88448e-05  4.39791e-07]
 [ 0.00000e+00 -3.52117e-06  8.45447e-06 -4.32281e-08  5.39439e-08
  -5.79853e-05 -2.41504e-05  1.80494e-07]
 [ 0.00000e+00  2.65116e-08 -6.36555e-08  0.00000e+00  0.00000e+00
   4.36584e-07  1.81833e-07  0.00000e+00]]
<s|UR>:
 [[-0.00911-0.26047j -0.16639+0.09692j]
 [-0.00699-0.19977j  0.22993-0.13393j]]
normR_rotate =  [1.52671 1.52671]
normL_rotate =  [1.52671 1.52671]
<s|UR>:
 [[ 6.56790e-01+2.57468e-16j -6.50630e-16-3.43188e-16j]
 [ 1.07228e-16-1.53494e-17j  6.56790e-01-6.42077e-18j]]
oUs_rotate:
 [[ 1.00000e+00-2.80403e-13j -2.28305e-13+3.71440e-13j]
 [ 1.41372e-13-2.21277e-13j  1.00000e+00+2.80428e-13j]]

time for spin lifetime:  10.281165253371

##################################################
solving lifetimes approximately
##################################################

--------------------------------------------------
Rayleigh-Ritz method (material dependent):
--------------------------------------------------
Rayleigh-Ritz ( 7  vec.,   ) lifetime in ps:
 [7.48262e+05 8.69875e+03 8.69875e+03 1.01318e+01 1.01318e+01 1.01205e+01
 1.01204e+01]

Rayleigh-Ritz ( 7  vec.,  with Left ) lifetime in ps:
 [6.60705e+05 1.18348e+04 1.18348e+04 5.73795e+00 5.73795e+00 5.73534e+00
 5.73529e+00]

Rayleigh-Ritz ( 14  vec.,   ) lifetime in ps:
 [3.98245e+03 3.98228e+03 6.70415e+02 1.21050e+01 1.20452e+01 1.02296e+01
 1.02295e+01 6.55847e-01 5.61928e-01 5.52852e-01 5.52852e-01 5.52646e-01
 5.52646e-01 5.08320e-01]

Rayleigh-Ritz ( 14  vec.,  with Left ) lifetime in ps:
 [2.33026e+03 2.32811e+03 1.48153e+03 8.00626e+00 8.00588e+00 7.74824e+00
 7.70736e+00 2.39427e-01 2.39226e-01 2.04057e-01 1.64146e-01 1.63698e-01
 1.30410e-01 1.30361e-01]

Rayleigh-Ritz ( 28  vec.,   ) lifetime in ps:
 [2.70370e+03 2.70343e+03 6.38162e+02 1.23974e+01 1.20414e+01 1.03681e+01
 1.03678e+01 1.02359e+00 7.14520e-01 7.14520e-01 7.14288e-01 7.14288e-01
 6.09745e-01 5.07796e-01 4.07495e-01 4.07495e-01 3.79923e-01 3.79923e-01
 3.79914e-01 3.79914e-01 3.57611e-01 3.57611e-01 3.57611e-01 3.57611e-01
 3.54967e-01 3.54967e-01 3.54966e-01 3.54966e-01]

Rayleigh-Ritz ( 28  vec.,  with Left ) lifetime in ps:
 [ 2.23169e+03  2.22649e+03  1.26963e+03  8.01813e+00  7.96849e+00
  7.96773e+00  7.71874e+00  4.48949e-01  4.36406e-01  4.35137e-01
  3.90082e-01  3.90082e-01  3.84892e-01  3.84892e-01  3.78166e-01
  3.78166e-01  3.77902e-01  3.77902e-01  3.59386e-01  3.59386e-01
  3.59167e-01  3.59167e-01  1.89927e-01  1.63432e-01  1.56210e-01
  1.56197e-01  6.10311e-02 -3.65468e-02]

Rayleigh-Ritz ( 70  vec.,   ) lifetime in ps:
 [9.31104e+02 9.30206e+02 6.05283e+02 1.24517e+01 1.21341e+01 1.21336e+01
 1.01967e+01 1.20514e+00 1.04521e+00 1.04384e+00 7.37672e-01 7.19445e-01
 7.19445e-01 6.17578e-01 6.12041e-01 6.11889e-01 4.85846e-01 4.85846e-01
 4.79949e-01 4.79949e-01 4.64226e-01 4.64226e-01 4.64189e-01 4.64189e-01
 4.50862e-01 4.50862e-01 4.17882e-01 4.17882e-01 4.17850e-01 4.17850e-01
 4.17613e-01 4.17613e-01 4.17539e-01 4.17539e-01 4.10689e-01 4.10689e-01
 4.10501e-01 4.10501e-01 4.09592e-01 4.09592e-01 4.09409e-01 4.09409e-01
 3.84461e-01 3.84461e-01 3.72464e-01 3.72464e-01 3.72111e-01 3.72111e-01
 3.71124e-01 3.71124e-01 3.70274e-01 3.70274e-01 3.55575e-01 3.55575e-01
 3.55492e-01 3.55492e-01 3.55487e-01 3.55487e-01 3.55438e-01 3.55438e-01
 3.54093e-01 3.54093e-01 3.54011e-01 3.54011e-01 3.46209e-01 3.46209e-01
 3.46161e-01 3.46161e-01 2.02258e-01 1.36139e-01]

Rayleigh-Ritz ( 70  vec.,  with Left ) lifetime in ps:
 [ 1.46498e+03  1.46211e+03  8.53741e+02  9.29599e+00  7.74515e+00
  7.74511e+00  7.72045e+00  5.85872e+00  5.85872e+00 -1.96509e+00
 -1.96509e+00 -1.87049e+00 -1.87049e+00  8.57992e-01  8.51963e-01
  8.49982e-01  6.90156e-01  6.90156e-01  4.22817e-01  4.22817e-01
  4.21598e-01  4.21598e-01  4.18124e-01  4.18124e-01  4.17802e-01
  4.17802e-01  4.16468e-01  4.16468e-01  4.16156e-01  4.16156e-01
  4.11432e-01  3.99633e-01  3.99633e-01  3.95701e-01  3.95701e-01
  3.90769e-01  3.90769e-01  3.81806e-01  3.81806e-01  3.81505e-01
  3.81505e-01  3.80983e-01  3.80983e-01  3.80252e-01  3.80252e-01
  3.79859e-01  3.79859e-01  3.78666e-01  3.78666e-01  3.77817e-01
  3.77817e-01  3.76574e-01  3.76574e-01  3.72651e-01  3.72651e-01
  3.71473e-01  3.71473e-01  3.63809e-01  3.63809e-01  3.62566e-01
  3.62566e-01  2.77303e-01  2.77303e-01  1.63263e-01  1.63261e-01
  1.63127e-01  1.40499e-01  9.43729e-02  9.43729e-02  8.33198e-02]

Rayleigh-Ritz ( 140  vec.,   ) lifetime in ps:
 [9.95712e+02 9.94669e+02 6.06861e+02 1.24464e+01 1.22925e+01 1.22922e+01
 9.95862e+00 1.21410e+00 1.21258e+00 1.21226e+00 8.01118e-01 7.92833e-01
 7.92822e-01 7.91977e-01 7.91445e-01 7.90361e-01 7.90241e-01 7.22565e-01
 7.22565e-01 6.16373e-01 5.66250e-01 5.66193e-01 5.04196e-01 5.04189e-01
 4.91396e-01 4.91377e-01 4.90852e-01 4.90842e-01 4.76466e-01 4.76256e-01
 4.75977e-01 4.75955e-01 4.73649e-01 4.73649e-01 4.71915e-01 4.71820e-01
 4.71685e-01 4.71602e-01 4.18597e-01 4.18597e-01 4.18421e-01 4.18420e-01
 4.16441e-01 4.16441e-01 4.16411e-01 4.16411e-01 4.14821e-01 4.14821e-01
 4.14789e-01 4.14789e-01 4.12089e-01 4.12089e-01 4.11926e-01 4.11926e-01
 4.07320e-01 4.07319e-01 4.06990e-01 4.06987e-01 4.06749e-01 4.06747e-01
 4.06433e-01 4.06432e-01 4.06298e-01 4.06298e-01 4.02502e-01 4.02499e-01
 4.00051e-01 4.00042e-01 3.94085e-01 3.94082e-01 3.90133e-01 3.90130e-01
 3.87968e-01 3.87941e-01 3.87826e-01 3.87764e-01 3.85767e-01 3.85728e-01
 3.85427e-01 3.85414e-01 3.83478e-01 3.83350e-01 3.83143e-01 3.83132e-01
 3.80748e-01 3.80730e-01 3.80680e-01 3.80678e-01 3.80644e-01 3.80642e-01
 3.80391e-01 3.80386e-01 3.78848e-01 3.78844e-01 3.75439e-01 3.75422e-01
 3.72908e-01 3.72824e-01 3.71894e-01 3.71894e-01 3.71618e-01 3.71589e-01
 3.71532e-01 3.71466e-01 3.70869e-01 3.70856e-01 3.70851e-01 3.70847e-01
 3.68536e-01 3.68297e-01 3.68030e-01 3.68026e-01 3.67807e-01 3.67782e-01
 3.60689e-01 3.60681e-01 3.58810e-01 3.58633e-01 3.58365e-01 3.58317e-01
 3.58202e-01 3.58175e-01 3.58058e-01 3.57967e-01 3.55402e-01 3.55402e-01
 3.53611e-01 3.53611e-01 3.52017e-01 3.51970e-01 3.51464e-01 3.51452e-01
 3.11270e-01 3.11270e-01 3.10536e-01 3.10536e-01 2.39688e-01 2.25253e-01
 2.25252e-01 1.03739e-01]

Rayleigh-Ritz ( 140  vec.,  with Left ) lifetime in ps:
 [ 1.26023e+03  1.25811e+03  6.69721e+02  1.07783e+01  1.07637e+01
  9.09825e+00  7.55581e+00  1.05271e+00  9.91171e-01  9.89325e-01
  7.22673e-01  7.22673e-01 -5.67717e-01  5.67085e-01  5.66889e-01
  5.65991e-01  5.65811e-01  5.47090e-01  5.47052e-01  5.40840e-01
  5.39417e-01  4.72614e-01  4.72614e-01  4.59026e-01  4.59003e-01
  4.50976e-01  4.50878e-01  4.31067e-01  4.31028e-01  4.30013e-01
  4.29965e-01  4.22582e-01  4.22575e-01  4.21287e-01  4.21275e-01
  4.19429e-01  4.19429e-01  4.16538e-01  4.16538e-01  4.16466e-01
  4.16466e-01  4.14369e-01  4.14369e-01  4.14320e-01  4.14319e-01
  4.13184e-01  4.13169e-01  4.12660e-01  4.12660e-01  4.12581e-01
  4.12581e-01  4.11571e-01  4.11571e-01  4.11105e-01  4.11102e-01
  4.10846e-01  4.10821e-01  4.08895e-01  4.08894e-01  4.08690e-01
  4.08565e-01  4.08465e-01  4.08465e-01  4.07424e-01  4.07392e-01
  4.06416e-01  4.06287e-01  4.06028e-01  4.06013e-01  4.04804e-01
  4.04787e-01  4.04457e-01  4.04390e-01  4.04380e-01  4.03800e-01
  4.03747e-01  4.03746e-01  4.03734e-01  4.03646e-01  4.03645e-01
  4.03366e-01  4.03199e-01  4.03102e-01  4.03024e-01  4.02998e-01
  4.02996e-01  4.02665e-01  4.02583e-01  4.02158e-01  4.02150e-01
  4.02045e-01  4.01944e-01  4.01927e-01  4.01927e-01  4.00724e-01
  4.00650e-01  3.97539e-01  3.97536e-01  3.96895e-01  3.96853e-01
  3.94846e-01  3.94821e-01  3.72536e-01  3.72368e-01  3.70815e-01
  3.70803e-01  3.70285e-01  3.70219e-01  3.69409e-01  3.69320e-01
 -3.56790e-01 -3.56615e-01  3.46511e-01  3.46069e-01  3.42920e-01
  3.42904e-01  2.78402e-01  2.78224e-01  2.76864e-01  2.76862e-01
  2.66408e-01  2.66408e-01  2.04709e-01  2.04662e-01  2.04220e-01
  2.04215e-01  1.50653e-01  1.47179e-01  1.12161e-01  1.12130e-01
  8.77686e-02  8.34112e-02  8.34112e-02  6.59796e-02  6.39650e-02
  6.39650e-02  2.50817e-02  2.50817e-02 -2.31183e-02 -2.30401e-02]

Rayleigh-Ritz ( 210  vec.,   ) lifetime in ps:
 [ 1.06127e+03  1.00283e+03  6.92185e+02  1.28887e+01  1.23242e+01
  1.19930e+01  9.93245e+00  3.32877e+00 -3.06756e+00  2.43164e+00
 -2.15594e+00  1.89401e+00  1.62169e+00  1.54390e+00  1.25555e+00
  1.19283e+00  1.18313e+00  1.17965e+00  1.02556e+00 -9.70604e-01
  9.51017e-01  9.03381e-01 -9.00735e-01  8.84643e-01 -7.88478e-01
 -7.66527e-01  7.45162e-01  7.22678e-01  7.22668e-01  7.17983e-01
 -7.09770e-01  6.96708e-01  6.76139e-01 -6.44880e-01  6.37079e-01
  6.19810e-01  6.14566e-01 -6.03800e-01  5.85325e-01  5.77659e-01
  5.69370e-01  5.69318e-01  5.64981e-01  5.26216e-01  5.25864e-01
  5.18606e-01  5.15624e-01 -5.02311e-01  4.99742e-01 -4.83151e-01
  4.82742e-01  4.76086e-01  4.72761e-01  4.67576e-01  4.61265e-01
  4.58450e-01  4.57291e-01 -4.51683e-01  4.50831e-01  4.48557e-01
  4.44520e-01  4.44449e-01  4.42304e-01  4.42002e-01  4.37366e-01
  4.36242e-01  4.31709e-01  4.31100e-01  4.27828e-01  4.27628e-01
  4.26628e-01  4.23348e-01  4.22879e-01  4.21091e-01  4.18368e-01
  4.18089e-01  4.17660e-01  4.17427e-01  4.15823e-01  4.15725e-01
  4.15497e-01  4.15290e-01  4.15109e-01  4.14570e-01  4.14407e-01
  4.14396e-01  4.14205e-01  4.13744e-01  4.13303e-01  4.12752e-01
  4.12163e-01  4.08627e-01  4.08573e-01  4.06243e-01  4.06163e-01
  4.04635e-01  4.04221e-01  4.00600e-01  4.00331e-01  3.98901e-01
  3.98245e-01  3.97768e-01  3.95742e-01  3.95184e-01  3.95089e-01
  3.93912e-01  3.93808e-01  3.86025e-01  3.74101e-01  3.71515e-01
  3.71345e-01  3.65601e-01  3.59192e-01  3.58933e-01 -3.58868e-01
  3.48510e-01  3.40312e-01  3.40252e-01  3.35874e-01  3.31677e-01
  3.28424e-01  3.21235e-01  3.20138e-01  3.12488e-01  3.12114e-01
  3.11390e-01  3.08458e-01  3.07653e-01  3.05342e-01  3.05256e-01
  2.92717e-01  2.91099e-01 -2.84070e-01  2.83937e-01  2.82892e-01
  2.81415e-01  2.54653e-01  2.44528e-01  2.44257e-01  2.44108e-01
 -2.43718e-01  2.40621e-01  2.39850e-01  2.37582e-01  2.32350e-01
  2.31260e-01  2.29126e-01  2.27318e-01  2.25842e-01  2.21243e-01
  2.17535e-01  2.13297e-01  2.08540e-01  1.94965e-01  1.92349e-01
 -1.89998e-01  1.79872e-01  1.77887e-01  1.70000e-01  1.65295e-01
  1.63720e-01  1.62623e-01 -1.58526e-01  1.53659e-01  1.29983e-01
  1.28317e-01 -1.26104e-01  1.09501e-01  1.07996e-01  9.92863e-02
  9.64440e-02  8.53094e-02  8.51607e-02  8.01974e-02  7.55491e-02
  6.84475e-02 -5.98778e-02 -5.38678e-02  4.94137e-02  3.45850e-02
 -2.15911e-02  1.45517e-02 -1.35293e-02  9.48688e-03 -8.04158e-03
  7.39342e-03 -6.86664e-03  5.58794e-03  5.52243e-03 -5.39352e-03
 -5.33805e-03 -4.88321e-03 -4.79751e-03  3.96359e-03  3.65609e-03
  3.64408e-03  2.48126e-03 -2.23855e-03 -1.94517e-03 -1.88540e-03
  1.59979e-03 -1.53941e-03  1.42762e-03  1.27054e-03 -1.13973e-03
 -1.10044e-03 -1.06825e-03  6.61246e-04  6.43563e-04 -3.74499e-04]

Rayleigh-Ritz ( 210  vec.,  with Left ) lifetime in ps:
 [ 1.61479e+03  1.51529e+03  6.04126e+02 -1.58872e+01  1.15965e+01
  9.67782e+00  9.16782e+00  8.82168e+00  8.74235e+00 -3.67828e+00
  2.38624e+00 -2.27581e+00 -1.52371e+00  1.37964e+00 -1.30472e+00
  1.27840e+00  1.14530e+00 -1.07837e+00  9.81029e-01  9.51011e-01
  8.92162e-01  8.29968e-01  8.09161e-01  7.70975e-01  7.48174e-01
  7.22811e-01  7.22789e-01 -6.99667e-01  6.12385e-01 -6.04263e-01
  5.90901e-01  5.84732e-01  5.79835e-01  5.72538e-01  5.66950e-01
  5.36063e-01  4.95836e-01  4.95683e-01  4.90243e-01  4.85069e-01
  4.84194e-01 -4.75788e-01  4.74775e-01  4.61141e-01  4.57437e-01
  4.45811e-01  4.44942e-01  4.43082e-01  4.42227e-01  4.41777e-01
  4.36514e-01  4.34749e-01  4.34502e-01  4.33191e-01  4.32107e-01
  4.29830e-01  4.29457e-01  4.28857e-01  4.28443e-01  4.28328e-01
  4.27132e-01  4.26864e-01  4.22866e-01  4.18632e-01  4.17731e-01
  4.17352e-01  4.17262e-01  4.16975e-01  4.16950e-01  4.15372e-01
  4.15368e-01  4.15217e-01  4.15215e-01  4.15202e-01  4.14897e-01
  4.13524e-01  4.12965e-01  4.11766e-01  4.09785e-01  4.08545e-01
 -4.06883e-01  4.06478e-01  4.05598e-01  4.04751e-01  4.04210e-01
  4.04143e-01  4.04112e-01  4.01598e-01  3.98895e-01  3.97366e-01
  3.96319e-01  3.91255e-01  3.86994e-01  3.83388e-01  3.80183e-01
  3.77531e-01  3.77368e-01  3.74704e-01  3.74378e-01  3.70584e-01
  3.69681e-01  3.62125e-01  3.56792e-01  3.56270e-01  3.55740e-01
  3.53401e-01  3.51525e-01  3.47290e-01  3.45111e-01  3.42544e-01
  3.40671e-01  3.40609e-01  3.38500e-01  3.35007e-01  3.32294e-01
  3.31998e-01  3.30323e-01  3.29552e-01  3.28792e-01  3.25640e-01
  3.18530e-01  3.17062e-01  3.16507e-01  3.14537e-01  3.08307e-01
  3.07733e-01  3.05000e-01  3.03382e-01  2.99332e-01  2.95571e-01
  2.93842e-01  2.93559e-01  2.92860e-01  2.85251e-01  2.84612e-01
  2.78748e-01  2.73379e-01  2.65906e-01  2.62479e-01  2.61158e-01
  2.58837e-01  2.50277e-01  2.40520e-01  2.40218e-01  2.37367e-01
  2.27326e-01  2.09183e-01 -2.07777e-01  1.99568e-01  1.82363e-01
  1.80576e-01  1.80346e-01  1.78654e-01  1.75439e-01  1.68483e-01
  1.64074e-01  1.62438e-01 -1.61729e-01  1.41240e-01  1.28930e-01
  1.28633e-01  1.28590e-01  1.28155e-01  1.20455e-01  1.20438e-01
  1.17785e-01  1.17721e-01  1.09231e-01  1.02948e-01  1.00296e-01
  9.79696e-02  9.45980e-02  9.00917e-02  7.65225e-02  6.88355e-02
 -6.65554e-02  5.57185e-02  5.47461e-02  4.43359e-02  4.40320e-02
  4.40315e-02  3.32231e-02  3.10089e-02 -3.05015e-02 -3.01225e-02
  2.61584e-02  2.40297e-02  2.39700e-02  2.18293e-02  1.98736e-02
  1.86675e-02  1.83856e-02  1.09204e-02 -1.06875e-02  1.00405e-02
 -9.36300e-03 -7.92114e-03 -7.43364e-03  6.91785e-03 -6.22187e-03
  5.64617e-03  5.59211e-03  5.29795e-03 -4.95779e-03  3.52045e-03
  3.22759e-03  2.91768e-03 -1.73262e-03  0.00000e+00  0.00000e+00]

Rayleigh-Ritz ( 280  vec.,   ) lifetime in ps:
 [ 1.15688e+03  1.07048e+03  6.18157e+02  1.21865e+01  1.20975e+01
  1.20955e+01  9.76354e+00  8.13678e+00  5.48603e+00  3.94305e+00
 -3.94206e+00  2.11882e+00 -2.03677e+00  1.79651e+00  1.39440e+00
  1.27829e+00  1.21120e+00  1.19808e+00  1.18455e+00  1.04556e+00
  9.55423e-01  9.12873e-01  8.47984e-01  8.18515e-01  7.91225e-01
  7.22783e-01  7.22730e-01  7.07479e-01  6.76205e-01  6.69975e-01
  6.22233e-01  6.17820e-01  6.02842e-01  5.98722e-01  5.91814e-01
  5.70360e-01  5.65001e-01  5.59980e-01  5.55906e-01  5.52343e-01
  5.49001e-01  5.36343e-01  5.28851e-01  5.27257e-01  5.23697e-01
  5.17860e-01  5.16268e-01  4.98636e-01  4.94616e-01  4.90191e-01
  4.74505e-01  4.74411e-01  4.65837e-01  4.60054e-01  4.58846e-01
 -4.57108e-01  4.52344e-01  4.51521e-01  4.43047e-01  4.40193e-01
  4.37275e-01  4.36686e-01  4.35532e-01  4.34752e-01  4.34404e-01
  4.33340e-01  4.33034e-01  4.32192e-01  4.31429e-01  4.31266e-01
  4.30696e-01  4.30429e-01  4.30148e-01  4.25870e-01  4.22741e-01
  4.21645e-01  4.17185e-01  4.17143e-01  4.16980e-01  4.16957e-01
  4.15343e-01  4.15309e-01  4.15303e-01  4.15247e-01  4.14090e-01
  4.13688e-01  4.13309e-01  4.13287e-01  4.13280e-01  4.13270e-01
  4.12832e-01  4.11748e-01  4.10691e-01  4.09738e-01  4.09336e-01
  4.07745e-01  4.07543e-01  4.07541e-01  4.07138e-01  4.06270e-01
  4.06069e-01  4.05177e-01  4.04463e-01  4.00715e-01  3.96452e-01
  3.96188e-01  3.96070e-01  3.95346e-01  3.93304e-01 -3.91886e-01
  3.91773e-01  3.90453e-01  3.85194e-01  3.75970e-01  3.75768e-01
  3.72171e-01  3.69394e-01  3.68504e-01  3.68065e-01 -3.64572e-01
  3.62143e-01  3.60963e-01  3.60442e-01  3.60325e-01  3.55042e-01
  3.52419e-01  3.52178e-01  3.50211e-01  3.50174e-01  3.47018e-01
  3.44505e-01  3.40220e-01  3.26118e-01  3.24838e-01 -3.21243e-01
 -3.10935e-01  3.10333e-01  3.00437e-01  2.99661e-01  2.95363e-01
  2.87502e-01  2.83013e-01  2.74061e-01  2.69923e-01  2.65332e-01
  2.65117e-01  2.56597e-01  2.53822e-01  2.53379e-01  2.48636e-01
 -2.45488e-01 -2.40158e-01  2.39555e-01  2.32327e-01  2.28133e-01
  2.27318e-01  2.24626e-01  2.23497e-01  2.22605e-01  2.21869e-01
  2.15276e-01  2.15122e-01  2.10812e-01  2.08217e-01  2.05640e-01
  1.97308e-01  1.88621e-01  1.85845e-01  1.81613e-01  1.81419e-01
  1.79115e-01  1.76172e-01 -1.60663e-01  1.48723e-01  1.47309e-01
  1.46360e-01  1.39609e-01  1.34272e-01  1.33920e-01  1.25998e-01
  1.24254e-01  1.23145e-01  1.22563e-01 -1.21584e-01 -1.12019e-01
  9.92444e-02  9.50816e-02 -9.47789e-02  8.53069e-02  8.39809e-02
  7.88035e-02  7.81564e-02  7.34733e-02 -7.13875e-02 -6.32665e-02
  5.06000e-02  4.99979e-02  4.76976e-02  4.56162e-02 -3.36938e-02
  3.33806e-02  2.67672e-02 -2.67319e-02  2.61689e-02 -2.14266e-02
 -2.06960e-02  2.03355e-02 -1.88787e-02  1.88693e-02  1.59002e-02
 -1.47971e-02  1.33004e-02 -1.29098e-02  1.17727e-02 -7.84375e-03
  7.41520e-03 -6.37172e-03  6.10009e-03 -6.02619e-03 -5.58818e-03
 -5.38866e-03  5.05909e-03 -5.00030e-03  4.98841e-03 -4.72497e-03
  4.54353e-03  4.52762e-03 -4.52043e-03  4.13936e-03  4.10376e-03
 -4.06759e-03 -3.85793e-03 -3.71801e-03 -3.61732e-03 -3.28047e-03
 -3.26394e-03 -3.26029e-03  3.19793e-03 -2.98459e-03 -2.92405e-03
  2.91354e-03  2.89819e-03  2.80472e-03  2.74641e-03  2.66747e-03
  2.57517e-03 -2.49912e-03  2.27924e-03  2.26205e-03  1.96713e-03
  1.95857e-03 -1.90710e-03  1.77671e-03 -1.74579e-03  1.58337e-03
 -1.56306e-03  1.54607e-03  1.54564e-03 -1.52942e-03 -1.47948e-03
 -1.47022e-03 -1.45733e-03 -1.39231e-03 -1.33266e-03 -1.30655e-03
 -1.26194e-03  1.12256e-03  9.92617e-04  9.16329e-04 -8.27547e-04
  8.14817e-04  7.69162e-04  7.44384e-04 -7.40143e-04  7.33005e-04
 -5.62877e-04  4.42076e-04 -3.20970e-04  3.19156e-04 -2.04746e-04]

Rayleigh-Ritz ( 280  vec.,  with Left ) lifetime in ps:
 [ 1.25092e+03  7.59760e+02  7.26336e+02  1.62408e+02 -1.00410e+01
  9.54418e+00  9.12951e+00  8.90215e+00  8.81334e+00  6.05888e+00
  2.32094e+00  2.25894e+00 -2.12994e+00  2.01479e+00 -1.82792e+00
 -1.81953e+00 -1.45824e+00 -1.34768e+00  1.31162e+00  1.27895e+00
  1.25220e+00  1.23325e+00  1.18881e+00 -1.17319e+00  1.17270e+00
  1.10565e+00 -1.07582e+00  1.06306e+00  1.02591e+00  1.01364e+00
  9.95182e-01  9.83243e-01  8.86623e-01  8.67751e-01  8.46707e-01
  8.08438e-01  7.92147e-01  7.22841e-01  7.22649e-01  7.08580e-01
  6.82990e-01  6.76958e-01 -6.63343e-01 -6.19187e-01  6.10914e-01
  5.68213e-01  5.64108e-01  5.62438e-01  5.62035e-01  5.48473e-01
 -5.30307e-01  5.28054e-01  5.22269e-01  5.15621e-01  4.94556e-01
 -4.88029e-01  4.81605e-01 -4.79112e-01  4.76830e-01  4.76117e-01
  4.53825e-01  4.52712e-01 -4.48002e-01  4.46160e-01  4.41088e-01
  4.38973e-01  4.38520e-01  4.37663e-01  4.37619e-01  4.35965e-01
  4.35083e-01  4.34603e-01  4.34164e-01  4.31427e-01  4.30383e-01
  4.29571e-01  4.28408e-01  4.28402e-01  4.25833e-01  4.25688e-01
  4.23028e-01  4.19269e-01  4.19156e-01  4.18840e-01  4.17188e-01
  4.16947e-01  4.16879e-01  4.16869e-01  4.16633e-01  4.15776e-01
  4.15471e-01  4.15291e-01  4.14984e-01  4.14887e-01  4.13301e-01
  4.13300e-01  4.12795e-01  4.11352e-01  4.09846e-01  4.07868e-01
  4.07448e-01  4.05322e-01  4.02160e-01  4.01691e-01  4.01283e-01
  3.84265e-01  3.84040e-01  3.83243e-01  3.78924e-01  3.75719e-01
  3.74608e-01  3.74333e-01  3.72881e-01  3.71742e-01  3.64048e-01
  3.63496e-01  3.57839e-01 -3.50970e-01  3.41204e-01  3.41086e-01
  3.31631e-01  3.26057e-01 -3.25982e-01 -3.20922e-01  3.17454e-01
  3.17363e-01  3.15791e-01  3.09971e-01  3.07693e-01  3.05870e-01
  3.02353e-01  3.00486e-01  2.94557e-01 -2.90808e-01  2.89550e-01
 -2.87799e-01 -2.83799e-01  2.82311e-01  2.81649e-01  2.81188e-01
  2.66841e-01  2.61887e-01  2.60952e-01  2.55824e-01  2.33403e-01
  2.31004e-01 -2.25142e-01  2.25050e-01 -2.23317e-01  2.14109e-01
  2.13258e-01  2.12245e-01  2.09645e-01  2.08158e-01  2.07420e-01
  2.00931e-01 -1.97266e-01 -1.92363e-01  1.86832e-01  1.84010e-01
  1.70920e-01  1.70301e-01 -1.70185e-01  1.62338e-01  1.61106e-01
 -1.58856e-01  1.52620e-01  1.50616e-01  1.48104e-01  1.38317e-01
  1.33899e-01  1.31456e-01  1.20412e-01  1.17013e-01  1.16065e-01
 -1.14603e-01 -1.13306e-01 -1.05904e-01  1.01233e-01  1.00437e-01
  9.90349e-02  9.82606e-02  9.78575e-02  8.30104e-02  8.16955e-02
  7.51619e-02  7.33603e-02  6.97712e-02 -6.85322e-02  6.83306e-02
  6.80340e-02  6.71617e-02 -6.43313e-02  4.85443e-02 -4.81441e-02
  4.28522e-02 -4.07229e-02 -3.59832e-02  3.34463e-02  3.13228e-02
  2.75305e-02 -2.70196e-02 -2.46458e-02  2.31413e-02 -2.29844e-02
  2.17655e-02 -1.80695e-02 -1.69352e-02 -1.66415e-02  1.62307e-02
 -1.61393e-02 -1.42756e-02 -1.42528e-02  1.37331e-02  1.29215e-02
 -1.28257e-02 -1.26074e-02 -1.24180e-02 -1.20867e-02  1.13867e-02
  1.13566e-02  1.12211e-02  1.11269e-02 -1.03208e-02  1.02113e-02
  1.02035e-02  9.92783e-03 -9.74595e-03  8.98282e-03  8.77709e-03
  8.75384e-03  8.17068e-03 -8.13562e-03 -7.39059e-03  7.26989e-03
 -7.23201e-03 -7.13885e-03 -6.72566e-03  6.55168e-03  6.48148e-03
  6.36100e-03  6.21429e-03 -6.18781e-03  6.18444e-03 -5.99646e-03
  5.74166e-03 -5.52277e-03 -5.32890e-03 -5.00083e-03 -4.76231e-03
  4.71932e-03  4.65584e-03  4.64678e-03  4.53187e-03  4.36463e-03
  3.99244e-03 -3.99158e-03 -3.98237e-03  3.62547e-03 -3.59022e-03
  3.41591e-03  3.39443e-03 -3.26628e-03 -3.09948e-03  3.03185e-03
 -2.99894e-03 -2.85145e-03  2.74136e-03 -2.57841e-03  4.68080e-04
  0.00000e+00  0.00000e+00  0.00000e+00  0.00000e+00  0.00000e+00
  0.00000e+00  0.00000e+00  0.00000e+00  0.00000e+00  0.00000e+00]

Rayleigh-Ritz ( 343  vec.,   ) lifetime in ps:
 [ 1.21905e+03  8.87565e+02  6.81960e+02 -8.79061e+01  2.58121e+01
  2.14612e+01  1.22379e+01  1.20375e+01  9.76908e+00  8.86213e+00
 -6.17273e+00 -6.05164e+00 -5.33607e+00 -4.57397e+00  4.02749e+00
  3.34125e+00  2.86462e+00  2.78598e+00 -2.66509e+00  2.59117e+00
  1.92025e+00  1.29017e+00  1.18978e+00  1.14396e+00  1.03464e+00
  9.63421e-01 -9.11970e-01  9.09677e-01 -9.06308e-01  8.26595e-01
  8.05118e-01 -7.93746e-01 -7.55925e-01  7.42733e-01  7.41253e-01
 -7.36919e-01  7.22613e-01  7.22386e-01  7.02303e-01  6.91058e-01
  6.40599e-01  6.06451e-01  5.93013e-01  5.92640e-01  5.90853e-01
  5.69672e-01  5.69393e-01  5.62324e-01 -5.48991e-01  5.39806e-01
 -5.38790e-01 -5.12095e-01 -5.11240e-01  4.99654e-01  4.84413e-01
  4.60187e-01  4.56935e-01  4.40221e-01  4.36162e-01  4.33868e-01
  4.33687e-01  4.33398e-01  4.33318e-01  4.33246e-01  4.33065e-01
  4.32539e-01  4.32461e-01  4.31525e-01  4.31001e-01  4.30718e-01
  4.29417e-01  4.29313e-01  4.28985e-01  4.26891e-01  4.26792e-01
  4.25428e-01  4.24103e-01  4.17173e-01  4.16942e-01  4.16034e-01
  4.15951e-01  4.15441e-01  4.15333e-01  4.15301e-01  4.14917e-01
  4.14860e-01  4.14282e-01  4.13943e-01  4.13634e-01  4.13380e-01
  4.13314e-01  4.13309e-01  4.13283e-01  4.12965e-01  4.12827e-01
  4.12242e-01  4.09988e-01  4.09867e-01  4.09844e-01  4.09638e-01
  4.09571e-01  4.09126e-01  4.09090e-01  4.08646e-01  4.08561e-01
  4.07535e-01  4.06499e-01  4.05488e-01  4.04251e-01  4.03784e-01
  4.03241e-01  4.02375e-01  4.02338e-01  3.97497e-01 -3.94910e-01
 -3.94324e-01  3.88890e-01  3.84128e-01  3.80949e-01  3.78314e-01
  3.76212e-01  3.76210e-01  3.68567e-01  3.65021e-01  3.62145e-01
  3.61305e-01  3.57358e-01  3.54314e-01  3.51681e-01  3.51047e-01
  3.49090e-01  3.48417e-01  3.47879e-01  3.46263e-01  3.43112e-01
  3.41486e-01  3.40369e-01  3.37256e-01  3.35705e-01  3.30589e-01
  3.27854e-01  3.27322e-01  3.26031e-01  3.18172e-01  3.16665e-01
  3.14913e-01 -3.08051e-01  3.04900e-01  3.02723e-01  3.02055e-01
  3.00411e-01  3.00389e-01  2.91957e-01  2.90885e-01  2.89230e-01
  2.84746e-01  2.82009e-01  2.80287e-01  2.78921e-01  2.73476e-01
  2.69532e-01 -2.68013e-01  2.63491e-01  2.62657e-01  2.58974e-01
  2.56916e-01  2.44670e-01  2.38927e-01  2.36212e-01  2.31300e-01
  2.30542e-01  2.29935e-01  2.20532e-01  2.07854e-01  1.96561e-01
 -1.94086e-01  1.92780e-01  1.87902e-01  1.85377e-01  1.65024e-01
  1.58142e-01  1.49980e-01 -1.49677e-01  1.49173e-01  1.47991e-01
  1.46733e-01  1.46044e-01 -1.44241e-01  1.43672e-01  1.38078e-01
  1.38070e-01  1.33564e-01  1.32876e-01  1.30795e-01  1.24613e-01
  1.14689e-01  1.12690e-01 -1.05754e-01 -1.03803e-01  8.20231e-02
  8.10786e-02 -7.67083e-02 -7.66455e-02 -7.63180e-02  7.22978e-02
  7.08677e-02  6.20314e-02  5.51681e-02  5.21013e-02 -4.93634e-02
 -4.76274e-02 -4.42011e-02 -4.33364e-02  4.09948e-02  3.99057e-02
  3.80060e-02 -3.54781e-02  3.42315e-02 -3.37612e-02  3.12471e-02
  3.06287e-02 -2.80895e-02  2.79032e-02  2.76040e-02  2.71795e-02
  2.38010e-02  2.29183e-02  2.01219e-02 -1.94229e-02 -1.55113e-02
 -1.48171e-02  1.44286e-02 -1.38605e-02 -1.29587e-02  1.26297e-02
 -1.24716e-02  1.20576e-02  1.17807e-02  1.08359e-02 -1.07857e-02
 -1.07314e-02  1.06924e-02  1.05519e-02 -9.75771e-03 -9.41443e-03
 -7.92824e-03 -7.90375e-03 -7.84633e-03  7.82121e-03  7.81926e-03
  7.79406e-03  7.74481e-03  7.72444e-03  7.45564e-03  7.23231e-03
  6.91550e-03 -6.34365e-03  6.31552e-03 -6.30244e-03 -6.26800e-03
 -6.17389e-03 -6.12548e-03 -6.08910e-03  5.52941e-03 -4.96604e-03
  4.84649e-03 -4.62679e-03  4.61277e-03 -4.39702e-03  4.38212e-03
 -4.32978e-03  4.28379e-03 -4.20941e-03  4.09820e-03  3.98053e-03
  3.96286e-03  3.93347e-03  3.87763e-03 -3.71341e-03 -3.71305e-03
  3.64548e-03 -3.56710e-03 -3.45472e-03 -3.40027e-03  3.28484e-03
 -3.24662e-03 -3.24165e-03 -3.22607e-03 -3.13781e-03 -3.10460e-03
  3.06637e-03 -3.01244e-03 -2.97858e-03  2.89546e-03 -2.86992e-03
 -2.81833e-03 -2.80919e-03  2.73581e-03  2.63609e-03 -2.57126e-03
 -2.53563e-03  2.47787e-03  2.29553e-03 -2.28559e-03  2.27071e-03
 -2.25361e-03  2.03004e-03 -1.99746e-03  1.84185e-03 -1.54662e-03
  1.52883e-03 -1.46411e-03 -1.44593e-03  1.40399e-03  1.38336e-03
 -1.31959e-03 -1.25610e-03  1.20403e-03  1.16087e-03 -1.10981e-03
 -1.01788e-03  9.86962e-04  9.66375e-04  9.53133e-04  9.51033e-04
  9.49856e-04 -9.22094e-04  8.86312e-04 -8.79273e-04  6.60206e-04
 -6.50015e-04  6.19800e-04 -5.97661e-04  5.87283e-04 -5.51042e-04
  5.43834e-04 -4.45770e-04 -4.13575e-04  4.05924e-04  3.93234e-04
 -3.33423e-04 -2.35783e-04 -3.64704e-05]

Rayleigh-Ritz ( 343  vec.,  with Left ) lifetime in ps:
 [ 1.35428e+03  1.19906e+03  8.01001e+02  9.56716e+00  8.87637e+00
  8.83802e+00  8.81009e+00  4.82162e+00  4.71853e+00 -4.70669e+00
 -4.58772e+00  3.68980e+00 -3.60257e+00 -2.62270e+00 -2.32132e+00
  2.11852e+00 -1.84734e+00  1.72974e+00 -1.65329e+00  1.63844e+00
  1.51884e+00  1.13931e+00  1.05929e+00  1.05888e+00  1.04367e+00
  9.58329e-01  9.57836e-01  9.34278e-01 -8.54021e-01  8.14279e-01
  7.60857e-01  7.27245e-01  7.22745e-01  7.22692e-01 -7.03596e-01
  6.96906e-01  6.21978e-01  6.00326e-01  5.22374e-01  4.97277e-01
  4.95117e-01  4.88782e-01  4.71531e-01  4.68209e-01  4.64662e-01
  4.62388e-01  4.58960e-01  4.56757e-01  4.54639e-01  4.45533e-01
  4.35588e-01  4.35080e-01  4.33471e-01  4.33369e-01  4.33365e-01
  4.33320e-01  4.33229e-01  4.33200e-01  4.32337e-01  4.31284e-01
  4.31200e-01  4.28397e-01  4.27430e-01  4.23177e-01  4.17390e-01
  4.16538e-01  4.15666e-01  4.15361e-01  4.15331e-01  4.15217e-01
  4.13765e-01  4.13324e-01  4.13293e-01  4.13278e-01  4.13216e-01
  4.12937e-01  4.11118e-01  4.10943e-01  4.10168e-01  4.09916e-01
  4.09771e-01  4.09171e-01  4.09084e-01  4.08339e-01  4.05555e-01
  4.05161e-01  4.01345e-01  3.97623e-01  3.96205e-01  3.95270e-01
  3.93366e-01  3.92321e-01  3.91173e-01  3.88021e-01  3.86932e-01
  3.86233e-01  3.84716e-01  3.82722e-01  3.81661e-01  3.69458e-01
  3.68225e-01  3.65654e-01  3.64572e-01  3.63756e-01  3.56896e-01
  3.54237e-01  3.53661e-01  3.50525e-01  3.43293e-01  3.42451e-01
  3.40284e-01 -3.35918e-01  3.35277e-01  3.35051e-01  3.27243e-01
  3.25091e-01  3.24186e-01 -3.16962e-01  3.15317e-01  3.13682e-01
  3.13648e-01  3.12391e-01  3.08054e-01  3.04811e-01  3.04102e-01
  3.03870e-01  3.00338e-01  2.99080e-01  2.97090e-01  2.96991e-01
  2.96208e-01  2.91267e-01  2.91148e-01  2.83077e-01  2.81926e-01
  2.65296e-01  2.63511e-01  2.63373e-01  2.62388e-01  2.59270e-01
  2.59024e-01  2.58597e-01  2.57505e-01  2.57086e-01  2.57009e-01
  2.53229e-01  2.45467e-01  2.38883e-01  2.38716e-01  2.32760e-01
  2.25854e-01  2.25312e-01  2.24516e-01  2.21350e-01  2.17089e-01
  2.15593e-01  2.06318e-01  2.04538e-01 -2.04049e-01  2.03990e-01
  2.01753e-01  1.98685e-01  1.98189e-01  1.86977e-01 -1.81836e-01
  1.79841e-01  1.68406e-01  1.57887e-01  1.56703e-01  1.53597e-01
  1.40416e-01  1.34936e-01  1.32757e-01  1.28714e-01  1.21484e-01
  1.16328e-01 -1.06884e-01  9.90842e-02  9.81608e-02  9.79559e-02
  9.49323e-02 -9.25947e-02  9.16965e-02 -8.60309e-02  7.46939e-02
  7.42636e-02  7.21310e-02  6.97480e-02 -6.91643e-02  6.85785e-02
  6.27342e-02 -6.07894e-02 -5.83989e-02 -5.79657e-02 -5.70152e-02
 -5.59463e-02 -4.32230e-02  4.10167e-02  3.85236e-02  3.83629e-02
 -3.70637e-02  3.43134e-02  3.26667e-02  3.25288e-02 -2.74811e-02
 -2.66702e-02 -2.49169e-02  2.44910e-02  2.44496e-02 -2.44125e-02
  2.34175e-02  2.25262e-02  1.95766e-02  1.92488e-02 -1.90660e-02
 -1.74463e-02  1.62821e-02  1.58169e-02 -1.56247e-02 -1.45989e-02
  1.44058e-02  1.41913e-02 -1.40777e-02 -1.38921e-02 -1.36509e-02
  1.32310e-02 -1.30832e-02  1.28589e-02  1.24044e-02  1.18711e-02
 -1.15421e-02 -1.13627e-02 -1.12729e-02 -1.10502e-02 -1.08468e-02
  1.06430e-02 -1.06142e-02 -1.05781e-02 -1.05294e-02  1.04701e-02
  1.03758e-02 -9.99871e-03  9.96927e-03 -9.93375e-03  9.88543e-03
  9.80932e-03  9.49159e-03  9.43503e-03  9.19763e-03 -8.79232e-03
 -8.68083e-03  8.59040e-03 -8.36346e-03 -8.09026e-03  7.88629e-03
 -7.55963e-03 -7.41446e-03  7.38455e-03 -7.35191e-03 -6.96789e-03
 -6.94488e-03  6.80115e-03  6.50103e-03 -6.45510e-03  6.41665e-03
 -6.36998e-03 -6.29740e-03 -6.22251e-03 -6.15922e-03  5.92322e-03
 -5.88833e-03  5.78668e-03  5.63601e-03  5.51473e-03 -5.34423e-03
  5.29596e-03 -5.22763e-03 -5.20115e-03  4.97070e-03  4.87843e-03
  4.85383e-03  4.77664e-03 -4.77574e-03 -4.72452e-03 -4.66686e-03
  4.62226e-03  4.47805e-03 -4.43527e-03  4.30395e-03 -4.29807e-03
  4.08616e-03  4.06276e-03  4.04604e-03  3.92896e-03  3.86738e-03
 -3.86309e-03  3.83914e-03 -3.56923e-03  3.54756e-03 -3.48518e-03
  3.40990e-03  3.38496e-03 -3.34714e-03 -3.34689e-03  3.24958e-03
  2.98167e-03  2.86951e-03 -2.53088e-03  2.20622e-03  2.15637e-03
  2.11412e-03 -2.04635e-03  1.94010e-03  1.69903e-03 -1.57465e-03
 -1.55162e-03 -1.50316e-03  1.44411e-03  1.43892e-03  1.42754e-03
 -1.41144e-03 -1.12419e-03 -9.22018e-04 -6.40287e-04 -5.79501e-04
  0.00000e+00  0.00000e+00  0.00000e+00  0.00000e+00  0.00000e+00
  0.00000e+00  0.00000e+00  0.00000e+00  0.00000e+00  0.00000e+00
  0.00000e+00  0.00000e+00  0.00000e+00  0.00000e+00  0.00000e+00
  0.00000e+00  0.00000e+00  0.00000e+00]

Rayleigh-Ritz ( 350  vec.,   ) lifetime in ps:
 [ 1.04847e+03  1.03258e+03  6.02169e+02  1.31765e+01  1.24910e+01
  1.17865e+01  9.75721e+00 -7.23046e+00  5.63196e+00 -4.51671e+00
 -4.45103e+00  4.06459e+00  3.72842e+00  3.58414e+00 -3.43022e+00
  3.05252e+00 -2.23954e+00  1.98829e+00 -1.66376e+00  1.40974e+00
 -1.29777e+00  1.23882e+00  1.19953e+00  1.19533e+00  1.17500e+00
  1.11482e+00  1.06452e+00 -1.05940e+00  1.01924e+00  9.70913e-01
 -9.20732e-01  8.75997e-01  7.66773e-01  7.22682e-01  7.22616e-01
  7.18344e-01  6.93479e-01  6.60551e-01 -6.47399e-01  6.41202e-01
  6.24060e-01  6.08937e-01  6.06256e-01  5.96604e-01  5.85882e-01
  5.70477e-01  5.67748e-01  5.67006e-01  5.60087e-01  5.57049e-01
  5.50371e-01  5.49087e-01  5.38157e-01  5.33971e-01  5.21474e-01
  5.17105e-01  5.10864e-01  5.10111e-01  5.05097e-01  4.97657e-01
  4.90411e-01  4.77240e-01  4.61708e-01  4.51529e-01  4.50384e-01
  4.49222e-01  4.48012e-01  4.44893e-01  4.37675e-01  4.36881e-01
  4.36280e-01  4.33873e-01  4.33551e-01  4.33167e-01  4.33039e-01
  4.32777e-01  4.32583e-01  4.32567e-01  4.32417e-01  4.31017e-01
  4.30108e-01  4.29772e-01  4.20087e-01  4.17175e-01  4.16698e-01
  4.15617e-01  4.15440e-01  4.15382e-01  4.15374e-01  4.15301e-01
  4.14378e-01  4.14113e-01  4.13512e-01  4.13490e-01  4.13323e-01
  4.13312e-01  4.13281e-01  4.12955e-01  4.10691e-01  4.10180e-01
  4.10062e-01  4.09680e-01  4.09451e-01  4.09195e-01  4.08770e-01
  4.08394e-01  4.07902e-01  4.06951e-01  4.06083e-01  4.05277e-01
  4.04972e-01  4.04726e-01  4.04541e-01  4.02484e-01  4.02362e-01
  4.00983e-01  3.98889e-01  3.98507e-01  3.93889e-01  3.92757e-01
  3.86923e-01  3.86694e-01  3.85685e-01  3.82988e-01  3.71054e-01
  3.70501e-01  3.69258e-01  3.68387e-01 -3.67241e-01  3.63635e-01
  3.57228e-01  3.56731e-01  3.54037e-01  3.49683e-01  3.48326e-01
  3.45397e-01  3.43878e-01  3.41919e-01  3.32753e-01  3.24494e-01
  3.20937e-01  3.20726e-01  3.20402e-01  3.10182e-01  3.08028e-01
  2.96519e-01  2.92590e-01  2.90806e-01  2.86924e-01  2.82701e-01
  2.79004e-01  2.78947e-01  2.78267e-01  2.75519e-01  2.70991e-01
  2.63626e-01  2.56240e-01  2.53907e-01  2.53423e-01  2.41004e-01
  2.40786e-01 -2.33082e-01  2.30199e-01  2.29149e-01  2.28407e-01
  2.15509e-01  2.11164e-01  2.05242e-01  2.04090e-01  2.01511e-01
 -1.93202e-01  1.93108e-01  1.90835e-01  1.85137e-01 -1.80332e-01
  1.79214e-01  1.77784e-01  1.69889e-01  1.67890e-01  1.67197e-01
  1.63055e-01  1.58137e-01  1.51409e-01  1.49579e-01  1.47151e-01
  1.46029e-01  1.37808e-01  1.36801e-01 -1.34210e-01  1.25992e-01
  1.25926e-01  1.20478e-01 -1.14980e-01  1.10782e-01 -1.09984e-01
  1.08105e-01  1.06429e-01 -1.04386e-01  1.02705e-01  9.95958e-02
  9.89359e-02 -9.70610e-02  8.36605e-02 -8.29096e-02 -7.21670e-02
  6.77642e-02  6.55281e-02  6.48159e-02 -5.58913e-02  5.15795e-02
  5.00336e-02  4.89766e-02  4.82580e-02  4.72768e-02  4.48391e-02
  4.20852e-02 -4.11025e-02 -3.76410e-02  3.67957e-02  3.47843e-02
  3.32174e-02  3.15485e-02  2.90848e-02 -2.88714e-02 -2.55641e-02
  2.50038e-02  2.40553e-02 -2.39669e-02  2.28106e-02  2.24598e-02
 -2.13783e-02  2.13624e-02  2.10095e-02  1.94123e-02 -1.92477e-02
 -1.90160e-02  1.78105e-02 -1.68815e-02 -1.63631e-02  1.58000e-02
 -1.53056e-02  1.35184e-02  1.34966e-02 -1.25040e-02  1.24560e-02
 -1.23843e-02 -1.23325e-02 -1.23014e-02  1.17584e-02  1.14511e-02
 -1.09807e-02 -1.08805e-02  1.08561e-02  1.06664e-02  1.00378e-02
  9.78887e-03 -9.60341e-03  9.53562e-03 -9.30850e-03 -8.52101e-03
  8.44979e-03 -8.25669e-03  8.23110e-03 -7.89010e-03  7.80803e-03
 -7.78654e-03  7.32876e-03 -7.17663e-03 -7.10308e-03  6.85549e-03
  6.85540e-03  6.51593e-03 -6.49105e-03  6.36033e-03 -6.32203e-03
  6.18650e-03  6.12232e-03  6.08545e-03 -5.92443e-03 -5.86455e-03
 -5.77831e-03 -5.31183e-03 -5.29061e-03  5.16698e-03 -5.14281e-03
  4.94591e-03  4.63452e-03 -4.51375e-03  4.50593e-03  4.48043e-03
  4.23569e-03 -4.10902e-03 -4.06054e-03  3.84587e-03  3.84185e-03
 -3.73612e-03  3.33821e-03 -3.33133e-03 -3.32503e-03  2.97149e-03
  2.93973e-03 -2.72564e-03 -2.59271e-03  2.30544e-03 -2.23948e-03
  2.14648e-03 -2.04204e-03  1.94097e-03  1.93197e-03  1.85033e-03
  1.72859e-03 -1.67740e-03  1.60974e-03 -1.58182e-03  1.49467e-03
 -1.49010e-03  1.48800e-03 -1.47906e-03  1.45009e-03  1.40518e-03
  1.40217e-03 -1.37462e-03 -1.34041e-03 -1.27379e-03 -1.24569e-03
 -1.21510e-03  1.08778e-03  1.08533e-03 -1.08264e-03  1.02688e-03
 -9.76998e-04 -8.88497e-04 -8.61152e-04  8.36459e-04  8.25056e-04
 -8.21039e-04  8.10837e-04  8.01458e-04 -7.68141e-04 -7.57768e-04
  5.89867e-04  5.19177e-04  4.97531e-04 -4.79355e-04 -3.91855e-04
 -3.16893e-04  3.14123e-04 -2.19211e-04 -1.22937e-04  9.29448e-05]

Rayleigh-Ritz ( 350  vec.,  with Left ) lifetime in ps:
 [ 1.35533e+03  1.24577e+03  7.83156e+02  5.62571e+01  1.11971e+01
  9.54744e+00  8.91215e+00  8.86117e+00  8.84761e+00  5.62206e+00
  5.22702e+00  4.15700e+00 -3.38155e+00 -2.58990e+00  2.38248e+00
  2.27238e+00 -1.93555e+00 -1.32938e+00  1.20007e+00  1.14752e+00
  1.13763e+00  1.04709e+00  1.02405e+00  1.00849e+00  9.85349e-01
  9.36033e-01  9.26270e-01  9.23594e-01  9.17086e-01 -8.85329e-01
  8.67735e-01  7.97141e-01 -7.93068e-01  7.68449e-01  7.37701e-01
  7.24134e-01  7.22774e-01  7.22741e-01  6.96117e-01 -6.91554e-01
  6.72983e-01  6.66010e-01 -6.46688e-01  6.41299e-01 -6.30363e-01
  6.27353e-01 -6.09321e-01  5.96323e-01  5.70072e-01  5.67096e-01
  5.65908e-01  5.65657e-01  5.62669e-01  5.52302e-01  5.51679e-01
  5.30891e-01  5.24760e-01  5.23694e-01  5.20654e-01  5.15977e-01
  5.14940e-01  5.14608e-01  5.10431e-01  5.07189e-01  4.84114e-01
 -4.80149e-01  4.78475e-01  4.75290e-01  4.71886e-01  4.71074e-01
  4.52883e-01  4.45546e-01  4.43015e-01  4.41509e-01  4.36802e-01
  4.33922e-01  4.33625e-01  4.33449e-01  4.33436e-01  4.33254e-01
  4.33239e-01  4.32560e-01  4.31962e-01  4.31278e-01  4.31178e-01
  4.26955e-01  4.21431e-01  4.20359e-01  4.19082e-01  4.17780e-01
  4.17468e-01  4.17370e-01  4.15500e-01  4.15330e-01  4.15210e-01
  4.14064e-01  4.13597e-01 -4.13308e-01  4.13304e-01  4.13258e-01
  4.13156e-01  4.12182e-01  4.12089e-01  4.12053e-01  4.11011e-01
  4.10144e-01  4.10093e-01  4.09734e-01  4.09292e-01  4.09212e-01
  4.06754e-01 -4.05893e-01  4.05213e-01  4.04997e-01  4.04019e-01
  4.00833e-01  3.99867e-01  3.97922e-01  3.95064e-01  3.92552e-01
  3.90875e-01  3.89443e-01  3.86551e-01  3.81860e-01  3.70786e-01
  3.69960e-01  3.67818e-01  3.65613e-01  3.63634e-01  3.54514e-01
  3.52221e-01  3.46867e-01  3.46377e-01  3.42300e-01  3.41888e-01
  3.36532e-01 -3.32999e-01  3.32449e-01  3.25967e-01  3.24460e-01
  3.22816e-01  3.14850e-01  3.11988e-01  3.07349e-01  3.04037e-01
  3.02908e-01  3.00497e-01  2.99527e-01  2.99441e-01  2.93258e-01
  2.79510e-01  2.76738e-01  2.73079e-01  2.71519e-01  2.67531e-01
  2.61880e-01  2.59236e-01  2.49966e-01 -2.47108e-01  2.46358e-01
  2.45540e-01  2.39107e-01  2.37384e-01  2.32415e-01  2.25976e-01
  2.12844e-01 -2.11800e-01  2.11364e-01 -2.09982e-01  2.09980e-01
  2.05073e-01  2.00377e-01  1.99452e-01 -1.97685e-01  1.94781e-01
  1.92926e-01  1.92479e-01  1.91604e-01  1.85935e-01 -1.82364e-01
  1.46653e-01  1.43931e-01 -1.35045e-01  1.25307e-01 -1.25197e-01
 -1.21912e-01  1.20579e-01 -1.13972e-01  1.03887e-01  1.03757e-01
  1.00878e-01  9.85634e-02  9.79892e-02  8.86431e-02 -8.56264e-02
  8.48609e-02  8.31922e-02 -7.75397e-02  7.60457e-02  7.42967e-02
  7.29222e-02  6.88532e-02  6.88385e-02 -6.76936e-02 -5.54440e-02
 -4.87766e-02 -4.68451e-02  4.21171e-02  4.09096e-02 -3.60952e-02
  3.21782e-02  2.85576e-02 -2.79456e-02 -2.71731e-02 -2.39943e-02
  2.39592e-02  2.29569e-02 -2.28233e-02  2.22611e-02  2.19215e-02
 -2.17974e-02  2.17545e-02  2.08513e-02  1.97731e-02 -1.97297e-02
 -1.88547e-02  1.87143e-02 -1.82117e-02 -1.72409e-02 -1.72027e-02
 -1.69232e-02  1.60457e-02  1.58299e-02 -1.57654e-02  1.50921e-02
  1.50090e-02  1.49624e-02 -1.42167e-02 -1.32556e-02 -1.25651e-02
  1.21165e-02 -1.11742e-02 -1.05037e-02  1.04702e-02  1.04129e-02
  1.00564e-02 -9.50916e-03  9.30975e-03  8.93369e-03 -8.86406e-03
 -8.83530e-03  8.64072e-03  8.57610e-03  8.52575e-03 -8.34764e-03
 -8.20339e-03 -8.19571e-03 -8.05356e-03  7.91562e-03 -7.87240e-03
  7.84254e-03 -7.60203e-03 -7.58028e-03 -7.43439e-03 -7.41201e-03
  7.31468e-03 -7.28238e-03  7.26289e-03 -6.99780e-03  6.98834e-03
  6.81014e-03  6.71344e-03 -6.68652e-03  6.56918e-03  6.52177e-03
 -6.43805e-03  6.42988e-03  6.38231e-03 -6.24508e-03  6.01377e-03
  5.92111e-03  5.90602e-03 -5.65217e-03 -5.63364e-03 -5.58761e-03
 -5.45679e-03  5.36014e-03 -5.33221e-03  5.30209e-03 -5.29818e-03
 -5.22222e-03 -5.18343e-03 -5.02402e-03  4.92841e-03 -4.63066e-03
  4.52817e-03 -4.52163e-03 -4.51783e-03  4.42286e-03  4.39514e-03
  4.29653e-03  4.24866e-03  4.03544e-03 -3.95704e-03  3.86256e-03
 -3.75019e-03 -3.69470e-03 -3.55859e-03  3.35082e-03 -3.12345e-03
 -2.88764e-03 -2.73152e-03 -2.59242e-03 -2.51441e-03  2.47232e-03
  2.06508e-03  1.78455e-03  1.46821e-03  8.20956e-04 -7.76071e-04
  0.00000e+00  0.00000e+00  0.00000e+00  0.00000e+00  0.00000e+00
  0.00000e+00  0.00000e+00  0.00000e+00  0.00000e+00  0.00000e+00
  0.00000e+00  0.00000e+00  0.00000e+00  0.00000e+00  0.00000e+00
  0.00000e+00  0.00000e+00  0.00000e+00  0.00000e+00  0.00000e+00
  0.00000e+00  0.00000e+00  0.00000e+00  0.00000e+00  0.00000e+00
  0.00000e+00  0.00000e+00  0.00000e+00  0.00000e+00  0.00000e+00]


time for Rayleigh-Ritz lifetime:  78.06585828214884

##################################################
lifetime analysis for gr-bn:
##################################################

##################################################
solving spin diffusion length
##################################################

--------------------------------------------------
solving -L^(-1) Lv x = x lambda^(-1)
--------------------------------------------------

--------------------------------------------------
carrier transport from linearized DMME
--------------------------------------------------
conductivity in S =  0.010736856226413263
mobility (n=|ne-nh|) in cm^2/V/s =  67874.67291632197
mobility (n=ne+nh) in cm^2/V/s =  67322.09238816198
effective lifetime in ps:  0.8111535051368203
spin diffusion length using pinv of L in micro-meter:
 [-87.59945 -87.53836  47.97719 -42.85901 -40.65332 -37.75568  37.24034
  33.05149 -28.04095 -28.04095  28.04095  28.04095  27.46045 -19.76011
  19.76011  -4.52107  -3.30426   1.9553   -1.9553    1.95164]
precession freq. in au:
 [ 9.92767e-02 -9.92767e-02 -6.05018e+00  3.29161e+00 -1.70035e+01
 -3.29161e+00  6.05017e+00  3.70901e+00  2.40160e-06 -2.40160e-06
  2.40163e-06 -2.40163e-06 -3.70901e+00 -1.66879e-17  1.78710e-17
  1.70034e+01 -2.22737e+01 -3.48295e-18  3.68427e-18  2.44595e-06]
short diffusion length using pinv of L in micro-meter:
 [-9.77702e-07  9.29280e-07  8.95817e-07  8.70917e-07  8.59209e-07
  8.17232e-07  7.98149e-07 -7.95800e-07 -7.87309e-07  7.76808e-07
 -7.08198e-07 -6.90297e-07  6.66647e-07 -6.14006e-07  6.05177e-07
 -5.71707e-07  4.44331e-07  4.40126e-07 -3.81802e-07 -3.30492e-07]

time for solving diffusion lengths via lin. alg.:  11.885917680338025

Analyse decay mode:

The 4 observables and perturbations are:
n, sx, sy, sz
ob. proj. to VR = 
 [[ 0.00000e+00+0.00000e+00j  0.00000e+00+0.00000e+00j
   3.24509e-05+7.11803e-04j  0.00000e+00+0.00000e+00j
   1.57824e-02+3.46228e-01j  0.00000e+00+0.00000e+00j
   1.73533e-03-7.90909e-05j  0.00000e+00+0.00000e+00j]
 [ 0.00000e+00+0.00000e+00j  0.00000e+00+0.00000e+00j
   3.24509e-05-7.11803e-04j  0.00000e+00+0.00000e+00j
   1.57824e-02-3.46228e-01j  0.00000e+00+0.00000e+00j
   1.73533e-03+7.90909e-05j  0.00000e+00+0.00000e+00j]
 [ 0.00000e+00+0.00000e+00j  0.00000e+00+0.00000e+00j
  -9.88104e-07+7.60960e-04j  0.00000e+00+0.00000e+00j
   3.91541e-06-3.01486e-03j  0.00000e+00+0.00000e+00j
   8.65377e-04+1.14249e-06j  0.00000e+00+0.00000e+00j]
 [ 0.00000e+00+0.00000e+00j  0.00000e+00+0.00000e+00j
   0.00000e+00+0.00000e+00j  0.00000e+00+0.00000e+00j
   1.40461e-05+4.49787e-03j  0.00000e+00+0.00000e+00j
   8.08140e-04-2.51580e-06j  0.00000e+00+0.00000e+00j]
 [ 0.00000e+00+0.00000e+00j  0.00000e+00+0.00000e+00j
  -1.11122e-07+2.21438e-04j  0.00000e+00+0.00000e+00j
  -3.63042e-07+8.28737e-04j  0.00000e+00+0.00000e+00j
  -3.94806e-04-1.60406e-07j  0.00000e+00+0.00000e+00j]
 [ 0.00000e+00+0.00000e+00j  0.00000e+00+0.00000e+00j
   0.00000e+00+0.00000e+00j  0.00000e+00+0.00000e+00j
   1.40434e-05-4.49785e-03j  0.00000e+00+0.00000e+00j
   8.08140e-04+2.51493e-06j  0.00000e+00+0.00000e+00j]
 [ 0.00000e+00+0.00000e+00j  0.00000e+00+0.00000e+00j
  -9.89586e-07-7.60979e-04j  0.00000e+00+0.00000e+00j
   3.92604e-06+3.01483e-03j  0.00000e+00+0.00000e+00j
   8.65322e-04-1.14774e-06j  0.00000e+00+0.00000e+00j]
 [ 0.00000e+00+0.00000e+00j  0.00000e+00+0.00000e+00j
   0.00000e+00+0.00000e+00j  0.00000e+00+0.00000e+00j
  -1.32527e-06-5.46068e-04j  0.00000e+00+0.00000e+00j
  -1.93158e-04+4.70273e-07j  0.00000e+00+0.00000e+00j]
 [ 0.00000e+00+0.00000e+00j -7.01908e-02-1.30201e+00j
   5.43788e-05+2.53016e-04j -1.14104e+00-5.54784e-02j
   0.00000e+00+0.00000e+00j  1.43971e-04+2.53008e-05j
   2.93854e-03+4.43127e-02j -1.10232e-04+5.68298e-05j]
 [ 0.00000e+00+0.00000e+00j -7.01908e-02+1.30201e+00j
   5.43788e-05-2.53016e-04j -1.14104e+00+5.54784e-02j
   0.00000e+00+0.00000e+00j  1.43971e-04-2.53008e-05j
   2.93854e-03-4.43127e-02j -1.10232e-04-5.68298e-05j]]
rhopert. proj. to VL = 
 [[-9.41688e+00-4.29259e-01j  0.00000e+00+0.00000e+00j
   0.00000e+00+0.00000e+00j  0.00000e+00+0.00000e+00j
  -6.99318e-05+1.53432e-03j  0.00000e+00+0.00000e+00j
   0.00000e+00+0.00000e+00j  0.00000e+00+0.00000e+00j]
 [-9.41688e+00+4.29259e-01j  0.00000e+00+0.00000e+00j
   0.00000e+00+0.00000e+00j  0.00000e+00+0.00000e+00j
  -6.99318e-05-1.53432e-03j  0.00000e+00+0.00000e+00j
   0.00000e+00+0.00000e+00j  0.00000e+00+0.00000e+00j]
 [-1.05626e+01+1.40715e-02j  0.00000e+00+0.00000e+00j
   0.00000e+00+0.00000e+00j  0.00000e+00+0.00000e+00j
   0.00000e+00+0.00000e+00j  0.00000e+00+0.00000e+00j
   0.00000e+00+0.00000e+00j  0.00000e+00+0.00000e+00j]
 [-1.03576e+01-3.23704e-02j  0.00000e+00+0.00000e+00j
   0.00000e+00+0.00000e+00j  0.00000e+00+0.00000e+00j
   0.00000e+00+0.00000e+00j  0.00000e+00+0.00000e+00j
   0.00000e+00+0.00000e+00j  0.00000e+00+0.00000e+00j]
 [-9.68908e+00+1.20320e-03j  0.00000e+00+0.00000e+00j
   0.00000e+00+0.00000e+00j  0.00000e+00+0.00000e+00j
   0.00000e+00+0.00000e+00j  0.00000e+00+0.00000e+00j
   0.00000e+00+0.00000e+00j  0.00000e+00+0.00000e+00j]
 [-1.03576e+01+3.23701e-02j  0.00000e+00+0.00000e+00j
   0.00000e+00+0.00000e+00j  0.00000e+00+0.00000e+00j
   0.00000e+00+0.00000e+00j  0.00000e+00+0.00000e+00j
   0.00000e+00+0.00000e+00j  0.00000e+00+0.00000e+00j]
 [-1.05625e+01-1.40712e-02j  0.00000e+00+0.00000e+00j
   0.00000e+00+0.00000e+00j  0.00000e+00+0.00000e+00j
   0.00000e+00+0.00000e+00j  0.00000e+00+0.00000e+00j
   0.00000e+00+0.00000e+00j  0.00000e+00+0.00000e+00j]
 [-1.30193e+01-3.10300e-02j  0.00000e+00+0.00000e+00j
   0.00000e+00+0.00000e+00j  0.00000e+00+0.00000e+00j
   0.00000e+00+0.00000e+00j  0.00000e+00+0.00000e+00j
   0.00000e+00+0.00000e+00j  0.00000e+00+0.00000e+00j]
 [ 0.00000e+00+0.00000e+00j -9.13298e-03-4.18916e-02j
   0.00000e+00+0.00000e+00j  4.76923e-02+1.05187e-02j
   0.00000e+00+0.00000e+00j  2.86041e-04+3.96909e-05j
  -3.24745e-03-1.77303e-03j  4.18877e-04+2.51236e-04j]
 [ 0.00000e+00+0.00000e+00j -9.13298e-03+4.18916e-02j
   0.00000e+00+0.00000e+00j  4.76923e-02-1.05187e-02j
   0.00000e+00+0.00000e+00j  2.86041e-04-3.96909e-05j
  -3.24745e-03+1.77303e-03j  4.18877e-04-2.51236e-04j]]
ob. of pert:
 [[-4.30660e-01  0.00000e+00  0.00000e+00  0.00000e+00  0.00000e+00
   0.00000e+00  0.00000e+00 -5.24590e-06]
 [ 0.00000e+00 -2.15330e-01  0.00000e+00  0.00000e+00  0.00000e+00
   0.00000e+00  0.00000e+00  0.00000e+00]
 [ 0.00000e+00  0.00000e+00 -2.15330e-01  0.00000e+00  0.00000e+00
   0.00000e+00  0.00000e+00  0.00000e+00]
 [ 0.00000e+00  0.00000e+00  0.00000e+00 -2.15330e-01 -1.04918e-05
   0.00000e+00  0.00000e+00  0.00000e+00]
 [ 0.00000e+00  0.00000e+00  0.00000e+00 -5.24590e-06 -4.30660e-01
   0.00000e+00  0.00000e+00  0.00000e+00]
 [ 0.00000e+00  0.00000e+00  0.00000e+00  0.00000e+00  0.00000e+00
  -2.15330e-01  0.00000e+00  0.00000e+00]
 [ 0.00000e+00  0.00000e+00  0.00000e+00  0.00000e+00  0.00000e+00
   0.00000e+00 -2.15330e-01  0.00000e+00]
 [ 0.00000e+00  0.00000e+00  0.00000e+00  0.00000e+00  0.00000e+00
   0.00000e+00  0.00000e+00 -2.15330e-01]]

mode  0  with rate  -1655390.2898031895
pert. and ob.:
 [[ 0.00000e+00 -7.02018e-05 -3.86806e-08  0.00000e+00  7.76762e-07
  -3.15290e-07 -1.63754e-02 -6.28378e-05]
 [ 0.00000e+00  0.00000e+00  0.00000e+00  0.00000e+00  0.00000e+00
   0.00000e+00  0.00000e+00  0.00000e+00]
 [ 0.00000e+00  0.00000e+00  0.00000e+00  0.00000e+00  1.20946e-07
   0.00000e+00  0.00000e+00  0.00000e+00]
 [ 0.00000e+00  0.00000e+00  0.00000e+00  0.00000e+00 -1.39280e-06
   0.00000e+00  0.00000e+00  0.00000e+00]
 [ 0.00000e+00  0.00000e+00 -1.09441e-06  3.25541e-08 -5.32329e-04
   0.00000e+00  0.00000e+00  0.00000e+00]
 [ 0.00000e+00  0.00000e+00  0.00000e+00  0.00000e+00  6.79897e-07
   0.00000e+00  0.00000e+00  0.00000e+00]
 [ 0.00000e+00  0.00000e+00  0.00000e+00  0.00000e+00  0.00000e+00
   0.00000e+00  2.57466e-08  0.00000e+00]
 [ 0.00000e+00  0.00000e+00  0.00000e+00  0.00000e+00  0.00000e+00
   0.00000e+00  0.00000e+00  0.00000e+00]]

mode  1  with rate  -1654235.8702626482
pert. and ob.:
 [[ 0.00000e+00 -7.02018e-05 -3.86484e-08  0.00000e+00  7.90891e-07
  -3.15374e-07 -1.63754e-02 -6.28377e-05]
 [ 0.00000e+00  0.00000e+00  0.00000e+00  0.00000e+00  0.00000e+00
   0.00000e+00  0.00000e+00  0.00000e+00]
 [ 0.00000e+00  0.00000e+00  0.00000e+00  0.00000e+00  1.20881e-07
   0.00000e+00  0.00000e+00  0.00000e+00]
 [ 0.00000e+00  0.00000e+00  0.00000e+00  0.00000e+00 -1.39283e-06
   0.00000e+00  0.00000e+00  0.00000e+00]
 [ 0.00000e+00  0.00000e+00 -1.09441e-06  3.25541e-08 -5.32329e-04
   0.00000e+00  0.00000e+00  0.00000e+00]
 [ 0.00000e+00  0.00000e+00  0.00000e+00  0.00000e+00  6.79900e-07
   0.00000e+00  0.00000e+00  0.00000e+00]
 [ 0.00000e+00  0.00000e+00  0.00000e+00  0.00000e+00  0.00000e+00
   0.00000e+00  2.57466e-08  0.00000e+00]
 [ 0.00000e+00  0.00000e+00  0.00000e+00  0.00000e+00  0.00000e+00
   0.00000e+00  0.00000e+00  0.00000e+00]]

mode  2  with rate  906637.8072165379
pert. and ob.:
 [[ 1.59718e-07 -5.08309e-06 -2.70938e-07  3.87599e-06  1.06678e-06
  -1.76340e-06 -9.14062e-03  1.92678e-05]
 [ 0.00000e+00  0.00000e+00  0.00000e+00  0.00000e+00  0.00000e+00
   0.00000e+00  0.00000e+00  0.00000e+00]
 [ 0.00000e+00  0.00000e+00  0.00000e+00  0.00000e+00  0.00000e+00
   0.00000e+00  0.00000e+00  0.00000e+00]
 [ 0.00000e+00  0.00000e+00  0.00000e+00  0.00000e+00  0.00000e+00
   0.00000e+00  0.00000e+00  0.00000e+00]
 [ 0.00000e+00  0.00000e+00  0.00000e+00  0.00000e+00  2.75459e-08
   0.00000e+00  0.00000e+00  0.00000e+00]
 [ 0.00000e+00  0.00000e+00  0.00000e+00  0.00000e+00  0.00000e+00
   0.00000e+00  0.00000e+00  0.00000e+00]
 [ 0.00000e+00  0.00000e+00  0.00000e+00  0.00000e+00  0.00000e+00
   0.00000e+00  0.00000e+00  0.00000e+00]
 [ 0.00000e+00  0.00000e+00  0.00000e+00  0.00000e+00  0.00000e+00
   0.00000e+00  0.00000e+00  0.00000e+00]]

mode  3  with rate  -809918.2392115036
pert. and ob.:
 [[-7.49598e-08 -1.89483e-05  3.18659e-08 -1.59497e-07  1.13030e-07
  -1.40412e-06 -8.37051e-03  2.28518e-05]
 [ 0.00000e+00  0.00000e+00  0.00000e+00  0.00000e+00  0.00000e+00
   0.00000e+00  0.00000e+00  0.00000e+00]
 [ 0.00000e+00  0.00000e+00  0.00000e+00  0.00000e+00  0.00000e+00
   0.00000e+00  0.00000e+00  0.00000e+00]
 [ 0.00000e+00  0.00000e+00  0.00000e+00  0.00000e+00  0.00000e+00
   0.00000e+00  0.00000e+00  0.00000e+00]
 [ 0.00000e+00  0.00000e+00  0.00000e+00  0.00000e+00  7.93247e-08
   0.00000e+00  0.00000e+00  0.00000e+00]
 [ 0.00000e+00  0.00000e+00  0.00000e+00  0.00000e+00  0.00000e+00
   0.00000e+00  0.00000e+00  0.00000e+00]
 [ 0.00000e+00  0.00000e+00  0.00000e+00  0.00000e+00  0.00000e+00
   0.00000e+00  0.00000e+00  0.00000e+00]
 [ 0.00000e+00  0.00000e+00  0.00000e+00  0.00000e+00  0.00000e+00
   0.00000e+00  0.00000e+00  0.00000e+00]]

mode  4  with rate  -768236.7817511766
pert. and ob.:
 [[ 8.71574e-07 -1.32996e-05  8.10230e-07  7.90891e-06  2.52040e-06
   3.24905e-06  3.82531e-03 -2.57645e-05]
 [ 0.00000e+00  0.00000e+00  0.00000e+00  0.00000e+00  0.00000e+00
   0.00000e+00  0.00000e+00  0.00000e+00]
 [ 0.00000e+00  0.00000e+00  0.00000e+00  0.00000e+00  0.00000e+00
   0.00000e+00  0.00000e+00  0.00000e+00]
 [ 0.00000e+00  0.00000e+00  0.00000e+00  0.00000e+00  0.00000e+00
   0.00000e+00  0.00000e+00  0.00000e+00]
 [ 0.00000e+00  0.00000e+00  0.00000e+00  0.00000e+00  0.00000e+00
   0.00000e+00  0.00000e+00  0.00000e+00]
 [ 0.00000e+00  0.00000e+00  0.00000e+00  0.00000e+00  0.00000e+00
   0.00000e+00  0.00000e+00  0.00000e+00]
 [ 0.00000e+00  0.00000e+00  0.00000e+00  0.00000e+00  0.00000e+00
   0.00000e+00  0.00000e+00  0.00000e+00]
 [ 0.00000e+00  0.00000e+00  0.00000e+00  0.00000e+00  0.00000e+00
   0.00000e+00  0.00000e+00  0.00000e+00]]

mode  5  with rate  -713479.1646331832
pert. and ob.:
 [[ 7.44971e-08 -1.89482e-05  3.44831e-08 -1.59459e-07  1.39540e-07
  -1.40411e-06 -8.37048e-03  2.28516e-05]
 [ 0.00000e+00  0.00000e+00  0.00000e+00  0.00000e+00  0.00000e+00
   0.00000e+00  0.00000e+00  0.00000e+00]
 [ 0.00000e+00  0.00000e+00  0.00000e+00  0.00000e+00  0.00000e+00
   0.00000e+00  0.00000e+00  0.00000e+00]
 [ 0.00000e+00  0.00000e+00  0.00000e+00  0.00000e+00  0.00000e+00
   0.00000e+00  0.00000e+00  0.00000e+00]
 [ 0.00000e+00  0.00000e+00  0.00000e+00  0.00000e+00  7.93241e-08
   0.00000e+00  0.00000e+00  0.00000e+00]
 [ 0.00000e+00  0.00000e+00  0.00000e+00  0.00000e+00  0.00000e+00
   0.00000e+00  0.00000e+00  0.00000e+00]
 [ 0.00000e+00  0.00000e+00  0.00000e+00  0.00000e+00  0.00000e+00
   0.00000e+00  0.00000e+00  0.00000e+00]
 [ 0.00000e+00  0.00000e+00  0.00000e+00  0.00000e+00  0.00000e+00
   0.00000e+00  0.00000e+00  0.00000e+00]]

mode  6  with rate  703740.7414823391
pert. and ob.:
 [[-3.11017e-07 -5.08065e-06 -2.55376e-07  3.87566e-06  9.53367e-07
  -1.76317e-06 -9.13998e-03  1.92656e-05]
 [ 0.00000e+00  0.00000e+00  0.00000e+00  0.00000e+00  0.00000e+00
   0.00000e+00  0.00000e+00  0.00000e+00]
 [ 0.00000e+00  0.00000e+00  0.00000e+00  0.00000e+00  0.00000e+00
   0.00000e+00  0.00000e+00  0.00000e+00]
 [ 0.00000e+00  0.00000e+00  0.00000e+00  0.00000e+00  0.00000e+00
   0.00000e+00  0.00000e+00  0.00000e+00]
 [ 0.00000e+00  0.00000e+00  0.00000e+00  0.00000e+00  2.75453e-08
   0.00000e+00  0.00000e+00  0.00000e+00]
 [ 0.00000e+00  0.00000e+00  0.00000e+00  0.00000e+00  0.00000e+00
   0.00000e+00  0.00000e+00  0.00000e+00]
 [ 0.00000e+00  0.00000e+00  0.00000e+00  0.00000e+00  0.00000e+00
   0.00000e+00  0.00000e+00  0.00000e+00]
 [ 0.00000e+00  0.00000e+00  0.00000e+00  0.00000e+00  0.00000e+00
   0.00000e+00  0.00000e+00  0.00000e+00]]

mode  7  with rate  624582.8316988354
pert. and ob.:
 [[ 1.44536e-07  1.31134e-05 -8.38259e-08  1.11111e-06  3.09591e-07
   1.60570e-07  2.51479e-03 -4.24111e-05]
 [ 0.00000e+00  0.00000e+00  0.00000e+00  0.00000e+00  0.00000e+00
   0.00000e+00  0.00000e+00  0.00000e+00]
 [ 0.00000e+00  0.00000e+00  0.00000e+00  0.00000e+00  0.00000e+00
   0.00000e+00  0.00000e+00  0.00000e+00]
 [ 0.00000e+00  0.00000e+00  0.00000e+00  0.00000e+00  0.00000e+00
   0.00000e+00  0.00000e+00  0.00000e+00]
 [ 0.00000e+00  0.00000e+00  0.00000e+00  0.00000e+00  0.00000e+00
   0.00000e+00  0.00000e+00  0.00000e+00]
 [ 0.00000e+00  0.00000e+00  0.00000e+00  0.00000e+00  0.00000e+00
   0.00000e+00  0.00000e+00  0.00000e+00]
 [ 0.00000e+00  0.00000e+00  0.00000e+00  0.00000e+00  0.00000e+00
   0.00000e+00  0.00000e+00  0.00000e+00]
 [ 0.00000e+00  0.00000e+00  0.00000e+00  0.00000e+00  0.00000e+00
   0.00000e+00  0.00000e+00  0.00000e+00]]

mode  8  with rate  -529897.4476740459
pert. and ob.:
 [[ 0.00000e+00 -7.21721e-07  0.00000e+00  1.19943e-06  0.00000e+00
   0.00000e+00  2.39689e-08  0.00000e+00]
 [ 0.00000e+00 -5.39023e-02  1.01026e-05  8.09703e-03 -5.93332e-07
  -2.54991e-07  1.82949e-03  3.38743e-06]
 [ 0.00000e+00  7.64315e-06  0.00000e+00  2.10297e-05  0.00000e+00
   0.00000e+00 -2.70127e-07  0.00000e+00]
 [ 0.00000e+00  1.03479e-02 -6.79445e-08 -5.38354e-02 -1.36772e-06
   6.60016e-06 -3.25966e-04 -5.85497e-06]
 [ 0.00000e+00 -1.59883e-05  0.00000e+00  8.43235e-05  0.00000e+00
  -1.03411e-08  5.03088e-07  0.00000e+00]
 [ 0.00000e+00  3.16006e-05  0.00000e+00 -3.24183e-04  0.00000e+00
   4.01773e-08 -9.18268e-07 -3.37864e-08]
 [ 0.00000e+00 -2.08057e-03  2.72012e-07  3.60711e-03  7.04654e-08
  -4.22678e-07  6.90251e-05  4.58732e-07]
 [ 0.00000e+00  2.97712e-04 -4.07887e-08 -4.64018e-04  0.00000e+00
   5.39496e-08 -9.90208e-06 -6.04512e-08]]

mode  9  with rate  -529897.447669053
pert. and ob.:
 [[ 0.00000e+00 -7.21724e-07  0.00000e+00  1.19943e-06  0.00000e+00
   0.00000e+00  2.39690e-08  0.00000e+00]
 [ 0.00000e+00 -5.39023e-02  1.01026e-05  8.09703e-03 -5.93332e-07
  -2.54991e-07  1.82949e-03  3.38743e-06]
 [ 0.00000e+00  7.64315e-06  0.00000e+00  2.10297e-05  0.00000e+00
   0.00000e+00 -2.70127e-07  0.00000e+00]
 [ 0.00000e+00  1.03479e-02 -6.79434e-08 -5.38354e-02 -1.36772e-06
   6.60016e-06 -3.25966e-04 -5.85497e-06]
 [ 0.00000e+00 -1.59883e-05  0.00000e+00  8.43235e-05  0.00000e+00
  -1.03411e-08  5.03088e-07  0.00000e+00]
 [ 0.00000e+00  3.16006e-05  0.00000e+00 -3.24183e-04  0.00000e+00
   4.01773e-08 -9.18268e-07 -3.37864e-08]
 [ 0.00000e+00 -2.08057e-03  2.72012e-07  3.60711e-03  7.04654e-08
  -4.22678e-07  6.90251e-05  4.58732e-07]
 [ 0.00000e+00  2.97712e-04 -4.07887e-08 -4.64018e-04  0.00000e+00
   5.39496e-08 -9.90208e-06 -6.04512e-08]]

do real-space simulations
2799  (of  5600 ) modes are considered in real-space simulation
2799  (of  5600 ) modes are considered in real-space simulation
2799  (of  5600 ) modes are considered in real-space simulation
2799  (of  5600 ) modes are considered in real-space simulation
2  (of  5600 ) modes are considered in real-space simulation
2799  (of  5600 ) modes are considered in real-space simulation
2801  (of  5600 ) modes are considered in real-space simulation
2799  (of  5600 ) modes are considered in real-space simulation
2801  (of  5600 ) modes are considered in real-space simulation

time for diffusion length:  31.895023353397846

##################################################
solving approximate diffusion lengths
##################################################

--------------------------------------------------
Rayleigh-Ritz method:
--------------------------------------------------
Rayleigh-Ritz ( 2  vec.,  sx vsx ) diffusion length in micro-meter:
 [ 19.7008  -19.69264]
precession frequency: [6.08379e-17 5.89090e-18]

Rayleigh-Ritz ( 2  vec.,  sz vsz ) diffusion length in micro-meter:
 [-15.13301  15.13301]
precession frequency: [-5.30919e-17 -2.56013e-17]

Rayleigh-Ritz ( 2  vec.,  sx vsx, with Left ) diffusion length in micro-meter:
 [ 20.33295 -20.33281]
precession frequency: [1.86258e-17 1.14356e-16]

Rayleigh-Ritz ( 2  vec.,  sz vsz, with Left ) diffusion length in micro-meter:
 [ 15.62224 -15.62184]
precession frequency: [-4.09919e-17 -4.09211e-17]

Rayleigh-Ritz ( 4  vec.,  sxy vsxy ) diffusion length in micro-meter:
 [ 19.70088 -19.69446 -19.69233  19.68594]
precession frequency: [ 5.87036e-17 -1.78461e-17  4.00427e-18 -2.49220e-17]

Rayleigh-Ritz ( 4  vec.,  sxz vsxz ) diffusion length in micro-meter:
 [ 18.41538  18.41538 -18.41181 -18.41181]
precession frequency: [ 1.06549e-06 -1.06549e-06  1.06595e-06 -1.06595e-06]

Rayleigh-Ritz ( 4  vec.,  sxz vsxz, with Left ) diffusion length in micro-meter:
 [ 22.43764  22.43764 -22.43744 -22.43744]
precession frequency: [-1.80113e-06  1.80113e-06  1.80118e-06 -1.80118e-06]

Rayleigh-Ritz ( 6  vec.,  s vs ) diffusion length in micro-meter:
 [ 19.69275 -19.69269 -19.32896 -19.32896  19.32894  19.32894]
precession frequency: [ 4.74833e-18 -6.40061e-18 -1.37866e-06  1.37866e-06 -1.37867e-06
  1.37867e-06]

Rayleigh-Ritz ( 6  vec.,  s vs, with Left ) diffusion length in micro-meter:
 [ 27.6035   27.6035  -27.60342 -27.60342 -20.34512  20.34512]
precession frequency: [ 2.26521e-06 -2.26521e-06 -2.26519e-06  2.26519e-06  1.81492e-19
  1.29568e-19]

time for Rayleigh-Ritz method:  6.33505679666996

##################################################
more diffusion length analysis for gr-bn:
##################################################
time for more diffusion length analysis for gr-bn:  3.431132834404707

time for approximate diffusion length:  9.766196956858039
total time:  158.6627645548433
